78 significant shell pairs computed in 0.000112 seconds
0
Computed Electron repulsion integrals Integrals in parallel in 0.285645 seconds

 ******************************************************************************************
 *            QuAcK                       QuAcK                         QuAcK             *
 *   __        __        __       __        __        __       __        __        __     *
 * <(o )___  <(o )___  <(o )___ <(o )___  <(o )___  <(o )___ <(o )___  <(o )___  <(o )___ *
 * ( ._> /   ( ._> /   ( ._> /  ( ._> /   ( ._> /   ( ._> /  ( ._> /   ( ._> /   ( ._> /  *
 *|--------------------------------------------------------------------------------------|*
 ******************************************************************************************

      ----------------------
             Number of atoms                3
      ----------------------

      ----------------------
Number of spin-up   electron                3
Number of spin-down electron                3
    Total number of electron                6
      ----------------------

      ----------------------
Number of core      electron                0
Number of Rydberg   electron                0
      ----------------------

          ------------------
          Molecular geometry
          ------------------
                    Atom n.                 1
                        Z =      4.0000000000
           Atom coordinates:     0.0000000000    0.0000000000    0.0000000000
                    Atom n.                 2
                        Z =      1.0000000000
           Atom coordinates:     0.0000000000    0.0000000000    3.2125344133
                    Atom n.                 3
                        Z =      1.0000000000
           Atom coordinates:     0.0000000000    0.0000000000   -3.2125344133

          ------------------
 Nuclear repulsion energy =      2.6458860533
          ------------------

          Gaussian basis set
          ------------------
                    Atom n.                 1
           number of shells                 6
          ------------------
      s-type shell with K =                 9
                                    Exponents     Contraction
                              2940.0000000000    0.0006800000
                               441.2000000000    0.0052360000
                               100.5000000000    0.0266060000
                                28.4300000000    0.0999930000
                                 9.1690000000    0.2697020000
                                 3.1960000000    0.4514690000
                                 1.1590000000    0.2950740000
                                 0.1811000000    0.0125870000
                                 0.0589000000   -0.0037560000
      s-type shell with K =                 9
                                    Exponents     Contraction
                              2940.0000000000   -0.0001230000
                               441.2000000000   -0.0009660000
                               100.5000000000   -0.0048310000
                                28.4300000000   -0.0193140000
                                 9.1690000000   -0.0532800000
                                 3.1960000000   -0.1207230000
                                 1.1590000000   -0.1334350000
                                 0.1811000000    0.5307670000
                                 0.0589000000    0.5801170000
      s-type shell with K =                 1
                                    Exponents     Contraction
                                 0.0589000000    1.0000000000
      p-type shell with K =                 4
                                    Exponents     Contraction
                                 3.6190000000    0.0291110000
                                 0.7110000000    0.1693650000
                                 0.1951000000    0.5134580000
                                 0.0601800000    0.4793380000
      p-type shell with K =                 1
                                    Exponents     Contraction
                                 0.0601800000    1.0000000000
      d-type shell with K =                 1
                                    Exponents     Contraction
                                 0.2354000000    1.0000000000
          ------------------
                    Atom n.                 2
           number of shells                 3
          ------------------
      s-type shell with K =                 4
                                    Exponents     Contraction
                                13.0100000000    0.0196850000
                                 1.9620000000    0.1379770000
                                 0.4446000000    0.4781480000
                                 0.1220000000    0.5012400000
      s-type shell with K =                 1
                                    Exponents     Contraction
                                 0.1220000000    1.0000000000
      p-type shell with K =                 1
                                    Exponents     Contraction
                                 0.7270000000    1.0000000000
          ------------------
                    Atom n.                 3
           number of shells                 3
          ------------------
      s-type shell with K =                 4
                                    Exponents     Contraction
                                13.0100000000    0.0196850000
                                 1.9620000000    0.1379770000
                                 0.4446000000    0.4781480000
                                 0.1220000000    0.5012400000
      s-type shell with K =                 1
                                    Exponents     Contraction
                                 0.1220000000    1.0000000000
      p-type shell with K =                 1
                                    Exponents     Contraction
                                 0.7270000000    1.0000000000
          ------------------
            Number of shells               12
          ------------------

          ------------------
   Number of basis functions               25
          ------------------

 Scaling integrals by    1.0000000000000000     

                          Total CPU time for reading integrals =      0.023 seconds


 ************************************************
 |    Restricted Hartree-Fock calculation       |
 ************************************************


 ----------------------------------------------------
 | RHF calculation                                  |
 ----------------------------------------------------
 |   # |        HF energy |       Conv |     HL Gap |
 ----------------------------------------------------
 |   1 |   -15.7246755053 |   0.137317 |   1.457345 |
 |   2 |   -15.7339418021 |   0.080544 |   1.465012 |
 |   3 |   -15.7308343731 |   0.054172 |   1.464376 |
 |   4 |   -15.7269744567 |   0.036990 |   1.462670 |
 |   5 |   -15.7240766569 |   0.026088 |   1.461357 |
 |   6 |   -15.7220849243 |   0.018826 |   1.460520 |
 |   7 |   -15.7207390876 |   0.013609 |   1.460013 |
 |   8 |   -15.7198298233 |   0.009871 |   1.459708 |
 |   9 |   -15.7192136918 |   0.007205 |   1.459523 |
 |  10 |   -15.7187950993 |   0.005317 |   1.459409 |
 |  11 |   -15.7185102245 |   0.003936 |   1.459336 |
 |  12 |   -15.7183161622 |   0.002936 |   1.459290 |
 |  13 |   -15.7181838994 |   0.002199 |   1.459260 |
 |  14 |   -15.7180937409 |   0.001649 |   1.459240 |
 |  15 |   -15.7180322860 |   0.001237 |   1.459227 |
 |  16 |   -15.7179904048 |   0.000929 |   1.459218 |
 |  17 |   -15.7179618731 |   0.000697 |   1.459212 |
 |  18 |   -15.7179424455 |   0.000524 |   1.459207 |
 |  19 |   -15.7179292262 |   0.000393 |   1.459205 |
 |  20 |   -15.7179202392 |   0.000295 |   1.459203 |
 |  21 |   -15.7179141365 |   0.000222 |   1.459201 |
 |  22 |   -15.7179099984 |   0.000167 |   1.459201 |
 |  23 |   -15.7179071974 |   0.000125 |   1.459200 |
 |  24 |   -15.7179053056 |   0.000094 |   1.459200 |
 |  25 |   -15.7179040314 |   0.000071 |   1.459199 |
 |  26 |   -15.7179031759 |   0.000053 |   1.459199 |
 |  27 |   -15.7179026038 |   0.000040 |   1.459199 |
 |  28 |   -15.7179022231 |   0.000030 |   1.459199 |
 |  29 |   -15.7179019713 |   0.000022 |   1.459199 |
 |  30 |   -15.7179018059 |   0.000017 |   1.459199 |
 |  31 |   -15.7179016982 |   0.000013 |   1.459199 |
 |  32 |   -15.7179016289 |   0.000009 |   1.459199 |
 |  33 |   -15.7179015850 |   0.000007 |   1.459199 |
 |  34 |   -15.7179015577 |   0.000005 |   1.459199 |
 |  35 |   -15.7179015412 |   0.000004 |   1.459199 |
 |  36 |   -15.7179015316 |   0.000003 |   1.459199 |
 |  37 |   -15.7179015264 |   0.000002 |   1.459199 |
 |  38 |   -15.7179015238 |   0.000002 |   1.459199 |
 |  39 |   -15.7179015229 |   0.000001 |   1.459199 |
 |  40 |   -15.7179015228 |   0.000001 |   1.459199 |
 |  41 |   -15.7179015233 |   0.000001 |   1.459199 |
 |  42 |   -15.7179015240 |   0.000001 |   1.459199 |
 |  43 |   -15.7179015247 |   0.000000 |   1.459199 |
 |  44 |   -15.7179015255 |   0.000000 |   1.459199 |
 |  45 |   -15.7179015262 |   0.000000 |   1.459199 |
 |  46 |   -15.7179015268 |   0.000000 |   1.459199 |
 |  47 |   -15.7179015273 |   0.000000 |   1.459199 |
 |  48 |   -15.7179015197 |   0.000000 |   0.459199 |
 ----------------------------------------------------

         -----------------------------------------
           Summary              
         -----------------------------------------
           One-electron energy:    -25.5085253277 au
           Kinetic      energy:     15.3114341199 au
           Potential    energy:    -40.8199594475 au
         -----------------------------------------
           Two-electron energy:      7.1447377546 au
           Hartree      energy:     10.4521598693 au
           Exchange     energy:     -3.3074221147 au
         -----------------------------------------
           Electronic   energy:    -18.3637875730 au
           Nuclear   repulsion:      2.6458860533 au
           RHF          energy:    -15.7179015197 au
         -----------------------------------------
           HF HOMO      energy:        -10.939154 eV
           HF LUMO      energy:          1.556282 eV
           HF HOMO-LUMO gap   :         12.495435 eV
         -----------------------------------------
          Dipole moment (Debye)    
                   X         Y         Z      Tot.
           -0.000000  0.000000  0.000000  0.000000
         -----------------------------------------

           ---------------------------------------
                 MO coefficients
           ---------------------------------------
                 1              2              3              4              5
      1    -1.00096253     0.01282237     0.00000000     0.00000000     0.00000000
      2    -0.00940743    -0.68255497     0.00000000     0.00000000     0.00000000
      3     0.00351214     0.17046853     0.00000000     0.00000000     0.00000000
      4     0.00000000     0.00000000     0.00000000     0.44921156    -0.05038762
      5     0.00000000     0.00000000     0.00000000     0.05038762     0.44921156
      6     0.00000000     0.00000000    -0.54233569     0.00000000     0.00000000
      7     0.00000000     0.00000000     0.00000000     0.57899912    -0.06494576
      8     0.00000000     0.00000000     0.00000000     0.06494576     0.57899912
      9     0.00000000     0.00000000     0.12257880     0.00000000     0.00000000
     10     0.00265932     0.02215611     0.00000000     0.00000000     0.00000000
     11     0.00000000     0.00000000     0.00000000     0.00000000     0.00000000
     12     0.00000000     0.00000000     0.00000000     0.00000000     0.00000000
     13     0.00265932     0.02215611     0.00000000     0.00000000     0.00000000
     14     0.00000000     0.00000000     0.00000000     0.00000000     0.00000000
     15     0.00219221    -0.05990876     0.00000000     0.00000000     0.00000000
     16    -0.00065484    -0.41300733    -0.48718083     0.00000000     0.00000000
     17     0.00004531     0.01744141     0.03467613     0.00000000     0.00000000
     18     0.00000000     0.00000000     0.00000000     0.00940930    -0.00105543
     19     0.00000000     0.00000000     0.00000000     0.00105543     0.00940930
     20     0.00024198     0.00839665     0.01051273     0.00000000     0.00000000
     21    -0.00065484    -0.41300733     0.48718083     0.00000000     0.00000000
     22     0.00004531     0.01744141    -0.03467613     0.00000000     0.00000000
     23     0.00000000     0.00000000     0.00000000     0.00940930    -0.00105543
     24     0.00000000     0.00000000     0.00000000     0.00105543     0.00940930
     25    -0.00024198    -0.00839665     0.01051273     0.00000000     0.00000000
                 6              7              8              9             10
      1     0.08079755     0.00000000    -0.54637320     0.00000000     0.00000000
      2    -0.22301044     0.00000000    -2.79320150     0.00000000     0.00000000
      3    -1.35205633     0.00000000     3.40973918     0.00000000     0.00000000
      4     0.00000000     0.00000000     0.00000000     0.65119029    -1.76713493
      5     0.00000000     0.00000000     0.00000000     1.76713493     0.65119029
      6     0.00000000     0.59718373     0.00000000     0.00000000     0.00000000
      7     0.00000000     0.00000000     0.00000000    -0.64007196     1.73696312
      8     0.00000000     0.00000000     0.00000000    -1.73696312    -0.64007196
      9     0.00000000    -2.80009660     0.00000000     0.00000000     0.00000000
     10    -0.00247107     0.00000000    -0.22977608     0.00000000     0.00000000
     11     0.00000000     0.00000000     0.00000000     0.00000000     0.00000000
     12     0.00000000     0.00000000     0.00000000     0.00000000     0.00000000
     13    -0.00247107     0.00000000    -0.22977608     0.00000000     0.00000000
     14     0.00000000     0.00000000     0.00000000     0.00000000     0.00000000
     15     0.01425503     0.00000000    -0.24597379     0.00000000     0.00000000
     16     0.31179671     0.14372324    -0.01193048     0.00000000     0.00000000
     17     0.68174841     1.26632953     0.01960913     0.00000000     0.00000000
     18     0.00000000     0.00000000     0.00000000     0.00479442    -0.01301060
     19     0.00000000     0.00000000     0.00000000     0.01301060     0.00479442
     20    -0.00166243    -0.01930276     0.00387855     0.00000000     0.00000000
     21     0.31179671    -0.14372324    -0.01193048     0.00000000     0.00000000
     22     0.68174841    -1.26632953     0.01960913     0.00000000     0.00000000
     23     0.00000000     0.00000000     0.00000000     0.00479442    -0.01301060
     24     0.00000000     0.00000000     0.00000000     0.01301060     0.00479442
     25     0.00166243    -0.01930276    -0.00387855     0.00000000     0.00000000
                11             12             13             14             15
      1     0.00000000     0.10050284     0.00000000     0.00000000     0.00000000
      2     0.00000000     0.74175925     0.00000000     0.00000000     0.00000000
      3     0.00000000    -1.93352129     0.00000000     0.00000000     0.00000000
      4     0.00000000     0.00000000     0.00000000     0.00000000     0.00000000
      5     0.00000000     0.00000000     0.00000000     0.00000000     0.00000000
      6     1.78754456     0.00000000     0.00000000     0.00000000     0.00000000
      7     0.00000000     0.00000000     0.00000000     0.00000000     0.00000000
      8     0.00000000     0.00000000     0.00000000     0.00000000     0.00000000
      9     0.11632228     0.00000000     0.00000000     0.00000000     0.00000000
     10     0.00000000     0.34290350     0.00000000     0.00000000    -0.00128315
     11     0.00000000     0.00000000     0.00000000     0.00000000     0.99999890
     12     0.00000000     0.00000000     0.94616097    -0.15812760     0.00000000
     13     0.00000000     0.34290350     0.00000000     0.00000000     0.00128315
     14     0.00000000     0.00000000    -0.15812760    -0.94616097     0.00000000
     15     0.00000000    -0.96822166     0.00000000     0.00000000     0.00000000
     16    -0.11090088    -0.86240734     0.00000000     0.00000000     0.00000000
     17    -1.27891448     1.92131913     0.00000000     0.00000000     0.00000000
     18     0.00000000     0.00000000     0.06966839    -0.01164336     0.00000000
     19     0.00000000     0.00000000    -0.01164336    -0.06966839     0.00000000
     20    -0.03656261    -0.06525733     0.00000000     0.00000000     0.00000000
     21     0.11090088    -0.86240734     0.00000000     0.00000000     0.00000000
     22     1.27891448     1.92131913     0.00000000     0.00000000     0.00000000
     23     0.00000000     0.00000000    -0.06966839     0.01164336     0.00000000
     24     0.00000000     0.00000000     0.01164336     0.06966839     0.00000000
     25    -0.03656261     0.06525733     0.00000000     0.00000000     0.00000000
                16             17             18             19             20
      1     0.00000000     0.00000000     0.26700093    -0.44081330     0.00000000
      2     0.00000000     0.00000000     2.73971364    -3.56797091     0.00000000
      3     0.00000000     0.00000000    -0.79923144     1.14461095     0.00000000
      4     0.00000000     0.00000000     0.00000000     0.00000000     0.04659050
      5     0.00000000     0.00000000     0.00000000     0.00000000     0.16387944
      6     0.00000000    -0.26134518     0.00000000     0.00000000     0.00000000
      7     0.00000000     0.00000000     0.00000000     0.00000000     0.00791407
      8     0.00000000     0.00000000     0.00000000     0.00000000     0.02783729
      9     0.00000000     1.92963907     0.00000000     0.00000000     0.00000000
     10     0.86602445     0.00000000    -1.26920219     0.83164920     0.00000000
     11     0.00148165     0.00000000     0.00000000     0.00000000     0.00000000
     12     0.00000000     0.00000000     0.00000000     0.00000000     0.00000000
     13    -0.86602445     0.00000000    -1.26920219     0.83164920     0.00000000
     14     0.00000000     0.00000000     0.00000000     0.00000000     0.00000000
     15     0.00000000     0.00000000    -0.15758395     1.86172691     0.00000000
     16     0.00000000     1.84670234    -0.94006982    -1.28810119     0.00000000
     17     0.00000000    -3.06370237     0.66963562     0.99882405     0.00000000
     18     0.00000000     0.00000000     0.00000000     0.00000000    -0.19639501
     19     0.00000000     0.00000000     0.00000000     0.00000000    -0.69080824
     20     0.00000000    -0.01853247    -0.10281072    -0.08303460     0.00000000
     21     0.00000000    -1.84670234    -0.94006982    -1.28810119     0.00000000
     22     0.00000000     3.06370237     0.66963562     0.99882405     0.00000000
     23     0.00000000     0.00000000     0.00000000     0.00000000    -0.19639501
     24     0.00000000     0.00000000     0.00000000     0.00000000    -0.69080824
     25     0.00000000    -0.01853247     0.10281072     0.08303460     0.00000000
                21             22             23             24             25
      1     0.00000000     0.00000000     0.00000000     0.00000000     0.02319417
      2     0.00000000     0.00000000     0.00000000     0.00000000     0.03137888
      3     0.00000000     0.00000000     0.00000000     0.00000000     0.29242350
      4     0.16387944     0.00000000     0.00000000     0.00000000     0.00000000
      5    -0.04659050     0.00000000     0.00000000     0.00000000     0.00000000
      6     0.00000000     0.00000000     0.00000000    -1.22962092     0.00000000
      7     0.02783729     0.00000000     0.00000000     0.00000000     0.00000000
      8    -0.00791407     0.00000000     0.00000000     0.00000000     0.00000000
      9     0.00000000     0.00000000     0.00000000     0.11650574     0.00000000
     10     0.00000000     0.00000000     0.00000000     0.00000000    -0.20353488
     11     0.00000000     0.00000000     0.00000000     0.00000000     0.00000000
     12     0.00000000    -0.11332077    -0.46887829     0.00000000     0.00000000
     13     0.00000000     0.00000000     0.00000000     0.00000000    -0.20353488
     14     0.00000000    -0.46887829     0.11332077     0.00000000     0.00000000
     15     0.00000000     0.00000000     0.00000000     0.00000000     1.80747198
     16     0.00000000     0.00000000     0.00000000    -0.12960357    -0.94343573
     17     0.00000000     0.00000000     0.00000000     0.83438251    -0.15171579
     18    -0.69080824     0.17758975     0.73479894     0.00000000     0.00000000
     19     0.19639501     0.73479894    -0.17758975     0.00000000     0.00000000
     20     0.00000000     0.00000000     0.00000000    -0.81430252     1.00093544
     21     0.00000000     0.00000000     0.00000000     0.12960357    -0.94343573
     22     0.00000000     0.00000000     0.00000000    -0.83438251    -0.15171579
     23    -0.69080824    -0.17758975    -0.73479894     0.00000000     0.00000000
     24     0.19639501    -0.73479894     0.17758975     0.00000000     0.00000000
     25     0.00000000     0.00000000     0.00000000    -0.81430252    -1.00093544

           ---------------------------------------
                     MO energies
           ---------------------------------------
                 1
      1    -4.75639063
      2    -0.45112779
      3    -0.40200648
      4     0.05719230
      5     0.05719230
      6     0.10991664
      7     0.22900345
      8     0.27015973
      9     0.34100781
     10     0.34100781
     11     0.37352908
     12     0.59879942
     13     0.60248014
     14     0.60248014
     15     0.62615444
     16     0.62615444
     17     0.94268314
     18     1.04382118
     19     1.31412208
     20     1.59433417
     21     1.59433417
     22     1.77397557
     23     1.77397557
     24     1.96038669
     25     2.35451780

                                        Total CPU time for RHF =      0.392 seconds


 AO to MO transformation... Please be patient

                    Total CPU time for AO to MO transformation =      0.671 seconds


 ************************************************
 |          One-shot G0W0 calculation           |
 ************************************************


 -------------------------------------------------------------
   RPA@HF       calculation: singlet        manifold
 -------------------------------------------------------------
 | State |  Excitation energy (au) |  Excitation energy (eV) |
 -------------------------------------------------------------
 |     1 |                0.473699 |               12.890012 |
 |     2 |                0.473699 |               12.890012 |
 |     3 |                0.550818 |               14.988522 |
 |     4 |                0.550818 |               14.988522 |
 |     5 |                0.574732 |               15.639252 |
 |     6 |                0.605005 |               16.463030 |
 |     7 |                0.659920 |               17.957351 |
 |     8 |                0.687273 |               18.701656 |
 |     9 |                0.703244 |               19.136248 |
 |    10 |                0.746897 |               20.324102 |
 |    11 |                0.752373 |               20.473108 |
 |    12 |                0.752373 |               20.473108 |
 |    13 |                0.825067 |               22.451215 |
 |    14 |                0.825067 |               22.451215 |
 |    15 |                0.891466 |               24.258023 |
 |    16 |                0.906788 |               24.674962 |
 |    17 |                1.036055 |               28.192498 |
 |    18 |                1.036055 |               28.192498 |
 |    19 |                1.070627 |               29.133241 |
 |    20 |                1.082987 |               29.469565 |
 -------------------------------------------------------------

  *** Quasiparticle energies obtained by linearization *** 

 -------------------------------------------------------------------------------
   One-shot G0W0 calculation
 -------------------------------------------------------------------------------
 |   # |       e_HF (eV) |      Sig_c (eV) |               Z |       e_QP (eV) |
 -------------------------------------------------------------------------------
 |   1 |     -129.427982 |        3.977149 |        0.896930 |     -125.860756 |
 |   2 |      -12.275813 |       -0.008007 |        0.939511 |      -12.283335 |
 |   3 |      -10.939154 |       -0.067817 |        0.942452 |      -11.003068 |
 |   4 |        1.556282 |       -0.471694 |        0.978542 |        1.094710 |
 |   5 |        1.556282 |       -0.471694 |        0.978542 |        1.094710 |
 |   6 |        2.990984 |       -0.586096 |        0.965345 |        2.425200 |
 |   7 |        6.231501 |       -0.183233 |        0.990684 |        6.049975 |
 |   8 |        7.351421 |       -0.503949 |        0.973443 |        6.860855 |
 |   9 |        9.279295 |       -1.073746 |        0.950364 |        8.258846 |
 |  10 |        9.279295 |       -1.073746 |        0.950364 |        8.258846 |
 |  11 |       10.164244 |       -0.951549 |        0.941407 |        9.268450 |
 |  12 |       16.294162 |       -1.636248 |        0.305285 |       15.794641 |
 |  13 |       16.394320 |       -1.029823 |        0.664116 |       15.710398 |
 |  14 |       16.394320 |       -1.029823 |        0.664116 |       15.710398 |
 |  15 |       17.038530 |        1.916979 |        0.145138 |       17.316758 |
 |  16 |       17.038530 |        1.916979 |        0.145138 |       17.316758 |
 |  17 |       25.651715 |       -2.379453 |        0.663402 |       24.073180 |
 |  18 |       28.403821 |       -1.710870 |        0.419007 |       27.686955 |
 |  19 |       35.759083 |       -1.162837 |        0.556847 |       35.111561 |
 |  20 |       43.384042 |       -2.239795 |        0.087898 |       43.187170 |
 |  21 |       43.384042 |       -2.239795 |        0.087898 |       43.187170 |
 |  22 |       48.272334 |       -1.900805 |        0.440671 |       47.434705 |
 |  23 |       48.272334 |       -1.900805 |        0.440671 |       47.434705 |
 |  24 |       53.344839 |        4.364915 |        0.067345 |       53.638796 |
 |  25 |       64.069693 |       -3.162297 |        0.381993 |       62.861718 |
 -------------------------------------------------------------------------------
          G0W0 HOMO      energy:     -11.003068 eV
          G0W0 LUMO      energy:       1.094710 eV
          G0W0 HOMO-LUMO gap   :      12.097777 eV
 -------------------------------------------------------------------------------
    RPA@G0W0 total energy      :     -15.805494 au
    RPA@G0W0 correlation energy:      -0.087592 au
    GM@G0W0  total energy      :     -15.875654 au
    GM@G0W0  correlation energy:      -0.157753 au
 -------------------------------------------------------------------------------


 -------------------------------------------------------------
   BSE@GW       calculation: singlet        manifold
 -------------------------------------------------------------
 | State |  Excitation energy (au) |  Excitation energy (eV) |
 -------------------------------------------------------------
 |     1 |                0.217814 |                5.927016 |
 |     2 |                0.217814 |                5.927016 |
 |     3 |                0.296184 |                8.059573 |
 |     4 |                0.296184 |                8.059573 |
 |     5 |                0.311743 |                8.482960 |
 |     6 |                0.349454 |                9.509136 |
 |     7 |                0.438957 |               11.944621 |
 |     8 |                0.454230 |               12.360224 |
 |     9 |                0.465090 |               12.655740 |
 |    10 |                0.465090 |               12.655740 |
 |    11 |                0.499381 |               13.588857 |
 |    12 |                0.509733 |               13.870554 |
 |    13 |                0.520961 |               14.176083 |
 |    14 |                0.520961 |               14.176083 |
 |    15 |                0.549032 |               14.939924 |
 |    16 |                0.560090 |               15.240837 |
 |    17 |                0.753379 |               20.500495 |
 |    18 |                0.753379 |               20.500495 |
 |    19 |                0.779180 |               21.202578 |
 |    20 |                0.779180 |               21.202578 |
 -------------------------------------------------------------

 ---------------------------------------------------------------
                 Transition dipole moment (au)                  
 ---------------------------------------------------------------
  #           X           Y           Z   dip. str.   osc. str.
 ---------------------------------------------------------------
  1   -0.000000   -0.000000   -0.000000    0.000000    0.000000
  2   -0.000000    0.000000    0.000000    0.000000    0.000000
  3    0.211483    1.427857   -0.000000    2.083501    0.411399
  4    1.427857   -0.211483   -0.000000    2.083501    0.411399
  5   -0.000000   -0.000000   -1.913854    3.662836    0.761242
  6    0.000000    0.000000   -0.000000    0.000000    0.000000
  7    0.000000    0.000000   -0.922707    0.851387    0.249148
  8    0.000000    0.000000    0.000000    0.000000    0.000000
  9    0.000000    0.000000   -0.000000    0.000000    0.000000
 10    0.000000    0.000000   -0.000000    0.000000    0.000000
 ---------------------------------------------------------------

 -------------------------------------------------------------
 Excitation n.   1:   5.927016 eV  f = 0.0000  <S**2> = 0.0000
 -------------------------------------------------------------
  3 ->   4 =   0.528175
  3 ->   5 =   0.453920
  3 ->   9 =   0.113074

 -------------------------------------------------------------
 Excitation n.   2:   5.927016 eV  f = 0.0000  <S**2> = 0.0000
 -------------------------------------------------------------
  3 ->   4 =  -0.453920
  3 ->   5 =   0.528175
  3 ->  10 =   0.113074

 -------------------------------------------------------------
 Excitation n.   3:   8.059573 eV  f = 0.4114  <S**2> = 0.0000
 -------------------------------------------------------------
  2 ->   4 =  -0.180425
  2 ->   5 =  -0.681679
  2 ->   9 =  -0.076145

 -------------------------------------------------------------
 Excitation n.   4:   8.059573 eV  f = 0.4114  <S**2> = 0.0000
 -------------------------------------------------------------
  2 ->   4 =  -0.681679
  2 ->   5 =   0.180425
  2 ->  10 =   0.076145

 -------------------------------------------------------------
 Excitation n.   5:   8.482960 eV  f = 0.7612  <S**2> = 0.0000
 -------------------------------------------------------------
  3 ->   6 =   0.703343
  3 ->   8 =   0.098625

 -------------------------------------------------------------
 Excitation n.   6:   9.509136 eV  f = 0.0000  <S**2> = 0.0000
 -------------------------------------------------------------
  2 ->   6 =  -0.709247

 -------------------------------------------------------------
 Excitation n.   7:  11.944621 eV  f = 0.2491  <S**2> = 0.0000
 -------------------------------------------------------------
  2 ->   7 =  -0.258693
  3 ->   6 =  -0.103631
  3 ->   8 =   0.645925

 -------------------------------------------------------------
 Excitation n.   8:  12.360224 eV  f = 0.0000  <S**2> = 0.0000
 -------------------------------------------------------------
  2 ->   8 =   0.087365
  3 ->   7 =  -0.702107

 -------------------------------------------------------------
 Excitation n.   9:  12.655740 eV  f = 0.0000  <S**2> = 0.0000
 -------------------------------------------------------------
  3 ->   4 =   0.078164
  3 ->   5 =   0.094954
  3 ->   9 =  -0.678681
  3 ->  10 =   0.154586

 -------------------------------------------------------------
 Excitation n.  10:  12.655740 eV  f = 0.0000  <S**2> = 0.0000
 -------------------------------------------------------------
  3 ->   4 =  -0.094954
  3 ->   5 =   0.078164
  3 ->   9 =  -0.154586
  3 ->  10 =  -0.678681

Thomas-Reiche-Kuhn sum rule =   1.833189


 *** dynamical TDA activated ***

 ---------------------------------------------------------------------------------------------------
  First-order dynamical correction to static Bethe-Salpeter excitation energies                     
 ---------------------------------------------------------------------------------------------------
  BSE neutral excitation must be lower than the GW gap =  12.097777 eV
 ---------------------------------------------------------------------------------------------------
      #          Static (eV)         Dynamic (eV)      Correction (eV)         Renorm. (eV)
 ---------------------------------------------------------------------------------------------------
      1            5.927016            5.853749           -0.073267            1.007498
      2            5.927016            5.853749           -0.073267            1.007498
      3            8.059573            7.984506           -0.075066            1.010258
      4            8.059573            7.984506           -0.075066            1.010258
      5            8.482960            8.394915           -0.088045            1.013923
      6            9.509136            9.444873           -0.064262            1.011073
      7           11.944621           11.850697           -0.093924            1.011050
      8           12.360224           12.322436           -0.037788            1.006173
      9           12.655740           12.573599           -0.082141            1.007889
     10           12.655740           12.573599           -0.082141            1.007889
 ---------------------------------------------------------------------------------------------------


 -------------------------------------------------------------
   BSE@GW       calculation: triplet        manifold
 -------------------------------------------------------------
 | State |  Excitation energy (au) |  Excitation energy (eV) |
 -------------------------------------------------------------
 |     1 |                0.192561 |                5.239849 |
 |     2 |                0.192561 |                5.239849 |
 |     3 |                0.199176 |                5.419868 |
 |     4 |                0.227321 |                6.185721 |
 |     5 |                0.227321 |                6.185721 |
 |     6 |                0.239764 |                6.524314 |
 |     7 |                0.381463 |               10.380138 |
 |     8 |                0.385960 |               10.502520 |
 |     9 |                0.456037 |               12.409407 |
 |    10 |                0.456037 |               12.409407 |
 |    11 |                0.460700 |               12.536274 |
 |    12 |                0.488856 |               13.302460 |
 |    13 |                0.493138 |               13.418967 |
 |    14 |                0.493138 |               13.418967 |
 |    15 |                0.501941 |               13.658522 |
 |    16 |                0.514531 |               14.001113 |
 |    17 |                0.685084 |               18.642085 |
 |    18 |                0.685084 |               18.642085 |
 |    19 |                0.705650 |               19.201711 |
 |    20 |                0.726688 |               19.774178 |
 -------------------------------------------------------------

 -------------------------------------------------------------
 Excitation n.   1:   5.239849 eV  f = 0.0000  <S**2> = 2.0000
 -------------------------------------------------------------
  2 ->  14 =  -0.072459
  3 ->   4 =   0.175994
  3 ->   5 =   0.666654
  3 ->   9 =   0.139125

 -------------------------------------------------------------
 Excitation n.   2:   5.239849 eV  f = 0.0000  <S**2> = 2.0000
 -------------------------------------------------------------
  2 ->  13 =  -0.072459
  3 ->   4 =  -0.666654
  3 ->   5 =   0.175994
  3 ->  10 =   0.139125

 -------------------------------------------------------------
 Excitation n.   3:   5.419868 eV  f = 0.0000  <S**2> = 2.0000
 -------------------------------------------------------------
  2 ->  11 =  -0.162101
  3 ->   6 =   0.673242
  3 ->   8 =   0.142354
  3 <-   6 =   0.071687

 -------------------------------------------------------------
 Excitation n.   4:   6.185721 eV  f = 0.0000  <S**2> = 2.0000
 -------------------------------------------------------------
  2 ->   4 =  -0.681545
  2 ->  10 =   0.149239
  3 ->  13 =  -0.084283

 -------------------------------------------------------------
 Excitation n.   5:   6.185721 eV  f = 0.0000  <S**2> = 2.0000
 -------------------------------------------------------------
  2 ->   5 =  -0.681545
  2 ->   9 =  -0.149239
  3 ->  14 =   0.084283

 -------------------------------------------------------------
 Excitation n.   6:   6.524314 eV  f = 0.0000  <S**2> = 2.0000
 -------------------------------------------------------------
  2 ->   6 =  -0.649787
  2 ->   8 =  -0.151084
  3 ->  11 =   0.225640

 -------------------------------------------------------------
 Excitation n.   7:  10.380138 eV  f = 0.0000  <S**2> = 2.0000
 -------------------------------------------------------------
  2 ->   6 =   0.139533
  2 ->   8 =  -0.335500
  2 ->  12 =  -0.081808
  3 ->   7 =   0.513926
  3 ->  11 =   0.311616

 -------------------------------------------------------------
 Excitation n.   8:  10.502520 eV  f = 0.0000  <S**2> = 2.0000
 -------------------------------------------------------------
  2 ->   7 =   0.326142
  2 ->  11 =   0.247712
  3 ->   6 =   0.149708
  3 ->   8 =  -0.550037
  3 ->  12 =  -0.083337

 -------------------------------------------------------------
 Excitation n.   9:  12.409407 eV  f = 0.0000  <S**2> = 2.0000
 -------------------------------------------------------------
  3 ->   4 =   0.103626
  3 ->   5 =   0.104397
  3 ->   9 =  -0.655514
  3 ->  10 =   0.215000

 -------------------------------------------------------------
 Excitation n.  10:  12.409407 eV  f = 0.0000  <S**2> = 2.0000
 -------------------------------------------------------------
  3 ->   4 =  -0.104397
  3 ->   5 =   0.103626
  3 ->   9 =  -0.215000
  3 ->  10 =  -0.655514

Thomas-Reiche-Kuhn sum rule =   0.000000


 *** dynamical TDA activated ***

 ---------------------------------------------------------------------------------------------------
  First-order dynamical correction to static Bethe-Salpeter excitation energies                     
 ---------------------------------------------------------------------------------------------------
  BSE neutral excitation must be lower than the GW gap =  12.097777 eV
 ---------------------------------------------------------------------------------------------------
      #          Static (eV)         Dynamic (eV)      Correction (eV)         Renorm. (eV)
 ---------------------------------------------------------------------------------------------------
      1            5.239849            5.134913           -0.104936            1.008221
      2            5.239849            5.134913           -0.104936            1.008221
      3            5.419868            5.108368           -0.311499            1.018850
      4            6.185721            6.034216           -0.151505            1.011947
      5            6.185721            6.034216           -0.151505            1.011947
      6            6.524314            6.182157           -0.342157            1.021165
      7           10.380138           10.169940           -0.210198            1.015716
      8           10.502520           10.294587           -0.207933            1.015291
      9           12.409407           12.324937           -0.084470            1.007304
     10           12.409407           12.324937           -0.084470            1.007304
 ---------------------------------------------------------------------------------------------------


 -------------------------------------------------------------------------------
          Tr@BSE@G0W0 correlation energy (singlet) =       -0.0611778386
          Tr@BSE@G0W0 correlation energy (triplet) =       -0.0235438918
          Tr@BSE@G0W0 correlation energy           =       -0.0847217304
          Tr@BSE@G0W0 total energy                 =      -15.8026232502
 -------------------------------------------------------------------------------

                                       Total CPU time for G0W0 =      0.060 seconds


 ************************************************
 |          One-shot G0T0 calculation           |
 ************************************************


 -------------------------------------------------------------
   pp-RPA (N+2) calculation: alpha-beta     manifold
 -------------------------------------------------------------
 | State |  Excitation energy (au) |  Excitation energy (eV) |
 -------------------------------------------------------------
 |     1 |                0.318263 |                8.660384 |
 |     2 |                0.340380 |                9.262204 |
 |     3 |                0.340380 |                9.262204 |
 |     4 |                0.341954 |                9.305045 |
 |     5 |                0.353678 |                9.624069 |
 |     6 |                0.353678 |                9.624069 |
 |     7 |                0.417144 |               11.351080 |
 |     8 |                0.417144 |               11.351080 |
 |     9 |                0.462978 |               12.598265 |
 |    10 |                0.462978 |               12.598265 |
 |    11 |                0.467139 |               12.711504 |
 |    12 |                0.482736 |               13.135912 |
 |    13 |                0.482736 |               13.135912 |
 |    14 |                0.513604 |               13.975882 |
 |    15 |                0.527929 |               14.365670 |
 |    16 |                0.527929 |               14.365670 |
 |    17 |                0.533125 |               14.507064 |
 |    18 |                0.547844 |               14.907601 |
 |    19 |                0.547844 |               14.907601 |
 |    20 |                0.564544 |               15.362024 |
 -------------------------------------------------------------


 -------------------------------------------------------------
   pp-RPA (N-2) calculation: alpha-beta     manifold
 -------------------------------------------------------------
 | State |  Excitation energy (au) |  Excitation energy (eV) |
 -------------------------------------------------------------
 |     1 |              -11.788620 |             -320.784688 |
 |     2 |               -5.623053 |             -153.011071 |
 |     3 |               -5.601188 |             -152.416096 |
 |     4 |               -5.530558 |             -150.494145 |
 |     5 |               -5.524159 |             -150.320018 |
 |     6 |               -1.343861 |              -36.568308 |
 |     7 |               -1.336002 |              -36.354457 |
 |     8 |               -1.052460 |              -28.638908 |
 |     9 |               -1.050483 |              -28.585097 |
 -------------------------------------------------------------


 -------------------------------------------------------------
   pp-RPA (N+2) calculation: alpha-alpha    manifold
 -------------------------------------------------------------
 | State |  Excitation energy (au) |  Excitation energy (eV) |
 -------------------------------------------------------------
 |     1 |                0.318263 |                8.660384 |
 |     2 |                0.353678 |                9.624069 |
 |     3 |                0.353678 |                9.624069 |
 |     4 |                0.462978 |               12.598265 |
 |     5 |                0.462978 |               12.598265 |
 |     6 |                0.513604 |               13.975882 |
 |     7 |                0.527929 |               14.365670 |
 |     8 |                0.527929 |               14.365670 |
 |     9 |                0.564544 |               15.362024 |
 |    10 |                0.615453 |               16.747342 |
 |    11 |                0.615453 |               16.747342 |
 |    12 |                0.641054 |               17.443978 |
 |    13 |                0.648340 |               17.642238 |
 |    14 |                0.655836 |               17.846204 |
 |    15 |                0.655836 |               17.846204 |
 |    16 |                0.656467 |               17.863370 |
 |    17 |                0.683168 |               18.589951 |
 |    18 |                0.683168 |               18.589951 |
 |    19 |                0.700811 |               19.070029 |
 |    20 |                0.757492 |               20.612407 |
 -------------------------------------------------------------


 -------------------------------------------------------------
   pp-RPA (N-2) calculation: alpha-alpha    manifold
 -------------------------------------------------------------
 | State |  Excitation energy (au) |  Excitation energy (eV) |
 -------------------------------------------------------------
 |     1 |               -5.601188 |             -152.416096 |
 |     2 |               -5.524159 |             -150.320018 |
 |     3 |               -1.052460 |              -28.638908 |
 -------------------------------------------------------------

 -------------------------------------------------------------------------------
   One-shot G0T0 calculation (T-matrix self-energy)  
 -------------------------------------------------------------------------------
 |   # |       e_HF (eV) |    Sigma_T (eV) |               Z |       e_QP (eV) |
 -------------------------------------------------------------------------------
 |   1 |     -129.427982 |        3.049131 |        0.922905 |     -126.613922 |
 |   2 |      -12.275813 |        0.105447 |        0.979180 |      -12.172561 |
 |   3 |      -10.939154 |        0.101009 |        0.978538 |      -10.840312 |
 |   4 |        1.556282 |       -0.428438 |        0.986692 |        1.133545 |
 |   5 |        1.556282 |       -0.428438 |        0.986692 |        1.133545 |
 |   6 |        2.990984 |       -0.478269 |        0.983327 |        2.520689 |
 |   7 |        6.231501 |       -0.124982 |        0.995306 |        6.107106 |
 |   8 |        7.351421 |       -0.422918 |        0.984197 |        6.935186 |
 |   9 |        9.279295 |       -0.760869 |        0.974383 |        8.537918 |
 |  10 |        9.279295 |       -0.760869 |        0.974383 |        8.537918 |
 |  11 |       10.164244 |       -0.732627 |        0.972226 |        9.451965 |
 |  12 |       16.294162 |       -0.649580 |        0.973046 |       15.662091 |
 |  13 |       16.394320 |       -0.670242 |        0.959674 |       15.751106 |
 |  14 |       16.394320 |       -0.670242 |        0.959674 |       15.751106 |
 |  15 |       17.038530 |       -0.760860 |        0.947001 |       16.317995 |
 |  16 |       17.038530 |       -0.760860 |        0.947001 |       16.317995 |
 |  17 |       25.651715 |       -1.437918 |        0.804428 |       24.495013 |
 |  18 |       28.403821 |       -1.181660 |        0.792042 |       27.467897 |
 |  19 |       35.759083 |       -1.725296 |        0.435498 |       35.007720 |
 |  20 |       43.384042 |       -1.274921 |        0.658707 |       42.544244 |
 |  21 |       43.384042 |       -1.274921 |        0.658707 |       42.544244 |
 |  22 |       48.272334 |       -1.238379 |        0.175404 |       48.055117 |
 |  23 |       48.272334 |       -1.238379 |        0.175404 |       48.055117 |
 |  24 |       53.344839 |       -1.477113 |        0.089073 |       53.213268 |
 |  25 |       64.069693 |       -0.169471 |        0.388990 |       64.003770 |
 -------------------------------------------------------------------------------
             G0T0 HOMO      energy (eV)            =     -10.840312 eV
             G0T0 LUMO      energy (eV)            =       1.133545 eV
             G0T0 HOMO-LUMO gap    (eV)            =      11.973858 eV
 -------------------------------------------------------------------------------
        Tr@ppRPA@G0T0 correlation energy (singlet) =       -0.0328185987 au
        Tr@ppRPA@G0T0 correlation energy (triplet) =       -0.0017541386 au
        Tr@ppRPA@G0T0 correlation energy           =       -0.0345727373 au
        Tr@ppRPA@G0T0 total energy                 =      -15.7524742570 au
              GM@G0T0 correlation energy           =       -0.0559928480 au
              GM@G0T0 total energy                 =      -15.7738943677 au
 -------------------------------------------------------------------------------


 -------------------------------------------------------------
   BSE@GT       calculation: singlet        manifold
 -------------------------------------------------------------
 | State |  Excitation energy (au) |  Excitation energy (eV) |
 -------------------------------------------------------------
 |     1 |                0.209659 |                5.705124 |
 |     2 |                0.209659 |                5.705124 |
 |     3 |                0.283561 |                7.716094 |
 |     4 |                0.283561 |                7.716094 |
 |     5 |                0.304772 |                8.293265 |
 |     6 |                0.334979 |                9.115250 |
 |     7 |                0.423592 |               11.526530 |
 |     8 |                0.439045 |               11.947028 |
 |     9 |                0.460354 |               12.526880 |
 |    10 |                0.460354 |               12.526880 |
 |    11 |                0.495014 |               13.470008 |
 |    12 |                0.504930 |               13.739842 |
 |    13 |                0.506661 |               13.786954 |
 |    14 |                0.506661 |               13.786954 |
 |    15 |                0.524660 |               14.276736 |
 |    16 |                0.546043 |               14.858595 |
 |    17 |                0.727844 |               19.805655 |
 |    18 |                0.727844 |               19.805655 |
 |    19 |                0.732632 |               19.935939 |
 |    20 |                0.732632 |               19.935939 |
 -------------------------------------------------------------

 ---------------------------------------------------------------
                 Transition dipole moment (au)                  
 ---------------------------------------------------------------
  #           X           Y           Z   dip. str.   osc. str.
 ---------------------------------------------------------------
  1    0.000000   -0.000000    0.000000    0.000000    0.000000
  2    0.000000    0.000000   -0.000000    0.000000    0.000000
  3   -1.561875    0.050078   -0.000000    2.441962    0.461631
  4   -0.050078   -1.561875    0.000000    2.441962    0.461631
  5   -0.000000    0.000000   -2.109299    4.449141    0.903982
  6    0.000000   -0.000000    0.000000    0.000000    0.000000
  7   -0.000000    0.000000    1.140510    1.300762    0.367328
  8   -0.000000   -0.000000   -0.000000    0.000000    0.000000
  9   -0.000000    0.000000    0.000000    0.000000    0.000000
 10    0.000000   -0.000000    0.000000    0.000000    0.000000
 ---------------------------------------------------------------

 -------------------------------------------------------------
 Excitation n.   1:   5.705124 eV  f = 0.0000  <S**2> = 0.0000
 -------------------------------------------------------------
  3 ->   4 =  -0.490445
  3 ->   5 =  -0.490344
  3 ->   9 =  -0.127292

 -------------------------------------------------------------
 Excitation n.   2:   5.705124 eV  f = 0.0000  <S**2> = 0.0000
 -------------------------------------------------------------
  3 ->   4 =   0.490344
  3 ->   5 =  -0.490445
  3 ->  10 =  -0.127292

 -------------------------------------------------------------
 Excitation n.   3:   7.716094 eV  f = 0.4616  <S**2> = 0.0000
 -------------------------------------------------------------
  2 ->   4 =   0.690546
  2 ->   5 =  -0.099958
  2 ->  10 =  -0.109592

 -------------------------------------------------------------
 Excitation n.   4:   7.716094 eV  f = 0.4616  <S**2> = 0.0000
 -------------------------------------------------------------
  2 ->   4 =   0.099958
  2 ->   5 =   0.690546
  2 ->   9 =   0.109592

 -------------------------------------------------------------
 Excitation n.   5:   8.293265 eV  f = 0.9040  <S**2> = 0.0000
 -------------------------------------------------------------
  3 ->   6 =   0.700117
  3 ->   8 =   0.074093

 -------------------------------------------------------------
 Excitation n.   6:   9.115250 eV  f = 0.0000  <S**2> = 0.0000
 -------------------------------------------------------------
  2 ->   6 =   0.702232
  3 ->   7 =   0.071350

 -------------------------------------------------------------
 Excitation n.   7:  11.526530 eV  f = 0.3673  <S**2> = 0.0000
 -------------------------------------------------------------
  2 ->   7 =   0.322962
  2 ->  11 =   0.130609
  3 ->   6 =   0.070879
  3 ->   8 =  -0.610624

 -------------------------------------------------------------
 Excitation n.   8:  11.947028 eV  f = 0.0000  <S**2> = 0.0000
 -------------------------------------------------------------
  2 ->   8 =  -0.170184
  3 ->   7 =   0.681399

 -------------------------------------------------------------
 Excitation n.   9:  12.526880 eV  f = 0.0000  <S**2> = 0.0000
 -------------------------------------------------------------
  3 ->   5 =   0.127540
  3 ->   9 =  -0.688337
  3 ->  10 =  -0.083275

 -------------------------------------------------------------
 Excitation n.  10:  12.526880 eV  f = 0.0000  <S**2> = 0.0000
 -------------------------------------------------------------
  3 ->   4 =   0.127540
  3 ->   9 =  -0.083275
  3 ->  10 =   0.688337

Thomas-Reiche-Kuhn sum rule =   2.194572


 *** dynamical TDA activated ***

 ---------------------------------------------------------------------------------------------------
  First-order dynamical correction to static Bethe-Salpeter excitation energies                     
 ---------------------------------------------------------------------------------------------------
  BSE neutral excitation must be lower than the GT gap =  11.973858 eV
 ---------------------------------------------------------------------------------------------------
      #          Static (eV)         Dynamic (eV)      Correction (eV)         Renorm. (eV)
 ---------------------------------------------------------------------------------------------------
      1            5.705124            5.632313           -0.072810            1.002654
      2            5.705124            5.632313           -0.072810            1.002654
      3            7.716094            7.724074            0.007979            0.999676
      4            7.716094            7.724074            0.007979            0.999676
      5            8.293265            8.245023           -0.048242            1.001484
      6            9.115250            9.156805            0.041555            0.993673
      7           11.526530           11.490608           -0.035922            1.001742
      8           11.947028           11.965933            0.018905            0.996662
      9           12.526880           12.507147           -0.019734            1.001650
     10           12.526880           12.507147           -0.019734            1.001650
 ---------------------------------------------------------------------------------------------------


 -------------------------------------------------------------
   BSE@GT       calculation: triplet        manifold
 -------------------------------------------------------------
 | State |  Excitation energy (au) |  Excitation energy (eV) |
 -------------------------------------------------------------
 |     1 |                0.183499 |                4.993265 |
 |     2 |                0.183499 |                4.993265 |
 |     3 |                0.186159 |                5.065656 |
 |     4 |                0.220377 |                5.996750 |
 |     5 |                0.220377 |                5.996750 |
 |     6 |                0.224856 |                6.118655 |
 |     7 |                0.367459 |                9.999079 |
 |     8 |                0.370795 |               10.089839 |
 |     9 |                0.454405 |               12.364994 |
 |    10 |                0.454405 |               12.364994 |
 |    11 |                0.461434 |               12.556252 |
 |    12 |                0.486593 |               13.240875 |
 |    13 |                0.491700 |               13.379830 |
 |    14 |                0.491700 |               13.379830 |
 |    15 |                0.502479 |               13.673156 |
 |    16 |                0.509324 |               13.859407 |
 |    17 |                0.665499 |               18.109150 |
 |    18 |                0.665499 |               18.109150 |
 |    19 |                0.680129 |               18.507250 |
 |    20 |                0.705628 |               19.201120 |
 -------------------------------------------------------------

 -------------------------------------------------------------
 Excitation n.   1:   4.993265 eV  f = 0.0000  <S**2> = 2.0000
 -------------------------------------------------------------
  3 ->   4 =  -0.543274
  3 ->   5 =  -0.420013
  3 ->   9 =  -0.132255

 -------------------------------------------------------------
 Excitation n.   2:   4.993265 eV  f = 0.0000  <S**2> = 2.0000
 -------------------------------------------------------------
  3 ->   4 =  -0.420013
  3 ->   5 =   0.543274
  3 ->  10 =   0.132255

 -------------------------------------------------------------
 Excitation n.   3:   5.065656 eV  f = 0.0000  <S**2> = 2.0000
 -------------------------------------------------------------
  2 ->  11 =  -0.196147
  3 ->   6 =   0.655147
  3 ->   8 =   0.159186

 -------------------------------------------------------------
 Excitation n.   4:   5.996750 eV  f = 0.0000  <S**2> = 2.0000
 -------------------------------------------------------------
  2 ->   4 =  -0.678939
  2 ->   9 =  -0.084494
  2 ->  10 =   0.141661
  3 ->  13 =  -0.091387

 -------------------------------------------------------------
 Excitation n.   5:   5.996750 eV  f = 0.0000  <S**2> = 2.0000
 -------------------------------------------------------------
  2 ->   5 =  -0.678939
  2 ->   9 =  -0.141661
  2 ->  10 =  -0.084494
  3 ->  14 =   0.091387

 -------------------------------------------------------------
 Excitation n.   6:   6.118655 eV  f = 0.0000  <S**2> = 2.0000
 -------------------------------------------------------------
  2 ->   6 =   0.622523
  2 ->   8 =   0.169885
  3 ->  11 =  -0.273287

 -------------------------------------------------------------
 Excitation n.   7:   9.999079 eV  f = 0.0000  <S**2> = 2.0000
 -------------------------------------------------------------
  2 ->   6 =   0.177746
  2 ->   8 =  -0.329785
  2 ->  12 =  -0.103828
  3 ->   7 =   0.509457
  3 ->  11 =   0.296310

 -------------------------------------------------------------
 Excitation n.   8:  10.089839 eV  f = 0.0000  <S**2> = 2.0000
 -------------------------------------------------------------
  2 ->   7 =  -0.338956
  2 ->  11 =  -0.260440
  3 ->   6 =  -0.178456
  3 ->   8 =   0.522147
  3 ->  12 =   0.105359

 -------------------------------------------------------------
 Excitation n.   9:  12.364994 eV  f = 0.0000  <S**2> = 2.0000
 -------------------------------------------------------------
  3 ->   4 =   0.103515
  3 ->   5 =   0.113336
  3 ->   9 =  -0.662176
  3 ->  10 =   0.187102

 -------------------------------------------------------------
 Excitation n.  10:  12.364994 eV  f = 0.0000  <S**2> = 2.0000
 -------------------------------------------------------------
  3 ->   4 =   0.113336
  3 ->   5 =  -0.103515
  3 ->   9 =   0.187102
  3 ->  10 =   0.662176

Thomas-Reiche-Kuhn sum rule =   0.000000


 *** dynamical TDA activated ***

 ---------------------------------------------------------------------------------------------------
  First-order dynamical correction to static Bethe-Salpeter excitation energies                     
 ---------------------------------------------------------------------------------------------------
  BSE neutral excitation must be lower than the GT gap =  11.973858 eV
 ---------------------------------------------------------------------------------------------------
      #          Static (eV)         Dynamic (eV)      Correction (eV)         Renorm. (eV)
 ---------------------------------------------------------------------------------------------------
      1            4.993265            4.912769           -0.080496            1.002926
      2            4.993265            4.912769           -0.080496            1.002926
      3            5.065656            4.915655           -0.150001            1.008031
      4            5.996750            5.844608           -0.152142            1.004534
      5            5.996750            5.844608           -0.152142            1.004534
      6            6.118655            5.942463           -0.176192            1.008429
      7            9.999079            9.917115           -0.081964            1.006770
      8           10.089839           10.018471           -0.071368            1.005962
      9           12.364994           12.325330           -0.039664            1.003156
     10           12.364994           12.325330           -0.039664            1.003156
 ---------------------------------------------------------------------------------------------------


 -------------------------------------------------------------------------------
          Tr@BSE@G0T0 correlation energy (singlet) =       -0.0069252703 au
          Tr@BSE@G0T0 correlation energy (triplet) =       -0.0076674923 au
          Tr@BSE@G0T0 correlation energy           =       -0.0145927626 au
          Tr@BSE@G0T0 total energy                 =      -15.7324942823 au
 -------------------------------------------------------------------------------

                                       Total CPU time for G0T0 =      2.684 seconds

                                      Total CPU time for QuAcK =      3.832 seconds

