78 significant shell pairs computed in 0.000096 seconds
0
Computed Electron repulsion integrals Integrals in parallel in 0.250615 seconds

 ******************************************************************************************
 *            QuAcK                       QuAcK                         QuAcK             *
 *   __        __        __       __        __        __       __        __        __     *
 * <(o )___  <(o )___  <(o )___ <(o )___  <(o )___  <(o )___ <(o )___  <(o )___  <(o )___ *
 * ( ._> /   ( ._> /   ( ._> /  ( ._> /   ( ._> /   ( ._> /  ( ._> /   ( ._> /   ( ._> /  *
 *|--------------------------------------------------------------------------------------|*
 ******************************************************************************************

      ----------------------
             Number of atoms                3
      ----------------------

      ----------------------
Number of spin-up   electron                3
Number of spin-down electron                3
    Total number of electron                6
      ----------------------

      ----------------------
Number of core      electron                0
Number of Rydberg   electron                0
      ----------------------

          ------------------
          Molecular geometry
          ------------------
                    Atom n.                 1
                        Z =      4.0000000000
           Atom coordinates:     0.0000000000    0.0000000000    0.0000000000
                    Atom n.                 2
                        Z =      1.0000000000
           Atom coordinates:     0.0000000000    0.0000000000    4.9132879262
                    Atom n.                 3
                        Z =      1.0000000000
           Atom coordinates:     0.0000000000    0.0000000000   -4.9132879262

          ------------------
 Nuclear repulsion energy =      1.7300024195
          ------------------

          Gaussian basis set
          ------------------
                    Atom n.                 1
           number of shells                 6
          ------------------
      s-type shell with K =                 9
                                    Exponents     Contraction
                              2940.0000000000    0.0006800000
                               441.2000000000    0.0052360000
                               100.5000000000    0.0266060000
                                28.4300000000    0.0999930000
                                 9.1690000000    0.2697020000
                                 3.1960000000    0.4514690000
                                 1.1590000000    0.2950740000
                                 0.1811000000    0.0125870000
                                 0.0589000000   -0.0037560000
      s-type shell with K =                 9
                                    Exponents     Contraction
                              2940.0000000000   -0.0001230000
                               441.2000000000   -0.0009660000
                               100.5000000000   -0.0048310000
                                28.4300000000   -0.0193140000
                                 9.1690000000   -0.0532800000
                                 3.1960000000   -0.1207230000
                                 1.1590000000   -0.1334350000
                                 0.1811000000    0.5307670000
                                 0.0589000000    0.5801170000
      s-type shell with K =                 1
                                    Exponents     Contraction
                                 0.0589000000    1.0000000000
      p-type shell with K =                 4
                                    Exponents     Contraction
                                 3.6190000000    0.0291110000
                                 0.7110000000    0.1693650000
                                 0.1951000000    0.5134580000
                                 0.0601800000    0.4793380000
      p-type shell with K =                 1
                                    Exponents     Contraction
                                 0.0601800000    1.0000000000
      d-type shell with K =                 1
                                    Exponents     Contraction
                                 0.2354000000    1.0000000000
          ------------------
                    Atom n.                 2
           number of shells                 3
          ------------------
      s-type shell with K =                 4
                                    Exponents     Contraction
                                13.0100000000    0.0196850000
                                 1.9620000000    0.1379770000
                                 0.4446000000    0.4781480000
                                 0.1220000000    0.5012400000
      s-type shell with K =                 1
                                    Exponents     Contraction
                                 0.1220000000    1.0000000000
      p-type shell with K =                 1
                                    Exponents     Contraction
                                 0.7270000000    1.0000000000
          ------------------
                    Atom n.                 3
           number of shells                 3
          ------------------
      s-type shell with K =                 4
                                    Exponents     Contraction
                                13.0100000000    0.0196850000
                                 1.9620000000    0.1379770000
                                 0.4446000000    0.4781480000
                                 0.1220000000    0.5012400000
      s-type shell with K =                 1
                                    Exponents     Contraction
                                 0.1220000000    1.0000000000
      p-type shell with K =                 1
                                    Exponents     Contraction
                                 0.7270000000    1.0000000000
          ------------------
            Number of shells               12
          ------------------

          ------------------
   Number of basis functions               25
          ------------------

 Scaling integrals by    1.0000000000000000     

                          Total CPU time for reading integrals =      0.022 seconds


 ************************************************
 |    Restricted Hartree-Fock calculation       |
 ************************************************


 ----------------------------------------------------
 | RHF calculation                                  |
 ----------------------------------------------------
 |   # |        HF energy |       Conv |     HL Gap |
 ----------------------------------------------------
 |   1 |   -15.2469348487 |   0.205105 |   1.116129 |
 |   2 |   -15.3404875973 |   0.157396 |   1.184425 |
 |   3 |   -15.3996715594 |   0.120666 |   1.223147 |
 |   4 |   -15.4365167433 |   0.099985 |   1.244951 |
 |   5 |   -15.4596273352 |   0.079817 |   1.256751 |
 |   6 |   -15.4743853543 |   0.062575 |   1.263114 |
 |   7 |   -15.4840124968 |   0.048762 |   1.266656 |
 |   8 |   -15.4904254588 |   0.038038 |   1.268767 |
 |   9 |   -15.4947786741 |   0.029819 |   1.270153 |
 |  10 |   -15.4977823901 |   0.023536 |   1.271163 |
 |  11 |   -15.4998842979 |   0.018720 |   1.271965 |
 |  12 |   -15.5013733272 |   0.015005 |   1.272639 |
 |  13 |   -15.5024399099 |   0.012117 |   1.273226 |
 |  14 |   -15.5032118141 |   0.009853 |   1.273742 |
 |  15 |   -15.5037760334 |   0.008063 |   1.274199 |
 |  16 |   -15.5041925171 |   0.006636 |   1.274604 |
 |  17 |   -15.5045029937 |   0.005490 |   1.274960 |
 |  18 |   -15.5047367596 |   0.004562 |   1.275273 |
 |  19 |   -15.5049145418 |   0.003806 |   1.275548 |
 |  20 |   -15.5050511108 |   0.003186 |   1.275787 |
 |  21 |   -15.5051570668 |   0.002675 |   1.275995 |
 |  22 |   -15.5052400724 |   0.002252 |   1.276175 |
 |  23 |   -15.5053057078 |   0.001900 |   1.276331 |
 |  24 |   -15.5053580685 |   0.001606 |   1.276466 |
 |  25 |   -15.5054001857 |   0.001359 |   1.276582 |
 |  26 |   -15.5054343221 |   0.001153 |   1.276682 |
 |  27 |   -15.5054621821 |   0.000978 |   1.276768 |
 |  28 |   -15.5054850615 |   0.000831 |   1.276842 |
 |  29 |   -15.5055039552 |   0.000707 |   1.276906 |
 |  30 |   -15.5055196337 |   0.000602 |   1.276960 |
 |  31 |   -15.5055326998 |   0.000512 |   1.277007 |
 |  32 |   -15.5055436293 |   0.000437 |   1.277047 |
 |  33 |   -15.5055528009 |   0.000372 |   1.277081 |
 |  34 |   -15.5055605186 |   0.000318 |   1.277111 |
 |  35 |   -15.5055670283 |   0.000271 |   1.277136 |
 |  36 |   -15.5055725301 |   0.000231 |   1.277157 |
 |  37 |   -15.5055771880 |   0.000197 |   1.277176 |
 |  38 |   -15.5055811373 |   0.000168 |   1.277192 |
 |  39 |   -15.5055844899 |   0.000144 |   1.277205 |
 |  40 |   -15.5055873390 |   0.000123 |   1.277217 |
 |  41 |   -15.5055897623 |   0.000105 |   1.277227 |
 |  42 |   -15.5055918251 |   0.000090 |   1.277235 |
 |  43 |   -15.5055935821 |   0.000077 |   1.277242 |
 |  44 |   -15.5055950795 |   0.000065 |   1.277248 |
 |  45 |   -15.5055963562 |   0.000056 |   1.277254 |
 |  46 |   -15.5055974452 |   0.000048 |   1.277258 |
 |  47 |   -15.5055983744 |   0.000041 |   1.277262 |
 |  48 |   -15.5055991674 |   0.000035 |   1.277265 |
 |  49 |   -15.5055998444 |   0.000030 |   1.277268 |
 |  50 |   -15.5056004224 |   0.000025 |   1.277271 |
 |  51 |   -15.5056009161 |   0.000022 |   1.277273 |
 |  52 |   -15.5056013377 |   0.000019 |   1.277274 |
 |  53 |   -15.5056016979 |   0.000016 |   1.277276 |
 |  54 |   -15.5056020057 |   0.000014 |   1.277277 |
 |  55 |   -15.5056022686 |   0.000012 |   1.277278 |
 |  56 |   -15.5056024933 |   0.000010 |   1.277279 |
 |  57 |   -15.5056026852 |   0.000009 |   1.277280 |
 |  58 |   -15.5056028493 |   0.000007 |   1.277281 |
 |  59 |   -15.5056029895 |   0.000006 |   1.277281 |
 |  60 |   -15.5056031093 |   0.000005 |   1.277282 |
 |  61 |   -15.5056032118 |   0.000005 |   1.277282 |
 |  62 |   -15.5056032993 |   0.000004 |   1.277283 |
 |  63 |   -15.5056033741 |   0.000003 |   1.277283 |
 |  64 |   -15.5056034381 |   0.000003 |   1.277283 |
 |  65 |   -15.5056034927 |   0.000002 |   1.277283 |
 |  66 |   -15.5056035395 |   0.000002 |   1.277284 |
 |  67 |   -15.5056035794 |   0.000002 |   1.277284 |
 |  68 |   -15.5056036136 |   0.000002 |   1.277284 |
 |  69 |   -15.5056036427 |   0.000001 |   1.277284 |
 |  70 |   -15.5056036677 |   0.000001 |   1.277284 |
 |  71 |   -15.5056036890 |   0.000001 |   1.277284 |
 |  72 |   -15.5056037072 |   0.000001 |   1.277284 |
 |  73 |   -15.5056037228 |   0.000001 |   1.277284 |
 |  74 |   -15.5056037361 |   0.000001 |   1.277285 |
 |  75 |   -15.5056037475 |   0.000001 |   1.277285 |
 |  76 |   -15.5056037573 |   0.000000 |   1.277285 |
 |  77 |   -15.5056037656 |   0.000000 |   1.277285 |
 |  78 |   -15.5056037727 |   0.000000 |   1.277285 |
 |  79 |   -15.5056037788 |   0.000000 |   1.277285 |
 |  80 |   -15.5056037840 |   0.000000 |   1.277285 |
 |  81 |   -15.5056037884 |   0.000000 |   1.277285 |
 |  82 |   -15.5056037922 |   0.000000 |   1.277285 |
 |  83 |   -15.5056037955 |   0.000000 |   1.277285 |
 |  84 |   -15.5056037983 |   0.000000 |   1.277285 |
 |  85 |   -15.5056038006 |   0.000000 |   1.277285 |
 |  86 |   -15.5056037535 |   0.000000 |   0.277285 |
 ----------------------------------------------------

         -----------------------------------------
           Summary              
         -----------------------------------------
           One-electron energy:    -23.3091255900 au
           Kinetic      energy:     14.9660793087 au
           Potential    energy:    -38.2752048987 au
         -----------------------------------------
           Two-electron energy:      6.0735194170 au
           Hartree      energy:      9.1595720030 au
           Exchange     energy:     -3.0860525860 au
         -----------------------------------------
           Electronic   energy:    -17.2356061730 au
           Nuclear   repulsion:      1.7300024195 au
           RHF          energy:    -15.5056037535 au
         -----------------------------------------
           HF HOMO      energy:         -8.831172 eV
           HF LUMO      energy:         -1.285869 eV
           HF HOMO-LUMO gap   :          7.545303 eV
         -----------------------------------------
          Dipole moment (Debye)    
                   X         Y         Z      Tot.
            0.000000  0.000000  0.000000  0.000000
         -----------------------------------------

           ---------------------------------------
                 MO coefficients
           ---------------------------------------
                 1              2              3              4              5
      1     1.00047201    -0.00591515     0.00000000     0.00156520     0.00000000
      2     0.00465827     0.68115448     0.00000000     0.75964767     0.00000000
      3    -0.00106597    -0.02066806     0.00000000     0.09273374     0.00000000
      4     0.00000000     0.00000000     0.00000000     0.00000000     0.59417007
      5     0.00000000     0.00000000     0.00000000     0.00000000     0.11523422
      6     0.00000000     0.00000000     0.35376252     0.00000000     0.00000000
      7     0.00000000     0.00000000     0.00000000     0.00000000     0.42295213
      8     0.00000000     0.00000000     0.00000000     0.00000000     0.08202796
      9     0.00000000     0.00000000     0.06402519     0.00000000     0.00000000
     10    -0.00177002    -0.01336018     0.00000000     0.01590189     0.00000000
     11     0.00000000     0.00000000     0.00000000     0.00000000     0.00000000
     12     0.00000000     0.00000000     0.00000000     0.00000000     0.00000000
     13    -0.00177002    -0.01336018     0.00000000     0.01590189     0.00000000
     14     0.00000000     0.00000000     0.00000000     0.00000000     0.00000000
     15    -0.00172486     0.03835950     0.00000000    -0.04122591     0.00000000
     16     0.00014905     0.34137076     0.45373484    -0.37942300     0.00000000
     17     0.00022754     0.06025728     0.06726662    -0.26640212     0.00000000
     18     0.00000000     0.00000000     0.00000000     0.00000000     0.00616825
     19     0.00000000     0.00000000     0.00000000     0.00000000     0.00119628
     20    -0.00000189    -0.00907229    -0.00702757    -0.00550086     0.00000000
     21     0.00014905     0.34137076    -0.45373484    -0.37942300     0.00000000
     22     0.00022754     0.06025728    -0.06726662    -0.26640212     0.00000000
     23     0.00000000     0.00000000     0.00000000     0.00000000     0.00616825
     24     0.00000000     0.00000000     0.00000000     0.00000000     0.00119628
     25     0.00000189     0.00907229    -0.00702757     0.00550086     0.00000000
                 6              7              8              9             10
      1     0.00000000     0.00000000     0.60236149     0.00000000     0.00000000
      2     0.00000000     0.00000000     2.95738479     0.00000000     0.00000000
      3     0.00000000     0.00000000    -3.78484668     0.00000000     0.00000000
      4    -0.11523422     0.00000000     0.00000000    -0.33676316    -1.81188803
      5     0.59417007     0.00000000     0.00000000     1.81188803    -0.33676316
      6     0.00000000     0.87882933     0.00000000     0.00000000     0.00000000
      7    -0.08202796     0.00000000     0.00000000     0.34542014     1.85846517
      8     0.42295213     0.00000000     0.00000000    -1.85846517     0.34542014
      9     0.00000000     0.38883427     0.00000000     0.00000000     0.00000000
     10     0.00000000     0.00000000     0.18224993     0.00000000     0.00000000
     11     0.00000000     0.00000000     0.00000000     0.00000000     0.00000000
     12     0.00000000     0.00000000     0.00000000     0.00000000     0.00000000
     13     0.00000000     0.00000000     0.18224993     0.00000000     0.00000000
     14     0.00000000     0.00000000     0.00000000     0.00000000     0.00000000
     15     0.00000000     0.00000000     0.29008582     0.00000000     0.00000000
     16     0.00000000    -0.26766217     0.05182684     0.00000000     0.00000000
     17     0.00000000    -0.48506332     0.24096803     0.00000000     0.00000000
     18    -0.00119628     0.00000000     0.00000000     0.00092373     0.00496993
     19     0.00616825     0.00000000     0.00000000    -0.00496993     0.00092373
     20     0.00000000    -0.01703425    -0.01742945     0.00000000     0.00000000
     21     0.00000000     0.26766217     0.05182684     0.00000000     0.00000000
     22     0.00000000     0.48506332     0.24096803     0.00000000     0.00000000
     23    -0.00119628     0.00000000     0.00000000     0.00092373     0.00496993
     24     0.00616825     0.00000000     0.00000000    -0.00496993     0.00092373
     25     0.00000000    -0.01703425     0.01742945     0.00000000     0.00000000
                11             12             13             14             15
      1     0.00000000     0.00000000     0.00000000     0.00000000     0.00000000
      2     0.00000000     0.00000000     0.00000000     0.00000000     0.00000000
      3     0.00000000     0.00000000     0.00000000     0.00000000     0.00000000
      4     0.00000000     0.00000000     0.00000000     0.00000000     0.00000000
      5     0.00000000     0.00000000     0.00000000     0.00000000     0.00000000
      6    -1.79165569     0.00000000     0.00000000     0.00000000     0.00000000
      7     0.00000000     0.00000000     0.00000000     0.00000000     0.00000000
      8     0.00000000     0.00000000     0.00000000     0.00000000     0.00000000
      9     2.59980635     0.00000000     0.00000000     0.00000000     0.00000000
     10     0.00000000    -0.86602536    -0.00026980     0.00000000     0.00000000
     11     0.00000000     0.00031154    -0.99999995     0.00000000     0.00000000
     12     0.00000000     0.00000000     0.00000000     0.29542658     0.95062147
     13     0.00000000     0.86602536     0.00026980     0.00000000     0.00000000
     14     0.00000000     0.00000000     0.00000000    -0.95062147     0.29542658
     15     0.00000000     0.00000000     0.00000000     0.00000000     0.00000000
     16    -0.08713559     0.00000000     0.00000000     0.00000000     0.00000000
     17    -0.56373110     0.00000000     0.00000000     0.00000000     0.00000000
     18     0.00000000     0.00000000     0.00000000     0.01233889     0.03970398
     19     0.00000000     0.00000000     0.00000000    -0.03970398     0.01233889
     20     0.01692085     0.00000000     0.00000000     0.00000000     0.00000000
     21     0.08713559     0.00000000     0.00000000     0.00000000     0.00000000
     22     0.56373110     0.00000000     0.00000000     0.00000000     0.00000000
     23     0.00000000     0.00000000     0.00000000    -0.01233889    -0.03970398
     24     0.00000000     0.00000000     0.00000000     0.03970398    -0.01233889
     25     0.01692085     0.00000000     0.00000000     0.00000000     0.00000000
                16             17             18             19             20
      1    -0.14902256     0.11202243     0.00000000     0.43033939     0.00000000
      2    -0.74001250     0.62183882     0.00000000     4.11551829     0.00000000
      3     0.92599153    -0.74415942     0.00000000    -1.04144162     0.00000000
      4     0.00000000     0.00000000     0.00000000     0.00000000     0.00000000
      5     0.00000000     0.00000000     0.00000000     0.00000000     0.00000000
      6     0.00000000     0.00000000    -0.10928837     0.00000000     0.00000000
      7     0.00000000     0.00000000     0.00000000     0.00000000     0.00000000
      8     0.00000000     0.00000000     0.00000000     0.00000000     0.00000000
      9     0.00000000     0.00000000     0.80709811     0.00000000     0.00000000
     10    -0.48636832    -0.10717074     0.00000000    -1.49880849     0.00000000
     11     0.00000000     0.00000000     0.00000000     0.00000000     0.00000000
     12     0.00000000     0.00000000     0.00000000     0.00000000     0.09525337
     13    -0.48636832    -0.10717074     0.00000000    -1.49880849     0.00000000
     14     0.00000000     0.00000000     0.00000000     0.00000000     0.04743167
     15     1.03590451    -0.14035622     0.00000000    -1.28042657     0.00000000
     16     0.06861484    -1.61457150     1.65460337     0.18792902     0.00000000
     17    -0.40654946     1.80177275    -2.10171358    -0.31640855     0.00000000
     18     0.00000000     0.00000000     0.00000000     0.00000000    -0.63260066
     19     0.00000000     0.00000000     0.00000000     0.00000000    -0.31500517
     20    -0.11089525     0.02769925    -0.05000256     0.09368095     0.00000000
     21     0.06861484    -1.61457150    -1.65460337     0.18792902     0.00000000
     22    -0.40654946     1.80177275     2.10171358    -0.31640855     0.00000000
     23     0.00000000     0.00000000     0.00000000     0.00000000     0.63260066
     24     0.00000000     0.00000000     0.00000000     0.00000000     0.31500517
     25     0.11089525    -0.02769925    -0.05000256    -0.09368095     0.00000000
                21             22             23             24             25
      1     0.00000000     0.00000000     0.00000000     0.00000000    -0.16902925
      2     0.00000000     0.00000000     0.00000000     0.00000000    -1.10128002
      3     0.00000000     0.00000000     0.00000000     0.00000000     0.75593136
      4     0.00000000     0.01952784    -0.07325217     0.00000000     0.00000000
      5     0.00000000    -0.07325217    -0.01952784     0.00000000     0.00000000
      6     0.00000000     0.00000000     0.00000000    -0.03833031     0.00000000
      7     0.00000000    -0.03914580     0.14684238     0.00000000     0.00000000
      8     0.00000000     0.14684238     0.03914580     0.00000000     0.00000000
      9     0.00000000     0.00000000     0.00000000    -0.41662520     0.00000000
     10     0.00000000     0.00000000     0.00000000     0.00000000     0.08598668
     11     0.00000000     0.00000000     0.00000000     0.00000000     0.00000000
     12     0.04743167     0.00000000     0.00000000     0.00000000     0.00000000
     13     0.00000000     0.00000000     0.00000000     0.00000000     0.08598668
     14    -0.09525337     0.00000000     0.00000000     0.00000000     0.00000000
     15     0.00000000     0.00000000     0.00000000     0.00000000     0.66924449
     16     0.00000000     0.00000000     0.00000000    -0.24564359     0.14312790
     17     0.00000000     0.00000000     0.00000000     0.48316582    -0.30094811
     18    -0.31500517     0.18277249    -0.68560991     0.00000000     0.00000000
     19     0.63260066    -0.68560991    -0.18277249     0.00000000     0.00000000
     20     0.00000000     0.00000000     0.00000000    -0.72284730     0.71640188
     21     0.00000000     0.00000000     0.00000000     0.24564359     0.14312790
     22     0.00000000     0.00000000     0.00000000    -0.48316582    -0.30094811
     23     0.31500517     0.18277249    -0.68560991     0.00000000     0.00000000
     24    -0.63260066    -0.68560991    -0.18277249     0.00000000     0.00000000
     25     0.00000000     0.00000000     0.00000000    -0.72284730    -0.71640188

           ---------------------------------------
                     MO energies
           ---------------------------------------
                 1
      1    -4.87125496
      2    -0.38524883
      3    -0.32453958
      4    -0.04725480
      5     0.02684248
      6     0.02684248
      7     0.12512137
      8     0.27447064
      9     0.29167372
     10     0.29167372
     11     0.34293557
     12     0.57993033
     13     0.57993033
     14     0.58858374
     15     0.58858374
     16     0.63869829
     17     0.72332044
     18     0.76700954
     19     1.10786580
     20     1.53977804
     21     1.53977804
     22     1.54177779
     23     1.54177779
     24     1.61086093
     25     1.71387919

                                        Total CPU time for RHF =      0.691 seconds


 AO to MO transformation... Please be patient

                    Total CPU time for AO to MO transformation =      0.667 seconds


 ************************************************
 |          One-shot G0W0 calculation           |
 ************************************************


 -------------------------------------------------------------
   RPA@HF       calculation: singlet        manifold
 -------------------------------------------------------------
 | State |  Excitation energy (au) |  Excitation energy (eV) |
 -------------------------------------------------------------
 |     1 |                0.361465 |                9.835967 |
 |     2 |                0.361465 |                9.835967 |
 |     3 |                0.380679 |               10.358800 |
 |     4 |                0.391503 |               10.653343 |
 |     5 |                0.464773 |               12.647131 |
 |     6 |                0.464773 |               12.647131 |
 |     7 |                0.571668 |               15.555885 |
 |     8 |                0.581337 |               15.818991 |
 |     9 |                0.608469 |               16.557273 |
 |    10 |                0.621353 |               16.907885 |
 |    11 |                0.621353 |               16.907885 |
 |    12 |                0.668100 |               18.179914 |
 |    13 |                0.707636 |               19.255752 |
 |    14 |                0.707636 |               19.255752 |
 |    15 |                0.730103 |               19.867126 |
 |    16 |                0.755123 |               20.547940 |
 |    17 |                0.908481 |               24.721039 |
 |    18 |                0.908481 |               24.721039 |
 |    19 |                0.949102 |               25.826373 |
 |    20 |                0.949102 |               25.826373 |
 -------------------------------------------------------------

  *** Quasiparticle energies obtained by linearization *** 

 -------------------------------------------------------------------------------
   One-shot G0W0 calculation
 -------------------------------------------------------------------------------
 |   # |       e_HF (eV) |      Sig_c (eV) |               Z |       e_QP (eV) |
 -------------------------------------------------------------------------------
 |   1 |     -132.553599 |        4.597184 |        0.837025 |     -128.705643 |
 |   2 |      -10.483155 |       -0.077814 |        0.898642 |      -10.553082 |
 |   3 |       -8.831172 |       -0.320660 |        0.917517 |       -9.125383 |
 |   4 |       -1.285869 |       -0.477880 |        0.928147 |       -1.729411 |
 |   5 |        0.730421 |       -0.838773 |        0.950295 |       -0.066661 |
 |   6 |        0.730421 |       -0.838773 |        0.950295 |       -0.066661 |
 |   7 |        3.404726 |       -1.218659 |        0.880906 |        2.331202 |
 |   8 |        7.468726 |       -0.835338 |        0.928555 |        6.693070 |
 |   9 |        7.936846 |       -1.453035 |        0.882958 |        6.653878 |
 |  10 |        7.936846 |       -1.453035 |        0.882958 |        6.653878 |
 |  11 |        9.331752 |       -0.867653 |        0.615439 |        8.797765 |
 |  12 |       15.780708 |       -0.472632 |        0.666890 |       15.465514 |
 |  13 |       15.780708 |       -0.472632 |        0.666890 |       15.465514 |
 |  14 |       16.016179 |      -29.658624 |        0.001273 |       15.978420 |
 |  15 |       16.016179 |      -29.658624 |        0.001273 |       15.978420 |
 |  16 |       17.379866 |       -0.531843 |        0.618001 |       17.051186 |
 |  17 |       19.682552 |      -24.765074 |        0.000353 |       19.673809 |
 |  18 |       20.871393 |       -2.746012 |        0.765069 |       18.770504 |
 |  19 |       30.146564 |        0.497841 |        0.149407 |       30.220945 |
 |  20 |       41.899495 |        1.115331 |        0.000963 |       41.900568 |
 |  21 |       41.899495 |        1.115331 |        0.000963 |       41.900568 |
 |  22 |       41.953911 |       -3.541355 |        0.573275 |       39.923740 |
 |  23 |       41.953911 |       -3.541355 |        0.573275 |       39.923740 |
 |  24 |       43.833759 |       -2.705850 |        0.732075 |       41.852873 |
 |  25 |       46.637028 |     -434.821477 |        0.000000 |       46.636813 |
 -------------------------------------------------------------------------------
          G0W0 HOMO      energy:      -9.125383 eV
          G0W0 LUMO      energy:      -1.729411 eV
          G0W0 HOMO-LUMO gap   :       7.395972 eV
 -------------------------------------------------------------------------------
    RPA@G0W0 total energy      :     -15.605485 au
    RPA@G0W0 correlation energy:      -0.099881 au
    GM@G0W0  total energy      :     -15.676466 au
    GM@G0W0  correlation energy:      -0.170862 au
 -------------------------------------------------------------------------------


 -------------------------------------------------------------
   BSE@GW       calculation: singlet        manifold
 -------------------------------------------------------------
 | State |  Excitation energy (au) |  Excitation energy (eV) |
 -------------------------------------------------------------
 |     1 |                0.124208 |                3.379868 |
 |     2 |                0.130723 |                3.557143 |
 |     3 |                0.130723 |                3.557143 |
 |     4 |                0.158369 |                4.309437 |
 |     5 |                0.214841 |                5.846117 |
 |     6 |                0.214841 |                5.846117 |
 |     7 |                0.255611 |                6.955518 |
 |     8 |                0.285693 |                7.774090 |
 |     9 |                0.376564 |               10.246823 |
 |    10 |                0.376564 |               10.246823 |
 |    11 |                0.393121 |               10.697379 |
 |    12 |                0.429012 |               11.673998 |
 |    13 |                0.429012 |               11.673998 |
 |    14 |                0.459207 |               12.495646 |
 |    15 |                0.474294 |               12.906207 |
 |    16 |                0.514254 |               13.993566 |
 |    17 |                0.682077 |               18.560262 |
 |    18 |                0.682077 |               18.560262 |
 |    19 |                0.710529 |               19.334480 |
 |    20 |                0.710529 |               19.334480 |
 -------------------------------------------------------------

 ---------------------------------------------------------------
                 Transition dipole moment (au)                  
 ---------------------------------------------------------------
  #           X           Y           Z   dip. str.   osc. str.
 ---------------------------------------------------------------
  1    0.000000    0.000000   -2.592123    6.719099    0.556377
  2   -0.000000    0.000000   -0.000000    0.000000    0.000000
  3    0.000000   -0.000000    0.000000    0.000000    0.000000
  4    0.000000   -0.000000   -0.000000    0.000000    0.000000
  5    1.026391   -1.196762   -0.000000    2.485719    0.356023
  6   -1.196762   -1.026391    0.000000    2.485719    0.356023
  7    0.000000    0.000000   -0.000000    0.000000    0.000000
  8   -0.000000    0.000000    0.631142    0.398341    0.075869
  9   -0.000000   -0.000000    0.000000    0.000000    0.000000
 10    0.000000   -0.000000    0.000000    0.000000    0.000000
 ---------------------------------------------------------------

 -------------------------------------------------------------
 Excitation n.   1:   3.379868 eV  f = 0.5564  <S**2> = 0.0000
 -------------------------------------------------------------
  3 ->   4 =   0.769754
  2 <-   7 =  -0.071414
  3 <-   4 =  -0.298911

 -------------------------------------------------------------
 Excitation n.   2:   3.557143 eV  f = 0.0000  <S**2> = 0.0000
 -------------------------------------------------------------
  3 ->   5 =  -0.096495
  3 ->   6 =   0.694504
  3 ->   9 =   0.091144

 -------------------------------------------------------------
 Excitation n.   3:   3.557143 eV  f = 0.0000  <S**2> = 0.0000
 -------------------------------------------------------------
  3 ->   5 =   0.694504
  3 ->   6 =   0.096495
  3 ->  10 =  -0.091144

 -------------------------------------------------------------
 Excitation n.   4:   4.309437 eV  f = 0.0000  <S**2> = 0.0000
 -------------------------------------------------------------
  2 ->   4 =  -0.705570
  3 ->   7 =   0.178156
  2 <-   4 =   0.136398
  3 <-   7 =   0.104491

 -------------------------------------------------------------
 Excitation n.   5:   5.846117 eV  f = 0.3560  <S**2> = 0.0000
 -------------------------------------------------------------
  2 ->   5 =   0.350440
  2 ->   6 =  -0.615835

 -------------------------------------------------------------
 Excitation n.   6:   5.846117 eV  f = 0.3560  <S**2> = 0.0000
 -------------------------------------------------------------
  2 ->   5 =  -0.615835
  2 ->   6 =  -0.350440

 -------------------------------------------------------------
 Excitation n.   7:   6.955518 eV  f = 0.0000  <S**2> = 0.0000
 -------------------------------------------------------------
  2 ->   4 =   0.234305
  3 ->   7 =   0.701004
  2 <-   4 =  -0.181213
  3 <-   7 =  -0.125841

 -------------------------------------------------------------
 Excitation n.   8:   7.774090 eV  f = 0.0759  <S**2> = 0.0000
 -------------------------------------------------------------
  2 ->   7 =  -0.712089
  3 <-   4 =   0.071619

 -------------------------------------------------------------
 Excitation n.   9:  10.246823 eV  f = 0.0000  <S**2> = 0.0000
 -------------------------------------------------------------
  3 ->   5 =  -0.080825
  3 ->   9 =   0.344636
  3 ->  10 =  -0.610308

 -------------------------------------------------------------
 Excitation n.  10:  10.246823 eV  f = 0.0000  <S**2> = 0.0000
 -------------------------------------------------------------
  3 ->   6 =   0.080825
  3 ->   9 =  -0.610308
  3 ->  10 =  -0.344636

Thomas-Reiche-Kuhn sum rule =   1.344291


 *** dynamical TDA activated ***

 ---------------------------------------------------------------------------------------------------
  First-order dynamical correction to static Bethe-Salpeter excitation energies                     
 ---------------------------------------------------------------------------------------------------
  BSE neutral excitation must be lower than the GW gap =   7.395972 eV
 ---------------------------------------------------------------------------------------------------
      #          Static (eV)         Dynamic (eV)      Correction (eV)         Renorm. (eV)
 ---------------------------------------------------------------------------------------------------
      1            3.379868            3.330230           -0.049638            1.012512
      2            3.557143            3.622441            0.065299            0.992192
      3            3.557143            3.622441            0.065299            0.992192
      4            4.309437            4.388879            0.079443            0.993261
      5            5.846117            5.754645           -0.091472            1.014551
      6            5.846117            5.754645           -0.091472            1.014551
      7            6.955518            6.827586           -0.127932            1.040320
      8            7.774090            7.667674           -0.106416            1.018306
      9           10.246823           10.307256            0.060433            0.993559
     10           10.246823           10.307256            0.060433            0.993559
 ---------------------------------------------------------------------------------------------------

 You may have instabilities in linear response: negative excitations!!

 -------------------------------------------------------------
   BSE@GW       calculation: triplet        manifold
 -------------------------------------------------------------
 | State |  Excitation energy (au) |  Excitation energy (eV) |
 -------------------------------------------------------------
 |     1 |                     NaN |                     NaN |
 |     2 |                0.025680 |                0.698799 |
 |     3 |                0.117380 |                3.194062 |
 |     4 |                0.117380 |                3.194062 |
 |     5 |                0.145683 |                3.964228 |
 |     6 |                0.145683 |                3.964228 |
 |     7 |                0.187692 |                5.107363 |
 |     8 |                0.221844 |                6.036671 |
 |     9 |                0.370890 |               10.092440 |
 |    10 |                0.370890 |               10.092440 |
 |    11 |                0.375418 |               10.215633 |
 |    12 |                0.399990 |               10.884285 |
 |    13 |                0.404455 |               11.005792 |
 |    14 |                0.404455 |               11.005792 |
 |    15 |                0.469332 |               12.771179 |
 |    16 |                0.496872 |               13.520588 |
 |    17 |                0.678057 |               18.450863 |
 |    18 |                0.678057 |               18.450863 |
 |    19 |                0.680521 |               18.517916 |
 |    20 |                0.680521 |               18.517916 |
 -------------------------------------------------------------

 -------------------------------------------------------------
 Excitation n.   1:        NaN eV  f = 0.0000  <S**2> = 2.0000
 -------------------------------------------------------------

 -------------------------------------------------------------
 Excitation n.   2:   0.698799 eV  f = 0.0000  <S**2> = 2.0000
 -------------------------------------------------------------
  2 ->   4 =  -0.770918
  3 ->   7 =  -0.356018
  2 <-   4 =  -0.423535
  3 <-   7 =  -0.215361

 -------------------------------------------------------------
 Excitation n.   3:   3.194062 eV  f = 0.0000  <S**2> = 2.0000
 -------------------------------------------------------------
  3 ->   6 =   0.700182
  3 ->   9 =   0.091749

 -------------------------------------------------------------
 Excitation n.   4:   3.194062 eV  f = 0.0000  <S**2> = 2.0000
 -------------------------------------------------------------
  3 ->   5 =   0.700182
  3 ->  10 =  -0.091749

 -------------------------------------------------------------
 Excitation n.   5:   3.964228 eV  f = 0.0000  <S**2> = 2.0000
 -------------------------------------------------------------
  2 ->   5 =  -0.660205
  2 ->   6 =  -0.224430
  2 ->  10 =   0.118557

 -------------------------------------------------------------
 Excitation n.   6:   3.964228 eV  f = 0.0000  <S**2> = 2.0000
 -------------------------------------------------------------
  2 ->   5 =   0.224430
  2 ->   6 =  -0.660205
  2 ->   9 =  -0.118557

 -------------------------------------------------------------
 Excitation n.   7:   5.107363 eV  f = 0.0000  <S**2> = 2.0000
 -------------------------------------------------------------
  2 ->   4 =   0.286927
  3 ->   7 =  -0.642785

 -------------------------------------------------------------
 Excitation n.   8:   6.036671 eV  f = 0.0000  <S**2> = 2.0000
 -------------------------------------------------------------
  2 ->   7 =   0.674809
  2 ->  11 =  -0.088970
  3 ->   4 =  -0.189641

 -------------------------------------------------------------
 Excitation n.   9:  10.092440 eV  f = 0.0000  <S**2> = 2.0000
 -------------------------------------------------------------
  3 ->   6 =   0.093010
  3 ->   9 =  -0.700088

 -------------------------------------------------------------
 Excitation n.  10:  10.092440 eV  f = 0.0000  <S**2> = 2.0000
 -------------------------------------------------------------
  3 ->   5 =   0.093010
  3 ->  10 =   0.700088

Thomas-Reiche-Kuhn sum rule =   0.000000


 *** dynamical TDA activated ***

 ---------------------------------------------------------------------------------------------------
  First-order dynamical correction to static Bethe-Salpeter excitation energies                     
 ---------------------------------------------------------------------------------------------------
  BSE neutral excitation must be lower than the GW gap =   7.395972 eV
 ---------------------------------------------------------------------------------------------------
      #          Static (eV)         Dynamic (eV)      Correction (eV)         Renorm. (eV)
 ---------------------------------------------------------------------------------------------------
      1                 NaN                 NaN                 NaN                 NaN
      2            0.698799            0.049140           -0.649659            1.041757
      3            3.194062            3.251278            0.057216            0.992937
      4            3.194062            3.251278            0.057216            0.992937
      5            3.964228            3.811486           -0.152742            1.014476
      6            3.964228            3.811486           -0.152742            1.014476
      7            5.107363            5.207802            0.100439            0.978889
      8            6.036671            5.974057           -0.062614            0.995182
      9           10.092440           10.152136            0.059696            0.993722
     10           10.092440           10.152136            0.059696            0.993722
 ---------------------------------------------------------------------------------------------------


 -------------------------------------------------------------------------------
          Tr@BSE@G0W0 correlation energy (singlet) =       -0.1054052811
          Tr@BSE@G0W0 correlation energy (triplet) =                 NaN
          Tr@BSE@G0W0 correlation energy           =                 NaN
          Tr@BSE@G0W0 total energy                 =                 NaN
 -------------------------------------------------------------------------------

                                       Total CPU time for G0W0 =      0.058 seconds


 ************************************************
 |          One-shot G0T0 calculation           |
 ************************************************


 -------------------------------------------------------------
   pp-RPA (N+2) calculation: alpha-beta     manifold
 -------------------------------------------------------------
 | State |  Excitation energy (au) |  Excitation energy (eV) |
 -------------------------------------------------------------
 |     1 |                0.135053 |                3.674976 |
 |     2 |                0.171499 |                4.666731 |
 |     3 |                0.171499 |                4.666731 |
 |     4 |                0.214419 |                5.834645 |
 |     5 |                0.214419 |                5.834645 |
 |     6 |                0.260425 |                7.086533 |
 |     7 |                0.267785 |                7.286807 |
 |     8 |                0.288949 |                7.862697 |
 |     9 |                0.288949 |                7.862697 |
 |    10 |                0.311197 |                8.468097 |
 |    11 |                0.363800 |                9.899515 |
 |    12 |                0.363800 |                9.899515 |
 |    13 |                0.370685 |               10.086857 |
 |    14 |                0.377948 |               10.284489 |
 |    15 |                0.377948 |               10.284489 |
 |    16 |                0.409069 |               11.131328 |
 |    17 |                0.439507 |               11.959608 |
 |    18 |                0.464001 |               12.626110 |
 |    19 |                0.464001 |               12.626110 |
 |    20 |                0.468224 |               12.741020 |
 -------------------------------------------------------------


 -------------------------------------------------------------
   pp-RPA (N-2) calculation: alpha-beta     manifold
 -------------------------------------------------------------
 | State |  Excitation energy (au) |  Excitation energy (eV) |
 -------------------------------------------------------------
 |     1 |              -12.019128 |             -327.057122 |
 |     2 |               -5.617273 |             -152.853786 |
 |     3 |               -5.597620 |             -152.319003 |
 |     4 |               -5.452853 |             -148.379689 |
 |     5 |               -5.450265 |             -148.309252 |
 |     6 |               -1.097181 |              -29.855826 |
 |     7 |               -1.074183 |              -29.230006 |
 |     8 |               -0.860439 |              -23.413727 |
 |     9 |               -0.860330 |              -23.410778 |
 -------------------------------------------------------------


 -------------------------------------------------------------
   pp-RPA (N+2) calculation: alpha-alpha    manifold
 -------------------------------------------------------------
 | State |  Excitation energy (au) |  Excitation energy (eV) |
 -------------------------------------------------------------
 |     1 |                0.171499 |                4.666731 |
 |     2 |                0.171499 |                4.666731 |
 |     3 |                0.260425 |                7.086533 |
 |     4 |                0.267785 |                7.286807 |
 |     5 |                0.363800 |                9.899515 |
 |     6 |                0.363800 |                9.899515 |
 |     7 |                0.409069 |               11.131328 |
 |     8 |                0.468224 |               12.741020 |
 |     9 |                0.468224 |               12.741020 |
 |    10 |                0.502642 |               13.677590 |
 |    11 |                0.502642 |               13.677590 |
 |    12 |                0.513114 |               13.962549 |
 |    13 |                0.536248 |               14.592063 |
 |    14 |                0.536248 |               14.592063 |
 |    15 |                0.553728 |               15.067708 |
 |    16 |                0.576842 |               15.696657 |
 |    17 |                0.587500 |               15.986687 |
 |    18 |                0.587500 |               15.986687 |
 |    19 |                0.603140 |               16.412270 |
 |    20 |                0.661270 |               17.994060 |
 -------------------------------------------------------------


 -------------------------------------------------------------
   pp-RPA (N-2) calculation: alpha-alpha    manifold
 -------------------------------------------------------------
 | State |  Excitation energy (au) |  Excitation energy (eV) |
 -------------------------------------------------------------
 |     1 |               -5.597620 |             -152.319003 |
 |     2 |               -5.450265 |             -148.309252 |
 |     3 |               -0.860330 |              -23.410778 |
 -------------------------------------------------------------

 -------------------------------------------------------------------------------
   One-shot G0T0 calculation (T-matrix self-energy)  
 -------------------------------------------------------------------------------
 |   # |       e_HF (eV) |    Sigma_T (eV) |               Z |       e_QP (eV) |
 -------------------------------------------------------------------------------
 |   1 |     -132.553599 |        4.039604 |        0.856539 |     -129.093520 |
 |   2 |      -10.483155 |        0.141812 |        0.957497 |      -10.347370 |
 |   3 |       -8.831172 |        0.064884 |        0.963017 |       -8.768687 |
 |   4 |       -1.285869 |       -0.469399 |        0.968118 |       -1.740303 |
 |   5 |        0.730421 |       -0.669049 |        0.972013 |        0.080097 |
 |   6 |        0.730421 |       -0.669049 |        0.972013 |        0.080097 |
 |   7 |        3.404726 |       -0.794660 |        0.951173 |        2.648867 |
 |   8 |        7.468726 |       -0.551019 |        0.970647 |        6.933882 |
 |   9 |        7.936846 |       -1.019631 |        0.949570 |        6.968635 |
 |  10 |        7.936846 |       -1.019631 |        0.949570 |        6.968635 |
 |  11 |        9.331752 |       -0.673882 |        0.960778 |        8.684302 |
 |  12 |       15.780708 |       -1.241416 |        0.863930 |       14.708211 |
 |  13 |       15.780708 |       -1.241416 |        0.863930 |       14.708211 |
 |  14 |       16.016179 |       -0.809789 |        0.890954 |       15.294694 |
 |  15 |       16.016179 |       -0.809789 |        0.890954 |       15.294694 |
 |  16 |       17.379866 |       -1.287187 |        0.601128 |       16.606102 |
 |  17 |       19.682552 |       -1.231029 |        0.564555 |       18.987568 |
 |  18 |       20.871393 |       -1.654240 |        0.372503 |       20.255184 |
 |  19 |       30.146564 |       -1.430763 |        0.574952 |       29.323944 |
 |  20 |       41.899495 |       -2.646773 |        0.317787 |       41.058384 |
 |  21 |       41.899495 |       -2.646773 |        0.317787 |       41.058384 |
 |  22 |       41.953911 |       -2.737581 |        0.814537 |       39.724049 |
 |  23 |       41.953911 |       -2.737581 |        0.814537 |       39.724049 |
 |  24 |       43.833759 |       -2.847519 |        0.357755 |       42.815044 |
 |  25 |       46.637028 |       -2.968595 |        0.194432 |       46.059838 |
 -------------------------------------------------------------------------------
             G0T0 HOMO      energy (eV)            =      -8.768687 eV
             G0T0 LUMO      energy (eV)            =      -1.740303 eV
             G0T0 HOMO-LUMO gap    (eV)            =       7.028385 eV
 -------------------------------------------------------------------------------
        Tr@ppRPA@G0T0 correlation energy (singlet) =       -0.0369910371 au
        Tr@ppRPA@G0T0 correlation energy (triplet) =       -0.0022997627 au
        Tr@ppRPA@G0T0 correlation energy           =       -0.0392907998 au
        Tr@ppRPA@G0T0 total energy                 =      -15.5448945533 au
              GM@G0T0 correlation energy           =       -0.0597641465 au
              GM@G0T0 total energy                 =      -15.5653678999 au
 -------------------------------------------------------------------------------


 -------------------------------------------------------------
   BSE@GT       calculation: singlet        manifold
 -------------------------------------------------------------
 | State |  Excitation energy (au) |  Excitation energy (eV) |
 -------------------------------------------------------------
 |     1 |                0.135373 |                3.683679 |
 |     2 |                0.135373 |                3.683679 |
 |     3 |                0.155509 |                4.231623 |
 |     4 |                0.168350 |                4.581046 |
 |     5 |                0.194727 |                5.298792 |
 |     6 |                0.194727 |                5.298792 |
 |     7 |                0.244904 |                6.664172 |
 |     8 |                0.281828 |                7.668932 |
 |     9 |                0.384494 |               10.462606 |
 |    10 |                0.384494 |               10.462606 |
 |    11 |                0.386651 |               10.521297 |
 |    12 |                0.416503 |               11.333638 |
 |    13 |                0.416503 |               11.333638 |
 |    14 |                0.428064 |               11.648223 |
 |    15 |                0.474160 |               12.902546 |
 |    16 |                0.496392 |               13.507505 |
 |    17 |                0.653190 |               17.774211 |
 |    18 |                0.653190 |               17.774211 |
 |    19 |                0.679178 |               18.481365 |
 |    20 |                0.679178 |               18.481365 |
 -------------------------------------------------------------

 ---------------------------------------------------------------
                 Transition dipole moment (au)                  
 ---------------------------------------------------------------
  #           X           Y           Z   dip. str.   osc. str.
 ---------------------------------------------------------------
  1   -0.000000   -0.000000   -0.000000    0.000000    0.000000
  2   -0.000000    0.000000   -0.000000    0.000000    0.000000
  3   -0.000000    0.000000    4.460554   19.896538    2.062731
  4   -0.000000   -0.000000    0.000000    0.000000    0.000000
  5   -0.486802    1.660718   -0.000000    2.994961    0.388800
  6    1.660718    0.486802    0.000000    2.994961    0.388800
  7    0.000000    0.000000   -0.000000    0.000000    0.000000
  8    0.000000   -0.000000    0.545242    0.297289    0.055856
  9    0.000000   -0.000000   -0.000000    0.000000    0.000000
 10    0.000000    0.000000    0.000000    0.000000    0.000000
 ---------------------------------------------------------------

 -------------------------------------------------------------
 Excitation n.   1:   3.683679 eV  f = 0.0000  <S**2> = 0.0000
 -------------------------------------------------------------
  3 ->   5 =  -0.347064
  3 ->   6 =   0.610752

 -------------------------------------------------------------
 Excitation n.   2:   3.683679 eV  f = 0.0000  <S**2> = 0.0000
 -------------------------------------------------------------
  3 ->   5 =  -0.610752
  3 ->   6 =  -0.347064

 -------------------------------------------------------------
 Excitation n.   3:   4.231623 eV  f = 2.0627  <S**2> = 0.0000
 -------------------------------------------------------------
  2 ->   7 =  -0.079574
  3 ->   4 =  -0.705277

 -------------------------------------------------------------
 Excitation n.   4:   4.581046 eV  f = 0.0000  <S**2> = 0.0000
 -------------------------------------------------------------
  2 ->   4 =   0.688630
  3 ->   7 =  -0.165796

 -------------------------------------------------------------
 Excitation n.   5:   5.298792 eV  f = 0.3888  <S**2> = 0.0000
 -------------------------------------------------------------
  2 ->   6 =   0.696451
  2 ->   9 =   0.102497

 -------------------------------------------------------------
 Excitation n.   6:   5.298792 eV  f = 0.3888  <S**2> = 0.0000
 -------------------------------------------------------------
  2 ->   5 =   0.696451
  2 ->  10 =  -0.102497

 -------------------------------------------------------------
 Excitation n.   7:   6.664172 eV  f = 0.0000  <S**2> = 0.0000
 -------------------------------------------------------------
  2 ->   4 =   0.166899
  3 ->   7 =   0.684222

 -------------------------------------------------------------
 Excitation n.   8:   7.668932 eV  f = 0.0559  <S**2> = 0.0000
 -------------------------------------------------------------
  2 ->   7 =  -0.695368
  2 ->  11 =   0.085514
  3 ->   4 =   0.077875

 -------------------------------------------------------------
 Excitation n.   9:  10.462606 eV  f = 0.0000  <S**2> = 0.0000
 -------------------------------------------------------------
  3 ->   5 =   0.075368
  3 ->   9 =  -0.111465
  3 ->  10 =   0.693671

 -------------------------------------------------------------
 Excitation n.  10:  10.462606 eV  f = 0.0000  <S**2> = 0.0000
 -------------------------------------------------------------
  3 ->   6 =   0.075368
  3 ->   9 =  -0.693671
  3 ->  10 =  -0.111465

Thomas-Reiche-Kuhn sum rule =   2.896187


 *** dynamical TDA activated ***

 ---------------------------------------------------------------------------------------------------
  First-order dynamical correction to static Bethe-Salpeter excitation energies                     
 ---------------------------------------------------------------------------------------------------
  BSE neutral excitation must be lower than the GT gap =   7.028385 eV
 ---------------------------------------------------------------------------------------------------
      #          Static (eV)         Dynamic (eV)      Correction (eV)         Renorm. (eV)
 ---------------------------------------------------------------------------------------------------
      1            3.683679            3.621011           -0.062668            1.002541
      2            3.683679            3.621011           -0.062668            1.002541
      3            4.231623            4.056545           -0.175078            1.003557
      4            4.581046            4.547959           -0.033086            0.983496
      5            5.298792            5.418900            0.120108            0.997200
      6            5.298792            5.418900            0.120108            0.997200
      7            6.664172            7.174238            0.510067            0.982566
      8            7.668932            7.674351            0.005419            1.001175
      9           10.462606           10.435793           -0.026813            1.002841
     10           10.462606           10.435793           -0.026813            1.002841
 ---------------------------------------------------------------------------------------------------

 You may have instabilities in linear response: A-B is not positive definite!!
 Problem in diagonalize_matrix (dsyev)!!

 -------------------------------------------------------------
   BSE@GT       calculation: triplet        manifold
 -------------------------------------------------------------
 | State |  Excitation energy (au) |  Excitation energy (eV) |
 -------------------------------------------------------------
 |     1 |                     NaN |                     NaN |
 |     2 |                     NaN |                     NaN |
 |     3 |                     NaN |                     NaN |
 |     4 |                     NaN |                     NaN |
 |     5 |                     NaN |                     NaN |
 |     6 |                     NaN |                     NaN |
 |     7 |                     NaN |                     NaN |
 |     8 |                     NaN |                     NaN |
 |     9 |                     NaN |                     NaN |
 |    10 |                     NaN |                     NaN |
 |    11 |                     NaN |                     NaN |
 |    12 |                     NaN |                     NaN |
 |    13 |                     NaN |                     NaN |
 |    14 |                     NaN |                     NaN |
 |    15 |                     NaN |                     NaN |
 |    16 |                     NaN |                     NaN |
 |    17 |                     NaN |                     NaN |
 |    18 |                     NaN |                     NaN |
 |    19 |                     NaN |                     NaN |
 |    20 |                     NaN |                     NaN |
 -------------------------------------------------------------

 -------------------------------------------------------------
 Excitation n.   1:        NaN eV  f = 0.0000  <S**2> = 2.0000
 -------------------------------------------------------------

 -------------------------------------------------------------
 Excitation n.   2:        NaN eV  f = 0.0000  <S**2> = 2.0000
 -------------------------------------------------------------

 -------------------------------------------------------------
 Excitation n.   3:        NaN eV  f = 0.0000  <S**2> = 2.0000
 -------------------------------------------------------------

 -------------------------------------------------------------
 Excitation n.   4:        NaN eV  f = 0.0000  <S**2> = 2.0000
 -------------------------------------------------------------

 -------------------------------------------------------------
 Excitation n.   5:        NaN eV  f = 0.0000  <S**2> = 2.0000
 -------------------------------------------------------------

 -------------------------------------------------------------
 Excitation n.   6:        NaN eV  f = 0.0000  <S**2> = 2.0000
 -------------------------------------------------------------

 -------------------------------------------------------------
 Excitation n.   7:        NaN eV  f = 0.0000  <S**2> = 2.0000
 -------------------------------------------------------------

 -------------------------------------------------------------
 Excitation n.   8:        NaN eV  f = 0.0000  <S**2> = 2.0000
 -------------------------------------------------------------

 -------------------------------------------------------------
 Excitation n.   9:        NaN eV  f = 0.0000  <S**2> = 2.0000
 -------------------------------------------------------------

 -------------------------------------------------------------
 Excitation n.  10:        NaN eV  f = 0.0000  <S**2> = 2.0000
 -------------------------------------------------------------

Thomas-Reiche-Kuhn sum rule =   0.000000


 *** dynamical TDA activated ***

 ---------------------------------------------------------------------------------------------------
  First-order dynamical correction to static Bethe-Salpeter excitation energies                     
 ---------------------------------------------------------------------------------------------------
  BSE neutral excitation must be lower than the GT gap =   7.028385 eV
 ---------------------------------------------------------------------------------------------------
      #          Static (eV)         Dynamic (eV)      Correction (eV)         Renorm. (eV)
 ---------------------------------------------------------------------------------------------------
      1                 NaN                 NaN                 NaN                 NaN
      2                 NaN                 NaN                 NaN                 NaN
      3                 NaN                 NaN                 NaN                 NaN
      4                 NaN                 NaN                 NaN                 NaN
      5                 NaN                 NaN                 NaN                 NaN
      6                 NaN                 NaN                 NaN                 NaN
      7                 NaN                 NaN                 NaN                 NaN
      8                 NaN                 NaN                 NaN                 NaN
      9                 NaN                 NaN                 NaN                 NaN
     10                 NaN                 NaN                 NaN                 NaN
 ---------------------------------------------------------------------------------------------------


 -------------------------------------------------------------------------------
          Tr@BSE@G0T0 correlation energy (singlet) =       -0.0056821980 au
          Tr@BSE@G0T0 correlation energy (triplet) =                 NaN au
          Tr@BSE@G0T0 correlation energy           =                 NaN au
          Tr@BSE@G0T0 total energy                 =                 NaN au
 -------------------------------------------------------------------------------

                                       Total CPU time for G0T0 =      2.661 seconds

                                      Total CPU time for QuAcK =      4.100 seconds

