78 significant shell pairs computed in 0.000098 seconds
0
Computed Electron repulsion integrals Integrals in parallel in 0.245114 seconds

 ******************************************************************************************
 *            QuAcK                       QuAcK                         QuAcK             *
 *   __        __        __       __        __        __       __        __        __     *
 * <(o )___  <(o )___  <(o )___ <(o )___  <(o )___  <(o )___ <(o )___  <(o )___  <(o )___ *
 * ( ._> /   ( ._> /   ( ._> /  ( ._> /   ( ._> /   ( ._> /  ( ._> /   ( ._> /   ( ._> /  *
 *|--------------------------------------------------------------------------------------|*
 ******************************************************************************************

      ----------------------
             Number of atoms                3
      ----------------------

      ----------------------
Number of spin-up   electron                3
Number of spin-down electron                3
    Total number of electron                6
      ----------------------

      ----------------------
Number of core      electron                0
Number of Rydberg   electron                0
      ----------------------

          ------------------
          Molecular geometry
          ------------------
                    Atom n.                 1
                        Z =      4.0000000000
           Atom coordinates:     0.0000000000    0.0000000000    0.0000000000
                    Atom n.                 2
                        Z =      1.0000000000
           Atom coordinates:     0.0000000000    0.0000000000    5.6691783764
                    Atom n.                 3
                        Z =      1.0000000000
           Atom coordinates:     0.0000000000    0.0000000000   -5.6691783764

          ------------------
 Nuclear repulsion energy =      1.4993354302
          ------------------

          Gaussian basis set
          ------------------
                    Atom n.                 1
           number of shells                 6
          ------------------
      s-type shell with K =                 9
                                    Exponents     Contraction
                              2940.0000000000    0.0006800000
                               441.2000000000    0.0052360000
                               100.5000000000    0.0266060000
                                28.4300000000    0.0999930000
                                 9.1690000000    0.2697020000
                                 3.1960000000    0.4514690000
                                 1.1590000000    0.2950740000
                                 0.1811000000    0.0125870000
                                 0.0589000000   -0.0037560000
      s-type shell with K =                 9
                                    Exponents     Contraction
                              2940.0000000000   -0.0001230000
                               441.2000000000   -0.0009660000
                               100.5000000000   -0.0048310000
                                28.4300000000   -0.0193140000
                                 9.1690000000   -0.0532800000
                                 3.1960000000   -0.1207230000
                                 1.1590000000   -0.1334350000
                                 0.1811000000    0.5307670000
                                 0.0589000000    0.5801170000
      s-type shell with K =                 1
                                    Exponents     Contraction
                                 0.0589000000    1.0000000000
      p-type shell with K =                 4
                                    Exponents     Contraction
                                 3.6190000000    0.0291110000
                                 0.7110000000    0.1693650000
                                 0.1951000000    0.5134580000
                                 0.0601800000    0.4793380000
      p-type shell with K =                 1
                                    Exponents     Contraction
                                 0.0601800000    1.0000000000
      d-type shell with K =                 1
                                    Exponents     Contraction
                                 0.2354000000    1.0000000000
          ------------------
                    Atom n.                 2
           number of shells                 3
          ------------------
      s-type shell with K =                 4
                                    Exponents     Contraction
                                13.0100000000    0.0196850000
                                 1.9620000000    0.1379770000
                                 0.4446000000    0.4781480000
                                 0.1220000000    0.5012400000
      s-type shell with K =                 1
                                    Exponents     Contraction
                                 0.1220000000    1.0000000000
      p-type shell with K =                 1
                                    Exponents     Contraction
                                 0.7270000000    1.0000000000
          ------------------
                    Atom n.                 3
           number of shells                 3
          ------------------
      s-type shell with K =                 4
                                    Exponents     Contraction
                                13.0100000000    0.0196850000
                                 1.9620000000    0.1379770000
                                 0.4446000000    0.4781480000
                                 0.1220000000    0.5012400000
      s-type shell with K =                 1
                                    Exponents     Contraction
                                 0.1220000000    1.0000000000
      p-type shell with K =                 1
                                    Exponents     Contraction
                                 0.7270000000    1.0000000000
          ------------------
            Number of shells               12
          ------------------

          ------------------
   Number of basis functions               25
          ------------------

 Scaling integrals by    1.0000000000000000     

                          Total CPU time for reading integrals =      0.021 seconds


 ************************************************
 |    Restricted Hartree-Fock calculation       |
 ************************************************


 ----------------------------------------------------
 | RHF calculation                                  |
 ----------------------------------------------------
 |   # |        HF energy |       Conv |     HL Gap |
 ----------------------------------------------------
 |   1 |   -15.0583788824 |   0.235470 |   0.991610 |
 |   2 |   -15.1833556776 |   0.208942 |   1.068394 |
 |   3 |   -15.2719285787 |   0.163361 |   1.129060 |
 |   4 |   -15.3294999042 |   0.118689 |   1.162764 |
 |   5 |   -15.3657459131 |   0.083775 |   1.181468 |
 |   6 |   -15.3885432473 |   0.067709 |   1.191347 |
 |   7 |   -15.4030738860 |   0.053689 |   1.196398 |
 |   8 |   -15.4125135423 |   0.042212 |   1.198930 |
 |   9 |   -15.4187741591 |   0.033127 |   1.200201 |
 |  10 |   -15.4230118037 |   0.026066 |   1.200865 |
 |  11 |   -15.4259354266 |   0.020603 |   1.201253 |
 |  12 |   -15.4279879191 |   0.016392 |   1.201527 |
 |  13 |   -15.4294516339 |   0.013142 |   1.201759 |
 |  14 |   -15.4305103071 |   0.010621 |   1.201980 |
 |  15 |   -15.4312858843 |   0.008655 |   1.202200 |
 |  16 |   -15.4318607956 |   0.007111 |   1.202420 |
 |  17 |   -15.4322916879 |   0.005891 |   1.202637 |
 |  18 |   -15.4326180620 |   0.004917 |   1.202848 |
 |  19 |   -15.4328678162 |   0.004135 |   1.203050 |
 |  20 |   -15.4330608743 |   0.003500 |   1.203240 |
 |  21 |   -15.4332116044 |   0.002982 |   1.203419 |
 |  22 |   -15.4333304586 |   0.002554 |   1.203583 |
 |  23 |   -15.4334251006 |   0.002199 |   1.203735 |
 |  24 |   -15.4335011918 |   0.001902 |   1.203873 |
 |  25 |   -15.4335629442 |   0.001651 |   1.203999 |
 |  26 |   -15.4336135138 |   0.001438 |   1.204113 |
 |  27 |   -15.4336552827 |   0.001257 |   1.204216 |
 |  28 |   -15.4336900620 |   0.001101 |   1.204308 |
 |  29 |   -15.4337192391 |   0.000966 |   1.204391 |
 |  30 |   -15.4337438855 |   0.000850 |   1.204465 |
 |  31 |   -15.4337648354 |   0.000749 |   1.204531 |
 |  32 |   -15.4337827438 |   0.000660 |   1.204591 |
 |  33 |   -15.4337981294 |   0.000583 |   1.204644 |
 |  34 |   -15.4338114066 |   0.000516 |   1.204691 |
 |  35 |   -15.4338229093 |   0.000456 |   1.204733 |
 |  36 |   -15.4338329090 |   0.000404 |   1.204771 |
 |  37 |   -15.4338416281 |   0.000358 |   1.204804 |
 |  38 |   -15.4338492503 |   0.000317 |   1.204834 |
 |  39 |   -15.4338559286 |   0.000281 |   1.204860 |
 |  40 |   -15.4338617913 |   0.000249 |   1.204884 |
 |  41 |   -15.4338669465 |   0.000221 |   1.204905 |
 |  42 |   -15.4338714862 |   0.000196 |   1.204923 |
 |  43 |   -15.4338754888 |   0.000174 |   1.204940 |
 |  44 |   -15.4338790216 |   0.000155 |   1.204955 |
 |  45 |   -15.4338821426 |   0.000137 |   1.204968 |
 |  46 |   -15.4338849019 |   0.000122 |   1.204979 |
 |  47 |   -15.4338873431 |   0.000108 |   1.204990 |
 |  48 |   -15.4338895041 |   0.000096 |   1.204999 |
 |  49 |   -15.4338914181 |   0.000085 |   1.205007 |
 |  50 |   -15.4338931139 |   0.000076 |   1.205014 |
 |  51 |   -15.4338946171 |   0.000067 |   1.205021 |
 |  52 |   -15.4338959499 |   0.000060 |   1.205026 |
 |  53 |   -15.4338971319 |   0.000053 |   1.205032 |
 |  54 |   -15.4338981805 |   0.000047 |   1.205036 |
 |  55 |   -15.4338991108 |   0.000042 |   1.205040 |
 |  56 |   -15.4338999365 |   0.000037 |   1.205044 |
 |  57 |   -15.4339006693 |   0.000033 |   1.205047 |
 |  58 |   -15.4339013198 |   0.000029 |   1.205050 |
 |  59 |   -15.4339018974 |   0.000026 |   1.205052 |
 |  60 |   -15.4339024102 |   0.000023 |   1.205054 |
 |  61 |   -15.4339028655 |   0.000021 |   1.205056 |
 |  62 |   -15.4339032698 |   0.000018 |   1.205058 |
 |  63 |   -15.4339036289 |   0.000016 |   1.205060 |
 |  64 |   -15.4339039478 |   0.000014 |   1.205061 |
 |  65 |   -15.4339042310 |   0.000013 |   1.205062 |
 |  66 |   -15.4339044826 |   0.000011 |   1.205063 |
 |  67 |   -15.4339047061 |   0.000010 |   1.205064 |
 |  68 |   -15.4339049046 |   0.000009 |   1.205065 |
 |  69 |   -15.4339050809 |   0.000008 |   1.205066 |
 |  70 |   -15.4339052375 |   0.000007 |   1.205067 |
 |  71 |   -15.4339053767 |   0.000006 |   1.205067 |
 |  72 |   -15.4339055003 |   0.000006 |   1.205068 |
 |  73 |   -15.4339056101 |   0.000005 |   1.205068 |
 |  74 |   -15.4339057076 |   0.000004 |   1.205069 |
 |  75 |   -15.4339057943 |   0.000004 |   1.205069 |
 |  76 |   -15.4339058713 |   0.000003 |   1.205069 |
 |  77 |   -15.4339059397 |   0.000003 |   1.205070 |
 |  78 |   -15.4339060005 |   0.000003 |   1.205070 |
 |  79 |   -15.4339060544 |   0.000002 |   1.205070 |
 |  80 |   -15.4339061024 |   0.000002 |   1.205070 |
 |  81 |   -15.4339061450 |   0.000002 |   1.205071 |
 |  82 |   -15.4339061829 |   0.000002 |   1.205071 |
 |  83 |   -15.4339062165 |   0.000002 |   1.205071 |
 |  84 |   -15.4339062464 |   0.000001 |   1.205071 |
 |  85 |   -15.4339062729 |   0.000001 |   1.205071 |
 |  86 |   -15.4339062965 |   0.000001 |   1.205071 |
 |  87 |   -15.4339063175 |   0.000001 |   1.205071 |
 |  88 |   -15.4339063361 |   0.000001 |   1.205071 |
 |  89 |   -15.4339063527 |   0.000001 |   1.205072 |
 |  90 |   -15.4339063674 |   0.000001 |   1.205072 |
 |  91 |   -15.4339063804 |   0.000001 |   1.205072 |
 |  92 |   -15.4339063920 |   0.000001 |   1.205072 |
 |  93 |   -15.4339064023 |   0.000000 |   1.205072 |
 |  94 |   -15.4339064115 |   0.000000 |   1.205072 |
 |  95 |   -15.4339064196 |   0.000000 |   1.205072 |
 |  96 |   -15.4339064269 |   0.000000 |   1.205072 |
 |  97 |   -15.4339064333 |   0.000000 |   1.205072 |
 |  98 |   -15.4339064390 |   0.000000 |   1.205072 |
 |  99 |   -15.4339064441 |   0.000000 |   1.205072 |
 | 100 |   -15.4339064486 |   0.000000 |   1.205072 |
 | 101 |   -15.4339064526 |   0.000000 |   1.205072 |
 | 102 |   -15.4339064561 |   0.000000 |   1.205072 |
 | 103 |   -15.4339064593 |   0.000000 |   1.205072 |
 | 104 |   -15.4339064621 |   0.000000 |   1.205072 |
 | 105 |   -15.4339064646 |   0.000000 |   1.205072 |
 | 106 |   -15.4339064668 |   0.000000 |   1.205072 |
 | 107 |   -15.4339063938 |   0.000000 |   0.205072 |
 ----------------------------------------------------

         -----------------------------------------
           Summary              
         -----------------------------------------
           One-electron energy:    -22.7747999570 au
           Kinetic      energy:     14.9752015952 au
           Potential    energy:    -37.7500015523 au
         -----------------------------------------
           Two-electron energy:      5.8415581330 au
           Hartree      energy:      8.8702374432 au
           Exchange     energy:     -3.0286793103 au
         -----------------------------------------
           Electronic   energy:    -16.9332418241 au
           Nuclear   repulsion:      1.4993354302 au
           RHF          energy:    -15.4339063938 au
         -----------------------------------------
           HF HOMO      energy:         -8.108591 eV
           HF LUMO      energy:         -2.528297 eV
           HF HOMO-LUMO gap   :          5.580294 eV
         -----------------------------------------
          Dipole moment (Debye)    
                   X         Y         Z      Tot.
           -0.000000  0.000000  0.000000  0.000000
         -----------------------------------------

           ---------------------------------------
                 MO coefficients
           ---------------------------------------
                 1              2              3              4              5
      1     1.00041049    -0.00381842     0.00000000    -0.01505943     0.00000000
      2     0.00411276     0.74269762     0.00000000    -0.76539337     0.00000000
      3    -0.00071043     0.00416079     0.00000000     0.04589194     0.00000000
      4     0.00000000     0.00000000     0.00000000     0.00000000    -0.35794961
      5     0.00000000     0.00000000     0.00000000     0.00000000     0.52366272
      6     0.00000000     0.00000000     0.27387182     0.00000000     0.00000000
      7     0.00000000     0.00000000     0.00000000     0.00000000    -0.22640856
      8     0.00000000     0.00000000     0.00000000     0.00000000     0.33122462
      9     0.00000000     0.00000000     0.10881670     0.00000000     0.00000000
     10    -0.00170818    -0.01384303     0.00000000    -0.01368382     0.00000000
     11     0.00000000     0.00000000     0.00000000     0.00000000     0.00000000
     12     0.00000000     0.00000000     0.00000000     0.00000000     0.00000000
     13    -0.00170818    -0.01384303     0.00000000    -0.01368382     0.00000000
     14     0.00000000     0.00000000     0.00000000     0.00000000     0.00000000
     15    -0.00171413     0.02121096     0.00000000     0.03908743     0.00000000
     16     0.00008134     0.30432198     0.45755912     0.40295876     0.00000000
     17     0.00022584     0.07686485     0.10714748     0.22151893     0.00000000
     18     0.00000000     0.00000000     0.00000000     0.00000000    -0.00261405
     19     0.00000000     0.00000000     0.00000000     0.00000000     0.00382423
     20    -0.00004778    -0.00680868    -0.00453051     0.00346046     0.00000000
     21     0.00008134     0.30432198    -0.45755912     0.40295876     0.00000000
     22     0.00022584     0.07686485    -0.10714748     0.22151893     0.00000000
     23     0.00000000     0.00000000     0.00000000     0.00000000    -0.00261405
     24     0.00000000     0.00000000     0.00000000     0.00000000     0.00382423
     25     0.00004778     0.00680868    -0.00453051    -0.00346046     0.00000000
                 6              7              8              9             10
      1     0.00000000     0.00000000     0.59889715     0.00000000     0.00000000
      2     0.00000000     0.00000000     2.97399223     0.00000000     0.00000000
      3     0.00000000     0.00000000    -3.71642873     0.00000000     0.00000000
      4     0.52366272     0.00000000     0.00000000     1.79242106     0.38311780
      5     0.35794961     0.00000000     0.00000000    -0.38311780     1.79242106
      6     0.00000000    -0.82115405     0.00000000     0.00000000     0.00000000
      7     0.33122462     0.00000000     0.00000000    -1.85494646    -0.39648218
      8     0.22640856     0.00000000     0.00000000     0.39648218    -1.85494646
      9     0.00000000    -0.28723888     0.00000000     0.00000000     0.00000000
     10     0.00000000     0.00000000     0.17657394     0.00000000     0.00000000
     11     0.00000000     0.00000000     0.00000000     0.00000000     0.00000000
     12     0.00000000     0.00000000     0.00000000     0.00000000     0.00000000
     13     0.00000000     0.00000000     0.17657394     0.00000000     0.00000000
     14     0.00000000     0.00000000     0.00000000     0.00000000     0.00000000
     15     0.00000000     0.00000000     0.26770255     0.00000000     0.00000000
     16     0.00000000     0.25862581     0.05798124     0.00000000     0.00000000
     17     0.00000000     0.31219166     0.20610146     0.00000000     0.00000000
     18     0.00382423     0.00000000     0.00000000    -0.00703701    -0.00150411
     19     0.00261405     0.00000000     0.00000000     0.00150411    -0.00703701
     20     0.00000000     0.01365581    -0.00148517     0.00000000     0.00000000
     21     0.00000000    -0.25862581     0.05798124     0.00000000     0.00000000
     22     0.00000000    -0.31219166     0.20610146     0.00000000     0.00000000
     23     0.00382423     0.00000000     0.00000000    -0.00703701    -0.00150411
     24     0.00261405     0.00000000     0.00000000     0.00150411    -0.00703701
     25     0.00000000     0.01365581     0.00148517     0.00000000     0.00000000
                11             12             13             14             15
      1     0.00000000     0.00000000     0.00000000     0.00000000     0.00000000
      2     0.00000000     0.00000000     0.00000000     0.00000000     0.00000000
      3     0.00000000     0.00000000     0.00000000     0.00000000     0.00000000
      4     0.00000000     0.00000000     0.00000000     0.00000000     0.00000000
      5     0.00000000     0.00000000     0.00000000     0.00000000     0.00000000
      6     1.84649504     0.00000000     0.00000000     0.00000000     0.00000000
      7     0.00000000     0.00000000     0.00000000     0.00000000     0.00000000
      8     0.00000000     0.00000000     0.00000000     0.00000000     0.00000000
      9    -2.36885276     0.00000000     0.00000000     0.00000000     0.00000000
     10     0.00000000     0.86602539    -0.00017796     0.00000000     0.00000000
     11     0.00000000     0.00020549     0.99999998     0.00000000     0.00000000
     12     0.00000000     0.00000000     0.00000000     0.95457851    -0.29567992
     13     0.00000000    -0.86602539     0.00017796     0.00000000     0.00000000
     14     0.00000000     0.00000000     0.00000000    -0.29567992    -0.95457851
     15     0.00000000     0.00000000     0.00000000     0.00000000     0.00000000
     16     0.08780433     0.00000000     0.00000000     0.00000000     0.00000000
     17     0.39899458     0.00000000     0.00000000     0.00000000     0.00000000
     18     0.00000000     0.00000000     0.00000000     0.01745419    -0.00540642
     19     0.00000000     0.00000000     0.00000000    -0.00540642    -0.01745419
     20     0.00298123     0.00000000     0.00000000     0.00000000     0.00000000
     21    -0.08780433     0.00000000     0.00000000     0.00000000     0.00000000
     22    -0.39899458     0.00000000     0.00000000     0.00000000     0.00000000
     23     0.00000000     0.00000000     0.00000000    -0.01745419     0.00540642
     24     0.00000000     0.00000000     0.00000000     0.00540642     0.01745419
     25     0.00298123     0.00000000     0.00000000     0.00000000     0.00000000
                16             17             18             19             20
      1     0.04203574     0.00000000    -0.12563968     0.45121678     0.00000000
      2     0.24957025     0.00000000    -0.53081671     4.23479050     0.00000000
      3    -0.22160279     0.00000000     0.81307129    -1.16367812     0.00000000
      4     0.00000000     0.00000000     0.00000000     0.00000000     0.00000000
      5     0.00000000     0.00000000     0.00000000     0.00000000     0.00000000
      6     0.00000000    -0.14795071     0.00000000     0.00000000     0.00000000
      7     0.00000000     0.00000000     0.00000000     0.00000000     0.00000000
      8     0.00000000     0.00000000     0.00000000     0.00000000     0.00000000
      9     0.00000000     0.63932384     0.00000000     0.00000000     0.00000000
     10     0.43524302     0.00000000    -0.24840206    -1.49263307     0.00000000
     11     0.00000000     0.00000000     0.00000000     0.00000000     0.00000000
     12     0.00000000     0.00000000     0.00000000     0.00000000     0.02785798
     13     0.43524302     0.00000000    -0.24840206    -1.49263307     0.00000000
     14     0.00000000     0.00000000     0.00000000     0.00000000    -0.02744794
     15    -0.88801766     0.00000000     0.50261833    -1.40370508     0.00000000
     16     0.63498083     1.63260167     1.48648518     0.02529532     0.00000000
     17    -0.51942676    -1.93209472    -1.70622285    -0.12386144     0.00000000
     18     0.00000000     0.00000000     0.00000000     0.00000000    -0.50356934
     19     0.00000000     0.00000000     0.00000000     0.00000000     0.49615737
     20     0.06014377    -0.03849657    -0.06179975     0.03591035     0.00000000
     21     0.63498083    -1.63260167     1.48648518     0.02529532     0.00000000
     22    -0.51942676     1.93209472    -1.70622285    -0.12386144     0.00000000
     23     0.00000000     0.00000000     0.00000000     0.00000000     0.50356934
     24     0.00000000     0.00000000     0.00000000     0.00000000    -0.49615737
     25    -0.06014377    -0.03849657     0.06179975    -0.03591035     0.00000000
                21             22             23             24             25
      1     0.00000000     0.00000000     0.00000000    -0.09301655     0.00000000
      2     0.00000000     0.00000000     0.00000000    -0.45968978     0.00000000
      3     0.00000000     0.00000000     0.00000000     0.52058647     0.00000000
      4     0.00000000    -0.05813012     0.04275084     0.00000000     0.00000000
      5     0.00000000     0.04275084     0.05813012     0.00000000     0.00000000
      6     0.00000000     0.00000000     0.00000000     0.00000000     0.16237773
      7     0.00000000     0.09683598    -0.07121643     0.00000000     0.00000000
      8     0.00000000    -0.07121643    -0.09683598     0.00000000     0.00000000
      9     0.00000000     0.00000000     0.00000000     0.00000000    -0.46111483
     10     0.00000000     0.00000000     0.00000000    -0.07066976     0.00000000
     11     0.00000000     0.00000000     0.00000000     0.00000000     0.00000000
     12    -0.02744794     0.00000000     0.00000000     0.00000000     0.00000000
     13     0.00000000     0.00000000     0.00000000    -0.07066976     0.00000000
     14    -0.02785798     0.00000000     0.00000000     0.00000000     0.00000000
     15     0.00000000     0.00000000     0.00000000     0.24379132     0.00000000
     16     0.00000000     0.00000000     0.00000000     0.12866573    -0.17838246
     17     0.00000000     0.00000000     0.00000000    -0.20530377     0.33461205
     18     0.49615737    -0.57053305     0.41958914     0.00000000     0.00000000
     19     0.50356934     0.41958914     0.57053305     0.00000000     0.00000000
     20     0.00000000     0.00000000     0.00000000     0.70788024    -0.71916063
     21     0.00000000     0.00000000     0.00000000     0.12866573     0.17838246
     22     0.00000000     0.00000000     0.00000000    -0.20530377    -0.33461205
     23    -0.49615737    -0.57053305     0.41958914     0.00000000     0.00000000
     24    -0.50356934     0.41958914     0.57053305     0.00000000     0.00000000
     25     0.00000000     0.00000000     0.00000000    -0.70788024    -0.71916063

           ---------------------------------------
                     MO energies
           ---------------------------------------
                 1
      1    -4.88111254
      2    -0.36674407
      3    -0.29798524
      4    -0.09291322
      5     0.01976950
      6     0.01976950
      7     0.07796394
      8     0.27285486
      9     0.28462825
     10     0.28462825
     11     0.34637372
     12     0.57277496
     13     0.57277496
     14     0.58373444
     15     0.58373444
     16     0.58909220
     17     0.74100924
     18     0.74152046
     19     1.10908036
     20     1.52146708
     21     1.52146708
     22     1.52657898
     23     1.52657898
     24     1.57582958
     25     1.58142935

                                        Total CPU time for RHF =      0.859 seconds


 AO to MO transformation... Please be patient

                    Total CPU time for AO to MO transformation =      0.676 seconds


 ************************************************
 |          One-shot G0W0 calculation           |
 ************************************************


 -------------------------------------------------------------
   RPA@HF       calculation: singlet        manifold
 -------------------------------------------------------------
 | State |  Excitation energy (au) |  Excitation energy (eV) |
 -------------------------------------------------------------
 |     1 |                0.324988 |                8.843379 |
 |     2 |                0.324988 |                8.843379 |
 |     3 |                0.328342 |                8.934651 |
 |     4 |                0.332305 |                9.042470 |
 |     5 |                0.445962 |               12.135249 |
 |     6 |                0.445962 |               12.135249 |
 |     7 |                0.497785 |               13.545421 |
 |     8 |                0.517689 |               14.087024 |
 |     9 |                0.577818 |               15.723222 |
 |    10 |                0.586551 |               15.960862 |
 |    11 |                0.586551 |               15.960862 |
 |    12 |                0.647979 |               17.632398 |
 |    13 |                0.686277 |               18.674546 |
 |    14 |                0.686277 |               18.674546 |
 |    15 |                0.701076 |               19.077243 |
 |    16 |                0.744241 |               20.251827 |
 |    17 |                0.873456 |               23.767938 |
 |    18 |                0.873456 |               23.767938 |
 |    19 |                0.905220 |               24.632280 |
 |    20 |                0.905220 |               24.632280 |
 -------------------------------------------------------------

  *** Quasiparticle energies obtained by linearization *** 

 -------------------------------------------------------------------------------
   One-shot G0W0 calculation
 -------------------------------------------------------------------------------
 |   # |       e_HF (eV) |      Sig_c (eV) |               Z |       e_QP (eV) |
 -------------------------------------------------------------------------------
 |   1 |     -132.821838 |        4.921931 |        0.802820 |     -128.870412 |
 |   2 |       -9.979614 |        0.014787 |        0.860306 |       -9.966893 |
 |   3 |       -8.108591 |       -0.440581 |        0.890322 |       -8.500850 |
 |   4 |       -2.528297 |       -0.235643 |        0.905226 |       -2.741608 |
 |   5 |        0.537955 |       -0.992753 |        0.933102 |       -0.388384 |
 |   6 |        0.537955 |       -0.992753 |        0.933102 |       -0.388384 |
 |   7 |        2.121507 |       -1.473710 |        0.823544 |        0.907842 |
 |   8 |        7.424759 |       -1.011462 |        0.825451 |        6.589847 |
 |   9 |        7.745129 |       -1.763056 |        0.774705 |        6.379282 |
 |  10 |        7.745129 |       -1.763056 |        0.774705 |        6.379282 |
 |  11 |        9.425309 |       -1.525498 |        0.315081 |        8.944653 |
 |  12 |       15.586001 |       -0.742045 |        0.676007 |       15.084373 |
 |  13 |       15.586001 |       -0.742045 |        0.676007 |       15.084373 |
 |  14 |       15.884223 |        0.020329 |        0.476669 |       15.893914 |
 |  15 |       15.884223 |        0.020329 |        0.476669 |       15.893914 |
 |  16 |       16.030015 |       -1.794903 |        0.149071 |       15.762447 |
 |  17 |       20.163888 |       -3.350142 |        0.703169 |       17.808172 |
 |  18 |       20.177799 |       -2.459280 |        0.428956 |       19.122877 |
 |  19 |       30.179614 |        0.012285 |        0.313366 |       30.183464 |
 |  20 |       41.401228 |       -4.377624 |        0.719489 |       38.251575 |
 |  21 |       41.401228 |       -4.377624 |        0.719489 |       38.251575 |
 |  22 |       41.540330 |       -4.458470 |        0.698679 |       38.425290 |
 |  23 |       41.540330 |       -4.458470 |        0.698679 |       38.425290 |
 |  24 |       42.880507 |       -4.303775 |        0.219518 |       41.935750 |
 |  25 |       43.032884 |       -3.975213 |        0.641831 |       40.481470 |
 -------------------------------------------------------------------------------
          G0W0 HOMO      energy:      -8.500850 eV
          G0W0 LUMO      energy:      -2.741608 eV
          G0W0 HOMO-LUMO gap   :       5.759242 eV
 -------------------------------------------------------------------------------
    RPA@G0W0 total energy      :     -15.548072 au
    RPA@G0W0 correlation energy:      -0.114165 au
    GM@G0W0  total energy      :     -15.623452 au
    GM@G0W0  correlation energy:      -0.189546 au
 -------------------------------------------------------------------------------


 -------------------------------------------------------------
   BSE@GW       calculation: singlet        manifold
 -------------------------------------------------------------
 | State |  Excitation energy (au) |  Excitation energy (eV) |
 -------------------------------------------------------------
 |     1 |                0.034927 |                0.950413 |
 |     2 |                0.099966 |                2.720208 |
 |     3 |                0.105752 |                2.877657 |
 |     4 |                0.105752 |                2.877657 |
 |     5 |                0.184766 |                5.027744 |
 |     6 |                0.193606 |                5.268278 |
 |     7 |                0.193606 |                5.268278 |
 |     8 |                0.224767 |                6.116212 |
 |     9 |                0.355416 |                9.671369 |
 |    10 |                0.355416 |                9.671369 |
 |    11 |                0.375781 |               10.225524 |
 |    12 |                0.407290 |               11.082917 |
 |    13 |                0.407290 |               11.082917 |
 |    14 |                0.443999 |               12.081823 |
 |    15 |                0.456271 |               12.415763 |
 |    16 |                0.499755 |               13.599034 |
 |    17 |                0.658600 |               17.921413 |
 |    18 |                0.658600 |               17.921413 |
 |    19 |                0.691662 |               18.821095 |
 |    20 |                0.691662 |               18.821095 |
 -------------------------------------------------------------

 ---------------------------------------------------------------
                 Transition dipole moment (au)                  
 ---------------------------------------------------------------
  #           X           Y           Z   dip. str.   osc. str.
 ---------------------------------------------------------------
  1   -0.000000   -0.000000    1.726362    2.980327    0.069396
  2    0.000000    0.000000   -0.000000    0.000000    0.000000
  3    0.000000   -0.000000   -0.000000    0.000000    0.000000
  4   -0.000000    0.000000   -0.000000    0.000000    0.000000
  5   -0.000000   -0.000000    0.000000    0.000000    0.000000
  6   -0.692378    1.481871    0.000000    2.675328    0.345306
  7   -1.481871   -0.692378   -0.000000    2.675328    0.345306
  8   -0.000000   -0.000000    0.260819    0.068027    0.010193
  9    0.000000    0.000000   -0.000000    0.000000    0.000000
 10   -0.000000    0.000000   -0.000000    0.000000    0.000000
 ---------------------------------------------------------------

 -------------------------------------------------------------
 Excitation n.   1:   0.950413 eV  f = 0.0694  <S**2> = 0.0000
 -------------------------------------------------------------
  3 ->   4 =   1.177280
  2 <-   7 =  -0.095211
  3 <-   4 =  -0.938481

 -------------------------------------------------------------
 Excitation n.   2:   2.720208 eV  f = 0.0000  <S**2> = 0.0000
 -------------------------------------------------------------
  2 ->   4 =  -0.708147
  3 ->   7 =   0.223057
  2 <-   4 =   0.183566
  3 <-   7 =   0.131320

 -------------------------------------------------------------
 Excitation n.   3:   2.877657 eV  f = 0.0000  <S**2> = 0.0000
 -------------------------------------------------------------
  3 ->   5 =  -0.657145
  3 ->   6 =  -0.248715
  3 ->  10 =  -0.072517

 -------------------------------------------------------------
 Excitation n.   4:   2.877657 eV  f = 0.0000  <S**2> = 0.0000
 -------------------------------------------------------------
  3 ->   5 =  -0.248715
  3 ->   6 =   0.657145
  3 ->   9 =   0.072517

 -------------------------------------------------------------
 Excitation n.   5:   5.027744 eV  f = 0.0000  <S**2> = 0.0000
 -------------------------------------------------------------
  2 ->   4 =   0.322362
  3 ->   7 =   0.700655
  2 <-   4 =  -0.265114
  3 <-   7 =  -0.162716

 -------------------------------------------------------------
 Excitation n.   6:   5.268278 eV  f = 0.3453  <S**2> = 0.0000
 -------------------------------------------------------------
  2 ->   5 =   0.702187
  2 ->   6 =   0.115127
  2 <-   5 =  -0.085527

 -------------------------------------------------------------
 Excitation n.   7:   5.268278 eV  f = 0.3453  <S**2> = 0.0000
 -------------------------------------------------------------
  2 ->   5 =   0.115127
  2 ->   6 =  -0.702187
  2 <-   6 =   0.085527

 -------------------------------------------------------------
 Excitation n.   8:   6.116212 eV  f = 0.0102  <S**2> = 0.0000
 -------------------------------------------------------------
  2 ->   7 =   0.715302
  2 <-   7 =  -0.085157
  3 <-   4 =  -0.078442

 -------------------------------------------------------------
 Excitation n.   9:   9.671369 eV  f = 0.0000  <S**2> = 0.0000
 -------------------------------------------------------------
  3 ->  10 =  -0.701874

 -------------------------------------------------------------
 Excitation n.  10:   9.671369 eV  f = 0.0000  <S**2> = 0.0000
 -------------------------------------------------------------
  3 ->   9 =   0.701874

Thomas-Reiche-Kuhn sum rule =   0.770201


 *** dynamical TDA activated ***

 ---------------------------------------------------------------------------------------------------
  First-order dynamical correction to static Bethe-Salpeter excitation energies                     
 ---------------------------------------------------------------------------------------------------
  BSE neutral excitation must be lower than the GW gap =   5.759242 eV
 ---------------------------------------------------------------------------------------------------
      #          Static (eV)         Dynamic (eV)      Correction (eV)         Renorm. (eV)
 ---------------------------------------------------------------------------------------------------
      1            0.950413            0.644301           -0.306112            1.042427
      2            2.720208            2.906143            0.185935            0.979355
      3            2.877657            3.021641            0.143984            0.982123
      4            2.877657            3.021641            0.143984            0.982123
      5            5.027744            4.872756           -0.154988            1.056042
      6            5.268278            5.124346           -0.143932            1.024348
      7            5.268278            5.124346           -0.143932            1.024348
      8            6.116212            5.985164           -0.131047            1.025970
      9            9.671369            9.803751            0.132382            0.984953
     10            9.671369            9.803751            0.132382            0.984953
 ---------------------------------------------------------------------------------------------------

 You may have instabilities in linear response: negative excitations!!

 -------------------------------------------------------------
   BSE@GW       calculation: triplet        manifold
 -------------------------------------------------------------
 | State |  Excitation energy (au) |  Excitation energy (eV) |
 -------------------------------------------------------------
 |     1 |                     NaN |                     NaN |
 |     2 |                     NaN |                     NaN |
 |     3 |                0.096738 |                2.632378 |
 |     4 |                0.096738 |                2.632378 |
 |     5 |                0.118283 |                3.218655 |
 |     6 |                0.118283 |                3.218655 |
 |     7 |                0.121144 |                3.296503 |
 |     8 |                0.152739 |                4.156252 |
 |     9 |                0.351007 |                9.551375 |
 |    10 |                0.351007 |                9.551375 |
 |    11 |                0.360565 |                9.811471 |
 |    12 |                0.379825 |               10.335572 |
 |    13 |                0.379825 |               10.335572 |
 |    14 |                0.387915 |               10.555714 |
 |    15 |                0.448000 |               12.190697 |
 |    16 |                0.476596 |               12.968850 |
 |    17 |                0.649439 |               17.672144 |
 |    18 |                0.655900 |               17.847954 |
 |    19 |                0.655900 |               17.847954 |
 |    20 |                0.672337 |               18.295229 |
 -------------------------------------------------------------

 -------------------------------------------------------------
 Excitation n.   1:        NaN eV  f = 0.0000  <S**2> = 2.0000
 -------------------------------------------------------------

 -------------------------------------------------------------
 Excitation n.   2:        NaN eV  f = 0.0000  <S**2> = 2.0000
 -------------------------------------------------------------

 -------------------------------------------------------------
 Excitation n.   3:   2.632378 eV  f = 0.0000  <S**2> = 2.0000
 -------------------------------------------------------------
  3 ->   5 =   0.646116
  3 ->   6 =  -0.275420
  3 ->   9 =  -0.073368

 -------------------------------------------------------------
 Excitation n.   4:   2.632378 eV  f = 0.0000  <S**2> = 2.0000
 -------------------------------------------------------------
  3 ->   5 =   0.275420
  3 ->   6 =   0.646116
  3 ->  10 =   0.073368

 -------------------------------------------------------------
 Excitation n.   5:   3.218655 eV  f = 0.0000  <S**2> = 2.0000
 -------------------------------------------------------------
  2 ->   5 =  -0.700443
  2 ->   9 =   0.084280
  2 ->  10 =  -0.087037
  2 <-   5 =  -0.081107

 -------------------------------------------------------------
 Excitation n.   6:   3.218655 eV  f = 0.0000  <S**2> = 2.0000
 -------------------------------------------------------------
  2 ->   6 =  -0.700443
  2 ->   9 =  -0.087037
  2 ->  10 =  -0.084280
  2 <-   6 =  -0.081107

 -------------------------------------------------------------
 Excitation n.   7:   3.296503 eV  f = 0.0000  <S**2> = 2.0000
 -------------------------------------------------------------
  2 ->   4 =  -0.243977
  3 ->   7 =   0.663698

 -------------------------------------------------------------
 Excitation n.   8:   4.156252 eV  f = 0.0000  <S**2> = 2.0000
 -------------------------------------------------------------
  2 ->   7 =   0.692605
  2 ->  11 =  -0.072530
  3 ->   4 =  -0.160678
  3 <-   4 =   0.093387

 -------------------------------------------------------------
 Excitation n.   9:   9.551375 eV  f = 0.0000  <S**2> = 2.0000
 -------------------------------------------------------------
  3 ->  10 =  -0.702352

 -------------------------------------------------------------
 Excitation n.  10:   9.551375 eV  f = 0.0000  <S**2> = 2.0000
 -------------------------------------------------------------
  3 ->   9 =  -0.702352

Thomas-Reiche-Kuhn sum rule =   0.000000


 *** dynamical TDA activated ***

 ---------------------------------------------------------------------------------------------------
  First-order dynamical correction to static Bethe-Salpeter excitation energies                     
 ---------------------------------------------------------------------------------------------------
  BSE neutral excitation must be lower than the GW gap =   5.759242 eV
 ---------------------------------------------------------------------------------------------------
      #          Static (eV)         Dynamic (eV)      Correction (eV)         Renorm. (eV)
 ---------------------------------------------------------------------------------------------------
      1                 NaN                 NaN                 NaN                 NaN
      2                 NaN                 NaN                 NaN                 NaN
      3            2.632378            2.770031            0.137653            0.983049
      4            2.632378            2.770031            0.137653            0.983049
      5            3.218655            2.981070           -0.237584            1.022516
      6            3.218655            2.981070           -0.237584            1.022516
      7            3.296503            3.491794            0.195291            0.968677
      8            4.156252            4.073652           -0.082601            0.997041
      9            9.551375            9.684049            0.132675            0.985148
     10            9.551375            9.684049            0.132675            0.985148
 ---------------------------------------------------------------------------------------------------


 -------------------------------------------------------------------------------
          Tr@BSE@G0W0 correlation energy (singlet) =       -0.1593536515
          Tr@BSE@G0W0 correlation energy (triplet) =                 NaN
          Tr@BSE@G0W0 correlation energy           =                 NaN
          Tr@BSE@G0W0 total energy                 =                 NaN
 -------------------------------------------------------------------------------

                                       Total CPU time for G0W0 =      0.059 seconds


 ************************************************
 |          One-shot G0T0 calculation           |
 ************************************************


 -------------------------------------------------------------
   pp-RPA (N+2) calculation: alpha-beta     manifold
 -------------------------------------------------------------
 | State |  Excitation energy (au) |  Excitation energy (eV) |
 -------------------------------------------------------------
 |     1 |                0.036468 |                0.992333 |
 |     2 |                0.109150 |                2.970122 |
 |     3 |                0.109150 |                2.970122 |
 |     4 |                0.146103 |                3.975665 |
 |     5 |                0.146103 |                3.975665 |
 |     6 |                0.161137 |                4.384759 |
 |     7 |                0.255971 |                6.965318 |
 |     8 |                0.263203 |                7.162122 |
 |     9 |                0.277251 |                7.544383 |
 |    10 |                0.277251 |                7.544383 |
 |    11 |                0.295279 |                8.034940 |
 |    12 |                0.311100 |                8.465462 |
 |    13 |                0.311100 |                8.465462 |
 |    14 |                0.327370 |                8.908189 |
 |    15 |                0.327370 |                8.908189 |
 |    16 |                0.353002 |                9.605671 |
 |    17 |                0.377478 |               10.271702 |
 |    18 |                0.399290 |               10.865245 |
 |    19 |                0.399290 |               10.865245 |
 |    20 |                0.404371 |               11.003503 |
 -------------------------------------------------------------


 -------------------------------------------------------------
   pp-RPA (N-2) calculation: alpha-beta     manifold
 -------------------------------------------------------------
 | State |  Excitation energy (au) |  Excitation energy (eV) |
 -------------------------------------------------------------
 |     1 |              -12.039836 |             -327.620622 |
 |     2 |               -5.615928 |             -152.817188 |
 |     3 |               -5.593484 |             -152.206442 |
 |     4 |               -5.397889 |             -146.884051 |
 |     5 |               -5.396298 |             -146.840738 |
 |     6 |               -1.025292 |              -27.899625 |
 |     7 |               -0.984562 |              -26.791301 |
 |     8 |               -0.810058 |              -22.042806 |
 |     9 |               -0.804220 |              -21.883928 |
 -------------------------------------------------------------


 -------------------------------------------------------------
   pp-RPA (N+2) calculation: alpha-alpha    manifold
 -------------------------------------------------------------
 | State |  Excitation energy (au) |  Excitation energy (eV) |
 -------------------------------------------------------------
 |     1 |                0.109150 |                2.970122 |
 |     2 |                0.109150 |                2.970122 |
 |     3 |                0.161137 |                4.384759 |
 |     4 |                0.255971 |                6.965318 |
 |     5 |                0.311100 |                8.465462 |
 |     6 |                0.311100 |                8.465462 |
 |     7 |                0.353002 |                9.605671 |
 |     8 |                0.399290 |               10.865245 |
 |     9 |                0.399290 |               10.865245 |
 |    10 |                0.461867 |               12.568043 |
 |    11 |                0.494988 |               13.469300 |
 |    12 |                0.494988 |               13.469300 |
 |    13 |                0.522181 |               14.209256 |
 |    14 |                0.522181 |               14.209256 |
 |    15 |                0.537110 |               14.615498 |
 |    16 |                0.554748 |               15.095451 |
 |    17 |                0.564558 |               15.362396 |
 |    18 |                0.575981 |               15.673241 |
 |    19 |                0.575981 |               15.673241 |
 |    20 |                0.622069 |               16.927352 |
 -------------------------------------------------------------


 -------------------------------------------------------------
   pp-RPA (N-2) calculation: alpha-alpha    manifold
 -------------------------------------------------------------
 | State |  Excitation energy (au) |  Excitation energy (eV) |
 -------------------------------------------------------------
 |     1 |               -5.593484 |             -152.206442 |
 |     2 |               -5.396298 |             -146.840738 |
 |     3 |               -0.804220 |              -21.883928 |
 -------------------------------------------------------------

 -------------------------------------------------------------------------------
   One-shot G0T0 calculation (T-matrix self-energy)  
 -------------------------------------------------------------------------------
 |   # |       e_HF (eV) |    Sigma_T (eV) |               Z |       e_QP (eV) |
 -------------------------------------------------------------------------------
 |   1 |     -132.821838 |        4.408853 |        0.829670 |     -129.163945 |
 |   2 |       -9.979614 |        0.292702 |        0.929910 |       -9.707428 |
 |   3 |       -8.108591 |        0.072609 |        0.945802 |       -8.039917 |
 |   4 |       -2.528297 |       -0.355633 |        0.958269 |       -2.869090 |
 |   5 |        0.537955 |       -0.809355 |        0.960093 |       -0.239102 |
 |   6 |        0.537955 |       -0.809355 |        0.960093 |       -0.239102 |
 |   7 |        2.121507 |       -0.979535 |        0.922200 |        1.218179 |
 |   8 |        7.424759 |       -0.742841 |        0.941945 |        6.725044 |
 |   9 |        7.745129 |       -1.197964 |        0.926691 |        6.634987 |
 |  10 |        7.745129 |       -1.197964 |        0.926691 |        6.634987 |
 |  11 |        9.425309 |       -0.784940 |        0.552391 |        8.991715 |
 |  12 |       15.586001 |       -1.580385 |        0.781593 |       14.350782 |
 |  13 |       15.586001 |       -1.580385 |        0.781593 |       14.350782 |
 |  14 |       15.884223 |       -1.209292 |        0.867425 |       14.835253 |
 |  15 |       15.884223 |       -1.209292 |        0.867425 |       14.835253 |
 |  16 |       16.030015 |        0.415803 |        0.327122 |       16.166034 |
 |  17 |       20.163888 |       -2.569238 |        0.811579 |       18.078749 |
 |  18 |       20.177799 |       -2.509486 |        0.596894 |       18.679902 |
 |  19 |       30.179614 |       -1.485204 |        0.396561 |       29.590640 |
 |  20 |       41.401228 |       -3.719885 |        0.767380 |       38.546664 |
 |  21 |       41.401228 |       -3.719885 |        0.767380 |       38.546664 |
 |  22 |       41.540330 |       -3.768098 |        0.802735 |       38.515546 |
 |  23 |       41.540330 |       -3.768098 |        0.802735 |       38.515546 |
 |  24 |       42.880507 |       -3.226183 |        0.577837 |       41.016298 |
 |  25 |       43.032884 |       -3.264812 |        0.464889 |       41.515108 |
 -------------------------------------------------------------------------------
             G0T0 HOMO      energy (eV)            =      -8.039917 eV
             G0T0 LUMO      energy (eV)            =      -2.869090 eV
             G0T0 HOMO-LUMO gap    (eV)            =       5.170827 eV
 -------------------------------------------------------------------------------
        Tr@ppRPA@G0T0 correlation energy (singlet) =       -0.0432101112 au
        Tr@ppRPA@G0T0 correlation energy (triplet) =       -0.0028498168 au
        Tr@ppRPA@G0T0 correlation energy           =       -0.0460599280 au
        Tr@ppRPA@G0T0 total energy                 =      -15.4799663219 au
              GM@G0T0 correlation energy           =       -0.0675563599 au
              GM@G0T0 total energy                 =      -15.5014627537 au
 -------------------------------------------------------------------------------

 You may have instabilities in linear response: negative excitations!!

 -------------------------------------------------------------
   BSE@GT       calculation: singlet        manifold
 -------------------------------------------------------------
 | State |  Excitation energy (au) |  Excitation energy (eV) |
 -------------------------------------------------------------
 |     1 |                     NaN |                     NaN |
 |     2 |                     NaN |                     NaN |
 |     3 |                0.104480 |                2.843050 |
 |     4 |                0.115189 |                3.134442 |
 |     5 |                0.115189 |                3.134442 |
 |     6 |                0.165701 |                4.508951 |
 |     7 |                0.165701 |                4.508951 |
 |     8 |                0.207677 |                5.651171 |
 |     9 |                0.365849 |                9.955267 |
 |    10 |                0.365849 |                9.955267 |
 |    11 |                0.367526 |               10.000892 |
 |    12 |                0.386313 |               10.512125 |
 |    13 |                0.386313 |               10.512125 |
 |    14 |                0.400100 |               10.887262 |
 |    15 |                0.457615 |               12.452333 |
 |    16 |                0.483660 |               13.161048 |
 |    17 |                0.637056 |               17.335174 |
 |    18 |                0.637056 |               17.335174 |
 |    19 |                0.648014 |               17.633363 |
 |    20 |                0.648014 |               17.633363 |
 -------------------------------------------------------------

 ---------------------------------------------------------------
                 Transition dipole moment (au)                  
 ---------------------------------------------------------------
  #           X           Y           Z   dip. str.   osc. str.
 ---------------------------------------------------------------
  1         NaN         NaN         NaN         NaN         NaN
  2         NaN         NaN         NaN         NaN         NaN
  3    0.000000    0.000000   -0.000000    0.000000    0.000000
  4    0.000000   -0.000000   -0.000000    0.000000    0.000000
  5    0.000000    0.000000   -0.000000    0.000000    0.000000
  6   -1.696495   -0.690185    0.000000    3.354450    0.370557
  7   -0.690185    1.696495    0.000000    3.354450    0.370557
  8    0.000000    0.000000    0.182529    0.033317    0.004613
  9   -0.000000    0.000000   -0.000000    0.000000    0.000000
 10   -0.000000   -0.000000   -0.000000    0.000000    0.000000
 ---------------------------------------------------------------

 -------------------------------------------------------------
 Excitation n.   1:        NaN eV  f =    NaN  <S**2> = 0.0000
 -------------------------------------------------------------

 -------------------------------------------------------------
 Excitation n.   2:        NaN eV  f =    NaN  <S**2> = 0.0000
 -------------------------------------------------------------

 -------------------------------------------------------------
 Excitation n.   3:   2.843050 eV  f = 0.0000  <S**2> = 0.0000
 -------------------------------------------------------------
  2 ->   4 =   0.119717
  3 ->   7 =   0.703366
  2 <-   4 =   0.101585

 -------------------------------------------------------------
 Excitation n.   4:   3.134442 eV  f = 0.0000  <S**2> = 0.0000
 -------------------------------------------------------------
  3 ->   5 =  -0.702950

 -------------------------------------------------------------
 Excitation n.   5:   3.134442 eV  f = 0.0000  <S**2> = 0.0000
 -------------------------------------------------------------
  3 ->   6 =  -0.702950

 -------------------------------------------------------------
 Excitation n.   6:   4.508951 eV  f = 0.3706  <S**2> = 0.0000
 -------------------------------------------------------------
  2 ->   5 =   0.148181
  2 ->   6 =  -0.684402
  2 ->   9 =  -0.080617

 -------------------------------------------------------------
 Excitation n.   7:   4.508951 eV  f = 0.3706  <S**2> = 0.0000
 -------------------------------------------------------------
  2 ->   5 =   0.684402
  2 ->   6 =   0.148181
  2 ->  10 =   0.080617

 -------------------------------------------------------------
 Excitation n.   8:   5.651171 eV  f = 0.0046  <S**2> = 0.0000
 -------------------------------------------------------------
  2 ->   7 =   0.688350
  3 ->   8 =   0.133485
  3 ->  16 =   0.075900

 -------------------------------------------------------------
 Excitation n.   9:   9.955267 eV  f = 0.0000  <S**2> = 0.0000
 -------------------------------------------------------------
  3 ->   9 =   0.686040
  3 ->  10 =  -0.161078

 -------------------------------------------------------------
 Excitation n.  10:   9.955267 eV  f = 0.0000  <S**2> = 0.0000
 -------------------------------------------------------------
  3 ->   9 =   0.161078
  3 ->  10 =   0.686040

Thomas-Reiche-Kuhn sum rule =        NaN


 *** dynamical TDA activated ***

 ---------------------------------------------------------------------------------------------------
  First-order dynamical correction to static Bethe-Salpeter excitation energies                     
 ---------------------------------------------------------------------------------------------------
  BSE neutral excitation must be lower than the GT gap =   5.170827 eV
 ---------------------------------------------------------------------------------------------------
      #          Static (eV)         Dynamic (eV)      Correction (eV)         Renorm. (eV)
 ---------------------------------------------------------------------------------------------------
      1                 NaN                 NaN                 NaN                 NaN
      2                 NaN                 NaN                 NaN                 NaN
      3            2.843050            5.416089            2.573039            0.981193
      4            3.134442            3.074019           -0.060423            1.002528
      5            3.134442            3.074019           -0.060423            1.002528
      6            4.508951            4.640662            0.131712            0.996600
      7            4.508951            4.640662            0.131712            0.996600
      8            5.651171            6.090529            0.439358            0.998209
      9            9.955267            9.930477           -0.024790            1.003166
     10            9.955267            9.930477           -0.024790            1.003166
 ---------------------------------------------------------------------------------------------------

 You may have instabilities in linear response: A-B is not positive definite!!
 Problem in diagonalize_matrix (dsyev)!!

 -------------------------------------------------------------
   BSE@GT       calculation: triplet        manifold
 -------------------------------------------------------------
 | State |  Excitation energy (au) |  Excitation energy (eV) |
 -------------------------------------------------------------
 |     1 |                     NaN |                     NaN |
 |     2 |                     NaN |                     NaN |
 |     3 |                     NaN |                     NaN |
 |     4 |                     NaN |                     NaN |
 |     5 |                     NaN |                     NaN |
 |     6 |                     NaN |                     NaN |
 |     7 |                     NaN |                     NaN |
 |     8 |                     NaN |                     NaN |
 |     9 |                     NaN |                     NaN |
 |    10 |                     NaN |                     NaN |
 |    11 |                     NaN |                     NaN |
 |    12 |                     NaN |                     NaN |
 |    13 |                     NaN |                     NaN |
 |    14 |                     NaN |                     NaN |
 |    15 |                     NaN |                     NaN |
 |    16 |                     NaN |                     NaN |
 |    17 |                     NaN |                     NaN |
 |    18 |                     NaN |                     NaN |
 |    19 |                     NaN |                     NaN |
 |    20 |                     NaN |                     NaN |
 -------------------------------------------------------------

 -------------------------------------------------------------
 Excitation n.   1:        NaN eV  f = 0.0000  <S**2> = 2.0000
 -------------------------------------------------------------

 -------------------------------------------------------------
 Excitation n.   2:        NaN eV  f = 0.0000  <S**2> = 2.0000
 -------------------------------------------------------------

 -------------------------------------------------------------
 Excitation n.   3:        NaN eV  f = 0.0000  <S**2> = 2.0000
 -------------------------------------------------------------

 -------------------------------------------------------------
 Excitation n.   4:        NaN eV  f = 0.0000  <S**2> = 2.0000
 -------------------------------------------------------------

 -------------------------------------------------------------
 Excitation n.   5:        NaN eV  f = 0.0000  <S**2> = 2.0000
 -------------------------------------------------------------

 -------------------------------------------------------------
 Excitation n.   6:        NaN eV  f = 0.0000  <S**2> = 2.0000
 -------------------------------------------------------------

 -------------------------------------------------------------
 Excitation n.   7:        NaN eV  f = 0.0000  <S**2> = 2.0000
 -------------------------------------------------------------

 -------------------------------------------------------------
 Excitation n.   8:        NaN eV  f = 0.0000  <S**2> = 2.0000
 -------------------------------------------------------------

 -------------------------------------------------------------
 Excitation n.   9:        NaN eV  f = 0.0000  <S**2> = 2.0000
 -------------------------------------------------------------

 -------------------------------------------------------------
 Excitation n.  10:        NaN eV  f = 0.0000  <S**2> = 2.0000
 -------------------------------------------------------------

Thomas-Reiche-Kuhn sum rule =   0.000000


 *** dynamical TDA activated ***

 ---------------------------------------------------------------------------------------------------
  First-order dynamical correction to static Bethe-Salpeter excitation energies                     
 ---------------------------------------------------------------------------------------------------
  BSE neutral excitation must be lower than the GT gap =   5.170827 eV
 ---------------------------------------------------------------------------------------------------
      #          Static (eV)         Dynamic (eV)      Correction (eV)         Renorm. (eV)
 ---------------------------------------------------------------------------------------------------
      1                 NaN                 NaN                 NaN                 NaN
      2                 NaN                 NaN                 NaN                 NaN
      3                 NaN                 NaN                 NaN                 NaN
      4                 NaN                 NaN                 NaN                 NaN
      5                 NaN                 NaN                 NaN                 NaN
      6                 NaN                 NaN                 NaN                 NaN
      7                 NaN                 NaN                 NaN                 NaN
      8                 NaN                 NaN                 NaN                 NaN
      9                 NaN                 NaN                 NaN                 NaN
     10                 NaN                 NaN                 NaN                 NaN
 ---------------------------------------------------------------------------------------------------


 -------------------------------------------------------------------------------
          Tr@BSE@G0T0 correlation energy (singlet) =                 NaN au
          Tr@BSE@G0T0 correlation energy (triplet) =                 NaN au
          Tr@BSE@G0T0 correlation energy           =                 NaN au
          Tr@BSE@G0T0 total energy                 =                 NaN au
 -------------------------------------------------------------------------------

                                       Total CPU time for G0T0 =      2.628 seconds

                                      Total CPU time for QuAcK =      4.244 seconds

