78 significant shell pairs computed in 0.000096 seconds
0
Computed Electron repulsion integrals Integrals in parallel in 0.268232 seconds

 ******************************************************************************************
 *            QuAcK                       QuAcK                         QuAcK             *
 *   __        __        __       __        __        __       __        __        __     *
 * <(o )___  <(o )___  <(o )___ <(o )___  <(o )___  <(o )___ <(o )___  <(o )___  <(o )___ *
 * ( ._> /   ( ._> /   ( ._> /  ( ._> /   ( ._> /   ( ._> /  ( ._> /   ( ._> /   ( ._> /  *
 *|--------------------------------------------------------------------------------------|*
 ******************************************************************************************

      ----------------------
             Number of atoms                3
      ----------------------

      ----------------------
Number of spin-up   electron                3
Number of spin-down electron                3
    Total number of electron                6
      ----------------------

      ----------------------
Number of core      electron                0
Number of Rydberg   electron                0
      ----------------------

          ------------------
          Molecular geometry
          ------------------
                    Atom n.                 1
                        Z =      4.0000000000
           Atom coordinates:     0.0000000000    0.0000000000    0.0000000000
                    Atom n.                 2
                        Z =      1.0000000000
           Atom coordinates:     0.0000000000    0.0000000000    1.5117809004
                    Atom n.                 3
                        Z =      1.0000000000
           Atom coordinates:     0.0000000000    0.0000000000   -1.5117809004

          ------------------
 Nuclear repulsion energy =      5.6225078632
          ------------------

          Gaussian basis set
          ------------------
                    Atom n.                 1
           number of shells                 6
          ------------------
      s-type shell with K =                 9
                                    Exponents     Contraction
                              2940.0000000000    0.0006800000
                               441.2000000000    0.0052360000
                               100.5000000000    0.0266060000
                                28.4300000000    0.0999930000
                                 9.1690000000    0.2697020000
                                 3.1960000000    0.4514690000
                                 1.1590000000    0.2950740000
                                 0.1811000000    0.0125870000
                                 0.0589000000   -0.0037560000
      s-type shell with K =                 9
                                    Exponents     Contraction
                              2940.0000000000   -0.0001230000
                               441.2000000000   -0.0009660000
                               100.5000000000   -0.0048310000
                                28.4300000000   -0.0193140000
                                 9.1690000000   -0.0532800000
                                 3.1960000000   -0.1207230000
                                 1.1590000000   -0.1334350000
                                 0.1811000000    0.5307670000
                                 0.0589000000    0.5801170000
      s-type shell with K =                 1
                                    Exponents     Contraction
                                 0.0589000000    1.0000000000
      p-type shell with K =                 4
                                    Exponents     Contraction
                                 3.6190000000    0.0291110000
                                 0.7110000000    0.1693650000
                                 0.1951000000    0.5134580000
                                 0.0601800000    0.4793380000
      p-type shell with K =                 1
                                    Exponents     Contraction
                                 0.0601800000    1.0000000000
      d-type shell with K =                 1
                                    Exponents     Contraction
                                 0.2354000000    1.0000000000
          ------------------
                    Atom n.                 2
           number of shells                 3
          ------------------
      s-type shell with K =                 4
                                    Exponents     Contraction
                                13.0100000000    0.0196850000
                                 1.9620000000    0.1379770000
                                 0.4446000000    0.4781480000
                                 0.1220000000    0.5012400000
      s-type shell with K =                 1
                                    Exponents     Contraction
                                 0.1220000000    1.0000000000
      p-type shell with K =                 1
                                    Exponents     Contraction
                                 0.7270000000    1.0000000000
          ------------------
                    Atom n.                 3
           number of shells                 3
          ------------------
      s-type shell with K =                 4
                                    Exponents     Contraction
                                13.0100000000    0.0196850000
                                 1.9620000000    0.1379770000
                                 0.4446000000    0.4781480000
                                 0.1220000000    0.5012400000
      s-type shell with K =                 1
                                    Exponents     Contraction
                                 0.1220000000    1.0000000000
      p-type shell with K =                 1
                                    Exponents     Contraction
                                 0.7270000000    1.0000000000
          ------------------
            Number of shells               12
          ------------------

          ------------------
   Number of basis functions               25
          ------------------

 Scaling integrals by    1.0000000000000000     

                          Total CPU time for reading integrals =      0.024 seconds


 ************************************************
 |    Restricted Hartree-Fock calculation       |
 ************************************************


 ----------------------------------------------------
 | RHF calculation                                  |
 ----------------------------------------------------
 |   # |        HF energy |       Conv |     HL Gap |
 ----------------------------------------------------
 |   1 |   -15.6736463372 |   0.642755 |   1.536230 |
 |   2 |   -15.5648018019 |   0.287280 |   1.623684 |
 |   3 |   -15.4673657959 |   0.123596 |   1.622760 |
 |   4 |   -15.4168349055 |   0.054573 |   1.615364 |
 |   5 |   -15.3916574928 |   0.031779 |   1.610124 |
 |   6 |   -15.3786863270 |   0.020535 |   1.606899 |
 |   7 |   -15.3717092809 |   0.013534 |   1.604949 |
 |   8 |   -15.3678071878 |   0.009046 |   1.603761 |
 |   9 |   -15.3655522436 |   0.006108 |   1.603026 |
 |  10 |   -15.3642133344 |   0.004154 |   1.602563 |
 |  11 |   -15.3634001753 |   0.002841 |   1.602267 |
 |  12 |   -15.3628968640 |   0.001951 |   1.602075 |
 |  13 |   -15.3625803036 |   0.001344 |   1.601949 |
 |  14 |   -15.3623784798 |   0.000928 |   1.601865 |
 |  15 |   -15.3622483182 |   0.000642 |   1.601809 |
 |  16 |   -15.3621635533 |   0.000445 |   1.601771 |
 |  17 |   -15.3621078980 |   0.000309 |   1.601745 |
 |  18 |   -15.3620711037 |   0.000215 |   1.601727 |
 |  19 |   -15.3620466385 |   0.000149 |   1.601715 |
 |  20 |   -15.3620302936 |   0.000104 |   1.601707 |
 |  21 |   -15.3620193306 |   0.000072 |   1.601701 |
 |  22 |   -15.3620119537 |   0.000050 |   1.601697 |
 |  23 |   -15.3620069767 |   0.000035 |   1.601695 |
 |  24 |   -15.3620036118 |   0.000024 |   1.601693 |
 |  25 |   -15.3620013329 |   0.000017 |   1.601691 |
 |  26 |   -15.3619997875 |   0.000012 |   1.601690 |
 |  27 |   -15.3619987383 |   0.000008 |   1.601690 |
 |  28 |   -15.3619980256 |   0.000006 |   1.601689 |
 |  29 |   -15.3619975411 |   0.000004 |   1.601689 |
 |  30 |   -15.3619972117 |   0.000003 |   1.601689 |
 |  31 |   -15.3619969877 |   0.000002 |   1.601689 |
 |  32 |   -15.3619968353 |   0.000001 |   1.601688 |
 |  33 |   -15.3619967317 |   0.000001 |   1.601688 |
 |  34 |   -15.3619966613 |   0.000001 |   1.601688 |
 |  35 |   -15.3619966134 |   0.000000 |   1.601688 |
 |  36 |   -15.3619965809 |   0.000000 |   1.601688 |
 |  37 |   -15.3619965589 |   0.000000 |   1.601688 |
 |  38 |   -15.3619965439 |   0.000000 |   1.601688 |
 |  39 |   -15.3619965337 |   0.000000 |   1.601688 |
 |  40 |   -15.3619965483 |   0.000000 |   0.601688 |
 ----------------------------------------------------

         -----------------------------------------
           Summary              
         -----------------------------------------
           One-electron energy:    -30.5506269127 au
           Kinetic      energy:     17.1014254253 au
           Potential    energy:    -47.6520523380 au
         -----------------------------------------
           Two-electron energy:      9.5661225011 au
           Hartree      energy:     13.2724194918 au
           Exchange     energy:     -3.7062969907 au
         -----------------------------------------
           Electronic   energy:    -20.9845044116 au
           Nuclear   repulsion:      5.6225078632 au
           RHF          energy:    -15.3619965483 au
         -----------------------------------------
           HF HOMO      energy:        -14.139086 eV
           HF LUMO      energy:          2.233686 eV
           HF HOMO-LUMO gap   :         16.372772 eV
         -----------------------------------------
          Dipole moment (Debye)    
                   X         Y         Z      Tot.
           -0.000000  0.000000 -0.000000  0.000000
         -----------------------------------------

           ---------------------------------------
                 MO coefficients
           ---------------------------------------
                 1              2              3              4              5
      1     0.98064255     0.00000000    -0.15854192     0.00000000     0.00000000
      2    -0.04564820     0.00000000     0.65911875     0.00000000     0.00000000
      3     0.02997491     0.00000000    -0.15738746     0.00000000     0.00000000
      4     0.00000000     0.00000000     0.00000000     0.33685908    -0.14235586
      5     0.00000000     0.00000000     0.00000000     0.14235586     0.33685908
      6     0.00000000    -0.73981493     0.00000000     0.00000000     0.00000000
      7     0.00000000     0.00000000     0.00000000     0.60599441    -0.25609183
      8     0.00000000     0.00000000     0.00000000     0.25609183     0.60599441
      9     0.00000000     0.20563972     0.00000000     0.00000000     0.00000000
     10     0.00540572     0.00000000     0.03601261     0.00000000     0.00000000
     11     0.00000000     0.00000000     0.00000000     0.00000000     0.00000000
     12     0.00000000     0.00000000     0.00000000     0.00000000     0.00000000
     13     0.00540572     0.00000000     0.03601261     0.00000000     0.00000000
     14     0.00000000     0.00000000     0.00000000     0.00000000     0.00000000
     15    -0.00223258     0.00000000     0.10221109     0.00000000     0.00000000
     16     0.03733294    -0.69141066     0.58530898     0.00000000     0.00000000
     17    -0.01990097     0.44541172    -0.32157338     0.00000000     0.00000000
     18     0.00000000     0.00000000     0.00000000     0.01804763    -0.00762689
     19     0.00000000     0.00000000     0.00000000     0.00762689     0.01804763
     20    -0.00505007     0.04744540    -0.02109941     0.00000000     0.00000000
     21     0.03733294     0.69141066     0.58530898     0.00000000     0.00000000
     22    -0.01990097    -0.44541172    -0.32157338     0.00000000     0.00000000
     23     0.00000000     0.00000000     0.00000000     0.01804763    -0.00762689
     24     0.00000000     0.00000000     0.00000000     0.00762689     0.01804763
     25     0.00505007     0.04744540     0.02109941     0.00000000     0.00000000
                 6              7              8              9             10
      1     0.19525024     0.00000000     0.00000000     0.00000000    -0.49363154
      2     0.34100744     0.00000000     0.00000000     0.00000000    -2.20520703
      3     2.49302176     0.00000000     0.00000000     0.00000000     1.09371638
      4     0.00000000     0.00000000     0.26532266    -1.86670270     0.00000000
      5     0.00000000     0.00000000    -1.86670270    -0.26532266     0.00000000
      6     0.00000000    -0.14629901     0.00000000     0.00000000     0.00000000
      7     0.00000000     0.00000000    -0.25673259     1.80626644     0.00000000
      8     0.00000000     0.00000000     1.80626644     0.25673259     0.00000000
      9     0.00000000    -1.91323894     0.00000000     0.00000000     0.00000000
     10    -0.16606835     0.00000000     0.00000000     0.00000000    -0.66533825
     11     0.00000000     0.00000000     0.00000000     0.00000000     0.00000000
     12     0.00000000     0.00000000     0.00000000     0.00000000     0.00000000
     13    -0.16606835     0.00000000     0.00000000     0.00000000    -0.66533825
     14     0.00000000     0.00000000     0.00000000     0.00000000     0.00000000
     15    -0.01999999     0.00000000     0.00000000     0.00000000     0.25417017
     16    -0.29708998     0.19357285     0.00000000     0.00000000    -0.10668251
     17    -1.02343312     1.38225818     0.00000000     0.00000000     1.15606971
     18     0.00000000     0.00000000     0.00106127    -0.00746666     0.00000000
     19     0.00000000     0.00000000    -0.00746666    -0.00106127     0.00000000
     20     0.01477918    -0.06320846     0.00000000     0.00000000     0.10414053
     21    -0.29708998    -0.19357285     0.00000000     0.00000000    -0.10668251
     22    -1.02343312    -1.38225818     0.00000000     0.00000000     1.15606971
     23     0.00000000     0.00000000     0.00106127    -0.00746666     0.00000000
     24     0.00000000     0.00000000    -0.00746666    -0.00106127     0.00000000
     25    -0.01477918    -0.06320846     0.00000000     0.00000000    -0.10414053
                11             12             13             14             15
      1     0.00000000     0.00000000     0.00000000     0.00000000     0.00000000
      2     0.00000000     0.00000000     0.00000000     0.00000000     0.00000000
      3     0.00000000     0.00000000     0.00000000     0.00000000     0.00000000
      4     0.00000000     0.00000000     0.00000000     0.00000000     0.00000000
      5     0.00000000     0.00000000     0.00000000     0.00000000     0.00000000
      6    -2.55419641     0.00000000     0.00000000     0.00000000     0.00000000
      7     0.00000000     0.00000000     0.00000000     0.00000000     0.00000000
      8     0.00000000     0.00000000     0.00000000     0.00000000     0.00000000
      9    -0.85380723     0.00000000     0.00000000     0.00000000     0.00000000
     10     0.00000000     0.00000000     0.00000000     0.00262212    -0.86602143
     11     0.00000000     0.00000000     0.00000000    -0.99999542    -0.00302777
     12     0.00000000     0.56365794    -0.91445893     0.00000000     0.00000000
     13     0.00000000     0.00000000     0.00000000    -0.00262212     0.86602143
     14     0.00000000     0.91445893     0.56365794     0.00000000     0.00000000
     15     0.00000000     0.00000000     0.00000000     0.00000000     0.00000000
     16    -0.31670772     0.00000000     0.00000000     0.00000000     0.00000000
     17     4.37391164     0.00000000     0.00000000     0.00000000     0.00000000
     18     0.00000000    -0.03985381     0.06465742     0.00000000     0.00000000
     19     0.00000000    -0.06465742    -0.03985381     0.00000000     0.00000000
     20    -0.11913334     0.00000000     0.00000000     0.00000000     0.00000000
     21     0.31670772     0.00000000     0.00000000     0.00000000     0.00000000
     22    -4.37391164     0.00000000     0.00000000     0.00000000     0.00000000
     23     0.00000000     0.03985381    -0.06465742     0.00000000     0.00000000
     24     0.00000000     0.06465742     0.03985381     0.00000000     0.00000000
     25    -0.11913334     0.00000000     0.00000000     0.00000000     0.00000000
                16             17             18             19             20
      1     0.96586285    -0.00142304     0.00000000     0.00000000     0.00000000
      2     4.40176745    -2.38437607     0.00000000     0.00000000     0.00000000
      3     0.17147410     2.17935450     0.00000000     0.00000000     0.00000000
      4     0.00000000     0.00000000     0.00000000    -0.80503968    -1.39570467
      5     0.00000000     0.00000000     0.00000000     1.39570467    -0.80503968
      6     0.00000000     0.00000000    -1.03602849     0.00000000     0.00000000
      7     0.00000000     0.00000000     0.00000000     0.51232668     0.88822546
      8     0.00000000     0.00000000     0.00000000    -0.88822546     0.51232668
      9     0.00000000     0.00000000     0.97014089     0.00000000     0.00000000
     10    -0.31444189     1.69148230     0.00000000     0.00000000     0.00000000
     11     0.00000000     0.00000000     0.00000000     0.00000000     0.00000000
     12     0.00000000     0.00000000     0.00000000     0.00000000     0.00000000
     13    -0.31444189     1.69148230     0.00000000     0.00000000     0.00000000
     14     0.00000000     0.00000000     0.00000000     0.00000000     0.00000000
     15     0.59614734     2.65597191     0.00000000     0.00000000     0.00000000
     16     0.89163644     0.63305709     1.23512474     0.00000000     0.00000000
     17    -3.56642714    -2.89394800    -1.45350523     0.00000000     0.00000000
     18     0.00000000     0.00000000     0.00000000     0.46335704     0.80332636
     19     0.00000000     0.00000000     0.00000000    -0.80332636     0.46335704
     20    -0.13432998    -0.28757911     0.67351854     0.00000000     0.00000000
     21     0.89163644     0.63305709    -1.23512474     0.00000000     0.00000000
     22    -3.56642714    -2.89394800     1.45350523     0.00000000     0.00000000
     23     0.00000000     0.00000000     0.00000000     0.46335704     0.80332636
     24     0.00000000     0.00000000     0.00000000    -0.80332636     0.46335704
     25     0.13432998     0.28757911     0.67351854     0.00000000     0.00000000
                21             22             23             24             25
      1     0.00000000     0.00000000    -1.31415005     0.00000000     3.42536190
      2     0.00000000     0.00000000    -6.01193477     0.00000000    12.51135783
      3     0.00000000     0.00000000     2.02621071     0.00000000    -5.78636005
      4     0.00000000     0.00000000     0.00000000     0.00000000     0.00000000
      5     0.00000000     0.00000000     0.00000000     0.00000000     0.00000000
      6     0.00000000     0.00000000     0.00000000     8.47612212     0.00000000
      7     0.00000000     0.00000000     0.00000000     0.00000000     0.00000000
      8     0.00000000     0.00000000     0.00000000     0.00000000     0.00000000
      9     0.00000000     0.00000000     0.00000000    -2.67040775     0.00000000
     10     0.00000000     0.00000000     0.30514423     0.00000000    -1.58295258
     11     0.00000000     0.00000000     0.00000000     0.00000000     0.00000000
     12     0.98827964    -0.02115621     0.00000000     0.00000000     0.00000000
     13     0.00000000     0.00000000     0.30514423     0.00000000    -1.58295258
     14     0.02115621     0.98827964     0.00000000     0.00000000     0.00000000
     15     0.00000000     0.00000000    -3.40624036     0.00000000    -0.09998675
     16     0.00000000     0.00000000     2.63236988    -3.99573288    -2.72932191
     17     0.00000000     0.00000000     1.42752209    -2.31945906    -0.45556435
     18    -1.04838529     0.02244290     0.00000000     0.00000000     0.00000000
     19    -0.02244290    -1.04838529     0.00000000     0.00000000     0.00000000
     20     0.00000000     0.00000000     0.98405359     1.12250208     0.90251969
     21     0.00000000     0.00000000     2.63236988     3.99573288    -2.72932191
     22     0.00000000     0.00000000     1.42752209     2.31945906    -0.45556435
     23     1.04838529    -0.02244290     0.00000000     0.00000000     0.00000000
     24     0.02244290     1.04838529     0.00000000     0.00000000     0.00000000
     25     0.00000000     0.00000000    -0.98405359     1.12250208    -0.90251969

           ---------------------------------------
                     MO energies
           ---------------------------------------
                 1
      1    -4.65497007
      2    -0.53461906
      3    -0.51960182
      4     0.08208645
      5     0.08208645
      6     0.14307221
      7     0.15309871
      8     0.36704099
      9     0.36704099
     10     0.52003738
     11     0.58598395
     12     0.62332461
     13     0.62332461
     14     0.67280940
     15     0.67280940
     16     0.70662264
     17     1.35783253
     18     1.71976811
     19     2.00429138
     20     2.00429138
     21     2.11499673
     22     2.11499673
     23     2.43924338
     24     2.88445812
     25     3.15085283

                                        Total CPU time for RHF =      0.322 seconds


 AO to MO transformation... Please be patient

                    Total CPU time for AO to MO transformation =      0.648 seconds


 ************************************************
 |          One-shot G0W0 calculation           |
 ************************************************


 -------------------------------------------------------------
   RPA@HF       calculation: singlet        manifold
 -------------------------------------------------------------
 | State |  Excitation energy (au) |  Excitation energy (eV) |
 -------------------------------------------------------------
 |     1 |                0.630528 |               17.157544 |
 |     2 |                0.630528 |               17.157544 |
 |     3 |                0.642761 |               17.490418 |
 |     4 |                0.642761 |               17.490418 |
 |     5 |                0.675611 |               18.384310 |
 |     6 |                0.676357 |               18.404608 |
 |     7 |                0.705278 |               19.191584 |
 |     8 |                0.718831 |               19.560391 |
 |     9 |                0.926243 |               25.204347 |
 |    10 |                0.926243 |               25.204347 |
 |    11 |                0.945660 |               25.732713 |
 |    12 |                0.945660 |               25.732713 |
 |    13 |                1.091234 |               29.693985 |
 |    14 |                1.096642 |               29.841154 |
 |    15 |                1.139882 |               31.017782 |
 |    16 |                1.169035 |               31.811072 |
 |    17 |                1.207427 |               32.855755 |
 |    18 |                1.207427 |               32.855755 |
 |    19 |                1.219025 |               33.171369 |
 |    20 |                1.219025 |               33.171369 |
 -------------------------------------------------------------

  *** Quasiparticle energies obtained by linearization *** 

 -------------------------------------------------------------------------------
   One-shot G0W0 calculation
 -------------------------------------------------------------------------------
 |   # |       e_HF (eV) |      Sig_c (eV) |               Z |       e_QP (eV) |
 -------------------------------------------------------------------------------
 |   1 |     -126.668188 |        4.703240 |        0.892345 |     -122.471273 |
 |   2 |      -14.547726 |        0.425090 |        0.937247 |      -14.149311 |
 |   3 |      -14.139086 |        0.137767 |        0.947182 |      -14.008595 |
 |   4 |        2.233686 |       -0.295094 |        0.987125 |        1.942391 |
 |   5 |        2.233686 |       -0.295094 |        0.987125 |        1.942391 |
 |   6 |        3.893193 |       -0.193667 |        0.990563 |        3.701354 |
 |   7 |        4.166028 |       -0.067552 |        0.996942 |        4.098682 |
 |   8 |        9.987694 |       -0.781619 |        0.967308 |        9.231628 |
 |   9 |        9.987694 |       -0.781619 |        0.967308 |        9.231628 |
 |  10 |       14.150938 |       -0.749536 |        0.958131 |       13.432785 |
 |  11 |       15.945435 |       -0.404853 |        0.979341 |       15.548946 |
 |  12 |       16.961527 |       -0.387434 |        0.973990 |       16.584170 |
 |  13 |       16.961527 |       -0.387434 |        0.973990 |       16.584170 |
 |  14 |       18.308076 |       -1.648807 |        0.605032 |       17.310495 |
 |  15 |       18.308076 |       -1.648807 |        0.605032 |       17.310495 |
 |  16 |       19.228182 |       -1.236120 |        0.509197 |       18.598753 |
 |  17 |       36.948505 |        0.879855 |        0.430808 |       37.327554 |
 |  18 |       46.797274 |       -1.507498 |        0.583011 |       45.918386 |
 |  19 |       54.539547 |        1.430587 |        0.210219 |       54.840283 |
 |  20 |       54.539547 |        1.430587 |        0.210219 |       54.840283 |
 |  21 |       57.551992 |       -0.556648 |        0.845601 |       57.081290 |
 |  22 |       57.551992 |       -0.556648 |        0.845601 |       57.081290 |
 |  23 |       66.375193 |        1.630214 |        0.093638 |       66.527844 |
 |  24 |       78.490103 |       -4.433860 |        0.035732 |       78.331672 |
 |  25 |       85.739073 |       -1.239738 |        0.594950 |       85.001490 |
 -------------------------------------------------------------------------------
          G0W0 HOMO      energy:     -14.008595 eV
          G0W0 LUMO      energy:       1.942391 eV
          G0W0 HOMO-LUMO gap   :      15.950986 eV
 -------------------------------------------------------------------------------
    RPA@G0W0 total energy      :     -15.460477 au
    RPA@G0W0 correlation energy:      -0.098480 au
    GM@G0W0  total energy      :     -15.541957 au
    GM@G0W0  correlation energy:      -0.179960 au
 -------------------------------------------------------------------------------


 -------------------------------------------------------------
   BSE@GW       calculation: singlet        manifold
 -------------------------------------------------------------
 | State |  Excitation energy (au) |  Excitation energy (eV) |
 -------------------------------------------------------------
 |     1 |                0.320149 |                8.711710 |
 |     2 |                0.320149 |                8.711710 |
 |     3 |                0.363466 |                9.890418 |
 |     4 |                0.363466 |                9.890418 |
 |     5 |                0.453411 |               12.337952 |
 |     6 |                0.461866 |               12.568022 |
 |     7 |                0.481976 |               13.115242 |
 |     8 |                0.489968 |               13.332705 |
 |     9 |                0.568082 |               15.458291 |
 |    10 |                0.568082 |               15.458291 |
 |    11 |                0.588239 |               16.006794 |
 |    12 |                0.588239 |               16.006794 |
 |    13 |                0.731588 |               19.907527 |
 |    14 |                0.738024 |               20.082654 |
 |    15 |                0.834270 |               22.701630 |
 |    16 |                0.836207 |               22.754363 |
 |    17 |                0.836207 |               22.754363 |
 |    18 |                0.842564 |               22.927327 |
 |    19 |                0.842564 |               22.927327 |
 |    20 |                0.854905 |               23.263160 |
 -------------------------------------------------------------

 ---------------------------------------------------------------
                 Transition dipole moment (au)                  
 ---------------------------------------------------------------
  #           X           Y           Z   dip. str.   osc. str.
 ---------------------------------------------------------------
  1   -0.000000    0.000000   -0.000000    0.000000    0.000000
  2   -0.000000    0.000000   -0.000000    0.000000    0.000000
  3   -0.176132    1.309253   -0.000000    1.745167    0.422873
  4   -1.309253   -0.176132   -0.000000    1.745167    0.422873
  5   -0.000000    0.000000    0.405599    0.164511    0.049727
  6   -0.000000   -0.000000    0.000000    0.000000    0.000000
  7    0.000000   -0.000000   -0.544804    0.296811    0.095371
  8   -0.000000   -0.000000    0.000000    0.000000    0.000000
  9    0.000000    0.000000    0.000000    0.000000    0.000000
 10   -0.000000    0.000000   -0.000000    0.000000    0.000000
 ---------------------------------------------------------------

 -------------------------------------------------------------
 Excitation n.   1:   8.711710 eV  f = 0.0000  <S**2> = 0.0000
 -------------------------------------------------------------
  2 ->   4 =   0.608956
  2 ->   5 =  -0.304632
  2 ->   9 =  -0.187212

 -------------------------------------------------------------
 Excitation n.   2:   8.711710 eV  f = 0.0000  <S**2> = 0.0000
 -------------------------------------------------------------
  2 ->   4 =   0.304632
  2 ->   5 =   0.608956
  2 ->   8 =  -0.187212

 -------------------------------------------------------------
 Excitation n.   3:   9.890418 eV  f = 0.4229  <S**2> = 0.0000
 -------------------------------------------------------------
  3 ->   4 =   0.184620
  3 ->   5 =   0.677325
  3 ->   8 =  -0.103387

 -------------------------------------------------------------
 Excitation n.   4:   9.890418 eV  f = 0.4229  <S**2> = 0.0000
 -------------------------------------------------------------
  3 ->   4 =  -0.677325
  3 ->   5 =   0.184620
  3 ->   9 =   0.103387

 -------------------------------------------------------------
 Excitation n.   5:  12.337952 eV  f = 0.0497  <S**2> = 0.0000
 -------------------------------------------------------------
  2 ->   6 =  -0.593441
  3 ->   7 =  -0.380140

 -------------------------------------------------------------
 Excitation n.   6:  12.568022 eV  f = 0.0000  <S**2> = 0.0000
 -------------------------------------------------------------
  3 ->   6 =   0.705556

 -------------------------------------------------------------
 Excitation n.   7:  13.115242 eV  f = 0.0954  <S**2> = 0.0000
 -------------------------------------------------------------
  2 ->   6 =  -0.383938
  3 ->   7 =   0.589494

 -------------------------------------------------------------
 Excitation n.   8:  13.332705 eV  f = 0.0000  <S**2> = 0.0000
 -------------------------------------------------------------
  2 ->   7 =  -0.704612

 -------------------------------------------------------------
 Excitation n.   9:  15.458291 eV  f = 0.0000  <S**2> = 0.0000
 -------------------------------------------------------------
  2 ->   4 =   0.098364
  2 ->   5 =   0.163163
  2 ->   8 =   0.653859
  2 ->   9 =   0.190763

 -------------------------------------------------------------
 Excitation n.  10:  15.458291 eV  f = 0.0000  <S**2> = 0.0000
 -------------------------------------------------------------
  2 ->   4 =  -0.163163
  2 ->   5 =   0.098364
  2 ->   8 =   0.190763
  2 ->   9 =  -0.653859

Thomas-Reiche-Kuhn sum rule =   0.990844


 *** dynamical TDA activated ***

 ---------------------------------------------------------------------------------------------------
  First-order dynamical correction to static Bethe-Salpeter excitation energies                     
 ---------------------------------------------------------------------------------------------------
  BSE neutral excitation must be lower than the GW gap =  15.950986 eV
 ---------------------------------------------------------------------------------------------------
      #          Static (eV)         Dynamic (eV)      Correction (eV)         Renorm. (eV)
 ---------------------------------------------------------------------------------------------------
      1            8.711710            8.527413           -0.184296            1.014500
      2            8.711710            8.527413           -0.184296            1.014500
      3            9.890418            9.792840           -0.097578            1.010933
      4            9.890418            9.792840           -0.097578            1.010933
      5           12.337952           12.282858           -0.055094            1.007504
      6           12.568022           12.533671           -0.034351            1.005332
      7           13.115242           13.096010           -0.019232            1.002013
      8           13.332705           13.307132           -0.025573            1.003654
      9           15.458291           15.268152           -0.190139            1.014592
     10           15.458291           15.268152           -0.190139            1.014592
 ---------------------------------------------------------------------------------------------------


 -------------------------------------------------------------
   BSE@GW       calculation: triplet        manifold
 -------------------------------------------------------------
 | State |  Excitation energy (au) |  Excitation energy (eV) |
 -------------------------------------------------------------
 |     1 |                0.273373 |                7.438851 |
 |     2 |                0.273373 |                7.438851 |
 |     3 |                0.279403 |                7.602946 |
 |     4 |                0.279403 |                7.602946 |
 |     5 |                0.400127 |               10.888023 |
 |     6 |                0.400656 |               10.902412 |
 |     7 |                0.475184 |               12.930412 |
 |     8 |                0.476152 |               12.956750 |
 |     9 |                0.543057 |               14.777333 |
 |    10 |                0.543057 |               14.777333 |
 |    11 |                0.546879 |               14.881331 |
 |    12 |                0.546879 |               14.881331 |
 |    13 |                0.661409 |               17.997845 |
 |    14 |                0.662472 |               18.026786 |
 |    15 |                0.765942 |               20.842353 |
 |    16 |                0.768965 |               20.924599 |
 |    17 |                0.779996 |               21.224759 |
 |    18 |                0.779996 |               21.224759 |
 |    19 |                0.781558 |               21.267282 |
 |    20 |                0.781558 |               21.267282 |
 -------------------------------------------------------------

 -------------------------------------------------------------
 Excitation n.   1:   7.438851 eV  f = 0.0000  <S**2> = 2.0000
 -------------------------------------------------------------
  2 ->  12 =  -0.088413
  3 ->   4 =   0.442196
  3 ->   5 =   0.486585
  3 ->   8 =  -0.221254
  3 ->   9 =  -0.114905

 -------------------------------------------------------------
 Excitation n.   2:   7.438851 eV  f = 0.0000  <S**2> = 2.0000
 -------------------------------------------------------------
  2 ->  13 =  -0.088413
  3 ->   4 =  -0.486585
  3 ->   5 =   0.442196
  3 ->   8 =  -0.114905
  3 ->   9 =   0.221254

 -------------------------------------------------------------
 Excitation n.   3:   7.602946 eV  f = 0.0000  <S**2> = 2.0000
 -------------------------------------------------------------
  2 ->   4 =   0.652962
  2 ->   8 =  -0.080499
  2 ->   9 =  -0.240796
  3 ->  12 =  -0.077692

 -------------------------------------------------------------
 Excitation n.   4:   7.602946 eV  f = 0.0000  <S**2> = 2.0000
 -------------------------------------------------------------
  2 ->   5 =  -0.652962
  2 ->   8 =   0.240796
  2 ->   9 =  -0.080499
  3 ->  13 =   0.077692

 -------------------------------------------------------------
 Excitation n.   5:  10.888023 eV  f = 0.0000  <S**2> = 2.0000
 -------------------------------------------------------------
  2 ->   7 =   0.358838
  2 ->  11 =  -0.093394
  3 ->   6 =   0.593365
  3 ->  16 =  -0.104158

 -------------------------------------------------------------
 Excitation n.   6:  10.902412 eV  f = 0.0000  <S**2> = 2.0000
 -------------------------------------------------------------
  2 ->   6 =   0.587835
  2 ->  16 =  -0.115215
  3 ->   7 =   0.365603
  3 ->  11 =  -0.089963

 -------------------------------------------------------------
 Excitation n.   7:  12.930412 eV  f = 0.0000  <S**2> = 2.0000
 -------------------------------------------------------------
  2 ->   7 =   0.587800
  2 ->  11 =  -0.099969
  3 ->   6 =  -0.369440
  3 ->  10 =   0.088957

 -------------------------------------------------------------
 Excitation n.   8:  12.956750 eV  f = 0.0000  <S**2> = 2.0000
 -------------------------------------------------------------
  2 ->   6 =  -0.374237
  2 ->  10 =   0.090244
  3 ->   7 =   0.586826
  3 ->  11 =  -0.085675

 -------------------------------------------------------------
 Excitation n.   9:  14.777333 eV  f = 0.0000  <S**2> = 2.0000
 -------------------------------------------------------------
  3 ->   4 =   0.083742
  3 ->   5 =   0.242575
  3 ->   8 =   0.653707

 -------------------------------------------------------------
 Excitation n.  10:  14.777333 eV  f = 0.0000  <S**2> = 2.0000
 -------------------------------------------------------------
  3 ->   4 =   0.242575
  3 ->   5 =  -0.083742
  3 ->   9 =   0.653707

Thomas-Reiche-Kuhn sum rule =   0.000000


 *** dynamical TDA activated ***

 ---------------------------------------------------------------------------------------------------
  First-order dynamical correction to static Bethe-Salpeter excitation energies                     
 ---------------------------------------------------------------------------------------------------
  BSE neutral excitation must be lower than the GW gap =  15.950986 eV
 ---------------------------------------------------------------------------------------------------
      #          Static (eV)         Dynamic (eV)      Correction (eV)         Renorm. (eV)
 ---------------------------------------------------------------------------------------------------
      1            7.438851            7.194976           -0.243875            1.014327
      2            7.438851            7.194976           -0.243875            1.014327
      3            7.602946            7.323665           -0.279282            1.016434
      4            7.602946            7.323665           -0.279282            1.016434
      5           10.888023           10.759144           -0.128879            1.009262
      6           10.902412           10.757434           -0.144977            1.010128
      7           12.930412           12.890208           -0.040204            1.003095
      8           12.956750           12.924635           -0.032115            1.002602
      9           14.777333           14.608365           -0.168968            1.010345
     10           14.777333           14.608365           -0.168968            1.010345
 ---------------------------------------------------------------------------------------------------


 -------------------------------------------------------------------------------
          Tr@BSE@G0W0 correlation energy (singlet) =       -0.0630201340
          Tr@BSE@G0W0 correlation energy (triplet) =       -0.0248385194
          Tr@BSE@G0W0 correlation energy           =       -0.0878586534
          Tr@BSE@G0W0 total energy                 =      -15.4498552017
 -------------------------------------------------------------------------------

                                       Total CPU time for G0W0 =      0.054 seconds


 ************************************************
 |          One-shot G0T0 calculation           |
 ************************************************


 -------------------------------------------------------------
   pp-RPA (N+2) calculation: alpha-beta     manifold
 -------------------------------------------------------------
 | State |  Excitation energy (au) |  Excitation energy (eV) |
 -------------------------------------------------------------
 |     1 |                0.364273 |                9.912364 |
 |     2 |                0.381394 |               10.378263 |
 |     3 |                0.386982 |               10.530320 |
 |     4 |                0.386982 |               10.530320 |
 |     5 |                0.387810 |               10.552843 |
 |     6 |                0.387810 |               10.552843 |
 |     7 |                0.401530 |               10.926191 |
 |     8 |                0.401530 |               10.926191 |
 |     9 |                0.416879 |               11.343858 |
 |    10 |                0.416879 |               11.343858 |
 |    11 |                0.435780 |               11.858169 |
 |    12 |                0.456260 |               12.415464 |
 |    13 |                0.456260 |               12.415464 |
 |    14 |                0.459057 |               12.491586 |
 |    15 |                0.487480 |               13.265011 |
 |    16 |                0.514898 |               14.011098 |
 |    17 |                0.658735 |               17.925080 |
 |    18 |                0.665746 |               18.115867 |
 |    19 |                0.665746 |               18.115867 |
 |    20 |                0.674046 |               18.341733 |
 -------------------------------------------------------------


 -------------------------------------------------------------
   pp-RPA (N-2) calculation: alpha-beta     manifold
 -------------------------------------------------------------
 | State |  Excitation energy (au) |  Excitation energy (eV) |
 -------------------------------------------------------------
 |     1 |              -11.580610 |             -315.124439 |
 |     2 |               -5.812820 |             -158.174889 |
 |     3 |               -5.796502 |             -157.730843 |
 |     4 |               -5.780764 |             -157.302613 |
 |     5 |               -5.726232 |             -155.818713 |
 |     6 |               -1.710666 |              -46.549601 |
 |     7 |               -1.695673 |              -46.141599 |
 |     8 |               -1.375270 |              -37.422991 |
 |     9 |               -1.373923 |              -37.386362 |
 -------------------------------------------------------------


 -------------------------------------------------------------
   pp-RPA (N+2) calculation: alpha-alpha    manifold
 -------------------------------------------------------------
 | State |  Excitation energy (au) |  Excitation energy (eV) |
 -------------------------------------------------------------
 |     1 |                0.364273 |                9.912364 |
 |     2 |                0.387810 |               10.552843 |
 |     3 |                0.387810 |               10.552843 |
 |     4 |                0.401530 |               10.926191 |
 |     5 |                0.401530 |               10.926191 |
 |     6 |                0.435780 |               11.858169 |
 |     7 |                0.665746 |               18.115867 |
 |     8 |                0.665746 |               18.115867 |
 |     9 |                0.674046 |               18.341733 |
 |    10 |                0.694859 |               18.908070 |
 |    11 |                0.694859 |               18.908070 |
 |    12 |                0.696306 |               18.947449 |
 |    13 |                0.701275 |               19.082677 |
 |    14 |                0.701275 |               19.082677 |
 |    15 |                0.830900 |               22.609935 |
 |    16 |                0.830900 |               22.609935 |
 |    17 |                0.849710 |               23.121792 |
 |    18 |                0.863511 |               23.497325 |
 |    19 |                0.877282 |               23.872051 |
 |    20 |                0.877282 |               23.872051 |
 -------------------------------------------------------------


 -------------------------------------------------------------
   pp-RPA (N-2) calculation: alpha-alpha    manifold
 -------------------------------------------------------------
 | State |  Excitation energy (au) |  Excitation energy (eV) |
 -------------------------------------------------------------
 |     1 |               -5.780764 |             -157.302613 |
 |     2 |               -5.726232 |             -155.818713 |
 |     3 |               -1.375270 |              -37.422991 |
 -------------------------------------------------------------

 -------------------------------------------------------------------------------
   One-shot G0T0 calculation (T-matrix self-energy)  
 -------------------------------------------------------------------------------
 |   # |       e_HF (eV) |    Sigma_T (eV) |               Z |       e_QP (eV) |
 -------------------------------------------------------------------------------
 |   1 |     -126.668188 |        3.132603 |        0.900401 |     -123.847588 |
 |   2 |      -14.547726 |        0.291577 |        0.978927 |      -14.262293 |
 |   3 |      -14.139086 |        0.197037 |        0.981915 |      -13.945612 |
 |   4 |        2.233686 |       -0.353802 |        0.990038 |        1.883408 |
 |   5 |        2.233686 |       -0.353802 |        0.990038 |        1.883408 |
 |   6 |        3.893193 |       -0.168188 |        0.994166 |        3.725986 |
 |   7 |        4.166028 |       -0.066644 |        0.998078 |        4.099512 |
 |   8 |        9.987694 |       -0.662177 |        0.980563 |        9.338388 |
 |   9 |        9.987694 |       -0.662177 |        0.980563 |        9.338388 |
 |  10 |       14.150938 |       -0.581262 |        0.982975 |       13.579572 |
 |  11 |       15.945435 |       -0.363186 |        0.988639 |       15.586376 |
 |  12 |       16.961527 |       -0.428924 |        0.984977 |       16.539046 |
 |  13 |       16.961527 |       -0.428924 |        0.984977 |       16.539046 |
 |  14 |       18.308076 |       -0.602492 |        0.966046 |       17.726041 |
 |  15 |       18.308076 |       -0.602492 |        0.966046 |       17.726041 |
 |  16 |       19.228182 |       -0.522071 |        0.978072 |       18.717558 |
 |  17 |       36.948505 |       -0.998608 |        0.751670 |       36.197881 |
 |  18 |       46.797274 |       -0.936742 |        0.542053 |       46.289510 |
 |  19 |       54.539547 |        2.385407 |        0.091053 |       54.756744 |
 |  20 |       54.539547 |        2.385407 |        0.091053 |       54.756744 |
 |  21 |       57.551992 |       -1.867260 |        0.169846 |       57.234845 |
 |  22 |       57.551992 |       -1.867260 |        0.169846 |       57.234845 |
 |  23 |       66.375193 |       -1.167017 |        0.888078 |       65.338791 |
 |  24 |       78.490103 |       -1.243440 |        0.504601 |       77.862662 |
 |  25 |       85.739073 |       -4.640497 |        0.079205 |       85.371523 |
 -------------------------------------------------------------------------------
             G0T0 HOMO      energy (eV)            =     -13.945612 eV
             G0T0 LUMO      energy (eV)            =       1.883408 eV
             G0T0 HOMO-LUMO gap    (eV)            =      15.829020 eV
 -------------------------------------------------------------------------------
        Tr@ppRPA@G0T0 correlation energy (singlet) =       -0.0382571149 au
        Tr@ppRPA@G0T0 correlation energy (triplet) =       -0.0032702007 au
        Tr@ppRPA@G0T0 correlation energy           =       -0.0415273155 au
        Tr@ppRPA@G0T0 total energy                 =      -15.4035238638 au
              GM@G0T0 correlation energy           =       -0.0696954020 au
              GM@G0T0 total energy                 =      -15.4316919503 au
 -------------------------------------------------------------------------------


 -------------------------------------------------------------
   BSE@GT       calculation: singlet        manifold
 -------------------------------------------------------------
 | State |  Excitation energy (au) |  Excitation energy (eV) |
 -------------------------------------------------------------
 |     1 |                0.304940 |                8.297844 |
 |     2 |                0.304940 |                8.297844 |
 |     3 |                0.353999 |                9.632813 |
 |     4 |                0.353999 |                9.632813 |
 |     5 |                0.440455 |               11.985379 |
 |     6 |                0.449072 |               12.219871 |
 |     7 |                0.482389 |               13.126473 |
 |     8 |                0.489086 |               13.308702 |
 |     9 |                0.552590 |               15.036739 |
 |    10 |                0.552590 |               15.036739 |
 |    11 |                0.563125 |               15.323401 |
 |    12 |                0.563125 |               15.323401 |
 |    13 |                0.718065 |               19.539557 |
 |    14 |                0.724425 |               19.712602 |
 |    15 |                0.808221 |               21.992823 |
 |    16 |                0.820243 |               22.319957 |
 |    17 |                0.820243 |               22.319957 |
 |    18 |                0.834560 |               22.709544 |
 |    19 |                0.834560 |               22.709544 |
 |    20 |                0.838931 |               22.828482 |
 -------------------------------------------------------------

 ---------------------------------------------------------------
                 Transition dipole moment (au)                  
 ---------------------------------------------------------------
  #           X           Y           Z   dip. str.   osc. str.
 ---------------------------------------------------------------
  1   -0.000000   -0.000000    0.000000    0.000000    0.000000
  2   -0.000000    0.000000    0.000000    0.000000    0.000000
  3   -0.139768    1.430718    0.000000    2.066488    0.487690
  4   -1.430718   -0.139768   -0.000000    2.066488    0.487690
  5    0.000000    0.000000   -0.440015    0.193613    0.056852
  6   -0.000000   -0.000000    0.000000    0.000000    0.000000
  7   -0.000000    0.000000   -0.536186    0.287495    0.092456
  8   -0.000000    0.000000    0.000000    0.000000    0.000000
  9   -0.000000   -0.000000   -0.000000    0.000000    0.000000
 10   -0.000000   -0.000000   -0.000000    0.000000    0.000000
 ---------------------------------------------------------------

 -------------------------------------------------------------
 Excitation n.   1:   8.297844 eV  f = 0.0000  <S**2> = 0.0000
 -------------------------------------------------------------
  2 ->   4 =   0.597790
  2 ->   5 =   0.292998
  2 ->   8 =  -0.154988
  2 ->   9 =  -0.178731

 -------------------------------------------------------------
 Excitation n.   2:   8.297844 eV  f = 0.0000  <S**2> = 0.0000
 -------------------------------------------------------------
  2 ->   4 =   0.292998
  2 ->   5 =  -0.597790
  2 ->   8 =   0.178731
  2 ->   9 =  -0.154988

 -------------------------------------------------------------
 Excitation n.   3:   9.632813 eV  f = 0.4877  <S**2> = 0.0000
 -------------------------------------------------------------
  3 ->   4 =   0.206208
  3 ->   5 =   0.660871
  3 ->   8 =  -0.143343

 -------------------------------------------------------------
 Excitation n.   4:   9.632813 eV  f = 0.4877  <S**2> = 0.0000
 -------------------------------------------------------------
  3 ->   4 =  -0.660871
  3 ->   5 =   0.206208
  3 ->   9 =   0.143343

 -------------------------------------------------------------
 Excitation n.   5:  11.985379 eV  f = 0.0569  <S**2> = 0.0000
 -------------------------------------------------------------
  2 ->   6 =   0.562079
  3 ->   7 =   0.420861

 -------------------------------------------------------------
 Excitation n.   6:  12.219871 eV  f = 0.0000  <S**2> = 0.0000
 -------------------------------------------------------------
  2 ->   7 =   0.144396
  3 ->   6 =   0.690527

 -------------------------------------------------------------
 Excitation n.   7:  13.126473 eV  f = 0.0925  <S**2> = 0.0000
 -------------------------------------------------------------
  2 ->   6 =  -0.426504
  3 ->   7 =   0.559118

 -------------------------------------------------------------
 Excitation n.   8:  13.308702 eV  f = 0.0000  <S**2> = 0.0000
 -------------------------------------------------------------
  2 ->   7 =  -0.688389
  3 ->   6 =   0.140627

 -------------------------------------------------------------
 Excitation n.   9:  15.036739 eV  f = 0.0000  <S**2> = 0.0000
 -------------------------------------------------------------
  2 ->   4 =  -0.096794
  2 ->   5 =  -0.216148
  2 ->   8 =  -0.657451
  2 ->   9 =  -0.107711

 -------------------------------------------------------------
 Excitation n.  10:  15.036739 eV  f = 0.0000  <S**2> = 0.0000
 -------------------------------------------------------------
  2 ->   4 =  -0.216148
  2 ->   5 =   0.096794
  2 ->   8 =   0.107711
  2 ->   9 =  -0.657451

Thomas-Reiche-Kuhn sum rule =   1.124689


 *** dynamical TDA activated ***

 ---------------------------------------------------------------------------------------------------
  First-order dynamical correction to static Bethe-Salpeter excitation energies                     
 ---------------------------------------------------------------------------------------------------
  BSE neutral excitation must be lower than the GT gap =  15.829020 eV
 ---------------------------------------------------------------------------------------------------
      #          Static (eV)         Dynamic (eV)      Correction (eV)         Renorm. (eV)
 ---------------------------------------------------------------------------------------------------
      1            8.297844            8.212179           -0.085665            1.002393
      2            8.297844            8.212179           -0.085665            1.002393
      3            9.632813            9.555834           -0.076978            1.001703
      4            9.632813            9.555834           -0.076978            1.001703
      5           11.985379           11.976015           -0.009364            0.996991
      6           12.219871           12.224096            0.004225            0.995899
      7           13.126473           13.112249           -0.014224            1.001259
      8           13.308702           13.302141           -0.006561            0.999263
      9           15.036739           15.022818           -0.013920            1.000743
     10           15.036739           15.022818           -0.013920            1.000743
 ---------------------------------------------------------------------------------------------------


 -------------------------------------------------------------
   BSE@GT       calculation: triplet        manifold
 -------------------------------------------------------------
 | State |  Excitation energy (au) |  Excitation energy (eV) |
 -------------------------------------------------------------
 |     1 |                0.254534 |                6.926220 |
 |     2 |                0.254534 |                6.926220 |
 |     3 |                0.257419 |                7.004716 |
 |     4 |                0.257419 |                7.004716 |
 |     5 |                0.397465 |               10.815582 |
 |     6 |                0.399137 |               10.861071 |
 |     7 |                0.473559 |               12.886208 |
 |     8 |                0.476017 |               12.953073 |
 |     9 |                0.530082 |               14.424261 |
 |    10 |                0.530082 |               14.424261 |
 |    11 |                0.535933 |               14.583485 |
 |    12 |                0.535933 |               14.583485 |
 |    13 |                0.647624 |               17.622745 |
 |    14 |                0.648784 |               17.654310 |
 |    15 |                0.750175 |               20.413308 |
 |    16 |                0.750774 |               20.429606 |
 |    17 |                0.759483 |               20.666573 |
 |    18 |                0.759483 |               20.666573 |
 |    19 |                0.760056 |               20.682173 |
 |    20 |                0.760056 |               20.682173 |
 -------------------------------------------------------------

 -------------------------------------------------------------
 Excitation n.   1:   6.926220 eV  f = 0.0000  <S**2> = 2.0000
 -------------------------------------------------------------
  2 ->  13 =  -0.096081
  3 ->   4 =  -0.168725
  3 ->   5 =   0.620524
  3 ->   8 =  -0.238744
  3 ->   9 =   0.138009

 -------------------------------------------------------------
 Excitation n.   2:   6.926220 eV  f = 0.0000  <S**2> = 2.0000
 -------------------------------------------------------------
  2 ->  12 =  -0.096081
  3 ->   4 =   0.620524
  3 ->   5 =   0.168725
  3 ->   8 =  -0.138009
  3 ->   9 =  -0.238744

 -------------------------------------------------------------
 Excitation n.   3:   7.004716 eV  f = 0.0000  <S**2> = 2.0000
 -------------------------------------------------------------
  2 ->   5 =   0.632522
  2 ->   8 =  -0.287825
  3 ->  13 =  -0.077882

 -------------------------------------------------------------
 Excitation n.   4:   7.004716 eV  f = 0.0000  <S**2> = 2.0000
 -------------------------------------------------------------
  2 ->   4 =   0.632522
  2 ->   9 =  -0.287825
  3 ->  12 =  -0.077882

 -------------------------------------------------------------
 Excitation n.   5:  10.815582 eV  f = 0.0000  <S**2> = 2.0000
 -------------------------------------------------------------
  2 ->   7 =   0.358218
  2 ->  11 =  -0.105690
  3 ->   6 =   0.589093
  3 ->  16 =  -0.115552

 -------------------------------------------------------------
 Excitation n.   6:  10.861071 eV  f = 0.0000  <S**2> = 2.0000
 -------------------------------------------------------------
  2 ->   6 =   0.563103
  2 ->  16 =  -0.127441
  3 ->   7 =   0.394366
  3 ->  11 =  -0.105436

 -------------------------------------------------------------
 Excitation n.   7:  12.886208 eV  f = 0.0000  <S**2> = 2.0000
 -------------------------------------------------------------
  2 ->   6 =  -0.405223
  2 ->  10 =   0.113273
  3 ->   7 =   0.560068
  3 ->  11 =  -0.094257

 -------------------------------------------------------------
 Excitation n.   8:  12.953073 eV  f = 0.0000  <S**2> = 2.0000
 -------------------------------------------------------------
  2 ->   7 =   0.578555
  2 ->  11 =  -0.116771
  3 ->   6 =  -0.372914
  3 ->  10 =   0.110198

 -------------------------------------------------------------
 Excitation n.   9:  14.424261 eV  f = 0.0000  <S**2> = 2.0000
 -------------------------------------------------------------
  3 ->   4 =  -0.092947
  3 ->   5 =  -0.271688
  3 ->   8 =  -0.640140

 -------------------------------------------------------------
 Excitation n.  10:  14.424261 eV  f = 0.0000  <S**2> = 2.0000
 -------------------------------------------------------------
  3 ->   4 =   0.271688
  3 ->   5 =  -0.092947
  3 ->   9 =   0.640140

Thomas-Reiche-Kuhn sum rule =   0.000000


 *** dynamical TDA activated ***

 ---------------------------------------------------------------------------------------------------
  First-order dynamical correction to static Bethe-Salpeter excitation energies                     
 ---------------------------------------------------------------------------------------------------
  BSE neutral excitation must be lower than the GT gap =  15.829020 eV
 ---------------------------------------------------------------------------------------------------
      #          Static (eV)         Dynamic (eV)      Correction (eV)         Renorm. (eV)
 ---------------------------------------------------------------------------------------------------
      1            6.926220            6.793676           -0.132544            1.003566
      2            6.926220            6.793676           -0.132544            1.003566
      3            7.004716            6.909400           -0.095316            1.002497
      4            7.004716            6.909400           -0.095316            1.002497
      5           10.815582           10.730288           -0.085294            1.006723
      6           10.861071           10.793742           -0.067329            1.006820
      7           12.886208           12.886468            0.000260            1.000770
      8           12.953073           12.928299           -0.024774            1.001575
      9           14.424261           14.366987           -0.057274            1.002596
     10           14.424261           14.366987           -0.057274            1.002596
 ---------------------------------------------------------------------------------------------------


 -------------------------------------------------------------------------------
          Tr@BSE@G0T0 correlation energy (singlet) =       -0.0101205028 au
          Tr@BSE@G0T0 correlation energy (triplet) =       -0.0094845110 au
          Tr@BSE@G0T0 correlation energy           =       -0.0196050138 au
          Tr@BSE@G0T0 total energy                 =      -15.3816015622 au
 -------------------------------------------------------------------------------

                                       Total CPU time for G0T0 =      2.625 seconds

                                      Total CPU time for QuAcK =      3.674 seconds

