78 significant shell pairs computed in 0.000095 seconds
0
Computed Electron repulsion integrals Integrals in parallel in 0.274389 seconds

 ******************************************************************************************
 *            QuAcK                       QuAcK                         QuAcK             *
 *   __        __        __       __        __        __       __        __        __     *
 * <(o )___  <(o )___  <(o )___ <(o )___  <(o )___  <(o )___ <(o )___  <(o )___  <(o )___ *
 * ( ._> /   ( ._> /   ( ._> /  ( ._> /   ( ._> /   ( ._> /  ( ._> /   ( ._> /   ( ._> /  *
 *|--------------------------------------------------------------------------------------|*
 ******************************************************************************************

      ----------------------
             Number of atoms                3
      ----------------------

      ----------------------
Number of spin-up   electron                3
Number of spin-down electron                3
    Total number of electron                6
      ----------------------

      ----------------------
Number of core      electron                0
Number of Rydberg   electron                0
      ----------------------

          ------------------
          Molecular geometry
          ------------------
                    Atom n.                 1
                        Z =      4.0000000000
           Atom coordinates:     0.0000000000    0.0000000000    0.0000000000
                    Atom n.                 2
                        Z =      1.0000000000
           Atom coordinates:     0.0000000000    0.0000000000    0.9448630627
                    Atom n.                 3
                        Z =      1.0000000000
           Atom coordinates:     0.0000000000    0.0000000000   -0.9448630627

          ------------------
 Nuclear repulsion energy =      8.9960125817
          ------------------

          Gaussian basis set
          ------------------
                    Atom n.                 1
           number of shells                 6
          ------------------
      s-type shell with K =                 9
                                    Exponents     Contraction
                              2940.0000000000    0.0006800000
                               441.2000000000    0.0052360000
                               100.5000000000    0.0266060000
                                28.4300000000    0.0999930000
                                 9.1690000000    0.2697020000
                                 3.1960000000    0.4514690000
                                 1.1590000000    0.2950740000
                                 0.1811000000    0.0125870000
                                 0.0589000000   -0.0037560000
      s-type shell with K =                 9
                                    Exponents     Contraction
                              2940.0000000000   -0.0001230000
                               441.2000000000   -0.0009660000
                               100.5000000000   -0.0048310000
                                28.4300000000   -0.0193140000
                                 9.1690000000   -0.0532800000
                                 3.1960000000   -0.1207230000
                                 1.1590000000   -0.1334350000
                                 0.1811000000    0.5307670000
                                 0.0589000000    0.5801170000
      s-type shell with K =                 1
                                    Exponents     Contraction
                                 0.0589000000    1.0000000000
      p-type shell with K =                 4
                                    Exponents     Contraction
                                 3.6190000000    0.0291110000
                                 0.7110000000    0.1693650000
                                 0.1951000000    0.5134580000
                                 0.0601800000    0.4793380000
      p-type shell with K =                 1
                                    Exponents     Contraction
                                 0.0601800000    1.0000000000
      d-type shell with K =                 1
                                    Exponents     Contraction
                                 0.2354000000    1.0000000000
          ------------------
                    Atom n.                 2
           number of shells                 3
          ------------------
      s-type shell with K =                 4
                                    Exponents     Contraction
                                13.0100000000    0.0196850000
                                 1.9620000000    0.1379770000
                                 0.4446000000    0.4781480000
                                 0.1220000000    0.5012400000
      s-type shell with K =                 1
                                    Exponents     Contraction
                                 0.1220000000    1.0000000000
      p-type shell with K =                 1
                                    Exponents     Contraction
                                 0.7270000000    1.0000000000
          ------------------
                    Atom n.                 3
           number of shells                 3
          ------------------
      s-type shell with K =                 4
                                    Exponents     Contraction
                                13.0100000000    0.0196850000
                                 1.9620000000    0.1379770000
                                 0.4446000000    0.4781480000
                                 0.1220000000    0.5012400000
      s-type shell with K =                 1
                                    Exponents     Contraction
                                 0.1220000000    1.0000000000
      p-type shell with K =                 1
                                    Exponents     Contraction
                                 0.7270000000    1.0000000000
          ------------------
            Number of shells               12
          ------------------

          ------------------
   Number of basis functions               25
          ------------------

 Scaling integrals by    1.0000000000000000     

                          Total CPU time for reading integrals =      0.021 seconds


 ************************************************
 |    Restricted Hartree-Fock calculation       |
 ************************************************


 ----------------------------------------------------
 | RHF calculation                                  |
 ----------------------------------------------------
 |   # |        HF energy |       Conv |     HL Gap |
 ----------------------------------------------------
 |   1 |   -14.3165796383 |   1.125951 |   1.508658 |
 |   2 |   -14.1239835019 |   0.253516 |   1.574806 |
 |   3 |   -14.0053765253 |   0.100928 |   1.568102 |
 |   4 |   -13.9579497558 |   0.049514 |   1.560594 |
 |   5 |   -13.9382250948 |   0.030748 |   1.556064 |
 |   6 |   -13.9293500737 |   0.019500 |   1.553413 |
 |   7 |   -13.9250905423 |   0.012420 |   1.551818 |
 |   8 |   -13.9229529952 |   0.007942 |   1.550828 |
 |   9 |   -13.9218508708 |   0.005099 |   1.550198 |
 |  10 |   -13.9212757512 |   0.003429 |   1.549789 |
 |  11 |   -13.9209764271 |   0.002353 |   1.549519 |
 |  12 |   -13.9208237268 |   0.001619 |   1.549339 |
 |  13 |   -13.9207493497 |   0.001117 |   1.549217 |
 |  14 |   -13.9207165246 |   0.000772 |   1.549135 |
 |  15 |   -13.9207052703 |   0.000538 |   1.549078 |
 |  16 |   -13.9207047213 |   0.000380 |   1.549039 |
 |  17 |   -13.9207090220 |   0.000271 |   1.549012 |
 |  18 |   -13.9207150854 |   0.000199 |   1.548994 |
 |  19 |   -13.9207213517 |   0.000146 |   1.548981 |
 |  20 |   -13.9207270960 |   0.000107 |   1.548972 |
 |  21 |   -13.9207320395 |   0.000078 |   1.548965 |
 |  22 |   -13.9207361327 |   0.000057 |   1.548961 |
 |  23 |   -13.9207394355 |   0.000042 |   1.548957 |
 |  24 |   -13.9207420519 |   0.000031 |   1.548955 |
 |  25 |   -13.9207440965 |   0.000022 |   1.548954 |
 |  26 |   -13.9207456776 |   0.000016 |   1.548952 |
 |  27 |   -13.9207468902 |   0.000012 |   1.548952 |
 |  28 |   -13.9207478139 |   0.000009 |   1.548951 |
 |  29 |   -13.9207485137 |   0.000006 |   1.548951 |
 |  30 |   -13.9207490415 |   0.000005 |   1.548950 |
 |  31 |   -13.9207494380 |   0.000003 |   1.548950 |
 |  32 |   -13.9207497348 |   0.000003 |   1.548950 |
 |  33 |   -13.9207499565 |   0.000002 |   1.548950 |
 |  34 |   -13.9207501216 |   0.000001 |   1.548950 |
 |  35 |   -13.9207502443 |   0.000001 |   1.548950 |
 |  36 |   -13.9207503353 |   0.000001 |   1.548950 |
 |  37 |   -13.9207504027 |   0.000001 |   1.548950 |
 |  38 |   -13.9207504525 |   0.000000 |   1.548950 |
 |  39 |   -13.9207504893 |   0.000000 |   1.548950 |
 |  40 |   -13.9207505164 |   0.000000 |   1.548950 |
 |  41 |   -13.9207505364 |   0.000000 |   1.548950 |
 |  42 |   -13.9207505512 |   0.000000 |   1.548950 |
 |  43 |   -13.9207505031 |   0.000000 |   0.548950 |
 ----------------------------------------------------

         -----------------------------------------
           Summary              
         -----------------------------------------
           One-electron energy:    -33.4518115812 au
           Kinetic      energy:     18.0480825379 au
           Potential    energy:    -51.4998941192 au
         -----------------------------------------
           Two-electron energy:     10.5350484964 au
           Hartree      energy:     14.3236059745 au
           Exchange     energy:     -3.7885574780 au
         -----------------------------------------
           Electronic   energy:    -22.9167630848 au
           Nuclear   repulsion:      8.9960125817 au
           RHF          energy:    -13.9207505031 au
         -----------------------------------------
           HF HOMO      energy:        -13.000878 eV
           HF LUMO      energy:          1.936801 eV
           HF HOMO-LUMO gap   :         14.937679 eV
         -----------------------------------------
          Dipole moment (Debye)    
                   X         Y         Z      Tot.
           -0.000000  0.000000  0.000000  0.000000
         -----------------------------------------

           ---------------------------------------
                 MO coefficients
           ---------------------------------------
                 1              2              3              4              5
      1     0.93142901     0.00000000     0.12450410     0.00000000     0.00000000
      2    -0.22051678     0.00000000    -1.07306534     0.00000000     0.00000000
      3     0.16152764     0.00000000     0.26261230     0.00000000     0.00000000
      4     0.00000000     0.00000000     0.00000000     0.43079209     0.08600447
      5     0.00000000     0.00000000     0.00000000    -0.08600447     0.43079209
      6     0.00000000     0.77488183     0.00000000     0.00000000     0.00000000
      7     0.00000000     0.00000000     0.00000000     0.55576651     0.11095469
      8     0.00000000     0.00000000     0.00000000    -0.11095469     0.55576651
      9     0.00000000    -0.20157244     0.00000000     0.00000000     0.00000000
     10     0.06038853     0.00000000    -0.05638903     0.00000000     0.00000000
     11     0.00000000     0.00000000     0.00000000     0.00000000     0.00000000
     12     0.00000000     0.00000000     0.00000000     0.00000000     0.00000000
     13     0.06038853     0.00000000    -0.05638903     0.00000000     0.00000000
     14     0.00000000     0.00000000     0.00000000     0.00000000     0.00000000
     15     0.04542327     0.00000000    -0.09333693     0.00000000     0.00000000
     16     0.12462353     1.09196674    -0.50753243     0.00000000     0.00000000
     17    -0.12690518    -0.93921537     0.43298117     0.00000000     0.00000000
     18     0.00000000     0.00000000     0.00000000     0.04085825     0.00815705
     19     0.00000000     0.00000000     0.00000000    -0.00815705     0.04085825
     20    -0.00062976    -0.12003242    -0.01797622     0.00000000     0.00000000
     21     0.12462353    -1.09196674    -0.50753243     0.00000000     0.00000000
     22    -0.12690518     0.93921537     0.43298117     0.00000000     0.00000000
     23     0.00000000     0.00000000     0.00000000     0.04085825     0.00815705
     24     0.00000000     0.00000000     0.00000000    -0.00815705     0.04085825
     25     0.00062976    -0.12003242     0.01797622     0.00000000     0.00000000
                 6              7              8              9             10
      1     0.00000000    -0.38086475     0.00000000     0.00000000     0.00000000
      2     0.00000000    -0.97581571     0.00000000     0.00000000     0.00000000
      3     0.00000000    -2.27285117     0.00000000     0.00000000     0.00000000
      4     0.00000000     0.00000000     0.13154906    -1.97808891     0.00000000
      5     0.00000000     0.00000000    -1.97808891    -0.13154906     0.00000000
      6     0.21901836     0.00000000     0.00000000     0.00000000     2.31505716
      7     0.00000000     0.00000000    -0.12987874     1.95297252     0.00000000
      8     0.00000000     0.00000000     1.95297252     0.12987874     0.00000000
      9     1.64546325     0.00000000     0.00000000     0.00000000     0.76209373
     10     0.00000000    -0.01415373     0.00000000     0.00000000     0.00000000
     11     0.00000000     0.00000000     0.00000000     0.00000000     0.00000000
     12     0.00000000     0.00000000     0.00000000     0.00000000     0.00000000
     13     0.00000000    -0.01415373     0.00000000     0.00000000     0.00000000
     14     0.00000000     0.00000000     0.00000000     0.00000000     0.00000000
     15     0.00000000    -0.16562340     0.00000000     0.00000000     0.00000000
     16    -0.38051314     0.07077481     0.00000000     0.00000000     0.16969918
     17    -1.51863369     1.59943875     0.00000000     0.00000000    -5.78302987
     18     0.00000000     0.00000000    -0.00325167     0.04889495     0.00000000
     19     0.00000000     0.00000000     0.04889495     0.00325167     0.00000000
     20     0.07120431     0.08063629     0.00000000     0.00000000     0.06459059
     21     0.38051314     0.07077481     0.00000000     0.00000000    -0.16969918
     22     1.51863369     1.59943875     0.00000000     0.00000000     5.78302987
     23     0.00000000     0.00000000    -0.00325167     0.04889495     0.00000000
     24     0.00000000     0.00000000     0.04889495     0.00325167     0.00000000
     25     0.07120431    -0.08063629     0.00000000     0.00000000     0.06459059
                11             12             13             14             15
      1    -0.19642546     0.00000000     0.00000000     0.00000000     0.00000000
      2    -0.73061990     0.00000000     0.00000000     0.00000000     0.00000000
      3     0.53404287     0.00000000     0.00000000     0.00000000     0.00000000
      4     0.00000000     0.00000000     0.00000000     0.00000000     0.00000000
      5     0.00000000     0.00000000     0.00000000     0.00000000     0.00000000
      6     0.00000000     0.00000000     0.00000000     0.00000000     0.00000000
      7     0.00000000     0.00000000     0.00000000     0.00000000     0.00000000
      8     0.00000000     0.00000000     0.00000000     0.00000000     0.00000000
      9     0.00000000     0.00000000     0.00000000     0.00000000     0.00000000
     10    -0.77863980     0.00000000     0.00000000     0.86602534     0.00033010
     11     0.00000000     0.00000000     0.00000000    -0.00038117     0.99999993
     12     0.00000000     0.11012236    -1.05430989     0.00000000     0.00000000
     13    -0.77863980     0.00000000     0.00000000    -0.86602534    -0.00033010
     14     0.00000000    -1.05430989    -0.11012236     0.00000000     0.00000000
     15     0.59701704     0.00000000     0.00000000     0.00000000     0.00000000
     16    -0.09317559     0.00000000     0.00000000     0.00000000     0.00000000
     17     0.51854891     0.00000000     0.00000000     0.00000000     0.00000000
     18     0.00000000    -0.00800634     0.07665261     0.00000000     0.00000000
     19     0.00000000     0.07665261     0.00800634     0.00000000     0.00000000
     20     0.03795246     0.00000000     0.00000000     0.00000000     0.00000000
     21    -0.09317559     0.00000000     0.00000000     0.00000000     0.00000000
     22     0.51854891     0.00000000     0.00000000     0.00000000     0.00000000
     23     0.00000000     0.00800634    -0.07665261     0.00000000     0.00000000
     24     0.00000000    -0.07665261    -0.00800634     0.00000000     0.00000000
     25    -0.03795246     0.00000000     0.00000000     0.00000000     0.00000000
                16             17             18             19             20
      1    -1.50663855    -1.39623211     0.00000000     0.00000000    -2.73564362
      2    -7.76106129    -4.53403379     0.00000000     0.00000000   -12.65441586
      3     1.01280060    -0.60535398     0.00000000     0.00000000     4.91460499
      4     0.00000000     0.00000000    -2.67123670    -0.49023209     0.00000000
      5     0.00000000     0.00000000     0.49023209    -2.67123670     0.00000000
      6     0.00000000     0.00000000     0.00000000     0.00000000     0.00000000
      7     0.00000000     0.00000000     1.80751599     0.33171989     0.00000000
      8     0.00000000     0.00000000    -0.33171989     1.80751599     0.00000000
      9     0.00000000     0.00000000     0.00000000     0.00000000     0.00000000
     10    -0.47868680    -3.03322649     0.00000000     0.00000000     0.00946948
     11     0.00000000     0.00000000     0.00000000     0.00000000     0.00000000
     12     0.00000000     0.00000000     0.00000000     0.00000000     0.00000000
     13    -0.47868680    -3.03322649     0.00000000     0.00000000     0.00946948
     14     0.00000000     0.00000000     0.00000000     0.00000000     0.00000000
     15    -0.99352853    -4.36339391     0.00000000     0.00000000    -2.61302100
     16    -1.62830263    -2.12208221     0.00000000     0.00000000     1.62035798
     17     5.94213145     8.59719407     0.00000000     0.00000000     4.01939829
     18     0.00000000     0.00000000     1.10965051     0.20364586     0.00000000
     19     0.00000000     0.00000000    -0.20364586     1.10965051     0.00000000
     20     0.29902970     0.60573115     0.00000000     0.00000000     1.17321703
     21    -1.62830263    -2.12208221     0.00000000     0.00000000     1.62035798
     22     5.94213145     8.59719407     0.00000000     0.00000000     4.01939829
     23     0.00000000     0.00000000     1.10965051     0.20364586     0.00000000
     24     0.00000000     0.00000000    -0.20364586     1.10965051     0.00000000
     25    -0.29902970    -0.60573115     0.00000000     0.00000000    -1.17321703
                21             22             23             24             25
      1     0.00000000     0.00000000     0.00000000     0.00000000    -3.67845304
      2     0.00000000     0.00000000     0.00000000     0.00000000   -11.06073031
      3     0.00000000     0.00000000     0.00000000     0.00000000     6.30419034
      4     0.00000000     0.00000000     0.00000000     0.00000000     0.00000000
      5     0.00000000     0.00000000     0.00000000     0.00000000     0.00000000
      6     0.00000000     0.00000000    -0.41182255   -12.14564768     0.00000000
      7     0.00000000     0.00000000     0.00000000     0.00000000     0.00000000
      8     0.00000000     0.00000000     0.00000000     0.00000000     0.00000000
      9     0.00000000     0.00000000     0.56564794     4.04462937     0.00000000
     10     0.00000000     0.00000000     0.00000000     0.00000000     2.16751160
     11     0.00000000     0.00000000     0.00000000     0.00000000     0.00000000
     12     0.83080209     0.08983102     0.00000000     0.00000000     0.00000000
     13     0.00000000     0.00000000     0.00000000     0.00000000     2.16751160
     14    -0.08983102     0.83080209     0.00000000     0.00000000     0.00000000
     15     0.00000000     0.00000000     0.00000000     0.00000000     2.34266087
     16     0.00000000     0.00000000    -0.74402913     7.24673905     3.21208014
     17     0.00000000     0.00000000    -0.62055425     5.44649182    -2.40187439
     18    -1.11033118    -0.12005528     0.00000000     0.00000000     0.00000000
     19     0.12005528    -1.11033118     0.00000000     0.00000000     0.00000000
     20     0.00000000     0.00000000     1.40575691    -0.55691047    -0.92921024
     21     0.00000000     0.00000000     0.74402913    -7.24673905     3.21208014
     22     0.00000000     0.00000000     0.62055425    -5.44649182    -2.40187439
     23     1.11033118     0.12005528     0.00000000     0.00000000     0.00000000
     24    -0.12005528     1.11033118     0.00000000     0.00000000     0.00000000
     25     0.00000000     0.00000000     1.40575691    -0.55691047     0.92921024

           ---------------------------------------
                     MO energies
           ---------------------------------------
                 1
      1    -5.09756419
      2    -0.61551965
      3    -0.47777346
      4     0.07117613
      5     0.07117613
      6     0.14399327
      7     0.14853458
      8     0.31225446
      9     0.31225446
     10     0.54110719
     11     0.61305720
     12     0.64142143
     13     0.64142143
     14     0.66782484
     15     0.66782484
     16     0.73257765
     17     1.57460917
     18     1.77841316
     19     1.77841316
     20     2.06379438
     21     2.06469440
     22     2.06469440
     23     2.27963816
     24     3.51405423
     25     4.57767621

                                        Total CPU time for RHF =      0.344 seconds


 AO to MO transformation... Please be patient

                    Total CPU time for AO to MO transformation =      0.655 seconds


 ************************************************
 |          One-shot G0W0 calculation           |
 ************************************************


 -------------------------------------------------------------
   RPA@HF       calculation: singlet        manifold
 -------------------------------------------------------------
 | State |  Excitation energy (au) |  Excitation energy (eV) |
 -------------------------------------------------------------
 |     1 |                0.603192 |               16.413683 |
 |     2 |                0.603192 |               16.413683 |
 |     3 |                0.629105 |               17.118819 |
 |     4 |                0.657090 |               17.880331 |
 |     5 |                0.701920 |               19.100205 |
 |     6 |                0.701920 |               19.100205 |
 |     7 |                0.777733 |               21.163191 |
 |     8 |                0.784994 |               21.360782 |
 |     9 |                0.862785 |               23.477585 |
 |    10 |                0.862785 |               23.477585 |
 |    11 |                0.952649 |               25.922898 |
 |    12 |                0.952649 |               25.922898 |
 |    13 |                1.049499 |               28.558323 |
 |    14 |                1.154651 |               31.419665 |
 |    15 |                1.183822 |               32.213439 |
 |    16 |                1.183822 |               32.213439 |
 |    17 |                1.184367 |               32.228277 |
 |    18 |                1.197581 |               32.587852 |
 |    19 |                1.197581 |               32.587852 |
 |    20 |                1.286136 |               34.997547 |
 -------------------------------------------------------------

  *** Quasiparticle energies obtained by linearization *** 

 -------------------------------------------------------------------------------
   One-shot G0W0 calculation
 -------------------------------------------------------------------------------
 |   # |       e_HF (eV) |      Sig_c (eV) |               Z |       e_QP (eV) |
 -------------------------------------------------------------------------------
 |   1 |     -138.711787 |        6.371883 |        0.862182 |     -133.218062 |
 |   2 |      -16.749143 |        0.804567 |        0.926435 |      -16.003764 |
 |   3 |      -13.000878 |       -0.024289 |        0.949242 |      -13.023934 |
 |   4 |        1.936801 |       -0.352642 |        0.982536 |        1.590318 |
 |   5 |        1.936801 |       -0.352642 |        0.982536 |        1.590318 |
 |   6 |        3.918256 |       -0.077041 |        0.996870 |        3.841457 |
 |   7 |        4.041832 |       -0.213192 |        0.989127 |        3.830958 |
 |   8 |        8.496877 |       -0.775201 |        0.964443 |        7.749240 |
 |   9 |        8.496877 |       -0.775201 |        0.964443 |        7.749240 |
 |  10 |       14.724277 |       -0.483555 |        0.979313 |       14.250725 |
 |  11 |       16.682136 |       -1.273957 |        0.761862 |       15.711557 |
 |  12 |       17.453966 |       -0.465863 |        0.960771 |       17.006379 |
 |  13 |       17.453966 |       -0.465863 |        0.960771 |       17.006379 |
 |  14 |       18.172439 |      -10.158811 |        0.018995 |       17.979472 |
 |  15 |       18.172439 |      -10.158811 |        0.018995 |       17.979472 |
 |  16 |       19.934453 |       -0.689203 |        0.877797 |       19.329472 |
 |  17 |       42.847298 |       -0.552732 |        0.646097 |       42.490179 |
 |  18 |       48.393087 |       -0.411350 |        0.709463 |       48.101249 |
 |  19 |       48.393087 |       -0.411350 |        0.709463 |       48.101249 |
 |  20 |       56.158706 |        4.253021 |        0.037443 |       56.317953 |
 |  21 |       56.183196 |       -0.317943 |        0.726961 |       55.952064 |
 |  22 |       56.183196 |       -0.317943 |        0.726961 |       55.952064 |
 |  23 |       62.032114 |       -1.095527 |        0.859822 |       61.090156 |
 |  24 |       95.622286 |       18.329461 |        0.013587 |       95.871323 |
 |  25 |      124.564915 |       -4.297972 |        0.191692 |      123.741028 |
 -------------------------------------------------------------------------------
          G0W0 HOMO      energy:     -13.023934 eV
          G0W0 LUMO      energy:       1.590318 eV
          G0W0 HOMO-LUMO gap   :      14.614252 eV
 -------------------------------------------------------------------------------
    RPA@G0W0 total energy      :     -14.032766 au
    RPA@G0W0 correlation energy:      -0.112015 au
    GM@G0W0  total energy      :     -14.124197 au
    GM@G0W0  correlation energy:      -0.203446 au
 -------------------------------------------------------------------------------


 -------------------------------------------------------------
   BSE@GW       calculation: singlet        manifold
 -------------------------------------------------------------
 | State |  Excitation energy (au) |  Excitation energy (eV) |
 -------------------------------------------------------------
 |     1 |                0.314186 |                8.549438 |
 |     2 |                0.314186 |                8.549438 |
 |     3 |                0.345100 |                9.390654 |
 |     4 |                0.345100 |                9.390654 |
 |     5 |                0.422236 |               11.489626 |
 |     6 |                0.435733 |               11.856892 |
 |     7 |                0.511314 |               13.913558 |
 |     8 |                0.511314 |               13.913558 |
 |     9 |                0.528859 |               14.390995 |
 |    10 |                0.540868 |               14.717776 |
 |    11 |                0.589447 |               16.039668 |
 |    12 |                0.589447 |               16.039668 |
 |    13 |                0.748870 |               20.377793 |
 |    14 |                0.773936 |               21.059871 |
 |    15 |                0.819839 |               22.308955 |
 |    16 |                0.819839 |               22.308955 |
 |    17 |                0.847634 |               23.065300 |
 |    18 |                0.847634 |               23.065300 |
 |    19 |                0.870703 |               23.693025 |
 |    20 |                0.877818 |               23.886656 |
 -------------------------------------------------------------

 ---------------------------------------------------------------
                 Transition dipole moment (au)                  
 ---------------------------------------------------------------
  #           X           Y           Z   dip. str.   osc. str.
 ---------------------------------------------------------------
  1    0.250777    1.412208    0.000000    2.057220    0.430900
  2    1.412208   -0.250777   -0.000000    2.057220    0.430900
  3   -0.000000    0.000000    0.000000    0.000000    0.000000
  4   -0.000000   -0.000000    0.000000    0.000000    0.000000
  5   -0.000000   -0.000000   -0.915103    0.837414    0.235724
  6    0.000000    0.000000    0.000000    0.000000    0.000000
  7   -0.017603    0.125512   -0.000000    0.016063    0.005476
  8   -0.125512   -0.017603   -0.000000    0.016063    0.005476
  9   -0.000000   -0.000000    0.026202    0.000687    0.000242
 10   -0.000000    0.000000   -0.000000    0.000000    0.000000
 ---------------------------------------------------------------

 -------------------------------------------------------------
 Excitation n.   1:   8.549438 eV  f = 0.4309  <S**2> = 0.0000
 -------------------------------------------------------------
  3 ->   5 =  -0.701976
  3 ->   8 =   0.116807

 -------------------------------------------------------------
 Excitation n.   2:   8.549438 eV  f = 0.4309  <S**2> = 0.0000
 -------------------------------------------------------------
  3 ->   4 =  -0.701976
  3 ->   9 =   0.116807

 -------------------------------------------------------------
 Excitation n.   3:   9.390654 eV  f = 0.0000  <S**2> = 0.0000
 -------------------------------------------------------------
  2 ->   4 =  -0.525878
  2 ->   5 =   0.407550
  2 ->   8 =  -0.192271
  2 ->   9 =   0.145570

 -------------------------------------------------------------
 Excitation n.   4:   9.390654 eV  f = 0.0000  <S**2> = 0.0000
 -------------------------------------------------------------
  2 ->   4 =  -0.407550
  2 ->   5 =  -0.525878
  2 ->   8 =   0.145570
  2 ->   9 =   0.192271

 -------------------------------------------------------------
 Excitation n.   5:  11.489626 eV  f = 0.2357  <S**2> = 0.0000
 -------------------------------------------------------------
  2 ->   7 =   0.098850
  3 ->   6 =   0.695092
  3 ->  10 =  -0.081711

 -------------------------------------------------------------
 Excitation n.   6:  11.856892 eV  f = 0.0000  <S**2> = 0.0000
 -------------------------------------------------------------
  3 ->   7 =   0.705870

 -------------------------------------------------------------
 Excitation n.   7:  13.913558 eV  f = 0.0055  <S**2> = 0.0000
 -------------------------------------------------------------
  3 ->   5 =  -0.108399
  3 ->   8 =  -0.696342

 -------------------------------------------------------------
 Excitation n.   8:  13.913558 eV  f = 0.0055  <S**2> = 0.0000
 -------------------------------------------------------------
  3 ->   4 =   0.108399
  3 ->   9 =   0.696342

 -------------------------------------------------------------
 Excitation n.   9:  14.390995 eV  f = 0.0002  <S**2> = 0.0000
 -------------------------------------------------------------
  2 ->   7 =   0.698390
  3 ->   6 =  -0.100865

 -------------------------------------------------------------
 Excitation n.  10:  14.717776 eV  f = 0.0000  <S**2> = 0.0000
 -------------------------------------------------------------
  2 ->   6 =  -0.703647

Thomas-Reiche-Kuhn sum rule =   1.108717


 *** dynamical TDA activated ***

 ---------------------------------------------------------------------------------------------------
  First-order dynamical correction to static Bethe-Salpeter excitation energies                     
 ---------------------------------------------------------------------------------------------------
  BSE neutral excitation must be lower than the GW gap =  14.614252 eV
 ---------------------------------------------------------------------------------------------------
      #          Static (eV)         Dynamic (eV)      Correction (eV)         Renorm. (eV)
 ---------------------------------------------------------------------------------------------------
      1            8.549438            8.409979           -0.139459            1.015616
      2            8.549438            8.409979           -0.139459            1.015616
      3            9.390654            9.057853           -0.332802            1.023505
      4            9.390654            9.057853           -0.332802            1.023505
      5           11.489626           11.449193           -0.040433            1.004408
      6           11.856892           11.817847           -0.039045            1.005883
      7           13.913558           13.742741           -0.170816            1.016061
      8           13.913558           13.742741           -0.170816            1.016061
      9           14.390995           14.331462           -0.059533            1.007541
     10           14.717776           14.682358           -0.035418            1.004813
 ---------------------------------------------------------------------------------------------------


 -------------------------------------------------------------
   BSE@GW       calculation: triplet        manifold
 -------------------------------------------------------------
 | State |  Excitation energy (au) |  Excitation energy (eV) |
 -------------------------------------------------------------
 |     1 |                0.199292 |                5.423011 |
 |     2 |                0.199292 |                5.423011 |
 |     3 |                0.295158 |                8.031647 |
 |     4 |                0.295158 |                8.031647 |
 |     5 |                0.383505 |               10.435716 |
 |     6 |                0.399533 |               10.871842 |
 |     7 |                0.471349 |               12.826065 |
 |     8 |                0.471349 |               12.826065 |
 |     9 |                0.498715 |               13.570718 |
 |    10 |                0.514216 |               13.992522 |
 |    11 |                0.572605 |               15.581374 |
 |    12 |                0.572605 |               15.581374 |
 |    13 |                0.698833 |               19.016215 |
 |    14 |                0.703470 |               19.142392 |
 |    15 |                0.761208 |               20.713512 |
 |    16 |                0.761208 |               20.713512 |
 |    17 |                0.783753 |               21.327000 |
 |    18 |                0.794586 |               21.621795 |
 |    19 |                0.794586 |               21.621795 |
 |    20 |                0.797889 |               21.711669 |
 -------------------------------------------------------------

 -------------------------------------------------------------
 Excitation n.   1:   5.423011 eV  f = 0.0000  <S**2> = 2.0000
 -------------------------------------------------------------
  3 ->   4 =   0.146816
  3 ->   5 =   0.634651
  3 ->   8 =  -0.246729
  3 ->   9 =  -0.131853

 -------------------------------------------------------------
 Excitation n.   2:   5.423011 eV  f = 0.0000  <S**2> = 2.0000
 -------------------------------------------------------------
  3 ->   4 =   0.634651
  3 ->   5 =  -0.146816
  3 ->   8 =   0.131853
  3 ->   9 =  -0.246729

 -------------------------------------------------------------
 Excitation n.   3:   8.031647 eV  f = 0.0000  <S**2> = 2.0000
 -------------------------------------------------------------
  2 ->   4 =   0.364410
  2 ->   5 =   0.517992
  2 ->   8 =  -0.193874
  2 ->   9 =  -0.232872

 -------------------------------------------------------------
 Excitation n.   4:   8.031647 eV  f = 0.0000  <S**2> = 2.0000
 -------------------------------------------------------------
  2 ->   4 =  -0.517992
  2 ->   5 =   0.364410
  2 ->   8 =  -0.232872
  2 ->   9 =   0.193874

 -------------------------------------------------------------
 Excitation n.   5:  10.435716 eV  f = 0.0000  <S**2> = 2.0000
 -------------------------------------------------------------
  2 ->   6 =   0.147428
  3 ->   7 =   0.683387
  3 ->  16 =  -0.091466

 -------------------------------------------------------------
 Excitation n.   6:  10.871842 eV  f = 0.0000  <S**2> = 2.0000
 -------------------------------------------------------------
  2 ->   7 =  -0.210381
  3 ->   6 =  -0.659347
  3 ->  10 =   0.130202

 -------------------------------------------------------------
 Excitation n.   7:  12.826065 eV  f = 0.0000  <S**2> = 2.0000
 -------------------------------------------------------------
  3 ->   4 =  -0.263298
  3 ->   5 =  -0.093857
  3 ->   9 =  -0.646491

 -------------------------------------------------------------
 Excitation n.   8:  12.826065 eV  f = 0.0000  <S**2> = 2.0000
 -------------------------------------------------------------
  3 ->   4 =  -0.093857
  3 ->   5 =   0.263298
  3 ->   8 =   0.646491

 -------------------------------------------------------------
 Excitation n.   9:  13.570718 eV  f = 0.0000  <S**2> = 2.0000
 -------------------------------------------------------------
  2 ->   7 =   0.663576
  2 ->  16 =  -0.090015
  3 ->   6 =  -0.220372

 -------------------------------------------------------------
 Excitation n.  10:  13.992522 eV  f = 0.0000  <S**2> = 2.0000
 -------------------------------------------------------------
  2 ->   6 =   0.669627
  2 ->  10 =  -0.149731
  3 ->   7 =  -0.158066

Thomas-Reiche-Kuhn sum rule =   0.000000


 *** dynamical TDA activated ***

 ---------------------------------------------------------------------------------------------------
  First-order dynamical correction to static Bethe-Salpeter excitation energies                     
 ---------------------------------------------------------------------------------------------------
  BSE neutral excitation must be lower than the GW gap =  14.614252 eV
 ---------------------------------------------------------------------------------------------------
      #          Static (eV)         Dynamic (eV)      Correction (eV)         Renorm. (eV)
 ---------------------------------------------------------------------------------------------------
      1            5.423011            5.099544           -0.323467            1.018205
      2            5.423011            5.099544           -0.323467            1.018205
      3            8.031647            7.558049           -0.473598            1.025319
      4            8.031647            7.558049           -0.473598            1.025319
      5           10.435716           10.337417           -0.098299            1.007995
      6           10.871842           10.778156           -0.093687            1.006642
      7           12.826065           12.678871           -0.147194            1.008635
      8           12.826065           12.678871           -0.147194            1.008635
      9           13.570718           13.469539           -0.101180            1.008038
     10           13.992522           13.911220           -0.081302            1.005887
 ---------------------------------------------------------------------------------------------------


 -------------------------------------------------------------------------------
          Tr@BSE@G0W0 correlation energy (singlet) =       -0.0758179643
          Tr@BSE@G0W0 correlation energy (triplet) =       -0.0283115857
          Tr@BSE@G0W0 correlation energy           =       -0.1041295500
          Tr@BSE@G0W0 total energy                 =      -14.0248800531
 -------------------------------------------------------------------------------

                                       Total CPU time for G0W0 =      0.055 seconds


 ************************************************
 |          One-shot G0T0 calculation           |
 ************************************************


 -------------------------------------------------------------
   pp-RPA (N+2) calculation: alpha-beta     manifold
 -------------------------------------------------------------
 | State |  Excitation energy (au) |  Excitation energy (eV) |
 -------------------------------------------------------------
 |     1 |                0.349506 |                9.510545 |
 |     2 |                0.372168 |               10.127212 |
 |     3 |                0.372168 |               10.127212 |
 |     4 |                0.377434 |               10.270495 |
 |     5 |                0.385711 |               10.495719 |
 |     6 |                0.385711 |               10.495719 |
 |     7 |                0.388449 |               10.570230 |
 |     8 |                0.388449 |               10.570230 |
 |     9 |                0.400264 |               10.891745 |
 |    10 |                0.400264 |               10.891745 |
 |    11 |                0.429326 |               11.682558 |
 |    12 |                0.442505 |               12.041167 |
 |    13 |                0.442505 |               12.041167 |
 |    14 |                0.444455 |               12.094240 |
 |    15 |                0.493599 |               13.431507 |
 |    16 |                0.507840 |               13.819039 |
 |    17 |                0.588812 |               16.022380 |
 |    18 |                0.596289 |               16.225856 |
 |    19 |                0.596289 |               16.225856 |
 |    20 |                0.606494 |               16.503551 |
 -------------------------------------------------------------


 -------------------------------------------------------------
   pp-RPA (N-2) calculation: alpha-beta     manifold
 -------------------------------------------------------------
 | State |  Excitation energy (au) |  Excitation energy (eV) |
 -------------------------------------------------------------
 |     1 |              -12.450478 |             -338.794758 |
 |     2 |               -6.506513 |             -177.051237 |
 |     3 |               -6.431312 |             -175.004903 |
 |     4 |               -6.252075 |             -170.127639 |
 |     5 |               -6.157842 |             -167.563408 |
 |     6 |               -1.887531 |              -51.362331 |
 |     7 |               -1.729161 |              -47.052871 |
 |     8 |               -1.477198 |              -40.196614 |
 |     9 |               -1.369917 |              -37.277341 |
 -------------------------------------------------------------


 -------------------------------------------------------------
   pp-RPA (N+2) calculation: alpha-alpha    manifold
 -------------------------------------------------------------
 | State |  Excitation energy (au) |  Excitation energy (eV) |
 -------------------------------------------------------------
 |     1 |                0.349506 |                9.510545 |
 |     2 |                0.385711 |               10.495719 |
 |     3 |                0.385711 |               10.495719 |
 |     4 |                0.388449 |               10.570230 |
 |     5 |                0.388449 |               10.570230 |
 |     6 |                0.429326 |               11.682558 |
 |     7 |                0.596289 |               16.225856 |
 |     8 |                0.596289 |               16.225856 |
 |     9 |                0.606494 |               16.503551 |
 |    10 |                0.630681 |               17.161705 |
 |    11 |                0.630681 |               17.161705 |
 |    12 |                0.634634 |               17.269263 |
 |    13 |                0.643825 |               17.519378 |
 |    14 |                0.643825 |               17.519378 |
 |    15 |                0.828646 |               22.548614 |
 |    16 |                0.828646 |               22.548614 |
 |    17 |                0.859446 |               23.386725 |
 |    18 |                0.868114 |               23.622572 |
 |    19 |                0.924682 |               25.161875 |
 |    20 |                0.924682 |               25.161875 |
 -------------------------------------------------------------


 -------------------------------------------------------------
   pp-RPA (N-2) calculation: alpha-alpha    manifold
 -------------------------------------------------------------
 | State |  Excitation energy (au) |  Excitation energy (eV) |
 -------------------------------------------------------------
 |     1 |               -6.431312 |             -175.004903 |
 |     2 |               -6.157842 |             -167.563408 |
 |     3 |               -1.477198 |              -40.196614 |
 -------------------------------------------------------------

 -------------------------------------------------------------------------------
   One-shot G0T0 calculation (T-matrix self-energy)  
 -------------------------------------------------------------------------------
 |   # |       e_HF (eV) |    Sigma_T (eV) |               Z |       e_QP (eV) |
 -------------------------------------------------------------------------------
 |   1 |     -138.711787 |        4.283974 |        0.911609 |     -134.806478 |
 |   2 |      -16.749143 |        0.511228 |        0.973209 |      -16.251610 |
 |   3 |      -13.000878 |        0.157667 |        0.981722 |      -12.846093 |
 |   4 |        1.936801 |       -0.430492 |        0.987244 |        1.511800 |
 |   5 |        1.936801 |       -0.430492 |        0.987244 |        1.511800 |
 |   6 |        3.918256 |       -0.079701 |        0.997694 |        3.838739 |
 |   7 |        4.041832 |       -0.177334 |        0.993180 |        3.865708 |
 |   8 |        8.496877 |       -0.659569 |        0.980240 |        7.850341 |
 |   9 |        8.496877 |       -0.659569 |        0.980240 |        7.850341 |
 |  10 |       14.724277 |       -0.437297 |        0.986840 |       14.292735 |
 |  11 |       16.682136 |       -0.685624 |        0.973076 |       16.014971 |
 |  12 |       17.453966 |       -0.430577 |        0.984002 |       17.030278 |
 |  13 |       17.453966 |       -0.430577 |        0.984002 |       17.030278 |
 |  14 |       18.172439 |       -0.753517 |        0.942037 |       17.462599 |
 |  15 |       18.172439 |       -0.753517 |        0.942037 |       17.462599 |
 |  16 |       19.934453 |       -0.532664 |        0.969528 |       19.418021 |
 |  17 |       42.847298 |        0.482201 |        0.005561 |       42.849979 |
 |  18 |       48.393087 |       -6.239892 |        0.005596 |       48.358171 |
 |  19 |       48.393087 |       -6.239892 |        0.005596 |       48.358171 |
 |  20 |       56.158706 |       -3.283139 |        0.136163 |       55.711664 |
 |  21 |       56.183196 |      -22.753841 |        0.000225 |       56.178070 |
 |  22 |       56.183196 |      -22.753841 |        0.000225 |       56.178070 |
 |  23 |       62.032114 |       18.491037 |        0.000549 |       62.042263 |
 |  24 |       95.622286 |       -1.768536 |        0.769447 |       94.261491 |
 |  25 |      124.564915 |       -1.873017 |        0.835522 |      122.999968 |
 -------------------------------------------------------------------------------
             G0T0 HOMO      energy (eV)            =     -12.846093 eV
             G0T0 LUMO      energy (eV)            =       1.511800 eV
             G0T0 HOMO-LUMO gap    (eV)            =      14.357893 eV
 -------------------------------------------------------------------------------
        Tr@ppRPA@G0T0 correlation energy (singlet) =       -0.0435309283 au
        Tr@ppRPA@G0T0 correlation energy (triplet) =       -0.0060537086 au
        Tr@ppRPA@G0T0 correlation energy           =       -0.0495846369 au
        Tr@ppRPA@G0T0 total energy                 =      -13.9703351400 au
              GM@G0T0 correlation energy           =       -0.0836223979 au
              GM@G0T0 total energy                 =      -14.0043729010 au
 -------------------------------------------------------------------------------


 -------------------------------------------------------------
   BSE@GT       calculation: singlet        manifold
 -------------------------------------------------------------
 | State |  Excitation energy (au) |  Excitation energy (eV) |
 -------------------------------------------------------------
 |     1 |                0.299565 |                8.151589 |
 |     2 |                0.299565 |                8.151589 |
 |     3 |                0.316288 |                8.606626 |
 |     4 |                0.316288 |                8.606626 |
 |     5 |                0.411269 |               11.191207 |
 |     6 |                0.420413 |               11.440021 |
 |     7 |                0.483313 |               13.151603 |
 |     8 |                0.483313 |               13.151603 |
 |     9 |                0.527093 |               14.342928 |
 |    10 |                0.542141 |               14.752416 |
 |    11 |                0.578554 |               15.743251 |
 |    12 |                0.578554 |               15.743251 |
 |    13 |                0.727503 |               19.796366 |
 |    14 |                0.749335 |               20.390448 |
 |    15 |                0.792884 |               21.575466 |
 |    16 |                0.792884 |               21.575466 |
 |    17 |                0.794644 |               21.623373 |
 |    18 |                0.794644 |               21.623373 |
 |    19 |                0.860383 |               23.412222 |
 |    20 |                0.863207 |               23.489062 |
 -------------------------------------------------------------

 ---------------------------------------------------------------
                 Transition dipole moment (au)                  
 ---------------------------------------------------------------
  #           X           Y           Z   dip. str.   osc. str.
 ---------------------------------------------------------------
  1    0.747291   -1.402547   -0.000000    2.525582    0.504385
  2   -1.402547   -0.747291    0.000000    2.525582    0.504385
  3    0.000000    0.000000   -0.000000    0.000000    0.000000
  4    0.000000   -0.000000    0.000000    0.000000    0.000000
  5   -0.000000    0.000000   -0.925377    0.856323    0.234786
  6    0.000000    0.000000    0.000000    0.000000    0.000000
  7   -0.083048    0.154192    0.000000    0.030672    0.009883
  8   -0.154192   -0.083048   -0.000000    0.030672    0.009883
  9   -0.000000   -0.000000   -0.081490    0.006641    0.002333
 10    0.000000    0.000000   -0.000000    0.000000    0.000000
 ---------------------------------------------------------------

 -------------------------------------------------------------
 Excitation n.   1:   8.151589 eV  f = 0.5044  <S**2> = 0.0000
 -------------------------------------------------------------
  3 ->   4 =  -0.434639
  3 ->   5 =   0.530281
  3 ->   8 =  -0.156038

 -------------------------------------------------------------
 Excitation n.   2:   8.151589 eV  f = 0.5044  <S**2> = 0.0000
 -------------------------------------------------------------
  3 ->   4 =   0.530281
  3 ->   5 =   0.434639
  3 ->   9 =  -0.156038

 -------------------------------------------------------------
 Excitation n.   3:   8.606626 eV  f = 0.0000  <S**2> = 0.0000
 -------------------------------------------------------------
  2 ->   5 =   0.638638
  2 ->   8 =  -0.294163

 -------------------------------------------------------------
 Excitation n.   4:   8.606626 eV  f = 0.0000  <S**2> = 0.0000
 -------------------------------------------------------------
  2 ->   4 =   0.638638
  2 ->   9 =  -0.294163

 -------------------------------------------------------------
 Excitation n.   5:  11.191207 eV  f = 0.2348  <S**2> = 0.0000
 -------------------------------------------------------------
  2 ->   7 =   0.132502
  3 ->   6 =   0.687415
  3 ->  10 =  -0.094804

 -------------------------------------------------------------
 Excitation n.   6:  11.440021 eV  f = 0.0000  <S**2> = 0.0000
 -------------------------------------------------------------
  3 ->   7 =   0.704975

 -------------------------------------------------------------
 Excitation n.   7:  13.151603 eV  f = 0.0099  <S**2> = 0.0000
 -------------------------------------------------------------
  3 ->   4 =   0.109727
  3 ->   5 =  -0.132652
  3 ->   8 =  -0.623006
  3 ->   9 =   0.283948

 -------------------------------------------------------------
 Excitation n.   8:  13.151603 eV  f = 0.0099  <S**2> = 0.0000
 -------------------------------------------------------------
  3 ->   4 =   0.132652
  3 ->   5 =   0.109727
  3 ->   8 =   0.283948
  3 ->   9 =   0.623006

 -------------------------------------------------------------
 Excitation n.   9:  14.342928 eV  f = 0.0023  <S**2> = 0.0000
 -------------------------------------------------------------
  2 ->   7 =  -0.690238
  3 ->   6 =   0.137965

 -------------------------------------------------------------
 Excitation n.  10:  14.752416 eV  f = 0.0000  <S**2> = 0.0000
 -------------------------------------------------------------
  2 ->   6 =  -0.700530
  2 ->  10 =   0.083581

Thomas-Reiche-Kuhn sum rule =   1.265655


 *** dynamical TDA activated ***

 ---------------------------------------------------------------------------------------------------
  First-order dynamical correction to static Bethe-Salpeter excitation energies                     
 ---------------------------------------------------------------------------------------------------
  BSE neutral excitation must be lower than the GT gap =  14.357893 eV
 ---------------------------------------------------------------------------------------------------
      #          Static (eV)         Dynamic (eV)      Correction (eV)         Renorm. (eV)
 ---------------------------------------------------------------------------------------------------
      1            8.151589            8.066107           -0.085482            1.001937
      2            8.151589            8.066107           -0.085482            1.001937
      3            8.606626            8.508791           -0.097835            1.002191
      4            8.606626            8.508791           -0.097835            1.002191
      5           11.191207           11.168932           -0.022275            1.001220
      6           11.440021           11.436347           -0.003674            0.996640
      7           13.151603           13.192834            0.041231            0.998085
      8           13.151603           13.192834            0.041231            0.998085
      9           14.342928           14.332559           -0.010369            0.999209
     10           14.752416           14.740055           -0.012362            0.998364
 ---------------------------------------------------------------------------------------------------


 -------------------------------------------------------------
   BSE@GT       calculation: triplet        manifold
 -------------------------------------------------------------
 | State |  Excitation energy (au) |  Excitation energy (eV) |
 -------------------------------------------------------------
 |     1 |                0.174988 |                4.761666 |
 |     2 |                0.174988 |                4.761666 |
 |     3 |                0.258167 |                7.025095 |
 |     4 |                0.258167 |                7.025095 |
 |     5 |                0.378271 |               10.293289 |
 |     6 |                0.390128 |               10.615911 |
 |     7 |                0.457371 |               12.445686 |
 |     8 |                0.457371 |               12.445686 |
 |     9 |                0.503187 |               13.692420 |
 |    10 |                0.517311 |               14.076755 |
 |    11 |                0.566643 |               15.419145 |
 |    12 |                0.566643 |               15.419145 |
 |    13 |                0.681393 |               18.541644 |
 |    14 |                0.688459 |               18.733915 |
 |    15 |                0.739031 |               20.110045 |
 |    16 |                0.739031 |               20.110045 |
 |    17 |                0.759500 |               20.667035 |
 |    18 |                0.759500 |               20.667035 |
 |    19 |                0.768083 |               20.900605 |
 |    20 |                0.789130 |               21.473315 |
 -------------------------------------------------------------

 -------------------------------------------------------------
 Excitation n.   1:   4.761666 eV  f = 0.0000  <S**2> = 2.0000
 -------------------------------------------------------------
  3 ->   4 =  -0.594340
  3 ->   5 =  -0.226586
  3 ->   9 =   0.300106

 -------------------------------------------------------------
 Excitation n.   2:   4.761666 eV  f = 0.0000  <S**2> = 2.0000
 -------------------------------------------------------------
  3 ->   4 =   0.226586
  3 ->   5 =  -0.594340
  3 ->   8 =   0.300106

 -------------------------------------------------------------
 Excitation n.   3:   7.025095 eV  f = 0.0000  <S**2> = 2.0000
 -------------------------------------------------------------
  2 ->   4 =   0.471784
  2 ->   5 =   0.382543
  2 ->   8 =  -0.140819
  2 ->   9 =  -0.317153
  3 ->  13 =   0.088073

 -------------------------------------------------------------
 Excitation n.   4:   7.025095 eV  f = 0.0000  <S**2> = 2.0000
 -------------------------------------------------------------
  2 ->   4 =  -0.382543
  2 ->   5 =   0.471784
  2 ->   8 =  -0.317153
  2 ->   9 =   0.140819
  3 ->  12 =   0.088073

 -------------------------------------------------------------
 Excitation n.   5:  10.293289 eV  f = 0.0000  <S**2> = 2.0000
 -------------------------------------------------------------
  2 ->   6 =   0.151405
  3 ->   7 =   0.680131
  3 ->  16 =  -0.101497

 -------------------------------------------------------------
 Excitation n.   6:  10.615911 eV  f = 0.0000  <S**2> = 2.0000
 -------------------------------------------------------------
  2 ->   7 =  -0.192971
  2 ->  16 =   0.074490
  3 ->   6 =  -0.660523
  3 ->  10 =   0.144373

 -------------------------------------------------------------
 Excitation n.   7:  12.445686 eV  f = 0.0000  <S**2> = 2.0000
 -------------------------------------------------------------
  3 ->   4 =  -0.249421
  3 ->   5 =  -0.176939
  3 ->   8 =  -0.220159
  3 ->   9 =  -0.596549

 -------------------------------------------------------------
 Excitation n.   8:  12.445686 eV  f = 0.0000  <S**2> = 2.0000
 -------------------------------------------------------------
  3 ->   4 =   0.176939
  3 ->   5 =  -0.249421
  3 ->   8 =  -0.596549
  3 ->   9 =   0.220159

 -------------------------------------------------------------
 Excitation n.   9:  13.692420 eV  f = 0.0000  <S**2> = 2.0000
 -------------------------------------------------------------
  2 ->   7 =   0.664592
  2 ->  16 =  -0.106044
  3 ->   6 =  -0.206276

 -------------------------------------------------------------
 Excitation n.  10:  14.076755 eV  f = 0.0000  <S**2> = 2.0000
 -------------------------------------------------------------
  2 ->   6 =   0.658118
  2 ->  10 =  -0.175567
  3 ->   7 =  -0.166186
  3 ->  11 =  -0.072986

Thomas-Reiche-Kuhn sum rule =   0.000000


 *** dynamical TDA activated ***

 ---------------------------------------------------------------------------------------------------
  First-order dynamical correction to static Bethe-Salpeter excitation energies                     
 ---------------------------------------------------------------------------------------------------
  BSE neutral excitation must be lower than the GT gap =  14.357893 eV
 ---------------------------------------------------------------------------------------------------
      #          Static (eV)         Dynamic (eV)      Correction (eV)         Renorm. (eV)
 ---------------------------------------------------------------------------------------------------
      1            4.761666            4.565666           -0.196000            1.005028
      2            4.761666            4.565666           -0.196000            1.005028
      3            7.025095            6.902425           -0.122670            1.002596
      4            7.025095            6.902425           -0.122670            1.002596
      5           10.293289           10.205218           -0.088072            1.006517
      6           10.615911           10.573844           -0.042067            1.003359
      7           12.445686           12.379632           -0.066054            1.002865
      8           12.445686           12.379632           -0.066054            1.002865
      9           13.692420           13.676287           -0.016134            1.005443
     10           14.076755           14.054530           -0.022226            1.002614
 ---------------------------------------------------------------------------------------------------


 -------------------------------------------------------------------------------
          Tr@BSE@G0T0 correlation energy (singlet) =       -0.0135270019 au
          Tr@BSE@G0T0 correlation energy (triplet) =       -0.0114648999 au
          Tr@BSE@G0T0 correlation energy           =       -0.0249919018 au
          Tr@BSE@G0T0 total energy                 =      -13.9457424049 au
 -------------------------------------------------------------------------------

                                       Total CPU time for G0T0 =      2.627 seconds

                                      Total CPU time for QuAcK =      3.703 seconds

