78 significant shell pairs computed in 0.000110 seconds
0
Computed Electron repulsion integrals Integrals in parallel in 0.279475 seconds

 ******************************************************************************************
 *            QuAcK                       QuAcK                         QuAcK             *
 *   __        __        __       __        __        __       __        __        __     *
 * <(o )___  <(o )___  <(o )___ <(o )___  <(o )___  <(o )___ <(o )___  <(o )___  <(o )___ *
 * ( ._> /   ( ._> /   ( ._> /  ( ._> /   ( ._> /   ( ._> /  ( ._> /   ( ._> /   ( ._> /  *
 *|--------------------------------------------------------------------------------------|*
 ******************************************************************************************

      ----------------------
             Number of atoms                3
      ----------------------

      ----------------------
Number of spin-up   electron                3
Number of spin-down electron                3
    Total number of electron                6
      ----------------------

      ----------------------
Number of core      electron                0
Number of Rydberg   electron                0
      ----------------------

          ------------------
          Molecular geometry
          ------------------
                    Atom n.                 1
                        Z =      4.0000000000
           Atom coordinates:     0.0000000000    0.0000000000    0.0000000000
                    Atom n.                 2
                        Z =      1.0000000000
           Atom coordinates:     0.0000000000    0.0000000000    2.4566439631
                    Atom n.                 3
                        Z =      1.0000000000
           Atom coordinates:     0.0000000000    0.0000000000   -2.4566439631

          ------------------
 Nuclear repulsion energy =      3.4600048390
          ------------------

          Gaussian basis set
          ------------------
                    Atom n.                 1
           number of shells                 6
          ------------------
      s-type shell with K =                 9
                                    Exponents     Contraction
                              2940.0000000000    0.0006800000
                               441.2000000000    0.0052360000
                               100.5000000000    0.0266060000
                                28.4300000000    0.0999930000
                                 9.1690000000    0.2697020000
                                 3.1960000000    0.4514690000
                                 1.1590000000    0.2950740000
                                 0.1811000000    0.0125870000
                                 0.0589000000   -0.0037560000
      s-type shell with K =                 9
                                    Exponents     Contraction
                              2940.0000000000   -0.0001230000
                               441.2000000000   -0.0009660000
                               100.5000000000   -0.0048310000
                                28.4300000000   -0.0193140000
                                 9.1690000000   -0.0532800000
                                 3.1960000000   -0.1207230000
                                 1.1590000000   -0.1334350000
                                 0.1811000000    0.5307670000
                                 0.0589000000    0.5801170000
      s-type shell with K =                 1
                                    Exponents     Contraction
                                 0.0589000000    1.0000000000
      p-type shell with K =                 4
                                    Exponents     Contraction
                                 3.6190000000    0.0291110000
                                 0.7110000000    0.1693650000
                                 0.1951000000    0.5134580000
                                 0.0601800000    0.4793380000
      p-type shell with K =                 1
                                    Exponents     Contraction
                                 0.0601800000    1.0000000000
      d-type shell with K =                 1
                                    Exponents     Contraction
                                 0.2354000000    1.0000000000
          ------------------
                    Atom n.                 2
           number of shells                 3
          ------------------
      s-type shell with K =                 4
                                    Exponents     Contraction
                                13.0100000000    0.0196850000
                                 1.9620000000    0.1379770000
                                 0.4446000000    0.4781480000
                                 0.1220000000    0.5012400000
      s-type shell with K =                 1
                                    Exponents     Contraction
                                 0.1220000000    1.0000000000
      p-type shell with K =                 1
                                    Exponents     Contraction
                                 0.7270000000    1.0000000000
          ------------------
                    Atom n.                 3
           number of shells                 3
          ------------------
      s-type shell with K =                 4
                                    Exponents     Contraction
                                13.0100000000    0.0196850000
                                 1.9620000000    0.1379770000
                                 0.4446000000    0.4781480000
                                 0.1220000000    0.5012400000
      s-type shell with K =                 1
                                    Exponents     Contraction
                                 0.1220000000    1.0000000000
      p-type shell with K =                 1
                                    Exponents     Contraction
                                 0.7270000000    1.0000000000
          ------------------
            Number of shells               12
          ------------------

          ------------------
   Number of basis functions               25
          ------------------

 Scaling integrals by    1.0000000000000000     

                          Total CPU time for reading integrals =      0.023 seconds


 ************************************************
 |    Restricted Hartree-Fock calculation       |
 ************************************************


 ----------------------------------------------------
 | RHF calculation                                  |
 ----------------------------------------------------
 |   # |        HF energy |       Conv |     HL Gap |
 ----------------------------------------------------
 |   1 |   -15.8742110544 |   0.241015 |   1.509750 |
 |   2 |   -15.8440773327 |   0.110181 |   1.525410 |
 |   3 |   -15.8151445426 |   0.054944 |   1.526701 |
 |   4 |   -15.7963411865 |   0.035561 |   1.525527 |
 |   5 |   -15.7849122150 |   0.023385 |   1.524323 |
 |   6 |   -15.7780082265 |   0.015591 |   1.523447 |
 |   7 |   -15.7737957938 |   0.010514 |   1.522857 |
 |   8 |   -15.7711886517 |   0.007156 |   1.522467 |
 |   9 |   -15.7695509962 |   0.004908 |   1.522208 |
 |  10 |   -15.7685077675 |   0.003388 |   1.522036 |
 |  11 |   -15.7678345955 |   0.002351 |   1.521921 |
 |  12 |   -15.7673951450 |   0.001638 |   1.521843 |
 |  13 |   -15.7671052823 |   0.001146 |   1.521789 |
 |  14 |   -15.7669123216 |   0.000804 |   1.521753 |
 |  15 |   -15.7667828186 |   0.000565 |   1.521728 |
 |  16 |   -15.7666952785 |   0.000398 |   1.521711 |
 |  17 |   -15.7666357288 |   0.000281 |   1.521699 |
 |  18 |   -15.7665949943 |   0.000199 |   1.521690 |
 |  19 |   -15.7665669942 |   0.000141 |   1.521684 |
 |  20 |   -15.7665476652 |   0.000100 |   1.521680 |
 |  21 |   -15.7665342723 |   0.000071 |   1.521678 |
 |  22 |   -15.7665249621 |   0.000050 |   1.521676 |
 |  23 |   -15.7665184717 |   0.000036 |   1.521674 |
 |  24 |   -15.7665139359 |   0.000025 |   1.521673 |
 |  25 |   -15.7665107591 |   0.000018 |   1.521673 |
 |  26 |   -15.7665085300 |   0.000013 |   1.521672 |
 |  27 |   -15.7665069634 |   0.000009 |   1.521672 |
 |  28 |   -15.7665058608 |   0.000006 |   1.521672 |
 |  29 |   -15.7665050837 |   0.000005 |   1.521671 |
 |  30 |   -15.7665045356 |   0.000003 |   1.521671 |
 |  31 |   -15.7665041485 |   0.000002 |   1.521671 |
 |  32 |   -15.7665038750 |   0.000002 |   1.521671 |
 |  33 |   -15.7665036816 |   0.000001 |   1.521671 |
 |  34 |   -15.7665035447 |   0.000001 |   1.521671 |
 |  35 |   -15.7665034477 |   0.000001 |   1.521671 |
 |  36 |   -15.7665033791 |   0.000000 |   1.521671 |
 |  37 |   -15.7665033304 |   0.000000 |   1.521671 |
 |  38 |   -15.7665032959 |   0.000000 |   1.521671 |
 |  39 |   -15.7665032715 |   0.000000 |   1.521671 |
 |  40 |   -15.7665032541 |   0.000000 |   1.521671 |
 |  41 |   -15.7665032935 |   0.000000 |   0.521671 |
 ----------------------------------------------------

         -----------------------------------------
           Summary              
         -----------------------------------------
           One-electron energy:    -27.2195599924 au
           Kinetic      energy:     15.7977974390 au
           Potential    energy:    -43.0173574314 au
         -----------------------------------------
           Two-electron energy:      7.9930518599 au
           Hartree      energy:     11.4551265319 au
           Exchange     energy:     -3.4620746720 au
         -----------------------------------------
           Electronic   energy:    -19.2265081325 au
           Nuclear   repulsion:      3.4600048390 au
           RHF          energy:    -15.7665032935 au
         -----------------------------------------
           HF HOMO      energy:        -12.263723 eV
           HF LUMO      energy:          1.931668 eV
           HF HOMO-LUMO gap   :         14.195390 eV
         -----------------------------------------
          Dipole moment (Debye)    
                   X         Y         Z      Tot.
           -0.000000  0.000000  0.000000  0.000000
         -----------------------------------------

           ---------------------------------------
                 MO coefficients
           ---------------------------------------
                 1              2              3              4              5
      1    -1.00091651     0.04650932     0.00000000     0.00000000     0.00000000
      2    -0.01305419    -0.67934915     0.00000000     0.00000000     0.00000000
      3     0.00497240     0.23966546     0.00000000     0.00000000     0.00000000
      4     0.00000000     0.00000000     0.00000000     0.39132810     0.00506054
      5     0.00000000     0.00000000     0.00000000     0.00506054    -0.39132810
      6     0.00000000     0.00000000     0.63882735     0.00000000     0.00000000
      7     0.00000000     0.00000000     0.00000000     0.63975734     0.00827316
      8     0.00000000     0.00000000     0.00000000     0.00827316    -0.63975734
      9     0.00000000     0.00000000    -0.17574748     0.00000000     0.00000000
     10     0.00343797     0.01950140     0.00000000     0.00000000     0.00000000
     11     0.00000000     0.00000000     0.00000000     0.00000000     0.00000000
     12     0.00000000     0.00000000     0.00000000     0.00000000     0.00000000
     13     0.00343797     0.01950140     0.00000000     0.00000000     0.00000000
     14     0.00000000     0.00000000     0.00000000     0.00000000     0.00000000
     15     0.00419872    -0.02670769     0.00000000     0.00000000     0.00000000
     16    -0.00417308    -0.47771536     0.53104564     0.00000000     0.00000000
     17     0.00181698     0.06709732    -0.15091086     0.00000000     0.00000000
     18     0.00000000     0.00000000     0.00000000     0.01138495     0.00014723
     19     0.00000000     0.00000000     0.00000000     0.00014723    -0.01138495
     20     0.00111345     0.02091922    -0.01523079     0.00000000     0.00000000
     21    -0.00417308    -0.47771536    -0.53104564     0.00000000     0.00000000
     22     0.00181698     0.06709732     0.15091086     0.00000000     0.00000000
     23     0.00000000     0.00000000     0.00000000     0.01138495     0.00014723
     24     0.00000000     0.00000000     0.00000000     0.00014723    -0.01138495
     25    -0.00111345    -0.02091922    -0.01523079     0.00000000     0.00000000
                 6              7              8              9             10
      1     0.10103270     0.00000000     0.57385921     0.00000000     0.00000000
      2     0.32960941     0.00000000     2.92158808     0.00000000     0.00000000
      3    -2.65075205     0.00000000    -2.28510685     0.00000000     0.00000000
      4     0.00000000     0.00000000     0.00000000    -1.82058036    -0.47399786
      5     0.00000000     0.00000000     0.00000000     0.47399786    -1.82058036
      6     0.00000000    -0.28517079     0.00000000     0.00000000     0.00000000
      7     0.00000000     0.00000000     0.00000000     1.76644190     0.45990262
      8     0.00000000     0.00000000     0.00000000    -0.45990262     1.76644190
      9     0.00000000     2.48727721     0.00000000     0.00000000     0.00000000
     10     0.09878380     0.00000000     0.25342046     0.00000000     0.00000000
     11     0.00000000     0.00000000     0.00000000     0.00000000     0.00000000
     12     0.00000000     0.00000000     0.00000000     0.00000000     0.00000000
     13     0.09878380     0.00000000     0.25342046     0.00000000     0.00000000
     14     0.00000000     0.00000000     0.00000000     0.00000000     0.00000000
     15    -0.04552019     0.00000000     0.19097808     0.00000000     0.00000000
     16     0.28767301    -0.08048859    -0.10181524     0.00000000     0.00000000
     17     0.98629222    -1.32461050    -0.71193461     0.00000000     0.00000000
     18     0.00000000     0.00000000     0.00000000    -0.02391482    -0.00622635
     19     0.00000000     0.00000000     0.00000000     0.00622635    -0.02391482
     20    -0.03108353     0.02056518    -0.00006836     0.00000000     0.00000000
     21     0.28767301     0.08048859    -0.10181524     0.00000000     0.00000000
     22     0.98629222     1.32461050    -0.71193461     0.00000000     0.00000000
     23     0.00000000     0.00000000     0.00000000    -0.02391482    -0.00622635
     24     0.00000000     0.00000000     0.00000000     0.00622635    -0.02391482
     25     0.03108353     0.02056518     0.00006836     0.00000000     0.00000000
                11             12             13             14             15
      1     0.00000000    -0.28991218     0.00000000     0.00000000     0.00000000
      2     0.00000000    -0.97305970     0.00000000     0.00000000     0.00000000
      3     0.00000000    -1.45699001     0.00000000     0.00000000     0.00000000
      4     0.00000000     0.00000000     0.00000000     0.00000000     0.00000000
      5     0.00000000     0.00000000     0.00000000     0.00000000     0.00000000
      6     2.24260989     0.00000000     0.00000000     0.00000000     0.00000000
      7     0.00000000     0.00000000     0.00000000     0.00000000     0.00000000
      8     0.00000000     0.00000000     0.00000000     0.00000000     0.00000000
      9     0.80379558     0.00000000     0.00000000     0.00000000     0.00000000
     10     0.00000000     0.52101881     0.00000000     0.00000000    -0.00095187
     11     0.00000000     0.00000000     0.00000000     0.00000000     0.99999940
     12     0.00000000     0.00000000     0.10410281    -0.97709073     0.00000000
     13     0.00000000     0.52101881     0.00000000     0.00000000     0.00095187
     14     0.00000000     0.00000000     0.97709073     0.10410281     0.00000000
     15     0.00000000    -1.04582314     0.00000000     0.00000000     0.00000000
     16     0.16271381    -0.56179010     0.00000000     0.00000000     0.00000000
     17    -2.67011969     2.26215352     0.00000000     0.00000000     0.00000000
     18     0.00000000     0.00000000     0.00214864    -0.02016675     0.00000000
     19     0.00000000     0.00000000     0.02016675     0.00214864     0.00000000
     20    -0.02359727    -0.10706924     0.00000000     0.00000000     0.00000000
     21    -0.16271381    -0.56179010     0.00000000     0.00000000     0.00000000
     22     2.67011969     2.26215352     0.00000000     0.00000000     0.00000000
     23     0.00000000     0.00000000    -0.00214864     0.02016675     0.00000000
     24     0.00000000     0.00000000    -0.02016675    -0.00214864     0.00000000
     25    -0.02359727     0.10706924     0.00000000     0.00000000     0.00000000
                16             17             18             19             20
      1     0.00000000     0.00000000    -0.36923860     0.00000000     0.00000000
      2     0.00000000     0.00000000    -3.82278886     0.00000000     0.00000000
      3     0.00000000     0.00000000     1.49869812     0.00000000     0.00000000
      4     0.00000000     0.00000000     0.00000000    -0.31810168     0.45352741
      5     0.00000000     0.00000000     0.00000000    -0.45352741    -0.31810168
      6     0.00000000    -0.84191347     0.00000000     0.00000000     0.00000000
      7     0.00000000     0.00000000     0.00000000     0.14202159    -0.20248457
      8     0.00000000     0.00000000     0.00000000     0.20248457     0.14202159
      9     0.00000000     1.86504991     0.00000000     0.00000000     0.00000000
     10    -0.86602488     0.00000000     1.37291617     0.00000000     0.00000000
     11    -0.00109912     0.00000000     0.00000000     0.00000000     0.00000000
     12     0.00000000     0.00000000     0.00000000     0.00000000     0.00000000
     13     0.86602488     0.00000000     1.37291617     0.00000000     0.00000000
     14     0.00000000     0.00000000     0.00000000     0.00000000     0.00000000
     15     0.00000000     0.00000000     1.28164508     0.00000000     0.00000000
     16     0.00000000     1.96945684     0.23357687     0.00000000     0.00000000
     17     0.00000000    -2.85348604    -0.49491531     0.00000000     0.00000000
     18     0.00000000     0.00000000     0.00000000     0.42760486    -0.60964949
     19     0.00000000     0.00000000     0.00000000     0.60964949     0.42760486
     20     0.00000000     0.09669002     0.13672857     0.00000000     0.00000000
     21     0.00000000    -1.96945684     0.23357687     0.00000000     0.00000000
     22     0.00000000     2.85348604    -0.49491531     0.00000000     0.00000000
     23     0.00000000     0.00000000     0.00000000     0.42760486    -0.60964949
     24     0.00000000     0.00000000     0.00000000     0.60964949     0.42760486
     25     0.00000000     0.09669002    -0.13672857     0.00000000     0.00000000
                21             22             23             24             25
      1    -0.13766248     0.00000000     0.00000000    -0.94518569     0.00000000
      2    -1.30571943     0.00000000     0.00000000    -4.46552414     0.00000000
      3     0.47174242     0.00000000     0.00000000     1.72971546     0.00000000
      4     0.00000000     0.00000000     0.00000000     0.00000000     0.00000000
      5     0.00000000     0.00000000     0.00000000     0.00000000     0.00000000
      6     0.00000000     0.00000000     0.00000000     0.00000000     2.83955113
      7     0.00000000     0.00000000     0.00000000     0.00000000     0.00000000
      8     0.00000000     0.00000000     0.00000000     0.00000000     0.00000000
      9     0.00000000     0.00000000     0.00000000     0.00000000    -0.64544520
     10     0.07001933     0.00000000     0.00000000     0.94459834     0.00000000
     11     0.00000000     0.00000000     0.00000000     0.00000000     0.00000000
     12     0.00000000    -0.76563615    -0.03628602     0.00000000     0.00000000
     13     0.07001933     0.00000000     0.00000000     0.94459834     0.00000000
     14     0.00000000    -0.03628602     0.76563615     0.00000000     0.00000000
     15     2.24108919     0.00000000     0.00000000    -2.07722251     0.00000000
     16    -2.06314796     0.00000000     0.00000000     2.32103616    -0.58028252
     17     1.05055199     0.00000000     0.00000000    -0.00806166    -1.11742147
     18     0.00000000     0.88005604     0.04170875     0.00000000     0.00000000
     19     0.00000000     0.04170875    -0.88005604     0.00000000     0.00000000
     20    -0.30666147     0.00000000     0.00000000    -0.98095491     1.00103004
     21    -2.06314796     0.00000000     0.00000000     2.32103616     0.58028252
     22     1.05055199     0.00000000     0.00000000    -0.00806166     1.11742147
     23     0.00000000    -0.88005604    -0.04170875     0.00000000     0.00000000
     24     0.00000000    -0.04170875     0.88005604     0.00000000     0.00000000
     25     0.30666147     0.00000000     0.00000000     0.98095491     1.00103004

           ---------------------------------------
                     MO energies
           ---------------------------------------
                 1
      1    -4.67393769
      2    -0.49210695
      3    -0.45068350
      4     0.07098747
      5     0.07098747
      6     0.15235195
      7     0.17979130
      8     0.32391699
      9     0.36520101
     10     0.36520101
     11     0.54761094
     12     0.60776892
     13     0.61192833
     14     0.61192833
     15     0.65029160
     16     0.65029160
     17     1.10379384
     18     1.16543907
     19     1.68121690
     20     1.68121690
     21     1.70762491
     22     2.04731909
     23     2.04731909
     24     2.38920050
     25     2.43297764

                                        Total CPU time for RHF =      0.332 seconds


 AO to MO transformation... Please be patient

                    Total CPU time for AO to MO transformation =      0.676 seconds


 ************************************************
 |          One-shot G0W0 calculation           |
 ************************************************


 -------------------------------------------------------------
   RPA@HF       calculation: singlet        manifold
 -------------------------------------------------------------
 | State |  Excitation energy (au) |  Excitation energy (eV) |
 -------------------------------------------------------------
 |     1 |                0.536457 |               14.597726 |
 |     2 |                0.536457 |               14.597726 |
 |     3 |                0.602469 |               16.394006 |
 |     4 |                0.602469 |               16.394006 |
 |     5 |                0.632842 |               17.220506 |
 |     6 |                0.642010 |               17.469972 |
 |     7 |                0.685754 |               18.660315 |
 |     8 |                0.690497 |               18.789379 |
 |     9 |                0.808758 |               22.007436 |
 |    10 |                0.830931 |               22.610791 |
 |    11 |                0.830931 |               22.610791 |
 |    12 |                0.861617 |               23.445791 |
 |    13 |                0.897215 |               24.414456 |
 |    14 |                0.897215 |               24.414456 |
 |    15 |                1.086942 |               29.577194 |
 |    16 |                1.091534 |               29.702140 |
 |    17 |                1.111024 |               30.232508 |
 |    18 |                1.111024 |               30.232508 |
 |    19 |                1.138596 |               30.982766 |
 |    20 |                1.158253 |               31.517658 |
 -------------------------------------------------------------

  *** Quasiparticle energies obtained by linearization *** 

 -------------------------------------------------------------------------------
   One-shot G0W0 calculation
 -------------------------------------------------------------------------------
 |   # |       e_HF (eV) |      Sig_c (eV) |               Z |       e_QP (eV) |
 -------------------------------------------------------------------------------
 |   1 |     -127.184323 |        3.849173 |        0.912244 |     -123.672939 |
 |   2 |      -13.390912 |        0.074579 |        0.943984 |      -13.320511 |
 |   3 |      -12.263723 |        0.090986 |        0.943334 |      -12.177892 |
 |   4 |        1.931668 |       -0.363169 |        0.984378 |        1.574172 |
 |   5 |        1.931668 |       -0.363169 |        0.984378 |        1.574172 |
 |   6 |        4.145708 |       -0.328964 |        0.983713 |        3.822102 |
 |   7 |        4.892370 |       -0.095573 |        0.994956 |        4.797279 |
 |   8 |        8.814230 |       -0.573258 |        0.972897 |        8.256509 |
 |   9 |        9.937626 |       -0.926357 |        0.961522 |        9.046913 |
 |  10 |        9.937626 |       -0.926357 |        0.961522 |        9.046913 |
 |  11 |       14.901253 |       -0.581954 |        0.964895 |       14.339728 |
 |  12 |       16.538235 |       -1.049998 |        0.889776 |       15.603972 |
 |  13 |       16.651418 |       -0.623391 |        0.944568 |       16.062583 |
 |  14 |       16.651418 |       -0.623391 |        0.944568 |       16.062583 |
 |  15 |       17.695336 |       -2.781577 |        0.243189 |       17.018886 |
 |  16 |       17.695336 |       -2.781577 |        0.243189 |       17.018886 |
 |  17 |       30.035760 |       -2.701549 |        0.722038 |       28.085138 |
 |  18 |       31.713212 |       -2.133566 |        0.333730 |       31.001177 |
 |  19 |       45.748242 |       -3.070271 |        0.323813 |       44.754048 |
 |  20 |       45.748242 |       -3.070271 |        0.323813 |       44.754048 |
 |  21 |       46.466840 |       -1.136547 |        0.065317 |       46.392605 |
 |  22 |       55.710390 |       -2.304946 |        0.647633 |       54.217631 |
 |  23 |       55.710390 |       -2.304946 |        0.647633 |       54.217631 |
 |  24 |       65.013457 |       -0.423919 |        0.312290 |       64.881071 |
 |  25 |       66.204694 |       -0.477271 |        0.467359 |       65.981637 |
 -------------------------------------------------------------------------------
          G0W0 HOMO      energy:     -12.177892 eV
          G0W0 LUMO      energy:       1.574172 eV
          G0W0 HOMO-LUMO gap   :      13.752064 eV
 -------------------------------------------------------------------------------
    RPA@G0W0 total energy      :     -15.855940 au
    RPA@G0W0 correlation energy:      -0.089437 au
    GM@G0W0  total energy      :     -15.928787 au
    GM@G0W0  correlation energy:      -0.162284 au
 -------------------------------------------------------------------------------


 -------------------------------------------------------------
   BSE@GW       calculation: singlet        manifold
 -------------------------------------------------------------
 | State |  Excitation energy (au) |  Excitation energy (eV) |
 -------------------------------------------------------------
 |     1 |                0.262947 |                7.155163 |
 |     2 |                0.262947 |                7.155163 |
 |     3 |                0.339274 |                9.232111 |
 |     4 |                0.339274 |                9.232111 |
 |     5 |                0.402436 |               10.950833 |
 |     6 |                0.434537 |               11.824343 |
 |     7 |                0.451756 |               12.292911 |
 |     8 |                0.468442 |               12.746945 |
 |     9 |                0.514534 |               14.001172 |
 |    10 |                0.514534 |               14.001172 |
 |    11 |                0.523617 |               14.248341 |
 |    12 |                0.571804 |               15.559591 |
 |    13 |                0.571804 |               15.559591 |
 |    14 |                0.578042 |               15.729317 |
 |    15 |                0.750219 |               20.414509 |
 |    16 |                0.761962 |               20.734039 |
 |    17 |                0.787016 |               21.415808 |
 |    18 |                0.787016 |               21.415808 |
 |    19 |                0.794170 |               21.610456 |
 |    20 |                0.794170 |               21.610456 |
 -------------------------------------------------------------

 ---------------------------------------------------------------
                 Transition dipole moment (au)                  
 ---------------------------------------------------------------
  #           X           Y           Z   dip. str.   osc. str.
 ---------------------------------------------------------------
  1    0.000000    0.000000   -0.000000    0.000000    0.000000
  2    0.000000   -0.000000   -0.000000    0.000000    0.000000
  3   -1.348204    0.081028    0.000000    1.824220    0.412607
  4    0.081028    1.348204   -0.000000    1.824220    0.412607
  5   -0.000000    0.000000    0.819263    0.671191    0.180074
  6   -0.000000    0.000000   -0.000000    0.000000    0.000000
  7    0.000000   -0.000000    0.000000    0.000000    0.000000
  8   -0.000000   -0.000000   -1.263275    1.595865    0.498380
  9   -0.000000    0.000000   -0.000000    0.000000    0.000000
 10    0.000000   -0.000000   -0.000000    0.000000    0.000000
 ---------------------------------------------------------------

 -------------------------------------------------------------
 Excitation n.   1:   7.155163 eV  f = 0.0000  <S**2> = 0.0000
 -------------------------------------------------------------
  3 ->   4 =   0.679812
  3 ->   5 =  -0.132482
  3 ->   9 =  -0.127856

 -------------------------------------------------------------
 Excitation n.   2:   7.155163 eV  f = 0.0000  <S**2> = 0.0000
 -------------------------------------------------------------
  3 ->   4 =   0.132482
  3 ->   5 =   0.679812
  3 ->  10 =   0.127856

 -------------------------------------------------------------
 Excitation n.   3:   9.232111 eV  f = 0.4126  <S**2> = 0.0000
 -------------------------------------------------------------
  2 ->   4 =   0.702268
  2 ->   9 =  -0.082997

 -------------------------------------------------------------
 Excitation n.   4:   9.232111 eV  f = 0.4126  <S**2> = 0.0000
 -------------------------------------------------------------
  2 ->   5 =   0.702268
  2 ->  10 =   0.082997

 -------------------------------------------------------------
 Excitation n.   5:  10.950833 eV  f = 0.1801  <S**2> = 0.0000
 -------------------------------------------------------------
  3 ->   6 =   0.705920

 -------------------------------------------------------------
 Excitation n.   6:  11.824343 eV  f = 0.0000  <S**2> = 0.0000
 -------------------------------------------------------------
  2 ->   6 =  -0.702641
  2 ->   8 =   0.072187

 -------------------------------------------------------------
 Excitation n.   7:  12.292911 eV  f = 0.0000  <S**2> = 0.0000
 -------------------------------------------------------------
  3 ->   7 =   0.704918

 -------------------------------------------------------------
 Excitation n.   8:  12.746945 eV  f = 0.4984  <S**2> = 0.0000
 -------------------------------------------------------------
  2 ->   7 =   0.599317
  2 ->  11 =  -0.071397
  3 ->   8 =   0.368337

 -------------------------------------------------------------
 Excitation n.   9:  14.001172 eV  f = 0.0000  <S**2> = 0.0000
 -------------------------------------------------------------
  3 ->   5 =   0.141291
  3 ->   9 =   0.082636
  3 ->  10 =  -0.687455

 -------------------------------------------------------------
 Excitation n.  10:  14.001172 eV  f = 0.0000  <S**2> = 0.0000
 -------------------------------------------------------------
  3 ->   4 =  -0.141291
  3 ->   9 =  -0.687455
  3 ->  10 =  -0.082636

Thomas-Reiche-Kuhn sum rule =   1.503667


 *** dynamical TDA activated ***

 ---------------------------------------------------------------------------------------------------
  First-order dynamical correction to static Bethe-Salpeter excitation energies                     
 ---------------------------------------------------------------------------------------------------
  BSE neutral excitation must be lower than the GW gap =  13.752064 eV
 ---------------------------------------------------------------------------------------------------
      #          Static (eV)         Dynamic (eV)      Correction (eV)         Renorm. (eV)
 ---------------------------------------------------------------------------------------------------
      1            7.155163            7.039451           -0.115711            1.010703
      2            7.155163            7.039451           -0.115711            1.010703
      3            9.232111            9.149250           -0.082861            1.010314
      4            9.232111            9.149250           -0.082861            1.010314
      5           10.950833           10.903491           -0.047342            1.007852
      6           11.824343           11.770126           -0.054217            1.007982
      7           12.292911           12.261128           -0.031783            1.004943
      8           12.746945           12.653239           -0.093705            1.009921
      9           14.001172           13.864913           -0.136259            1.011803
     10           14.001172           13.864913           -0.136259            1.011803
 ---------------------------------------------------------------------------------------------------


 -------------------------------------------------------------
   BSE@GW       calculation: triplet        manifold
 -------------------------------------------------------------
 | State |  Excitation energy (au) |  Excitation energy (eV) |
 -------------------------------------------------------------
 |     1 |                0.231275 |                6.293309 |
 |     2 |                0.231275 |                6.293309 |
 |     3 |                0.264804 |                7.205670 |
 |     4 |                0.264804 |                7.205670 |
 |     5 |                0.329941 |                8.978141 |
 |     6 |                0.366644 |                9.976884 |
 |     7 |                0.402142 |               10.942833 |
 |     8 |                0.418568 |               11.389816 |
 |     9 |                0.500160 |               13.610059 |
 |    10 |                0.500160 |               13.610059 |
 |    11 |                0.501210 |               13.638627 |
 |    12 |                0.514813 |               14.008786 |
 |    13 |                0.535852 |               14.581274 |
 |    14 |                0.535852 |               14.581274 |
 |    15 |                0.675964 |               18.393910 |
 |    16 |                0.702855 |               19.125650 |
 |    17 |                0.713405 |               19.412745 |
 |    18 |                0.713405 |               19.412745 |
 |    19 |                0.750226 |               20.414689 |
 |    20 |                0.753919 |               20.515191 |
 -------------------------------------------------------------

 -------------------------------------------------------------
 Excitation n.   1:   6.293309 eV  f = 0.0000  <S**2> = 2.0000
 -------------------------------------------------------------
  2 ->  14 =  -0.072434
  3 ->   4 =  -0.618565
  3 ->   5 =   0.279781
  3 ->   9 =   0.139624
  3 ->  10 =   0.115802

 -------------------------------------------------------------
 Excitation n.   2:   6.293309 eV  f = 0.0000  <S**2> = 2.0000
 -------------------------------------------------------------
  2 ->  13 =  -0.072434
  3 ->   4 =  -0.279781
  3 ->   5 =  -0.618565
  3 ->   9 =   0.115802
  3 ->  10 =  -0.139624

 -------------------------------------------------------------
 Excitation n.   3:   7.205670 eV  f = 0.0000  <S**2> = 2.0000
 -------------------------------------------------------------
  2 ->   4 =   0.674472
  2 ->   9 =  -0.186339
  3 ->  14 =   0.099209

 -------------------------------------------------------------
 Excitation n.   4:   7.205670 eV  f = 0.0000  <S**2> = 2.0000
 -------------------------------------------------------------
  2 ->   5 =  -0.674472
  2 ->  10 =  -0.186339
  3 ->  13 =  -0.099209

 -------------------------------------------------------------
 Excitation n.   5:   8.978141 eV  f = 0.0000  <S**2> = 2.0000
 -------------------------------------------------------------
  2 ->   7 =  -0.105390
  3 ->   6 =  -0.662370
  3 ->   8 =   0.182231
  3 ->  12 =   0.114567

 -------------------------------------------------------------
 Excitation n.   6:   9.976884 eV  f = 0.0000  <S**2> = 2.0000
 -------------------------------------------------------------
  2 ->   6 =   0.617774
  2 ->   8 =  -0.113539
  2 ->  12 =  -0.119653
  3 ->   7 =   0.297281

 -------------------------------------------------------------
 Excitation n.   7:  10.942833 eV  f = 0.0000  <S**2> = 2.0000
 -------------------------------------------------------------
  2 ->   6 =  -0.204448
  2 ->   8 =   0.328248
  3 ->   7 =   0.560961
  3 ->  11 =  -0.188740

 -------------------------------------------------------------
 Excitation n.   8:  11.389816 eV  f = 0.0000  <S**2> = 2.0000
 -------------------------------------------------------------
  2 ->   7 =  -0.481126
  2 ->  11 =   0.172440
  3 ->   8 =  -0.481548

 -------------------------------------------------------------
 Excitation n.   9:  13.610059 eV  f = 0.0000  <S**2> = 2.0000
 -------------------------------------------------------------
  3 ->   5 =  -0.183463
  3 ->  10 =   0.677687

 -------------------------------------------------------------
 Excitation n.  10:  13.610059 eV  f = 0.0000  <S**2> = 2.0000
 -------------------------------------------------------------
  3 ->   4 =  -0.183463
  3 ->   9 =  -0.677687

Thomas-Reiche-Kuhn sum rule =   0.000000


 *** dynamical TDA activated ***

 ---------------------------------------------------------------------------------------------------
  First-order dynamical correction to static Bethe-Salpeter excitation energies                     
 ---------------------------------------------------------------------------------------------------
  BSE neutral excitation must be lower than the GW gap =  13.752064 eV
 ---------------------------------------------------------------------------------------------------
      #          Static (eV)         Dynamic (eV)      Correction (eV)         Renorm. (eV)
 ---------------------------------------------------------------------------------------------------
      1            6.293309            6.123157           -0.170151            1.011865
      2            6.293309            6.123157           -0.170151            1.011865
      3            7.205670            7.018112           -0.187558            1.012885
      4            7.205670            7.018112           -0.187558            1.012885
      5            8.978141            8.782701           -0.195440            1.012820
      6            9.976884            9.794626           -0.182258            1.012691
      7           10.942833           10.768970           -0.173864            1.011091
      8           11.389816           11.178327           -0.211488            1.014121
      9           13.610059           13.468997           -0.141062            1.010360
     10           13.610059           13.468997           -0.141062            1.010360
 ---------------------------------------------------------------------------------------------------


 -------------------------------------------------------------------------------
          Tr@BSE@G0W0 correlation energy (singlet) =       -0.0575482255
          Tr@BSE@G0W0 correlation energy (triplet) =       -0.0232147570
          Tr@BSE@G0W0 correlation energy           =       -0.0807629825
          Tr@BSE@G0W0 total energy                 =      -15.8472662760
 -------------------------------------------------------------------------------

                                       Total CPU time for G0W0 =      0.062 seconds


 ************************************************
 |          One-shot G0T0 calculation           |
 ************************************************


 -------------------------------------------------------------
   pp-RPA (N+2) calculation: alpha-beta     manifold
 -------------------------------------------------------------
 | State |  Excitation energy (au) |  Excitation energy (eV) |
 -------------------------------------------------------------
 |     1 |                0.342547 |                9.321189 |
 |     2 |                0.365001 |                9.932192 |
 |     3 |                0.365001 |                9.932192 |
 |     4 |                0.366589 |                9.975399 |
 |     5 |                0.391615 |               10.656396 |
 |     6 |                0.391615 |               10.656396 |
 |     7 |                0.419674 |               11.419915 |
 |     8 |                0.419674 |               11.419915 |
 |     9 |                0.436935 |               11.889620 |
 |    10 |                0.436935 |               11.889620 |
 |    11 |                0.469443 |               12.774192 |
 |    12 |                0.469443 |               12.774192 |
 |    13 |                0.488333 |               13.288206 |
 |    14 |                0.509346 |               13.860012 |
 |    15 |                0.516722 |               14.060712 |
 |    16 |                0.540057 |               14.695693 |
 |    17 |                0.605556 |               16.478027 |
 |    18 |                0.605556 |               16.478027 |
 |    19 |                0.615685 |               16.753645 |
 |    20 |                0.615685 |               16.753645 |
 -------------------------------------------------------------


 -------------------------------------------------------------
   pp-RPA (N-2) calculation: alpha-beta     manifold
 -------------------------------------------------------------
 | State |  Excitation energy (au) |  Excitation energy (eV) |
 -------------------------------------------------------------
 |     1 |              -11.624255 |             -316.312098 |
 |     2 |               -5.647320 |             -153.671413 |
 |     3 |               -5.616027 |             -152.819884 |
 |     4 |               -5.578390 |             -151.795721 |
 |     5 |               -5.567396 |             -151.496563 |
 |     6 |               -1.499752 |              -40.810341 |
 |     7 |               -1.495565 |              -40.696389 |
 |     8 |               -1.182937 |              -32.189350 |
 |     9 |               -1.182146 |              -32.167839 |
 -------------------------------------------------------------


 -------------------------------------------------------------
   pp-RPA (N+2) calculation: alpha-alpha    manifold
 -------------------------------------------------------------
 | State |  Excitation energy (au) |  Excitation energy (eV) |
 -------------------------------------------------------------
 |     1 |                0.342547 |                9.321189 |
 |     2 |                0.391615 |               10.656396 |
 |     3 |                0.391615 |               10.656396 |
 |     4 |                0.419674 |               11.419915 |
 |     5 |                0.419674 |               11.419915 |
 |     6 |                0.488333 |               13.288206 |
 |     7 |                0.605556 |               16.478027 |
 |     8 |                0.605556 |               16.478027 |
 |     9 |                0.640783 |               17.436584 |
 |    10 |                0.653009 |               17.769273 |
 |    11 |                0.653009 |               17.769273 |
 |    12 |                0.670250 |               18.238420 |
 |    13 |                0.683544 |               18.600183 |
 |    14 |                0.694952 |               18.910599 |
 |    15 |                0.722472 |               19.659461 |
 |    16 |                0.722472 |               19.659461 |
 |    17 |                0.725672 |               19.746534 |
 |    18 |                0.725672 |               19.746534 |
 |    19 |                0.836615 |               22.765466 |
 |    20 |                0.836615 |               22.765466 |
 -------------------------------------------------------------


 -------------------------------------------------------------
   pp-RPA (N-2) calculation: alpha-alpha    manifold
 -------------------------------------------------------------
 | State |  Excitation energy (au) |  Excitation energy (eV) |
 -------------------------------------------------------------
 |     1 |               -5.616027 |             -152.819884 |
 |     2 |               -5.567396 |             -151.496563 |
 |     3 |               -1.182146 |              -32.167839 |
 -------------------------------------------------------------

 -------------------------------------------------------------------------------
   One-shot G0T0 calculation (T-matrix self-energy)  
 -------------------------------------------------------------------------------
 |   # |       e_HF (eV) |    Sigma_T (eV) |               Z |       e_QP (eV) |
 -------------------------------------------------------------------------------
 |   1 |     -127.184323 |        2.770007 |        0.941574 |     -124.576157 |
 |   2 |      -13.390912 |        0.139059 |        0.981343 |      -13.254447 |
 |   3 |      -12.263723 |        0.151343 |        0.980371 |      -12.115350 |
 |   4 |        1.931668 |       -0.373985 |        0.989090 |        1.561762 |
 |   5 |        1.931668 |       -0.373985 |        0.989090 |        1.561762 |
 |   6 |        4.145708 |       -0.262700 |        0.991418 |        3.885263 |
 |   7 |        4.892370 |       -0.081854 |        0.997147 |        4.810750 |
 |   8 |        8.814230 |       -0.512868 |        0.983978 |        8.309580 |
 |   9 |        9.937626 |       -0.690557 |        0.978714 |        9.261768 |
 |  10 |        9.937626 |       -0.690557 |        0.978714 |        9.261768 |
 |  11 |       14.901253 |       -0.513505 |        0.981697 |       14.397146 |
 |  12 |       16.538235 |       -0.567939 |        0.978812 |       15.982329 |
 |  13 |       16.651418 |       -0.562831 |        0.976451 |       16.101841 |
 |  14 |       16.651418 |       -0.562831 |        0.976451 |       16.101841 |
 |  15 |       17.695336 |       -0.649097 |        0.961793 |       17.071039 |
 |  16 |       17.695336 |       -0.649097 |        0.961793 |       17.071039 |
 |  17 |       30.035760 |       -1.851556 |        0.377609 |       29.336596 |
 |  18 |       31.713212 |        0.271163 |        0.156365 |       31.755613 |
 |  19 |       45.748242 |       -1.440744 |        0.388421 |       45.188627 |
 |  20 |       45.748242 |       -1.440744 |        0.388421 |       45.188627 |
 |  21 |       46.466840 |       -3.063520 |        0.160301 |       45.975757 |
 |  22 |       55.710390 |       -0.921295 |        0.611197 |       55.147297 |
 |  23 |       55.710390 |       -0.921295 |        0.611197 |       55.147297 |
 |  24 |       65.013457 |       -2.573250 |        0.104656 |       64.744151 |
 |  25 |       66.204694 |       12.899244 |        0.003954 |       66.255701 |
 -------------------------------------------------------------------------------
             G0T0 HOMO      energy (eV)            =     -12.115350 eV
             G0T0 LUMO      energy (eV)            =       1.561762 eV
             G0T0 HOMO-LUMO gap    (eV)            =      13.677112 eV
 -------------------------------------------------------------------------------
        Tr@ppRPA@G0T0 correlation energy (singlet) =       -0.0339285752 au
        Tr@ppRPA@G0T0 correlation energy (triplet) =       -0.0019279448 au
        Tr@ppRPA@G0T0 correlation energy           =       -0.0358565199 au
        Tr@ppRPA@G0T0 total energy                 =      -15.8023598134 au
              GM@G0T0 correlation energy           =       -0.0592624301 au
              GM@G0T0 total energy                 =      -15.8257657235 au
 -------------------------------------------------------------------------------


 -------------------------------------------------------------
   BSE@GT       calculation: singlet        manifold
 -------------------------------------------------------------
 | State |  Excitation energy (au) |  Excitation energy (eV) |
 -------------------------------------------------------------
 |     1 |                0.251863 |                6.853554 |
 |     2 |                0.251863 |                6.853554 |
 |     3 |                0.328806 |                8.947257 |
 |     4 |                0.328806 |                8.947257 |
 |     5 |                0.390806 |               10.634385 |
 |     6 |                0.417736 |               11.367181 |
 |     7 |                0.443888 |               12.078795 |
 |     8 |                0.458222 |               12.468846 |
 |     9 |                0.503898 |               13.711769 |
 |    10 |                0.503898 |               13.711769 |
 |    11 |                0.519984 |               14.149496 |
 |    12 |                0.553632 |               15.065101 |
 |    13 |                0.553632 |               15.065101 |
 |    14 |                0.565494 |               15.387887 |
 |    15 |                0.724054 |               19.702501 |
 |    16 |                0.738290 |               20.089897 |
 |    17 |                0.771474 |               20.992879 |
 |    18 |                0.771474 |               20.992879 |
 |    19 |                0.773366 |               21.044349 |
 |    20 |                0.773366 |               21.044349 |
 -------------------------------------------------------------

 ---------------------------------------------------------------
                 Transition dipole moment (au)                  
 ---------------------------------------------------------------
  #           X           Y           Z   dip. str.   osc. str.
 ---------------------------------------------------------------
  1   -0.000000    0.000000    0.000000    0.000000    0.000000
  2   -0.000000    0.000000   -0.000000    0.000000    0.000000
  3   -1.460756    0.123731    0.000000    2.149117    0.471094
  4    0.123731    1.460756    0.000000    2.149117    0.471094
  5    0.000000    0.000000    0.780336    0.608924    0.158648
  6   -0.000000   -0.000000    0.000000    0.000000    0.000000
  7   -0.000000    0.000000   -0.000000    0.000000    0.000000
  8   -0.000000    0.000000   -1.431319    2.048675    0.625831
  9   -0.000000    0.000000   -0.000000    0.000000    0.000000
 10   -0.000000   -0.000000   -0.000000    0.000000    0.000000
 ---------------------------------------------------------------

 -------------------------------------------------------------
 Excitation n.   1:   6.853554 eV  f = 0.0000  <S**2> = 0.0000
 -------------------------------------------------------------
  3 ->   4 =  -0.664855
  3 ->   5 =   0.170766
  3 ->   9 =   0.144692
  3 ->  10 =   0.082662

 -------------------------------------------------------------
 Excitation n.   2:   6.853554 eV  f = 0.0000  <S**2> = 0.0000
 -------------------------------------------------------------
  3 ->   4 =  -0.170766
  3 ->   5 =  -0.664855
  3 ->   9 =   0.082662
  3 ->  10 =  -0.144692

 -------------------------------------------------------------
 Excitation n.   3:   8.947257 eV  f = 0.4711  <S**2> = 0.0000
 -------------------------------------------------------------
  2 ->   4 =   0.693445
  2 ->   9 =  -0.119449

 -------------------------------------------------------------
 Excitation n.   4:   8.947257 eV  f = 0.4711  <S**2> = 0.0000
 -------------------------------------------------------------
  2 ->   5 =   0.693445
  2 ->  10 =   0.119449

 -------------------------------------------------------------
 Excitation n.   5:  10.634385 eV  f = 0.1586  <S**2> = 0.0000
 -------------------------------------------------------------
  2 ->   7 =   0.090407
  3 ->   6 =   0.699789

 -------------------------------------------------------------
 Excitation n.   6:  11.367181 eV  f = 0.0000  <S**2> = 0.0000
 -------------------------------------------------------------
  2 ->   6 =   0.661518
  3 ->   7 =   0.234917

 -------------------------------------------------------------
 Excitation n.   7:  12.078795 eV  f = 0.0000  <S**2> = 0.0000
 -------------------------------------------------------------
  2 ->   6 =  -0.223207
  2 ->   8 =   0.103458
  3 ->   7 =   0.660709

 -------------------------------------------------------------
 Excitation n.   8:  12.468846 eV  f = 0.6258  <S**2> = 0.0000
 -------------------------------------------------------------
  2 ->   7 =   0.585734
  2 ->  11 =  -0.101475
  3 ->   8 =   0.378399

 -------------------------------------------------------------
 Excitation n.   9:  13.711769 eV  f = 0.0000  <S**2> = 0.0000
 -------------------------------------------------------------
  3 ->   4 =   0.158208
  3 ->   9 =   0.684500

 -------------------------------------------------------------
 Excitation n.  10:  13.711769 eV  f = 0.0000  <S**2> = 0.0000
 -------------------------------------------------------------
  3 ->   5 =  -0.158208
  3 ->  10 =   0.684500

Thomas-Reiche-Kuhn sum rule =   1.726668


 *** dynamical TDA activated ***

 ---------------------------------------------------------------------------------------------------
  First-order dynamical correction to static Bethe-Salpeter excitation energies                     
 ---------------------------------------------------------------------------------------------------
  BSE neutral excitation must be lower than the GT gap =  13.677112 eV
 ---------------------------------------------------------------------------------------------------
      #          Static (eV)         Dynamic (eV)      Correction (eV)         Renorm. (eV)
 ---------------------------------------------------------------------------------------------------
      1            6.853554            6.773310           -0.080244            1.002617
      2            6.853554            6.773310           -0.080244            1.002617
      3            8.947257            8.914032           -0.033225            1.000667
      4            8.947257            8.914032           -0.033225            1.000667
      5           10.634385           10.630118           -0.004266            0.996580
      6           11.367181           11.397532            0.030351            0.995047
      7           12.078795           12.079496            0.000701            0.998630
      8           12.468846           12.417737           -0.051109            1.003272
      9           13.711769           13.694918           -0.016851            1.001217
     10           13.711769           13.694918           -0.016851            1.001217
 ---------------------------------------------------------------------------------------------------


 -------------------------------------------------------------
   BSE@GT       calculation: triplet        manifold
 -------------------------------------------------------------
 | State |  Excitation energy (au) |  Excitation energy (eV) |
 -------------------------------------------------------------
 |     1 |                0.216948 |                5.903466 |
 |     2 |                0.216948 |                5.903466 |
 |     3 |                0.252389 |                6.867845 |
 |     4 |                0.252389 |                6.867845 |
 |     5 |                0.322776 |                8.783187 |
 |     6 |                0.362560 |                9.865769 |
 |     7 |                0.386996 |               10.530705 |
 |     8 |                0.401249 |               10.918547 |
 |     9 |                0.492926 |               13.413189 |
 |    10 |                0.492926 |               13.413189 |
 |    11 |                0.498621 |               13.568160 |
 |    12 |                0.509025 |               13.851268 |
 |    13 |                0.529272 |               14.402222 |
 |    14 |                0.529272 |               14.402222 |
 |    15 |                0.664224 |               18.074469 |
 |    16 |                0.689948 |               18.774436 |
 |    17 |                0.692075 |               18.832316 |
 |    18 |                0.692075 |               18.832316 |
 |    19 |                0.731704 |               19.910690 |
 |    20 |                0.731704 |               19.910690 |
 -------------------------------------------------------------

 -------------------------------------------------------------
 Excitation n.   1:   5.903466 eV  f = 0.0000  <S**2> = 2.0000
 -------------------------------------------------------------
  2 ->  13 =  -0.097124
  3 ->   4 =   0.104699
  3 ->   5 =  -0.663255
  3 ->  10 =  -0.197972

 -------------------------------------------------------------
 Excitation n.   2:   5.903466 eV  f = 0.0000  <S**2> = 2.0000
 -------------------------------------------------------------
  2 ->  14 =  -0.097124
  3 ->   4 =  -0.663255
  3 ->   5 =  -0.104699
  3 ->   9 =   0.197972

 -------------------------------------------------------------
 Excitation n.   3:   6.867845 eV  f = 0.0000  <S**2> = 2.0000
 -------------------------------------------------------------
  2 ->   5 =  -0.666549
  2 ->  10 =  -0.199194
  3 ->  13 =  -0.113285

 -------------------------------------------------------------
 Excitation n.   4:   6.867845 eV  f = 0.0000  <S**2> = 2.0000
 -------------------------------------------------------------
  2 ->   4 =   0.666549
  2 ->   9 =  -0.199194
  3 ->  14 =   0.113285

 -------------------------------------------------------------
 Excitation n.   5:   8.783187 eV  f = 0.0000  <S**2> = 2.0000
 -------------------------------------------------------------
  2 ->   7 =  -0.083156
  2 ->  11 =  -0.080351
  3 ->   6 =  -0.646718
  3 ->   8 =   0.224681
  3 ->  12 =   0.118624

 -------------------------------------------------------------
 Excitation n.   6:   9.865769 eV  f = 0.0000  <S**2> = 2.0000
 -------------------------------------------------------------
  2 ->   6 =   0.619451
  2 ->   8 =  -0.147467
  2 ->  12 =  -0.126207
  3 ->   7 =   0.266263

 -------------------------------------------------------------
 Excitation n.   7:  10.530705 eV  f = 0.0000  <S**2> = 2.0000
 -------------------------------------------------------------
  2 ->   6 =  -0.136057
  2 ->   8 =   0.354422
  3 ->   7 =   0.549942
  3 ->  11 =  -0.226336

 -------------------------------------------------------------
 Excitation n.   8:  10.918547 eV  f = 0.0000  <S**2> = 2.0000
 -------------------------------------------------------------
  2 ->   7 =  -0.464662
  2 ->  11 =   0.196325
  3 ->   6 =  -0.119475
  3 ->   8 =  -0.474567

 -------------------------------------------------------------
 Excitation n.   9:  13.413189 eV  f = 0.0000  <S**2> = 2.0000
 -------------------------------------------------------------
  2 ->  13 =   0.076139
  3 ->   5 =  -0.203375
  3 ->  10 =   0.670695

 -------------------------------------------------------------
 Excitation n.  10:  13.413189 eV  f = 0.0000  <S**2> = 2.0000
 -------------------------------------------------------------
  2 ->  14 =  -0.076139
  3 ->   4 =   0.203375
  3 ->   9 =   0.670695

Thomas-Reiche-Kuhn sum rule =   0.000000


 *** dynamical TDA activated ***

 ---------------------------------------------------------------------------------------------------
  First-order dynamical correction to static Bethe-Salpeter excitation energies                     
 ---------------------------------------------------------------------------------------------------
  BSE neutral excitation must be lower than the GT gap =  13.677112 eV
 ---------------------------------------------------------------------------------------------------
      #          Static (eV)         Dynamic (eV)      Correction (eV)         Renorm. (eV)
 ---------------------------------------------------------------------------------------------------
      1            5.903466            5.819957           -0.083510            1.002681
      2            5.903466            5.819957           -0.083510            1.002681
      3            6.867845            6.744477           -0.123368            1.003624
      4            6.867845            6.744477           -0.123368            1.003624
      5            8.783187            8.696193           -0.086994            1.006416
      6            9.865769            9.744015           -0.121755            1.008043
      7           10.530705           10.474082           -0.056624            1.003179
      8           10.918547           10.863148           -0.055400            1.004048
      9           13.413189           13.374471           -0.038718            1.002536
     10           13.413189           13.374471           -0.038718            1.002536
 ---------------------------------------------------------------------------------------------------


 -------------------------------------------------------------------------------
          Tr@BSE@G0T0 correlation energy (singlet) =       -0.0079131475 au
          Tr@BSE@G0T0 correlation energy (triplet) =       -0.0081414542 au
          Tr@BSE@G0T0 correlation energy           =       -0.0160546017 au
          Tr@BSE@G0T0 total energy                 =      -15.7825578952 au
 -------------------------------------------------------------------------------

                                       Total CPU time for G0T0 =      2.675 seconds

                                      Total CPU time for QuAcK =      3.769 seconds

