78 significant shell pairs computed in 0.000098 seconds
0
Computed Electron repulsion integrals Integrals in parallel in 0.280746 seconds

 ******************************************************************************************
 *            QuAcK                       QuAcK                         QuAcK             *
 *   __        __        __       __        __        __       __        __        __     *
 * <(o )___  <(o )___  <(o )___ <(o )___  <(o )___  <(o )___ <(o )___  <(o )___  <(o )___ *
 * ( ._> /   ( ._> /   ( ._> /  ( ._> /   ( ._> /   ( ._> /  ( ._> /   ( ._> /   ( ._> /  *
 *|--------------------------------------------------------------------------------------|*
 ******************************************************************************************

      ----------------------
             Number of atoms                3
      ----------------------

      ----------------------
Number of spin-up   electron                3
Number of spin-down electron                3
    Total number of electron                6
      ----------------------

      ----------------------
Number of core      electron                0
Number of Rydberg   electron                0
      ----------------------

          ------------------
          Molecular geometry
          ------------------
                    Atom n.                 1
                        Z =      4.0000000000
           Atom coordinates:     0.0000000000    0.0000000000    0.0000000000
                    Atom n.                 2
                        Z =      1.0000000000
           Atom coordinates:     0.0000000000    0.0000000000    1.3228082878
                    Atom n.                 3
                        Z =      1.0000000000
           Atom coordinates:     0.0000000000    0.0000000000   -1.3228082878

          ------------------
 Nuclear repulsion energy =      6.4257232725
          ------------------

          Gaussian basis set
          ------------------
                    Atom n.                 1
           number of shells                 6
          ------------------
      s-type shell with K =                 9
                                    Exponents     Contraction
                              2940.0000000000    0.0006800000
                               441.2000000000    0.0052360000
                               100.5000000000    0.0266060000
                                28.4300000000    0.0999930000
                                 9.1690000000    0.2697020000
                                 3.1960000000    0.4514690000
                                 1.1590000000    0.2950740000
                                 0.1811000000    0.0125870000
                                 0.0589000000   -0.0037560000
      s-type shell with K =                 9
                                    Exponents     Contraction
                              2940.0000000000   -0.0001230000
                               441.2000000000   -0.0009660000
                               100.5000000000   -0.0048310000
                                28.4300000000   -0.0193140000
                                 9.1690000000   -0.0532800000
                                 3.1960000000   -0.1207230000
                                 1.1590000000   -0.1334350000
                                 0.1811000000    0.5307670000
                                 0.0589000000    0.5801170000
      s-type shell with K =                 1
                                    Exponents     Contraction
                                 0.0589000000    1.0000000000
      p-type shell with K =                 4
                                    Exponents     Contraction
                                 3.6190000000    0.0291110000
                                 0.7110000000    0.1693650000
                                 0.1951000000    0.5134580000
                                 0.0601800000    0.4793380000
      p-type shell with K =                 1
                                    Exponents     Contraction
                                 0.0601800000    1.0000000000
      d-type shell with K =                 1
                                    Exponents     Contraction
                                 0.2354000000    1.0000000000
          ------------------
                    Atom n.                 2
           number of shells                 3
          ------------------
      s-type shell with K =                 4
                                    Exponents     Contraction
                                13.0100000000    0.0196850000
                                 1.9620000000    0.1379770000
                                 0.4446000000    0.4781480000
                                 0.1220000000    0.5012400000
      s-type shell with K =                 1
                                    Exponents     Contraction
                                 0.1220000000    1.0000000000
      p-type shell with K =                 1
                                    Exponents     Contraction
                                 0.7270000000    1.0000000000
          ------------------
                    Atom n.                 3
           number of shells                 3
          ------------------
      s-type shell with K =                 4
                                    Exponents     Contraction
                                13.0100000000    0.0196850000
                                 1.9620000000    0.1379770000
                                 0.4446000000    0.4781480000
                                 0.1220000000    0.5012400000
      s-type shell with K =                 1
                                    Exponents     Contraction
                                 0.1220000000    1.0000000000
      p-type shell with K =                 1
                                    Exponents     Contraction
                                 0.7270000000    1.0000000000
          ------------------
            Number of shells               12
          ------------------

          ------------------
   Number of basis functions               25
          ------------------

 Scaling integrals by    1.0000000000000000     

                          Total CPU time for reading integrals =      0.022 seconds


 ************************************************
 |    Restricted Hartree-Fock calculation       |
 ************************************************


 ----------------------------------------------------
 | RHF calculation                                  |
 ----------------------------------------------------
 |   # |        HF energy |       Conv |     HL Gap |
 ----------------------------------------------------
 |   1 |   -15.4114489123 |   0.733168 |   1.499608 |
 |   2 |   -15.3037011706 |   0.309915 |   1.622438 |
 |   3 |   -15.1892045189 |   0.128861 |   1.617914 |
 |   4 |   -15.1323370062 |   0.054934 |   1.608622 |
 |   5 |   -15.1053349671 |   0.032968 |   1.602515 |
 |   6 |   -15.0919682421 |   0.021360 |   1.598894 |
 |   7 |   -15.0850072780 |   0.014104 |   1.596752 |
 |   8 |   -15.0812188600 |   0.009436 |   1.595462 |
 |   9 |   -15.0790822735 |   0.006371 |   1.594669 |
 |  10 |   -15.0778425168 |   0.004330 |   1.594171 |
 |  11 |   -15.0771065167 |   0.002957 |   1.593854 |
 |  12 |   -15.0766613964 |   0.002027 |   1.593648 |
 |  13 |   -15.0763880754 |   0.001393 |   1.593514 |
 |  14 |   -15.0762181380 |   0.000959 |   1.593424 |
 |  15 |   -15.0761113917 |   0.000662 |   1.593365 |
 |  16 |   -15.0760437772 |   0.000457 |   1.593324 |
 |  17 |   -15.0760006610 |   0.000316 |   1.593297 |
 |  18 |   -15.0759730215 |   0.000219 |   1.593279 |
 |  19 |   -15.0759552322 |   0.000152 |   1.593266 |
 |  20 |   -15.0759437500 |   0.000105 |   1.593257 |
 |  21 |   -15.0759363253 |   0.000073 |   1.593251 |
 |  22 |   -15.0759315202 |   0.000051 |   1.593247 |
 |  23 |   -15.0759284108 |   0.000035 |   1.593244 |
 |  24 |   -15.0759264006 |   0.000025 |   1.593242 |
 |  25 |   -15.0759251035 |   0.000017 |   1.593241 |
 |  26 |   -15.0759242689 |   0.000012 |   1.593240 |
 |  27 |   -15.0759237341 |   0.000008 |   1.593239 |
 |  28 |   -15.0759233930 |   0.000006 |   1.593239 |
 |  29 |   -15.0759231770 |   0.000004 |   1.593238 |
 |  30 |   -15.0759230414 |   0.000003 |   1.593238 |
 |  31 |   -15.0759229570 |   0.000002 |   1.593238 |
 |  32 |   -15.0759229054 |   0.000001 |   1.593238 |
 |  33 |   -15.0759228743 |   0.000001 |   1.593238 |
 |  34 |   -15.0759228560 |   0.000001 |   1.593238 |
 |  35 |   -15.0759228457 |   0.000000 |   1.593238 |
 |  36 |   -15.0759228402 |   0.000000 |   1.593238 |
 |  37 |   -15.0759228375 |   0.000000 |   1.593238 |
 |  38 |   -15.0759228364 |   0.000000 |   1.593238 |
 |  39 |   -15.0759228363 |   0.000000 |   1.593238 |
 |  40 |   -15.0759228251 |   0.000000 |   0.593237 |
 ----------------------------------------------------

         -----------------------------------------
           Summary              
         -----------------------------------------
           One-electron energy:    -31.4147971720 au
           Kinetic      energy:     17.4197898436 au
           Potential    energy:    -48.8345870156 au
         -----------------------------------------
           Two-electron energy:      9.9131510743 au
           Hartree      energy:     13.6576721447 au
           Exchange     energy:     -3.7445210704 au
         -----------------------------------------
           Electronic   energy:    -21.5016460977 au
           Nuclear   repulsion:      6.4257232725 au
           RHF          energy:    -15.0759228251 au
         -----------------------------------------
           HF HOMO      energy:        -13.938385 eV
           HF LUMO      energy:          2.204429 eV
           HF HOMO-LUMO gap   :         16.142814 eV
         -----------------------------------------
          Dipole moment (Debye)    
                   X         Y         Z      Tot.
            0.000000  0.000000 -0.000000  0.000000
         -----------------------------------------

           ---------------------------------------
                 MO coefficients
           ---------------------------------------
                 1              2              3              4              5
      1    -0.96633163     0.00000000    -0.15537565     0.00000000     0.00000000
      2     0.09188281     0.00000000     0.78428144     0.00000000     0.00000000
      3    -0.06086089     0.00000000    -0.16497536     0.00000000     0.00000000
      4     0.00000000     0.00000000     0.00000000     0.10163022    -0.36472349
      5     0.00000000     0.00000000     0.00000000     0.36472349     0.10163022
      6     0.00000000    -0.75656726     0.00000000     0.00000000     0.00000000
      7     0.00000000     0.00000000     0.00000000     0.17227626    -0.61825311
      8     0.00000000     0.00000000     0.00000000     0.61825311     0.17227626
      9     0.00000000     0.20911067     0.00000000     0.00000000     0.00000000
     10    -0.01529481     0.00000000     0.05241125     0.00000000     0.00000000
     11     0.00000000     0.00000000     0.00000000     0.00000000     0.00000000
     12     0.00000000     0.00000000     0.00000000     0.00000000     0.00000000
     13    -0.01529481     0.00000000     0.05241125     0.00000000     0.00000000
     14     0.00000000     0.00000000     0.00000000     0.00000000     0.00000000
     15    -0.00574094     0.00000000     0.12090727     0.00000000     0.00000000
     16    -0.05842330    -0.76630296     0.59097789     0.00000000     0.00000000
     17     0.03855941     0.55315004    -0.41448044     0.00000000     0.00000000
     18     0.00000000     0.00000000     0.00000000     0.00648743    -0.02328164
     19     0.00000000     0.00000000     0.00000000     0.02328164     0.00648743
     20     0.00581192     0.06232639    -0.01089685     0.00000000     0.00000000
     21    -0.05842330     0.76630296     0.59097789     0.00000000     0.00000000
     22     0.03855941    -0.55315004    -0.41448044     0.00000000     0.00000000
     23     0.00000000     0.00000000     0.00000000     0.00648743    -0.02328164
     24     0.00000000     0.00000000     0.00000000     0.02328164     0.00648743
     25    -0.00581192     0.06232639     0.01089685     0.00000000     0.00000000
                 6              7              8              9             10
      1     0.23846081     0.00000000     0.00000000     0.00000000    -0.43383310
      2     0.44216847     0.00000000     0.00000000     0.00000000    -1.91601333
      3     2.42331783     0.00000000     0.00000000     0.00000000     0.89072773
      4     0.00000000     0.00000000    -1.86040817     0.41190758     0.00000000
      5     0.00000000     0.00000000    -0.41190758    -1.86040817     0.00000000
      6     0.00000000     0.19594953     0.00000000     0.00000000     0.00000000
      7     0.00000000     0.00000000     1.80621236    -0.39990825     0.00000000
      8     0.00000000     0.00000000     0.39990825     1.80621236     0.00000000
      9     0.00000000     1.81353936     0.00000000     0.00000000     0.00000000
     10    -0.13396944     0.00000000     0.00000000     0.00000000    -0.78083164
     11     0.00000000     0.00000000     0.00000000     0.00000000     0.00000000
     12     0.00000000     0.00000000     0.00000000     0.00000000     0.00000000
     13    -0.13396944     0.00000000     0.00000000     0.00000000    -0.78083164
     14     0.00000000     0.00000000     0.00000000     0.00000000     0.00000000
     15     0.00521541     0.00000000     0.00000000     0.00000000     0.25103401
     16    -0.26882371    -0.24357562     0.00000000     0.00000000    -0.16943804
     17    -1.07698231    -1.41486175     0.00000000     0.00000000     1.22256918
     18     0.00000000     0.00000000     0.00635427    -0.00140688     0.00000000
     19     0.00000000     0.00000000     0.00140688     0.00635427     0.00000000
     20    -0.01447371     0.06816219     0.00000000     0.00000000     0.12198391
     21    -0.26882371     0.24357562     0.00000000     0.00000000    -0.16943804
     22    -1.07698231     1.41486175     0.00000000     0.00000000     1.22256918
     23     0.00000000     0.00000000     0.00635427    -0.00140688     0.00000000
     24     0.00000000     0.00000000     0.00140688     0.00635427     0.00000000
     25     0.01447371     0.06816219     0.00000000     0.00000000    -0.12198391
                11             12             13             14             15
      1     0.00000000     0.00000000     0.00000000     0.00000000     0.00000000
      2     0.00000000     0.00000000     0.00000000     0.00000000     0.00000000
      3     0.00000000     0.00000000     0.00000000     0.00000000     0.00000000
      4     0.00000000     0.00000000     0.00000000     0.00000000     0.00000000
      5     0.00000000     0.00000000     0.00000000     0.00000000     0.00000000
      6     2.52784418     0.00000000     0.00000000     0.00000000     0.00000000
      7     0.00000000     0.00000000     0.00000000     0.00000000     0.00000000
      8     0.00000000     0.00000000     0.00000000     0.00000000     0.00000000
      9     0.79845592     0.00000000     0.00000000     0.00000000     0.00000000
     10     0.00000000     0.00000000     0.00000000     0.01043711     0.86596251
     11     0.00000000     0.00000000     0.00000000     0.99992738    -0.01205173
     12     0.00000000    -1.06047457    -0.18777946     0.00000000     0.00000000
     13     0.00000000     0.00000000     0.00000000    -0.01043711    -0.86596251
     14     0.00000000     0.18777946    -1.06047457     0.00000000     0.00000000
     15     0.00000000     0.00000000     0.00000000     0.00000000     0.00000000
     16     0.24440687     0.00000000     0.00000000     0.00000000     0.00000000
     17    -4.70206881     0.00000000     0.00000000     0.00000000     0.00000000
     18     0.00000000     0.08091081     0.01432697     0.00000000     0.00000000
     19     0.00000000    -0.01432697     0.08091081     0.00000000     0.00000000
     20     0.11968903     0.00000000     0.00000000     0.00000000     0.00000000
     21    -0.24440687     0.00000000     0.00000000     0.00000000     0.00000000
     22     4.70206881     0.00000000     0.00000000     0.00000000     0.00000000
     23     0.00000000    -0.08091081    -0.01432697     0.00000000     0.00000000
     24     0.00000000     0.01432697    -0.08091081     0.00000000     0.00000000
     25     0.11968903     0.00000000     0.00000000     0.00000000     0.00000000
                16             17             18             19             20
      1    -1.06811910     0.25446221     0.00000000     0.00000000     0.00000000
      2    -5.11014423    -1.01643588     0.00000000     0.00000000     0.00000000
      3    -0.00872987     2.04366901     0.00000000     0.00000000     0.00000000
      4     0.00000000     0.00000000     0.00000000     0.33542555     1.94421471
      5     0.00000000     0.00000000     0.00000000    -1.94421471     0.33542555
      6     0.00000000     0.00000000     0.38753438     0.00000000     0.00000000
      7     0.00000000     0.00000000     0.00000000    -0.21939688    -1.27168198
      8     0.00000000     0.00000000     0.00000000     1.27168198    -0.21939688
      9     0.00000000     0.00000000    -0.67495354     0.00000000     0.00000000
     10     0.06869504     2.01450726     0.00000000     0.00000000     0.00000000
     11     0.00000000     0.00000000     0.00000000     0.00000000     0.00000000
     12     0.00000000     0.00000000     0.00000000     0.00000000     0.00000000
     13     0.06869504     2.01450726     0.00000000     0.00000000     0.00000000
     14     0.00000000     0.00000000     0.00000000     0.00000000     0.00000000
     15    -0.78253403     3.28949742     0.00000000     0.00000000     0.00000000
     16    -1.09744667     0.94506225    -0.63512983     0.00000000     0.00000000
     17     4.25167355    -4.31082667     1.40665044     0.00000000     0.00000000
     18     0.00000000     0.00000000     0.00000000    -0.17077839    -0.98987645
     19     0.00000000     0.00000000     0.00000000     0.98987645    -0.17077839
     20     0.22875420    -0.45384747    -0.88562275     0.00000000     0.00000000
     21    -1.09744667     0.94506225     0.63512983     0.00000000     0.00000000
     22     4.25167355    -4.31082667    -1.40665044     0.00000000     0.00000000
     23     0.00000000     0.00000000     0.00000000    -0.17077839    -0.98987645
     24     0.00000000     0.00000000     0.00000000     0.98987645    -0.17077839
     25    -0.22875420     0.45384747    -0.88562275     0.00000000     0.00000000
                21             22             23             24             25
      1     0.00000000     0.00000000     2.06378308     0.00000000     3.59878521
      2     0.00000000     0.00000000     9.44213013     0.00000000    12.25709746
      3     0.00000000     0.00000000    -3.35795565     0.00000000    -6.07795222
      4     0.00000000     0.00000000     0.00000000     0.00000000     0.00000000
      5     0.00000000     0.00000000     0.00000000     0.00000000     0.00000000
      6     0.00000000     0.00000000     0.00000000    -9.73901660     0.00000000
      7     0.00000000     0.00000000     0.00000000     0.00000000     0.00000000
      8     0.00000000     0.00000000     0.00000000     0.00000000     0.00000000
      9     0.00000000     0.00000000     0.00000000     3.16754946     0.00000000
     10     0.00000000     0.00000000    -0.28112267     0.00000000    -1.70956435
     11     0.00000000     0.00000000     0.00000000     0.00000000     0.00000000
     12     0.45665004     0.83098058     0.00000000     0.00000000     0.00000000
     13     0.00000000     0.00000000    -0.28112267     0.00000000    -1.70956435
     14     0.83098058    -0.45665004     0.00000000     0.00000000     0.00000000
     15     0.00000000     0.00000000     3.47988354     0.00000000    -1.20990754
     16     0.00000000     0.00000000    -2.52028208     5.00768637    -2.59806192
     17     0.00000000     0.00000000    -2.69048621     2.88203710     0.32724533
     18    -0.50750306    -0.92351944     0.00000000     0.00000000     0.00000000
     19    -0.92351944     0.50750306     0.00000000     0.00000000     0.00000000
     20     0.00000000     0.00000000    -1.10607850    -0.97856018     1.03247793
     21     0.00000000     0.00000000    -2.52028208    -5.00768637    -2.59806192
     22     0.00000000     0.00000000    -2.69048621    -2.88203710     0.32724533
     23     0.50750306     0.92351944     0.00000000     0.00000000     0.00000000
     24     0.92351944    -0.50750306     0.00000000     0.00000000     0.00000000
     25     0.00000000     0.00000000     1.10607850    -0.97856018    -1.03247793

           ---------------------------------------
                     MO energies
           ---------------------------------------
                 1
      1    -4.72370366
      2    -0.55831764
      3    -0.51222622
      4     0.08101128
      5     0.08101128
      6     0.14449128
      7     0.14986059
      8     0.35553059
      9     0.35553059
     10     0.55429172
     11     0.57170631
     12     0.62882691
     13     0.62882691
     14     0.67349096
     15     0.67349096
     16     0.71320128
     17     1.39283642
     18     1.89803987
     19     2.03142002
     20     2.03142002
     21     2.07446711
     22     2.07446711
     23     2.35273308
     24     3.08952518
     25     3.65959030

                                        Total CPU time for RHF =      0.319 seconds


 AO to MO transformation... Please be patient

                    Total CPU time for AO to MO transformation =      0.639 seconds


 ************************************************
 |          One-shot G0W0 calculation           |
 ************************************************


 -------------------------------------------------------------
   RPA@HF       calculation: singlet        manifold
 -------------------------------------------------------------
 | State |  Excitation energy (au) |  Excitation energy (eV) |
 -------------------------------------------------------------
 |     1 |                0.637099 |               17.336354 |
 |     2 |                0.637099 |               17.336354 |
 |     3 |                0.653223 |               17.775100 |
 |     4 |                0.653223 |               17.775100 |
 |     5 |                0.667913 |               18.174850 |
 |     6 |                0.677756 |               18.442682 |
 |     7 |                0.726325 |               19.764307 |
 |     8 |                0.733072 |               19.947907 |
 |     9 |                0.932017 |               25.361487 |
 |    10 |                0.932017 |               25.361487 |
 |    11 |                0.939397 |               25.562283 |
 |    12 |                0.939397 |               25.562283 |
 |    13 |                1.107176 |               30.127800 |
 |    14 |                1.120772 |               30.497761 |
 |    15 |                1.168142 |               31.786762 |
 |    16 |                1.173057 |               31.920506 |
 |    17 |                1.204507 |               32.776298 |
 |    18 |                1.204507 |               32.776298 |
 |    19 |                1.229550 |               33.457758 |
 |    20 |                1.229550 |               33.457758 |
 -------------------------------------------------------------

  *** Quasiparticle energies obtained by linearization *** 

 -------------------------------------------------------------------------------
   One-shot G0W0 calculation
 -------------------------------------------------------------------------------
 |   # |       e_HF (eV) |      Sig_c (eV) |               Z |       e_QP (eV) |
 -------------------------------------------------------------------------------
 |   1 |     -128.538524 |        5.926090 |        0.679861 |     -124.509608 |
 |   2 |      -15.192597 |        0.532974 |        0.934222 |      -14.694680 |
 |   3 |      -13.938385 |        0.114274 |        0.947922 |      -13.830062 |
 |   4 |        2.204429 |       -0.300109 |        0.986517 |        1.908367 |
 |   5 |        2.204429 |       -0.300109 |        0.986517 |        1.908367 |
 |   6 |        3.931808 |       -0.192803 |        0.990449 |        3.740846 |
 |   7 |        4.077914 |       -0.068169 |        0.997056 |        4.009946 |
 |   8 |        9.674480 |       -0.773152 |        0.966849 |        8.926959 |
 |   9 |        9.674480 |       -0.773152 |        0.966849 |        8.926959 |
 |  10 |       15.083046 |       -0.819536 |        0.944366 |       14.309104 |
 |  11 |       15.556921 |       -0.424420 |        0.980112 |       15.140942 |
 |  12 |       17.111252 |       -0.385924 |        0.974670 |       16.735104 |
 |  13 |       17.111252 |       -0.385924 |        0.974670 |       16.735104 |
 |  14 |       18.326622 |       -1.890927 |        0.516408 |       17.350132 |
 |  15 |       18.326622 |       -1.890927 |        0.516408 |       17.350132 |
 |  16 |       19.407195 |       -2.371816 |        0.076710 |       19.225253 |
 |  17 |       37.901009 |        0.195481 |        0.436697 |       37.986375 |
 |  18 |       51.648296 |       25.396061 |        0.000368 |       51.657651 |
 |  19 |       55.277754 |        1.794539 |        0.214726 |       55.663089 |
 |  20 |       55.277754 |        1.794539 |        0.214726 |       55.663089 |
 |  21 |       56.449125 |       -0.228640 |        0.768008 |       56.273528 |
 |  22 |       56.449125 |       -0.228640 |        0.768008 |       56.273528 |
 |  23 |       64.021128 |       -1.253091 |        0.883549 |       62.913961 |
 |  24 |       84.070262 |        6.864691 |        0.001116 |       84.077921 |
 |  25 |       99.582524 |       -1.268897 |        0.309520 |       99.189776 |
 -------------------------------------------------------------------------------
          G0W0 HOMO      energy:     -13.830062 eV
          G0W0 LUMO      energy:       1.908367 eV
          G0W0 HOMO-LUMO gap   :      15.738429 eV
 -------------------------------------------------------------------------------
    RPA@G0W0 total energy      :     -15.178406 au
    RPA@G0W0 correlation energy:      -0.102483 au
    GM@G0W0  total energy      :     -15.263313 au
    GM@G0W0  correlation energy:      -0.187390 au
 -------------------------------------------------------------------------------


 -------------------------------------------------------------
   BSE@GW       calculation: singlet        manifold
 -------------------------------------------------------------
 | State |  Excitation energy (au) |  Excitation energy (eV) |
 -------------------------------------------------------------
 |     1 |                0.330663 |                8.997785 |
 |     2 |                0.330663 |                8.997785 |
 |     3 |                0.354601 |                9.649196 |
 |     4 |                0.354601 |                9.649196 |
 |     5 |                0.454653 |               12.371737 |
 |     6 |                0.457897 |               12.460005 |
 |     7 |                0.488052 |               13.280566 |
 |     8 |                0.504294 |               13.722548 |
 |     9 |                0.571838 |               15.560513 |
 |    10 |                0.571838 |               15.560513 |
 |    11 |                0.575727 |               15.666335 |
 |    12 |                0.575727 |               15.666335 |
 |    13 |                0.757725 |               20.618748 |
 |    14 |                0.773846 |               21.057410 |
 |    15 |                0.816687 |               22.223181 |
 |    16 |                0.839137 |               22.834091 |
 |    17 |                0.839137 |               22.834091 |
 |    18 |                0.849663 |               23.120498 |
 |    19 |                0.849663 |               23.120498 |
 |    20 |                0.851904 |               23.181497 |
 -------------------------------------------------------------

 ---------------------------------------------------------------
                 Transition dipole moment (au)                  
 ---------------------------------------------------------------
  #           X           Y           Z   dip. str.   osc. str.
 ---------------------------------------------------------------
  1    0.000000   -0.000000    0.000000    0.000000    0.000000
  2    0.000000    0.000000    0.000000    0.000000    0.000000
  3    0.175607   -1.343702   -0.000000    1.836373    0.434120
  4    1.343702    0.175607   -0.000000    1.836373    0.434120
  5    0.000000   -0.000000    0.661703    0.437851    0.132713
  6   -0.000000    0.000000   -0.000000    0.000000    0.000000
  7   -0.000000    0.000000   -0.267899    0.071770    0.023352
  8   -0.000000    0.000000   -0.000000    0.000000    0.000000
  9    0.004382   -0.012800   -0.000000    0.000183    0.000070
 10   -0.012800   -0.004382   -0.000000    0.000183    0.000070
 ---------------------------------------------------------------

 -------------------------------------------------------------
 Excitation n.   1:   8.997785 eV  f = 0.0000  <S**2> = 0.0000
 -------------------------------------------------------------
  2 ->   4 =   0.620698
  2 ->   5 =   0.268650
  2 ->   9 =  -0.206411

 -------------------------------------------------------------
 Excitation n.   2:   8.997785 eV  f = 0.0000  <S**2> = 0.0000
 -------------------------------------------------------------
  2 ->   4 =  -0.268650
  2 ->   5 =   0.620698
  2 ->   8 =   0.206411

 -------------------------------------------------------------
 Excitation n.   3:   9.649196 eV  f = 0.4341  <S**2> = 0.0000
 -------------------------------------------------------------
  3 ->   4 =  -0.645785
  3 ->   5 =  -0.274335
  3 ->   9 =   0.108498

 -------------------------------------------------------------
 Excitation n.   4:   9.649196 eV  f = 0.4341  <S**2> = 0.0000
 -------------------------------------------------------------
  3 ->   4 =   0.274335
  3 ->   5 =  -0.645785
  3 ->   8 =  -0.108498

 -------------------------------------------------------------
 Excitation n.   5:  12.371737 eV  f = 0.1327  <S**2> = 0.0000
 -------------------------------------------------------------
  2 ->   6 =  -0.337241
  3 ->   7 =   0.616190

 -------------------------------------------------------------
 Excitation n.   6:  12.460005 eV  f = 0.0000  <S**2> = 0.0000
 -------------------------------------------------------------
  3 ->   6 =   0.706379

 -------------------------------------------------------------
 Excitation n.   7:  13.280566 eV  f = 0.0234  <S**2> = 0.0000
 -------------------------------------------------------------
  2 ->   6 =  -0.620806
  3 ->   7 =  -0.336309

 -------------------------------------------------------------
 Excitation n.   8:  13.722548 eV  f = 0.0000  <S**2> = 0.0000
 -------------------------------------------------------------
  2 ->   7 =   0.705110

 -------------------------------------------------------------
 Excitation n.   9:  15.560513 eV  f = 0.0001  <S**2> = 0.0000
 -------------------------------------------------------------
  3 ->   4 =   0.087149
  3 ->   8 =  -0.078062
  3 ->   9 =   0.694458

 -------------------------------------------------------------
 Excitation n.  10:  15.560513 eV  f = 0.0001  <S**2> = 0.0000
 -------------------------------------------------------------
  3 ->   5 =  -0.087149
  3 ->   8 =   0.694458
  3 ->   9 =   0.078062

Thomas-Reiche-Kuhn sum rule =   1.024445


 *** dynamical TDA activated ***

 ---------------------------------------------------------------------------------------------------
  First-order dynamical correction to static Bethe-Salpeter excitation energies                     
 ---------------------------------------------------------------------------------------------------
  BSE neutral excitation must be lower than the GW gap =  15.738429 eV
 ---------------------------------------------------------------------------------------------------
      #          Static (eV)         Dynamic (eV)      Correction (eV)         Renorm. (eV)
 ---------------------------------------------------------------------------------------------------
      1            8.997785            8.780884           -0.216901            1.016483
      2            8.997785            8.780884           -0.216901            1.016483
      3            9.649196            9.542825           -0.106371            1.011838
      4            9.649196            9.542825           -0.106371            1.011838
      5           12.371737           12.320512           -0.051225            1.006166
      6           12.460005           12.425479           -0.034526            1.005321
      7           13.280566           13.252058           -0.028507            1.003838
      8           13.722548           13.694558           -0.027990            1.003980
      9           15.560513           15.386039           -0.174475            1.016624
     10           15.560513           15.386039           -0.174475            1.016624
 ---------------------------------------------------------------------------------------------------


 -------------------------------------------------------------
   BSE@GW       calculation: triplet        manifold
 -------------------------------------------------------------
 | State |  Excitation energy (au) |  Excitation energy (eV) |
 -------------------------------------------------------------
 |     1 |                0.258304 |                7.028818 |
 |     2 |                0.258304 |                7.028818 |
 |     3 |                0.287334 |                7.818765 |
 |     4 |                0.287334 |                7.818765 |
 |     5 |                0.399840 |               10.880188 |
 |     6 |                0.409882 |               11.153455 |
 |     7 |                0.476951 |               12.978501 |
 |     8 |                0.485611 |               13.214144 |
 |     9 |                0.526981 |               14.339893 |
 |    10 |                0.526981 |               14.339893 |
 |    11 |                0.554990 |               15.102034 |
 |    12 |                0.554990 |               15.102034 |
 |    13 |                0.682289 |               18.566042 |
 |    14 |                0.703225 |               19.135729 |
 |    15 |                0.761954 |               20.733837 |
 |    16 |                0.771916 |               21.004908 |
 |    17 |                0.779850 |               21.220812 |
 |    18 |                0.779850 |               21.220812 |
 |    19 |                0.801679 |               21.814810 |
 |    20 |                0.801679 |               21.814810 |
 -------------------------------------------------------------

 -------------------------------------------------------------
 Excitation n.   1:   7.028818 eV  f = 0.0000  <S**2> = 2.0000
 -------------------------------------------------------------
  2 ->  12 =  -0.081102
  3 ->   4 =  -0.160887
  3 ->   5 =   0.634048
  3 ->   8 =   0.254271

 -------------------------------------------------------------
 Excitation n.   2:   7.028818 eV  f = 0.0000  <S**2> = 2.0000
 -------------------------------------------------------------
  2 ->  13 =  -0.081102
  3 ->   4 =  -0.634048
  3 ->   5 =  -0.160887
  3 ->   9 =   0.254271

 -------------------------------------------------------------
 Excitation n.   3:   7.818765 eV  f = 0.0000  <S**2> = 2.0000
 -------------------------------------------------------------
  2 ->   4 =  -0.108219
  2 ->   5 =   0.637904
  2 ->   8 =   0.258029
  2 ->   9 =  -0.085967
  3 ->  12 =  -0.090549

 -------------------------------------------------------------
 Excitation n.   4:   7.818765 eV  f = 0.0000  <S**2> = 2.0000
 -------------------------------------------------------------
  2 ->   4 =   0.637904
  2 ->   5 =   0.108219
  2 ->   8 =  -0.085967
  2 ->   9 =  -0.258029
  3 ->  13 =   0.090549

 -------------------------------------------------------------
 Excitation n.   5:  10.880188 eV  f = 0.0000  <S**2> = 2.0000
 -------------------------------------------------------------
  2 ->   7 =  -0.287046
  2 ->  11 =   0.083517
  3 ->   6 =   0.633253
  3 ->  16 =   0.098658

 -------------------------------------------------------------
 Excitation n.   6:  11.153455 eV  f = 0.0000  <S**2> = 2.0000
 -------------------------------------------------------------
  2 ->   6 =  -0.505000
  2 ->  16 =  -0.107001
  3 ->   7 =   0.471659
  3 ->  11 =  -0.109170

 -------------------------------------------------------------
 Excitation n.   7:  12.978501 eV  f = 0.0000  <S**2> = 2.0000
 -------------------------------------------------------------
  2 ->   6 =   0.480945
  3 ->   7 =   0.508657

 -------------------------------------------------------------
 Excitation n.   8:  13.214144 eV  f = 0.0000  <S**2> = 2.0000
 -------------------------------------------------------------
  2 ->   7 =  -0.625972
  2 ->  11 =   0.115219
  3 ->   6 =  -0.298840
  3 ->  10 =   0.072422

 -------------------------------------------------------------
 Excitation n.   9:  14.339893 eV  f = 0.0000  <S**2> = 2.0000
 -------------------------------------------------------------
  3 ->   4 =  -0.265536
  3 ->   8 =  -0.356738
  3 ->   9 =  -0.546717

 -------------------------------------------------------------
 Excitation n.  10:  14.339893 eV  f = 0.0000  <S**2> = 2.0000
 -------------------------------------------------------------
  3 ->   5 =   0.265536
  3 ->   8 =  -0.546717
  3 ->   9 =   0.356738

Thomas-Reiche-Kuhn sum rule =   0.000000


 *** dynamical TDA activated ***

 ---------------------------------------------------------------------------------------------------
  First-order dynamical correction to static Bethe-Salpeter excitation energies                     
 ---------------------------------------------------------------------------------------------------
  BSE neutral excitation must be lower than the GW gap =  15.738429 eV
 ---------------------------------------------------------------------------------------------------
      #          Static (eV)         Dynamic (eV)      Correction (eV)         Renorm. (eV)
 ---------------------------------------------------------------------------------------------------
      1            7.028818            6.764547           -0.264271            1.015222
      2            7.028818            6.764547           -0.264271            1.015222
      3            7.818765            7.493843           -0.324922            1.018518
      4            7.818765            7.493843           -0.324922            1.018518
      5           10.880188           10.761444           -0.118744            1.008749
      6           11.153455           11.011495           -0.141960            1.009792
      7           12.978501           12.943668           -0.034833            1.003152
      8           13.214144           13.165099           -0.049045            1.003758
      9           14.339893           14.173829           -0.166064            1.010024
     10           14.339893           14.173829           -0.166064            1.010024
 ---------------------------------------------------------------------------------------------------


 -------------------------------------------------------------------------------
          Tr@BSE@G0W0 correlation energy (singlet) =       -0.0661837659
          Tr@BSE@G0W0 correlation energy (triplet) =       -0.0257144814
          Tr@BSE@G0W0 correlation energy           =       -0.0918982472
          Tr@BSE@G0W0 total energy                 =      -15.1678210724
 -------------------------------------------------------------------------------

                                       Total CPU time for G0W0 =      0.058 seconds


 ************************************************
 |          One-shot G0T0 calculation           |
 ************************************************


 -------------------------------------------------------------
   pp-RPA (N+2) calculation: alpha-beta     manifold
 -------------------------------------------------------------
 | State |  Excitation energy (au) |  Excitation energy (eV) |
 -------------------------------------------------------------
 |     1 |                0.363356 |                9.887412 |
 |     2 |                0.383085 |               10.424268 |
 |     3 |                0.386114 |               10.506692 |
 |     4 |                0.386114 |               10.506692 |
 |     5 |                0.389631 |               10.602406 |
 |     6 |                0.389631 |               10.602406 |
 |     7 |                0.397979 |               10.829547 |
 |     8 |                0.397979 |               10.829547 |
 |     9 |                0.413093 |               11.240820 |
 |    10 |                0.413093 |               11.240820 |
 |    11 |                0.432685 |               11.773959 |
 |    12 |                0.453793 |               12.348324 |
 |    13 |                0.454337 |               12.363152 |
 |    14 |                0.454337 |               12.363152 |
 |    15 |                0.489202 |               13.311862 |
 |    16 |                0.513741 |               13.979602 |
 |    17 |                0.645524 |               17.565607 |
 |    18 |                0.652660 |               17.759795 |
 |    19 |                0.652660 |               17.759795 |
 |    20 |                0.661820 |               18.009028 |
 -------------------------------------------------------------


 -------------------------------------------------------------
   pp-RPA (N-2) calculation: alpha-beta     manifold
 -------------------------------------------------------------
 | State |  Excitation energy (au) |  Excitation energy (eV) |
 -------------------------------------------------------------
 |     1 |              -11.712068 |             -318.701616 |
 |     2 |               -5.954418 |             -162.027962 |
 |     3 |               -5.912193 |             -160.878973 |
 |     4 |               -5.886009 |             -160.166465 |
 |     5 |               -5.804555 |             -157.949983 |
 |     6 |               -1.757073 |              -47.812402 |
 |     7 |               -1.719257 |              -46.783369 |
 |     8 |               -1.412609 |              -38.439052 |
 |     9 |               -1.395347 |              -37.969320 |
 -------------------------------------------------------------


 -------------------------------------------------------------
   pp-RPA (N+2) calculation: alpha-alpha    manifold
 -------------------------------------------------------------
 | State |  Excitation energy (au) |  Excitation energy (eV) |
 -------------------------------------------------------------
 |     1 |                0.363356 |                9.887412 |
 |     2 |                0.389631 |               10.602406 |
 |     3 |                0.389631 |               10.602406 |
 |     4 |                0.397979 |               10.829547 |
 |     5 |                0.397979 |               10.829547 |
 |     6 |                0.432685 |               11.773959 |
 |     7 |                0.652660 |               17.759795 |
 |     8 |                0.652660 |               17.759795 |
 |     9 |                0.661820 |               18.009028 |
 |    10 |                0.680134 |               18.507378 |
 |    11 |                0.680134 |               18.507378 |
 |    12 |                0.684511 |               18.626492 |
 |    13 |                0.690149 |               18.779899 |
 |    14 |                0.690149 |               18.779899 |
 |    15 |                0.863219 |               23.489389 |
 |    16 |                0.863219 |               23.489389 |
 |    17 |                0.866540 |               23.579754 |
 |    18 |                0.866540 |               23.579754 |
 |    19 |                0.874010 |               23.783030 |
 |    20 |                0.882721 |               24.020075 |
 -------------------------------------------------------------


 -------------------------------------------------------------
   pp-RPA (N-2) calculation: alpha-alpha    manifold
 -------------------------------------------------------------
 | State |  Excitation energy (au) |  Excitation energy (eV) |
 -------------------------------------------------------------
 |     1 |               -5.912193 |             -160.878973 |
 |     2 |               -5.804555 |             -157.949983 |
 |     3 |               -1.412609 |              -38.439052 |
 -------------------------------------------------------------

 -------------------------------------------------------------------------------
   One-shot G0T0 calculation (T-matrix self-energy)  
 -------------------------------------------------------------------------------
 |   # |       e_HF (eV) |    Sigma_T (eV) |               Z |       e_QP (eV) |
 -------------------------------------------------------------------------------
 |   1 |     -128.538524 |        3.714894 |        0.910868 |     -125.154746 |
 |   2 |      -15.192597 |        0.345869 |        0.977610 |      -14.854471 |
 |   3 |      -13.938385 |        0.198446 |        0.981850 |      -13.743541 |
 |   4 |        2.204429 |       -0.365982 |        0.989602 |        1.842253 |
 |   5 |        2.204429 |       -0.365982 |        0.989602 |        1.842253 |
 |   6 |        3.931808 |       -0.166776 |        0.994059 |        3.766023 |
 |   7 |        4.077914 |       -0.068697 |        0.998055 |        4.009351 |
 |   8 |        9.674480 |       -0.664010 |        0.980426 |        9.023468 |
 |   9 |        9.674480 |       -0.664010 |        0.980426 |        9.023468 |
 |  10 |       15.083046 |       -0.600768 |        0.981504 |       14.493390 |
 |  11 |       15.556921 |       -0.382653 |        0.988377 |       15.178716 |
 |  12 |       17.111252 |       -0.418341 |        0.985389 |       16.699023 |
 |  13 |       17.111252 |       -0.418341 |        0.985389 |       16.699023 |
 |  14 |       18.326622 |       -0.626004 |        0.962716 |       17.723958 |
 |  15 |       18.326622 |       -0.626004 |        0.962716 |       17.723958 |
 |  16 |       19.407195 |       -0.522337 |        0.977479 |       18.896622 |
 |  17 |       37.901009 |       -1.457544 |        0.104272 |       37.749028 |
 |  18 |       51.648296 |       -1.297636 |        0.315463 |       51.238939 |
 |  19 |       55.277754 |       -0.211023 |        0.122777 |       55.251846 |
 |  20 |       55.277754 |       -0.211023 |        0.122777 |       55.251846 |
 |  21 |       56.449125 |        8.284155 |        0.011497 |       56.544368 |
 |  22 |       56.449125 |        8.284155 |        0.011497 |       56.544368 |
 |  23 |       64.021128 |       -0.514429 |        0.846130 |       63.585855 |
 |  24 |       84.070262 |       -1.135352 |        0.903937 |       83.043976 |
 |  25 |       99.582524 |       -1.231037 |        0.280617 |       99.237075 |
 -------------------------------------------------------------------------------
             G0T0 HOMO      energy (eV)            =     -13.743541 eV
             G0T0 LUMO      energy (eV)            =       1.842253 eV
             G0T0 HOMO-LUMO gap    (eV)            =      15.585794 eV
 -------------------------------------------------------------------------------
        Tr@ppRPA@G0T0 correlation energy (singlet) =       -0.0399484516 au
        Tr@ppRPA@G0T0 correlation energy (triplet) =       -0.0039472337 au
        Tr@ppRPA@G0T0 correlation energy           =       -0.0438956853 au
        Tr@ppRPA@G0T0 total energy                 =      -15.1198185104 au
              GM@G0T0 correlation energy           =       -0.0739023590 au
              GM@G0T0 total energy                 =      -15.1498251841 au
 -------------------------------------------------------------------------------


 -------------------------------------------------------------
   BSE@GT       calculation: singlet        manifold
 -------------------------------------------------------------
 | State |  Excitation energy (au) |  Excitation energy (eV) |
 -------------------------------------------------------------
 |     1 |                0.312803 |                8.511805 |
 |     2 |                0.312803 |                8.511805 |
 |     3 |                0.344127 |                9.364174 |
 |     4 |                0.344127 |                9.364174 |
 |     5 |                0.442073 |               12.029409 |
 |     6 |                0.444999 |               12.109030 |
 |     7 |                0.488548 |               13.294069 |
 |     8 |                0.504157 |               13.718816 |
 |     9 |                0.545298 |               14.838309 |
 |    10 |                0.545298 |               14.838309 |
 |    11 |                0.560743 |               15.258588 |
 |    12 |                0.560743 |               15.258588 |
 |    13 |                0.736295 |               20.035601 |
 |    14 |                0.764442 |               20.801534 |
 |    15 |                0.794848 |               21.628924 |
 |    16 |                0.816494 |               22.217942 |
 |    17 |                0.816494 |               22.217942 |
 |    18 |                0.834274 |               22.701760 |
 |    19 |                0.834274 |               22.701760 |
 |    20 |                0.844779 |               22.987619 |
 -------------------------------------------------------------

 ---------------------------------------------------------------
                 Transition dipole moment (au)                  
 ---------------------------------------------------------------
  #           X           Y           Z   dip. str.   osc. str.
 ---------------------------------------------------------------
  1    0.000000   -0.000000   -0.000000    0.000000    0.000000
  2    0.000000    0.000000    0.000000    0.000000    0.000000
  3    1.465667   -0.186837    0.000000    2.183088    0.500840
  4   -0.186837   -1.465667   -0.000000    2.183088    0.500840
  5    0.000000    0.000000   -0.647383    0.419105    0.123516
  6   -0.000000    0.000000   -0.000000    0.000000    0.000000
  7    0.000000    0.000000   -0.330471    0.109211    0.035570
  8   -0.000000    0.000000   -0.000000    0.000000    0.000000
  9    0.009669    0.002399    0.000000    0.000099    0.000036
 10    0.002399   -0.009669   -0.000000    0.000099    0.000036
 ---------------------------------------------------------------

 -------------------------------------------------------------
 Excitation n.   1:   8.511805 eV  f = 0.0000  <S**2> = 0.0000
 -------------------------------------------------------------
  2 ->   5 =   0.656765
  2 ->   8 =   0.234098
  2 ->   9 =  -0.109321

 -------------------------------------------------------------
 Excitation n.   2:   8.511805 eV  f = 0.0000  <S**2> = 0.0000
 -------------------------------------------------------------
  2 ->   4 =  -0.656765
  2 ->   8 =   0.109321
  2 ->   9 =   0.234098

 -------------------------------------------------------------
 Excitation n.   3:   9.364174 eV  f = 0.5008  <S**2> = 0.0000
 -------------------------------------------------------------
  3 ->   4 =   0.099735
  3 ->   5 =  -0.683173
  3 ->   8 =  -0.142981

 -------------------------------------------------------------
 Excitation n.   4:   9.364174 eV  f = 0.5008  <S**2> = 0.0000
 -------------------------------------------------------------
  3 ->   4 =  -0.683173
  3 ->   5 =  -0.099735
  3 ->   9 =   0.142981

 -------------------------------------------------------------
 Excitation n.   5:  12.029409 eV  f = 0.1235  <S**2> = 0.0000
 -------------------------------------------------------------
  2 ->   6 =   0.376950
  3 ->   7 =  -0.589930
  3 ->  11 =   0.084205

 -------------------------------------------------------------
 Excitation n.   6:  12.109030 eV  f = 0.0000  <S**2> = 0.0000
 -------------------------------------------------------------
  2 ->   7 =  -0.082440
  3 ->   6 =   0.700619

 -------------------------------------------------------------
 Excitation n.   7:  13.294069 eV  f = 0.0356  <S**2> = 0.0000
 -------------------------------------------------------------
  2 ->   6 =  -0.595841
  3 ->   7 =  -0.377550

 -------------------------------------------------------------
 Excitation n.   8:  13.718816 eV  f = 0.0000  <S**2> = 0.0000
 -------------------------------------------------------------
  2 ->   7 =   0.697937
  3 ->   6 =   0.078371

 -------------------------------------------------------------
 Excitation n.   9:  14.838309 eV  f = 0.0000  <S**2> = 0.0000
 -------------------------------------------------------------
  3 ->   4 =   0.075149
  3 ->   5 =  -0.132794
  3 ->   8 =   0.689097

 -------------------------------------------------------------
 Excitation n.  10:  14.838309 eV  f = 0.0000  <S**2> = 0.0000
 -------------------------------------------------------------
  3 ->   4 =  -0.132794
  3 ->   5 =  -0.075149
  3 ->   9 =  -0.689097

Thomas-Reiche-Kuhn sum rule =   1.160838


 *** dynamical TDA activated ***

 ---------------------------------------------------------------------------------------------------
  First-order dynamical correction to static Bethe-Salpeter excitation energies                     
 ---------------------------------------------------------------------------------------------------
  BSE neutral excitation must be lower than the GT gap =  15.585794 eV
 ---------------------------------------------------------------------------------------------------
      #          Static (eV)         Dynamic (eV)      Correction (eV)         Renorm. (eV)
 ---------------------------------------------------------------------------------------------------
      1            8.511805            8.423496           -0.088309            1.002335
      2            8.511805            8.423496           -0.088309            1.002335
      3            9.364174            9.280786           -0.083388            1.001875
      4            9.364174            9.280786           -0.083388            1.001875
      5           12.029409           12.016197           -0.013212            0.998574
      6           12.109030           12.110584            0.001555            0.996259
      7           13.294069           13.281511           -0.012558            1.000169
      8           13.718816           13.710569           -0.008247            0.998878
      9           14.838309           14.869463            0.031154            0.998516
     10           14.838309           14.869463            0.031154            0.998516
 ---------------------------------------------------------------------------------------------------


 -------------------------------------------------------------
   BSE@GT       calculation: triplet        manifold
 -------------------------------------------------------------
 | State |  Excitation energy (au) |  Excitation energy (eV) |
 -------------------------------------------------------------
 |     1 |                0.237697 |                6.468072 |
 |     2 |                0.237697 |                6.468072 |
 |     3 |                0.262017 |                7.129844 |
 |     4 |                0.262017 |                7.129844 |
 |     5 |                0.396516 |               10.789743 |
 |     6 |                0.406432 |               11.059570 |
 |     7 |                0.476614 |               12.969315 |
 |     8 |                0.487451 |               13.264216 |
 |     9 |                0.513294 |               13.967444 |
 |    10 |                0.513294 |               13.967444 |
 |    11 |                0.544910 |               14.827743 |
 |    12 |                0.544910 |               14.827743 |
 |    13 |                0.670392 |               18.242305 |
 |    14 |                0.686056 |               18.668547 |
 |    15 |                0.744962 |               20.271437 |
 |    16 |                0.753513 |               20.504125 |
 |    17 |                0.757906 |               20.623681 |
 |    18 |                0.757906 |               20.623681 |
 |    19 |                0.782527 |               21.293636 |
 |    20 |                0.782527 |               21.293636 |
 -------------------------------------------------------------

 -------------------------------------------------------------
 Excitation n.   1:   6.468072 eV  f = 0.0000  <S**2> = 2.0000
 -------------------------------------------------------------
  3 ->   4 =  -0.364438
  3 ->   5 =  -0.524753
  3 ->   8 =  -0.131814
  3 ->   9 =   0.256863

 -------------------------------------------------------------
 Excitation n.   2:   6.468072 eV  f = 0.0000  <S**2> = 2.0000
 -------------------------------------------------------------
  3 ->   4 =  -0.524753
  3 ->   5 =   0.364438
  3 ->   8 =   0.256863
  3 ->   9 =   0.131814

 -------------------------------------------------------------
 Excitation n.   3:   7.129844 eV  f = 0.0000  <S**2> = 2.0000
 -------------------------------------------------------------
  2 ->   4 =  -0.623838
  2 ->   8 =   0.165444
  2 ->   9 =   0.266061
  3 ->  13 =  -0.100389

 -------------------------------------------------------------
 Excitation n.   4:   7.129844 eV  f = 0.0000  <S**2> = 2.0000
 -------------------------------------------------------------
  2 ->   5 =  -0.623838
  2 ->   8 =  -0.266061
  2 ->   9 =   0.165444
  3 ->  12 =   0.100389

 -------------------------------------------------------------
 Excitation n.   5:  10.789743 eV  f = 0.0000  <S**2> = 2.0000
 -------------------------------------------------------------
  2 ->   7 =   0.285696
  2 ->  11 =  -0.094629
  3 ->   6 =  -0.629477
  3 ->  16 =  -0.113307

 -------------------------------------------------------------
 Excitation n.   6:  11.059570 eV  f = 0.0000  <S**2> = 2.0000
 -------------------------------------------------------------
  2 ->   6 =  -0.466809
  2 ->  16 =  -0.120649
  3 ->   7 =   0.501572
  3 ->  11 =  -0.126835

 -------------------------------------------------------------
 Excitation n.   7:  12.969315 eV  f = 0.0000  <S**2> = 2.0000
 -------------------------------------------------------------
  2 ->   6 =   0.513153
  2 ->  10 =  -0.086577
  3 ->   7 =   0.472141

 -------------------------------------------------------------
 Excitation n.   8:  13.264216 eV  f = 0.0000  <S**2> = 2.0000
 -------------------------------------------------------------
  2 ->   7 =  -0.617359
  2 ->  11 =   0.134199
  3 ->   6 =  -0.302354
  3 ->  10 =   0.092247

 -------------------------------------------------------------
 Excitation n.   9:  13.967444 eV  f = 0.0000  <S**2> = 2.0000
 -------------------------------------------------------------
  3 ->   4 =  -0.145229
  3 ->   5 =   0.259303
  3 ->   8 =  -0.638592

 -------------------------------------------------------------
 Excitation n.  10:  13.967444 eV  f = 0.0000  <S**2> = 2.0000
 -------------------------------------------------------------
  3 ->   4 =  -0.259303
  3 ->   5 =  -0.145229
  3 ->   9 =  -0.638592

Thomas-Reiche-Kuhn sum rule =   0.000000


 *** dynamical TDA activated ***

 ---------------------------------------------------------------------------------------------------
  First-order dynamical correction to static Bethe-Salpeter excitation energies                     
 ---------------------------------------------------------------------------------------------------
  BSE neutral excitation must be lower than the GT gap =  15.585794 eV
 ---------------------------------------------------------------------------------------------------
      #          Static (eV)         Dynamic (eV)      Correction (eV)         Renorm. (eV)
 ---------------------------------------------------------------------------------------------------
      1            6.468072            6.321821           -0.146251            1.003865
      2            6.468072            6.321821           -0.146251            1.003865
      3            7.129844            7.028466           -0.101378            1.002503
      4            7.129844            7.028466           -0.101378            1.002503
      5           10.789743           10.703289           -0.086455            1.006618
      6           11.059570           10.996343           -0.063227            1.006258
      7           12.969315           12.968095           -0.001219            1.001629
      8           13.264216           13.242193           -0.022024            1.001840
      9           13.967444           13.907685           -0.059759            1.002635
     10           13.967444           13.907685           -0.059759            1.002635
 ---------------------------------------------------------------------------------------------------


 -------------------------------------------------------------------------------
          Tr@BSE@G0T0 correlation energy (singlet) =       -0.0110871722 au
          Tr@BSE@G0T0 correlation energy (triplet) =       -0.0100785436 au
          Tr@BSE@G0T0 correlation energy           =       -0.0211657159 au
          Tr@BSE@G0T0 total energy                 =      -15.0970885410 au
 -------------------------------------------------------------------------------

                                       Total CPU time for G0T0 =      2.599 seconds

                                      Total CPU time for QuAcK =      3.637 seconds

