78 significant shell pairs computed in 0.000098 seconds
0
Computed Electron repulsion integrals Integrals in parallel in 0.262023 seconds

 ******************************************************************************************
 *            QuAcK                       QuAcK                         QuAcK             *
 *   __        __        __       __        __        __       __        __        __     *
 * <(o )___  <(o )___  <(o )___ <(o )___  <(o )___  <(o )___ <(o )___  <(o )___  <(o )___ *
 * ( ._> /   ( ._> /   ( ._> /  ( ._> /   ( ._> /   ( ._> /  ( ._> /   ( ._> /   ( ._> /  *
 *|--------------------------------------------------------------------------------------|*
 ******************************************************************************************

      ----------------------
             Number of atoms                3
      ----------------------

      ----------------------
Number of spin-up   electron                3
Number of spin-down electron                3
    Total number of electron                6
      ----------------------

      ----------------------
Number of core      electron                0
Number of Rydberg   electron                0
      ----------------------

          ------------------
          Molecular geometry
          ------------------
                    Atom n.                 1
                        Z =      4.0000000000
           Atom coordinates:     0.0000000000    0.0000000000    0.0000000000
                    Atom n.                 2
                        Z =      1.0000000000
           Atom coordinates:     0.0000000000    0.0000000000    4.7243153136
                    Atom n.                 3
                        Z =      1.0000000000
           Atom coordinates:     0.0000000000    0.0000000000   -4.7243153136

          ------------------
 Nuclear repulsion energy =      1.7992025163
          ------------------

          Gaussian basis set
          ------------------
                    Atom n.                 1
           number of shells                 6
          ------------------
      s-type shell with K =                 9
                                    Exponents     Contraction
                              2940.0000000000    0.0006800000
                               441.2000000000    0.0052360000
                               100.5000000000    0.0266060000
                                28.4300000000    0.0999930000
                                 9.1690000000    0.2697020000
                                 3.1960000000    0.4514690000
                                 1.1590000000    0.2950740000
                                 0.1811000000    0.0125870000
                                 0.0589000000   -0.0037560000
      s-type shell with K =                 9
                                    Exponents     Contraction
                              2940.0000000000   -0.0001230000
                               441.2000000000   -0.0009660000
                               100.5000000000   -0.0048310000
                                28.4300000000   -0.0193140000
                                 9.1690000000   -0.0532800000
                                 3.1960000000   -0.1207230000
                                 1.1590000000   -0.1334350000
                                 0.1811000000    0.5307670000
                                 0.0589000000    0.5801170000
      s-type shell with K =                 1
                                    Exponents     Contraction
                                 0.0589000000    1.0000000000
      p-type shell with K =                 4
                                    Exponents     Contraction
                                 3.6190000000    0.0291110000
                                 0.7110000000    0.1693650000
                                 0.1951000000    0.5134580000
                                 0.0601800000    0.4793380000
      p-type shell with K =                 1
                                    Exponents     Contraction
                                 0.0601800000    1.0000000000
      d-type shell with K =                 1
                                    Exponents     Contraction
                                 0.2354000000    1.0000000000
          ------------------
                    Atom n.                 2
           number of shells                 3
          ------------------
      s-type shell with K =                 4
                                    Exponents     Contraction
                                13.0100000000    0.0196850000
                                 1.9620000000    0.1379770000
                                 0.4446000000    0.4781480000
                                 0.1220000000    0.5012400000
      s-type shell with K =                 1
                                    Exponents     Contraction
                                 0.1220000000    1.0000000000
      p-type shell with K =                 1
                                    Exponents     Contraction
                                 0.7270000000    1.0000000000
          ------------------
                    Atom n.                 3
           number of shells                 3
          ------------------
      s-type shell with K =                 4
                                    Exponents     Contraction
                                13.0100000000    0.0196850000
                                 1.9620000000    0.1379770000
                                 0.4446000000    0.4781480000
                                 0.1220000000    0.5012400000
      s-type shell with K =                 1
                                    Exponents     Contraction
                                 0.1220000000    1.0000000000
      p-type shell with K =                 1
                                    Exponents     Contraction
                                 0.7270000000    1.0000000000
          ------------------
            Number of shells               12
          ------------------

          ------------------
   Number of basis functions               25
          ------------------

 Scaling integrals by    1.0000000000000000     

                          Total CPU time for reading integrals =      0.022 seconds


 ************************************************
 |    Restricted Hartree-Fock calculation       |
 ************************************************


 ----------------------------------------------------
 | RHF calculation                                  |
 ----------------------------------------------------
 |   # |        HF energy |       Conv |     HL Gap |
 ----------------------------------------------------
 |   1 |   -15.2953334947 |   0.192049 |   1.151496 |
 |   2 |   -15.3809015344 |   0.142516 |   1.214060 |
 |   3 |   -15.4335695678 |   0.120261 |   1.249193 |
 |   4 |   -15.4659907790 |   0.097743 |   1.268603 |
 |   5 |   -15.4862627450 |   0.076976 |   1.279042 |
 |   6 |   -15.4992173753 |   0.059804 |   1.284729 |
 |   7 |   -15.5076847293 |   0.046331 |   1.287989 |
 |   8 |   -15.5133337472 |   0.036007 |   1.290016 |
 |   9 |   -15.5171690971 |   0.028155 |   1.291406 |
 |  10 |   -15.5198116446 |   0.022178 |   1.292450 |
 |  11 |   -15.5216552982 |   0.017605 |   1.293289 |
 |  12 |   -15.5229558722 |   0.014078 |   1.293991 |
 |  13 |   -15.5238827397 |   0.011336 |   1.294593 |
 |  14 |   -15.5245497888 |   0.009185 |   1.295115 |
 |  15 |   -15.5250345460 |   0.007483 |   1.295567 |
 |  16 |   -15.5253903139 |   0.006127 |   1.295959 |
 |  17 |   -15.5256540488 |   0.005039 |   1.296299 |
 |  18 |   -15.5258515649 |   0.004159 |   1.296592 |
 |  19 |   -15.5260010205 |   0.003444 |   1.296845 |
 |  20 |   -15.5261152773 |   0.002860 |   1.297062 |
 |  21 |   -15.5262035105 |   0.002380 |   1.297248 |
 |  22 |   -15.5262723148 |   0.001986 |   1.297407 |
 |  23 |   -15.5263264679 |   0.001659 |   1.297542 |
 |  24 |   -15.5263694606 |   0.001389 |   1.297658 |
 |  25 |   -15.5264038668 |   0.001164 |   1.297756 |
 |  26 |   -15.5264316018 |   0.000976 |   1.297840 |
 |  27 |   -15.5264541051 |   0.000820 |   1.297911 |
 |  28 |   -15.5264724691 |   0.000689 |   1.297971 |
 |  29 |   -15.5264875314 |   0.000580 |   1.298023 |
 |  30 |   -15.5264999400 |   0.000488 |   1.298066 |
 |  31 |   -15.5265102015 |   0.000411 |   1.298103 |
 |  32 |   -15.5265187152 |   0.000346 |   1.298134 |
 |  33 |   -15.5265257986 |   0.000292 |   1.298160 |
 |  34 |   -15.5265317059 |   0.000246 |   1.298182 |
 |  35 |   -15.5265366424 |   0.000207 |   1.298201 |
 |  36 |   -15.5265407747 |   0.000175 |   1.298217 |
 |  37 |   -15.5265442387 |   0.000148 |   1.298231 |
 |  38 |   -15.5265471461 |   0.000125 |   1.298242 |
 |  39 |   -15.5265495888 |   0.000105 |   1.298252 |
 |  40 |   -15.5265516428 |   0.000089 |   1.298260 |
 |  41 |   -15.5265533713 |   0.000075 |   1.298267 |
 |  42 |   -15.5265548267 |   0.000063 |   1.298273 |
 |  43 |   -15.5265560528 |   0.000053 |   1.298278 |
 |  44 |   -15.5265570862 |   0.000045 |   1.298282 |
 |  45 |   -15.5265579575 |   0.000038 |   1.298285 |
 |  46 |   -15.5265586923 |   0.000032 |   1.298288 |
 |  47 |   -15.5265593122 |   0.000027 |   1.298291 |
 |  48 |   -15.5265598352 |   0.000023 |   1.298293 |
 |  49 |   -15.5265602766 |   0.000019 |   1.298295 |
 |  50 |   -15.5265606492 |   0.000016 |   1.298296 |
 |  51 |   -15.5265609638 |   0.000014 |   1.298298 |
 |  52 |   -15.5265612294 |   0.000012 |   1.298299 |
 |  53 |   -15.5265614536 |   0.000010 |   1.298300 |
 |  54 |   -15.5265616429 |   0.000008 |   1.298300 |
 |  55 |   -15.5265618029 |   0.000007 |   1.298301 |
 |  56 |   -15.5265619379 |   0.000006 |   1.298302 |
 |  57 |   -15.5265620520 |   0.000005 |   1.298302 |
 |  58 |   -15.5265621483 |   0.000004 |   1.298302 |
 |  59 |   -15.5265622297 |   0.000004 |   1.298303 |
 |  60 |   -15.5265622984 |   0.000003 |   1.298303 |
 |  61 |   -15.5265623565 |   0.000003 |   1.298303 |
 |  62 |   -15.5265624055 |   0.000002 |   1.298304 |
 |  63 |   -15.5265624469 |   0.000002 |   1.298304 |
 |  64 |   -15.5265624819 |   0.000002 |   1.298304 |
 |  65 |   -15.5265625115 |   0.000001 |   1.298304 |
 |  66 |   -15.5265625365 |   0.000001 |   1.298304 |
 |  67 |   -15.5265625576 |   0.000001 |   1.298304 |
 |  68 |   -15.5265625754 |   0.000001 |   1.298304 |
 |  69 |   -15.5265625905 |   0.000001 |   1.298304 |
 |  70 |   -15.5265626032 |   0.000001 |   1.298304 |
 |  71 |   -15.5265626139 |   0.000000 |   1.298304 |
 |  72 |   -15.5265626230 |   0.000000 |   1.298304 |
 |  73 |   -15.5265626307 |   0.000000 |   1.298304 |
 |  74 |   -15.5265626372 |   0.000000 |   1.298304 |
 |  75 |   -15.5265626426 |   0.000000 |   1.298305 |
 |  76 |   -15.5265626473 |   0.000000 |   1.298305 |
 |  77 |   -15.5265626512 |   0.000000 |   1.298305 |
 |  78 |   -15.5265626545 |   0.000000 |   1.298305 |
 |  79 |   -15.5265626572 |   0.000000 |   1.298305 |
 |  80 |   -15.5265626596 |   0.000000 |   1.298305 |
 |  81 |   -15.5265626188 |   0.000000 |   0.298305 |
 ----------------------------------------------------

         -----------------------------------------
           Summary              
         -----------------------------------------
           One-electron energy:    -23.4767219663 au
           Kinetic      energy:     14.9759202220 au
           Potential    energy:    -38.4526421882 au
         -----------------------------------------
           Two-electron energy:      6.1509568312 au
           Hartree      energy:      9.2547635154 au
           Exchange     energy:     -3.1038066842 au
         -----------------------------------------
           Electronic   energy:    -17.3257651351 au
           Nuclear   repulsion:      1.7992025163 au
           RHF          energy:    -15.5265626188 au
         -----------------------------------------
           HF HOMO      energy:         -9.027944 eV
           HF LUMO      energy:         -0.910663 eV
           HF HOMO-LUMO gap   :          8.117281 eV
         -----------------------------------------
          Dipole moment (Debye)    
                   X         Y         Z      Tot.
            0.000000  0.000000  0.000000  0.000000
         -----------------------------------------

           ---------------------------------------
                 MO coefficients
           ---------------------------------------
                 1              2              3              4              5
      1     1.00049596     0.00629648     0.00000000    -0.00309548     0.00000000
      2     0.00488432    -0.67114257     0.00000000     0.74538088     0.00000000
      3    -0.00119735     0.03128104     0.00000000     0.14543811     0.00000000
      4     0.00000000     0.00000000     0.00000000     0.00000000    -0.58075486
      5     0.00000000     0.00000000     0.00000000     0.00000000    -0.11896781
      6     0.00000000     0.00000000     0.37377094     0.00000000     0.00000000
      7     0.00000000     0.00000000     0.00000000     0.00000000    -0.43441299
      8     0.00000000     0.00000000     0.00000000     0.00000000    -0.08898963
      9     0.00000000     0.00000000     0.04860148     0.00000000     0.00000000
     10    -0.00180595     0.01341705     0.00000000     0.01690967     0.00000000
     11     0.00000000     0.00000000     0.00000000     0.00000000     0.00000000
     12     0.00000000     0.00000000     0.00000000     0.00000000     0.00000000
     13    -0.00180595     0.01341705     0.00000000     0.01690967     0.00000000
     14     0.00000000     0.00000000     0.00000000     0.00000000     0.00000000
     15    -0.00172808    -0.04256704     0.00000000    -0.04035218     0.00000000
     16     0.00016013    -0.35021981     0.45474188    -0.37348169     0.00000000
     17     0.00022899    -0.05396609     0.05707959    -0.28531000     0.00000000
     18     0.00000000     0.00000000     0.00000000     0.00000000    -0.00657362
     19     0.00000000     0.00000000     0.00000000     0.00000000    -0.00134661
     20     0.00001916     0.00935970    -0.00761635    -0.00609249     0.00000000
     21     0.00016013    -0.35021981    -0.45474188    -0.37348169     0.00000000
     22     0.00022899    -0.05396609    -0.05707959    -0.28531000     0.00000000
     23     0.00000000     0.00000000     0.00000000     0.00000000    -0.00657362
     24     0.00000000     0.00000000     0.00000000     0.00000000    -0.00134661
     25    -0.00001916    -0.00935970    -0.00761635     0.00609249     0.00000000
                 6              7              8              9             10
      1     0.00000000     0.00000000    -0.60063783     0.00000000     0.00000000
      2     0.00000000     0.00000000    -2.94406587     0.00000000     0.00000000
      3     0.00000000     0.00000000     3.78988842     0.00000000     0.00000000
      4    -0.11896781     0.00000000     0.00000000     1.84546695     0.07718177
      5     0.58075486     0.00000000     0.00000000    -0.07718177     1.84546695
      6     0.00000000     0.89271712     0.00000000     0.00000000     0.00000000
      7    -0.08898963     0.00000000     0.00000000    -1.88587905    -0.07887190
      8     0.43441299     0.00000000     0.00000000     0.07887190    -1.88587905
      9     0.00000000     0.44510886     0.00000000     0.00000000     0.00000000
     10     0.00000000     0.00000000    -0.18539447     0.00000000     0.00000000
     11     0.00000000     0.00000000     0.00000000     0.00000000     0.00000000
     12     0.00000000     0.00000000     0.00000000     0.00000000     0.00000000
     13     0.00000000     0.00000000    -0.18539447     0.00000000     0.00000000
     14     0.00000000     0.00000000     0.00000000     0.00000000     0.00000000
     15     0.00000000     0.00000000    -0.29069122     0.00000000     0.00000000
     16     0.00000000    -0.26672776    -0.05590414     0.00000000     0.00000000
     17     0.00000000    -0.54959977    -0.23735262     0.00000000     0.00000000
     18    -0.00134661     0.00000000     0.00000000    -0.00395905    -0.00016558
     19     0.00657362     0.00000000     0.00000000     0.00016558    -0.00395905
     20     0.00000000    -0.01746814     0.02013336     0.00000000     0.00000000
     21     0.00000000     0.26672776    -0.05590414     0.00000000     0.00000000
     22     0.00000000     0.54959977    -0.23735262     0.00000000     0.00000000
     23    -0.00134661     0.00000000     0.00000000    -0.00395905    -0.00016558
     24     0.00657362     0.00000000     0.00000000     0.00016558    -0.00395905
     25     0.00000000    -0.01746814    -0.02013336     0.00000000     0.00000000
                11             12             13             14             15
      1     0.00000000     0.00000000     0.00000000     0.00000000     0.00000000
      2     0.00000000     0.00000000     0.00000000     0.00000000     0.00000000
      3     0.00000000     0.00000000     0.00000000     0.00000000     0.00000000
      4     0.00000000     0.00000000     0.00000000     0.00000000     0.00000000
      5     0.00000000     0.00000000     0.00000000     0.00000000     0.00000000
      6     1.76327791     0.00000000     0.00000000     0.00000000     0.00000000
      7     0.00000000     0.00000000     0.00000000     0.00000000     0.00000000
      8     0.00000000     0.00000000     0.00000000     0.00000000     0.00000000
      9    -2.64605528     0.00000000     0.00000000     0.00000000     0.00000000
     10     0.00000000     0.86602540     0.00000778     0.00000000     0.00000000
     11     0.00000000     0.00000898    -1.00000000     0.00000000     0.00000000
     12     0.00000000     0.00000000     0.00000000     0.89981998     0.42053406
     13     0.00000000    -0.86602540    -0.00000778     0.00000000     0.00000000
     14     0.00000000     0.00000000     0.00000000     0.42053406    -0.89981998
     15     0.00000000     0.00000000     0.00000000     0.00000000     0.00000000
     16     0.09354998     0.00000000     0.00000000     0.00000000     0.00000000
     17     0.59369907     0.00000000     0.00000000     0.00000000     0.00000000
     18     0.00000000     0.00000000     0.00000000     0.04425506     0.02068276
     19     0.00000000     0.00000000     0.00000000     0.02068276    -0.04425506
     20    -0.02184968     0.00000000     0.00000000     0.00000000     0.00000000
     21    -0.09354998     0.00000000     0.00000000     0.00000000     0.00000000
     22    -0.59369907     0.00000000     0.00000000     0.00000000     0.00000000
     23     0.00000000     0.00000000     0.00000000    -0.04425506    -0.02068276
     24     0.00000000     0.00000000     0.00000000    -0.02068276     0.04425506
     25    -0.02184968     0.00000000     0.00000000     0.00000000     0.00000000
                16             17             18             19             20
      1     0.18208130     0.07741472     0.00000000    -0.42903413     0.00000000
      2     0.91656012     0.51127480     0.00000000    -4.09974415     0.00000000
      3    -1.17984127    -0.53221548     0.00000000     1.02747958     0.00000000
      4     0.00000000     0.00000000     0.00000000     0.00000000     0.06866363
      5     0.00000000     0.00000000     0.00000000     0.00000000    -0.01868412
      6     0.00000000     0.00000000    -0.11901203     0.00000000     0.00000000
      7     0.00000000     0.00000000     0.00000000     0.00000000    -0.15076196
      8     0.00000000     0.00000000     0.00000000     0.00000000     0.04102397
      9     0.00000000     0.00000000     0.89291963     0.00000000     0.00000000
     10     0.44692901    -0.26789458     0.00000000     1.48995225     0.00000000
     11     0.00000000     0.00000000     0.00000000     0.00000000     0.00000000
     12     0.00000000     0.00000000     0.00000000     0.00000000     0.00000000
     13     0.44692901    -0.26789458     0.00000000     1.48995225     0.00000000
     14     0.00000000     0.00000000     0.00000000     0.00000000     0.00000000
     15    -1.03857548     0.10187645     0.00000000     1.25974297     0.00000000
     16    -0.44904684    -1.54816665     1.66177497    -0.24281505     0.00000000
     17     0.86992484     1.64976140    -2.16602568     0.37694507     0.00000000
     18     0.00000000     0.00000000     0.00000000     0.00000000     0.68509056
     19     0.00000000     0.00000000     0.00000000     0.00000000    -0.18642058
     20     0.11244401    -0.00625507    -0.05261807    -0.09799768     0.00000000
     21    -0.44904684    -1.54816665    -1.66177497    -0.24281505     0.00000000
     22     0.86992484     1.64976140     2.16602568     0.37694507     0.00000000
     23     0.00000000     0.00000000     0.00000000     0.00000000     0.68509056
     24     0.00000000     0.00000000     0.00000000     0.00000000    -0.18642058
     25    -0.11244401     0.00625507    -0.05261807     0.09799768     0.00000000
                21             22             23             24             25
      1     0.00000000     0.00000000     0.00000000     0.00000000    -0.18049948
      2     0.00000000     0.00000000     0.00000000     0.00000000    -1.19984216
      3     0.00000000     0.00000000     0.00000000     0.00000000     0.79191857
      4     0.01868412     0.00000000     0.00000000     0.00000000     0.00000000
      5     0.06866363     0.00000000     0.00000000     0.00000000     0.00000000
      6     0.00000000     0.00000000     0.00000000    -0.11720728     0.00000000
      7    -0.04102397     0.00000000     0.00000000     0.00000000     0.00000000
      8    -0.15076196     0.00000000     0.00000000     0.00000000     0.00000000
      9     0.00000000     0.00000000     0.00000000    -0.38300850     0.00000000
     10     0.00000000     0.00000000     0.00000000     0.00000000     0.10841739
     11     0.00000000     0.00000000     0.00000000     0.00000000     0.00000000
     12     0.00000000     0.12209176    -0.05105164     0.00000000     0.00000000
     13     0.00000000     0.00000000     0.00000000     0.00000000     0.10841739
     14     0.00000000    -0.05105164    -0.12209176     0.00000000     0.00000000
     15     0.00000000     0.00000000     0.00000000     0.00000000     0.77161095
     16     0.00000000     0.00000000     0.00000000    -0.26343133     0.12126538
     17     0.00000000     0.00000000     0.00000000     0.52474175    -0.31366605
     18     0.18642058    -0.65213204     0.27268351     0.00000000     0.00000000
     19     0.68509056     0.27268351     0.65213204     0.00000000     0.00000000
     20     0.00000000     0.00000000     0.00000000    -0.72429167     0.72699206
     21     0.00000000     0.00000000     0.00000000     0.26343133     0.12126538
     22     0.00000000     0.00000000     0.00000000    -0.52474175    -0.31366605
     23     0.18642058     0.65213204    -0.27268351     0.00000000     0.00000000
     24     0.68509056    -0.27268351    -0.65213204     0.00000000     0.00000000
     25     0.00000000     0.00000000     0.00000000    -0.72429167    -0.72699206

           ---------------------------------------
                     MO energies
           ---------------------------------------
                 1
      1    -4.86482563
      2    -0.39080769
      3    -0.33177083
      4    -0.03346624
      5     0.02945636
      6     0.02945636
      7     0.14120533
      8     0.27403956
      9     0.29503116
     10     0.29503116
     11     0.33848996
     12     0.58326686
     13     0.58326686
     14     0.59003318
     15     0.59003318
     16     0.64264994
     17     0.73277063
     18     0.77568616
     19     1.11198256
     20     1.54607367
     21     1.54607367
     22     1.54803567
     23     1.54803567
     24     1.62253928
     25     1.76894165

                                        Total CPU time for RHF =      0.657 seconds


 AO to MO transformation... Please be patient

                    Total CPU time for AO to MO transformation =      0.674 seconds


 ************************************************
 |          One-shot G0W0 calculation           |
 ************************************************


 -------------------------------------------------------------
   RPA@HF       calculation: singlet        manifold
 -------------------------------------------------------------
 | State |  Excitation energy (au) |  Excitation energy (eV) |
 -------------------------------------------------------------
 |     1 |                0.371985 |               10.122239 |
 |     2 |                0.371985 |               10.122239 |
 |     3 |                0.396743 |               10.795926 |
 |     4 |                0.410805 |               11.178574 |
 |     5 |                0.471489 |               12.829881 |
 |     6 |                0.471489 |               12.829881 |
 |     7 |                0.591406 |               16.092985 |
 |     8 |                0.599215 |               16.305482 |
 |     9 |                0.618783 |               16.837954 |
 |    10 |                0.632220 |               17.203579 |
 |    11 |                0.632220 |               17.203579 |
 |    12 |                0.671530 |               18.273269 |
 |    13 |                0.716003 |               19.483440 |
 |    14 |                0.716003 |               19.483440 |
 |    15 |                0.738527 |               20.096339 |
 |    16 |                0.756074 |               20.573812 |
 |    17 |                0.919407 |               25.018341 |
 |    18 |                0.919407 |               25.018341 |
 |    19 |                0.961506 |               26.163910 |
 |    20 |                0.961506 |               26.163910 |
 -------------------------------------------------------------

  *** Quasiparticle energies obtained by linearization *** 

 -------------------------------------------------------------------------------
   One-shot G0W0 calculation
 -------------------------------------------------------------------------------
 |   # |       e_HF (eV) |      Sig_c (eV) |               Z |       e_QP (eV) |
 -------------------------------------------------------------------------------
 |   1 |     -132.378648 |        4.518243 |        0.845073 |     -128.560402 |
 |   2 |      -10.634419 |       -0.088420 |        0.906634 |      -10.714584 |
 |   3 |       -9.027944 |       -0.297635 |        0.922760 |       -9.302590 |
 |   4 |       -0.910663 |       -0.522477 |        0.932845 |       -1.398053 |
 |   5 |        0.801548 |       -0.795352 |        0.954412 |        0.042454 |
 |   6 |        0.801548 |       -0.795352 |        0.954412 |        0.042454 |
 |   7 |        3.842393 |       -1.164594 |        0.892462 |        2.803036 |
 |   8 |        7.456996 |       -0.766547 |        0.943511 |        6.733751 |
 |   9 |        8.028207 |       -1.397837 |        0.896556 |        6.774969 |
 |  10 |        8.028207 |       -1.397837 |        0.896556 |        6.774969 |
 |  11 |        9.210781 |       -0.931158 |        0.888637 |        8.383320 |
 |  12 |       15.871500 |       -0.393828 |        0.655384 |       15.613391 |
 |  13 |       15.871500 |       -0.393828 |        0.655384 |       15.613391 |
 |  14 |       16.055621 |       -2.853808 |        0.245681 |       15.354493 |
 |  15 |       16.055621 |       -2.853808 |        0.245681 |       15.354493 |
 |  16 |       17.487396 |       -0.508133 |        0.324575 |       17.322468 |
 |  17 |       19.939705 |       -5.264293 |        0.023771 |       19.814566 |
 |  18 |       21.107495 |       -2.630106 |        0.741646 |       19.156888 |
 |  19 |       30.258587 |        0.105989 |        0.337113 |       30.294317 |
 |  20 |       42.070808 |       -3.518508 |        0.328813 |       40.913876 |
 |  21 |       42.070808 |       -3.518508 |        0.328813 |       40.913876 |
 |  22 |       42.124196 |       -3.470904 |        0.686412 |       39.741725 |
 |  23 |       42.124196 |       -3.470904 |        0.686412 |       39.741725 |
 |  24 |       44.151543 |       -2.449867 |        0.715585 |       42.398454 |
 |  25 |       48.135354 |       -3.988752 |        0.159579 |       47.498832 |
 -------------------------------------------------------------------------------
          G0W0 HOMO      energy:      -9.302590 eV
          G0W0 LUMO      energy:      -1.398053 eV
          G0W0 HOMO-LUMO gap   :       7.904537 eV
 -------------------------------------------------------------------------------
    RPA@G0W0 total energy      :     -15.624080 au
    RPA@G0W0 correlation energy:      -0.097518 au
    GM@G0W0  total energy      :     -15.694091 au
    GM@G0W0  correlation energy:      -0.167528 au
 -------------------------------------------------------------------------------


 -------------------------------------------------------------
   BSE@GW       calculation: singlet        manifold
 -------------------------------------------------------------
 | State |  Excitation energy (au) |  Excitation energy (eV) |
 -------------------------------------------------------------
 |     1 |                0.138809 |                3.777175 |
 |     2 |                0.138809 |                3.777175 |
 |     3 |                0.141376 |                3.847027 |
 |     4 |                0.175508 |                4.775824 |
 |     5 |                0.221861 |                6.037151 |
 |     6 |                0.221861 |                6.037151 |
 |     7 |                0.277543 |                7.552321 |
 |     8 |                0.305813 |                8.321605 |
 |     9 |                0.384110 |               10.452175 |
 |    10 |                0.384110 |               10.452175 |
 |    11 |                0.398611 |               10.846768 |
 |    12 |                0.436582 |               11.879993 |
 |    13 |                0.436582 |               11.879993 |
 |    14 |                0.458392 |               12.473473 |
 |    15 |                0.472522 |               12.857985 |
 |    16 |                0.505447 |               13.753920 |
 |    17 |                0.690404 |               18.786838 |
 |    18 |                0.690404 |               18.786838 |
 |    19 |                0.692470 |               18.843059 |
 |    20 |                0.692470 |               18.843059 |
 -------------------------------------------------------------

 ---------------------------------------------------------------
                 Transition dipole moment (au)                  
 ---------------------------------------------------------------
  #           X           Y           Z   dip. str.   osc. str.
 ---------------------------------------------------------------
  1   -0.000000   -0.000000    0.000000    0.000000    0.000000
  2   -0.000000    0.000000   -0.000000    0.000000    0.000000
  3    0.000000   -0.000000    2.585097    6.682727    0.629850
  4   -0.000000    0.000000   -0.000000    0.000000    0.000000
  5   -1.554811   -0.150540    0.000000    2.440098    0.360909
  6   -0.150540    1.554811    0.000000    2.440098    0.360909
  7    0.000000    0.000000    0.000000    0.000000    0.000000
  8    0.000000   -0.000000    0.696417    0.484997    0.098879
  9   -0.000000   -0.000000   -0.000000    0.000000    0.000000
 10    0.000000   -0.000000    0.000000    0.000000    0.000000
 ---------------------------------------------------------------

 -------------------------------------------------------------
 Excitation n.   1:   3.777175 eV  f = 0.0000  <S**2> = 0.0000
 -------------------------------------------------------------
  3 ->   5 =   0.092285
  3 ->   6 =  -0.694639
  3 ->  10 =  -0.094558

 -------------------------------------------------------------
 Excitation n.   2:   3.777175 eV  f = 0.0000  <S**2> = 0.0000
 -------------------------------------------------------------
  3 ->   5 =  -0.694639
  3 ->   6 =  -0.092285
  3 ->   9 =   0.094558

 -------------------------------------------------------------
 Excitation n.   3:   3.847027 eV  f = 0.6298  <S**2> = 0.0000
 -------------------------------------------------------------
  3 ->   4 =  -0.752021
  3 <-   4 =   0.251397

 -------------------------------------------------------------
 Excitation n.   4:   4.775824 eV  f = 0.0000  <S**2> = 0.0000
 -------------------------------------------------------------
  2 ->   4 =  -0.706508
  3 ->   7 =  -0.162225
  2 <-   4 =   0.126360
  3 <-   7 =  -0.097739

 -------------------------------------------------------------
 Excitation n.   5:   6.037151 eV  f = 0.3609  <S**2> = 0.0000
 -------------------------------------------------------------
  2 ->   5 =  -0.704043
  2 ->   6 =  -0.074578

 -------------------------------------------------------------
 Excitation n.   6:   6.037151 eV  f = 0.3609  <S**2> = 0.0000
 -------------------------------------------------------------
  2 ->   5 =   0.074578
  2 ->   6 =  -0.704043

 -------------------------------------------------------------
 Excitation n.   7:   7.552321 eV  f = 0.0000  <S**2> = 0.0000
 -------------------------------------------------------------
  2 ->   4 =   0.209775
  3 ->   7 =  -0.701381
  2 <-   4 =  -0.161211
  3 <-   7 =   0.114503

 -------------------------------------------------------------
 Excitation n.   8:   8.321605 eV  f = 0.0989  <S**2> = 0.0000
 -------------------------------------------------------------
  2 ->   7 =   0.710444

 -------------------------------------------------------------
 Excitation n.   9:  10.452175 eV  f = 0.0000  <S**2> = 0.0000
 -------------------------------------------------------------
  3 ->   5 =   0.095105
  3 ->   9 =   0.692587
  3 ->  10 =   0.104534

 -------------------------------------------------------------
 Excitation n.  10:  10.452175 eV  f = 0.0000  <S**2> = 0.0000
 -------------------------------------------------------------
  3 ->   6 =   0.095105
  3 ->   9 =   0.104534
  3 ->  10 =  -0.692587

Thomas-Reiche-Kuhn sum rule =   1.450546


 *** dynamical TDA activated ***

 ---------------------------------------------------------------------------------------------------
  First-order dynamical correction to static Bethe-Salpeter excitation energies                     
 ---------------------------------------------------------------------------------------------------
  BSE neutral excitation must be lower than the GW gap =   7.904537 eV
 ---------------------------------------------------------------------------------------------------
      #          Static (eV)         Dynamic (eV)      Correction (eV)         Renorm. (eV)
 ---------------------------------------------------------------------------------------------------
      1            3.777175            3.824349            0.047174            0.994412
      2            3.777175            3.824349            0.047174            0.994412
      3            3.847027            3.798603           -0.048424            1.012106
      4            4.775824            4.831108            0.055284            0.996564
      5            6.037151            5.953310           -0.083841            1.013153
      6            6.037151            5.953310           -0.083841            1.013153
      7            7.552321            7.431191           -0.121130            1.036296
      8            8.321605            8.215985           -0.105620            1.017204
      9           10.452175           10.496117            0.043943            0.995455
     10           10.452175           10.496117            0.043943            0.995455
 ---------------------------------------------------------------------------------------------------

 You may have instabilities in linear response: negative excitations!!

 -------------------------------------------------------------
   BSE@GW       calculation: triplet        manifold
 -------------------------------------------------------------
 | State |  Excitation energy (au) |  Excitation energy (eV) |
 -------------------------------------------------------------
 |     1 |                     NaN |                     NaN |
 |     2 |                0.044429 |                1.208983 |
 |     3 |                0.124207 |                3.379850 |
 |     4 |                0.124207 |                3.379850 |
 |     5 |                0.153589 |                4.179366 |
 |     6 |                0.153589 |                4.179366 |
 |     7 |                0.208832 |                5.682621 |
 |     8 |                0.243049 |                6.613707 |
 |     9 |                0.378159 |               10.290243 |
 |    10 |                0.378159 |               10.290243 |
 |    11 |                0.378923 |               10.311019 |
 |    12 |                0.397982 |               10.829640 |
 |    13 |                0.412356 |               11.220782 |
 |    14 |                0.412356 |               11.220782 |
 |    15 |                0.467401 |               12.718642 |
 |    16 |                0.489989 |               13.333282 |
 |    17 |                0.659383 |               17.942716 |
 |    18 |                0.659383 |               17.942716 |
 |    19 |                0.686024 |               18.667660 |
 |    20 |                0.686024 |               18.667660 |
 -------------------------------------------------------------

 -------------------------------------------------------------
 Excitation n.   1:        NaN eV  f = 0.0000  <S**2> = 2.0000
 -------------------------------------------------------------

 -------------------------------------------------------------
 Excitation n.   2:   1.208983 eV  f = 0.0000  <S**2> = 2.0000
 -------------------------------------------------------------
  2 ->   4 =  -0.699168
  3 ->   7 =   0.322688
  2 <-   4 =  -0.276141
  3 <-   7 =   0.149203

 -------------------------------------------------------------
 Excitation n.   3:   3.379850 eV  f = 0.0000  <S**2> = 2.0000
 -------------------------------------------------------------
  3 ->   5 =  -0.251438
  3 ->   6 =  -0.652694
  3 ->  10 =  -0.078374

 -------------------------------------------------------------
 Excitation n.   4:   3.379850 eV  f = 0.0000  <S**2> = 2.0000
 -------------------------------------------------------------
  3 ->   5 =  -0.652694
  3 ->   6 =   0.251438
  3 ->   9 =   0.078374

 -------------------------------------------------------------
 Excitation n.   5:   4.179366 eV  f = 0.0000  <S**2> = 2.0000
 -------------------------------------------------------------
  2 ->   5 =  -0.382463
  2 ->   6 =  -0.581709
  2 ->   9 =   0.093712
  2 ->  10 =  -0.086487

 -------------------------------------------------------------
 Excitation n.   6:   4.179366 eV  f = 0.0000  <S**2> = 2.0000
 -------------------------------------------------------------
  2 ->   5 =  -0.581709
  2 ->   6 =   0.382463
  2 ->   9 =   0.086487
  2 ->  10 =   0.093712

 -------------------------------------------------------------
 Excitation n.   7:   5.682621 eV  f = 0.0000  <S**2> = 2.0000
 -------------------------------------------------------------
  2 ->   4 =   0.290594
  3 ->   7 =   0.639372

 -------------------------------------------------------------
 Excitation n.   8:   6.613707 eV  f = 0.0000  <S**2> = 2.0000
 -------------------------------------------------------------
  2 ->   7 =   0.669583
  2 ->  11 =   0.103867
  3 ->   4 =   0.194631

 -------------------------------------------------------------
 Excitation n.   9:  10.290243 eV  f = 0.0000  <S**2> = 2.0000
 -------------------------------------------------------------
  3 ->   6 =   0.096031
  3 ->  10 =  -0.697867

 -------------------------------------------------------------
 Excitation n.  10:  10.290243 eV  f = 0.0000  <S**2> = 2.0000
 -------------------------------------------------------------
  3 ->   5 =  -0.096031
  3 ->   9 =  -0.697867

Thomas-Reiche-Kuhn sum rule =   0.000000


 *** dynamical TDA activated ***

 ---------------------------------------------------------------------------------------------------
  First-order dynamical correction to static Bethe-Salpeter excitation energies                     
 ---------------------------------------------------------------------------------------------------
  BSE neutral excitation must be lower than the GW gap =   7.904537 eV
 ---------------------------------------------------------------------------------------------------
      #          Static (eV)         Dynamic (eV)      Correction (eV)         Renorm. (eV)
 ---------------------------------------------------------------------------------------------------
      1                 NaN                 NaN                 NaN                 NaN
      2            1.208983            0.694146           -0.514837            1.033501
      3            3.379850            3.417631            0.037780            0.995130
      4            3.379850            3.417631            0.037780            0.995130
      5            4.179366            4.037246           -0.142120            1.013367
      6            4.179366            4.037246           -0.142120            1.013367
      7            5.682621            5.756163            0.073542            0.982045
      8            6.613707            6.543052           -0.070654            0.996209
      9           10.290243           10.333118            0.042875            0.995597
     10           10.290243           10.333118            0.042875            0.995597
 ---------------------------------------------------------------------------------------------------


 -------------------------------------------------------------------------------
          Tr@BSE@G0W0 correlation energy (singlet) =       -0.0973340151
          Tr@BSE@G0W0 correlation energy (triplet) =                 NaN
          Tr@BSE@G0W0 correlation energy           =                 NaN
          Tr@BSE@G0W0 total energy                 =                 NaN
 -------------------------------------------------------------------------------

                                       Total CPU time for G0W0 =      0.059 seconds


 ************************************************
 |          One-shot G0T0 calculation           |
 ************************************************


 -------------------------------------------------------------
   pp-RPA (N+2) calculation: alpha-beta     manifold
 -------------------------------------------------------------
 | State |  Excitation energy (au) |  Excitation energy (eV) |
 -------------------------------------------------------------
 |     1 |                0.163404 |                4.446440 |
 |     2 |                0.189422 |                5.154433 |
 |     3 |                0.189422 |                5.154433 |
 |     4 |                0.233619 |                6.357090 |
 |     5 |                0.233619 |                6.357090 |
 |     6 |                0.272079 |                7.403659 |
 |     7 |                0.291164 |                7.922965 |
 |     8 |                0.293288 |                7.980779 |
 |     9 |                0.293288 |                7.980779 |
 |    10 |                0.317065 |                8.627778 |
 |    11 |                0.381596 |               10.383752 |
 |    12 |                0.381596 |               10.383752 |
 |    13 |                0.395393 |               10.759198 |
 |    14 |                0.395393 |               10.759198 |
 |    15 |                0.401439 |               10.923705 |
 |    16 |                0.424160 |               11.541995 |
 |    17 |                0.454736 |               12.373994 |
 |    18 |                0.479057 |               13.035810 |
 |    19 |                0.479057 |               13.035810 |
 |    20 |                0.487863 |               13.275423 |
 -------------------------------------------------------------


 -------------------------------------------------------------
   pp-RPA (N-2) calculation: alpha-beta     manifold
 -------------------------------------------------------------
 | State |  Excitation energy (au) |  Excitation energy (eV) |
 -------------------------------------------------------------
 |     1 |              -12.006078 |             -326.702029 |
 |     2 |               -5.617432 |             -152.858111 |
 |     3 |               -5.598191 |             -152.334528 |
 |     4 |               -5.463937 |             -148.681289 |
 |     5 |               -5.461058 |             -148.602961 |
 |     6 |               -1.118538 |              -30.436973 |
 |     7 |               -1.098332 |              -29.887146 |
 |     8 |               -0.876643 |              -23.854658 |
 |     9 |               -0.875822 |              -23.832342 |
 -------------------------------------------------------------


 -------------------------------------------------------------
   pp-RPA (N+2) calculation: alpha-alpha    manifold
 -------------------------------------------------------------
 | State |  Excitation energy (au) |  Excitation energy (eV) |
 -------------------------------------------------------------
 |     1 |                0.189422 |                5.154433 |
 |     2 |                0.189422 |                5.154433 |
 |     3 |                0.272079 |                7.403659 |
 |     4 |                0.291164 |                7.922965 |
 |     5 |                0.381596 |               10.383752 |
 |     6 |                0.381596 |               10.383752 |
 |     7 |                0.424160 |               11.541995 |
 |     8 |                0.487863 |               13.275423 |
 |     9 |                0.487863 |               13.275423 |
 |    10 |                0.505099 |               13.744431 |
 |    11 |                0.505099 |               13.744431 |
 |    12 |                0.523719 |               14.251117 |
 |    13 |                0.542206 |               14.754173 |
 |    14 |                0.542206 |               14.754173 |
 |    15 |                0.560370 |               15.248450 |
 |    16 |                0.582096 |               15.839638 |
 |    17 |                0.585900 |               15.943162 |
 |    18 |                0.585900 |               15.943162 |
 |    19 |                0.618496 |               16.830137 |
 |    20 |                0.677330 |               18.431085 |
 -------------------------------------------------------------


 -------------------------------------------------------------
   pp-RPA (N-2) calculation: alpha-alpha    manifold
 -------------------------------------------------------------
 | State |  Excitation energy (au) |  Excitation energy (eV) |
 -------------------------------------------------------------
 |     1 |               -5.598191 |             -152.334528 |
 |     2 |               -5.461058 |             -148.602961 |
 |     3 |               -0.876643 |              -23.854658 |
 -------------------------------------------------------------

 -------------------------------------------------------------------------------
   One-shot G0T0 calculation (T-matrix self-energy)  
 -------------------------------------------------------------------------------
 |   # |       e_HF (eV) |    Sigma_T (eV) |               Z |       e_QP (eV) |
 -------------------------------------------------------------------------------
 |   1 |     -132.378648 |        3.925584 |        0.864551 |     -128.984782 |
 |   2 |      -10.634419 |        0.121250 |        0.962195 |      -10.517753 |
 |   3 |       -9.027944 |        0.063070 |        0.966082 |       -8.967013 |
 |   4 |       -0.910663 |       -0.490009 |        0.970037 |       -1.385990 |
 |   5 |        0.801548 |       -0.634492 |        0.974541 |        0.183209 |
 |   6 |        0.801548 |       -0.634492 |        0.974541 |        0.183209 |
 |   7 |        3.842393 |       -0.762543 |        0.956064 |        3.113352 |
 |   8 |        7.456996 |       -0.515821 |        0.974068 |        6.954551 |
 |   9 |        8.028207 |       -0.981014 |        0.953887 |        7.092430 |
 |  10 |        8.028207 |       -0.981014 |        0.953887 |        7.092430 |
 |  11 |        9.210781 |       -0.595800 |        0.968520 |        8.633737 |
 |  12 |       15.871500 |       -1.168494 |        0.878816 |       14.844608 |
 |  13 |       15.871500 |       -1.168494 |        0.878816 |       14.844608 |
 |  14 |       16.055621 |       -0.680065 |        0.839193 |       15.484915 |
 |  15 |       16.055621 |       -0.680065 |        0.839193 |       15.484915 |
 |  16 |       17.487396 |       -0.873035 |        0.646086 |       16.923340 |
 |  17 |       19.939705 |      -58.581040 |        0.000209 |       19.927457 |
 |  18 |       21.107495 |       -1.935766 |        0.688712 |       19.774310 |
 |  19 |       30.258587 |       -1.342479 |        0.634759 |       29.406436 |
 |  20 |       42.070808 |       -2.514195 |        0.836283 |       39.968229 |
 |  21 |       42.070808 |       -2.514195 |        0.836283 |       39.968229 |
 |  22 |       42.124196 |       -2.593308 |        0.068460 |       41.946658 |
 |  23 |       42.124196 |       -2.593308 |        0.068460 |       41.946658 |
 |  24 |       44.151543 |       -2.338850 |        0.432617 |       43.139716 |
 |  25 |       48.135354 |       -1.591850 |        0.380018 |       47.530422 |
 -------------------------------------------------------------------------------
             G0T0 HOMO      energy (eV)            =      -8.967013 eV
             G0T0 LUMO      energy (eV)            =      -1.385990 eV
             G0T0 HOMO-LUMO gap    (eV)            =       7.581024 eV
 -------------------------------------------------------------------------------
        Tr@ppRPA@G0T0 correlation energy (singlet) =       -0.0359197843 au
        Tr@ppRPA@G0T0 correlation energy (triplet) =       -0.0021862596 au
        Tr@ppRPA@G0T0 correlation energy           =       -0.0381060438 au
        Tr@ppRPA@G0T0 total energy                 =      -15.5646686626 au
              GM@G0T0 correlation energy           =       -0.0584792830 au
              GM@G0T0 total energy                 =      -15.5850419018 au
 -------------------------------------------------------------------------------


 -------------------------------------------------------------
   BSE@GT       calculation: singlet        manifold
 -------------------------------------------------------------
 | State |  Excitation energy (au) |  Excitation energy (eV) |
 -------------------------------------------------------------
 |     1 |                0.141922 |                3.861891 |
 |     2 |                0.141922 |                3.861891 |
 |     3 |                0.166476 |                4.530052 |
 |     4 |                0.183604 |                4.996121 |
 |     5 |                0.203149 |                5.527966 |
 |     6 |                0.203149 |                5.527966 |
 |     7 |                0.267564 |                7.280778 |
 |     8 |                0.301580 |                8.206406 |
 |     9 |                0.390826 |               10.634923 |
 |    10 |                0.390826 |               10.634923 |
 |    11 |                0.391651 |               10.657369 |
 |    12 |                0.424804 |               11.559514 |
 |    13 |                0.424804 |               11.559514 |
 |    14 |                0.434240 |               11.816275 |
 |    15 |                0.478565 |               13.022424 |
 |    16 |                0.501172 |               13.637583 |
 |    17 |                0.659346 |               17.941720 |
 |    18 |                0.659346 |               17.941720 |
 |    19 |                0.688839 |               18.744253 |
 |    20 |                0.688839 |               18.744253 |
 -------------------------------------------------------------

 ---------------------------------------------------------------
                 Transition dipole moment (au)                  
 ---------------------------------------------------------------
  #           X           Y           Z   dip. str.   osc. str.
 ---------------------------------------------------------------
  1    0.000000   -0.000000    0.000000    0.000000    0.000000
  2   -0.000000   -0.000000    0.000000    0.000000    0.000000
  3   -0.000000    0.000000    4.003608   16.028881    1.778953
  4    0.000000   -0.000000    0.000000    0.000000    0.000000
  5    1.420097   -0.952871    0.000000    2.924638    0.396091
  6   -0.952871   -1.420097   -0.000000    2.924638    0.396091
  7   -0.000000    0.000000   -0.000000    0.000000    0.000000
  8    0.000000   -0.000000   -0.647748    0.419577    0.084357
  9    0.000000    0.000000    0.000000    0.000000    0.000000
 10    0.000000    0.000000   -0.000000    0.000000    0.000000
 ---------------------------------------------------------------

 -------------------------------------------------------------
 Excitation n.   1:   3.861891 eV  f = 0.0000  <S**2> = 0.0000
 -------------------------------------------------------------
  3 ->   5 =   0.434797
  3 ->   6 =   0.550873

 -------------------------------------------------------------
 Excitation n.   2:   3.861891 eV  f = 0.0000  <S**2> = 0.0000
 -------------------------------------------------------------
  3 ->   5 =   0.550873
  3 ->   6 =  -0.434797

 -------------------------------------------------------------
 Excitation n.   3:   4.530052 eV  f = 1.7790  <S**2> = 0.0000
 -------------------------------------------------------------
  2 ->   7 =   0.076748
  3 ->   4 =  -0.703143

 -------------------------------------------------------------
 Excitation n.   4:   4.996121 eV  f = 0.0000  <S**2> = 0.0000
 -------------------------------------------------------------
  2 ->   4 =   0.695245
  3 ->   7 =   0.127548

 -------------------------------------------------------------
 Excitation n.   5:   5.527966 eV  f = 0.3961  <S**2> = 0.0000
 -------------------------------------------------------------
  2 ->   5 =   0.490678
  2 ->   6 =   0.498240
  2 ->   9 =  -0.089254

 -------------------------------------------------------------
 Excitation n.   6:   5.527966 eV  f = 0.3961  <S**2> = 0.0000
 -------------------------------------------------------------
  2 ->   5 =  -0.498240
  2 ->   6 =   0.490678
  2 ->  10 =   0.089254

 -------------------------------------------------------------
 Excitation n.   7:   7.280778 eV  f = 0.0000  <S**2> = 0.0000
 -------------------------------------------------------------
  2 ->   4 =   0.129340
  3 ->   7 =  -0.691983

 -------------------------------------------------------------
 Excitation n.   8:   8.206406 eV  f = 0.0844  <S**2> = 0.0000
 -------------------------------------------------------------
  2 ->   7 =  -0.695059
  2 ->  11 =  -0.093907
  3 ->   4 =  -0.075500

 -------------------------------------------------------------
 Excitation n.   9:  10.634923 eV  f = 0.0000  <S**2> = 0.0000
 -------------------------------------------------------------
  3 ->   9 =  -0.598008
  3 ->  10 =   0.367446

 -------------------------------------------------------------
 Excitation n.  10:  10.634923 eV  f = 0.0000  <S**2> = 0.0000
 -------------------------------------------------------------
  3 ->   9 =   0.367446
  3 ->  10 =   0.598008

Thomas-Reiche-Kuhn sum rule =   2.655493


 *** dynamical TDA activated ***

 ---------------------------------------------------------------------------------------------------
  First-order dynamical correction to static Bethe-Salpeter excitation energies                     
 ---------------------------------------------------------------------------------------------------
  BSE neutral excitation must be lower than the GT gap =   7.581024 eV
 ---------------------------------------------------------------------------------------------------
      #          Static (eV)         Dynamic (eV)      Correction (eV)         Renorm. (eV)
 ---------------------------------------------------------------------------------------------------
      1            3.861891            3.799409           -0.062482            1.002534
      2            3.861891            3.799409           -0.062482            1.002534
      3            4.530052            4.379167           -0.150884            1.003912
      4            4.996121            4.978808           -0.017313            0.985044
      5            5.527966            5.637705            0.109739            0.997422
      6            5.527966            5.637705            0.109739            0.997422
      7            7.280778            7.668594            0.387815            0.985286
      8            8.206406            8.207010            0.000604            1.001128
      9           10.634923           10.608501           -0.026422            1.002711
     10           10.634923           10.608501           -0.026422            1.002711
 ---------------------------------------------------------------------------------------------------

 You may have instabilities in linear response: A-B is not positive definite!!
 Problem in diagonalize_matrix (dsyev)!!

 -------------------------------------------------------------
   BSE@GT       calculation: triplet        manifold
 -------------------------------------------------------------
 | State |  Excitation energy (au) |  Excitation energy (eV) |
 -------------------------------------------------------------
 |     1 |                     NaN |                     NaN |
 |     2 |                     NaN |                     NaN |
 |     3 |                     NaN |                     NaN |
 |     4 |                     NaN |                     NaN |
 |     5 |                     NaN |                     NaN |
 |     6 |                     NaN |                     NaN |
 |     7 |                     NaN |                     NaN |
 |     8 |                     NaN |                     NaN |
 |     9 |                     NaN |                     NaN |
 |    10 |                     NaN |                     NaN |
 |    11 |                     NaN |                     NaN |
 |    12 |                     NaN |                     NaN |
 |    13 |                     NaN |                     NaN |
 |    14 |                     NaN |                     NaN |
 |    15 |                     NaN |                     NaN |
 |    16 |                     NaN |                     NaN |
 |    17 |                     NaN |                     NaN |
 |    18 |                     NaN |                     NaN |
 |    19 |                     NaN |                     NaN |
 |    20 |                     NaN |                     NaN |
 -------------------------------------------------------------

 -------------------------------------------------------------
 Excitation n.   1:        NaN eV  f = 0.0000  <S**2> = 2.0000
 -------------------------------------------------------------

 -------------------------------------------------------------
 Excitation n.   2:        NaN eV  f = 0.0000  <S**2> = 2.0000
 -------------------------------------------------------------

 -------------------------------------------------------------
 Excitation n.   3:        NaN eV  f = 0.0000  <S**2> = 2.0000
 -------------------------------------------------------------

 -------------------------------------------------------------
 Excitation n.   4:        NaN eV  f = 0.0000  <S**2> = 2.0000
 -------------------------------------------------------------

 -------------------------------------------------------------
 Excitation n.   5:        NaN eV  f = 0.0000  <S**2> = 2.0000
 -------------------------------------------------------------

 -------------------------------------------------------------
 Excitation n.   6:        NaN eV  f = 0.0000  <S**2> = 2.0000
 -------------------------------------------------------------

 -------------------------------------------------------------
 Excitation n.   7:        NaN eV  f = 0.0000  <S**2> = 2.0000
 -------------------------------------------------------------

 -------------------------------------------------------------
 Excitation n.   8:        NaN eV  f = 0.0000  <S**2> = 2.0000
 -------------------------------------------------------------

 -------------------------------------------------------------
 Excitation n.   9:        NaN eV  f = 0.0000  <S**2> = 2.0000
 -------------------------------------------------------------

 -------------------------------------------------------------
 Excitation n.  10:        NaN eV  f = 0.0000  <S**2> = 2.0000
 -------------------------------------------------------------

Thomas-Reiche-Kuhn sum rule =   0.000000


 *** dynamical TDA activated ***

 ---------------------------------------------------------------------------------------------------
  First-order dynamical correction to static Bethe-Salpeter excitation energies                     
 ---------------------------------------------------------------------------------------------------
  BSE neutral excitation must be lower than the GT gap =   7.581024 eV
 ---------------------------------------------------------------------------------------------------
      #          Static (eV)         Dynamic (eV)      Correction (eV)         Renorm. (eV)
 ---------------------------------------------------------------------------------------------------
      1                 NaN                 NaN                 NaN                 NaN
      2                 NaN                 NaN                 NaN                 NaN
      3                 NaN                 NaN                 NaN                 NaN
      4                 NaN                 NaN                 NaN                 NaN
      5                 NaN                 NaN                 NaN                 NaN
      6                 NaN                 NaN                 NaN                 NaN
      7                 NaN                 NaN                 NaN                 NaN
      8                 NaN                 NaN                 NaN                 NaN
      9                 NaN                 NaN                 NaN                 NaN
     10                 NaN                 NaN                 NaN                 NaN
 ---------------------------------------------------------------------------------------------------


 -------------------------------------------------------------------------------
          Tr@BSE@G0T0 correlation energy (singlet) =       -0.0045280486 au
          Tr@BSE@G0T0 correlation energy (triplet) =                 NaN au
          Tr@BSE@G0T0 correlation energy           =                 NaN au
          Tr@BSE@G0T0 total energy                 =                 NaN au
 -------------------------------------------------------------------------------

                                       Total CPU time for G0T0 =      2.619 seconds

                                      Total CPU time for QuAcK =      4.032 seconds

