78 significant shell pairs computed in 0.000099 seconds
0
Computed Electron repulsion integrals Integrals in parallel in 0.273554 seconds

 ******************************************************************************************
 *            QuAcK                       QuAcK                         QuAcK             *
 *   __        __        __       __        __        __       __        __        __     *
 * <(o )___  <(o )___  <(o )___ <(o )___  <(o )___  <(o )___ <(o )___  <(o )___  <(o )___ *
 * ( ._> /   ( ._> /   ( ._> /  ( ._> /   ( ._> /   ( ._> /  ( ._> /   ( ._> /   ( ._> /  *
 *|--------------------------------------------------------------------------------------|*
 ******************************************************************************************

      ----------------------
             Number of atoms                3
      ----------------------

      ----------------------
Number of spin-up   electron                3
Number of spin-down electron                3
    Total number of electron                6
      ----------------------

      ----------------------
Number of core      electron                0
Number of Rydberg   electron                0
      ----------------------

          ------------------
          Molecular geometry
          ------------------
                    Atom n.                 1
                        Z =      4.0000000000
           Atom coordinates:     0.0000000000    0.0000000000    0.0000000000
                    Atom n.                 2
                        Z =      1.0000000000
           Atom coordinates:     0.0000000000    0.0000000000    3.4015070258
                    Atom n.                 3
                        Z =      1.0000000000
           Atom coordinates:     0.0000000000    0.0000000000   -3.4015070258

          ------------------
 Nuclear repulsion energy =      2.4988923837
          ------------------

          Gaussian basis set
          ------------------
                    Atom n.                 1
           number of shells                 6
          ------------------
      s-type shell with K =                 9
                                    Exponents     Contraction
                              2940.0000000000    0.0006800000
                               441.2000000000    0.0052360000
                               100.5000000000    0.0266060000
                                28.4300000000    0.0999930000
                                 9.1690000000    0.2697020000
                                 3.1960000000    0.4514690000
                                 1.1590000000    0.2950740000
                                 0.1811000000    0.0125870000
                                 0.0589000000   -0.0037560000
      s-type shell with K =                 9
                                    Exponents     Contraction
                              2940.0000000000   -0.0001230000
                               441.2000000000   -0.0009660000
                               100.5000000000   -0.0048310000
                                28.4300000000   -0.0193140000
                                 9.1690000000   -0.0532800000
                                 3.1960000000   -0.1207230000
                                 1.1590000000   -0.1334350000
                                 0.1811000000    0.5307670000
                                 0.0589000000    0.5801170000
      s-type shell with K =                 1
                                    Exponents     Contraction
                                 0.0589000000    1.0000000000
      p-type shell with K =                 4
                                    Exponents     Contraction
                                 3.6190000000    0.0291110000
                                 0.7110000000    0.1693650000
                                 0.1951000000    0.5134580000
                                 0.0601800000    0.4793380000
      p-type shell with K =                 1
                                    Exponents     Contraction
                                 0.0601800000    1.0000000000
      d-type shell with K =                 1
                                    Exponents     Contraction
                                 0.2354000000    1.0000000000
          ------------------
                    Atom n.                 2
           number of shells                 3
          ------------------
      s-type shell with K =                 4
                                    Exponents     Contraction
                                13.0100000000    0.0196850000
                                 1.9620000000    0.1379770000
                                 0.4446000000    0.4781480000
                                 0.1220000000    0.5012400000
      s-type shell with K =                 1
                                    Exponents     Contraction
                                 0.1220000000    1.0000000000
      p-type shell with K =                 1
                                    Exponents     Contraction
                                 0.7270000000    1.0000000000
          ------------------
                    Atom n.                 3
           number of shells                 3
          ------------------
      s-type shell with K =                 4
                                    Exponents     Contraction
                                13.0100000000    0.0196850000
                                 1.9620000000    0.1379770000
                                 0.4446000000    0.4781480000
                                 0.1220000000    0.5012400000
      s-type shell with K =                 1
                                    Exponents     Contraction
                                 0.1220000000    1.0000000000
      p-type shell with K =                 1
                                    Exponents     Contraction
                                 0.7270000000    1.0000000000
          ------------------
            Number of shells               12
          ------------------

          ------------------
   Number of basis functions               25
          ------------------

 Scaling integrals by    1.0000000000000000     

                          Total CPU time for reading integrals =      0.023 seconds


 ************************************************
 |    Restricted Hartree-Fock calculation       |
 ************************************************


 ----------------------------------------------------
 | RHF calculation                                  |
 ----------------------------------------------------
 |   # |        HF energy |       Conv |     HL Gap |
 ----------------------------------------------------
 |   1 |   -15.6717268106 |   0.132448 |   1.435191 |
 |   2 |   -15.6921540979 |   0.093565 |   1.454082 |
 |   3 |   -15.6962023348 |   0.064938 |   1.452453 |
 |   4 |   -15.6966678462 |   0.045671 |   1.449948 |
 |   5 |   -15.6964109164 |   0.032602 |   1.448078 |
 |   6 |   -15.6960614617 |   0.023607 |   1.446885 |
 |   7 |   -15.6957522981 |   0.017312 |   1.446162 |
 |   8 |   -15.6955050140 |   0.012827 |   1.445730 |
 |   9 |   -15.6953157945 |   0.009577 |   1.445471 |
 |  10 |   -15.6951751492 |   0.007192 |   1.445315 |
 |  11 |   -15.6950730150 |   0.005423 |   1.445219 |
 |  12 |   -15.6950003398 |   0.004102 |   1.445160 |
 |  13 |   -15.6949495820 |   0.003109 |   1.445124 |
 |  14 |   -15.6949147613 |   0.002360 |   1.445101 |
 |  15 |   -15.6948913038 |   0.001793 |   1.445086 |
 |  16 |   -15.6948758074 |   0.001363 |   1.445077 |
 |  17 |   -15.6948657979 |   0.001037 |   1.445072 |
 |  18 |   -15.6948595096 |   0.000789 |   1.445069 |
 |  19 |   -15.6948557026 |   0.000601 |   1.445067 |
 |  20 |   -15.6948535195 |   0.000458 |   1.445065 |
 |  21 |   -15.6948523755 |   0.000348 |   1.445065 |
 |  22 |   -15.6948518780 |   0.000265 |   1.445065 |
 |  23 |   -15.6948517673 |   0.000202 |   1.445065 |
 |  24 |   -15.6948518747 |   0.000154 |   1.445065 |
 |  25 |   -15.6948520935 |   0.000117 |   1.445065 |
 |  26 |   -15.6948523576 |   0.000089 |   1.445065 |
 |  27 |   -15.6948526282 |   0.000068 |   1.445065 |
 |  28 |   -15.6948528835 |   0.000052 |   1.445065 |
 |  29 |   -15.6948531130 |   0.000039 |   1.445065 |
 |  30 |   -15.6948533126 |   0.000030 |   1.445065 |
 |  31 |   -15.6948534823 |   0.000023 |   1.445065 |
 |  32 |   -15.6948536240 |   0.000017 |   1.445065 |
 |  33 |   -15.6948537408 |   0.000013 |   1.445065 |
 |  34 |   -15.6948538361 |   0.000010 |   1.445066 |
 |  35 |   -15.6948539131 |   0.000008 |   1.445066 |
 |  36 |   -15.6948539749 |   0.000006 |   1.445066 |
 |  37 |   -15.6948540242 |   0.000004 |   1.445066 |
 |  38 |   -15.6948540634 |   0.000003 |   1.445066 |
 |  39 |   -15.6948540943 |   0.000003 |   1.445066 |
 |  40 |   -15.6948541187 |   0.000002 |   1.445066 |
 |  41 |   -15.6948541379 |   0.000002 |   1.445066 |
 |  42 |   -15.6948541528 |   0.000001 |   1.445066 |
 |  43 |   -15.6948541645 |   0.000001 |   1.445066 |
 |  44 |   -15.6948541736 |   0.000001 |   1.445066 |
 |  45 |   -15.6948541807 |   0.000001 |   1.445066 |
 |  46 |   -15.6948541862 |   0.000000 |   1.445066 |
 |  47 |   -15.6948541905 |   0.000000 |   1.445066 |
 |  48 |   -15.6948541938 |   0.000000 |   1.445066 |
 |  49 |   -15.6948541963 |   0.000000 |   1.445066 |
 |  50 |   -15.6948541983 |   0.000000 |   1.445066 |
 |  51 |   -15.6948541838 |   0.000000 |   0.445066 |
 ----------------------------------------------------

         -----------------------------------------
           Summary              
         -----------------------------------------
           One-electron energy:    -25.1704900691 au
           Kinetic      energy:     15.2360463210 au
           Potential    energy:    -40.4065363902 au
         -----------------------------------------
           Two-electron energy:      6.9767435016 au
           Hartree      energy:     10.2518435479 au
           Exchange     energy:     -3.2751000464 au
         -----------------------------------------
           Electronic   energy:    -18.1937465676 au
           Nuclear   repulsion:      2.4988923837 au
           RHF          energy:    -15.6948541838 au
         -----------------------------------------
           HF HOMO      energy:        -10.655836 eV
           HF LUMO      energy:          1.455018 eV
           HF HOMO-LUMO gap   :         12.110854 eV
         -----------------------------------------
          Dipole moment (Debye)    
                   X         Y         Z      Tot.
            0.000000 -0.000000  0.000000  0.000000
         -----------------------------------------

           ---------------------------------------
                 MO coefficients
           ---------------------------------------
                 1              2              3              4              5
      1     1.00086456    -0.01085377     0.00000000     0.00000000     0.00000000
      2     0.00842373     0.67279710     0.00000000     0.00000000     0.00000000
      3    -0.00303447    -0.14870634     0.00000000     0.00000000     0.00000000
      4     0.00000000     0.00000000     0.00000000    -0.45132167     0.13243589
      5     0.00000000     0.00000000     0.00000000    -0.13243589    -0.45132167
      6     0.00000000     0.00000000    -0.52050375     0.00000000     0.00000000
      7     0.00000000     0.00000000     0.00000000    -0.54206815     0.15906455
      8     0.00000000     0.00000000     0.00000000    -0.15906455    -0.54206815
      9     0.00000000     0.00000000     0.10142283     0.00000000     0.00000000
     10    -0.00247376    -0.02031967     0.00000000     0.00000000     0.00000000
     11     0.00000000     0.00000000     0.00000000     0.00000000     0.00000000
     12     0.00000000     0.00000000     0.00000000     0.00000000     0.00000000
     13    -0.00247376    -0.02031967     0.00000000     0.00000000     0.00000000
     14     0.00000000     0.00000000     0.00000000     0.00000000     0.00000000
     15    -0.00193018     0.06109765     0.00000000     0.00000000     0.00000000
     16     0.00041162     0.40473291    -0.48068638     0.00000000     0.00000000
     17     0.00006670    -0.00660559     0.01871599     0.00000000     0.00000000
     18     0.00000000     0.00000000     0.00000000    -0.00877624     0.00257530
     19     0.00000000     0.00000000     0.00000000    -0.00257530    -0.00877624
     20    -0.00009022    -0.00770840     0.01012139     0.00000000     0.00000000
     21     0.00041162     0.40473291     0.48068638     0.00000000     0.00000000
     22     0.00006670    -0.00660559    -0.01871599     0.00000000     0.00000000
     23     0.00000000     0.00000000     0.00000000    -0.00877624     0.00257530
     24     0.00000000     0.00000000     0.00000000    -0.00257530    -0.00877624
     25     0.00009022     0.00770840     0.01012139     0.00000000     0.00000000
                 6              7              8              9             10
      1     0.06364304     0.00000000     0.55613233     0.00000000     0.00000000
      2    -0.36327796     0.00000000     2.80660293     0.00000000     0.00000000
      3    -1.05716016     0.00000000    -3.54741658     0.00000000     0.00000000
      4     0.00000000     0.00000000     0.00000000     1.87134092     0.18505743
      5     0.00000000     0.00000000     0.00000000    -0.18505743     1.87134092
      6     0.00000000    -0.57532290     0.00000000     0.00000000     0.00000000
      7     0.00000000     0.00000000     0.00000000    -1.84785575    -0.18273498
      8     0.00000000     0.00000000     0.00000000     0.18273498    -1.84785575
      9     0.00000000     2.81181716     0.00000000     0.00000000     0.00000000
     10    -0.01237354     0.00000000     0.22300410     0.00000000     0.00000000
     11     0.00000000     0.00000000     0.00000000     0.00000000     0.00000000
     12     0.00000000     0.00000000     0.00000000     0.00000000     0.00000000
     13    -0.01237354     0.00000000     0.22300410     0.00000000     0.00000000
     14     0.00000000     0.00000000     0.00000000     0.00000000     0.00000000
     15     0.02036582     0.00000000     0.24916451     0.00000000     0.00000000
     16     0.32101855    -0.17525534     0.03549713     0.00000000     0.00000000
     17     0.59910467    -1.27584272     0.06153556     0.00000000     0.00000000
     18     0.00000000     0.00000000     0.00000000     0.01075871     0.00106393
     19     0.00000000     0.00000000     0.00000000    -0.00106393     0.01075871
     20     0.00224073     0.01857054    -0.00823530     0.00000000     0.00000000
     21     0.32101855     0.17525534     0.03549713     0.00000000     0.00000000
     22     0.59910467     1.27584272     0.06153556     0.00000000     0.00000000
     23     0.00000000     0.00000000     0.00000000     0.01075871     0.00106393
     24     0.00000000     0.00000000     0.00000000    -0.00106393     0.01075871
     25    -0.00224073     0.01857054     0.00823530     0.00000000     0.00000000
                11             12             13             14             15
      1     0.00000000     0.00000000     0.00000000     0.14140161     0.00000000
      2     0.00000000     0.00000000     0.00000000     0.90221985     0.00000000
      3     0.00000000     0.00000000     0.00000000    -1.90549172     0.00000000
      4     0.00000000     0.00000000     0.00000000     0.00000000     0.00000000
      5     0.00000000     0.00000000     0.00000000     0.00000000     0.00000000
      6    -1.75178818     0.00000000     0.00000000     0.00000000     0.00000000
      7     0.00000000     0.00000000     0.00000000     0.00000000     0.00000000
      8     0.00000000     0.00000000     0.00000000     0.00000000     0.00000000
      9     0.24169862     0.00000000     0.00000000     0.00000000     0.00000000
     10     0.00000000     0.00000000     0.00000000     0.32211285    -0.86602506
     11     0.00000000     0.00000000     0.00000000     0.00000000    -0.00088667
     12     0.00000000     0.92940515    -0.24746227     0.00000000     0.00000000
     13     0.00000000     0.00000000     0.00000000     0.32211285     0.86602506
     14     0.00000000     0.24746227     0.92940515     0.00000000     0.00000000
     15     0.00000000     0.00000000     0.00000000    -0.93150797     0.00000000
     16     0.12252369     0.00000000     0.00000000    -0.91932164     0.00000000
     17     0.96431275     0.00000000     0.00000000     1.85693979     0.00000000
     18     0.00000000     0.07308732    -0.01946014     0.00000000     0.00000000
     19     0.00000000     0.01946014     0.07308732     0.00000000     0.00000000
     20     0.03649588     0.00000000     0.00000000    -0.03903766     0.00000000
     21    -0.12252369     0.00000000     0.00000000    -0.91932164     0.00000000
     22    -0.96431275     0.00000000     0.00000000     1.85693979     0.00000000
     23     0.00000000    -0.07308732     0.01946014     0.00000000     0.00000000
     24     0.00000000    -0.01946014    -0.07308732     0.00000000     0.00000000
     25     0.03649588     0.00000000     0.00000000     0.03903766     0.00000000
                16             17             18             19             20
      1     0.00000000     0.00000000    -0.19057650    -0.46922159     0.00000000
      2     0.00000000     0.00000000    -2.11693062    -3.91843947     0.00000000
      3     0.00000000     0.00000000     0.55725224     1.20291456     0.00000000
      4     0.00000000     0.00000000     0.00000000     0.00000000     0.04063688
      5     0.00000000     0.00000000     0.00000000     0.00000000    -0.10224575
      6     0.00000000     0.23791349     0.00000000     0.00000000     0.00000000
      7     0.00000000     0.00000000     0.00000000     0.00000000     0.02563543
      8     0.00000000     0.00000000     0.00000000     0.00000000    -0.06450086
      9     0.00000000    -1.83303651     0.00000000     0.00000000     0.00000000
     10     0.00076788     0.00000000     1.12979080     1.03585271     0.00000000
     11    -0.99999961     0.00000000     0.00000000     0.00000000     0.00000000
     12     0.00000000     0.00000000     0.00000000     0.00000000     0.00000000
     13    -0.00076788     0.00000000     1.12979080     1.03585271     0.00000000
     14     0.00000000     0.00000000     0.00000000     0.00000000     0.00000000
     15     0.00000000     0.00000000    -0.08851563     1.71972305     0.00000000
     16     0.00000000    -1.80802130     1.07101301    -1.04326932     0.00000000
     17     0.00000000     2.95068779    -0.78553557     0.89728050     0.00000000
     18     0.00000000     0.00000000     0.00000000     0.00000000    -0.26442670
     19     0.00000000     0.00000000     0.00000000     0.00000000     0.66531949
     20     0.00000000     0.03200951     0.08988529    -0.07639597     0.00000000
     21     0.00000000     1.80802130     1.07101301    -1.04326932     0.00000000
     22     0.00000000    -2.95068779    -0.78553557     0.89728050     0.00000000
     23     0.00000000     0.00000000     0.00000000     0.00000000    -0.26442670
     24     0.00000000     0.00000000     0.00000000     0.00000000     0.66531949
     25     0.00000000     0.03200951    -0.08988529     0.07639597     0.00000000
                21             22             23             24             25
      1     0.00000000     0.00000000     0.00000000     0.00000000     0.06742780
      2     0.00000000     0.00000000     0.00000000     0.00000000     0.50443043
      3     0.00000000     0.00000000     0.00000000     0.00000000    -0.51770428
      4    -0.10224575     0.00000000     0.00000000     0.00000000     0.00000000
      5    -0.04063688     0.00000000     0.00000000     0.00000000     0.00000000
      6     0.00000000     0.00000000     0.00000000    -1.01539178     0.00000000
      7    -0.06450086     0.00000000     0.00000000     0.00000000     0.00000000
      8    -0.02563543     0.00000000     0.00000000     0.00000000     0.00000000
      9     0.00000000     0.00000000     0.00000000     0.03306219     0.00000000
     10     0.00000000     0.00000000     0.00000000     0.00000000     0.08638836
     11     0.00000000     0.00000000     0.00000000     0.00000000     0.00000000
     12     0.00000000     0.30794606     0.29243470     0.00000000     0.00000000
     13     0.00000000     0.00000000     0.00000000     0.00000000     0.08638836
     14     0.00000000    -0.29243470     0.30794606     0.00000000     0.00000000
     15     0.00000000     0.00000000     0.00000000     0.00000000    -1.65023896
     16     0.00000000     0.00000000     0.00000000    -0.20196144     0.67574334
     17     0.00000000     0.00000000     0.00000000     0.79762935     0.20009750
     18     0.66531949    -0.53628992    -0.50927680     0.00000000     0.00000000
     19     0.26442670     0.50927680    -0.53628992     0.00000000     0.00000000
     20     0.00000000     0.00000000     0.00000000    -0.78911265    -0.95862768
     21     0.00000000     0.00000000     0.00000000     0.20196144     0.67574334
     22     0.00000000     0.00000000     0.00000000    -0.79762935     0.20009750
     23     0.66531949     0.53628992     0.50927680     0.00000000     0.00000000
     24     0.26442670    -0.50927680     0.53628992     0.00000000     0.00000000
     25     0.00000000     0.00000000     0.00000000    -0.78911265     0.95862768

           ---------------------------------------
                     MO energies
           ---------------------------------------
                 1
      1    -4.77502327
      2    -0.44188349
      3    -0.39159477
      4     0.05347092
      5     0.05347092
      6     0.09084090
      7     0.24301093
      8     0.26845850
      9     0.33414711
     10     0.33414711
     11     0.33615553
     12     0.60019132
     13     0.60019132
     14     0.60248957
     15     0.61985301
     16     0.61985301
     17     0.91064740
     18     1.00139715
     19     1.26059821
     20     1.58473092
     21     1.58473092
     22     1.72290488
     23     1.72290488
     24     1.88012798
     25     2.29272704

                                        Total CPU time for RHF =      0.411 seconds


 AO to MO transformation... Please be patient

                    Total CPU time for AO to MO transformation =      0.677 seconds


 ************************************************
 |          One-shot G0W0 calculation           |
 ************************************************


 -------------------------------------------------------------
   RPA@HF       calculation: singlet        manifold
 -------------------------------------------------------------
 | State |  Excitation energy (au) |  Excitation energy (eV) |
 -------------------------------------------------------------
 |     1 |                0.459308 |               12.498397 |
 |     2 |                0.459308 |               12.498397 |
 |     3 |                0.538745 |               14.660005 |
 |     4 |                0.538745 |               14.660005 |
 |     5 |                0.551559 |               15.008679 |
 |     6 |                0.581696 |               15.828753 |
 |     7 |                0.661765 |               18.007551 |
 |     8 |                0.673725 |               18.332989 |
 |     9 |                0.706458 |               19.223689 |
 |    10 |                0.728677 |               19.828317 |
 |    11 |                0.734214 |               19.978980 |
 |    12 |                0.734214 |               19.978980 |
 |    13 |                0.807874 |               21.983361 |
 |    14 |                0.807874 |               21.983361 |
 |    15 |                0.847737 |               23.068095 |
 |    16 |                0.868678 |               23.637931 |
 |    17 |                1.018817 |               27.723423 |
 |    18 |                1.018817 |               27.723423 |
 |    19 |                1.062744 |               28.918748 |
 |    20 |                1.065038 |               28.981155 |
 -------------------------------------------------------------

  *** Quasiparticle energies obtained by linearization *** 

 -------------------------------------------------------------------------------
   One-shot G0W0 calculation
 -------------------------------------------------------------------------------
 |   # |       e_HF (eV) |      Sig_c (eV) |               Z |       e_QP (eV) |
 -------------------------------------------------------------------------------
 |   1 |     -129.935002 |        4.033803 |        0.891832 |     -126.337526 |
 |   2 |      -12.024262 |       -0.027816 |        0.937751 |      -12.050347 |
 |   3 |      -10.655836 |       -0.103451 |        0.941694 |      -10.753256 |
 |   4 |        1.455018 |       -0.505691 |        0.976507 |        0.961207 |
 |   5 |        1.455018 |       -0.505691 |        0.976507 |        0.961207 |
 |   6 |        2.471907 |       -0.619748 |        0.960921 |        1.876378 |
 |   7 |        6.612664 |       -0.226337 |        0.987953 |        6.389054 |
 |   8 |        7.305128 |       -0.508511 |        0.972589 |        6.810555 |
 |   9 |        9.092606 |       -1.109768 |        0.946570 |        8.042133 |
 |  10 |        9.092606 |       -1.109768 |        0.946570 |        8.042133 |
 |  11 |        9.147258 |       -1.002806 |        0.937526 |        8.207101 |
 |  12 |       16.332038 |       -2.791279 |        0.060920 |       16.161994 |
 |  13 |       16.332038 |       -2.791279 |        0.060920 |       16.161994 |
 |  14 |       16.394576 |       -0.676351 |        0.362768 |       16.149218 |
 |  15 |       16.867059 |        0.979196 |        0.270959 |       17.132381 |
 |  16 |       16.867059 |        0.979196 |        0.270959 |       17.132381 |
 |  17 |       24.779978 |       -1.670267 |        0.153425 |       24.523718 |
 |  18 |       27.249404 |       -1.334611 |        0.150595 |       27.048419 |
 |  19 |       34.302625 |       -0.946408 |        0.583048 |       33.750823 |
 |  20 |       43.122725 |       -1.897549 |        0.301987 |       42.549689 |
 |  21 |       43.122725 |       -1.897549 |        0.301987 |       42.549689 |
 |  22 |       46.882630 |        0.214447 |        0.017195 |       46.886317 |
 |  23 |       46.882630 |        0.214447 |        0.017195 |       46.886317 |
 |  24 |       51.160888 |        3.207196 |        0.119815 |       51.545157 |
 |  25 |       62.388280 |       -4.816558 |        0.128958 |       61.767145 |
 -------------------------------------------------------------------------------
          G0W0 HOMO      energy:     -10.753256 eV
          G0W0 LUMO      energy:       0.961207 eV
          G0W0 HOMO-LUMO gap   :      11.714463 eV
 -------------------------------------------------------------------------------
    RPA@G0W0 total energy      :     -15.782186 au
    RPA@G0W0 correlation energy:      -0.087332 au
    GM@G0W0  total energy      :     -15.852476 au
    GM@G0W0  correlation energy:      -0.157622 au
 -------------------------------------------------------------------------------


 -------------------------------------------------------------
   BSE@GW       calculation: singlet        manifold
 -------------------------------------------------------------
 | State |  Excitation energy (au) |  Excitation energy (eV) |
 -------------------------------------------------------------
 |     1 |                0.207018 |                5.633245 |
 |     2 |                0.207018 |                5.633245 |
 |     3 |                0.285609 |                7.771814 |
 |     4 |                0.285609 |                7.771814 |
 |     5 |                0.286245 |                7.789121 |
 |     6 |                0.324690 |                8.835253 |
 |     7 |                0.434219 |               11.815712 |
 |     8 |                0.453309 |               12.335161 |
 |     9 |                0.453309 |               12.335161 |
 |    10 |                0.456282 |               12.416065 |
 |    11 |                0.488404 |               13.290160 |
 |    12 |                0.501151 |               13.637016 |
 |    13 |                0.508367 |               13.833374 |
 |    14 |                0.508367 |               13.833374 |
 |    15 |                0.517163 |               14.072722 |
 |    16 |                0.520341 |               14.159188 |
 |    17 |                0.763480 |               20.775361 |
 |    18 |                0.763480 |               20.775361 |
 |    19 |                0.768651 |               20.916069 |
 |    20 |                0.768651 |               20.916069 |
 -------------------------------------------------------------

 ---------------------------------------------------------------
                 Transition dipole moment (au)                  
 ---------------------------------------------------------------
  #           X           Y           Z   dip. str.   osc. str.
 ---------------------------------------------------------------
  1    0.000000    0.000000   -0.000000    0.000000    0.000000
  2   -0.000000   -0.000000    0.000000    0.000000    0.000000
  3    1.442407    0.248419    0.000000    2.142249    0.407897
  4    0.248419   -1.442407    0.000000    2.142249    0.407897
  5   -0.000000    0.000000    2.055433    4.224804    0.806219
  6   -0.000000    0.000000   -0.000000    0.000000    0.000000
  7   -0.000000   -0.000000   -0.790208    0.624429    0.180759
  8    0.000000    0.000000   -0.000000    0.000000    0.000000
  9   -0.000000   -0.000000   -0.000000    0.000000    0.000000
 10    0.000000    0.000000    0.000000    0.000000    0.000000
 ---------------------------------------------------------------

 -------------------------------------------------------------
 Excitation n.   1:   5.633245 eV  f = 0.0000  <S**2> = 0.0000
 -------------------------------------------------------------
  3 ->   4 =   0.569693
  3 ->   5 =  -0.401793
  3 ->   9 =  -0.115457

 -------------------------------------------------------------
 Excitation n.   2:   5.633245 eV  f = 0.0000  <S**2> = 0.0000
 -------------------------------------------------------------
  3 ->   4 =  -0.401793
  3 ->   5 =  -0.569693
  3 ->  10 =   0.115457

 -------------------------------------------------------------
 Excitation n.   3:   7.771814 eV  f = 0.4079  <S**2> = 0.0000
 -------------------------------------------------------------
  2 ->   4 =  -0.700719
  2 ->   5 =   0.080851
  2 ->   9 =   0.073731

 -------------------------------------------------------------
 Excitation n.   4:   7.771814 eV  f = 0.4079  <S**2> = 0.0000
 -------------------------------------------------------------
  2 ->   4 =   0.080851
  2 ->   5 =   0.700719
  2 ->  10 =  -0.073731

 -------------------------------------------------------------
 Excitation n.   5:   7.789121 eV  f = 0.8062  <S**2> = 0.0000
 -------------------------------------------------------------
  3 ->   6 =  -0.706705
  3 ->   8 =   0.087086
  3 <-   6 =   0.083359

 -------------------------------------------------------------
 Excitation n.   6:   8.835253 eV  f = 0.0000  <S**2> = 0.0000
 -------------------------------------------------------------
  2 ->   6 =  -0.710193

 -------------------------------------------------------------
 Excitation n.   7:  11.815712 eV  f = 0.1808  <S**2> = 0.0000
 -------------------------------------------------------------
  2 ->   7 =  -0.214951
  2 ->  11 =  -0.089461
  3 ->   6 =  -0.092156
  3 ->   8 =  -0.661115

 -------------------------------------------------------------
 Excitation n.   8:  12.335161 eV  f = 0.0000  <S**2> = 0.0000
 -------------------------------------------------------------
  3 ->   4 =   0.111183
  3 ->   9 =   0.696642

 -------------------------------------------------------------
 Excitation n.   9:  12.335161 eV  f = 0.0000  <S**2> = 0.0000
 -------------------------------------------------------------
  3 ->   5 =   0.111183
  3 ->  10 =   0.696642

 -------------------------------------------------------------
 Excitation n.  10:  12.416065 eV  f = 0.0000  <S**2> = 0.0000
 -------------------------------------------------------------
  2 ->   8 =   0.129241
  3 ->   7 =   0.695712

Thomas-Reiche-Kuhn sum rule =   1.802772


 *** dynamical TDA activated ***

 ---------------------------------------------------------------------------------------------------
  First-order dynamical correction to static Bethe-Salpeter excitation energies                     
 ---------------------------------------------------------------------------------------------------
  BSE neutral excitation must be lower than the GW gap =  11.714463 eV
 ---------------------------------------------------------------------------------------------------
      #          Static (eV)         Dynamic (eV)      Correction (eV)         Renorm. (eV)
 ---------------------------------------------------------------------------------------------------
      1            5.633245            5.572854           -0.060391            1.006321
      2            5.633245            5.572854           -0.060391            1.006321
      3            7.771814            7.698567           -0.073247            1.010227
      4            7.771814            7.698567           -0.073247            1.010227
      5            7.789121            7.701720           -0.087401            1.014391
      6            8.835253            8.777217           -0.058036            1.010784
      7           11.815712           11.732738           -0.082974            1.009873
      8           12.335161           12.268463           -0.066698            1.006611
      9           12.335161           12.268463           -0.066698            1.006611
     10           12.416065           12.378306           -0.037759            1.006244
 ---------------------------------------------------------------------------------------------------


 -------------------------------------------------------------
   BSE@GW       calculation: triplet        manifold
 -------------------------------------------------------------
 | State |  Excitation energy (au) |  Excitation energy (eV) |
 -------------------------------------------------------------
 |     1 |                0.167494 |                4.557732 |
 |     2 |                0.183423 |                4.991184 |
 |     3 |                0.183423 |                4.991184 |
 |     4 |                0.207944 |                5.658439 |
 |     5 |                0.217816 |                5.927075 |
 |     6 |                0.217816 |                5.927075 |
 |     7 |                0.377025 |               10.259359 |
 |     8 |                0.381611 |               10.384154 |
 |     9 |                0.432910 |               11.780088 |
 |    10 |                0.445073 |               12.111064 |
 |    11 |                0.445073 |               12.111064 |
 |    12 |                0.473132 |               12.874572 |
 |    13 |                0.481950 |               13.114519 |
 |    14 |                0.481950 |               13.114519 |
 |    15 |                0.490674 |               13.351912 |
 |    16 |                0.491479 |               13.373819 |
 |    17 |                0.699291 |               19.028666 |
 |    18 |                0.699291 |               19.028666 |
 |    19 |                0.712845 |               19.397491 |
 |    20 |                0.740357 |               20.146145 |
 -------------------------------------------------------------

 -------------------------------------------------------------
 Excitation n.   1:   4.557732 eV  f = 0.0000  <S**2> = 2.0000
 -------------------------------------------------------------
  2 ->  11 =  -0.171449
  3 ->   6 =   0.678624
  3 ->   8 =  -0.116279
  3 <-   6 =   0.088664

 -------------------------------------------------------------
 Excitation n.   2:   4.991184 eV  f = 0.0000  <S**2> = 2.0000
 -------------------------------------------------------------
  3 ->   4 =   0.596608
  3 ->   5 =   0.349808
  3 ->   9 =  -0.081936
  3 ->  10 =  -0.106341

 -------------------------------------------------------------
 Excitation n.   3:   4.991184 eV  f = 0.0000  <S**2> = 2.0000
 -------------------------------------------------------------
  3 ->   4 =  -0.349808
  3 ->   5 =   0.596608
  3 ->   9 =   0.106341
  3 ->  10 =  -0.081936

 -------------------------------------------------------------
 Excitation n.   4:   5.658439 eV  f = 0.0000  <S**2> = 2.0000
 -------------------------------------------------------------
  2 ->   6 =   0.651163
  2 ->   8 =  -0.125155
  3 ->  11 =  -0.239731

 -------------------------------------------------------------
 Excitation n.   5:   5.927075 eV  f = 0.0000  <S**2> = 2.0000
 -------------------------------------------------------------
  2 ->   4 =   0.075474
  2 ->   5 =   0.683234
  2 ->  10 =  -0.147766
  3 ->  13 =   0.078079

 -------------------------------------------------------------
 Excitation n.   6:   5.927075 eV  f = 0.0000  <S**2> = 2.0000
 -------------------------------------------------------------
  2 ->   4 =  -0.683234
  2 ->   5 =   0.075474
  2 ->   9 =   0.147766
  3 ->  12 =  -0.078079

 -------------------------------------------------------------
 Excitation n.   7:  10.259359 eV  f = 0.0000  <S**2> = 2.0000
 -------------------------------------------------------------
  2 ->   6 =   0.185870
  2 ->   8 =   0.323709
  2 ->  14 =  -0.081101
  3 ->   7 =   0.378018
  3 ->  11 =   0.459650

 -------------------------------------------------------------
 Excitation n.   8:  10.384154 eV  f = 0.0000  <S**2> = 2.0000
 -------------------------------------------------------------
  2 ->   7 =   0.259177
  2 ->  11 =   0.326814
  3 ->   6 =   0.149698
  3 ->   8 =   0.544710
  3 ->  14 =  -0.081363

 -------------------------------------------------------------
 Excitation n.   9:  11.780088 eV  f = 0.0000  <S**2> = 2.0000
 -------------------------------------------------------------
  2 ->   6 =  -0.192761
  2 ->   8 =   0.096268
  3 ->   7 =   0.523401
  3 ->  11 =  -0.419130

 -------------------------------------------------------------
 Excitation n.  10:  12.111064 eV  f = 0.0000  <S**2> = 2.0000
 -------------------------------------------------------------
  3 ->   4 =  -0.128689
  3 ->   9 =  -0.503647
  3 ->  10 =  -0.474857

Thomas-Reiche-Kuhn sum rule =   0.000000


 *** dynamical TDA activated ***

 ---------------------------------------------------------------------------------------------------
  First-order dynamical correction to static Bethe-Salpeter excitation energies                     
 ---------------------------------------------------------------------------------------------------
  BSE neutral excitation must be lower than the GW gap =  11.714463 eV
 ---------------------------------------------------------------------------------------------------
      #          Static (eV)         Dynamic (eV)      Correction (eV)         Renorm. (eV)
 ---------------------------------------------------------------------------------------------------
      1            4.557732            4.233998           -0.323735            1.019579
      2            4.991184            4.904354           -0.086830            1.006954
      3            4.991184            4.904354           -0.086830            1.006954
      4            5.658439            5.300006           -0.358433            1.022411
      5            5.927075            5.784337           -0.142739            1.011658
      6            5.927075            5.784337           -0.142739            1.011658
      7           10.259359           10.047214           -0.212145            1.015019
      8           10.384154           10.178048           -0.206105            1.014926
      9           11.780088           11.715787           -0.064302            1.000036
     10           12.111064           12.042477           -0.068587            1.006193
 ---------------------------------------------------------------------------------------------------


 -------------------------------------------------------------------------------
          Tr@BSE@G0W0 correlation energy (singlet) =       -0.0628781357
          Tr@BSE@G0W0 correlation energy (triplet) =       -0.0237821256
          Tr@BSE@G0W0 correlation energy           =       -0.0866602612
          Tr@BSE@G0W0 total energy                 =      -15.7815144451
 -------------------------------------------------------------------------------

                                       Total CPU time for G0W0 =      0.058 seconds


 ************************************************
 |          One-shot G0T0 calculation           |
 ************************************************


 -------------------------------------------------------------
   pp-RPA (N+2) calculation: alpha-beta     manifold
 -------------------------------------------------------------
 | State |  Excitation energy (au) |  Excitation energy (eV) |
 -------------------------------------------------------------
 |     1 |                0.311912 |                8.487549 |
 |     2 |                0.332551 |                9.049161 |
 |     3 |                0.333905 |                9.086026 |
 |     4 |                0.333905 |                9.086026 |
 |     5 |                0.334512 |                9.102533 |
 |     6 |                0.334512 |                9.102533 |
 |     7 |                0.393345 |               10.703458 |
 |     8 |                0.393345 |               10.703458 |
 |     9 |                0.436498 |               11.877719 |
 |    10 |                0.474376 |               12.908440 |
 |    11 |                0.474376 |               12.908440 |
 |    12 |                0.494652 |               13.460155 |
 |    13 |                0.494652 |               13.460155 |
 |    14 |                0.508293 |               13.831370 |
 |    15 |                0.520763 |               14.170672 |
 |    16 |                0.520763 |               14.170672 |
 |    17 |                0.531809 |               14.471260 |
 |    18 |                0.542498 |               14.762135 |
 |    19 |                0.542498 |               14.762135 |
 |    20 |                0.545379 |               14.840521 |
 -------------------------------------------------------------


 -------------------------------------------------------------
   pp-RPA (N-2) calculation: alpha-beta     manifold
 -------------------------------------------------------------
 | State |  Excitation energy (au) |  Excitation energy (eV) |
 -------------------------------------------------------------
 |     1 |              -11.825856 |             -321.797932 |
 |     2 |               -5.620841 |             -152.950873 |
 |     3 |               -5.600090 |             -152.386220 |
 |     4 |               -5.522460 |             -150.273778 |
 |     5 |               -5.516711 |             -150.117344 |
 |     6 |               -1.309652 |              -35.637434 |
 |     7 |               -1.300761 |              -35.395514 |
 |     8 |               -1.025041 |              -27.892773 |
 |     9 |               -1.022714 |              -27.829454 |
 -------------------------------------------------------------


 -------------------------------------------------------------
   pp-RPA (N+2) calculation: alpha-alpha    manifold
 -------------------------------------------------------------
 | State |  Excitation energy (au) |  Excitation energy (eV) |
 -------------------------------------------------------------
 |     1 |                0.311912 |                8.487549 |
 |     2 |                0.334512 |                9.102533 |
 |     3 |                0.334512 |                9.102533 |
 |     4 |                0.474376 |               12.908440 |
 |     5 |                0.474376 |               12.908440 |
 |     6 |                0.508293 |               13.831370 |
 |     7 |                0.520763 |               14.170672 |
 |     8 |                0.520763 |               14.170672 |
 |     9 |                0.545379 |               14.840521 |
 |    10 |                0.604984 |               16.462441 |
 |    11 |                0.604984 |               16.462441 |
 |    12 |                0.618201 |               16.822101 |
 |    13 |                0.618201 |               16.822101 |
 |    14 |                0.629191 |               17.121147 |
 |    15 |                0.638185 |               17.365908 |
 |    16 |                0.638681 |               17.379393 |
 |    17 |                0.660644 |               17.977033 |
 |    18 |                0.660644 |               17.977033 |
 |    19 |                0.682700 |               18.577210 |
 |    20 |                0.764291 |               20.797418 |
 -------------------------------------------------------------


 -------------------------------------------------------------
   pp-RPA (N-2) calculation: alpha-alpha    manifold
 -------------------------------------------------------------
 | State |  Excitation energy (au) |  Excitation energy (eV) |
 -------------------------------------------------------------
 |     1 |               -5.600090 |             -152.386220 |
 |     2 |               -5.516711 |             -150.117344 |
 |     3 |               -1.025041 |              -27.892773 |
 -------------------------------------------------------------

 -------------------------------------------------------------------------------
   One-shot G0T0 calculation (T-matrix self-energy)  
 -------------------------------------------------------------------------------
 |   # |       e_HF (eV) |    Sigma_T (eV) |               Z |       e_QP (eV) |
 -------------------------------------------------------------------------------
 |   1 |     -129.935002 |        3.145951 |        0.916862 |     -127.050600 |
 |   2 |      -12.024262 |        0.099630 |        0.978283 |      -11.926796 |
 |   3 |      -10.655836 |        0.091665 |        0.977776 |      -10.566208 |
 |   4 |        1.455018 |       -0.446747 |        0.985835 |        1.014599 |
 |   5 |        1.455018 |       -0.446747 |        0.985835 |        1.014599 |
 |   6 |        2.471907 |       -0.510396 |        0.981391 |        1.971008 |
 |   7 |        6.612664 |       -0.144710 |        0.994450 |        6.468758 |
 |   8 |        7.305128 |       -0.411588 |        0.984046 |        6.900106 |
 |   9 |        9.092606 |       -0.781889 |        0.972875 |        8.331926 |
 |  10 |        9.092606 |       -0.781889 |        0.972875 |        8.331926 |
 |  11 |        9.147258 |       -0.758961 |        0.970397 |        8.410765 |
 |  12 |       16.332038 |       -0.707193 |        0.949184 |       15.660782 |
 |  13 |       16.332038 |       -0.707193 |        0.949184 |       15.660782 |
 |  14 |       16.394576 |       -0.687377 |        0.970566 |       15.727431 |
 |  15 |       16.867059 |       -0.796883 |        0.941895 |       16.116479 |
 |  16 |       16.867059 |       -0.796883 |        0.941895 |       16.116479 |
 |  17 |       24.779978 |       -1.417722 |        0.863755 |       23.555413 |
 |  18 |       27.249404 |       -1.201717 |        0.687181 |       26.423607 |
 |  19 |       34.302625 |       -1.556543 |        0.510467 |       33.508061 |
 |  20 |       43.122725 |       -1.178370 |        0.706172 |       42.290593 |
 |  21 |       43.122725 |       -1.178370 |        0.706172 |       42.290593 |
 |  22 |       46.882630 |       -1.221257 |        0.426010 |       46.362362 |
 |  23 |       46.882630 |       -1.221257 |        0.426010 |       46.362362 |
 |  24 |       51.160888 |       -1.315233 |        0.224118 |       50.866120 |
 |  25 |       62.388280 |       -0.435316 |        0.190540 |       62.305335 |
 -------------------------------------------------------------------------------
             G0T0 HOMO      energy (eV)            =     -10.566208 eV
             G0T0 LUMO      energy (eV)            =       1.014599 eV
             G0T0 HOMO-LUMO gap    (eV)            =      11.580807 eV
 -------------------------------------------------------------------------------
        Tr@ppRPA@G0T0 correlation energy (singlet) =       -0.0328172976 au
        Tr@ppRPA@G0T0 correlation energy (triplet) =       -0.0017605591 au
        Tr@ppRPA@G0T0 correlation energy           =       -0.0345778568 au
        Tr@ppRPA@G0T0 total energy                 =      -15.7294320406 au
              GM@G0T0 correlation energy           =       -0.0556623889 au
              GM@G0T0 total energy                 =      -15.7505165728 au
 -------------------------------------------------------------------------------


 -------------------------------------------------------------
   BSE@GT       calculation: singlet        manifold
 -------------------------------------------------------------
 | State |  Excitation energy (au) |  Excitation energy (eV) |
 -------------------------------------------------------------
 |     1 |                0.199863 |                5.438550 |
 |     2 |                0.199863 |                5.438550 |
 |     3 |                0.272371 |                7.411599 |
 |     4 |                0.272371 |                7.411599 |
 |     5 |                0.281169 |                7.651001 |
 |     6 |                0.311868 |                8.486360 |
 |     7 |                0.419072 |               11.403526 |
 |     8 |                0.440285 |               11.980768 |
 |     9 |                0.450031 |               12.245974 |
 |    10 |                0.450031 |               12.245974 |
 |    11 |                0.478170 |               13.011673 |
 |    12 |                0.494619 |               13.459272 |
 |    13 |                0.494838 |               13.465229 |
 |    14 |                0.494838 |               13.465229 |
 |    15 |                0.503168 |               13.691895 |
 |    16 |                0.506379 |               13.779263 |
 |    17 |                0.717780 |               19.531790 |
 |    18 |                0.717780 |               19.531790 |
 |    19 |                0.723711 |               19.693184 |
 |    20 |                0.723711 |               19.693184 |
 -------------------------------------------------------------

 ---------------------------------------------------------------
                 Transition dipole moment (au)                  
 ---------------------------------------------------------------
  #           X           Y           Z   dip. str.   osc. str.
 ---------------------------------------------------------------
  1    0.000000    0.000000    0.000000    0.000000    0.000000
  2   -0.000000   -0.000000   -0.000000    0.000000    0.000000
  3    0.474932   -1.510118    0.000000    2.506017    0.455045
  4   -1.510118   -0.474932   -0.000000    2.506017    0.455045
  5   -0.000000   -0.000000    2.323015    5.396397    1.011533
  6    0.000000   -0.000000    0.000000    0.000000    0.000000
  7   -0.000000    0.000000    1.024204    1.048994    0.293069
  8   -0.000000    0.000000    0.000000    0.000000    0.000000
  9    0.000000    0.000000   -0.000000    0.000000    0.000000
 10    0.000000    0.000000   -0.000000    0.000000    0.000000
 ---------------------------------------------------------------

 -------------------------------------------------------------
 Excitation n.   1:   5.438550 eV  f = 0.0000  <S**2> = 0.0000
 -------------------------------------------------------------
  3 ->   4 =  -0.345932
  3 ->   5 =  -0.602621
  3 ->  10 =   0.125872

 -------------------------------------------------------------
 Excitation n.   2:   5.438550 eV  f = 0.0000  <S**2> = 0.0000
 -------------------------------------------------------------
  3 ->   4 =   0.602621
  3 ->   5 =  -0.345932
  3 ->   9 =  -0.125872

 -------------------------------------------------------------
 Excitation n.   3:   7.411599 eV  f = 0.4550  <S**2> = 0.0000
 -------------------------------------------------------------
  2 ->   5 =   0.697768
  2 ->  10 =  -0.105298

 -------------------------------------------------------------
 Excitation n.   4:   7.411599 eV  f = 0.4550  <S**2> = 0.0000
 -------------------------------------------------------------
  2 ->   4 =   0.697768
  2 ->   9 =  -0.105298

 -------------------------------------------------------------
 Excitation n.   5:   7.651001 eV  f = 1.0115  <S**2> = 0.0000
 -------------------------------------------------------------
  3 ->   6 =  -0.700818

 -------------------------------------------------------------
 Excitation n.   6:   8.486360 eV  f = 0.0000  <S**2> = 0.0000
 -------------------------------------------------------------
  2 ->   6 =  -0.704124

 -------------------------------------------------------------
 Excitation n.   7:  11.403526 eV  f = 0.2931  <S**2> = 0.0000
 -------------------------------------------------------------
  2 ->   7 =   0.277214
  2 ->  11 =   0.168655
  3 ->   8 =   0.624166

 -------------------------------------------------------------
 Excitation n.   8:  11.980768 eV  f = 0.0000  <S**2> = 0.0000
 -------------------------------------------------------------
  2 ->   8 =   0.213212
  3 ->   7 =   0.670833

 -------------------------------------------------------------
 Excitation n.   9:  12.245974 eV  f = 0.0000  <S**2> = 0.0000
 -------------------------------------------------------------
  3 ->   4 =  -0.113329
  3 ->   9 =  -0.690838
  3 ->  10 =   0.073269

 -------------------------------------------------------------
 Excitation n.  10:  12.245974 eV  f = 0.0000  <S**2> = 0.0000
 -------------------------------------------------------------
  3 ->   5 =   0.113329
  3 ->   9 =   0.073269
  3 ->  10 =   0.690838

Thomas-Reiche-Kuhn sum rule =   2.214692


 *** dynamical TDA activated ***

 ---------------------------------------------------------------------------------------------------
  First-order dynamical correction to static Bethe-Salpeter excitation energies                     
 ---------------------------------------------------------------------------------------------------
  BSE neutral excitation must be lower than the GT gap =  11.580807 eV
 ---------------------------------------------------------------------------------------------------
      #          Static (eV)         Dynamic (eV)      Correction (eV)         Renorm. (eV)
 ---------------------------------------------------------------------------------------------------
      1            5.438550            5.368038           -0.070512            1.002638
      2            5.438550            5.368038           -0.070512            1.002638
      3            7.411599            7.431534            0.019935            0.999390
      4            7.411599            7.431534            0.019935            0.999390
      5            7.651001            7.594115           -0.056886            1.002277
      6            8.486360            8.527824            0.041465            0.992947
      7           11.403526           11.374499           -0.029027            1.001251
      8           11.980768           12.006370            0.025602            0.996391
      9           12.245974           12.225429           -0.020545            1.001769
     10           12.245974           12.225429           -0.020545            1.001769
 ---------------------------------------------------------------------------------------------------


 -------------------------------------------------------------
   BSE@GT       calculation: triplet        manifold
 -------------------------------------------------------------
 | State |  Excitation energy (au) |  Excitation energy (eV) |
 -------------------------------------------------------------
 |     1 |                0.154898 |                4.214996 |
 |     2 |                0.175719 |                4.781566 |
 |     3 |                0.175719 |                4.781566 |
 |     4 |                0.192595 |                5.240787 |
 |     5 |                0.212182 |                5.773777 |
 |     6 |                0.212182 |                5.773777 |
 |     7 |                0.365306 |                9.940484 |
 |     8 |                0.367168 |                9.991137 |
 |     9 |                0.434796 |               11.831401 |
 |    10 |                0.444737 |               12.101900 |
 |    11 |                0.444737 |               12.101900 |
 |    12 |                0.469897 |               12.786535 |
 |    13 |                0.481401 |               13.099582 |
 |    14 |                0.481401 |               13.099582 |
 |    15 |                0.488241 |               13.285702 |
 |    16 |                0.492433 |               13.399792 |
 |    17 |                0.661596 |               18.002935 |
 |    18 |                0.661596 |               18.002935 |
 |    19 |                0.673280 |               18.320883 |
 |    20 |                0.700595 |               19.064163 |
 -------------------------------------------------------------

 -------------------------------------------------------------
 Excitation n.   1:   4.214996 eV  f = 0.0000  <S**2> = 2.0000
 -------------------------------------------------------------
  2 ->  11 =  -0.204509
  3 ->   6 =   0.659765
  3 ->   8 =  -0.128009

 -------------------------------------------------------------
 Excitation n.   2:   4.781566 eV  f = 0.0000  <S**2> = 2.0000
 -------------------------------------------------------------
  3 ->   4 =   0.575301
  3 ->   5 =   0.379832
  3 ->   9 =  -0.077046
  3 ->  10 =  -0.111832

 -------------------------------------------------------------
 Excitation n.   3:   4.781566 eV  f = 0.0000  <S**2> = 2.0000
 -------------------------------------------------------------
  3 ->   4 =  -0.379832
  3 ->   5 =   0.575301
  3 ->   9 =   0.111832
  3 ->  10 =  -0.077046

 -------------------------------------------------------------
 Excitation n.   4:   5.240787 eV  f = 0.0000  <S**2> = 2.0000
 -------------------------------------------------------------
  2 ->   6 =  -0.624273
  2 ->   8 =   0.138295
  3 ->  11 =   0.284164

 -------------------------------------------------------------
 Excitation n.   5:   5.773777 eV  f = 0.0000  <S**2> = 2.0000
 -------------------------------------------------------------
  2 ->   4 =  -0.646359
  2 ->   5 =  -0.222020
  2 ->   9 =   0.118183
  2 ->  10 =   0.102586
  3 ->  12 =  -0.086579

 -------------------------------------------------------------
 Excitation n.   6:   5.773777 eV  f = 0.0000  <S**2> = 2.0000
 -------------------------------------------------------------
  2 ->   4 =  -0.222020
  2 ->   5 =   0.646359
  2 ->   9 =   0.102586
  2 ->  10 =  -0.118183
  3 ->  13 =   0.086579

 -------------------------------------------------------------
 Excitation n.   7:   9.940484 eV  f = 0.0000  <S**2> = 2.0000
 -------------------------------------------------------------
  2 ->   6 =  -0.205640
  2 ->   8 =  -0.328282
  2 ->  14 =   0.105801
  3 ->   7 =  -0.412399
  3 ->  11 =  -0.408953

 -------------------------------------------------------------
 Excitation n.   8:   9.991137 eV  f = 0.0000  <S**2> = 2.0000
 -------------------------------------------------------------
  2 ->   7 =  -0.277186
  2 ->  11 =  -0.333511
  3 ->   6 =  -0.174478
  3 ->   8 =  -0.518210
  3 ->  14 =   0.106469

 -------------------------------------------------------------
 Excitation n.   9:  11.831401 eV  f = 0.0000  <S**2> = 2.0000
 -------------------------------------------------------------
  2 ->   6 =   0.241846
  2 ->   8 =  -0.079716
  3 ->   7 =  -0.490104
  3 ->  11 =   0.434005

 -------------------------------------------------------------
 Excitation n.  10:  12.101900 eV  f = 0.0000  <S**2> = 2.0000
 -------------------------------------------------------------
  3 ->   4 =  -0.106956
  3 ->   5 =   0.092840
  3 ->   9 =  -0.653561
  3 ->  10 =   0.224494

Thomas-Reiche-Kuhn sum rule =   0.000000


 *** dynamical TDA activated ***

 ---------------------------------------------------------------------------------------------------
  First-order dynamical correction to static Bethe-Salpeter excitation energies                     
 ---------------------------------------------------------------------------------------------------
  BSE neutral excitation must be lower than the GT gap =  11.580807 eV
 ---------------------------------------------------------------------------------------------------
      #          Static (eV)         Dynamic (eV)      Correction (eV)         Renorm. (eV)
 ---------------------------------------------------------------------------------------------------
      1            4.214996            4.049333           -0.165663            1.008649
      2            4.781566            4.700631           -0.080935            1.003004
      3            4.781566            4.700631           -0.080935            1.003004
      4            5.240787            5.051674           -0.189112            1.008979
      5            5.773777            5.608591           -0.165186            1.004877
      6            5.773777            5.608591           -0.165186            1.004877
      7            9.940484            9.849859           -0.090625            1.007504
      8            9.991137            9.917999           -0.073137            1.006145
      9           11.831401           11.760429           -0.070972            1.005424
     10           12.101900           12.062093           -0.039807            1.003292
 ---------------------------------------------------------------------------------------------------


 -------------------------------------------------------------------------------
          Tr@BSE@G0T0 correlation energy (singlet) =       -0.0066491370 au
          Tr@BSE@G0T0 correlation energy (triplet) =       -0.0075551471 au
          Tr@BSE@G0T0 correlation energy           =       -0.0142042841 au
          Tr@BSE@G0T0 total energy                 =      -15.7090584680 au
 -------------------------------------------------------------------------------

                                       Total CPU time for G0T0 =      2.693 seconds

                                      Total CPU time for QuAcK =      3.863 seconds

