78 significant shell pairs computed in 0.000098 seconds
0
Computed Electron repulsion integrals Integrals in parallel in 0.268375 seconds

 ******************************************************************************************
 *            QuAcK                       QuAcK                         QuAcK             *
 *   __        __        __       __        __        __       __        __        __     *
 * <(o )___  <(o )___  <(o )___ <(o )___  <(o )___  <(o )___ <(o )___  <(o )___  <(o )___ *
 * ( ._> /   ( ._> /   ( ._> /  ( ._> /   ( ._> /   ( ._> /  ( ._> /   ( ._> /   ( ._> /  *
 *|--------------------------------------------------------------------------------------|*
 ******************************************************************************************

      ----------------------
             Number of atoms                3
      ----------------------

      ----------------------
Number of spin-up   electron                3
Number of spin-down electron                3
    Total number of electron                6
      ----------------------

      ----------------------
Number of core      electron                0
Number of Rydberg   electron                0
      ----------------------

          ------------------
          Molecular geometry
          ------------------
                    Atom n.                 1
                        Z =      4.0000000000
           Atom coordinates:     0.0000000000    0.0000000000    0.0000000000
                    Atom n.                 2
                        Z =      1.0000000000
           Atom coordinates:     0.0000000000    0.0000000000    1.7007535129
                    Atom n.                 3
                        Z =      1.0000000000
           Atom coordinates:     0.0000000000    0.0000000000   -1.7007535129

          ------------------
 Nuclear repulsion energy =      4.9977847675
          ------------------

          Gaussian basis set
          ------------------
                    Atom n.                 1
           number of shells                 6
          ------------------
      s-type shell with K =                 9
                                    Exponents     Contraction
                              2940.0000000000    0.0006800000
                               441.2000000000    0.0052360000
                               100.5000000000    0.0266060000
                                28.4300000000    0.0999930000
                                 9.1690000000    0.2697020000
                                 3.1960000000    0.4514690000
                                 1.1590000000    0.2950740000
                                 0.1811000000    0.0125870000
                                 0.0589000000   -0.0037560000
      s-type shell with K =                 9
                                    Exponents     Contraction
                              2940.0000000000   -0.0001230000
                               441.2000000000   -0.0009660000
                               100.5000000000   -0.0048310000
                                28.4300000000   -0.0193140000
                                 9.1690000000   -0.0532800000
                                 3.1960000000   -0.1207230000
                                 1.1590000000   -0.1334350000
                                 0.1811000000    0.5307670000
                                 0.0589000000    0.5801170000
      s-type shell with K =                 1
                                    Exponents     Contraction
                                 0.0589000000    1.0000000000
      p-type shell with K =                 4
                                    Exponents     Contraction
                                 3.6190000000    0.0291110000
                                 0.7110000000    0.1693650000
                                 0.1951000000    0.5134580000
                                 0.0601800000    0.4793380000
      p-type shell with K =                 1
                                    Exponents     Contraction
                                 0.0601800000    1.0000000000
      d-type shell with K =                 1
                                    Exponents     Contraction
                                 0.2354000000    1.0000000000
          ------------------
                    Atom n.                 2
           number of shells                 3
          ------------------
      s-type shell with K =                 4
                                    Exponents     Contraction
                                13.0100000000    0.0196850000
                                 1.9620000000    0.1379770000
                                 0.4446000000    0.4781480000
                                 0.1220000000    0.5012400000
      s-type shell with K =                 1
                                    Exponents     Contraction
                                 0.1220000000    1.0000000000
      p-type shell with K =                 1
                                    Exponents     Contraction
                                 0.7270000000    1.0000000000
          ------------------
                    Atom n.                 3
           number of shells                 3
          ------------------
      s-type shell with K =                 4
                                    Exponents     Contraction
                                13.0100000000    0.0196850000
                                 1.9620000000    0.1379770000
                                 0.4446000000    0.4781480000
                                 0.1220000000    0.5012400000
      s-type shell with K =                 1
                                    Exponents     Contraction
                                 0.1220000000    1.0000000000
      p-type shell with K =                 1
                                    Exponents     Contraction
                                 0.7270000000    1.0000000000
          ------------------
            Number of shells               12
          ------------------

          ------------------
   Number of basis functions               25
          ------------------

 Scaling integrals by    1.0000000000000000     

                          Total CPU time for reading integrals =      0.022 seconds


 ************************************************
 |    Restricted Hartree-Fock calculation       |
 ************************************************


 ----------------------------------------------------
 | RHF calculation                                  |
 ----------------------------------------------------
 |   # |        HF energy |       Conv |     HL Gap |
 ----------------------------------------------------
 |   1 |   -15.8052691762 |   0.542312 |   1.557081 |
 |   2 |   -15.7123364538 |   0.246075 |   1.607849 |
 |   3 |   -15.6349040852 |   0.109047 |   1.609530 |
 |   4 |   -15.5928908653 |   0.049809 |   1.605160 |
 |   5 |   -15.5709618629 |   0.028986 |   1.601594 |
 |   6 |   -15.5592338092 |   0.018765 |   1.599287 |
 |   7 |   -15.5527402322 |   0.012384 |   1.597866 |
 |   8 |   -15.5490245842 |   0.008289 |   1.596999 |
 |   9 |   -15.5468364279 |   0.005607 |   1.596465 |
 |  10 |   -15.5455156312 |   0.003822 |   1.596134 |
 |  11 |   -15.5447013679 |   0.002621 |   1.595926 |
 |  12 |   -15.5441902084 |   0.001805 |   1.595793 |
 |  13 |   -15.5438643027 |   0.001248 |   1.595709 |
 |  14 |   -15.5436537290 |   0.000865 |   1.595653 |
 |  15 |   -15.5435161189 |   0.000601 |   1.595617 |
 |  16 |   -15.5434253169 |   0.000418 |   1.595594 |
 |  17 |   -15.5433649083 |   0.000291 |   1.595578 |
 |  18 |   -15.5433244408 |   0.000203 |   1.595568 |
 |  19 |   -15.5432971735 |   0.000142 |   1.595560 |
 |  20 |   -15.5432787108 |   0.000099 |   1.595556 |
 |  21 |   -15.5432661585 |   0.000069 |   1.595553 |
 |  22 |   -15.5432575955 |   0.000048 |   1.595550 |
 |  23 |   -15.5432517373 |   0.000034 |   1.595549 |
 |  24 |   -15.5432477201 |   0.000024 |   1.595548 |
 |  25 |   -15.5432449599 |   0.000017 |   1.595547 |
 |  26 |   -15.5432430604 |   0.000012 |   1.595547 |
 |  27 |   -15.5432417513 |   0.000008 |   1.595546 |
 |  28 |   -15.5432408482 |   0.000006 |   1.595546 |
 |  29 |   -15.5432402246 |   0.000004 |   1.595546 |
 |  30 |   -15.5432397937 |   0.000003 |   1.595546 |
 |  31 |   -15.5432394957 |   0.000002 |   1.595546 |
 |  32 |   -15.5432392895 |   0.000001 |   1.595546 |
 |  33 |   -15.5432391468 |   0.000001 |   1.595546 |
 |  34 |   -15.5432390480 |   0.000001 |   1.595546 |
 |  35 |   -15.5432389796 |   0.000000 |   1.595546 |
 |  36 |   -15.5432389322 |   0.000000 |   1.595546 |
 |  37 |   -15.5432388994 |   0.000000 |   1.595546 |
 |  38 |   -15.5432388767 |   0.000000 |   1.595546 |
 |  39 |   -15.5432388609 |   0.000000 |   1.595546 |
 |  40 |   -15.5432388900 |   0.000000 |   0.595546 |
 ----------------------------------------------------

         -----------------------------------------
           Summary              
         -----------------------------------------
           One-electron energy:    -29.7565614815 au
           Kinetic      energy:     16.7847659547 au
           Potential    energy:    -46.5413274362 au
         -----------------------------------------
           Two-electron energy:      9.2155378239 au
           Hartree      energy:     12.8755243642 au
           Exchange     energy:     -3.6599865403 au
         -----------------------------------------
           Electronic   energy:    -20.5410236575 au
           Nuclear   repulsion:      4.9977847675 au
           RHF          energy:    -15.5432388900 au
         -----------------------------------------
           HF HOMO      energy:        -13.988775 eV
           HF LUMO      energy:          2.216851 eV
           HF HOMO-LUMO gap   :         16.205626 eV
         -----------------------------------------
          Dipole moment (Debye)    
                   X         Y         Z      Tot.
           -0.000000  0.000000  0.000000  0.000000
         -----------------------------------------

           ---------------------------------------
                 MO coefficients
           ---------------------------------------
                 1              2              3              4              5
      1     0.99044844    -0.14865135     0.00000000     0.00000000     0.00000000
      2    -0.01502280     0.58625999     0.00000000     0.00000000     0.00000000
      3     0.01116716    -0.17237042     0.00000000     0.00000000     0.00000000
      4     0.00000000     0.00000000     0.00000000     0.34403820     0.11091887
      5     0.00000000     0.00000000     0.00000000     0.11091887    -0.34403820
      6     0.00000000     0.00000000     0.72301645     0.00000000     0.00000000
      7     0.00000000     0.00000000     0.00000000     0.63221852     0.20382900
      8     0.00000000     0.00000000     0.00000000     0.20382900    -0.63221852
      9     0.00000000     0.00000000    -0.20032448     0.00000000     0.00000000
     10     0.00015544     0.02008965     0.00000000     0.00000000     0.00000000
     11     0.00000000     0.00000000     0.00000000     0.00000000     0.00000000
     12     0.00000000     0.00000000     0.00000000     0.00000000     0.00000000
     13     0.00015544     0.02008965     0.00000000     0.00000000     0.00000000
     14     0.00000000     0.00000000     0.00000000     0.00000000     0.00000000
     15    -0.00585701     0.07019565     0.00000000     0.00000000     0.00000000
     16     0.02367163     0.57085493     0.63962961     0.00000000     0.00000000
     17    -0.01069229    -0.22685395    -0.36481735     0.00000000     0.00000000
     18     0.00000000     0.00000000     0.00000000     0.01580083     0.00509423
     19     0.00000000     0.00000000     0.00000000     0.00509423    -0.01580083
     20    -0.00368881    -0.02561390    -0.03680385     0.00000000     0.00000000
     21     0.02367163     0.57085493    -0.63962961     0.00000000     0.00000000
     22    -0.01069229    -0.22685395     0.36481735     0.00000000     0.00000000
     23     0.00000000     0.00000000     0.00000000     0.01580083     0.00509423
     24     0.00000000     0.00000000     0.00000000     0.00509423    -0.01580083
     25     0.00368881     0.02561390    -0.03680385     0.00000000     0.00000000
                 6              7              8              9             10
      1    -0.14975383     0.00000000     0.00000000     0.00000000     0.57657963
      2    -0.25149558     0.00000000     0.00000000     0.00000000     2.61542671
      3    -2.58231100     0.00000000     0.00000000     0.00000000    -1.34610850
      4     0.00000000     0.00000000     1.82626259     0.43050547     0.00000000
      5     0.00000000     0.00000000    -0.43050547     1.82626259     0.00000000
      6     0.00000000     0.06442755     0.00000000     0.00000000     0.00000000
      7     0.00000000     0.00000000    -1.76456501    -0.41596148     0.00000000
      8     0.00000000     0.00000000     0.41596148    -1.76456501     0.00000000
      9     0.00000000     2.02338777     0.00000000     0.00000000     0.00000000
     10     0.17534310     0.00000000     0.00000000     0.00000000     0.53852637
     11     0.00000000     0.00000000     0.00000000     0.00000000     0.00000000
     12     0.00000000     0.00000000     0.00000000     0.00000000     0.00000000
     13     0.17534310     0.00000000     0.00000000     0.00000000     0.53852637
     14     0.00000000     0.00000000     0.00000000     0.00000000     0.00000000
     15    -0.00433220     0.00000000     0.00000000     0.00000000    -0.20988957
     16     0.30724195    -0.14913084     0.00000000     0.00000000     0.04561410
     17     1.04817188    -1.35147349     0.00000000     0.00000000    -1.15040134
     18     0.00000000     0.00000000     0.01626358     0.00383382     0.00000000
     19     0.00000000     0.00000000    -0.00383382     0.01626358     0.00000000
     20    -0.03056390     0.05431365     0.00000000     0.00000000    -0.07942213
     21     0.30724195     0.14913084     0.00000000     0.00000000     0.04561410
     22     1.04817188     1.35147349     0.00000000     0.00000000    -1.15040134
     23     0.00000000     0.00000000     0.01626358     0.00383382     0.00000000
     24     0.00000000     0.00000000    -0.00383382     0.01626358     0.00000000
     25     0.03056390     0.05431365     0.00000000     0.00000000     0.07942213
                11             12             13             14             15
      1     0.00000000     0.00000000     0.00000000     0.00000000     0.00000000
      2     0.00000000     0.00000000     0.00000000     0.00000000     0.00000000
      3     0.00000000     0.00000000     0.00000000     0.00000000     0.00000000
      4     0.00000000     0.00000000     0.00000000     0.00000000     0.00000000
      5     0.00000000     0.00000000     0.00000000     0.00000000     0.00000000
      6     2.50770146     0.00000000     0.00000000     0.00000000     0.00000000
      7     0.00000000     0.00000000     0.00000000     0.00000000     0.00000000
      8     0.00000000     0.00000000     0.00000000     0.00000000     0.00000000
      9     0.92501678     0.00000000     0.00000000     0.00000000     0.00000000
     10     0.00000000     0.00000000     0.00000000     0.86602540    -0.00001254
     11     0.00000000     0.00000000     0.00000000    -0.00001447    -1.00000000
     12     0.00000000     0.17497706    -1.04697852     0.00000000     0.00000000
     13     0.00000000     0.00000000     0.00000000    -0.86602540     0.00001254
     14     0.00000000    -1.04697852    -0.17497706     0.00000000     0.00000000
     15     0.00000000     0.00000000     0.00000000     0.00000000     0.00000000
     16     0.38570493     0.00000000     0.00000000     0.00000000     0.00000000
     17    -4.08172842     0.00000000     0.00000000     0.00000000     0.00000000
     18     0.00000000    -0.01021075     0.06109620     0.00000000     0.00000000
     19     0.00000000     0.06109620     0.01021075     0.00000000     0.00000000
     20     0.09746963     0.00000000     0.00000000     0.00000000     0.00000000
     21    -0.38570493     0.00000000     0.00000000     0.00000000     0.00000000
     22     4.08172842     0.00000000     0.00000000     0.00000000     0.00000000
     23     0.00000000     0.01021075    -0.06109620     0.00000000     0.00000000
     24     0.00000000    -0.06109620    -0.01021075     0.00000000     0.00000000
     25     0.09746963     0.00000000     0.00000000     0.00000000     0.00000000
                16             17             18             19             20
      1     0.89484346     0.09445355     0.00000000     0.00000000     0.00000000
      2     3.90209378     2.91944328     0.00000000     0.00000000     0.00000000
      3     0.30400708    -2.02671478     0.00000000     0.00000000     0.00000000
      4     0.00000000     0.00000000     0.00000000     1.31011217     0.01767403
      5     0.00000000     0.00000000     0.00000000     0.01767403    -1.31011217
      6     0.00000000     0.00000000     1.50669355     0.00000000     0.00000000
      7     0.00000000     0.00000000     0.00000000    -0.80461166    -0.01085459
      8     0.00000000     0.00000000     0.00000000    -0.01085459     0.80461166
      9     0.00000000     0.00000000    -1.23937616     0.00000000     0.00000000
     10    -0.47920880    -1.48179301     0.00000000     0.00000000     0.00000000
     11     0.00000000     0.00000000     0.00000000     0.00000000     0.00000000
     12     0.00000000     0.00000000     0.00000000     0.00000000     0.00000000
     13    -0.47920880    -1.48179301     0.00000000     0.00000000     0.00000000
     14     0.00000000     0.00000000     0.00000000     0.00000000     0.00000000
     15     0.60081896    -2.21823616     0.00000000     0.00000000     0.00000000
     16     0.72962336    -0.38402961    -1.64368534     0.00000000     0.00000000
     17    -3.14884980     1.97422606     1.58341760     0.00000000     0.00000000
     18     0.00000000     0.00000000     0.00000000    -0.86442757    -0.01166154
     19     0.00000000     0.00000000     0.00000000    -0.01166154     0.86442757
     20    -0.05615322     0.14203875    -0.48166423     0.00000000     0.00000000
     21     0.72962336    -0.38402961     1.64368534     0.00000000     0.00000000
     22    -3.14884980     1.97422606    -1.58341760     0.00000000     0.00000000
     23     0.00000000     0.00000000     0.00000000    -0.86442757    -0.01166154
     24     0.00000000     0.00000000     0.00000000    -0.01166154     0.86442757
     25     0.05615322    -0.14203875    -0.48166423     0.00000000     0.00000000
                21             22             23             24             25
      1     0.00000000     0.00000000     0.41036254     0.00000000     3.03483993
      2     0.00000000     0.00000000     1.99610334     0.00000000    11.75997852
      3     0.00000000     0.00000000    -0.47681474     0.00000000    -5.19620464
      4     0.00000000     0.00000000     0.00000000     0.00000000     0.00000000
      5     0.00000000     0.00000000     0.00000000     0.00000000     0.00000000
      6     0.00000000     0.00000000     0.00000000     7.12322742     0.00000000
      7     0.00000000     0.00000000     0.00000000     0.00000000     0.00000000
      8     0.00000000     0.00000000     0.00000000     0.00000000     0.00000000
      9     0.00000000     0.00000000     0.00000000    -2.14100153     0.00000000
     10     0.00000000     0.00000000    -0.11533790     0.00000000    -1.53467962
     11     0.00000000     0.00000000     0.00000000     0.00000000     0.00000000
     12     0.60037173    -0.79937456     0.00000000     0.00000000     0.00000000
     13     0.00000000     0.00000000    -0.11533790     0.00000000    -1.53467962
     14     0.79937456     0.60037173     0.00000000     0.00000000     0.00000000
     15     0.00000000     0.00000000     2.99165476     0.00000000     1.10493744
     16     0.00000000     0.00000000    -2.24256239    -3.02746782    -3.14924887
     17     0.00000000     0.00000000    -0.32995828    -1.95473586    -0.60910392
     18    -0.62275727     0.82918016     0.00000000     0.00000000     0.00000000
     19    -0.82918016    -0.62275727     0.00000000     0.00000000     0.00000000
     20     0.00000000     0.00000000    -0.90299724     1.19571335     0.74120038
     21     0.00000000     0.00000000    -2.24256239     3.02746782    -3.14924887
     22     0.00000000     0.00000000    -0.32995828     1.95473586    -0.60910392
     23     0.62275727    -0.82918016     0.00000000     0.00000000     0.00000000
     24     0.82918016     0.62275727     0.00000000     0.00000000     0.00000000
     25     0.00000000     0.00000000     0.90299724     1.19571335    -0.74120038

           ---------------------------------------
                     MO energies
           ---------------------------------------
                 1
      1    -4.62775590
      2    -0.52090900
      3    -0.51407801
      4     0.08146778
      5     0.08146778
      6     0.14308395
      7     0.15683332
      8     0.37277339
      9     0.37277339
     10     0.48087879
     11     0.59873902
     12     0.61954573
     13     0.61954573
     14     0.67019908
     15     0.67019908
     16     0.68887075
     17     1.31994136
     18     1.54933279
     19     1.93447572
     20     1.93447572
     21     2.15814096
     22     2.15814096
     23     2.35529709
     24     2.77555880
     25     2.78758503

                                        Total CPU time for RHF =      0.322 seconds


 AO to MO transformation... Please be patient

                    Total CPU time for AO to MO transformation =      0.637 seconds


 ************************************************
 |          One-shot G0W0 calculation           |
 ************************************************


 -------------------------------------------------------------
   RPA@HF       calculation: singlet        manifold
 -------------------------------------------------------------
 | State |  Excitation energy (au) |  Excitation energy (eV) |
 -------------------------------------------------------------
 |     1 |                0.609499 |               16.585304 |
 |     2 |                0.609499 |               16.585304 |
 |     3 |                0.641798 |               17.464202 |
 |     4 |                0.641798 |               17.464202 |
 |     5 |                0.669969 |               18.230784 |
 |     6 |                0.670242 |               18.238213 |
 |     7 |                0.696837 |               18.961902 |
 |     8 |                0.709303 |               19.301125 |
 |     9 |                0.909860 |               24.758551 |
 |    10 |                0.909860 |               24.758551 |
 |    11 |                0.947595 |               25.785364 |
 |    12 |                0.947595 |               25.785364 |
 |    13 |                1.038096 |               28.248035 |
 |    14 |                1.051040 |               28.600259 |
 |    15 |                1.149593 |               31.282019 |
 |    16 |                1.165926 |               31.726463 |
 |    17 |                1.195748 |               32.537956 |
 |    18 |                1.195748 |               32.537956 |
 |    19 |                1.206377 |               32.827197 |
 |    20 |                1.206377 |               32.827197 |
 -------------------------------------------------------------

  *** Quasiparticle energies obtained by linearization *** 

 -------------------------------------------------------------------------------
   One-shot G0W0 calculation
 -------------------------------------------------------------------------------
 |   # |       e_HF (eV) |      Sig_c (eV) |               Z |       e_QP (eV) |
 -------------------------------------------------------------------------------
 |   1 |     -125.927652 |        4.362285 |        0.907175 |     -121.970295 |
 |   2 |      -14.174656 |        0.142506 |        0.946512 |      -14.039773 |
 |   3 |      -13.988775 |        0.335572 |        0.939552 |      -13.673488 |
 |   4 |        2.216851 |       -0.298772 |        0.987184 |        1.921908 |
 |   5 |        2.216851 |       -0.298772 |        0.987184 |        1.921908 |
 |   6 |        3.893513 |       -0.201218 |        0.990317 |        3.694243 |
 |   7 |        4.267652 |       -0.069224 |        0.996717 |        4.198655 |
 |   8 |       10.143681 |       -0.797764 |        0.967184 |        9.372096 |
 |   9 |       10.143681 |       -0.797764 |        0.967184 |        9.372096 |
 |  10 |       13.085379 |       -0.694957 |        0.965399 |       12.414468 |
 |  11 |       16.292519 |       -0.392736 |        0.977696 |       15.908543 |
 |  12 |       16.858698 |       -0.409366 |        0.971335 |       16.461067 |
 |  13 |       16.858698 |       -0.409366 |        0.971335 |       16.461067 |
 |  14 |       18.237046 |       -1.593016 |        0.623428 |       17.243914 |
 |  15 |       18.237046 |       -1.593016 |        0.623428 |       17.243914 |
 |  16 |       18.745128 |       -1.056712 |        0.752703 |       17.949738 |
 |  17 |       35.917434 |     -119.676667 |        0.000097 |       35.905835 |
 |  18 |       42.159493 |       -2.836919 |        0.190542 |       41.618940 |
 |  19 |       52.639766 |        6.336886 |        0.041318 |       52.901592 |
 |  20 |       52.639766 |        6.336886 |        0.041318 |       52.901592 |
 |  21 |       58.726007 |       -1.067363 |        0.797440 |       57.874849 |
 |  22 |       58.726007 |       -1.067363 |        0.797440 |       57.874849 |
 |  23 |       64.090898 |        0.192032 |        0.098118 |       64.109740 |
 |  24 |       75.526802 |       -1.850459 |        0.435104 |       74.721659 |
 |  25 |       75.854052 |       -0.221992 |        0.405270 |       75.764086 |
 -------------------------------------------------------------------------------
          G0W0 HOMO      energy:     -13.673488 eV
          G0W0 LUMO      energy:       1.921908 eV
          G0W0 HOMO-LUMO gap   :      15.595395 eV
 -------------------------------------------------------------------------------
    RPA@G0W0 total energy      :     -15.638574 au
    RPA@G0W0 correlation energy:      -0.095335 au
    GM@G0W0  total energy      :     -15.717472 au
    GM@G0W0  correlation energy:      -0.174233 au
 -------------------------------------------------------------------------------


 -------------------------------------------------------------
   BSE@GW       calculation: singlet        manifold
 -------------------------------------------------------------
 | State |  Excitation energy (au) |  Excitation energy (eV) |
 -------------------------------------------------------------
 |     1 |                0.308993 |                8.408129 |
 |     2 |                0.308993 |                8.408129 |
 |     3 |                0.365817 |                9.954394 |
 |     4 |                0.365817 |                9.954394 |
 |     5 |                0.443232 |               12.060968 |
 |     6 |                0.461830 |               12.567045 |
 |     7 |                0.478391 |               13.017677 |
 |     8 |                0.483231 |               13.149388 |
 |     9 |                0.559302 |               15.219385 |
 |    10 |                0.559302 |               15.219385 |
 |    11 |                0.595631 |               16.207951 |
 |    12 |                0.595631 |               16.207951 |
 |    13 |                0.684666 |               18.630707 |
 |    14 |                0.710700 |               19.339139 |
 |    15 |                0.822762 |               22.388484 |
 |    16 |                0.822762 |               22.388484 |
 |    17 |                0.839842 |               22.853271 |
 |    18 |                0.839842 |               22.853271 |
 |    19 |                0.842768 |               22.932876 |
 |    20 |                0.842768 |               22.932876 |
 -------------------------------------------------------------

 ---------------------------------------------------------------
                 Transition dipole moment (au)                  
 ---------------------------------------------------------------
  #           X           Y           Z   dip. str.   osc. str.
 ---------------------------------------------------------------
  1    0.000000   -0.000000    0.000000    0.000000    0.000000
  2    0.000000    0.000000    0.000000    0.000000    0.000000
  3   -1.096210    0.698909   -0.000000    1.690151    0.412191
  4    0.698909    1.096210   -0.000000    1.690151    0.412191
  5   -0.000000   -0.000000    0.184180    0.033922    0.010024
  6   -0.000000    0.000000    0.000000    0.000000    0.000000
  7   -0.000000   -0.000000    0.000000    0.000000    0.000000
  8   -0.000000   -0.000000   -0.675388    0.456149    0.146950
  9    0.000000   -0.000000    0.000000    0.000000    0.000000
 10   -0.000000   -0.000000    0.000000    0.000000    0.000000
 ---------------------------------------------------------------

 -------------------------------------------------------------
 Excitation n.   1:   8.408129 eV  f = 0.0000  <S**2> = 0.0000
 -------------------------------------------------------------
  3 ->   4 =  -0.613912
  3 ->   5 =  -0.302661
  3 ->   8 =  -0.177193

 -------------------------------------------------------------
 Excitation n.   2:   8.408129 eV  f = 0.0000  <S**2> = 0.0000
 -------------------------------------------------------------
  3 ->   4 =  -0.302661
  3 ->   5 =   0.613912
  3 ->   9 =  -0.177193

 -------------------------------------------------------------
 Excitation n.   3:   9.954394 eV  f = 0.4122  <S**2> = 0.0000
 -------------------------------------------------------------
  2 ->   4 =  -0.447894
  2 ->   5 =  -0.541213
  2 ->   8 =  -0.092945

 -------------------------------------------------------------
 Excitation n.   4:   9.954394 eV  f = 0.4122  <S**2> = 0.0000
 -------------------------------------------------------------
  2 ->   4 =   0.541213
  2 ->   5 =  -0.447894
  2 ->   9 =   0.092945

 -------------------------------------------------------------
 Excitation n.   5:  12.060968 eV  f = 0.0100  <S**2> = 0.0000
 -------------------------------------------------------------
  2 ->   7 =   0.210143
  3 ->   6 =  -0.674270

 -------------------------------------------------------------
 Excitation n.   6:  12.567045 eV  f = 0.0000  <S**2> = 0.0000
 -------------------------------------------------------------
  2 ->   6 =  -0.702791
  3 ->   7 =   0.071599

 -------------------------------------------------------------
 Excitation n.   7:  13.017677 eV  f = 0.0000  <S**2> = 0.0000
 -------------------------------------------------------------
  3 ->   7 =  -0.702169

 -------------------------------------------------------------
 Excitation n.   8:  13.149388 eV  f = 0.1470  <S**2> = 0.0000
 -------------------------------------------------------------
  2 ->   7 =  -0.667635
  3 ->   6 =  -0.212880

 -------------------------------------------------------------
 Excitation n.   9:  15.219385 eV  f = 0.0000  <S**2> = 0.0000
 -------------------------------------------------------------
  3 ->   4 =   0.139348
  3 ->   5 =   0.109735
  3 ->   8 =  -0.679417
  3 ->   9 =   0.084462

 -------------------------------------------------------------
 Excitation n.  10:  15.219385 eV  f = 0.0000  <S**2> = 0.0000
 -------------------------------------------------------------
  3 ->   4 =  -0.109735
  3 ->   5 =   0.139348
  3 ->   8 =   0.084462
  3 ->   9 =   0.679417

Thomas-Reiche-Kuhn sum rule =   0.981356


 *** dynamical TDA activated ***

 ---------------------------------------------------------------------------------------------------
  First-order dynamical correction to static Bethe-Salpeter excitation energies                     
 ---------------------------------------------------------------------------------------------------
  BSE neutral excitation must be lower than the GW gap =  15.595395 eV
 ---------------------------------------------------------------------------------------------------
      #          Static (eV)         Dynamic (eV)      Correction (eV)         Renorm. (eV)
 ---------------------------------------------------------------------------------------------------
      1            8.408129            8.246035           -0.162094            1.013203
      2            8.408129            8.246035           -0.162094            1.013203
      3            9.954394            9.862351           -0.092042            1.010457
      4            9.954394            9.862351           -0.092042            1.010457
      5           12.060968           12.013770           -0.047198            1.006983
      6           12.567045           12.531043           -0.036002            1.005614
      7           13.017677           12.993625           -0.024052            1.003423
      8           13.149388           13.124212           -0.025176            1.002460
      9           15.219385           15.039338           -0.180047            1.014178
     10           15.219385           15.039338           -0.180047            1.014178
 ---------------------------------------------------------------------------------------------------


 -------------------------------------------------------------
   BSE@GW       calculation: triplet        manifold
 -------------------------------------------------------------
 | State |  Excitation energy (au) |  Excitation energy (eV) |
 -------------------------------------------------------------
 |     1 |                0.270402 |                7.358014 |
 |     2 |                0.270402 |                7.358014 |
 |     3 |                0.280427 |                7.630819 |
 |     4 |                0.280427 |                7.630819 |
 |     5 |                0.389940 |               10.610805 |
 |     6 |                0.397387 |               10.813442 |
 |     7 |                0.465481 |               12.666395 |
 |     8 |                0.474028 |               12.898967 |
 |     9 |                0.538592 |               14.655842 |
 |    10 |                0.538592 |               14.655842 |
 |    11 |                0.551231 |               14.999751 |
 |    12 |                0.551231 |               14.999751 |
 |    13 |                0.619155 |               16.848075 |
 |    14 |                0.632719 |               17.217166 |
 |    15 |                0.761704 |               20.727024 |
 |    16 |                0.762152 |               20.739221 |
 |    17 |                0.762152 |               20.739221 |
 |    18 |                0.770238 |               20.959231 |
 |    19 |                0.779709 |               21.216950 |
 |    20 |                0.779709 |               21.216950 |
 -------------------------------------------------------------

 -------------------------------------------------------------
 Excitation n.   1:   7.358014 eV  f = 0.0000  <S**2> = 2.0000
 -------------------------------------------------------------
  2 ->  13 =  -0.081142
  3 ->   4 =   0.624857
  3 ->   5 =  -0.214736
  3 ->   8 =   0.151897
  3 ->   9 =   0.181662

 -------------------------------------------------------------
 Excitation n.   2:   7.358014 eV  f = 0.0000  <S**2> = 2.0000
 -------------------------------------------------------------
  2 ->  12 =  -0.081142
  3 ->   4 =  -0.214736
  3 ->   5 =  -0.624857
  3 ->   8 =  -0.181662
  3 ->   9 =   0.151897

 -------------------------------------------------------------
 Excitation n.   3:   7.630819 eV  f = 0.0000  <S**2> = 2.0000
 -------------------------------------------------------------
  2 ->   5 =  -0.660792
  2 ->   8 =  -0.128071
  2 ->   9 =   0.198978
  3 ->  12 =  -0.095283

 -------------------------------------------------------------
 Excitation n.   4:   7.630819 eV  f = 0.0000  <S**2> = 2.0000
 -------------------------------------------------------------
  2 ->   4 =   0.660792
  2 ->   8 =   0.198978
  2 ->   9 =   0.128071
  3 ->  13 =  -0.095283

 -------------------------------------------------------------
 Excitation n.   5:  10.610805 eV  f = 0.0000  <S**2> = 2.0000
 -------------------------------------------------------------
  2 ->   7 =   0.299690
  2 ->  11 =  -0.071822
  3 ->   6 =  -0.625459
  3 ->  16 =  -0.117899

 -------------------------------------------------------------
 Excitation n.   6:  10.813442 eV  f = 0.0000  <S**2> = 2.0000
 -------------------------------------------------------------
  2 ->   6 =  -0.555956
  2 ->  16 =  -0.107443
  3 ->   7 =   0.413412
  3 ->  11 =  -0.095011

 -------------------------------------------------------------
 Excitation n.   7:  12.666395 eV  f = 0.0000  <S**2> = 2.0000
 -------------------------------------------------------------
  2 ->   6 =  -0.420767
  2 ->  10 =   0.114549
  3 ->   7 =  -0.548799
  3 ->  11 =   0.092222

 -------------------------------------------------------------
 Excitation n.   8:  12.898967 eV  f = 0.0000  <S**2> = 2.0000
 -------------------------------------------------------------
  2 ->   7 =  -0.617070
  2 ->  11 =   0.100861
  3 ->   6 =  -0.303885
  3 ->  10 =   0.128326

 -------------------------------------------------------------
 Excitation n.   9:  14.655842 eV  f = 0.0000  <S**2> = 2.0000
 -------------------------------------------------------------
  3 ->   4 =   0.161241
  3 ->   5 =   0.185354
  3 ->   8 =  -0.627466
  3 ->   9 =   0.202015

 -------------------------------------------------------------
 Excitation n.  10:  14.655842 eV  f = 0.0000  <S**2> = 2.0000
 -------------------------------------------------------------
  3 ->   4 =  -0.185354
  3 ->   5 =   0.161241
  3 ->   8 =   0.202015
  3 ->   9 =   0.627466

Thomas-Reiche-Kuhn sum rule =   0.000000


 *** dynamical TDA activated ***

 ---------------------------------------------------------------------------------------------------
  First-order dynamical correction to static Bethe-Salpeter excitation energies                     
 ---------------------------------------------------------------------------------------------------
  BSE neutral excitation must be lower than the GW gap =  15.595395 eV
 ---------------------------------------------------------------------------------------------------
      #          Static (eV)         Dynamic (eV)      Correction (eV)         Renorm. (eV)
 ---------------------------------------------------------------------------------------------------
      1            7.358014            7.111665           -0.246349            1.014989
      2            7.358014            7.111665           -0.246349            1.014989
      3            7.630819            7.402457           -0.228363            1.013765
      4            7.630819            7.402457           -0.228363            1.013765
      5           10.610805           10.469593           -0.141213            1.010026
      6           10.813442           10.678277           -0.135166            1.009675
      7           12.666395           12.626062           -0.040333            1.002998
      8           12.898967           12.855114           -0.043853            1.003107
      9           14.655842           14.472452           -0.183389            1.011522
     10           14.655842           14.472452           -0.183389            1.011522
 ---------------------------------------------------------------------------------------------------


 -------------------------------------------------------------------------------
          Tr@BSE@G0W0 correlation energy (singlet) =       -0.0606625797
          Tr@BSE@G0W0 correlation energy (triplet) =       -0.0241736494
          Tr@BSE@G0W0 correlation energy           =       -0.0848362292
          Tr@BSE@G0W0 total energy                 =      -15.6280751192
 -------------------------------------------------------------------------------

                                       Total CPU time for G0W0 =      0.056 seconds


 ************************************************
 |          One-shot G0T0 calculation           |
 ************************************************


 -------------------------------------------------------------
   pp-RPA (N+2) calculation: alpha-beta     manifold
 -------------------------------------------------------------
 | State |  Excitation energy (au) |  Excitation energy (eV) |
 -------------------------------------------------------------
 |     1 |                0.362468 |                9.863249 |
 |     2 |                0.378772 |               10.306919 |
 |     3 |                0.385111 |               10.479414 |
 |     4 |                0.385111 |               10.479414 |
 |     5 |                0.386465 |               10.516236 |
 |     6 |                0.386465 |               10.516236 |
 |     7 |                0.404423 |               11.004899 |
 |     8 |                0.404423 |               11.004899 |
 |     9 |                0.420039 |               11.429846 |
 |    10 |                0.420039 |               11.429846 |
 |    11 |                0.441669 |               12.018414 |
 |    12 |                0.458115 |               12.465931 |
 |    13 |                0.458115 |               12.465931 |
 |    14 |                0.465997 |               12.680435 |
 |    15 |                0.487548 |               13.266843 |
 |    16 |                0.516633 |               14.058299 |
 |    17 |                0.664059 |               18.069959 |
 |    18 |                0.671008 |               18.259055 |
 |    19 |                0.671008 |               18.259055 |
 |    20 |                0.678067 |               18.451131 |
 -------------------------------------------------------------


 -------------------------------------------------------------
   pp-RPA (N-2) calculation: alpha-beta     manifold
 -------------------------------------------------------------
 | State |  Excitation energy (au) |  Excitation energy (eV) |
 -------------------------------------------------------------
 |     1 |              -11.529903 |             -313.744642 |
 |     2 |               -5.739306 |             -156.174463 |
 |     3 |               -5.721991 |             -155.703301 |
 |     4 |               -5.697219 |             -155.029215 |
 |     5 |               -5.679990 |             -154.560411 |
 |     6 |               -1.668965 |              -45.414845 |
 |     7 |               -1.663138 |              -45.256292 |
 |     8 |               -1.340037 |              -36.464265 |
 |     9 |               -1.336258 |              -36.361432 |
 -------------------------------------------------------------


 -------------------------------------------------------------
   pp-RPA (N+2) calculation: alpha-alpha    manifold
 -------------------------------------------------------------
 | State |  Excitation energy (au) |  Excitation energy (eV) |
 -------------------------------------------------------------
 |     1 |                0.362468 |                9.863249 |
 |     2 |                0.386465 |               10.516236 |
 |     3 |                0.386465 |               10.516236 |
 |     4 |                0.404423 |               11.004899 |
 |     5 |                0.404423 |               11.004899 |
 |     6 |                0.441669 |               12.018414 |
 |     7 |                0.671008 |               18.259055 |
 |     8 |                0.671008 |               18.259055 |
 |     9 |                0.678067 |               18.451131 |
 |    10 |                0.700982 |               19.074690 |
 |    11 |                0.704465 |               19.169470 |
 |    12 |                0.704465 |               19.169470 |
 |    13 |                0.707405 |               19.249479 |
 |    14 |                0.707405 |               19.249479 |
 |    15 |                0.788790 |               21.464080 |
 |    16 |                0.788790 |               21.464080 |
 |    17 |                0.814185 |               22.155098 |
 |    18 |                0.826131 |               22.480170 |
 |    19 |                0.889353 |               24.200518 |
 |    20 |                0.889353 |               24.200518 |
 -------------------------------------------------------------


 -------------------------------------------------------------
   pp-RPA (N-2) calculation: alpha-alpha    manifold
 -------------------------------------------------------------
 | State |  Excitation energy (au) |  Excitation energy (eV) |
 -------------------------------------------------------------
 |     1 |               -5.697219 |             -155.029215 |
 |     2 |               -5.679990 |             -154.560411 |
 |     3 |               -1.336258 |              -36.361432 |
 -------------------------------------------------------------

 -------------------------------------------------------------------------------
   One-shot G0T0 calculation (T-matrix self-energy)  
 -------------------------------------------------------------------------------
 |   # |       e_HF (eV) |    Sigma_T (eV) |               Z |       e_QP (eV) |
 -------------------------------------------------------------------------------
 |   1 |     -125.927652 |        2.989644 |        0.942282 |     -123.110566 |
 |   2 |      -14.174656 |        0.189135 |        0.981930 |      -13.988938 |
 |   3 |      -13.988775 |        0.250704 |        0.979773 |      -13.743142 |
 |   4 |        2.216851 |       -0.349740 |        0.990162 |        1.870552 |
 |   5 |        2.216851 |       -0.349740 |        0.990162 |        1.870552 |
 |   6 |        3.893513 |       -0.173366 |        0.994092 |        3.721171 |
 |   7 |        4.267652 |       -0.066705 |        0.998014 |        4.201079 |
 |   8 |       10.143681 |       -0.660647 |        0.980575 |        9.495866 |
 |   9 |       10.143681 |       -0.660647 |        0.980575 |        9.495866 |
 |  10 |       13.085379 |       -0.563368 |        0.983840 |       12.531114 |
 |  11 |       16.292519 |       -0.353080 |        0.988452 |       15.943515 |
 |  12 |       16.858698 |       -0.448766 |        0.983985 |       16.417119 |
 |  13 |       16.858698 |       -0.448766 |        0.983985 |       16.417119 |
 |  14 |       18.237046 |       -0.595405 |        0.967266 |       17.661131 |
 |  15 |       18.237046 |       -0.595405 |        0.967266 |       17.661131 |
 |  16 |       18.745128 |       -0.522489 |        0.978793 |       18.233720 |
 |  17 |       35.917434 |       -1.022670 |        0.684450 |       35.217467 |
 |  18 |       42.159493 |       -0.938755 |        0.432398 |       41.753577 |
 |  19 |       52.639766 |        0.665588 |        0.102999 |       52.708320 |
 |  20 |       52.639766 |        0.665588 |        0.102999 |       52.708320 |
 |  21 |       58.726007 |       -1.685635 |        0.161433 |       58.453890 |
 |  22 |       58.726007 |       -1.685635 |        0.161433 |       58.453890 |
 |  23 |       64.090898 |       -1.866642 |        0.647047 |       62.883093 |
 |  24 |       75.526802 |       -1.172150 |        0.746425 |       74.651879 |
 |  25 |       75.854052 |       -1.226327 |        0.463550 |       75.285588 |
 -------------------------------------------------------------------------------
             G0T0 HOMO      energy (eV)            =     -13.743142 eV
             G0T0 LUMO      energy (eV)            =       1.870552 eV
             G0T0 HOMO-LUMO gap    (eV)            =      15.613695 eV
 -------------------------------------------------------------------------------
        Tr@ppRPA@G0T0 correlation energy (singlet) =       -0.0369251798 au
        Tr@ppRPA@G0T0 correlation energy (triplet) =       -0.0027669169 au
        Tr@ppRPA@G0T0 correlation energy           =       -0.0396920966 au
        Tr@ppRPA@G0T0 total energy                 =      -15.5829309867 au
              GM@G0T0 correlation energy           =       -0.0664097958 au
              GM@G0T0 total energy                 =      -15.6096486858 au
 -------------------------------------------------------------------------------


 -------------------------------------------------------------
   BSE@GT       calculation: singlet        manifold
 -------------------------------------------------------------
 | State |  Excitation energy (au) |  Excitation energy (eV) |
 -------------------------------------------------------------
 |     1 |                0.295347 |                8.036800 |
 |     2 |                0.295347 |                8.036800 |
 |     3 |                0.356737 |                9.707313 |
 |     4 |                0.356737 |                9.707313 |
 |     5 |                0.431375 |               11.738306 |
 |     6 |                0.448338 |               12.199905 |
 |     7 |                0.476875 |               12.976436 |
 |     8 |                0.481623 |               13.105622 |
 |     9 |                0.544087 |               14.805348 |
 |    10 |                0.544087 |               14.805348 |
 |    11 |                0.572080 |               15.567087 |
 |    12 |                0.572080 |               15.567087 |
 |    13 |                0.677906 |               18.446758 |
 |    14 |                0.692145 |               18.834217 |
 |    15 |                0.817726 |               22.251456 |
 |    16 |                0.820195 |               22.318648 |
 |    17 |                0.820195 |               22.318648 |
 |    18 |                0.820958 |               22.339408 |
 |    19 |                0.820958 |               22.339408 |
 |    20 |                0.822900 |               22.392247 |
 -------------------------------------------------------------

 ---------------------------------------------------------------
                 Transition dipole moment (au)                  
 ---------------------------------------------------------------
  #           X           Y           Z   dip. str.   osc. str.
 ---------------------------------------------------------------
  1    0.000000    0.000000    0.000000    0.000000    0.000000
  2    0.000000    0.000000    0.000000    0.000000    0.000000
  3   -0.791258    1.171977   -0.000000    1.999619    0.475559
  4   -1.171977   -0.791258    0.000000    1.999619    0.475559
  5   -0.000000   -0.000000    0.245686    0.060362    0.017359
  6    0.000000   -0.000000    0.000000    0.000000    0.000000
  7    0.000000    0.000000   -0.000000    0.000000    0.000000
  8   -0.000000    0.000000    0.676718    0.457947    0.147038
  9    0.000000    0.000000   -0.000000    0.000000    0.000000
 10    0.000000   -0.000000    0.000000    0.000000    0.000000
 ---------------------------------------------------------------

 -------------------------------------------------------------
 Excitation n.   1:   8.036800 eV  f = 0.0000  <S**2> = 0.0000
 -------------------------------------------------------------
  3 ->   4 =  -0.293837
  3 ->   5 =   0.604444
  3 ->   9 =  -0.216774

 -------------------------------------------------------------
 Excitation n.   2:   8.036800 eV  f = 0.0000  <S**2> = 0.0000
 -------------------------------------------------------------
  3 ->   4 =  -0.604444
  3 ->   5 =  -0.293837
  3 ->   8 =  -0.216774

 -------------------------------------------------------------
 Excitation n.   3:   9.707313 eV  f = 0.4756  <S**2> = 0.0000
 -------------------------------------------------------------
  2 ->   4 =  -0.193032
  2 ->   5 =  -0.666344
  2 ->   8 =  -0.100401
  2 ->   9 =   0.092682

 -------------------------------------------------------------
 Excitation n.   4:   9.707313 eV  f = 0.4756  <S**2> = 0.0000
 -------------------------------------------------------------
  2 ->   4 =  -0.666344
  2 ->   5 =   0.193032
  2 ->   8 =  -0.092682
  2 ->   9 =  -0.100401

 -------------------------------------------------------------
 Excitation n.   5:  11.738306 eV  f = 0.0174  <S**2> = 0.0000
 -------------------------------------------------------------
  2 ->   7 =   0.285473
  3 ->   6 =  -0.643583

 -------------------------------------------------------------
 Excitation n.   6:  12.199905 eV  f = 0.0000  <S**2> = 0.0000
 -------------------------------------------------------------
  2 ->   6 =  -0.670212
  3 ->   7 =   0.219795

 -------------------------------------------------------------
 Excitation n.   7:  12.976436 eV  f = 0.0000  <S**2> = 0.0000
 -------------------------------------------------------------
  2 ->   6 =   0.215862
  3 ->   7 =   0.668487

 -------------------------------------------------------------
 Excitation n.   8:  13.105622 eV  f = 0.1470  <S**2> = 0.0000
 -------------------------------------------------------------
  2 ->   7 =   0.637191
  2 ->  11 =  -0.073178
  3 ->   6 =   0.290062

 -------------------------------------------------------------
 Excitation n.   9:  14.805348 eV  f = 0.0000  <S**2> = 0.0000
 -------------------------------------------------------------
  3 ->   4 =   0.199113
  3 ->   5 =  -0.089293
  3 ->   8 =  -0.382958
  3 ->   9 =  -0.552808

 -------------------------------------------------------------
 Excitation n.  10:  14.805348 eV  f = 0.0000  <S**2> = 0.0000
 -------------------------------------------------------------
  3 ->   4 =   0.089293
  3 ->   5 =   0.199113
  3 ->   8 =  -0.552808
  3 ->   9 =   0.382958

Thomas-Reiche-Kuhn sum rule =   1.115516


 *** dynamical TDA activated ***

 ---------------------------------------------------------------------------------------------------
  First-order dynamical correction to static Bethe-Salpeter excitation energies                     
 ---------------------------------------------------------------------------------------------------
  BSE neutral excitation must be lower than the GT gap =  15.613695 eV
 ---------------------------------------------------------------------------------------------------
      #          Static (eV)         Dynamic (eV)      Correction (eV)         Renorm. (eV)
 ---------------------------------------------------------------------------------------------------
      1            8.036800            7.952647           -0.084153            1.002450
      2            8.036800            7.952647           -0.084153            1.002450
      3            9.707313            9.638043           -0.069270            1.001509
      4            9.707313            9.638043           -0.069270            1.001509
      5           11.738306           11.731629           -0.006677            0.996474
      6           12.199905           12.207419            0.007515            0.995480
      7           12.976436           12.971523           -0.004913            0.999623
      8           13.105622           13.089780           -0.015842            1.001442
      9           14.805348           14.790653           -0.014696            1.000851
     10           14.805348           14.790653           -0.014696            1.000851
 ---------------------------------------------------------------------------------------------------


 -------------------------------------------------------------
   BSE@GT       calculation: triplet        manifold
 -------------------------------------------------------------
 | State |  Excitation energy (au) |  Excitation energy (eV) |
 -------------------------------------------------------------
 |     1 |                0.250707 |                6.822076 |
 |     2 |                0.250707 |                6.822076 |
 |     3 |                0.263088 |                7.158993 |
 |     4 |                0.263088 |                7.158993 |
 |     5 |                0.388737 |               10.578075 |
 |     6 |                0.394728 |               10.741085 |
 |     7 |                0.464970 |               12.652485 |
 |     8 |                0.469382 |               12.772536 |
 |     9 |                0.527543 |               14.355184 |
 |    10 |                0.527543 |               14.355184 |
 |    11 |                0.539259 |               14.673997 |
 |    12 |                0.539259 |               14.673997 |
 |    13 |                0.605191 |               16.468081 |
 |    14 |                0.619637 |               16.861185 |
 |    15 |                0.741331 |               20.172636 |
 |    16 |                0.741331 |               20.172636 |
 |    17 |                0.746439 |               20.311644 |
 |    18 |                0.752844 |               20.485936 |
 |    19 |                0.757242 |               20.605608 |
 |    20 |                0.757242 |               20.605608 |
 -------------------------------------------------------------

 -------------------------------------------------------------
 Excitation n.   1:   6.822076 eV  f = 0.0000  <S**2> = 2.0000
 -------------------------------------------------------------
  2 ->  13 =   0.102091
  3 ->   4 =  -0.644336
  3 ->   8 =  -0.225136
  3 ->   9 =  -0.149570

 -------------------------------------------------------------
 Excitation n.   2:   6.822076 eV  f = 0.0000  <S**2> = 2.0000
 -------------------------------------------------------------
  2 ->  12 =   0.102091
  3 ->   5 =   0.644336
  3 ->   8 =   0.149570
  3 ->   9 =  -0.225136

 -------------------------------------------------------------
 Excitation n.   3:   7.158993 eV  f = 0.0000  <S**2> = 2.0000
 -------------------------------------------------------------
  2 ->   4 =   0.589365
  2 ->   5 =   0.268656
  2 ->   8 =   0.259828
  3 ->  13 =  -0.105763

 -------------------------------------------------------------
 Excitation n.   4:   7.158993 eV  f = 0.0000  <S**2> = 2.0000
 -------------------------------------------------------------
  2 ->   4 =   0.268656
  2 ->   5 =  -0.589365
  2 ->   9 =   0.259828
  3 ->  12 =  -0.105763

 -------------------------------------------------------------
 Excitation n.   5:  10.578075 eV  f = 0.0000  <S**2> = 2.0000
 -------------------------------------------------------------
  2 ->   7 =  -0.321439
  2 ->  11 =   0.083947
  3 ->   6 =   0.610323
  3 ->  16 =   0.128764

 -------------------------------------------------------------
 Excitation n.   6:  10.741085 eV  f = 0.0000  <S**2> = 2.0000
 -------------------------------------------------------------
  2 ->   6 =   0.548655
  2 ->  16 =   0.117039
  3 ->   7 =  -0.416287
  3 ->  11 =   0.108586

 -------------------------------------------------------------
 Excitation n.   7:  12.652485 eV  f = 0.0000  <S**2> = 2.0000
 -------------------------------------------------------------
  2 ->   6 =  -0.426687
  2 ->  10 =   0.140319
  3 ->   7 =  -0.534635
  3 ->  11 =   0.109102

 -------------------------------------------------------------
 Excitation n.   8:  12.772536 eV  f = 0.0000  <S**2> = 2.0000
 -------------------------------------------------------------
  2 ->   7 =  -0.594363
  2 ->  11 =   0.117203
  3 ->   6 =  -0.325474
  3 ->  10 =   0.162920

 -------------------------------------------------------------
 Excitation n.   9:  14.355184 eV  f = 0.0000  <S**2> = 2.0000
 -------------------------------------------------------------
  3 ->   4 =   0.149976
  3 ->   5 =  -0.239117
  3 ->   9 =  -0.643686

 -------------------------------------------------------------
 Excitation n.  10:  14.355184 eV  f = 0.0000  <S**2> = 2.0000
 -------------------------------------------------------------
  3 ->   4 =  -0.239117
  3 ->   5 =  -0.149976
  3 ->   8 =   0.643686

Thomas-Reiche-Kuhn sum rule =   0.000000


 *** dynamical TDA activated ***

 ---------------------------------------------------------------------------------------------------
  First-order dynamical correction to static Bethe-Salpeter excitation energies                     
 ---------------------------------------------------------------------------------------------------
  BSE neutral excitation must be lower than the GT gap =  15.613695 eV
 ---------------------------------------------------------------------------------------------------
      #          Static (eV)         Dynamic (eV)      Correction (eV)         Renorm. (eV)
 ---------------------------------------------------------------------------------------------------
      1            6.822076            6.730803           -0.091273            1.002512
      2            6.822076            6.730803           -0.091273            1.002512
      3            7.158993            7.034775           -0.124218            1.003409
      4            7.158993            7.034775           -0.124218            1.003409
      5           10.578075           10.509768           -0.068307            1.006828
      6           10.741085           10.656937           -0.084148            1.006817
      7           12.652485           12.622148           -0.030337            1.001492
      8           12.772536           12.769805           -0.002732            1.000630
      9           14.355184           14.319709           -0.035475            1.001823
     10           14.355184           14.319709           -0.035475            1.001823
 ---------------------------------------------------------------------------------------------------


 -------------------------------------------------------------------------------
          Tr@BSE@G0T0 correlation energy (singlet) =       -0.0093792712 au
          Tr@BSE@G0T0 correlation energy (triplet) =       -0.0090425152 au
          Tr@BSE@G0T0 correlation energy           =       -0.0184217864 au
          Tr@BSE@G0T0 total energy                 =      -15.5616606765 au
 -------------------------------------------------------------------------------

                                       Total CPU time for G0T0 =      2.604 seconds

                                      Total CPU time for QuAcK =      3.642 seconds

