78 significant shell pairs computed in 0.000144 seconds
0
Computed Electron repulsion integrals Integrals in parallel in 0.292318 seconds

 ******************************************************************************************
 *            QuAcK                       QuAcK                         QuAcK             *
 *   __        __        __       __        __        __       __        __        __     *
 * <(o )___  <(o )___  <(o )___ <(o )___  <(o )___  <(o )___ <(o )___  <(o )___  <(o )___ *
 * ( ._> /   ( ._> /   ( ._> /  ( ._> /   ( ._> /   ( ._> /  ( ._> /   ( ._> /   ( ._> /  *
 *|--------------------------------------------------------------------------------------|*
 ******************************************************************************************

      ----------------------
             Number of atoms                3
      ----------------------

      ----------------------
Number of spin-up   electron                3
Number of spin-down electron                3
    Total number of electron                6
      ----------------------

      ----------------------
Number of core      electron                0
Number of Rydberg   electron                0
      ----------------------

          ------------------
          Molecular geometry
          ------------------
                    Atom n.                 1
                        Z =      4.0000000000
           Atom coordinates:     0.0000000000    0.0000000000    0.0000000000
                    Atom n.                 2
                        Z =      1.0000000000
           Atom coordinates:     0.0000000000    0.0000000000    1.8897261255
                    Atom n.                 3
                        Z =      1.0000000000
           Atom coordinates:     0.0000000000    0.0000000000   -1.8897261255

          ------------------
 Nuclear repulsion energy =      4.4980062906
          ------------------

          Gaussian basis set
          ------------------
                    Atom n.                 1
           number of shells                 6
          ------------------
      s-type shell with K =                 9
                                    Exponents     Contraction
                              2940.0000000000    0.0006800000
                               441.2000000000    0.0052360000
                               100.5000000000    0.0266060000
                                28.4300000000    0.0999930000
                                 9.1690000000    0.2697020000
                                 3.1960000000    0.4514690000
                                 1.1590000000    0.2950740000
                                 0.1811000000    0.0125870000
                                 0.0589000000   -0.0037560000
      s-type shell with K =                 9
                                    Exponents     Contraction
                              2940.0000000000   -0.0001230000
                               441.2000000000   -0.0009660000
                               100.5000000000   -0.0048310000
                                28.4300000000   -0.0193140000
                                 9.1690000000   -0.0532800000
                                 3.1960000000   -0.1207230000
                                 1.1590000000   -0.1334350000
                                 0.1811000000    0.5307670000
                                 0.0589000000    0.5801170000
      s-type shell with K =                 1
                                    Exponents     Contraction
                                 0.0589000000    1.0000000000
      p-type shell with K =                 4
                                    Exponents     Contraction
                                 3.6190000000    0.0291110000
                                 0.7110000000    0.1693650000
                                 0.1951000000    0.5134580000
                                 0.0601800000    0.4793380000
      p-type shell with K =                 1
                                    Exponents     Contraction
                                 0.0601800000    1.0000000000
      d-type shell with K =                 1
                                    Exponents     Contraction
                                 0.2354000000    1.0000000000
          ------------------
                    Atom n.                 2
           number of shells                 3
          ------------------
      s-type shell with K =                 4
                                    Exponents     Contraction
                                13.0100000000    0.0196850000
                                 1.9620000000    0.1379770000
                                 0.4446000000    0.4781480000
                                 0.1220000000    0.5012400000
      s-type shell with K =                 1
                                    Exponents     Contraction
                                 0.1220000000    1.0000000000
      p-type shell with K =                 1
                                    Exponents     Contraction
                                 0.7270000000    1.0000000000
          ------------------
                    Atom n.                 3
           number of shells                 3
          ------------------
      s-type shell with K =                 4
                                    Exponents     Contraction
                                13.0100000000    0.0196850000
                                 1.9620000000    0.1379770000
                                 0.4446000000    0.4781480000
                                 0.1220000000    0.5012400000
      s-type shell with K =                 1
                                    Exponents     Contraction
                                 0.1220000000    1.0000000000
      p-type shell with K =                 1
                                    Exponents     Contraction
                                 0.7270000000    1.0000000000
          ------------------
            Number of shells               12
          ------------------

          ------------------
   Number of basis functions               25
          ------------------

 Scaling integrals by    1.0000000000000000     

                          Total CPU time for reading integrals =      0.022 seconds


 ************************************************
 |    Restricted Hartree-Fock calculation       |
 ************************************************


 ----------------------------------------------------
 | RHF calculation                                  |
 ----------------------------------------------------
 |   # |        HF energy |       Conv |     HL Gap |
 ----------------------------------------------------
 |   1 |   -15.8647403551 |   0.448745 |   1.554764 |
 |   2 |   -15.7933525299 |   0.205872 |   1.587510 |
 |   3 |   -15.7332232106 |   0.093666 |   1.587769 |
 |   4 |   -15.6988797063 |   0.044105 |   1.584021 |
 |   5 |   -15.6801339034 |   0.026795 |   1.581002 |
 |   6 |   -15.6697561450 |   0.017431 |   1.579024 |
 |   7 |   -15.6638580891 |   0.011544 |   1.577788 |
 |   8 |   -15.6604145755 |   0.007750 |   1.577021 |
 |   9 |   -15.6583538945 |   0.005257 |   1.576542 |
 |  10 |   -15.6570934400 |   0.003594 |   1.576240 |
 |  11 |   -15.6563075146 |   0.002472 |   1.576047 |
 |  12 |   -15.6558091964 |   0.001709 |   1.575923 |
 |  13 |   -15.6554886093 |   0.001186 |   1.575842 |
 |  14 |   -15.6552797545 |   0.000825 |   1.575789 |
 |  15 |   -15.6551422103 |   0.000575 |   1.575754 |
 |  16 |   -15.6550507847 |   0.000402 |   1.575730 |
 |  17 |   -15.6549895311 |   0.000281 |   1.575714 |
 |  18 |   -15.6549482150 |   0.000197 |   1.575704 |
 |  19 |   -15.6549201874 |   0.000138 |   1.575697 |
 |  20 |   -15.6549010824 |   0.000097 |   1.575692 |
 |  21 |   -15.6548880062 |   0.000068 |   1.575688 |
 |  22 |   -15.6548790257 |   0.000048 |   1.575686 |
 |  23 |   -15.6548728402 |   0.000034 |   1.575684 |
 |  24 |   -15.6548685694 |   0.000024 |   1.575683 |
 |  25 |   -15.6548656146 |   0.000017 |   1.575683 |
 |  26 |   -15.6548635667 |   0.000012 |   1.575682 |
 |  27 |   -15.6548621454 |   0.000008 |   1.575682 |
 |  28 |   -15.6548611577 |   0.000006 |   1.575682 |
 |  29 |   -15.6548604706 |   0.000004 |   1.575681 |
 |  30 |   -15.6548599923 |   0.000003 |   1.575681 |
 |  31 |   -15.6548596590 |   0.000002 |   1.575681 |
 |  32 |   -15.6548594267 |   0.000001 |   1.575681 |
 |  33 |   -15.6548592646 |   0.000001 |   1.575681 |
 |  34 |   -15.6548591515 |   0.000001 |   1.575681 |
 |  35 |   -15.6548590725 |   0.000000 |   1.575681 |
 |  36 |   -15.6548590174 |   0.000000 |   1.575681 |
 |  37 |   -15.6548589789 |   0.000000 |   1.575681 |
 |  38 |   -15.6548589520 |   0.000000 |   1.575681 |
 |  39 |   -15.6548589332 |   0.000000 |   1.575681 |
 |  40 |   -15.6548589707 |   0.000000 |   0.575681 |
 ----------------------------------------------------

         -----------------------------------------
           Summary              
         -----------------------------------------
           One-electron energy:    -29.0281355026 au
           Kinetic      energy:     16.4853924786 au
           Potential    energy:    -45.5135279811 au
         -----------------------------------------
           Two-electron energy:      8.8752702412 au
           Hartree      energy:     12.4846309048 au
           Exchange     energy:     -3.6093606635 au
         -----------------------------------------
           Electronic   energy:    -20.1528652613 au
           Nuclear   repulsion:      4.4980062906 au
           RHF          energy:    -15.6548589707 au
         -----------------------------------------
           HF HOMO      energy:        -13.497558 eV
           HF LUMO      energy:          2.167521 eV
           HF HOMO-LUMO gap   :         15.665079 eV
         -----------------------------------------
          Dipole moment (Debye)    
                   X         Y         Z      Tot.
            0.000000  0.000000 -0.000000  0.000000
         -----------------------------------------

           ---------------------------------------
                 MO coefficients
           ---------------------------------------
                 1              2              3              4              5
      1    -0.99621829    -0.12595525     0.00000000     0.00000000     0.00000000
      2    -0.00232687     0.57489757     0.00000000     0.00000000     0.00000000
      3    -0.00128711    -0.19854758     0.00000000     0.00000000     0.00000000
      4     0.00000000     0.00000000     0.00000000     0.34085460    -0.12705084
      5     0.00000000     0.00000000     0.00000000     0.12705084     0.34085460
      6     0.00000000     0.00000000     0.70615033     0.00000000     0.00000000
      7     0.00000000     0.00000000     0.00000000     0.62185272    -0.23179066
      8     0.00000000     0.00000000     0.00000000     0.23179066     0.62185272
      9     0.00000000     0.00000000    -0.19448390     0.00000000     0.00000000
     10     0.00230933     0.00697920     0.00000000     0.00000000     0.00000000
     11     0.00000000     0.00000000     0.00000000     0.00000000     0.00000000
     12     0.00000000     0.00000000     0.00000000     0.00000000     0.00000000
     13     0.00230933     0.00697920     0.00000000     0.00000000     0.00000000
     14     0.00000000     0.00000000     0.00000000     0.00000000     0.00000000
     15     0.00648580     0.04145725     0.00000000     0.00000000     0.00000000
     16    -0.01507281     0.55205052     0.60128543     0.00000000     0.00000000
     17     0.00650895    -0.15664730    -0.30038425     0.00000000     0.00000000
     18     0.00000000     0.00000000     0.00000000     0.01367137    -0.00509589
     19     0.00000000     0.00000000     0.00000000     0.00509589     0.01367137
     20     0.00258900    -0.02707912    -0.02870011     0.00000000     0.00000000
     21    -0.01507281     0.55205052    -0.60128543     0.00000000     0.00000000
     22     0.00650895    -0.15664730     0.30038425     0.00000000     0.00000000
     23     0.00000000     0.00000000     0.00000000     0.01367137    -0.00509589
     24     0.00000000     0.00000000     0.00000000     0.00509589     0.01367137
     25    -0.00258900     0.02707912    -0.02870011     0.00000000     0.00000000
                 6              7              8              9             10
      1    -0.08747638     0.00000000     0.00000000     0.00000000    -0.63651581
      2    -0.10221224     0.00000000     0.00000000     0.00000000    -2.94717113
      3    -2.67932120     0.00000000     0.00000000     0.00000000     1.58722213
      4     0.00000000     0.00000000    -1.72598502    -0.72965420     0.00000000
      5     0.00000000     0.00000000     0.72965420    -1.72598502     0.00000000
      6     0.00000000     0.03027154     0.00000000     0.00000000     0.00000000
      7     0.00000000     0.00000000     1.66756769     0.70495847     0.00000000
      8     0.00000000     0.00000000    -0.70495847     1.66756769     0.00000000
      9     0.00000000    -2.13940915     0.00000000     0.00000000     0.00000000
     10     0.17038574     0.00000000     0.00000000     0.00000000    -0.42055376
     11     0.00000000     0.00000000     0.00000000     0.00000000     0.00000000
     12     0.00000000     0.00000000     0.00000000     0.00000000     0.00000000
     13     0.17038574     0.00000000     0.00000000     0.00000000    -0.42055376
     14     0.00000000     0.00000000     0.00000000     0.00000000     0.00000000
     15    -0.04008265     0.00000000     0.00000000     0.00000000     0.10361439
     16     0.30902840     0.11472506     0.00000000     0.00000000     0.01546690
     17     1.07104039     1.32942824     0.00000000     0.00000000     1.14384347
     18     0.00000000     0.00000000    -0.02045712    -0.00864818     0.00000000
     19     0.00000000     0.00000000     0.00864818    -0.02045712     0.00000000
     20    -0.03843313    -0.04321861     0.00000000     0.00000000     0.05329641
     21     0.30902840    -0.11472506     0.00000000     0.00000000     0.01546690
     22     1.07104039    -1.32942824     0.00000000     0.00000000     1.14384347
     23     0.00000000     0.00000000    -0.02045712    -0.00864818     0.00000000
     24     0.00000000     0.00000000     0.00864818    -0.02045712     0.00000000
     25     0.03843313    -0.04321861     0.00000000     0.00000000    -0.05329641
                11             12             13             14             15
      1     0.00000000     0.00000000     0.00000000    -0.78223561     0.00000000
      2     0.00000000     0.00000000     0.00000000    -3.28174158     0.00000000
      3     0.00000000     0.00000000     0.00000000    -0.52779540     0.00000000
      4     0.00000000     0.00000000     0.00000000     0.00000000     0.00000000
      5     0.00000000     0.00000000     0.00000000     0.00000000     0.00000000
      6     2.43803297     0.00000000     0.00000000     0.00000000     0.00000000
      7     0.00000000     0.00000000     0.00000000     0.00000000     0.00000000
      8     0.00000000     0.00000000     0.00000000     0.00000000     0.00000000
      9     0.97639729     0.00000000     0.00000000     0.00000000     0.00000000
     10     0.00000000     0.00000000     0.00000000     0.56776580     0.00055680
     11     0.00000000     0.00000000     0.00000000     0.00000000    -0.99999979
     12     0.00000000     0.23343169     1.01530901     0.00000000     0.00000000
     13     0.00000000     0.00000000     0.00000000     0.56776580    -0.00055680
     14     0.00000000     1.01530901    -0.23343169     0.00000000     0.00000000
     15     0.00000000     0.00000000     0.00000000    -0.72352590     0.00000000
     16     0.41155488     0.00000000     0.00000000    -0.60847711     0.00000000
     17    -3.78614728     0.00000000     0.00000000     2.84706270     0.00000000
     18     0.00000000    -0.00950497    -0.04134177     0.00000000     0.00000000
     19     0.00000000    -0.04134177     0.00950497     0.00000000     0.00000000
     20     0.06172554     0.00000000     0.00000000    -0.00598654     0.00000000
     21    -0.41155488     0.00000000     0.00000000    -0.60847711     0.00000000
     22     3.78614728     0.00000000     0.00000000     2.84706270     0.00000000
     23     0.00000000     0.00950497     0.04134177     0.00000000     0.00000000
     24     0.00000000     0.04134177    -0.00950497     0.00000000     0.00000000
     25     0.06172554     0.00000000     0.00000000     0.00598654     0.00000000
                16             17             18             19             20
      1     0.00000000    -0.15584774     0.00000000     0.00000000     0.00000000
      2     0.00000000    -3.18332226     0.00000000     0.00000000     0.00000000
      3     0.00000000     1.82170037     0.00000000     0.00000000     0.00000000
      4     0.00000000     0.00000000     0.00000000    -1.06332379     0.06143433
      5     0.00000000     0.00000000     0.00000000     0.06143433     1.06332379
      6     0.00000000     0.00000000     1.62507187     0.00000000     0.00000000
      7     0.00000000     0.00000000     0.00000000     0.62346852    -0.03602136
      8     0.00000000     0.00000000     0.00000000    -0.03602136    -0.62346852
      9     0.00000000     0.00000000    -1.43978478     0.00000000     0.00000000
     10    -0.86602522     1.36544820     0.00000000     0.00000000     0.00000000
     11    -0.00064294     0.00000000     0.00000000     0.00000000     0.00000000
     12     0.00000000     0.00000000     0.00000000     0.00000000     0.00000000
     13     0.86602522     1.36544820     0.00000000     0.00000000     0.00000000
     14     0.00000000     0.00000000     0.00000000     0.00000000     0.00000000
     15     0.00000000     1.93274573     0.00000000     0.00000000     0.00000000
     16     0.00000000     0.20333843    -1.85480286     0.00000000     0.00000000
     17     0.00000000    -1.34903326     1.83549632     0.00000000     0.00000000
     18     0.00000000     0.00000000     0.00000000     0.81624181    -0.04715898
     19     0.00000000     0.00000000     0.00000000    -0.04715898    -0.81624181
     20     0.00000000    -0.02547577    -0.33154611     0.00000000     0.00000000
     21     0.00000000     0.20333843     1.85480286     0.00000000     0.00000000
     22     0.00000000    -1.34903326    -1.83549632     0.00000000     0.00000000
     23     0.00000000     0.00000000     0.00000000     0.81624181    -0.04715898
     24     0.00000000     0.00000000     0.00000000    -0.04715898    -0.81624181
     25     0.00000000     0.02547577    -0.33154611     0.00000000     0.00000000
                21             22             23             24             25
      1     0.00000000     0.00000000     0.03922180    -2.42869771     0.00000000
      2     0.00000000     0.00000000     0.24151378    -9.85961658     0.00000000
      3     0.00000000     0.00000000    -0.31580415     4.26363505     0.00000000
      4     0.00000000     0.00000000     0.00000000     0.00000000     0.00000000
      5     0.00000000     0.00000000     0.00000000     0.00000000     0.00000000
      6     0.00000000     0.00000000     0.00000000     0.00000000     5.78345971
      7     0.00000000     0.00000000     0.00000000     0.00000000     0.00000000
      8     0.00000000     0.00000000     0.00000000     0.00000000     0.00000000
      9     0.00000000     0.00000000     0.00000000     0.00000000    -1.63786146
     10     0.00000000     0.00000000    -0.02417082     1.44553415     0.00000000
     11     0.00000000     0.00000000     0.00000000     0.00000000     0.00000000
     12    -0.18257795    -0.95789412     0.00000000     0.00000000     0.00000000
     13     0.00000000     0.00000000    -0.02417082     1.44553415     0.00000000
     14     0.95789412    -0.18257795     0.00000000     0.00000000     0.00000000
     15     0.00000000     0.00000000    -2.52041483    -1.79462343     0.00000000
     16     0.00000000     0.00000000     1.92195726     3.28572781    -2.16933238
     17     0.00000000     0.00000000    -0.32744722     0.33497983    -1.68182247
     18     0.18928216     0.99306771     0.00000000     0.00000000     0.00000000
     19    -0.99306771     0.18928216     0.00000000     0.00000000     0.00000000
     20     0.00000000     0.00000000     0.79021656    -0.71158537     1.19529413
     21     0.00000000     0.00000000     1.92195726     3.28572781     2.16933238
     22     0.00000000     0.00000000    -0.32744722     0.33497983     1.68182247
     23    -0.18928216    -0.99306771     0.00000000     0.00000000     0.00000000
     24     0.99306771    -0.18928216     0.00000000     0.00000000     0.00000000
     25     0.00000000     0.00000000    -0.79021656     0.71158537     1.19529413

           ---------------------------------------
                     MO energies
           ---------------------------------------
                 1
      1    -4.62519975
      2    -0.51757164
      3    -0.49602611
      4     0.07965491
      5     0.07965491
      6     0.14506425
      7     0.16111100
      8     0.37422592
      9     0.37422592
     10     0.43754149
     11     0.60531419
     12     0.61712740
     13     0.61712740
     14     0.66464202
     15     0.66616269
     16     0.66616269
     17     1.27655035
     18     1.39655920
     19     1.85564709
     20     1.85564709
     21     2.17873698
     22     2.17873698
     23     2.18442509
     24     2.56948812
     25     2.72073635

                                        Total CPU time for RHF =      0.328 seconds


 AO to MO transformation... Please be patient

                    Total CPU time for AO to MO transformation =      0.673 seconds


 ************************************************
 |          One-shot G0W0 calculation           |
 ************************************************


 -------------------------------------------------------------
   RPA@HF       calculation: singlet        manifold
 -------------------------------------------------------------
 | State |  Excitation energy (au) |  Excitation energy (eV) |
 -------------------------------------------------------------
 |     1 |                0.589864 |               16.051013 |
 |     2 |                0.589864 |               16.051013 |
 |     3 |                0.635872 |               17.302969 |
 |     4 |                0.635872 |               17.302969 |
 |     5 |                0.658775 |               17.926189 |
 |     6 |                0.662114 |               18.017051 |
 |     7 |                0.695530 |               18.926335 |
 |     8 |                0.702499 |               19.115961 |
 |     9 |                0.891339 |               24.254576 |
 |    10 |                0.891339 |               24.254576 |
 |    11 |                0.941189 |               25.611067 |
 |    12 |                0.941189 |               25.611067 |
 |    13 |                0.973742 |               26.496868 |
 |    14 |                1.002764 |               27.286602 |
 |    15 |                1.152992 |               31.374521 |
 |    16 |                1.160422 |               31.576700 |
 |    17 |                1.173426 |               31.930558 |
 |    18 |                1.173426 |               31.930558 |
 |    19 |                1.201894 |               32.705191 |
 |    20 |                1.201894 |               32.705191 |
 -------------------------------------------------------------

  *** Quasiparticle energies obtained by linearization *** 

 -------------------------------------------------------------------------------
   One-shot G0W0 calculation
 -------------------------------------------------------------------------------
 |   # |       e_HF (eV) |      Sig_c (eV) |               Z |       e_QP (eV) |
 -------------------------------------------------------------------------------
 |   1 |     -125.858096 |        4.085993 |        0.912373 |     -122.130147 |
 |   2 |      -14.083842 |        0.134180 |        0.945922 |      -13.956918 |
 |   3 |      -13.497558 |        0.260163 |        0.941220 |      -13.252687 |
 |   4 |        2.167521 |       -0.308965 |        0.986850 |        1.862619 |
 |   5 |        2.167521 |       -0.308965 |        0.986850 |        1.862619 |
 |   6 |        3.947399 |       -0.216648 |        0.989643 |        3.732995 |
 |   7 |        4.384054 |       -0.072900 |        0.996396 |        4.311417 |
 |   8 |       10.183206 |       -0.822121 |        0.966481 |        9.388641 |
 |   9 |       10.183206 |       -0.822121 |        0.966481 |        9.388641 |
 |  10 |       11.906110 |       -0.646444 |        0.969681 |       11.279266 |
 |  11 |       16.471438 |       -0.393273 |        0.975702 |       16.087721 |
 |  12 |       16.792892 |       -0.448828 |        0.967038 |       16.358858 |
 |  13 |       16.792892 |       -0.448828 |        0.967038 |       16.358858 |
 |  14 |       18.085831 |       -1.010565 |        0.843683 |       17.233235 |
 |  15 |       18.127210 |       -1.648820 |        0.594733 |       17.146603 |
 |  16 |       18.127210 |       -1.648820 |        0.594733 |       17.146603 |
 |  17 |       34.736704 |       -2.219859 |        0.305940 |       34.057560 |
 |  18 |       38.002312 |       -3.186630 |        0.132836 |       37.579013 |
 |  19 |       50.494729 |       -5.541375 |        0.102880 |       49.924633 |
 |  20 |       50.494729 |       -5.541375 |        0.102880 |       49.924633 |
 |  21 |       59.286453 |       -1.289800 |        0.790270 |       58.267163 |
 |  22 |       59.286453 |       -1.289800 |        0.790270 |       58.267163 |
 |  23 |       59.441234 |       -8.320087 |        0.009286 |       59.363976 |
 |  24 |       69.919333 |       -1.588324 |        0.487218 |       69.145473 |
 |  25 |       74.035007 |       -0.557539 |        0.534377 |       73.737071 |
 -------------------------------------------------------------------------------
          G0W0 HOMO      energy:     -13.252687 eV
          G0W0 LUMO      energy:       1.862619 eV
          G0W0 HOMO-LUMO gap   :      15.115306 eV
 -------------------------------------------------------------------------------
    RPA@G0W0 total energy      :     -15.748013 au
    RPA@G0W0 correlation energy:      -0.093154 au
    GM@G0W0  total energy      :     -15.824847 au
    GM@G0W0  correlation energy:      -0.169988 au
 -------------------------------------------------------------------------------


 -------------------------------------------------------------
   BSE@GW       calculation: singlet        manifold
 -------------------------------------------------------------
 | State |  Excitation energy (au) |  Excitation energy (eV) |
 -------------------------------------------------------------
 |     1 |                0.297575 |                8.097425 |
 |     2 |                0.297575 |                8.097425 |
 |     3 |                0.363261 |                9.884836 |
 |     4 |                0.363261 |                9.884836 |
 |     5 |                0.433193 |               11.787783 |
 |     6 |                0.459110 |               12.493023 |
 |     7 |                0.469060 |               12.763769 |
 |     8 |                0.483263 |               13.150254 |
 |     9 |                0.549346 |               14.948460 |
 |    10 |                0.549346 |               14.948460 |
 |    11 |                0.595909 |               16.215507 |
 |    12 |                0.595909 |               16.215507 |
 |    13 |                0.636466 |               17.319119 |
 |    14 |                0.677391 |               18.432735 |
 |    15 |                0.810587 |               22.057207 |
 |    16 |                0.810587 |               22.057207 |
 |    17 |                0.827284 |               22.511541 |
 |    18 |                0.827284 |               22.511541 |
 |    19 |                0.840426 |               22.869159 |
 |    20 |                0.840426 |               22.869159 |
 -------------------------------------------------------------

 ---------------------------------------------------------------
                 Transition dipole moment (au)                  
 ---------------------------------------------------------------
  #           X           Y           Z   dip. str.   osc. str.
 ---------------------------------------------------------------
  1   -0.000000    0.000000   -0.000000    0.000000    0.000000
  2   -0.000000    0.000000   -0.000000    0.000000    0.000000
  3    1.248579   -0.345547   -0.000000    1.678353    0.406453
  4   -0.345547   -1.248579    0.000000    1.678353    0.406453
  5   -0.000000   -0.000000   -0.004383    0.000019    0.000006
  6   -0.000000   -0.000000    0.000000    0.000000    0.000000
  7   -0.000000   -0.000000    0.000000    0.000000    0.000000
  8    0.000000    0.000000    0.782608    0.612476    0.197325
  9    0.000000   -0.000000    0.000000    0.000000    0.000000
 10    0.000000    0.000000   -0.000000    0.000000    0.000000
 ---------------------------------------------------------------

 -------------------------------------------------------------
 Excitation n.   1:   8.097425 eV  f = 0.0000  <S**2> = 0.0000
 -------------------------------------------------------------
  3 ->   4 =  -0.485126
  3 ->   5 =   0.486756
  3 ->   8 =   0.166657

 -------------------------------------------------------------
 Excitation n.   2:   8.097425 eV  f = 0.0000  <S**2> = 0.0000
 -------------------------------------------------------------
  3 ->   4 =   0.486756
  3 ->   5 =   0.485126
  3 ->   9 =  -0.166657

 -------------------------------------------------------------
 Excitation n.   3:   9.884836 eV  f = 0.4065  <S**2> = 0.0000
 -------------------------------------------------------------
  2 ->   4 =   0.569355
  2 ->   5 =  -0.412327
  2 ->   8 =  -0.093359

 -------------------------------------------------------------
 Excitation n.   4:   9.884836 eV  f = 0.4065  <S**2> = 0.0000
 -------------------------------------------------------------
  2 ->   4 =  -0.412327
  2 ->   5 =  -0.569355
  2 ->   9 =   0.093359

 -------------------------------------------------------------
 Excitation n.   5:  11.787783 eV  f = 0.0000  <S**2> = 0.0000
 -------------------------------------------------------------
  2 ->   7 =   0.134202
  3 ->   6 =   0.694138

 -------------------------------------------------------------
 Excitation n.   6:  12.493023 eV  f = 0.0000  <S**2> = 0.0000
 -------------------------------------------------------------
  2 ->   6 =   0.698466
  3 ->   7 =   0.104245

 -------------------------------------------------------------
 Excitation n.   7:  12.763769 eV  f = 0.0000  <S**2> = 0.0000
 -------------------------------------------------------------
  2 ->   6 =   0.099442
  3 ->   7 =  -0.698212

 -------------------------------------------------------------
 Excitation n.   8:  13.150254 eV  f = 0.1973  <S**2> = 0.0000
 -------------------------------------------------------------
  2 ->   7 =  -0.682997
  3 ->   6 =   0.135920
  3 ->  10 =   0.103953

 -------------------------------------------------------------
 Excitation n.   9:  14.948460 eV  f = 0.0000  <S**2> = 0.0000
 -------------------------------------------------------------
  3 ->   5 =   0.156301
  3 ->   8 =  -0.615051
  3 ->   9 =   0.306799

 -------------------------------------------------------------
 Excitation n.  10:  14.948460 eV  f = 0.0000  <S**2> = 0.0000
 -------------------------------------------------------------
  3 ->   4 =  -0.156301
  3 ->   8 =  -0.306799
  3 ->   9 =  -0.615051

Thomas-Reiche-Kuhn sum rule =   1.010237


 *** dynamical TDA activated ***

 ---------------------------------------------------------------------------------------------------
  First-order dynamical correction to static Bethe-Salpeter excitation energies                     
 ---------------------------------------------------------------------------------------------------
  BSE neutral excitation must be lower than the GW gap =  15.115306 eV
 ---------------------------------------------------------------------------------------------------
      #          Static (eV)         Dynamic (eV)      Correction (eV)         Renorm. (eV)
 ---------------------------------------------------------------------------------------------------
      1            8.097425            7.950920           -0.146505            1.012347
      2            8.097425            7.950920           -0.146505            1.012347
      3            9.884836            9.796246           -0.088590            1.010262
      4            9.884836            9.796246           -0.088590            1.010262
      5           11.787783           11.745941           -0.041842            1.006584
      6           12.493023           12.453632           -0.039391            1.006125
      7           12.763769           12.740128           -0.023641            1.003346
      8           13.150254           13.116952           -0.033302            1.003333
      9           14.948460           14.779207           -0.169253            1.013666
     10           14.948460           14.779207           -0.169253            1.013666
 ---------------------------------------------------------------------------------------------------


 -------------------------------------------------------------
   BSE@GW       calculation: triplet        manifold
 -------------------------------------------------------------
 | State |  Excitation energy (au) |  Excitation energy (eV) |
 -------------------------------------------------------------
 |     1 |                0.260850 |                7.098099 |
 |     2 |                0.260850 |                7.098099 |
 |     3 |                0.281509 |                7.660263 |
 |     4 |                0.281509 |                7.660263 |
 |     5 |                0.379435 |               10.324955 |
 |     6 |                0.393081 |               10.696291 |
 |     7 |                0.454630 |               12.371107 |
 |     8 |                0.467725 |               12.727458 |
 |     9 |                0.529815 |               14.417005 |
 |    10 |                0.529815 |               14.417005 |
 |    11 |                0.553071 |               15.049829 |
 |    12 |                0.553071 |               15.049829 |
 |    13 |                0.576784 |               15.695099 |
 |    14 |                0.598837 |               16.295189 |
 |    15 |                0.747354 |               20.336536 |
 |    16 |                0.747354 |               20.336536 |
 |    17 |                0.754637 |               20.534715 |
 |    18 |                0.762598 |               20.751358 |
 |    19 |                0.775304 |               21.097090 |
 |    20 |                0.775304 |               21.097090 |
 -------------------------------------------------------------

 -------------------------------------------------------------
 Excitation n.   1:   7.098099 eV  f = 0.0000  <S**2> = 2.0000
 -------------------------------------------------------------
  2 ->  12 =   0.083411
  3 ->   4 =   0.120023
  3 ->   5 =   0.655354
  3 ->   8 =   0.120363
  3 ->   9 =  -0.185483

 -------------------------------------------------------------
 Excitation n.   2:   7.098099 eV  f = 0.0000  <S**2> = 2.0000
 -------------------------------------------------------------
  2 ->  13 =   0.083411
  3 ->   4 =   0.655354
  3 ->   5 =  -0.120023
  3 ->   8 =  -0.185483
  3 ->   9 =  -0.120363

 -------------------------------------------------------------
 Excitation n.   3:   7.660263 eV  f = 0.0000  <S**2> = 2.0000
 -------------------------------------------------------------
  2 ->   4 =  -0.129293
  2 ->   5 =   0.651952
  2 ->   8 =   0.182812
  2 ->   9 =  -0.130034
  3 ->  12 =   0.071576

 -------------------------------------------------------------
 Excitation n.   4:   7.660263 eV  f = 0.0000  <S**2> = 2.0000
 -------------------------------------------------------------
  2 ->   4 =  -0.651952
  2 ->   5 =  -0.129293
  2 ->   8 =   0.130034
  2 ->   9 =   0.182812
  3 ->  13 =  -0.071576

 -------------------------------------------------------------
 Excitation n.   5:  10.324955 eV  f = 0.0000  <S**2> = 2.0000
 -------------------------------------------------------------
  2 ->   7 =  -0.254235
  3 ->   6 =  -0.645833
  3 ->  14 =   0.120022

 -------------------------------------------------------------
 Excitation n.   6:  10.696291 eV  f = 0.0000  <S**2> = 2.0000
 -------------------------------------------------------------
  2 ->   6 =   0.528757
  2 ->  14 =  -0.110200
  3 ->   7 =   0.447910
  3 ->  11 =   0.089726

 -------------------------------------------------------------
 Excitation n.   7:  12.371107 eV  f = 0.0000  <S**2> = 2.0000
 -------------------------------------------------------------
  2 ->   6 =  -0.448458
  2 ->  10 =  -0.155829
  3 ->   7 =   0.514636
  3 ->  11 =   0.096381

 -------------------------------------------------------------
 Excitation n.   8:  12.727458 eV  f = 0.0000  <S**2> = 2.0000
 -------------------------------------------------------------
  2 ->   7 =  -0.621052
  2 ->  11 =  -0.117411
  3 ->   6 =   0.245347
  3 ->  10 =   0.199349

 -------------------------------------------------------------
 Excitation n.   9:  14.417005 eV  f = 0.0000  <S**2> = 2.0000
 -------------------------------------------------------------
  3 ->   4 =  -0.097943
  3 ->   5 =   0.208246
  3 ->   8 =  -0.618481
  3 ->   9 =   0.243037

 -------------------------------------------------------------
 Excitation n.  10:  14.417005 eV  f = 0.0000  <S**2> = 2.0000
 -------------------------------------------------------------
  3 ->   4 =  -0.208246
  3 ->   5 =  -0.097943
  3 ->   8 =  -0.243037
  3 ->   9 =  -0.618481

Thomas-Reiche-Kuhn sum rule =   0.000000


 *** dynamical TDA activated ***

 ---------------------------------------------------------------------------------------------------
  First-order dynamical correction to static Bethe-Salpeter excitation energies                     
 ---------------------------------------------------------------------------------------------------
  BSE neutral excitation must be lower than the GW gap =  15.115306 eV
 ---------------------------------------------------------------------------------------------------
      #          Static (eV)         Dynamic (eV)      Correction (eV)         Renorm. (eV)
 ---------------------------------------------------------------------------------------------------
      1            7.098099            6.876133           -0.221966            1.013974
      2            7.098099            6.876133           -0.221966            1.013974
      3            7.660263            7.444018           -0.216245            1.013431
      4            7.660263            7.444018           -0.216245            1.013431
      5           10.324955           10.185555           -0.139400            1.010022
      6           10.696291           10.556711           -0.139581            1.010073
      7           12.371107           12.318558           -0.052548            1.003646
      8           12.727458           12.656833           -0.070625            1.004662
      9           14.417005           14.242894           -0.174111            1.011354
     10           14.417005           14.242894           -0.174111            1.011354
 ---------------------------------------------------------------------------------------------------


 -------------------------------------------------------------------------------
          Tr@BSE@G0W0 correlation energy (singlet) =       -0.0591169923
          Tr@BSE@G0W0 correlation energy (triplet) =       -0.0237616707
          Tr@BSE@G0W0 correlation energy           =       -0.0828786630
          Tr@BSE@G0W0 total energy                 =      -15.7377376337
 -------------------------------------------------------------------------------

                                       Total CPU time for G0W0 =      0.060 seconds


 ************************************************
 |          One-shot G0T0 calculation           |
 ************************************************


 -------------------------------------------------------------
   pp-RPA (N+2) calculation: alpha-beta     manifold
 -------------------------------------------------------------
 | State |  Excitation energy (au) |  Excitation energy (eV) |
 -------------------------------------------------------------
 |     1 |                0.358738 |                9.761754 |
 |     2 |                0.376144 |               10.235395 |
 |     3 |                0.381321 |               10.376271 |
 |     4 |                0.381321 |               10.376271 |
 |     5 |                0.386851 |               10.526750 |
 |     6 |                0.386851 |               10.526750 |
 |     7 |                0.407060 |               11.076668 |
 |     8 |                0.407060 |               11.076668 |
 |     9 |                0.422983 |               11.509943 |
 |    10 |                0.422983 |               11.509943 |
 |    11 |                0.450815 |               12.267312 |
 |    12 |                0.461137 |               12.548169 |
 |    13 |                0.461137 |               12.548169 |
 |    14 |                0.474745 |               12.918459 |
 |    15 |                0.491004 |               13.360909 |
 |    16 |                0.520317 |               14.158542 |
 |    17 |                0.663706 |               18.060353 |
 |    18 |                0.670660 |               18.249575 |
 |    19 |                0.670660 |               18.249575 |
 |    20 |                0.675762 |               18.388427 |
 -------------------------------------------------------------


 -------------------------------------------------------------
   pp-RPA (N-2) calculation: alpha-beta     manifold
 -------------------------------------------------------------
 | State |  Excitation energy (au) |  Excitation energy (eV) |
 -------------------------------------------------------------
 |     1 |              -11.526474 |             -313.651339 |
 |     2 |               -5.702196 |             -155.164652 |
 |     3 |               -5.663625 |             -154.115075 |
 |     4 |               -5.652473 |             -153.811613 |
 |     5 |               -5.644047 |             -153.582352 |
 |     6 |               -1.627645 |              -44.290467 |
 |     7 |               -1.624598 |              -44.207571 |
 |     8 |               -1.300998 |              -35.401951 |
 |     9 |               -1.296759 |              -35.286616 |
 -------------------------------------------------------------


 -------------------------------------------------------------
   pp-RPA (N+2) calculation: alpha-alpha    manifold
 -------------------------------------------------------------
 | State |  Excitation energy (au) |  Excitation energy (eV) |
 -------------------------------------------------------------
 |     1 |                0.358738 |                9.761754 |
 |     2 |                0.386851 |               10.526750 |
 |     3 |                0.386851 |               10.526750 |
 |     4 |                0.407060 |               11.076668 |
 |     5 |                0.407060 |               11.076668 |
 |     6 |                0.450815 |               12.267312 |
 |     7 |                0.670660 |               18.249575 |
 |     8 |                0.670660 |               18.249575 |
 |     9 |                0.675762 |               18.388427 |
 |    10 |                0.700479 |               19.061002 |
 |    11 |                0.709186 |               19.297922 |
 |    12 |                0.709186 |               19.297922 |
 |    13 |                0.710490 |               19.333413 |
 |    14 |                0.710490 |               19.333413 |
 |    15 |                0.743448 |               20.230256 |
 |    16 |                0.743448 |               20.230256 |
 |    17 |                0.772890 |               21.031403 |
 |    18 |                0.785136 |               21.364632 |
 |    19 |                0.895224 |               24.360287 |
 |    20 |                0.895224 |               24.360287 |
 -------------------------------------------------------------


 -------------------------------------------------------------
   pp-RPA (N-2) calculation: alpha-alpha    manifold
 -------------------------------------------------------------
 | State |  Excitation energy (au) |  Excitation energy (eV) |
 -------------------------------------------------------------
 |     1 |               -5.652473 |             -153.811613 |
 |     2 |               -5.644047 |             -153.582352 |
 |     3 |               -1.296759 |              -35.286616 |
 -------------------------------------------------------------

 -------------------------------------------------------------------------------
   One-shot G0T0 calculation (T-matrix self-energy)  
 -------------------------------------------------------------------------------
 |   # |       e_HF (eV) |    Sigma_T (eV) |               Z |       e_QP (eV) |
 -------------------------------------------------------------------------------
 |   1 |     -125.858096 |        2.839988 |        0.946067 |     -123.171278 |
 |   2 |      -14.083842 |        0.177655 |        0.981889 |      -13.909405 |
 |   3 |      -13.497558 |        0.218519 |        0.980265 |      -13.283351 |
 |   4 |        2.167521 |       -0.351292 |        0.990073 |        1.819716 |
 |   5 |        2.167521 |       -0.351292 |        0.990073 |        1.819716 |
 |   6 |        3.947399 |       -0.183391 |        0.993830 |        3.765140 |
 |   7 |        4.384054 |       -0.068577 |        0.997876 |        4.315622 |
 |   8 |       10.183206 |       -0.662159 |        0.980403 |        9.534024 |
 |   9 |       10.183206 |       -0.662159 |        0.980403 |        9.534024 |
 |  10 |       11.906110 |       -0.544157 |        0.984356 |       11.370466 |
 |  11 |       16.471438 |       -0.358389 |        0.987765 |       16.117434 |
 |  12 |       16.792892 |       -0.475270 |        0.982539 |       16.325920 |
 |  13 |       16.792892 |       -0.475270 |        0.982539 |       16.325920 |
 |  14 |       18.085831 |       -0.531566 |        0.979349 |       17.565242 |
 |  15 |       18.127210 |       -0.599569 |        0.967141 |       17.547342 |
 |  16 |       18.127210 |       -0.599569 |        0.967141 |       17.547342 |
 |  17 |       34.736704 |       -0.969262 |        0.491351 |       34.260457 |
 |  18 |       38.002312 |       -1.961178 |        0.707512 |       36.614755 |
 |  19 |       50.494729 |       12.809064 |        0.002762 |       50.530109 |
 |  20 |       50.494729 |       12.809064 |        0.002762 |       50.530109 |
 |  21 |       59.286453 |       -0.774189 |        0.739962 |       58.713583 |
 |  22 |       59.286453 |       -0.774189 |        0.739962 |       58.713583 |
 |  23 |       59.441234 |       -1.415639 |        0.561002 |       58.647058 |
 |  24 |       69.919333 |        0.078865 |        0.202299 |       69.935287 |
 |  25 |       74.035007 |       -3.952692 |        0.034177 |       73.899915 |
 -------------------------------------------------------------------------------
             G0T0 HOMO      energy (eV)            =     -13.283351 eV
             G0T0 LUMO      energy (eV)            =       1.819716 eV
             G0T0 HOMO-LUMO gap    (eV)            =      15.103067 eV
 -------------------------------------------------------------------------------
        Tr@ppRPA@G0T0 correlation energy (singlet) =       -0.0359232865 au
        Tr@ppRPA@G0T0 correlation energy (triplet) =       -0.0024229587 au
        Tr@ppRPA@G0T0 correlation energy           =       -0.0383462452 au
        Tr@ppRPA@G0T0 total energy                 =      -15.6932052160 au
              GM@G0T0 correlation energy           =       -0.0639351693 au
              GM@G0T0 total energy                 =      -15.7187941401 au
 -------------------------------------------------------------------------------


 -------------------------------------------------------------
   BSE@GT       calculation: singlet        manifold
 -------------------------------------------------------------
 | State |  Excitation energy (au) |  Excitation energy (eV) |
 -------------------------------------------------------------
 |     1 |                0.284862 |                7.751485 |
 |     2 |                0.284862 |                7.751485 |
 |     3 |                0.354116 |                9.635974 |
 |     4 |                0.354116 |                9.635974 |
 |     5 |                0.421630 |               11.473130 |
 |     6 |                0.444384 |               12.092299 |
 |     7 |                0.466837 |               12.703288 |
 |     8 |                0.479960 |               13.060364 |
 |     9 |                0.534920 |               14.555923 |
 |    10 |                0.534920 |               14.555923 |
 |    11 |                0.573888 |               15.616280 |
 |    12 |                0.573888 |               15.616280 |
 |    13 |                0.630203 |               17.148699 |
 |    14 |                0.660327 |               17.968400 |
 |    15 |                0.807886 |               21.983700 |
 |    16 |                0.807886 |               21.983700 |
 |    17 |                0.808613 |               22.003489 |
 |    18 |                0.808613 |               22.003489 |
 |    19 |                0.815515 |               22.191304 |
 |    20 |                0.817359 |               22.241460 |
 -------------------------------------------------------------

 ---------------------------------------------------------------
                 Transition dipole moment (au)                  
 ---------------------------------------------------------------
  #           X           Y           Z   dip. str.   osc. str.
 ---------------------------------------------------------------
  1   -0.000000   -0.000000   -0.000000    0.000000    0.000000
  2   -0.000000    0.000000    0.000000    0.000000    0.000000
  3   -1.193520   -0.748783   -0.000000    1.985166    0.468652
  4    0.748783   -1.193520   -0.000000    1.985166    0.468652
  5   -0.000000   -0.000000    0.065660    0.004311    0.001212
  6   -0.000000    0.000000   -0.000000    0.000000    0.000000
  7    0.000000    0.000000   -0.000000    0.000000    0.000000
  8   -0.000000   -0.000000    0.813481    0.661751    0.211743
  9    0.000000    0.000000    0.000000    0.000000    0.000000
 10    0.000000    0.000000   -0.000000    0.000000    0.000000
 ---------------------------------------------------------------

 -------------------------------------------------------------
 Excitation n.   1:   7.751485 eV  f = 0.0000  <S**2> = 0.0000
 -------------------------------------------------------------
  3 ->   4 =  -0.676065
  3 ->   8 =   0.139268
  3 ->   9 =   0.145978

 -------------------------------------------------------------
 Excitation n.   2:   7.751485 eV  f = 0.0000  <S**2> = 0.0000
 -------------------------------------------------------------
  3 ->   5 =   0.676065
  3 ->   8 =   0.145978
  3 ->   9 =  -0.139268

 -------------------------------------------------------------
 Excitation n.   3:   9.635974 eV  f = 0.4687  <S**2> = 0.0000
 -------------------------------------------------------------
  2 ->   4 =  -0.680490
  2 ->   5 =  -0.140434
  2 ->   8 =   0.075251
  2 ->   9 =   0.107546

 -------------------------------------------------------------
 Excitation n.   4:   9.635974 eV  f = 0.4687  <S**2> = 0.0000
 -------------------------------------------------------------
  2 ->   4 =   0.140434
  2 ->   5 =  -0.680490
  2 ->   8 =  -0.107546
  2 ->   9 =   0.075251

 -------------------------------------------------------------
 Excitation n.   5:  11.473130 eV  f = 0.0012  <S**2> = 0.0000
 -------------------------------------------------------------
  2 ->   7 =  -0.212046
  3 ->   6 =  -0.672526

 -------------------------------------------------------------
 Excitation n.   6:  12.092299 eV  f = 0.0000  <S**2> = 0.0000
 -------------------------------------------------------------
  2 ->   6 =  -0.642952
  3 ->   7 =  -0.289346

 -------------------------------------------------------------
 Excitation n.   7:  12.703288 eV  f = 0.0000  <S**2> = 0.0000
 -------------------------------------------------------------
  2 ->   6 =  -0.284587
  3 ->   7 =   0.641437

 -------------------------------------------------------------
 Excitation n.   8:  13.060364 eV  f = 0.2117  <S**2> = 0.0000
 -------------------------------------------------------------
  2 ->   7 =  -0.660736
  2 ->  11 =  -0.077966
  3 ->   6 =   0.215158
  3 ->  10 =   0.103935

 -------------------------------------------------------------
 Excitation n.   9:  14.555923 eV  f = 0.0000  <S**2> = 0.0000
 -------------------------------------------------------------
  3 ->   4 =  -0.159038
  3 ->   5 =   0.125436
  3 ->   8 =  -0.674601

 -------------------------------------------------------------
 Excitation n.  10:  14.555923 eV  f = 0.0000  <S**2> = 0.0000
 -------------------------------------------------------------
  3 ->   4 =  -0.125436
  3 ->   5 =  -0.159038
  3 ->   9 =  -0.674601

Thomas-Reiche-Kuhn sum rule =   1.150258


 *** dynamical TDA activated ***

 ---------------------------------------------------------------------------------------------------
  First-order dynamical correction to static Bethe-Salpeter excitation energies                     
 ---------------------------------------------------------------------------------------------------
  BSE neutral excitation must be lower than the GT gap =  15.103067 eV
 ---------------------------------------------------------------------------------------------------
      #          Static (eV)         Dynamic (eV)      Correction (eV)         Renorm. (eV)
 ---------------------------------------------------------------------------------------------------
      1            7.751485            7.668261           -0.083224            1.002505
      2            7.751485            7.668261           -0.083224            1.002505
      3            9.635974            9.575238           -0.060736            1.001305
      4            9.635974            9.575238           -0.060736            1.001305
      5           11.473130           11.468902           -0.004228            0.996293
      6           12.092299           12.103975            0.011675            0.995137
      7           12.703288           12.700137           -0.003151            0.999801
      8           13.060364           13.041298           -0.019066            1.001460
      9           14.555923           14.540641           -0.015282            1.000947
     10           14.555923           14.540641           -0.015282            1.000947
 ---------------------------------------------------------------------------------------------------


 -------------------------------------------------------------
   BSE@GT       calculation: triplet        manifold
 -------------------------------------------------------------
 | State |  Excitation energy (au) |  Excitation energy (eV) |
 -------------------------------------------------------------
 |     1 |                0.242821 |                6.607487 |
 |     2 |                0.242821 |                6.607487 |
 |     3 |                0.265470 |                7.223802 |
 |     4 |                0.265470 |                7.223802 |
 |     5 |                0.377790 |               10.280189 |
 |     6 |                0.390040 |               10.613530 |
 |     7 |                0.452017 |               12.300009 |
 |     8 |                0.459901 |               12.514550 |
 |     9 |                0.519241 |               14.129278 |
 |    10 |                0.519241 |               14.129278 |
 |    11 |                0.542290 |               14.756472 |
 |    12 |                0.542290 |               14.756472 |
 |    13 |                0.564433 |               15.358991 |
 |    14 |                0.585691 |               15.937476 |
 |    15 |                0.725880 |               19.752189 |
 |    16 |                0.725880 |               19.752189 |
 |    17 |                0.739393 |               20.119897 |
 |    18 |                0.747104 |               20.329747 |
 |    19 |                0.752524 |               20.477233 |
 |    20 |                0.752524 |               20.477233 |
 -------------------------------------------------------------

 -------------------------------------------------------------
 Excitation n.   1:   6.607487 eV  f = 0.0000  <S**2> = 2.0000
 -------------------------------------------------------------
  2 ->  12 =  -0.072955
  2 ->  13 =  -0.073519
  3 ->   4 =  -0.640196
  3 ->   5 =  -0.128956
  3 ->   8 =   0.144511
  3 ->   9 =   0.204459

 -------------------------------------------------------------
 Excitation n.   2:   6.607487 eV  f = 0.0000  <S**2> = 2.0000
 -------------------------------------------------------------
  2 ->  12 =  -0.073519
  2 ->  13 =   0.072955
  3 ->   4 =   0.128956
  3 ->   5 =  -0.640196
  3 ->   8 =  -0.204459
  3 ->   9 =   0.144511

 -------------------------------------------------------------
 Excitation n.   3:   7.223802 eV  f = 0.0000  <S**2> = 2.0000
 -------------------------------------------------------------
  2 ->   4 =   0.649726
  2 ->   8 =  -0.163225
  2 ->   9 =  -0.185612
  3 ->  12 =   0.071845
  3 ->  13 =   0.089665

 -------------------------------------------------------------
 Excitation n.   4:   7.223802 eV  f = 0.0000  <S**2> = 2.0000
 -------------------------------------------------------------
  2 ->   5 =  -0.649726
  2 ->   8 =  -0.185612
  2 ->   9 =   0.163225
  3 ->  12 =  -0.089665
  3 ->  13 =   0.071845

 -------------------------------------------------------------
 Excitation n.   5:  10.280189 eV  f = 0.0000  <S**2> = 2.0000
 -------------------------------------------------------------
  2 ->   7 =  -0.269033
  3 ->   6 =  -0.636380
  3 ->  14 =   0.130225

 -------------------------------------------------------------
 Excitation n.   6:  10.613530 eV  f = 0.0000  <S**2> = 2.0000
 -------------------------------------------------------------
  2 ->   6 =  -0.516237
  2 ->  14 =   0.118688
  3 ->   7 =  -0.455871
  3 ->  11 =  -0.104197

 -------------------------------------------------------------
 Excitation n.   7:  12.300009 eV  f = 0.0000  <S**2> = 2.0000
 -------------------------------------------------------------
  2 ->   6 =  -0.456638
  2 ->  10 =  -0.190511
  3 ->   7 =   0.490077
  3 ->  11 =   0.116971

 -------------------------------------------------------------
 Excitation n.   8:  12.514550 eV  f = 0.0000  <S**2> = 2.0000
 -------------------------------------------------------------
  2 ->   7 =  -0.593084
  2 ->  11 =  -0.142425
  3 ->   6 =   0.252383
  3 ->  10 =   0.250974

 -------------------------------------------------------------
 Excitation n.   9:  14.129278 eV  f = 0.0000  <S**2> = 2.0000
 -------------------------------------------------------------
  2 ->  12 =  -0.078223
  3 ->   4 =   0.129771
  3 ->   5 =   0.228357
  3 ->   8 =  -0.154864
  3 ->   9 =   0.632881

 -------------------------------------------------------------
 Excitation n.  10:  14.129278 eV  f = 0.0000  <S**2> = 2.0000
 -------------------------------------------------------------
  2 ->  13 =  -0.078223
  3 ->   4 =   0.228357
  3 ->   5 =  -0.129771
  3 ->   8 =   0.632881
  3 ->   9 =   0.154864

Thomas-Reiche-Kuhn sum rule =   0.000000


 *** dynamical TDA activated ***

 ---------------------------------------------------------------------------------------------------
  First-order dynamical correction to static Bethe-Salpeter excitation energies                     
 ---------------------------------------------------------------------------------------------------
  BSE neutral excitation must be lower than the GT gap =  15.103067 eV
 ---------------------------------------------------------------------------------------------------
      #          Static (eV)         Dynamic (eV)      Correction (eV)         Renorm. (eV)
 ---------------------------------------------------------------------------------------------------
      1            6.607487            6.518918           -0.088569            1.002544
      2            6.607487            6.518918           -0.088569            1.002544
      3            7.223802            7.103697           -0.120105            1.003363
      4            7.223802            7.103697           -0.120105            1.003363
      5           10.280189           10.210707           -0.069481            1.006755
      6           10.613530           10.529425           -0.084106            1.006947
      7           12.300009           12.260763           -0.039246            1.001629
      8           12.514550           12.504401           -0.010149            1.000864
      9           14.129278           14.092644           -0.036634            1.002011
     10           14.129278           14.092644           -0.036634            1.002011
 ---------------------------------------------------------------------------------------------------


 -------------------------------------------------------------------------------
          Tr@BSE@G0T0 correlation energy (singlet) =       -0.0088629928 au
          Tr@BSE@G0T0 correlation energy (triplet) =       -0.0087415273 au
          Tr@BSE@G0T0 correlation energy           =       -0.0176045201 au
          Tr@BSE@G0T0 total energy                 =      -15.6724634909 au
 -------------------------------------------------------------------------------

                                       Total CPU time for G0T0 =      2.645 seconds

                                      Total CPU time for QuAcK =      3.728 seconds

