78 significant shell pairs computed in 0.000120 seconds
0
Computed Electron repulsion integrals Integrals in parallel in 0.265541 seconds

 ******************************************************************************************
 *            QuAcK                       QuAcK                         QuAcK             *
 *   __        __        __       __        __        __       __        __        __     *
 * <(o )___  <(o )___  <(o )___ <(o )___  <(o )___  <(o )___ <(o )___  <(o )___  <(o )___ *
 * ( ._> /   ( ._> /   ( ._> /  ( ._> /   ( ._> /   ( ._> /  ( ._> /   ( ._> /   ( ._> /  *
 *|--------------------------------------------------------------------------------------|*
 ******************************************************************************************

      ----------------------
             Number of atoms                3
      ----------------------

      ----------------------
Number of spin-up   electron                3
Number of spin-down electron                3
    Total number of electron                6
      ----------------------

      ----------------------
Number of core      electron                0
Number of Rydberg   electron                0
      ----------------------

          ------------------
          Molecular geometry
          ------------------
                    Atom n.                 1
                        Z =      4.0000000000
           Atom coordinates:     0.0000000000    0.0000000000    0.0000000000
                    Atom n.                 2
                        Z =      1.0000000000
           Atom coordinates:     0.0000000000    0.0000000000    3.5904796384
                    Atom n.                 3
                        Z =      1.0000000000
           Atom coordinates:     0.0000000000    0.0000000000   -3.5904796384

          ------------------
 Nuclear repulsion energy =      2.3673717319
          ------------------

          Gaussian basis set
          ------------------
                    Atom n.                 1
           number of shells                 6
          ------------------
      s-type shell with K =                 9
                                    Exponents     Contraction
                              2940.0000000000    0.0006800000
                               441.2000000000    0.0052360000
                               100.5000000000    0.0266060000
                                28.4300000000    0.0999930000
                                 9.1690000000    0.2697020000
                                 3.1960000000    0.4514690000
                                 1.1590000000    0.2950740000
                                 0.1811000000    0.0125870000
                                 0.0589000000   -0.0037560000
      s-type shell with K =                 9
                                    Exponents     Contraction
                              2940.0000000000   -0.0001230000
                               441.2000000000   -0.0009660000
                               100.5000000000   -0.0048310000
                                28.4300000000   -0.0193140000
                                 9.1690000000   -0.0532800000
                                 3.1960000000   -0.1207230000
                                 1.1590000000   -0.1334350000
                                 0.1811000000    0.5307670000
                                 0.0589000000    0.5801170000
      s-type shell with K =                 1
                                    Exponents     Contraction
                                 0.0589000000    1.0000000000
      p-type shell with K =                 4
                                    Exponents     Contraction
                                 3.6190000000    0.0291110000
                                 0.7110000000    0.1693650000
                                 0.1951000000    0.5134580000
                                 0.0601800000    0.4793380000
      p-type shell with K =                 1
                                    Exponents     Contraction
                                 0.0601800000    1.0000000000
      d-type shell with K =                 1
                                    Exponents     Contraction
                                 0.2354000000    1.0000000000
          ------------------
                    Atom n.                 2
           number of shells                 3
          ------------------
      s-type shell with K =                 4
                                    Exponents     Contraction
                                13.0100000000    0.0196850000
                                 1.9620000000    0.1379770000
                                 0.4446000000    0.4781480000
                                 0.1220000000    0.5012400000
      s-type shell with K =                 1
                                    Exponents     Contraction
                                 0.1220000000    1.0000000000
      p-type shell with K =                 1
                                    Exponents     Contraction
                                 0.7270000000    1.0000000000
          ------------------
                    Atom n.                 3
           number of shells                 3
          ------------------
      s-type shell with K =                 4
                                    Exponents     Contraction
                                13.0100000000    0.0196850000
                                 1.9620000000    0.1379770000
                                 0.4446000000    0.4781480000
                                 0.1220000000    0.5012400000
      s-type shell with K =                 1
                                    Exponents     Contraction
                                 0.1220000000    1.0000000000
      p-type shell with K =                 1
                                    Exponents     Contraction
                                 0.7270000000    1.0000000000
          ------------------
            Number of shells               12
          ------------------

          ------------------
   Number of basis functions               25
          ------------------

 Scaling integrals by    1.0000000000000000     

                          Total CPU time for reading integrals =      0.022 seconds


 ************************************************
 |    Restricted Hartree-Fock calculation       |
 ************************************************


 ----------------------------------------------------
 | RHF calculation                                  |
 ----------------------------------------------------
 |   # |        HF energy |       Conv |     HL Gap |
 ----------------------------------------------------
 |   1 |   -15.6158466036 |   0.143401 |   1.391831 |
 |   2 |   -15.6475432332 |   0.107581 |   1.422823 |
 |   3 |   -15.6590557385 |   0.077877 |   1.436434 |
 |   4 |   -15.6641187921 |   0.055958 |   1.438522 |
 |   5 |   -15.6667136615 |   0.040484 |   1.435902 |
 |   6 |   -15.6681689478 |   0.029622 |   1.434187 |
 |   7 |   -15.6690213120 |   0.021926 |   1.433124 |
 |   8 |   -15.6695307104 |   0.016392 |   1.432476 |
 |   9 |   -15.6698390038 |   0.012354 |   1.432082 |
 |  10 |   -15.6700281191 |   0.009369 |   1.431844 |
 |  11 |   -15.6701463108 |   0.007139 |   1.431698 |
 |  12 |   -15.6702220960 |   0.005459 |   1.431609 |
 |  13 |   -15.6702722936 |   0.004186 |   1.431555 |
 |  14 |   -15.6703068029 |   0.003216 |   1.431522 |
 |  15 |   -15.6703314551 |   0.002474 |   1.431502 |
 |  16 |   -15.6703497051 |   0.001906 |   1.431491 |
 |  17 |   -15.6703636274 |   0.001469 |   1.431485 |
 |  18 |   -15.6703744956 |   0.001134 |   1.431481 |
 |  19 |   -15.6703831180 |   0.000875 |   1.431480 |
 |  20 |   -15.6703900298 |   0.000676 |   1.431480 |
 |  21 |   -15.6703956028 |   0.000522 |   1.431480 |
 |  22 |   -15.6704001082 |   0.000403 |   1.431480 |
 |  23 |   -15.6704037521 |   0.000312 |   1.431481 |
 |  24 |   -15.6704066963 |   0.000241 |   1.431482 |
 |  25 |   -15.6704090708 |   0.000186 |   1.431482 |
 |  26 |   -15.6704109815 |   0.000144 |   1.431483 |
 |  27 |   -15.6704125149 |   0.000111 |   1.431483 |
 |  28 |   -15.6704137425 |   0.000086 |   1.431484 |
 |  29 |   -15.6704147226 |   0.000067 |   1.431484 |
 |  30 |   -15.6704155032 |   0.000052 |   1.431485 |
 |  31 |   -15.6704161235 |   0.000040 |   1.431485 |
 |  32 |   -15.6704166154 |   0.000031 |   1.431485 |
 |  33 |   -15.6704170045 |   0.000024 |   1.431485 |
 |  34 |   -15.6704173119 |   0.000018 |   1.431485 |
 |  35 |   -15.6704175542 |   0.000014 |   1.431486 |
 |  36 |   -15.6704177450 |   0.000011 |   1.431486 |
 |  37 |   -15.6704178949 |   0.000009 |   1.431486 |
 |  38 |   -15.6704180126 |   0.000007 |   1.431486 |
 |  39 |   -15.6704181049 |   0.000005 |   1.431486 |
 |  40 |   -15.6704181772 |   0.000004 |   1.431486 |
 |  41 |   -15.6704182337 |   0.000003 |   1.431486 |
 |  42 |   -15.6704182780 |   0.000002 |   1.431486 |
 |  43 |   -15.6704183125 |   0.000002 |   1.431486 |
 |  44 |   -15.6704183394 |   0.000001 |   1.431486 |
 |  45 |   -15.6704183605 |   0.000001 |   1.431486 |
 |  46 |   -15.6704183768 |   0.000001 |   1.431486 |
 |  47 |   -15.6704183896 |   0.000001 |   1.431486 |
 |  48 |   -15.6704183996 |   0.000001 |   1.431486 |
 |  49 |   -15.6704184073 |   0.000000 |   1.431486 |
 |  50 |   -15.6704184133 |   0.000000 |   1.431486 |
 |  51 |   -15.6704184180 |   0.000000 |   1.431486 |
 |  52 |   -15.6704184216 |   0.000000 |   1.431486 |
 |  53 |   -15.6704184244 |   0.000000 |   1.431486 |
 |  54 |   -15.6704184266 |   0.000000 |   1.431486 |
 |  55 |   -15.6704184101 |   0.000000 |   0.431486 |
 ----------------------------------------------------

         -----------------------------------------
           Summary              
         -----------------------------------------
           One-electron energy:    -24.8609337343 au
           Kinetic      energy:     15.1730252453 au
           Potential    energy:    -40.0339589796 au
         -----------------------------------------
           Two-electron energy:      6.8231435923 au
           Hartree      energy:     10.0680693967 au
           Exchange     energy:     -3.2449258044 au
         -----------------------------------------
           Electronic   energy:    -18.0377901420 au
           Nuclear   repulsion:      2.3673717319 au
           RHF          energy:    -15.6704184101 au
         -----------------------------------------
           HF HOMO      energy:        -10.388455 eV
           HF LUMO      energy:          1.352876 eV
           HF HOMO-LUMO gap   :         11.741330 eV
         -----------------------------------------
          Dipole moment (Debye)    
                   X         Y         Z      Tot.
           -0.000000  0.000000  0.000000  0.000000
         -----------------------------------------

           ---------------------------------------
                 MO coefficients
           ---------------------------------------
                 1              2              3              4              5
      1     1.00077481    -0.00953720     0.00000000     0.00000000     0.00000000
      2     0.00756907     0.66504089     0.00000000     0.00000000     0.00000000
      3    -0.00261178    -0.12791679     0.00000000     0.00000000     0.00000000
      4     0.00000000     0.00000000     0.00000000    -0.48294848    -0.07864436
      5     0.00000000     0.00000000     0.00000000     0.07864436    -0.48294848
      6     0.00000000     0.00000000    -0.49902830     0.00000000     0.00000000
      7     0.00000000     0.00000000     0.00000000    -0.53935351    -0.08782948
      8     0.00000000     0.00000000     0.00000000     0.08782948    -0.53935351
      9     0.00000000     0.00000000     0.07847740     0.00000000     0.00000000
     10    -0.00231124    -0.01858485     0.00000000     0.00000000     0.00000000
     11     0.00000000     0.00000000     0.00000000     0.00000000     0.00000000
     12     0.00000000     0.00000000     0.00000000     0.00000000     0.00000000
     13    -0.00231124    -0.01858485     0.00000000     0.00000000     0.00000000
     14     0.00000000     0.00000000     0.00000000     0.00000000     0.00000000
     15    -0.00178020     0.06038984     0.00000000     0.00000000     0.00000000
     16     0.00028725     0.39730640    -0.47512967     0.00000000     0.00000000
     17     0.00013135     0.00365068     0.00557468     0.00000000     0.00000000
     18     0.00000000     0.00000000     0.00000000    -0.00872934    -0.00142150
     19     0.00000000     0.00000000     0.00000000     0.00142150    -0.00872934
     20     0.00001091    -0.00770161     0.00982383     0.00000000     0.00000000
     21     0.00028725     0.39730640     0.47512967     0.00000000     0.00000000
     22     0.00013135     0.00365068    -0.00557468     0.00000000     0.00000000
     23     0.00000000     0.00000000     0.00000000    -0.00872934    -0.00142150
     24     0.00000000     0.00000000     0.00000000     0.00142150    -0.00872934
     25    -0.00001091     0.00770161     0.00982383     0.00000000     0.00000000
                 6              7              8              9             10
      1     0.04965272     0.00000000    -0.56593268     0.00000000     0.00000000
      2    -0.47061920     0.00000000    -2.82605982     0.00000000     0.00000000
      3    -0.82298564     0.00000000     3.63898513     0.00000000     0.00000000
      4     0.00000000     0.00000000     0.00000000     0.00000000    -0.33633382
      5     0.00000000     0.00000000     0.00000000     0.00000000     1.84626331
      6     0.00000000     0.28212824     0.00000000     1.80859263     0.00000000
      7     0.00000000     0.00000000     0.00000000     0.00000000     0.33376234
      8     0.00000000     0.00000000     0.00000000     0.00000000    -1.83214748
      9     0.00000000    -2.64663139     0.00000000    -1.00555711     0.00000000
     10    -0.01759884     0.00000000    -0.21610793     0.00000000     0.00000000
     11     0.00000000     0.00000000     0.00000000     0.00000000     0.00000000
     12     0.00000000     0.00000000     0.00000000     0.00000000     0.00000000
     13    -0.01759884     0.00000000    -0.21610793     0.00000000     0.00000000
     14     0.00000000     0.00000000     0.00000000     0.00000000     0.00000000
     15     0.02509311     0.00000000    -0.25425538     0.00000000     0.00000000
     16     0.32994502     0.22142045    -0.05171662    -0.09018266     0.00000000
     17     0.52669897     1.33898482    -0.11644206    -0.49331474     0.00000000
     18     0.00000000     0.00000000     0.00000000     0.00000000    -0.00142274
     19     0.00000000     0.00000000     0.00000000     0.00000000     0.00780995
     20     0.00479837    -0.01175090     0.01241816    -0.03883571     0.00000000
     21     0.32994502    -0.22142045    -0.05171662     0.09018266     0.00000000
     22     0.52669897    -1.33898482    -0.11644206     0.49331474     0.00000000
     23     0.00000000     0.00000000     0.00000000     0.00000000    -0.00142274
     24     0.00000000     0.00000000     0.00000000     0.00000000     0.00780995
     25    -0.00479837    -0.01175090    -0.01241816    -0.03883571     0.00000000
                11             12             13             14             15
      1     0.00000000     0.00000000     0.00000000    -0.16966328     0.00000000
      2     0.00000000     0.00000000     0.00000000    -1.00552614     0.00000000
      3     0.00000000     0.00000000     0.00000000     1.84966022     0.00000000
      4     1.84626331     0.00000000     0.00000000     0.00000000     0.00000000
      5     0.33633382     0.00000000     0.00000000     0.00000000     0.00000000
      6     0.00000000     0.00000000     0.00000000     0.00000000     0.00000000
      7    -1.83214748     0.00000000     0.00000000     0.00000000     0.00000000
      8    -0.33376234     0.00000000     0.00000000     0.00000000     0.00000000
      9     0.00000000     0.00000000     0.00000000     0.00000000     0.00000000
     10     0.00000000     0.00000000     0.00000000    -0.30926814    -0.86602496
     11     0.00000000     0.00000000     0.00000000     0.00000000    -0.00101146
     12     0.00000000    -0.28256545     0.92377457     0.00000000     0.00000000
     13     0.00000000     0.00000000     0.00000000    -0.30926814     0.86602496
     14     0.00000000    -0.92377457    -0.28256545     0.00000000     0.00000000
     15     0.00000000     0.00000000     0.00000000     0.90691582     0.00000000
     16     0.00000000     0.00000000     0.00000000     0.95816264     0.00000000
     17     0.00000000     0.00000000     0.00000000    -1.79171827     0.00000000
     18     0.00780995    -0.02273291     0.07431937     0.00000000     0.00000000
     19     0.00142274    -0.07431937    -0.02273291     0.00000000     0.00000000
     20     0.00000000     0.00000000     0.00000000     0.01206222     0.00000000
     21     0.00000000     0.00000000     0.00000000     0.95816264     0.00000000
     22     0.00000000     0.00000000     0.00000000    -1.79171827     0.00000000
     23     0.00780995     0.02273291    -0.07431937     0.00000000     0.00000000
     24     0.00142274     0.07431937     0.02273291     0.00000000     0.00000000
     25     0.00000000     0.00000000     0.00000000    -0.01206222     0.00000000
                16             17             18             19             20
      1     0.00000000     0.00000000     0.12419093     0.47591246     0.00000000
      2     0.00000000     0.00000000     1.54345903     4.10233700     0.00000000
      3     0.00000000     0.00000000    -0.35874994    -1.20103995     0.00000000
      4     0.00000000     0.00000000     0.00000000     0.00000000     0.01915620
      5     0.00000000     0.00000000     0.00000000     0.00000000     0.05773498
      6     0.00000000    -0.22527922     0.00000000     0.00000000     0.00000000
      7     0.00000000     0.00000000     0.00000000     0.00000000     0.03172114
      8     0.00000000     0.00000000     0.00000000     0.00000000     0.09560452
      9     0.00000000     1.70765981     0.00000000     0.00000000     0.00000000
     10     0.00087595     0.00000000    -0.97728736    -1.19206110     0.00000000
     11    -0.99999949     0.00000000     0.00000000     0.00000000     0.00000000
     12     0.00000000     0.00000000     0.00000000     0.00000000     0.00000000
     13    -0.00087595     0.00000000    -0.97728736    -1.19206110     0.00000000
     14     0.00000000     0.00000000     0.00000000     0.00000000     0.00000000
     15     0.00000000     0.00000000     0.26299852    -1.57907114     0.00000000
     16     0.00000000     1.77229878    -1.15197582     0.83136916     0.00000000
     17     0.00000000    -2.81906076     0.88625266    -0.79464419     0.00000000
     18     0.00000000     0.00000000     0.00000000     0.00000000    -0.22496767
     19     0.00000000     0.00000000     0.00000000     0.00000000    -0.67803134
     20     0.00000000    -0.04174441    -0.08100726     0.07796224     0.00000000
     21     0.00000000    -1.77229878    -1.15197582     0.83136916     0.00000000
     22     0.00000000     2.81906076     0.88625266    -0.79464419     0.00000000
     23     0.00000000     0.00000000     0.00000000     0.00000000    -0.22496767
     24     0.00000000     0.00000000     0.00000000     0.00000000    -0.67803134
     25     0.00000000    -0.04174441     0.08100726    -0.07796224     0.00000000
                21             22             23             24             25
      1     0.00000000     0.00000000     0.00000000     0.00000000    -0.12496321
      2     0.00000000     0.00000000     0.00000000     0.00000000    -0.86378896
      3     0.00000000     0.00000000     0.00000000     0.00000000     0.66436921
      4    -0.05773498     0.00000000     0.00000000     0.00000000     0.00000000
      5     0.01915620     0.00000000     0.00000000     0.00000000     0.00000000
      6     0.00000000     0.00000000     0.00000000    -0.83563912     0.00000000
      7    -0.09560452     0.00000000     0.00000000     0.00000000     0.00000000
      8     0.03172114     0.00000000     0.00000000     0.00000000     0.00000000
      9     0.00000000     0.00000000     0.00000000    -0.04239298     0.00000000
     10     0.00000000     0.00000000     0.00000000     0.00000000    -0.00103487
     11     0.00000000     0.00000000     0.00000000     0.00000000     0.00000000
     12     0.00000000    -0.03421134    -0.36978761     0.00000000     0.00000000
     13     0.00000000     0.00000000     0.00000000     0.00000000    -0.00103487
     14     0.00000000    -0.36978761     0.03421134     0.00000000     0.00000000
     15     0.00000000     0.00000000     0.00000000     0.00000000     1.49332778
     16     0.00000000     0.00000000     0.00000000    -0.25063979    -0.45678361
     17     0.00000000     0.00000000     0.00000000     0.76275790    -0.24120067
     18     0.67803134     0.06703588     0.72458542     0.00000000     0.00000000
     19    -0.22496767     0.72458542    -0.06703588     0.00000000     0.00000000
     20     0.00000000     0.00000000     0.00000000    -0.76958749     0.91239767
     21     0.00000000     0.00000000     0.00000000     0.25063979    -0.45678361
     22     0.00000000     0.00000000     0.00000000    -0.76275790    -0.24120067
     23     0.67803134    -0.06703588    -0.72458542     0.00000000     0.00000000
     24    -0.22496767    -0.72458542     0.06703588     0.00000000     0.00000000
     25     0.00000000     0.00000000     0.00000000    -0.76958749    -0.91239767

           ---------------------------------------
                     MO energies
           ---------------------------------------
                 1
      1    -4.79239062
      2    -0.43316398
      3    -0.38176867
      4     0.04971726
      5     0.04971726
      6     0.07106074
      7     0.25269159
      8     0.26838814
      9     0.30688928
     10     0.32734181
     11     0.32734181
     12     0.59820666
     13     0.59820666
     14     0.60699802
     15     0.61363569
     16     0.61363569
     17     0.88111813
     18     0.95518019
     19     1.21998460
     20     1.57711842
     21     1.57711842
     22     1.67973171
     23     1.67973171
     24     1.81429888
     25     2.21813288

                                        Total CPU time for RHF =      0.454 seconds


 AO to MO transformation... Please be patient

                    Total CPU time for AO to MO transformation =      0.679 seconds


 ************************************************
 |          One-shot G0W0 calculation           |
 ************************************************


 -------------------------------------------------------------
   RPA@HF       calculation: singlet        manifold
 -------------------------------------------------------------
 | State |  Excitation energy (au) |  Excitation energy (eV) |
 -------------------------------------------------------------
 |     1 |                0.445403 |               12.120038 |
 |     2 |                0.445403 |               12.120038 |
 |     3 |                0.526925 |               14.338357 |
 |     4 |                0.527207 |               14.346033 |
 |     5 |                0.527207 |               14.346033 |
 |     6 |                0.555777 |               15.123451 |
 |     7 |                0.661965 |               18.012993 |
 |     8 |                0.664738 |               18.088433 |
 |     9 |                0.709665 |               19.310955 |
 |    10 |                0.711762 |               19.368033 |
 |    11 |                0.716868 |               19.506973 |
 |    12 |                0.716868 |               19.506973 |
 |    13 |                0.791494 |               21.537644 |
 |    14 |                0.791494 |               21.537644 |
 |    15 |                0.809653 |               22.031772 |
 |    16 |                0.836271 |               22.756087 |
 |    17 |                1.002274 |               27.273277 |
 |    18 |                1.002274 |               27.273277 |
 |    19 |                1.047916 |               28.515237 |
 |    20 |                1.047916 |               28.515237 |
 -------------------------------------------------------------

  *** Quasiparticle energies obtained by linearization *** 

 -------------------------------------------------------------------------------
   One-shot G0W0 calculation
 -------------------------------------------------------------------------------
 |   # |       e_HF (eV) |      Sig_c (eV) |               Z |       e_QP (eV) |
 -------------------------------------------------------------------------------
 |   1 |     -130.407591 |        4.095596 |        0.886299 |     -126.777668 |
 |   2 |      -11.786992 |       -0.046596 |        0.935538 |      -11.830585 |
 |   3 |      -10.388455 |       -0.137456 |        0.940601 |      -10.517746 |
 |   4 |        1.352876 |       -0.542253 |        0.974192 |        0.824616 |
 |   5 |        1.352876 |       -0.542253 |        0.974192 |        0.824616 |
 |   6 |        1.933661 |       -0.636896 |        0.956833 |        1.324258 |
 |   7 |        6.876088 |       -0.334734 |        0.978862 |        6.548430 |
 |   8 |        7.303213 |       -0.524007 |        0.971079 |        6.794362 |
 |   9 |        8.350883 |       -0.988254 |        0.938698 |        7.423210 |
 |  10 |        8.907424 |       -1.145964 |        0.942214 |        7.827681 |
 |  11 |        8.907424 |       -1.145964 |        0.942214 |        7.827681 |
 |  12 |       16.278032 |       -0.389778 |        0.546764 |       16.064916 |
 |  13 |       16.278032 |       -0.389778 |        0.546764 |       16.064916 |
 |  14 |       16.517257 |       -1.079555 |        0.727427 |       15.731961 |
 |  15 |       16.697878 |        0.523022 |        0.380658 |       16.896971 |
 |  16 |       16.697878 |        0.523022 |        0.380658 |       16.896971 |
 |  17 |       23.976446 |       -2.398488 |        0.119908 |       23.688847 |
 |  18 |       25.991777 |       -2.123719 |        0.233007 |       25.496935 |
 |  19 |       33.197472 |       -0.698132 |        0.694462 |       32.712646 |
 |  20 |       42.915578 |       -2.316066 |        0.769231 |       41.133988 |
 |  21 |       42.915578 |       -2.316066 |        0.769231 |       41.133988 |
 |  22 |       45.707828 |       -3.050767 |        0.092338 |       45.426125 |
 |  23 |       45.707828 |       -3.050767 |        0.092338 |       45.426125 |
 |  24 |       49.369587 |        1.420709 |        0.277495 |       49.763826 |
 |  25 |       60.358470 |       -5.131321 |        0.109584 |       59.796160 |
 -------------------------------------------------------------------------------
          G0W0 HOMO      energy:     -10.517746 eV
          G0W0 LUMO      energy:       0.824616 eV
          G0W0 HOMO-LUMO gap   :      11.342362 eV
 -------------------------------------------------------------------------------
    RPA@G0W0 total energy      :     -15.758566 au
    RPA@G0W0 correlation energy:      -0.088148 au
    GM@G0W0  total energy      :     -15.828262 au
    GM@G0W0  correlation energy:      -0.157843 au
 -------------------------------------------------------------------------------


 -------------------------------------------------------------
   BSE@GW       calculation: singlet        manifold
 -------------------------------------------------------------
 | State |  Excitation energy (au) |  Excitation energy (eV) |
 -------------------------------------------------------------
 |     1 |                0.196410 |                5.344580 |
 |     2 |                0.196410 |                5.344580 |
 |     3 |                0.261758 |                7.122803 |
 |     4 |                0.275279 |                7.490720 |
 |     5 |                0.275279 |                7.490720 |
 |     6 |                0.300371 |                8.173501 |
 |     7 |                0.429168 |               11.678261 |
 |     8 |                0.441916 |               12.025146 |
 |     9 |                0.441916 |               12.025146 |
 |    10 |                0.450186 |               12.250178 |
 |    11 |                0.463434 |               12.610678 |
 |    12 |                0.480903 |               13.086039 |
 |    13 |                0.496242 |               13.503442 |
 |    14 |                0.496242 |               13.503442 |
 |    15 |                0.501089 |               13.635316 |
 |    16 |                0.508213 |               13.829190 |
 |    17 |                0.753477 |               20.503159 |
 |    18 |                0.753477 |               20.503159 |
 |    19 |                0.756496 |               20.585305 |
 |    20 |                0.756496 |               20.585305 |
 -------------------------------------------------------------

 ---------------------------------------------------------------
                 Transition dipole moment (au)                  
 ---------------------------------------------------------------
  #           X           Y           Z   dip. str.   osc. str.
 ---------------------------------------------------------------
  1    0.000000    0.000000    0.000000    0.000000    0.000000
  2   -0.000000   -0.000000    0.000000    0.000000    0.000000
  3    0.000000    0.000000   -2.173319    4.723316    0.824244
  4    1.479865    0.050120    0.000000    2.192511    0.402368
  5   -0.050120    1.479865   -0.000000    2.192511    0.402368
  6   -0.000000   -0.000000    0.000000    0.000000    0.000000
  7   -0.000000   -0.000000    0.685000    0.469225    0.134251
  8    0.000000    0.000000   -0.000000    0.000000    0.000000
  9   -0.000000   -0.000000    0.000000    0.000000    0.000000
 10   -0.000000    0.000000    0.000000    0.000000    0.000000
 ---------------------------------------------------------------

 -------------------------------------------------------------
 Excitation n.   1:   5.344580 eV  f = 0.0000  <S**2> = 0.0000
 -------------------------------------------------------------
  3 ->   4 =   0.670566
  3 ->   5 =   0.192836
  3 ->  11 =  -0.114658

 -------------------------------------------------------------
 Excitation n.   2:   5.344580 eV  f = 0.0000  <S**2> = 0.0000
 -------------------------------------------------------------
  3 ->   4 =  -0.192836
  3 ->   5 =   0.670566
  3 ->  10 =  -0.114658

 -------------------------------------------------------------
 Excitation n.   3:   7.122803 eV  f = 0.8242  <S**2> = 0.0000
 -------------------------------------------------------------
  3 ->   6 =   0.710151
  3 ->   8 =   0.077341
  3 <-   6 =  -0.098100

 -------------------------------------------------------------
 Excitation n.   4:   7.490720 eV  f = 0.4024  <S**2> = 0.0000
 -------------------------------------------------------------
  2 ->   4 =  -0.692203
  2 ->   5 =  -0.136919
  2 ->  11 =   0.074423

 -------------------------------------------------------------
 Excitation n.   5:   7.490720 eV  f = 0.4024  <S**2> = 0.0000
 -------------------------------------------------------------
  2 ->   4 =   0.136919
  2 ->   5 =  -0.692203
  2 ->  10 =   0.074423

 -------------------------------------------------------------
 Excitation n.   6:   8.173501 eV  f = 0.0000  <S**2> = 0.0000
 -------------------------------------------------------------
  2 ->   6 =   0.710638
  2 <-   6 =  -0.071035

 -------------------------------------------------------------
 Excitation n.   7:  11.678261 eV  f = 0.1343  <S**2> = 0.0000
 -------------------------------------------------------------
  2 ->   7 =  -0.167912
  2 ->   9 =  -0.143591
  3 ->   6 =   0.082271
  3 ->   8 =  -0.666461

 -------------------------------------------------------------
 Excitation n.   8:  12.025146 eV  f = 0.0000  <S**2> = 0.0000
 -------------------------------------------------------------
  3 ->   5 =  -0.114988
  3 ->  10 =  -0.672848
  3 ->  11 =  -0.183374

 -------------------------------------------------------------
 Excitation n.   9:  12.025146 eV  f = 0.0000  <S**2> = 0.0000
 -------------------------------------------------------------
  3 ->   4 =   0.114988
  3 ->  10 =  -0.183374
  3 ->  11 =   0.672848

 -------------------------------------------------------------
 Excitation n.  10:  12.250178 eV  f = 0.0000  <S**2> = 0.0000
 -------------------------------------------------------------
  2 ->   8 =   0.208272
  3 ->   7 =   0.639448
  3 ->   9 =  -0.218497

Thomas-Reiche-Kuhn sum rule =   1.763231


 *** dynamical TDA activated ***

 ---------------------------------------------------------------------------------------------------
  First-order dynamical correction to static Bethe-Salpeter excitation energies                     
 ---------------------------------------------------------------------------------------------------
  BSE neutral excitation must be lower than the GW gap =  11.342362 eV
 ---------------------------------------------------------------------------------------------------
      #          Static (eV)         Dynamic (eV)      Correction (eV)         Renorm. (eV)
 ---------------------------------------------------------------------------------------------------
      1            5.344580            5.297646           -0.046934            1.005011
      2            5.344580            5.297646           -0.046934            1.005011
      3            7.122803            7.039841           -0.082962            1.014376
      4            7.490720            7.418915           -0.071805            1.010230
      5            7.490720            7.418915           -0.071805            1.010230
      6            8.173501            8.124494           -0.049008            1.010039
      7           11.678261           11.602813           -0.075448            1.008970
      8           12.025146           11.974090           -0.051056            1.005239
      9           12.025146           11.974090           -0.051056            1.005239
     10           12.250178           12.194226           -0.055952            1.010365
 ---------------------------------------------------------------------------------------------------


 -------------------------------------------------------------
   BSE@GW       calculation: triplet        manifold
 -------------------------------------------------------------
 | State |  Excitation energy (au) |  Excitation energy (eV) |
 -------------------------------------------------------------
 |     1 |                0.137668 |                3.746126 |
 |     2 |                0.174220 |                4.740767 |
 |     3 |                0.174220 |                4.740767 |
 |     4 |                0.178670 |                4.861847 |
 |     5 |                0.208083 |                5.662217 |
 |     6 |                0.208083 |                5.662217 |
 |     7 |                0.363281 |                9.885390 |
 |     8 |                0.374284 |               10.184787 |
 |     9 |                0.413029 |               11.239102 |
 |    10 |                0.434237 |               11.816190 |
 |    11 |                0.434237 |               11.816190 |
 |    12 |                0.441651 |               12.017949 |
 |    13 |                0.470785 |               12.810700 |
 |    14 |                0.470785 |               12.810700 |
 |    15 |                0.485786 |               13.218901 |
 |    16 |                0.489068 |               13.308228 |
 |    17 |                0.692062 |               18.831968 |
 |    18 |                0.694103 |               18.887509 |
 |    19 |                0.694103 |               18.887509 |
 |    20 |                0.734351 |               19.982719 |
 -------------------------------------------------------------

 -------------------------------------------------------------
 Excitation n.   1:   3.746126 eV  f = 0.0000  <S**2> = 2.0000
 -------------------------------------------------------------
  2 ->   7 =  -0.092204
  2 ->   9 =   0.162343
  3 ->   6 =   0.684006
  3 ->   8 =   0.096184
  3 <-   6 =   0.110655

 -------------------------------------------------------------
 Excitation n.   2:   4.740767 eV  f = 0.0000  <S**2> = 2.0000
 -------------------------------------------------------------
  3 ->   4 =   0.673969
  3 ->   5 =   0.162086
  3 ->  11 =  -0.126465

 -------------------------------------------------------------
 Excitation n.   3:   4.740767 eV  f = 0.0000  <S**2> = 2.0000
 -------------------------------------------------------------
  3 ->   4 =  -0.162086
  3 ->   5 =   0.673969
  3 ->  10 =  -0.126465

 -------------------------------------------------------------
 Excitation n.   4:   4.861847 eV  f = 0.0000  <S**2> = 2.0000
 -------------------------------------------------------------
  2 ->   6 =  -0.653153
  2 ->   8 =  -0.105147
  3 ->   7 =   0.125214
  3 ->   9 =  -0.226494
  2 <-   6 =  -0.076982

 -------------------------------------------------------------
 Excitation n.   5:   5.662217 eV  f = 0.0000  <S**2> = 2.0000
 -------------------------------------------------------------
  2 ->   4 =   0.688637
  2 ->  11 =  -0.137819
  3 ->  13 =   0.074393

 -------------------------------------------------------------
 Excitation n.   6:   5.662217 eV  f = 0.0000  <S**2> = 2.0000
 -------------------------------------------------------------
  2 ->   5 =  -0.688637
  2 ->  10 =   0.137819
  3 ->  12 =   0.074393

 -------------------------------------------------------------
 Excitation n.   7:   9.885390 eV  f = 0.0000  <S**2> = 2.0000
 -------------------------------------------------------------
  2 ->   6 =   0.232593
  2 ->   8 =  -0.254499
  2 ->  14 =   0.078822
  3 ->   7 =  -0.071857
  3 ->   9 =  -0.607799

 -------------------------------------------------------------
 Excitation n.   8:  10.184787 eV  f = 0.0000  <S**2> = 2.0000
 -------------------------------------------------------------
  2 ->   7 =  -0.105892
  2 ->   9 =  -0.446931
  3 ->   6 =   0.156257
  3 ->   8 =  -0.506973
  3 ->  14 =   0.084827

 -------------------------------------------------------------
 Excitation n.   9:  11.239102 eV  f = 0.0000  <S**2> = 2.0000
 -------------------------------------------------------------
  2 ->   6 =  -0.130570
  2 ->   8 =  -0.247505
  3 ->   7 =  -0.633470
  3 ->   9 =   0.129213

 -------------------------------------------------------------
 Excitation n.  10:  11.816190 eV  f = 0.0000  <S**2> = 2.0000
 -------------------------------------------------------------
  3 ->   5 =  -0.111392
  3 ->  10 =  -0.679005
  3 ->  11 =   0.142866

Thomas-Reiche-Kuhn sum rule =   0.000000


 *** dynamical TDA activated ***

 ---------------------------------------------------------------------------------------------------
  First-order dynamical correction to static Bethe-Salpeter excitation energies                     
 ---------------------------------------------------------------------------------------------------
  BSE neutral excitation must be lower than the GW gap =  11.342362 eV
 ---------------------------------------------------------------------------------------------------
      #          Static (eV)         Dynamic (eV)      Correction (eV)         Renorm. (eV)
 ---------------------------------------------------------------------------------------------------
      1            3.746126            3.410294           -0.335832            1.020199
      2            4.740767            4.671279           -0.069488            1.005608
      3            4.740767            4.671279           -0.069488            1.005608
      4            4.861847            4.490343           -0.371503            1.023429
      5            5.662217            5.525798           -0.136419            1.011480
      6            5.662217            5.525798           -0.136419            1.011480
      7            9.885390            9.705554           -0.179836            1.010338
      8           10.184787            9.976184           -0.208603            1.014381
      9           11.239102           11.166646           -0.072457            1.002835
     10           11.816190           11.763397           -0.052793            1.004958
 ---------------------------------------------------------------------------------------------------


 -------------------------------------------------------------------------------
          Tr@BSE@G0W0 correlation energy (singlet) =       -0.0658567150
          Tr@BSE@G0W0 correlation energy (triplet) =       -0.0246407293
          Tr@BSE@G0W0 correlation energy           =       -0.0904974443
          Tr@BSE@G0W0 total energy                 =      -15.7609158544
 -------------------------------------------------------------------------------

                                       Total CPU time for G0W0 =      0.061 seconds


 ************************************************
 |          One-shot G0T0 calculation           |
 ************************************************


 -------------------------------------------------------------
   pp-RPA (N+2) calculation: alpha-beta     manifold
 -------------------------------------------------------------
 | State |  Excitation energy (au) |  Excitation energy (eV) |
 -------------------------------------------------------------
 |     1 |                0.305570 |                8.314982 |
 |     2 |                0.313550 |                8.532117 |
 |     3 |                0.313550 |                8.532117 |
 |     4 |                0.320472 |                8.720481 |
 |     5 |                0.327433 |                8.909919 |
 |     6 |                0.327433 |                8.909919 |
 |     7 |                0.368689 |               10.032525 |
 |     8 |                0.368689 |               10.032525 |
 |     9 |                0.405583 |               11.036465 |
 |    10 |                0.481232 |               13.094986 |
 |    11 |                0.481232 |               13.094986 |
 |    12 |                0.494485 |               13.455634 |
 |    13 |                0.501541 |               13.647620 |
 |    14 |                0.501541 |               13.647620 |
 |    15 |                0.515954 |               14.039827 |
 |    16 |                0.515954 |               14.039827 |
 |    17 |                0.526516 |               14.327224 |
 |    18 |                0.528806 |               14.389557 |
 |    19 |                0.537639 |               14.629901 |
 |    20 |                0.537639 |               14.629901 |
 -------------------------------------------------------------


 -------------------------------------------------------------
   pp-RPA (N-2) calculation: alpha-beta     manifold
 -------------------------------------------------------------
 | State |  Excitation energy (au) |  Excitation energy (eV) |
 -------------------------------------------------------------
 |     1 |              -11.860599 |             -322.743336 |
 |     2 |               -5.619447 |             -152.912940 |
 |     3 |               -5.599508 |             -152.370386 |
 |     4 |               -5.514864 |             -150.067102 |
 |     5 |               -5.509669 |             -149.925726 |
 |     6 |               -1.277343 |              -34.758270 |
 |     7 |               -1.267337 |              -34.485983 |
 |     8 |               -0.999445 |              -27.196281 |
 |     9 |               -0.996889 |              -27.126738 |
 -------------------------------------------------------------


 -------------------------------------------------------------
   pp-RPA (N+2) calculation: alpha-alpha    manifold
 -------------------------------------------------------------
 | State |  Excitation energy (au) |  Excitation energy (eV) |
 -------------------------------------------------------------
 |     1 |                0.305570 |                8.314982 |
 |     2 |                0.313550 |                8.532117 |
 |     3 |                0.313550 |                8.532117 |
 |     4 |                0.481232 |               13.094986 |
 |     5 |                0.481232 |               13.094986 |
 |     6 |                0.494485 |               13.455634 |
 |     7 |                0.515954 |               14.039827 |
 |     8 |                0.515954 |               14.039827 |
 |     9 |                0.526516 |               14.327224 |
 |    10 |                0.588531 |               16.014750 |
 |    11 |                0.588531 |               16.014750 |
 |    12 |                0.594521 |               16.177738 |
 |    13 |                0.594521 |               16.177738 |
 |    14 |                0.601579 |               16.369790 |
 |    15 |                0.617577 |               16.805135 |
 |    16 |                0.629093 |               17.118504 |
 |    17 |                0.635792 |               17.300785 |
 |    18 |                0.635792 |               17.300785 |
 |    19 |                0.691458 |               18.815539 |
 |    20 |                0.754860 |               20.540784 |
 -------------------------------------------------------------


 -------------------------------------------------------------
   pp-RPA (N-2) calculation: alpha-alpha    manifold
 -------------------------------------------------------------
 | State |  Excitation energy (au) |  Excitation energy (eV) |
 -------------------------------------------------------------
 |     1 |               -5.599508 |             -152.370386 |
 |     2 |               -5.509669 |             -149.925726 |
 |     3 |               -0.999445 |              -27.196281 |
 -------------------------------------------------------------

 -------------------------------------------------------------------------------
   One-shot G0T0 calculation (T-matrix self-energy)  
 -------------------------------------------------------------------------------
 |   # |       e_HF (eV) |    Sigma_T (eV) |               Z |       e_QP (eV) |
 -------------------------------------------------------------------------------
 |   1 |     -130.407591 |        3.248665 |        0.910368 |     -127.450112 |
 |   2 |      -11.786992 |        0.094810 |        0.977176 |      -11.694346 |
 |   3 |      -10.388455 |        0.083277 |        0.976865 |      -10.307104 |
 |   4 |        1.352876 |       -0.467099 |        0.984830 |        0.892863 |
 |   5 |        1.352876 |       -0.467099 |        0.984830 |        0.892863 |
 |   6 |        1.933661 |       -0.529229 |        0.979661 |        1.415196 |
 |   7 |        6.876088 |       -0.206277 |        0.991618 |        6.671540 |
 |   8 |        7.303213 |       -0.409152 |        0.983614 |        6.900765 |
 |   9 |        8.350883 |       -0.742533 |        0.970148 |        7.630516 |
 |  10 |        8.907424 |       -0.804241 |        0.971133 |        8.126399 |
 |  11 |        8.907424 |       -0.804241 |        0.971133 |        8.126399 |
 |  12 |       16.278032 |       -0.757913 |        0.929718 |       15.573387 |
 |  13 |       16.278032 |       -0.757913 |        0.929718 |       15.573387 |
 |  14 |       16.517257 |       -0.729672 |        0.967528 |       15.811280 |
 |  15 |       16.697878 |       -0.836637 |        0.936074 |       15.914723 |
 |  16 |       16.697878 |       -0.836637 |        0.936074 |       15.914723 |
 |  17 |       23.976446 |       -1.434317 |        0.883719 |       22.708912 |
 |  18 |       25.991777 |       -1.212755 |        0.382971 |       25.527327 |
 |  19 |       33.197472 |       -1.407027 |        0.481516 |       32.519966 |
 |  20 |       42.915578 |       -1.400830 |        0.808400 |       41.783146 |
 |  21 |       42.915578 |       -1.400830 |        0.808400 |       41.783146 |
 |  22 |       45.707828 |       -1.335968 |        0.611731 |       44.890575 |
 |  23 |       45.707828 |       -1.335968 |        0.611731 |       44.890575 |
 |  24 |       49.369587 |        2.655837 |        0.011866 |       49.401101 |
 |  25 |       60.358470 |       -8.618820 |        0.015074 |       60.228551 |
 -------------------------------------------------------------------------------
             G0T0 HOMO      energy (eV)            =     -10.307104 eV
             G0T0 LUMO      energy (eV)            =       0.892863 eV
             G0T0 HOMO-LUMO gap    (eV)            =      11.199967 eV
 -------------------------------------------------------------------------------
        Tr@ppRPA@G0T0 correlation energy (singlet) =       -0.0329006133 au
        Tr@ppRPA@G0T0 correlation energy (triplet) =       -0.0017828403 au
        Tr@ppRPA@G0T0 correlation energy           =       -0.0346834536 au
        Tr@ppRPA@G0T0 total energy                 =      -15.7051018637 au
              GM@G0T0 correlation energy           =       -0.0555057843 au
              GM@G0T0 total energy                 =      -15.7259241943 au
 -------------------------------------------------------------------------------


 -------------------------------------------------------------
   BSE@GT       calculation: singlet        manifold
 -------------------------------------------------------------
 | State |  Excitation energy (au) |  Excitation energy (eV) |
 -------------------------------------------------------------
 |     1 |                0.190422 |                5.181652 |
 |     2 |                0.190422 |                5.181652 |
 |     3 |                0.259190 |                7.052909 |
 |     4 |                0.261456 |                7.114593 |
 |     5 |                0.261456 |                7.114593 |
 |     6 |                0.289756 |                7.884650 |
 |     7 |                0.414215 |               11.271358 |
 |     8 |                0.435277 |               11.844501 |
 |     9 |                0.440111 |               11.976040 |
 |    10 |                0.440111 |               11.976040 |
 |    11 |                0.447981 |               12.190192 |
 |    12 |                0.467896 |               12.732105 |
 |    13 |                0.483409 |               13.154221 |
 |    14 |                0.483409 |               13.154221 |
 |    15 |                0.496927 |               13.522084 |
 |    16 |                0.498656 |               13.569129 |
 |    17 |                0.708093 |               19.268189 |
 |    18 |                0.708093 |               19.268189 |
 |    19 |                0.715354 |               19.465781 |
 |    20 |                0.715354 |               19.465781 |
 -------------------------------------------------------------

 ---------------------------------------------------------------
                 Transition dipole moment (au)                  
 ---------------------------------------------------------------
  #           X           Y           Z   dip. str.   osc. str.
 ---------------------------------------------------------------
  1    0.000000    0.000000    0.000000    0.000000    0.000000
  2   -0.000000    0.000000   -0.000000    0.000000    0.000000
  3    0.000000    0.000000    2.520127    6.351040    1.097416
  4   -0.230998   -1.585390    0.000000    2.566822    0.447408
  5   -1.585390    0.230998    0.000000    2.566822    0.447408
  6   -0.000000    0.000000    0.000000    0.000000    0.000000
  7   -0.000000    0.000000    0.942156    0.887658    0.245121
  8   -0.000000   -0.000000   -0.000000    0.000000    0.000000
  9   -0.000000   -0.000000   -0.000000    0.000000    0.000000
 10   -0.000000    0.000000    0.000000    0.000000    0.000000
 ---------------------------------------------------------------

 -------------------------------------------------------------
 Excitation n.   1:   5.181652 eV  f = 0.0000  <S**2> = 0.0000
 -------------------------------------------------------------
  3 ->   4 =  -0.630518
  3 ->   5 =   0.294909
  3 ->  10 =  -0.084453
  3 ->  11 =   0.085521

 -------------------------------------------------------------
 Excitation n.   2:   5.181652 eV  f = 0.0000  <S**2> = 0.0000
 -------------------------------------------------------------
  3 ->   4 =  -0.294909
  3 ->   5 =  -0.630518
  3 ->  10 =   0.085521
  3 ->  11 =   0.084453

 -------------------------------------------------------------
 Excitation n.   3:   7.052909 eV  f = 1.0974  <S**2> = 0.0000
 -------------------------------------------------------------
  3 ->   6 =  -0.701462

 -------------------------------------------------------------
 Excitation n.   4:   7.114593 eV  f = 0.4474  <S**2> = 0.0000
 -------------------------------------------------------------
  2 ->   5 =   0.697957
  2 ->  10 =  -0.107481

 -------------------------------------------------------------
 Excitation n.   5:   7.114593 eV  f = 0.4474  <S**2> = 0.0000
 -------------------------------------------------------------
  2 ->   4 =   0.697957
  2 ->  11 =  -0.107481

 -------------------------------------------------------------
 Excitation n.   6:   7.884650 eV  f = 0.0000  <S**2> = 0.0000
 -------------------------------------------------------------
  2 ->   6 =   0.705092

 -------------------------------------------------------------
 Excitation n.   7:  11.271358 eV  f = 0.2451  <S**2> = 0.0000
 -------------------------------------------------------------
  2 ->   7 =  -0.201070
  2 ->   9 =  -0.256196
  3 ->   8 =  -0.623945

 -------------------------------------------------------------
 Excitation n.   8:  11.844501 eV  f = 0.0000  <S**2> = 0.0000
 -------------------------------------------------------------
  2 ->   8 =  -0.239110
  3 ->   7 =  -0.643878
  3 ->   9 =   0.161934

 -------------------------------------------------------------
 Excitation n.   9:  11.976040 eV  f = 0.0000  <S**2> = 0.0000
 -------------------------------------------------------------
  3 ->   4 =   0.115338
  3 ->  11 =   0.695815

 -------------------------------------------------------------
 Excitation n.  10:  11.976040 eV  f = 0.0000  <S**2> = 0.0000
 -------------------------------------------------------------
  3 ->   5 =  -0.115338
  3 ->  10 =  -0.695815

Thomas-Reiche-Kuhn sum rule =   2.237353


 *** dynamical TDA activated ***

 ---------------------------------------------------------------------------------------------------
  First-order dynamical correction to static Bethe-Salpeter excitation energies                     
 ---------------------------------------------------------------------------------------------------
  BSE neutral excitation must be lower than the GT gap =  11.199967 eV
 ---------------------------------------------------------------------------------------------------
      #          Static (eV)         Dynamic (eV)      Correction (eV)         Renorm. (eV)
 ---------------------------------------------------------------------------------------------------
      1            5.181652            5.113374           -0.068278            1.002616
      2            5.181652            5.113374           -0.068278            1.002616
      3            7.052909            6.987696           -0.065213            1.002870
      4            7.114593            7.147104            0.032511            0.999094
      5            7.114593            7.147104            0.032511            0.999094
      6            7.884650            7.924682            0.040032            0.992130
      7           11.271358           11.248019           -0.023339            1.000844
      8           11.844501           11.886151            0.041650            0.996577
      9           11.976040           11.954654           -0.021386            1.001891
     10           11.976040           11.954654           -0.021386            1.001891
 ---------------------------------------------------------------------------------------------------


 -------------------------------------------------------------
   BSE@GT       calculation: triplet        manifold
 -------------------------------------------------------------
 | State |  Excitation energy (au) |  Excitation energy (eV) |
 -------------------------------------------------------------
 |     1 |                0.126644 |                3.446168 |
 |     2 |                0.163906 |                4.460097 |
 |     3 |                0.168210 |                4.577231 |
 |     4 |                0.168210 |                4.577231 |
 |     5 |                0.204151 |                5.555228 |
 |     6 |                0.204151 |                5.555228 |
 |     7 |                0.358141 |                9.745507 |
 |     8 |                0.361735 |                9.843316 |
 |     9 |                0.412668 |               11.229268 |
 |    10 |                0.435278 |               11.844504 |
 |    11 |                0.435278 |               11.844504 |
 |    12 |                0.439307 |               11.954162 |
 |    13 |                0.471169 |               12.821159 |
 |    14 |                0.471169 |               12.821159 |
 |    15 |                0.487775 |               13.273028 |
 |    16 |                0.488155 |               13.283386 |
 |    17 |                0.658448 |               17.917291 |
 |    18 |                0.658448 |               17.917291 |
 |    19 |                0.667485 |               18.163190 |
 |    20 |                0.695973 |               18.938393 |
 -------------------------------------------------------------

 -------------------------------------------------------------
 Excitation n.   1:   3.446168 eV  f = 0.0000  <S**2> = 2.0000
 -------------------------------------------------------------
  2 ->   7 =  -0.104205
  2 ->   9 =   0.191991
  3 ->   6 =   0.663286
  3 ->   8 =   0.104116

 -------------------------------------------------------------
 Excitation n.   2:   4.460097 eV  f = 0.0000  <S**2> = 2.0000
 -------------------------------------------------------------
  2 ->   6 =   0.626276
  2 ->   8 =   0.114465
  3 ->   7 =  -0.140221
  3 ->   9 =   0.266067

 -------------------------------------------------------------
 Excitation n.   3:   4.577231 eV  f = 0.0000  <S**2> = 2.0000
 -------------------------------------------------------------
  3 ->   4 =   0.442314
  3 ->   5 =   0.531818
  3 ->  11 =  -0.108021

 -------------------------------------------------------------
 Excitation n.   4:   4.577231 eV  f = 0.0000  <S**2> = 2.0000
 -------------------------------------------------------------
  3 ->   4 =   0.531818
  3 ->   5 =  -0.442314
  3 ->  10 =   0.108021

 -------------------------------------------------------------
 Excitation n.   5:   5.555228 eV  f = 0.0000  <S**2> = 2.0000
 -------------------------------------------------------------
  2 ->   4 =  -0.275665
  2 ->   5 =   0.627955
  2 ->  10 =  -0.148349
  3 ->  12 =  -0.074607

 -------------------------------------------------------------
 Excitation n.   6:   5.555228 eV  f = 0.0000  <S**2> = 2.0000
 -------------------------------------------------------------
  2 ->   4 =   0.627955
  2 ->   5 =   0.275665
  2 ->  11 =  -0.148349
  3 ->  13 =   0.074607

 -------------------------------------------------------------
 Excitation n.   7:   9.745507 eV  f = 0.0000  <S**2> = 2.0000
 -------------------------------------------------------------
  2 ->   6 =   0.246961
  2 ->   8 =  -0.289372
  2 ->  14 =   0.102424
  3 ->   7 =  -0.173061
  3 ->   9 =  -0.559763

 -------------------------------------------------------------
 Excitation n.   8:   9.843316 eV  f = 0.0000  <S**2> = 2.0000
 -------------------------------------------------------------
  2 ->   7 =   0.131155
  2 ->   9 =   0.445156
  3 ->   6 =  -0.179927
  3 ->   8 =   0.489527
  3 ->  14 =  -0.104933

 -------------------------------------------------------------
 Excitation n.   9:  11.229268 eV  f = 0.0000  <S**2> = 2.0000
 -------------------------------------------------------------
  2 ->   6 =  -0.194528
  2 ->   8 =  -0.217553
  3 ->   7 =  -0.602569
  3 ->   9 =   0.213538

 -------------------------------------------------------------
 Excitation n.  10:  11.844504 eV  f = 0.0000  <S**2> = 2.0000
 -------------------------------------------------------------
  3 ->   4 =   0.096814
  3 ->   5 =  -0.087662
  3 ->  10 =  -0.610824
  3 ->  11 =   0.328436

Thomas-Reiche-Kuhn sum rule =   0.000000


 *** dynamical TDA activated ***

 ---------------------------------------------------------------------------------------------------
  First-order dynamical correction to static Bethe-Salpeter excitation energies                     
 ---------------------------------------------------------------------------------------------------
  BSE neutral excitation must be lower than the GT gap =  11.199967 eV
 ---------------------------------------------------------------------------------------------------
      #          Static (eV)         Dynamic (eV)      Correction (eV)         Renorm. (eV)
 ---------------------------------------------------------------------------------------------------
      1            3.446168            3.266094           -0.180073            1.009299
      2            4.460097            4.259785           -0.200312            1.009561
      3            4.577231            4.495263           -0.081968            1.003090
      4            4.577231            4.495263           -0.081968            1.003090
      5            5.555228            5.373840           -0.181388            1.005277
      6            5.555228            5.373840           -0.181388            1.005277
      7            9.745507            9.642940           -0.102567            1.008499
      8            9.843316            9.767903           -0.075413            1.006336
      9           11.229268           11.151311           -0.077956            1.005689
     10           11.844504           11.804558           -0.039947            1.003419
 ---------------------------------------------------------------------------------------------------


 -------------------------------------------------------------------------------
          Tr@BSE@G0T0 correlation energy (singlet) =       -0.0063336460 au
          Tr@BSE@G0T0 correlation energy (triplet) =       -0.0073847146 au
          Tr@BSE@G0T0 correlation energy           =       -0.0137183606 au
          Tr@BSE@G0T0 total energy                 =      -15.6841367707 au
 -------------------------------------------------------------------------------

                                       Total CPU time for G0T0 =      2.696 seconds

                                      Total CPU time for QuAcK =      3.913 seconds

