78 significant shell pairs computed in 0.000104 seconds
0
Computed Electron repulsion integrals Integrals in parallel in 0.340610 seconds

 ******************************************************************************************
 *            QuAcK                       QuAcK                         QuAcK             *
 *   __        __        __       __        __        __       __        __        __     *
 * <(o )___  <(o )___  <(o )___ <(o )___  <(o )___  <(o )___ <(o )___  <(o )___  <(o )___ *
 * ( ._> /   ( ._> /   ( ._> /  ( ._> /   ( ._> /   ( ._> /  ( ._> /   ( ._> /   ( ._> /  *
 *|--------------------------------------------------------------------------------------|*
 ******************************************************************************************

      ----------------------
             Number of atoms                3
      ----------------------

      ----------------------
Number of spin-up   electron                3
Number of spin-down electron                3
    Total number of electron                6
      ----------------------

      ----------------------
Number of core      electron                0
Number of Rydberg   electron                0
      ----------------------

          ------------------
          Molecular geometry
          ------------------
                    Atom n.                 1
                        Z =      4.0000000000
           Atom coordinates:     0.0000000000    0.0000000000    0.0000000000
                    Atom n.                 2
                        Z =      1.0000000000
           Atom coordinates:     0.0000000000    0.0000000000    2.2676713505
                    Atom n.                 3
                        Z =      1.0000000000
           Atom coordinates:     0.0000000000    0.0000000000   -2.2676713505

          ------------------
 Nuclear repulsion energy =      3.7483385757
          ------------------

          Gaussian basis set
          ------------------
                    Atom n.                 1
           number of shells                 6
          ------------------
      s-type shell with K =                 9
                                    Exponents     Contraction
                              2940.0000000000    0.0006800000
                               441.2000000000    0.0052360000
                               100.5000000000    0.0266060000
                                28.4300000000    0.0999930000
                                 9.1690000000    0.2697020000
                                 3.1960000000    0.4514690000
                                 1.1590000000    0.2950740000
                                 0.1811000000    0.0125870000
                                 0.0589000000   -0.0037560000
      s-type shell with K =                 9
                                    Exponents     Contraction
                              2940.0000000000   -0.0001230000
                               441.2000000000   -0.0009660000
                               100.5000000000   -0.0048310000
                                28.4300000000   -0.0193140000
                                 9.1690000000   -0.0532800000
                                 3.1960000000   -0.1207230000
                                 1.1590000000   -0.1334350000
                                 0.1811000000    0.5307670000
                                 0.0589000000    0.5801170000
      s-type shell with K =                 1
                                    Exponents     Contraction
                                 0.0589000000    1.0000000000
      p-type shell with K =                 4
                                    Exponents     Contraction
                                 3.6190000000    0.0291110000
                                 0.7110000000    0.1693650000
                                 0.1951000000    0.5134580000
                                 0.0601800000    0.4793380000
      p-type shell with K =                 1
                                    Exponents     Contraction
                                 0.0601800000    1.0000000000
      d-type shell with K =                 1
                                    Exponents     Contraction
                                 0.2354000000    1.0000000000
          ------------------
                    Atom n.                 2
           number of shells                 3
          ------------------
      s-type shell with K =                 4
                                    Exponents     Contraction
                                13.0100000000    0.0196850000
                                 1.9620000000    0.1379770000
                                 0.4446000000    0.4781480000
                                 0.1220000000    0.5012400000
      s-type shell with K =                 1
                                    Exponents     Contraction
                                 0.1220000000    1.0000000000
      p-type shell with K =                 1
                                    Exponents     Contraction
                                 0.7270000000    1.0000000000
          ------------------
                    Atom n.                 3
           number of shells                 3
          ------------------
      s-type shell with K =                 4
                                    Exponents     Contraction
                                13.0100000000    0.0196850000
                                 1.9620000000    0.1379770000
                                 0.4446000000    0.4781480000
                                 0.1220000000    0.5012400000
      s-type shell with K =                 1
                                    Exponents     Contraction
                                 0.1220000000    1.0000000000
      p-type shell with K =                 1
                                    Exponents     Contraction
                                 0.7270000000    1.0000000000
          ------------------
            Number of shells               12
          ------------------

          ------------------
   Number of basis functions               25
          ------------------

 Scaling integrals by    1.0000000000000000     

                          Total CPU time for reading integrals =      0.022 seconds


 ************************************************
 |    Restricted Hartree-Fock calculation       |
 ************************************************


 ----------------------------------------------------
 | RHF calculation                                  |
 ----------------------------------------------------
 |   # |        HF energy |       Conv |     HL Gap |
 ----------------------------------------------------
 |   1 |   -15.8887864391 |   0.296609 |   1.526051 |
 |   2 |   -15.8475748707 |   0.136381 |   1.544877 |
 |   3 |   -15.8107531345 |   0.064747 |   1.545830 |
 |   4 |   -15.7877756790 |   0.037576 |   1.544007 |
 |   5 |   -15.7742447312 |   0.024401 |   1.542327 |
 |   6 |   -15.7662825499 |   0.016115 |   1.541149 |
 |   7 |   -15.7615311081 |   0.010790 |   1.540374 |
 |   8 |   -15.7586454623 |   0.007304 |   1.539872 |
 |   9 |   -15.7568618634 |   0.004988 |   1.539546 |
 |  10 |   -15.7557411560 |   0.003432 |   1.539333 |
 |  11 |   -15.7550263757 |   0.002374 |   1.539193 |
 |  12 |   -15.7545643630 |   0.001651 |   1.539099 |
 |  13 |   -15.7542621759 |   0.001152 |   1.539037 |
 |  14 |   -15.7540624546 |   0.000807 |   1.538995 |
 |  15 |   -15.7539292438 |   0.000566 |   1.538966 |
 |  16 |   -15.7538396832 |   0.000398 |   1.538947 |
 |  17 |   -15.7537790503 |   0.000281 |   1.538933 |
 |  18 |   -15.7537377536 |   0.000198 |   1.538924 |
 |  19 |   -15.7537094795 |   0.000140 |   1.538918 |
 |  20 |   -15.7536900340 |   0.000099 |   1.538913 |
 |  21 |   -15.7536766082 |   0.000070 |   1.538910 |
 |  22 |   -15.7536673073 |   0.000050 |   1.538908 |
 |  23 |   -15.7536608455 |   0.000035 |   1.538907 |
 |  24 |   -15.7536563448 |   0.000025 |   1.538906 |
 |  25 |   -15.7536532034 |   0.000018 |   1.538905 |
 |  26 |   -15.7536510067 |   0.000013 |   1.538905 |
 |  27 |   -15.7536494681 |   0.000009 |   1.538904 |
 |  28 |   -15.7536483890 |   0.000006 |   1.538904 |
 |  29 |   -15.7536476313 |   0.000004 |   1.538904 |
 |  30 |   -15.7536470987 |   0.000003 |   1.538904 |
 |  31 |   -15.7536467240 |   0.000002 |   1.538904 |
 |  32 |   -15.7536464601 |   0.000002 |   1.538904 |
 |  33 |   -15.7536462743 |   0.000001 |   1.538904 |
 |  34 |   -15.7536461432 |   0.000001 |   1.538904 |
 |  35 |   -15.7536460508 |   0.000001 |   1.538904 |
 |  36 |   -15.7536459856 |   0.000000 |   1.538904 |
 |  37 |   -15.7536459396 |   0.000000 |   1.538904 |
 |  38 |   -15.7536459071 |   0.000000 |   1.538904 |
 |  39 |   -15.7536458841 |   0.000000 |   1.538904 |
 |  40 |   -15.7536458679 |   0.000000 |   1.538904 |
 |  41 |   -15.7536459035 |   0.000000 |   0.538904 |
 ----------------------------------------------------

         -----------------------------------------
           Summary              
         -----------------------------------------
           One-electron energy:    -27.7629052709 au
           Kinetic      energy:     15.9886250518 au
           Potential    energy:    -43.7515303227 au
         -----------------------------------------
           Two-electron energy:      8.2609207918 au
           Hartree      energy:     11.7694383993 au
           Exchange     energy:     -3.5085176075 au
         -----------------------------------------
           Electronic   energy:    -19.5019844791 au
           Nuclear   repulsion:      3.7483385757 au
           RHF          energy:    -15.7536459035 au
         -----------------------------------------
           HF HOMO      energy:        -12.646853 eV
           HF LUMO      energy:          2.017460 eV
           HF HOMO-LUMO gap   :         14.664313 eV
         -----------------------------------------
          Dipole moment (Debye)    
                   X         Y         Z      Tot.
           -0.000000 -0.000000  0.000000  0.000000
         -----------------------------------------

           ---------------------------------------
                 MO coefficients
           ---------------------------------------
                 1              2              3              4              5
      1    -1.00041462     0.06891274     0.00000000     0.00000000     0.00000000
      2    -0.01284083    -0.64553881     0.00000000     0.00000000     0.00000000
      3     0.00464861     0.23773297     0.00000000     0.00000000     0.00000000
      4     0.00000000     0.00000000     0.00000000    -0.37897757    -0.02706479
      5     0.00000000     0.00000000     0.00000000     0.02706479    -0.37897757
      6     0.00000000     0.00000000     0.66387251     0.00000000     0.00000000
      7     0.00000000     0.00000000     0.00000000    -0.64846513    -0.04631031
      8     0.00000000     0.00000000     0.00000000     0.04631031    -0.64846513
      9     0.00000000     0.00000000    -0.18249937     0.00000000     0.00000000
     10     0.00351267     0.01291689     0.00000000     0.00000000     0.00000000
     11     0.00000000     0.00000000     0.00000000     0.00000000     0.00000000
     12     0.00000000     0.00000000     0.00000000     0.00000000     0.00000000
     13     0.00351267     0.01291689     0.00000000     0.00000000     0.00000000
     14     0.00000000     0.00000000     0.00000000     0.00000000     0.00000000
     15     0.00495583    -0.02071989     0.00000000     0.00000000     0.00000000
     16    -0.00632495    -0.50339095     0.54920306     0.00000000     0.00000000
     17     0.00286180     0.08495963    -0.19531593     0.00000000     0.00000000
     18     0.00000000     0.00000000     0.00000000    -0.01213490    -0.00086662
     19     0.00000000     0.00000000     0.00000000     0.00086662    -0.01213490
     20     0.00141299     0.02441606    -0.01822477     0.00000000     0.00000000
     21    -0.00632495    -0.50339095    -0.54920306     0.00000000     0.00000000
     22     0.00286180     0.08495963     0.19531593     0.00000000     0.00000000
     23     0.00000000     0.00000000     0.00000000    -0.01213490    -0.00086662
     24     0.00000000     0.00000000     0.00000000     0.00086662    -0.01213490
     25    -0.00141299    -0.02441606    -0.01822477     0.00000000     0.00000000
                 6              7              8              9             10
      1     0.05358739     0.00000000    -0.61326417     0.00000000     0.00000000
      2     0.25400532     0.00000000    -3.02254130     0.00000000     0.00000000
      3    -2.75298458     0.00000000     2.02020125     0.00000000     0.00000000
      4     0.00000000     0.00000000     0.00000000     1.86391743    -0.23026817
      5     0.00000000     0.00000000     0.00000000    -0.23026817    -1.86391743
      6     0.00000000     0.20364055     0.00000000     0.00000000     0.00000000
      7     0.00000000     0.00000000     0.00000000    -1.80501000     0.22299075
      8     0.00000000     0.00000000     0.00000000     0.22299075     1.80501000
      9     0.00000000    -2.37471455     0.00000000     0.00000000     0.00000000
     10     0.12880303     0.00000000    -0.27841616     0.00000000     0.00000000
     11     0.00000000     0.00000000     0.00000000     0.00000000     0.00000000
     12     0.00000000     0.00000000     0.00000000     0.00000000     0.00000000
     13     0.12880303     0.00000000    -0.27841616     0.00000000     0.00000000
     14     0.00000000     0.00000000     0.00000000     0.00000000     0.00000000
     15    -0.06227558     0.00000000    -0.12561979     0.00000000     0.00000000
     16     0.29455593     0.08200016     0.09731973     0.00000000     0.00000000
     17     1.03394796     1.32249989     0.91131802     0.00000000     0.00000000
     18     0.00000000     0.00000000     0.00000000     0.02542143    -0.00314056
     19     0.00000000     0.00000000     0.00000000    -0.00314056    -0.02542143
     20    -0.03777671    -0.02534330     0.01073787     0.00000000     0.00000000
     21     0.29455593    -0.08200016     0.09731973     0.00000000     0.00000000
     22     1.03394796    -1.32249989     0.91131802     0.00000000     0.00000000
     23     0.00000000     0.00000000     0.00000000     0.02542143    -0.00314056
     24     0.00000000     0.00000000     0.00000000    -0.00314056    -0.02542143
     25     0.03777671    -0.02534330    -0.01073787     0.00000000     0.00000000
                11             12             13             14             15
      1     0.00000000     0.00000000     0.00000000     0.45259975     0.00000000
      2     0.00000000     0.00000000     0.00000000     1.71434865     0.00000000
      3     0.00000000     0.00000000     0.00000000     1.16038785     0.00000000
      4     0.00000000     0.00000000     0.00000000     0.00000000     0.00000000
      5     0.00000000     0.00000000     0.00000000     0.00000000     0.00000000
      6    -2.32526310     0.00000000     0.00000000     0.00000000     0.00000000
      7     0.00000000     0.00000000     0.00000000     0.00000000     0.00000000
      8     0.00000000     0.00000000     0.00000000     0.00000000     0.00000000
      9    -0.91428110     0.00000000     0.00000000     0.00000000     0.00000000
     10     0.00000000     0.00000000     0.00000000    -0.56839442     0.86602540
     11     0.00000000     0.00000000     0.00000000     0.00000000     0.00009973
     12     0.00000000    -0.92576562    -0.37638973     0.00000000     0.00000000
     13     0.00000000     0.00000000     0.00000000    -0.56839442    -0.86602540
     14     0.00000000    -0.37638973     0.92576562     0.00000000     0.00000000
     15     0.00000000     0.00000000     0.00000000     0.97998227     0.00000000
     16    -0.27830230     0.00000000     0.00000000     0.52851222     0.00000000
     17     3.08068412     0.00000000     0.00000000    -2.40862372     0.00000000
     18     0.00000000    -0.00065376    -0.00026580     0.00000000     0.00000000
     19     0.00000000    -0.00026580     0.00065376     0.00000000     0.00000000
     20     0.00469339     0.00000000     0.00000000     0.08739895     0.00000000
     21     0.27830230     0.00000000     0.00000000     0.52851222     0.00000000
     22    -3.08068412     0.00000000     0.00000000    -2.40862372     0.00000000
     23     0.00000000     0.00065376     0.00026580     0.00000000     0.00000000
     24     0.00000000     0.00026580    -0.00065376     0.00000000     0.00000000
     25     0.00469339     0.00000000     0.00000000    -0.08739895     0.00000000
                16             17             18             19             20
      1     0.00000000     0.00000000    -0.31127545     0.00000000     0.00000000
      2     0.00000000     0.00000000    -3.66740578     0.00000000     0.00000000
      3     0.00000000     0.00000000     1.57939196     0.00000000     0.00000000
      4     0.00000000     0.00000000     0.00000000     0.69160643    -0.07734462
      5     0.00000000     0.00000000     0.00000000     0.07734462     0.69160643
      6     0.00000000    -1.15946161     0.00000000     0.00000000     0.00000000
      7     0.00000000     0.00000000     0.00000000    -0.34991144     0.03913174
      8     0.00000000     0.00000000     0.00000000    -0.03913174    -0.34991144
      9     0.00000000     1.74053795     0.00000000     0.00000000     0.00000000
     10    -0.00008637     0.00000000     1.33834541     0.00000000     0.00000000
     11     1.00000000     0.00000000     0.00000000     0.00000000     0.00000000
     12     0.00000000     0.00000000     0.00000000     0.00000000     0.00000000
     13     0.00008637     0.00000000     1.33834541     0.00000000     0.00000000
     14     0.00000000     0.00000000     0.00000000     0.00000000     0.00000000
     15     0.00000000     0.00000000     1.50578505     0.00000000     0.00000000
     16     0.00000000     1.97029873     0.13875393     0.00000000     0.00000000
     17     0.00000000    -2.54328063    -0.64462180     0.00000000     0.00000000
     18     0.00000000     0.00000000     0.00000000    -0.75600581     0.08454661
     19     0.00000000     0.00000000     0.00000000    -0.08454661    -0.75600581
     20     0.00000000     0.15106375     0.11076007     0.00000000     0.00000000
     21     0.00000000    -1.97029873     0.13875393     0.00000000     0.00000000
     22     0.00000000     2.54328063    -0.64462180     0.00000000     0.00000000
     23     0.00000000     0.00000000     0.00000000    -0.75600581     0.08454661
     24     0.00000000     0.00000000     0.00000000    -0.08454661    -0.75600581
     25     0.00000000     0.15106375    -0.11076007     0.00000000     0.00000000
                21             22             23             24             25
      1    -0.07674823     0.00000000     0.00000000     1.35350013     0.00000000
      2    -0.89450766     0.00000000     0.00000000     6.07703896     0.00000000
      3     0.36622102     0.00000000     0.00000000    -2.49849316     0.00000000
      4     0.00000000     0.00000000     0.00000000     0.00000000     0.00000000
      5     0.00000000     0.00000000     0.00000000     0.00000000     0.00000000
      6     0.00000000     0.00000000     0.00000000     0.00000000     3.60196670
      7     0.00000000     0.00000000     0.00000000     0.00000000     0.00000000
      8     0.00000000     0.00000000     0.00000000     0.00000000     0.00000000
      9     0.00000000     0.00000000     0.00000000     0.00000000    -0.88810477
     10     0.00417187     0.00000000     0.00000000    -1.13934461     0.00000000
     11     0.00000000     0.00000000     0.00000000     0.00000000     0.00000000
     12     0.00000000     0.38668688    -0.75300031     0.00000000     0.00000000
     13     0.00417187     0.00000000     0.00000000    -1.13934461     0.00000000
     14     0.00000000     0.75300031     0.38668688     0.00000000     0.00000000
     15     2.28685569     0.00000000     0.00000000     2.03973040     0.00000000
     16    -2.08211484     0.00000000     0.00000000    -2.69065607    -0.95697789
     17     0.91252907     0.00000000     0.00000000    -0.00944569    -1.26467478
     18     0.00000000    -0.42316678     0.82403808     0.00000000     0.00000000
     19     0.00000000    -0.82403808    -0.42316678     0.00000000     0.00000000
     20    -0.44465070     0.00000000     0.00000000     0.90799780     1.07275344
     21    -2.08211484     0.00000000     0.00000000    -2.69065607     0.95697789
     22     0.91252907     0.00000000     0.00000000    -0.00944569     1.26467478
     23     0.00000000     0.42316678    -0.82403808     0.00000000     0.00000000
     24     0.00000000     0.82403808     0.42316678     0.00000000     0.00000000
     25     0.44465070     0.00000000     0.00000000    -0.90799780     1.07275344

           ---------------------------------------
                     MO energies
           ---------------------------------------
                 1
      1    -4.65364940
      2    -0.50211916
      3    -0.46476328
      4     0.07414029
      5     0.07414029
      6     0.15152791
      7     0.17212979
      8     0.35550087
      9     0.36959433
     10     0.36959433
     11     0.58055061
     12     0.61374093
     13     0.61374093
     14     0.62146979
     15     0.65588959
     16     0.65588959
     17     1.17368503
     18     1.19690582
     19     1.72590243
     20     1.72590243
     21     1.85174126
     22     2.11491993
     23     2.11491993
     24     2.39351025
     25     2.55981219

                                        Total CPU time for RHF =      0.342 seconds


 AO to MO transformation... Please be patient

                    Total CPU time for AO to MO transformation =      0.691 seconds


 ************************************************
 |          One-shot G0W0 calculation           |
 ************************************************


 -------------------------------------------------------------
   RPA@HF       calculation: singlet        manifold
 -------------------------------------------------------------
 | State |  Excitation energy (au) |  Excitation energy (eV) |
 -------------------------------------------------------------
 |     1 |                0.553549 |               15.062827 |
 |     2 |                0.553549 |               15.062827 |
 |     3 |                0.615076 |               16.737062 |
 |     4 |                0.615076 |               16.737062 |
 |     5 |                0.640813 |               17.437400 |
 |     6 |                0.647637 |               17.623105 |
 |     7 |                0.691902 |               18.827604 |
 |     8 |                0.692080 |               18.832463 |
 |     9 |                0.851338 |               23.166095 |
 |    10 |                0.851338 |               23.166095 |
 |    11 |                0.856046 |               23.294188 |
 |    12 |                0.904243 |               24.605699 |
 |    13 |                0.914202 |               24.876702 |
 |    14 |                0.914202 |               24.876702 |
 |    15 |                1.121735 |               30.523961 |
 |    16 |                1.126301 |               30.648204 |
 |    17 |                1.131167 |               30.780626 |
 |    18 |                1.131167 |               30.780626 |
 |    19 |                1.174079 |               31.948325 |
 |    20 |                1.176280 |               32.008220 |
 -------------------------------------------------------------

  *** Quasiparticle energies obtained by linearization *** 

 -------------------------------------------------------------------------------
   One-shot G0W0 calculation
 -------------------------------------------------------------------------------
 |   # |       e_HF (eV) |      Sig_c (eV) |               Z |       e_QP (eV) |
 -------------------------------------------------------------------------------
 |   1 |     -126.632250 |        3.862269 |        0.914131 |     -123.101630 |
 |   2 |      -13.663358 |        0.096678 |        0.944716 |      -13.572025 |
 |   3 |      -12.646853 |        0.139861 |        0.943009 |      -12.514963 |
 |   4 |        2.017460 |       -0.342270 |        0.985390 |        1.680191 |
 |   5 |        2.017460 |       -0.342270 |        0.985390 |        1.680191 |
 |   6 |        4.123284 |       -0.278472 |        0.986512 |        3.848568 |
 |   7 |        4.683890 |       -0.085713 |        0.995521 |        4.598561 |
 |   8 |        9.673671 |       -0.588617 |        0.972747 |        9.101096 |
 |   9 |       10.057174 |       -0.889021 |        0.963559 |        9.200550 |
 |  10 |       10.057174 |       -0.889021 |        0.963559 |        9.200550 |
 |  11 |       15.797587 |       -0.480951 |        0.971999 |       15.330102 |
 |  12 |       16.700741 |       -0.560284 |        0.954062 |       16.166195 |
 |  13 |       16.700741 |       -0.560284 |        0.954062 |       16.166195 |
 |  14 |       16.911054 |       -1.028069 |        0.889382 |       15.996709 |
 |  15 |       17.847665 |       -2.131172 |        0.402685 |       16.989473 |
 |  16 |       17.847665 |       -2.131172 |        0.402685 |       16.989473 |
 |  17 |       31.937596 |       -3.293640 |        0.541878 |       30.152844 |
 |  18 |       32.569466 |       -1.664033 |        0.579501 |       31.605158 |
 |  19 |       46.964197 |       -4.713026 |        0.042238 |       46.765127 |
 |  20 |       46.964197 |       -4.713026 |        0.042238 |       46.765127 |
 |  21 |       50.388446 |       -1.580983 |        0.069188 |       50.279062 |
 |  22 |       57.549903 |       -2.078485 |        0.658034 |       56.182188 |
 |  23 |       57.549903 |       -2.078485 |        0.658034 |       56.182188 |
 |  24 |       65.130731 |        2.293176 |        0.206517 |       65.604311 |
 |  25 |       69.656038 |       -0.184670 |        0.203536 |       69.618450 |
 -------------------------------------------------------------------------------
          G0W0 HOMO      energy:     -12.514963 eV
          G0W0 LUMO      energy:       1.680191 eV
          G0W0 HOMO-LUMO gap   :      14.195154 eV
 -------------------------------------------------------------------------------
    RPA@G0W0 total energy      :     -15.843915 au
    RPA@G0W0 correlation energy:      -0.090269 au
    GM@G0W0  total energy      :     -15.917976 au
    GM@G0W0  correlation energy:      -0.164331 au
 -------------------------------------------------------------------------------


 -------------------------------------------------------------
   BSE@GW       calculation: singlet        manifold
 -------------------------------------------------------------
 | State |  Excitation energy (au) |  Excitation energy (eV) |
 -------------------------------------------------------------
 |     1 |                0.274515 |                7.469924 |
 |     2 |                0.274515 |                7.469924 |
 |     3 |                0.348974 |                9.496066 |
 |     4 |                0.348974 |                9.496066 |
 |     5 |                0.414790 |               11.286998 |
 |     6 |                0.446294 |               12.144276 |
 |     7 |                0.455696 |               12.400122 |
 |     8 |                0.475775 |               12.946488 |
 |     9 |                0.526718 |               14.332725 |
 |    10 |                0.526718 |               14.332725 |
 |    11 |                0.551910 |               15.018240 |
 |    12 |                0.582543 |               15.851805 |
 |    13 |                0.582543 |               15.851805 |
 |    14 |                0.607493 |               16.530726 |
 |    15 |                0.791599 |               21.540505 |
 |    16 |                0.791599 |               21.540505 |
 |    17 |                0.796358 |               21.670001 |
 |    18 |                0.802443 |               21.835592 |
 |    19 |                0.805146 |               21.909144 |
 |    20 |                0.805146 |               21.909144 |
 -------------------------------------------------------------

 ---------------------------------------------------------------
                 Transition dipole moment (au)                  
 ---------------------------------------------------------------
  #           X           Y           Z   dip. str.   osc. str.
 ---------------------------------------------------------------
  1   -0.000000    0.000000    0.000000    0.000000    0.000000
  2   -0.000000    0.000000   -0.000000    0.000000    0.000000
  3    1.211235    0.539770   -0.000000    1.758442    0.409100
  4   -0.539770    1.211235    0.000000    1.758442    0.409100
  5   -0.000000    0.000000   -0.478032    0.228515    0.063190
  6   -0.000000   -0.000000    0.000000    0.000000    0.000000
  7    0.000000   -0.000000    0.000000    0.000000    0.000000
  8    0.000000   -0.000000    1.089431    1.186861    0.376452
  9   -0.000000    0.000000    0.000000    0.000000    0.000000
 10   -0.000000   -0.000000    0.000000    0.000000    0.000000
 ---------------------------------------------------------------

 -------------------------------------------------------------
 Excitation n.   1:   7.469924 eV  f = 0.0000  <S**2> = 0.0000
 -------------------------------------------------------------
  3 ->   4 =  -0.155307
  3 ->   5 =  -0.673493
  3 ->  10 =  -0.147209

 -------------------------------------------------------------
 Excitation n.   2:   7.469924 eV  f = 0.0000  <S**2> = 0.0000
 -------------------------------------------------------------
  3 ->   4 =  -0.673493
  3 ->   5 =   0.155307
  3 ->   9 =   0.147209

 -------------------------------------------------------------
 Excitation n.   3:   9.496066 eV  f = 0.4091  <S**2> = 0.0000
 -------------------------------------------------------------
  2 ->   4 =   0.620819
  2 ->   5 =   0.331547
  2 ->   9 =  -0.074731

 -------------------------------------------------------------
 Excitation n.   4:   9.496066 eV  f = 0.4091  <S**2> = 0.0000
 -------------------------------------------------------------
  2 ->   4 =  -0.331547
  2 ->   5 =   0.620819
  2 ->  10 =   0.074731

 -------------------------------------------------------------
 Excitation n.   5:  11.286998 eV  f = 0.0632  <S**2> = 0.0000
 -------------------------------------------------------------
  3 ->   6 =  -0.705935

 -------------------------------------------------------------
 Excitation n.   6:  12.144276 eV  f = 0.0000  <S**2> = 0.0000
 -------------------------------------------------------------
  2 ->   6 =  -0.701447

 -------------------------------------------------------------
 Excitation n.   7:  12.400122 eV  f = 0.0000  <S**2> = 0.0000
 -------------------------------------------------------------
  3 ->   7 =   0.702989

 -------------------------------------------------------------
 Excitation n.   8:  12.946488 eV  f = 0.3765  <S**2> = 0.0000
 -------------------------------------------------------------
  2 ->   7 =   0.659065
  3 ->   8 =   0.244195

 -------------------------------------------------------------
 Excitation n.   9:  14.332725 eV  f = 0.0000  <S**2> = 0.0000
 -------------------------------------------------------------
  3 ->   4 =  -0.149328
  3 ->   9 =  -0.691059

 -------------------------------------------------------------
 Excitation n.  10:  14.332725 eV  f = 0.0000  <S**2> = 0.0000
 -------------------------------------------------------------
  3 ->   5 =  -0.149328
  3 ->  10 =   0.691059

Thomas-Reiche-Kuhn sum rule =   1.257843


 *** dynamical TDA activated ***

 ---------------------------------------------------------------------------------------------------
  First-order dynamical correction to static Bethe-Salpeter excitation energies                     
 ---------------------------------------------------------------------------------------------------
  BSE neutral excitation must be lower than the GW gap =  14.195154 eV
 ---------------------------------------------------------------------------------------------------
      #          Static (eV)         Dynamic (eV)      Correction (eV)         Renorm. (eV)
 ---------------------------------------------------------------------------------------------------
      1            7.469924            7.344949           -0.124975            1.011227
      2            7.469924            7.344949           -0.124975            1.011227
      3            9.496066            9.411521           -0.084545            1.010268
      4            9.496066            9.411521           -0.084545            1.010268
      5           11.286998           11.246362           -0.040636            1.006885
      6           12.144276           12.096085           -0.048191            1.007168
      7           12.400122           12.371708           -0.028414            1.004282
      8           12.946488           12.881173           -0.065316            1.006793
      9           14.332725           14.185125           -0.147601            1.012496
     10           14.332725           14.185125           -0.147601            1.012496
 ---------------------------------------------------------------------------------------------------


 -------------------------------------------------------------
   BSE@GW       calculation: triplet        manifold
 -------------------------------------------------------------
 | State |  Excitation energy (au) |  Excitation energy (eV) |
 -------------------------------------------------------------
 |     1 |                0.241193 |                6.563196 |
 |     2 |                0.241193 |                6.563196 |
 |     3 |                0.272504 |                7.415201 |
 |     4 |                0.272504 |                7.415201 |
 |     5 |                0.352296 |                9.586464 |
 |     6 |                0.379921 |               10.338176 |
 |     7 |                0.421907 |               11.480683 |
 |     8 |                0.437263 |               11.898527 |
 |     9 |                0.510560 |               13.893032 |
 |    10 |                0.510560 |               13.893032 |
 |    11 |                0.515528 |               14.028223 |
 |    12 |                0.535688 |               14.576805 |
 |    13 |                0.544143 |               14.806875 |
 |    14 |                0.544143 |               14.806875 |
 |    15 |                0.715290 |               19.464020 |
 |    16 |                0.723689 |               19.692588 |
 |    17 |                0.723689 |               19.692588 |
 |    18 |                0.727035 |               19.783628 |
 |    19 |                0.762010 |               20.735335 |
 |    20 |                0.762010 |               20.735335 |
 -------------------------------------------------------------

 -------------------------------------------------------------
 Excitation n.   1:   6.563196 eV  f = 0.0000  <S**2> = 2.0000
 -------------------------------------------------------------
  2 ->  13 =   0.086401
  3 ->   4 =  -0.220422
  3 ->   5 =   0.638256
  3 ->   9 =   0.072529
  3 ->  10 =   0.179425

 -------------------------------------------------------------
 Excitation n.   2:   6.563196 eV  f = 0.0000  <S**2> = 2.0000
 -------------------------------------------------------------
  2 ->  12 =   0.086401
  3 ->   4 =  -0.638256
  3 ->   5 =  -0.220422
  3 ->   9 =   0.179425
  3 ->  10 =  -0.072529

 -------------------------------------------------------------
 Excitation n.   3:   7.415201 eV  f = 0.0000  <S**2> = 2.0000
 -------------------------------------------------------------
  2 ->   4 =   0.671628
  2 ->   9 =  -0.201470
  3 ->  12 =  -0.090776

 -------------------------------------------------------------
 Excitation n.   4:   7.415201 eV  f = 0.0000  <S**2> = 2.0000
 -------------------------------------------------------------
  2 ->   5 =  -0.671628
  2 ->  10 =  -0.201470
  3 ->  13 =  -0.090776

 -------------------------------------------------------------
 Excitation n.   5:   9.586464 eV  f = 0.0000  <S**2> = 2.0000
 -------------------------------------------------------------
  2 ->   7 =  -0.160456
  3 ->   6 =   0.666089
  3 ->   8 =   0.122178
  3 ->  14 =   0.121774

 -------------------------------------------------------------
 Excitation n.   6:  10.338176 eV  f = 0.0000  <S**2> = 2.0000
 -------------------------------------------------------------
  2 ->   6 =   0.548754
  2 ->  14 =   0.118769
  3 ->   7 =  -0.425224

 -------------------------------------------------------------
 Excitation n.   7:  11.480683 eV  f = 0.0000  <S**2> = 2.0000
 -------------------------------------------------------------
  2 ->   6 =  -0.379285
  2 ->   8 =  -0.289920
  3 ->   7 =  -0.498048
  3 ->  11 =   0.152530

 -------------------------------------------------------------
 Excitation n.   8:  11.898527 eV  f = 0.0000  <S**2> = 2.0000
 -------------------------------------------------------------
  2 ->   7 =   0.538677
  2 ->  11 =  -0.161620
  3 ->   8 =   0.422994

 -------------------------------------------------------------
 Excitation n.   9:  13.893032 eV  f = 0.0000  <S**2> = 2.0000
 -------------------------------------------------------------
  3 ->   5 =  -0.200443
  3 ->   9 =   0.117775
  3 ->  10 =   0.663416

 -------------------------------------------------------------
 Excitation n.  10:  13.893032 eV  f = 0.0000  <S**2> = 2.0000
 -------------------------------------------------------------
  3 ->   4 =  -0.200443
  3 ->   9 =  -0.663416
  3 ->  10 =   0.117775

Thomas-Reiche-Kuhn sum rule =   0.000000


 *** dynamical TDA activated ***

 ---------------------------------------------------------------------------------------------------
  First-order dynamical correction to static Bethe-Salpeter excitation energies                     
 ---------------------------------------------------------------------------------------------------
  BSE neutral excitation must be lower than the GW gap =  14.195154 eV
 ---------------------------------------------------------------------------------------------------
      #          Static (eV)         Dynamic (eV)      Correction (eV)         Renorm. (eV)
 ---------------------------------------------------------------------------------------------------
      1            6.563196            6.377426           -0.185769            1.012533
      2            6.563196            6.377426           -0.185769            1.012533
      3            7.415201            7.218604           -0.196597            1.013054
      4            7.415201            7.218604           -0.196597            1.013054
      5            9.586464            9.424261           -0.162203            1.011230
      6           10.338176           10.183499           -0.154677            1.011323
      7           11.480683           11.348991           -0.131693            1.008185
      8           11.898527           11.717254           -0.181273            1.011736
      9           13.893032           13.740171           -0.152861            1.010788
     10           13.893032           13.740171           -0.152861            1.010788
 ---------------------------------------------------------------------------------------------------


 -------------------------------------------------------------------------------
          Tr@BSE@G0W0 correlation energy (singlet) =       -0.0575844838
          Tr@BSE@G0W0 correlation energy (triplet) =       -0.0232853152
          Tr@BSE@G0W0 correlation energy           =       -0.0808697991
          Tr@BSE@G0W0 total energy                 =      -15.8345157025
 -------------------------------------------------------------------------------

                                       Total CPU time for G0W0 =      0.060 seconds


 ************************************************
 |          One-shot G0T0 calculation           |
 ************************************************


 -------------------------------------------------------------
   pp-RPA (N+2) calculation: alpha-beta     manifold
 -------------------------------------------------------------
 | State |  Excitation energy (au) |  Excitation energy (eV) |
 -------------------------------------------------------------
 |     1 |                0.348312 |                9.478055 |
 |     2 |                0.370413 |               10.079462 |
 |     3 |                0.370809 |               10.090223 |
 |     4 |                0.370809 |               10.090223 |
 |     5 |                0.391031 |               10.640503 |
 |     6 |                0.391031 |               10.640503 |
 |     7 |                0.413893 |               11.262591 |
 |     8 |                0.413893 |               11.262591 |
 |     9 |                0.430619 |               11.717728 |
 |    10 |                0.430619 |               11.717728 |
 |    11 |                0.468548 |               12.749849 |
 |    12 |                0.468548 |               12.749849 |
 |    13 |                0.475480 |               12.938473 |
 |    14 |                0.496801 |               13.518656 |
 |    15 |                0.507143 |               13.800066 |
 |    16 |                0.533189 |               14.508814 |
 |    17 |                0.642099 |               17.472395 |
 |    18 |                0.642099 |               17.472395 |
 |    19 |                0.652333 |               17.750889 |
 |    20 |                0.652333 |               17.750889 |
 -------------------------------------------------------------


 -------------------------------------------------------------
   pp-RPA (N-2) calculation: alpha-beta     manifold
 -------------------------------------------------------------
 | State |  Excitation energy (au) |  Excitation energy (eV) |
 -------------------------------------------------------------
 |     1 |              -11.583849 |             -315.212596 |
 |     2 |               -5.659918 |             -154.014204 |
 |     3 |               -5.624066 |             -153.038619 |
 |     4 |               -5.598300 |             -152.337510 |
 |     5 |               -5.585228 |             -151.981786 |
 |     6 |               -1.542429 |              -41.971636 |
 |     7 |               -1.539064 |              -41.880064 |
 |     8 |               -1.221130 |              -33.228629 |
 |     9 |               -1.219204 |              -33.176234 |
 -------------------------------------------------------------


 -------------------------------------------------------------
   pp-RPA (N+2) calculation: alpha-alpha    manifold
 -------------------------------------------------------------
 | State |  Excitation energy (au) |  Excitation energy (eV) |
 -------------------------------------------------------------
 |     1 |                0.348312 |                9.478055 |
 |     2 |                0.391031 |               10.640503 |
 |     3 |                0.391031 |               10.640503 |
 |     4 |                0.413893 |               11.262591 |
 |     5 |                0.413893 |               11.262591 |
 |     6 |                0.475480 |               12.938473 |
 |     7 |                0.642099 |               17.472395 |
 |     8 |                0.642099 |               17.472395 |
 |     9 |                0.656620 |               17.867532 |
 |    10 |                0.660509 |               17.973372 |
 |    11 |                0.660509 |               17.973372 |
 |    12 |                0.690684 |               18.794469 |
 |    13 |                0.696298 |               18.947246 |
 |    14 |                0.716862 |               19.506816 |
 |    15 |                0.718088 |               19.540170 |
 |    16 |                0.718088 |               19.540170 |
 |    17 |                0.724944 |               19.726722 |
 |    18 |                0.724944 |               19.726722 |
 |    19 |                0.869668 |               23.664871 |
 |    20 |                0.869668 |               23.664871 |
 -------------------------------------------------------------


 -------------------------------------------------------------
   pp-RPA (N-2) calculation: alpha-alpha    manifold
 -------------------------------------------------------------
 | State |  Excitation energy (au) |  Excitation energy (eV) |
 -------------------------------------------------------------
 |     1 |               -5.624066 |             -153.038619 |
 |     2 |               -5.585228 |             -151.981786 |
 |     3 |               -1.219204 |              -33.176234 |
 -------------------------------------------------------------

 -------------------------------------------------------------------------------
   One-shot G0T0 calculation (T-matrix self-energy)  
 -------------------------------------------------------------------------------
 |   # |       e_HF (eV) |    Sigma_T (eV) |               Z |       e_QP (eV) |
 -------------------------------------------------------------------------------
 |   1 |     -126.632250 |        2.746464 |        0.944408 |     -124.038468 |
 |   2 |      -13.663358 |        0.151326 |        0.981607 |      -13.514816 |
 |   3 |      -12.646853 |        0.169947 |        0.980511 |      -12.480218 |
 |   4 |        2.017460 |       -0.364445 |        0.989503 |        1.656841 |
 |   5 |        2.017460 |       -0.364445 |        0.989503 |        1.656841 |
 |   6 |        4.123284 |       -0.225586 |        0.992569 |        3.899375 |
 |   7 |        4.683890 |       -0.076264 |        0.997435 |        4.607822 |
 |   8 |        9.673671 |       -0.520893 |        0.984304 |        9.160954 |
 |   9 |       10.057174 |       -0.677799 |        0.979450 |        9.393304 |
 |  10 |       10.057174 |       -0.677799 |        0.979450 |        9.393304 |
 |  11 |       15.797587 |       -0.440953 |        0.984399 |       15.363513 |
 |  12 |       16.700741 |       -0.534789 |        0.978735 |       16.177325 |
 |  13 |       16.700741 |       -0.534789 |        0.978735 |       16.177325 |
 |  14 |       16.911054 |       -0.558305 |        0.979315 |       16.364298 |
 |  15 |       17.847665 |       -0.628430 |        0.964225 |       17.241717 |
 |  16 |       17.847665 |       -0.628430 |        0.964225 |       17.241717 |
 |  17 |       31.937596 |       -1.089404 |        0.497034 |       31.396126 |
 |  18 |       32.569466 |        6.302369 |        0.004301 |       32.596576 |
 |  19 |       46.964197 |       -0.798607 |        0.020804 |       46.947583 |
 |  20 |       46.964197 |       -0.798607 |        0.020804 |       46.947583 |
 |  21 |       50.388446 |        4.628670 |        0.004959 |       50.411398 |
 |  22 |       57.549903 |       -1.783845 |        0.284861 |       57.041755 |
 |  23 |       57.549903 |       -1.783845 |        0.284861 |       57.041755 |
 |  24 |       65.130731 |       -0.637700 |        0.619030 |       64.735976 |
 |  25 |       69.656038 |        2.456179 |        0.043793 |       69.763600 |
 -------------------------------------------------------------------------------
             G0T0 HOMO      energy (eV)            =     -12.480218 eV
             G0T0 LUMO      energy (eV)            =       1.656841 eV
             G0T0 HOMO-LUMO gap    (eV)            =      14.137060 eV
 -------------------------------------------------------------------------------
        Tr@ppRPA@G0T0 correlation energy (singlet) =       -0.0344236493 au
        Tr@ppRPA@G0T0 correlation energy (triplet) =       -0.0020365071 au
        Tr@ppRPA@G0T0 correlation energy           =       -0.0364601564 au
        Tr@ppRPA@G0T0 total energy                 =      -15.7901060599 au
              GM@G0T0 correlation energy           =       -0.0605371972 au
              GM@G0T0 total energy                 =      -15.8141831006 au
 -------------------------------------------------------------------------------


 -------------------------------------------------------------
   BSE@GT       calculation: singlet        manifold
 -------------------------------------------------------------
 | State |  Excitation energy (au) |  Excitation energy (eV) |
 -------------------------------------------------------------
 |     1 |                0.262906 |                7.154028 |
 |     2 |                0.262906 |                7.154028 |
 |     3 |                0.339012 |                9.224987 |
 |     4 |                0.339012 |                9.224987 |
 |     5 |                0.402950 |               10.964821 |
 |     6 |                0.429607 |               11.690199 |
 |     7 |                0.450374 |               12.255300 |
 |     8 |                0.468447 |               12.747103 |
 |     9 |                0.514675 |               14.005017 |
 |    10 |                0.514675 |               14.005017 |
 |    11 |                0.547152 |               14.888763 |
 |    12 |                0.563199 |               15.325415 |
 |    13 |                0.563199 |               15.325415 |
 |    14 |                0.593523 |               16.150574 |
 |    15 |                0.767830 |               20.893711 |
 |    16 |                0.774163 |               21.066047 |
 |    17 |                0.783201 |               21.311996 |
 |    18 |                0.783201 |               21.311996 |
 |    19 |                0.784459 |               21.346227 |
 |    20 |                0.784459 |               21.346227 |
 -------------------------------------------------------------

 ---------------------------------------------------------------
                 Transition dipole moment (au)                  
 ---------------------------------------------------------------
  #           X           Y           Z   dip. str.   osc. str.
 ---------------------------------------------------------------
  1   -0.000000   -0.000000   -0.000000    0.000000    0.000000
  2    0.000000    0.000000   -0.000000    0.000000    0.000000
  3    1.221378   -0.763689   -0.000000    2.074984    0.468963
  4    0.763689    1.221378    0.000000    2.074984    0.468963
  5   -0.000000   -0.000000    0.422675    0.178654    0.047992
  6    0.000000    0.000000   -0.000000    0.000000    0.000000
  7   -0.000000   -0.000000   -0.000000    0.000000    0.000000
  8    0.000000   -0.000000   -1.213923    1.473608    0.460205
  9    0.000000   -0.000000   -0.000000    0.000000    0.000000
 10    0.000000    0.000000    0.000000    0.000000    0.000000
 ---------------------------------------------------------------

 -------------------------------------------------------------
 Excitation n.   1:   7.154028 eV  f = 0.0000  <S**2> = 0.0000
 -------------------------------------------------------------
  3 ->   4 =  -0.664796
  3 ->   5 =  -0.160515
  3 ->   9 =   0.169464

 -------------------------------------------------------------
 Excitation n.   2:   7.154028 eV  f = 0.0000  <S**2> = 0.0000
 -------------------------------------------------------------
  3 ->   4 =  -0.160515
  3 ->   5 =   0.664796
  3 ->  10 =   0.169464

 -------------------------------------------------------------
 Excitation n.   3:   9.224987 eV  f = 0.4690  <S**2> = 0.0000
 -------------------------------------------------------------
  2 ->   4 =   0.615166
  2 ->   5 =  -0.326148
  2 ->   9 =  -0.112185

 -------------------------------------------------------------
 Excitation n.   4:   9.224987 eV  f = 0.4690  <S**2> = 0.0000
 -------------------------------------------------------------
  2 ->   4 =   0.326148
  2 ->   5 =   0.615166
  2 ->  10 =   0.112185

 -------------------------------------------------------------
 Excitation n.   5:  10.964821 eV  f = 0.0480  <S**2> = 0.0000
 -------------------------------------------------------------
  2 ->   7 =  -0.128853
  3 ->   6 =   0.694529

 -------------------------------------------------------------
 Excitation n.   6:  11.690199 eV  f = 0.0000  <S**2> = 0.0000
 -------------------------------------------------------------
  2 ->   6 =   0.634374
  3 ->   7 =  -0.304170

 -------------------------------------------------------------
 Excitation n.   7:  12.255300 eV  f = 0.0000  <S**2> = 0.0000
 -------------------------------------------------------------
  2 ->   6 =  -0.295131
  2 ->   8 =  -0.094152
  3 ->   7 =  -0.633213

 -------------------------------------------------------------
 Excitation n.   8:  12.747103 eV  f = 0.4602  <S**2> = 0.0000
 -------------------------------------------------------------
  2 ->   7 =  -0.641583
  2 ->  11 =   0.091915
  3 ->   6 =  -0.117753
  3 ->   8 =  -0.256425

 -------------------------------------------------------------
 Excitation n.   9:  14.005017 eV  f = 0.0000  <S**2> = 0.0000
 -------------------------------------------------------------
  3 ->   4 =   0.177606
  3 ->   9 =   0.683900

 -------------------------------------------------------------
 Excitation n.  10:  14.005017 eV  f = 0.0000  <S**2> = 0.0000
 -------------------------------------------------------------
  3 ->   5 =   0.177606
  3 ->  10 =  -0.683900

Thomas-Reiche-Kuhn sum rule =   1.446124


 *** dynamical TDA activated ***

 ---------------------------------------------------------------------------------------------------
  First-order dynamical correction to static Bethe-Salpeter excitation energies                     
 ---------------------------------------------------------------------------------------------------
  BSE neutral excitation must be lower than the GT gap =  14.137060 eV
 ---------------------------------------------------------------------------------------------------
      #          Static (eV)         Dynamic (eV)      Correction (eV)         Renorm. (eV)
 ---------------------------------------------------------------------------------------------------
      1            7.154028            7.072584           -0.081444            1.002588
      2            7.154028            7.072584           -0.081444            1.002588
      3            9.224987            9.182454           -0.042533            1.000884
      4            9.224987            9.182454           -0.042533            1.000884
      5           10.964821           10.963569           -0.001252            0.996174
      6           11.690199           11.713567            0.023368            0.994957
      7           12.255300           12.254990           -0.000310            0.999275
      8           12.747103           12.710259           -0.036844            1.002344
      9           14.005017           13.988725           -0.016291            1.001124
     10           14.005017           13.988725           -0.016291            1.001124
 ---------------------------------------------------------------------------------------------------


 -------------------------------------------------------------
   BSE@GT       calculation: triplet        manifold
 -------------------------------------------------------------
 | State |  Excitation energy (au) |  Excitation energy (eV) |
 -------------------------------------------------------------
 |     1 |                0.225680 |                6.141063 |
 |     2 |                0.225680 |                6.141063 |
 |     3 |                0.258857 |                7.043866 |
 |     4 |                0.258857 |                7.043866 |
 |     5 |                0.348213 |                9.475352 |
 |     6 |                0.376597 |               10.247729 |
 |     7 |                0.411094 |               11.186444 |
 |     8 |                0.420702 |               11.447889 |
 |     9 |                0.502008 |               13.660342 |
 |    10 |                0.502008 |               13.660342 |
 |    11 |                0.511048 |               13.906335 |
 |    12 |                0.527196 |               14.345731 |
 |    13 |                0.536103 |               14.588114 |
 |    14 |                0.536103 |               14.588114 |
 |    15 |                0.701190 |               19.080348 |
 |    16 |                0.701864 |               19.098698 |
 |    17 |                0.701864 |               19.098698 |
 |    18 |                0.715073 |               19.458124 |
 |    19 |                0.739218 |               20.115148 |
 |    20 |                0.739218 |               20.115148 |
 -------------------------------------------------------------

 -------------------------------------------------------------
 Excitation n.   1:   6.141063 eV  f = 0.0000  <S**2> = 2.0000
 -------------------------------------------------------------
  2 ->  13 =  -0.095464
  3 ->   4 =   0.458366
  3 ->   5 =  -0.483412
  3 ->   9 =  -0.155749
  3 ->  10 =  -0.148140

 -------------------------------------------------------------
 Excitation n.   2:   6.141063 eV  f = 0.0000  <S**2> = 2.0000
 -------------------------------------------------------------
  2 ->  12 =   0.095464
  3 ->   4 =  -0.483412
  3 ->   5 =  -0.458366
  3 ->   9 =   0.148140
  3 ->  10 =  -0.155749

 -------------------------------------------------------------
 Excitation n.   3:   7.043866 eV  f = 0.0000  <S**2> = 2.0000
 -------------------------------------------------------------
  2 ->   4 =   0.651668
  2 ->   5 =  -0.117103
  2 ->   9 =  -0.217784
  3 ->  12 =  -0.093640

 -------------------------------------------------------------
 Excitation n.   4:   7.043866 eV  f = 0.0000  <S**2> = 2.0000
 -------------------------------------------------------------
  2 ->   4 =   0.117103
  2 ->   5 =   0.651668
  2 ->  10 =   0.217784
  3 ->  13 =   0.093640

 -------------------------------------------------------------
 Excitation n.   5:   9.475352 eV  f = 0.0000  <S**2> = 2.0000
 -------------------------------------------------------------
  2 ->   7 =  -0.150959
  3 ->   6 =   0.659508
  3 ->   8 =   0.148863
  3 ->  14 =   0.129780

 -------------------------------------------------------------
 Excitation n.   6:  10.247729 eV  f = 0.0000  <S**2> = 2.0000
 -------------------------------------------------------------
  2 ->   6 =  -0.525887
  2 ->  14 =  -0.126574
  3 ->   7 =   0.449007

 -------------------------------------------------------------
 Excitation n.   7:  11.186444 eV  f = 0.0000  <S**2> = 2.0000
 -------------------------------------------------------------
  2 ->   6 =   0.387688
  2 ->   8 =   0.337224
  3 ->   7 =   0.444100
  3 ->  11 =  -0.188904

 -------------------------------------------------------------
 Excitation n.   8:  11.447889 eV  f = 0.0000  <S**2> = 2.0000
 -------------------------------------------------------------
  2 ->   7 =  -0.506000
  2 ->  11 =   0.192306
  3 ->   8 =  -0.450633

 -------------------------------------------------------------
 Excitation n.   9:  13.660342 eV  f = 0.0000  <S**2> = 2.0000
 -------------------------------------------------------------
  2 ->  13 =   0.075255
  3 ->   5 =  -0.225118
  3 ->   9 =   0.111374
  3 ->  10 =   0.655557

 -------------------------------------------------------------
 Excitation n.  10:  13.660342 eV  f = 0.0000  <S**2> = 2.0000
 -------------------------------------------------------------
  2 ->  12 =   0.075255
  3 ->   4 =   0.225118
  3 ->   9 =   0.655557
  3 ->  10 =  -0.111374

Thomas-Reiche-Kuhn sum rule =   0.000000


 *** dynamical TDA activated ***

 ---------------------------------------------------------------------------------------------------
  First-order dynamical correction to static Bethe-Salpeter excitation energies                     
 ---------------------------------------------------------------------------------------------------
  BSE neutral excitation must be lower than the GT gap =  14.137060 eV
 ---------------------------------------------------------------------------------------------------
      #          Static (eV)         Dynamic (eV)      Correction (eV)         Renorm. (eV)
 ---------------------------------------------------------------------------------------------------
      1            6.141063            6.056104           -0.084960            1.002632
      2            6.141063            6.056104           -0.084960            1.002632
      3            7.043866            6.923446           -0.120421            1.003491
      4            7.043866            6.923446           -0.120421            1.003491
      5            9.475352            9.398298           -0.077054            1.006563
      6           10.247729           10.152027           -0.095703            1.007668
      7           11.186444           11.124782           -0.061662            1.002472
      8           11.447889           11.405388           -0.042501            1.002795
      9           13.660342           13.622127           -0.038214            1.002366
     10           13.660342           13.622127           -0.038214            1.002366
 ---------------------------------------------------------------------------------------------------


 -------------------------------------------------------------------------------
          Tr@BSE@G0T0 correlation energy (singlet) =       -0.0081614115 au
          Tr@BSE@G0T0 correlation energy (triplet) =       -0.0082850529 au
          Tr@BSE@G0T0 correlation energy           =       -0.0164464644 au
          Tr@BSE@G0T0 total energy                 =      -15.7700923679 au
 -------------------------------------------------------------------------------

                                       Total CPU time for G0T0 =      2.626 seconds

                                      Total CPU time for QuAcK =      3.742 seconds

