78 significant shell pairs computed in 0.000100 seconds
0
Computed Electron repulsion integrals Integrals in parallel in 0.278483 seconds

 ******************************************************************************************
 *            QuAcK                       QuAcK                         QuAcK             *
 *   __        __        __       __        __        __       __        __        __     *
 * <(o )___  <(o )___  <(o )___ <(o )___  <(o )___  <(o )___ <(o )___  <(o )___  <(o )___ *
 * ( ._> /   ( ._> /   ( ._> /  ( ._> /   ( ._> /   ( ._> /  ( ._> /   ( ._> /   ( ._> /  *
 *|--------------------------------------------------------------------------------------|*
 ******************************************************************************************

      ----------------------
             Number of atoms                3
      ----------------------

      ----------------------
Number of spin-up   electron                3
Number of spin-down electron                3
    Total number of electron                6
      ----------------------

      ----------------------
Number of core      electron                0
Number of Rydberg   electron                0
      ----------------------

          ------------------
          Molecular geometry
          ------------------
                    Atom n.                 1
                        Z =      4.0000000000
           Atom coordinates:     0.0000000000    0.0000000000    0.0000000000
                    Atom n.                 2
                        Z =      1.0000000000
           Atom coordinates:     0.0000000000    0.0000000000    2.0786987380
                    Atom n.                 3
                        Z =      1.0000000000
           Atom coordinates:     0.0000000000    0.0000000000   -2.0786987380

          ------------------
 Nuclear repulsion energy =      4.0890966279
          ------------------

          Gaussian basis set
          ------------------
                    Atom n.                 1
           number of shells                 6
          ------------------
      s-type shell with K =                 9
                                    Exponents     Contraction
                              2940.0000000000    0.0006800000
                               441.2000000000    0.0052360000
                               100.5000000000    0.0266060000
                                28.4300000000    0.0999930000
                                 9.1690000000    0.2697020000
                                 3.1960000000    0.4514690000
                                 1.1590000000    0.2950740000
                                 0.1811000000    0.0125870000
                                 0.0589000000   -0.0037560000
      s-type shell with K =                 9
                                    Exponents     Contraction
                              2940.0000000000   -0.0001230000
                               441.2000000000   -0.0009660000
                               100.5000000000   -0.0048310000
                                28.4300000000   -0.0193140000
                                 9.1690000000   -0.0532800000
                                 3.1960000000   -0.1207230000
                                 1.1590000000   -0.1334350000
                                 0.1811000000    0.5307670000
                                 0.0589000000    0.5801170000
      s-type shell with K =                 1
                                    Exponents     Contraction
                                 0.0589000000    1.0000000000
      p-type shell with K =                 4
                                    Exponents     Contraction
                                 3.6190000000    0.0291110000
                                 0.7110000000    0.1693650000
                                 0.1951000000    0.5134580000
                                 0.0601800000    0.4793380000
      p-type shell with K =                 1
                                    Exponents     Contraction
                                 0.0601800000    1.0000000000
      d-type shell with K =                 1
                                    Exponents     Contraction
                                 0.2354000000    1.0000000000
          ------------------
                    Atom n.                 2
           number of shells                 3
          ------------------
      s-type shell with K =                 4
                                    Exponents     Contraction
                                13.0100000000    0.0196850000
                                 1.9620000000    0.1379770000
                                 0.4446000000    0.4781480000
                                 0.1220000000    0.5012400000
      s-type shell with K =                 1
                                    Exponents     Contraction
                                 0.1220000000    1.0000000000
      p-type shell with K =                 1
                                    Exponents     Contraction
                                 0.7270000000    1.0000000000
          ------------------
                    Atom n.                 3
           number of shells                 3
          ------------------
      s-type shell with K =                 4
                                    Exponents     Contraction
                                13.0100000000    0.0196850000
                                 1.9620000000    0.1379770000
                                 0.4446000000    0.4781480000
                                 0.1220000000    0.5012400000
      s-type shell with K =                 1
                                    Exponents     Contraction
                                 0.1220000000    1.0000000000
      p-type shell with K =                 1
                                    Exponents     Contraction
                                 0.7270000000    1.0000000000
          ------------------
            Number of shells               12
          ------------------

          ------------------
   Number of basis functions               25
          ------------------

 Scaling integrals by    1.0000000000000000     

                          Total CPU time for reading integrals =      0.022 seconds


 ************************************************
 |    Restricted Hartree-Fock calculation       |
 ************************************************


 ----------------------------------------------------
 | RHF calculation                                  |
 ----------------------------------------------------
 |   # |        HF energy |       Conv |     HL Gap |
 ----------------------------------------------------
 |   1 |   -15.8880882911 |   0.363450 |   1.542049 |
 |   2 |   -15.8335891950 |   0.167729 |   1.565838 |
 |   3 |   -15.7867142171 |   0.078224 |   1.566282 |
 |   4 |   -15.7586695416 |   0.039594 |   1.563538 |
 |   5 |   -15.7427331002 |   0.025419 |   1.561221 |
 |   6 |   -15.7336246552 |   0.016650 |   1.559658 |
 |   7 |   -15.7283170553 |   0.011082 |   1.558658 |
 |   8 |   -15.7251563056 |   0.007468 |   1.558025 |
 |   9 |   -15.7232343301 |   0.005082 |   1.557622 |
 |  10 |   -15.7220431161 |   0.003486 |   1.557364 |
 |  11 |   -15.7212921091 |   0.002405 |   1.557197 |
 |  12 |   -15.7208114300 |   0.001668 |   1.557088 |
 |  13 |   -15.7204996677 |   0.001161 |   1.557015 |
 |  14 |   -15.7202951097 |   0.000811 |   1.556967 |
 |  15 |   -15.7201595368 |   0.000567 |   1.556935 |
 |  16 |   -15.7200689004 |   0.000398 |   1.556914 |
 |  17 |   -15.7200078508 |   0.000280 |   1.556899 |
 |  18 |   -15.7199664648 |   0.000197 |   1.556889 |
 |  19 |   -15.7199382539 |   0.000139 |   1.556882 |
 |  20 |   -15.7199189332 |   0.000098 |   1.556878 |
 |  21 |   -15.7199056479 |   0.000069 |   1.556874 |
 |  22 |   -15.7198964814 |   0.000049 |   1.556872 |
 |  23 |   -15.7198901382 |   0.000034 |   1.556871 |
 |  24 |   -15.7198857379 |   0.000024 |   1.556870 |
 |  25 |   -15.7198826789 |   0.000017 |   1.556869 |
 |  26 |   -15.7198805485 |   0.000012 |   1.556868 |
 |  27 |   -15.7198790626 |   0.000009 |   1.556868 |
 |  28 |   -15.7198780248 |   0.000006 |   1.556868 |
 |  29 |   -15.7198772992 |   0.000004 |   1.556868 |
 |  30 |   -15.7198767914 |   0.000003 |   1.556868 |
 |  31 |   -15.7198764357 |   0.000002 |   1.556867 |
 |  32 |   -15.7198761864 |   0.000002 |   1.556867 |
 |  33 |   -15.7198760115 |   0.000001 |   1.556867 |
 |  34 |   -15.7198758888 |   0.000001 |   1.556867 |
 |  35 |   -15.7198758027 |   0.000001 |   1.556867 |
 |  36 |   -15.7198757422 |   0.000000 |   1.556867 |
 |  37 |   -15.7198756997 |   0.000000 |   1.556867 |
 |  38 |   -15.7198756698 |   0.000000 |   1.556867 |
 |  39 |   -15.7198756488 |   0.000000 |   1.556867 |
 |  40 |   -15.7198756930 |   0.000000 |   0.556867 |
 ----------------------------------------------------

         -----------------------------------------
           Summary              
         -----------------------------------------
           One-electron energy:    -28.3643061366 au
           Kinetic      energy:     16.2176446421 au
           Potential    energy:    -44.5819507787 au
         -----------------------------------------
           Two-electron energy:      8.5553338158 au
           Hartree      energy:     12.1133649097 au
           Exchange     energy:     -3.5580310939 au
         -----------------------------------------
           Electronic   energy:    -19.8089723209 au
           Nuclear   repulsion:      4.0890966279 au
           RHF          energy:    -15.7198756930 au
         -----------------------------------------
           HF HOMO      energy:        -13.055198 eV
           HF LUMO      energy:          2.097933 eV
           HF HOMO-LUMO gap   :         15.153131 eV
         -----------------------------------------
          Dipole moment (Debye)    
                   X         Y         Z      Tot.
           -0.000000  0.000000  0.000000  0.000000
         -----------------------------------------

           ---------------------------------------
                 MO coefficients
           ---------------------------------------
                 1              2              3              4              5
      1    -0.99913133     0.09694014     0.00000000     0.00000000     0.00000000
      2    -0.01024151    -0.60397978     0.00000000     0.00000000     0.00000000
      3     0.00309322     0.22313543     0.00000000     0.00000000     0.00000000
      4     0.00000000     0.00000000     0.00000000     0.10881575    -0.35410239
      5     0.00000000     0.00000000     0.00000000    -0.35410239    -0.10881575
      6     0.00000000     0.00000000     0.68671191     0.00000000     0.00000000
      7     0.00000000     0.00000000     0.00000000     0.19339346    -0.62933062
      8     0.00000000     0.00000000     0.00000000    -0.62933062    -0.19339346
      9     0.00000000     0.00000000    -0.18855170     0.00000000     0.00000000
     10     0.00327740     0.00393722     0.00000000     0.00000000     0.00000000
     11     0.00000000     0.00000000     0.00000000     0.00000000     0.00000000
     12     0.00000000     0.00000000     0.00000000     0.00000000     0.00000000
     13     0.00327740     0.00393722     0.00000000     0.00000000     0.00000000
     14     0.00000000     0.00000000     0.00000000     0.00000000     0.00000000
     15     0.00583792    -0.02454710     0.00000000     0.00000000     0.00000000
     16    -0.00969322    -0.52910890     0.57201673     0.00000000     0.00000000
     17     0.00430709     0.11206462    -0.24497775     0.00000000     0.00000000
     18     0.00000000     0.00000000     0.00000000     0.00387375    -0.01260575
     19     0.00000000     0.00000000     0.00000000    -0.01260575    -0.00387375
     20     0.00186503     0.02658601    -0.02259654     0.00000000     0.00000000
     21    -0.00969322    -0.52910890    -0.57201673     0.00000000     0.00000000
     22     0.00430709     0.11206462     0.24497775     0.00000000     0.00000000
     23     0.00000000     0.00000000     0.00000000     0.00387375    -0.01260575
     24     0.00000000     0.00000000     0.00000000    -0.01260575    -0.00387375
     25    -0.00186503    -0.02658601    -0.02259654     0.00000000     0.00000000
                 6              7              8              9             10
      1     0.01434591     0.00000000     0.00000000     0.00000000    -0.64421033
      2    -0.08795248     0.00000000     0.00000000     0.00000000    -3.06847455
      3     2.74995169     0.00000000     0.00000000     0.00000000     1.80093714
      4     0.00000000     0.00000000     1.82052116    -0.44932688     0.00000000
      5     0.00000000     0.00000000    -0.44932688    -1.82052116     0.00000000
      6     0.00000000    -0.12051092     0.00000000     0.00000000     0.00000000
      7     0.00000000     0.00000000    -1.76041498     0.43449194     0.00000000
      8     0.00000000     0.00000000     0.43449194     1.76041498     0.00000000
      9     0.00000000     2.25748803     0.00000000     0.00000000     0.00000000
     10    -0.15393110     0.00000000     0.00000000     0.00000000    -0.33154680
     11     0.00000000     0.00000000     0.00000000     0.00000000     0.00000000
     12     0.00000000     0.00000000     0.00000000     0.00000000     0.00000000
     13    -0.15393110     0.00000000     0.00000000     0.00000000    -0.33154680
     14     0.00000000     0.00000000     0.00000000     0.00000000     0.00000000
     15     0.06225086     0.00000000     0.00000000     0.00000000    -0.02237602
     16    -0.30370662    -0.09275315     0.00000000     0.00000000     0.06724815
     17    -1.06555028    -1.32113106     0.00000000     0.00000000     1.06550375
     18     0.00000000     0.00000000     0.02423098    -0.00598050     0.00000000
     19     0.00000000     0.00000000    -0.00598050    -0.02423098     0.00000000
     20     0.04062369     0.03298053     0.00000000     0.00000000     0.02905500
     21    -0.30370662     0.09275315     0.00000000     0.00000000     0.06724815
     22    -1.06555028     1.32113106     0.00000000     0.00000000     1.06550375
     23     0.00000000     0.00000000     0.02423098    -0.00598050     0.00000000
     24     0.00000000     0.00000000    -0.00598050    -0.02423098     0.00000000
     25    -0.04062369     0.03298053     0.00000000     0.00000000    -0.02905500
                11             12             13             14             15
      1     0.00000000     0.00000000     0.00000000    -0.62496157     0.00000000
      2     0.00000000     0.00000000     0.00000000    -2.51541233     0.00000000
      3     0.00000000     0.00000000     0.00000000    -0.83318026     0.00000000
      4     0.00000000     0.00000000     0.00000000     0.00000000     0.00000000
      5     0.00000000     0.00000000     0.00000000     0.00000000     0.00000000
      6     2.38121867     0.00000000     0.00000000     0.00000000     0.00000000
      7     0.00000000     0.00000000     0.00000000     0.00000000     0.00000000
      8     0.00000000     0.00000000     0.00000000     0.00000000     0.00000000
      9     0.97605522     0.00000000     0.00000000     0.00000000     0.00000000
     10     0.00000000     0.00000000     0.00000000     0.59097353     0.86602530
     11     0.00000000     0.00000000     0.00000000     0.00000000    -0.00048857
     12     0.00000000     1.01702185     0.07530546     0.00000000     0.00000000
     13     0.00000000     0.00000000     0.00000000     0.59097353    -0.86602530
     14     0.00000000     0.07530546    -1.01702185     0.00000000     0.00000000
     15     0.00000000     0.00000000     0.00000000    -0.86725348     0.00000000
     16     0.37216631     0.00000000     0.00000000    -0.54089199     0.00000000
     17    -3.45790492     0.00000000     0.00000000     2.60194515     0.00000000
     18     0.00000000    -0.02062758    -0.00152737     0.00000000     0.00000000
     19     0.00000000    -0.00152737     0.02062758     0.00000000     0.00000000
     20     0.02468740     0.00000000     0.00000000    -0.05371411     0.00000000
     21    -0.37216631     0.00000000     0.00000000    -0.54089199     0.00000000
     22     3.45790492     0.00000000     0.00000000     2.60194515     0.00000000
     23     0.00000000     0.02062758     0.00152737     0.00000000     0.00000000
     24     0.00000000     0.00152737    -0.02062758     0.00000000     0.00000000
     25     0.02468740     0.00000000     0.00000000     0.05371411     0.00000000
                16             17             18             19             20
      1     0.00000000     0.23272424     0.00000000     0.00000000     0.00000000
      2     0.00000000     3.43171576     0.00000000     0.00000000     0.00000000
      3     0.00000000    -1.67376536     0.00000000     0.00000000     0.00000000
      4     0.00000000     0.00000000     0.00000000    -0.85026502    -0.15248001
      5     0.00000000     0.00000000     0.00000000     0.15248001    -0.85026502
      6     0.00000000     0.00000000     1.46150174     0.00000000     0.00000000
      7     0.00000000     0.00000000     0.00000000     0.46864823     0.08404378
      8     0.00000000     0.00000000     0.00000000    -0.08404378     0.46864823
      9     0.00000000     0.00000000    -1.59796330     0.00000000     0.00000000
     10     0.00042311    -1.32619404     0.00000000     0.00000000     0.00000000
     11     0.99999988     0.00000000     0.00000000     0.00000000     0.00000000
     12     0.00000000     0.00000000     0.00000000     0.00000000     0.00000000
     13    -0.00042311    -1.32619404     0.00000000     0.00000000     0.00000000
     14     0.00000000     0.00000000     0.00000000     0.00000000     0.00000000
     15     0.00000000    -1.71418705     0.00000000     0.00000000     0.00000000
     16     0.00000000    -0.12160159    -1.94202767     0.00000000     0.00000000
     17     0.00000000     0.91939705     2.17789893     0.00000000     0.00000000
     18     0.00000000     0.00000000     0.00000000     0.77178256     0.13840557
     19     0.00000000     0.00000000     0.00000000    -0.13840557     0.77178256
     20     0.00000000    -0.05836709    -0.22541096     0.00000000     0.00000000
     21     0.00000000    -0.12160159     1.94202767     0.00000000     0.00000000
     22     0.00000000     0.91939705    -2.17789893     0.00000000     0.00000000
     23     0.00000000     0.00000000     0.00000000     0.77178256     0.13840557
     24     0.00000000     0.00000000     0.00000000    -0.13840557     0.77178256
     25     0.00000000     0.05836709    -0.22541096     0.00000000     0.00000000
                21             22             23             24             25
      1    -0.07282061     0.00000000     0.00000000     1.84743460     0.00000000
      2    -0.68923447     0.00000000     0.00000000     7.86870302     0.00000000
      3     0.37454400     0.00000000     0.00000000    -3.34341357     0.00000000
      4     0.00000000     0.00000000     0.00000000     0.00000000     0.00000000
      5     0.00000000     0.00000000     0.00000000     0.00000000     0.00000000
      6     0.00000000     0.00000000     0.00000000     0.00000000     4.58520649
      7     0.00000000     0.00000000     0.00000000     0.00000000     0.00000000
      8     0.00000000     0.00000000     0.00000000     0.00000000     0.00000000
      9     0.00000000     0.00000000     0.00000000     0.00000000    -1.21470022
     10     0.01076032     0.00000000     0.00000000    -1.31069149     0.00000000
     11     0.00000000     0.00000000     0.00000000     0.00000000     0.00000000
     12     0.00000000    -0.00726097    -0.91993310     0.00000000     0.00000000
     13     0.01076032     0.00000000     0.00000000    -1.31069149     0.00000000
     14     0.00000000     0.91993310    -0.00726097     0.00000000     0.00000000
     15     2.33622167     0.00000000     0.00000000     1.98736145     0.00000000
     16    -1.98397310     0.00000000     0.00000000    -3.05357368    -1.47714946
     17     0.68431482     0.00000000     0.00000000    -0.10329345    -1.45388414
     18     0.00000000     0.00767055     0.97182599     0.00000000     0.00000000
     19     0.00000000    -0.97182599     0.00767055     0.00000000     0.00000000
     20    -0.61853776     0.00000000     0.00000000     0.80653250     1.14440182
     21    -1.98397310     0.00000000     0.00000000    -3.05357368     1.47714946
     22     0.68431482     0.00000000     0.00000000    -0.10329345     1.45388414
     23     0.00000000    -0.00767055    -0.97182599     0.00000000     0.00000000
     24     0.00000000     0.97182599    -0.00767055     0.00000000     0.00000000
     25     0.61853776     0.00000000     0.00000000    -0.80653250     1.14440182

           ---------------------------------------
                     MO energies
           ---------------------------------------
                 1
      1    -4.63612630
      2    -0.51092327
      3    -0.47976969
      4     0.07709762
      5     0.07709762
      6     0.14841129
      7     0.16607488
      8     0.37281627
      9     0.37281627
     10     0.39422445
     11     0.60019174
     12     0.61537449
     13     0.61537449
     14     0.64084089
     15     0.66125274
     16     0.66125274
     17     1.23410164
     18     1.27022822
     19     1.78418382
     20     1.78418382
     21     2.01129555
     22     2.16307256
     23     2.16307256
     24     2.44545253
     25     2.65843809

                                        Total CPU time for RHF =      0.328 seconds


 AO to MO transformation... Please be patient

                    Total CPU time for AO to MO transformation =      0.666 seconds


 ************************************************
 |          One-shot G0W0 calculation           |
 ************************************************


 -------------------------------------------------------------
   RPA@HF       calculation: singlet        manifold
 -------------------------------------------------------------
 | State |  Excitation energy (au) |  Excitation energy (eV) |
 -------------------------------------------------------------
 |     1 |                0.571300 |               15.545863 |
 |     2 |                0.571300 |               15.545863 |
 |     3 |                0.626536 |               17.048912 |
 |     4 |                0.626536 |               17.048912 |
 |     5 |                0.648930 |               17.658272 |
 |     6 |                0.654458 |               17.808709 |
 |     7 |                0.694073 |               18.886699 |
 |     8 |                0.697071 |               18.968257 |
 |     9 |                0.871614 |               23.717826 |
 |    10 |                0.871614 |               23.717826 |
 |    11 |                0.911539 |               24.804245 |
 |    12 |                0.929344 |               25.288725 |
 |    13 |                0.929344 |               25.288725 |
 |    14 |                0.952123 |               25.908596 |
 |    15 |                1.143853 |               31.125839 |
 |    16 |                1.148279 |               31.246264 |
 |    17 |                1.151937 |               31.345804 |
 |    18 |                1.151937 |               31.345804 |
 |    19 |                1.193495 |               32.476665 |
 |    20 |                1.193495 |               32.476665 |
 -------------------------------------------------------------

  *** Quasiparticle energies obtained by linearization *** 

 -------------------------------------------------------------------------------
   One-shot G0W0 calculation
 -------------------------------------------------------------------------------
 |   # |       e_HF (eV) |      Sig_c (eV) |               Z |       e_QP (eV) |
 -------------------------------------------------------------------------------
 |   1 |     -126.155422 |        3.928305 |        0.914412 |     -122.563331 |
 |   2 |      -13.902930 |        0.117570 |        0.945347 |      -13.791786 |
 |   3 |      -13.055198 |        0.195677 |        0.942339 |      -12.870804 |
 |   4 |        2.097933 |       -0.323928 |        0.986228 |        1.778467 |
 |   5 |        2.097933 |       -0.323928 |        0.986228 |        1.778467 |
 |   6 |        4.038477 |       -0.241722 |        0.988427 |        3.799553 |
 |   7 |        4.519128 |       -0.078356 |        0.995996 |        4.441086 |
 |   8 |       10.144847 |       -0.853431 |        0.965244 |        9.321078 |
 |   9 |       10.144847 |       -0.853431 |        0.965244 |        9.321078 |
 |  10 |       10.727394 |       -0.610452 |        0.971918 |       10.134084 |
 |  11 |       16.332049 |       -0.417698 |        0.974639 |       15.924945 |
 |  12 |       16.745193 |       -0.500959 |        0.961298 |       16.263622 |
 |  13 |       16.745193 |       -0.500959 |        0.961298 |       16.263622 |
 |  14 |       17.438169 |       -1.011721 |        0.877431 |       16.550453 |
 |  15 |       17.993603 |       -1.811782 |        0.522169 |       17.047548 |
 |  16 |       17.993603 |       -1.811782 |        0.522169 |       17.047548 |
 |  17 |       33.581616 |       -1.763346 |        0.495648 |       32.707617 |
 |  18 |       34.564670 |      -15.379437 |        0.002358 |       34.528407 |
 |  19 |       48.550115 |       -2.448092 |        0.267840 |       47.894417 |
 |  20 |       48.550115 |       -2.448092 |        0.267840 |       47.894417 |
 |  21 |       54.730140 |       -1.210729 |        0.444561 |       54.191897 |
 |  22 |       58.860203 |       -1.873399 |        0.786198 |       57.387340 |
 |  23 |       58.860203 |       -1.873399 |        0.786198 |       57.387340 |
 |  24 |       66.544153 |       -1.194580 |        0.123545 |       66.396568 |
 |  25 |       72.339785 |       -6.198351 |        0.007296 |       72.294564 |
 -------------------------------------------------------------------------------
          G0W0 HOMO      energy:     -12.870804 eV
          G0W0 LUMO      energy:       1.778467 eV
          G0W0 HOMO-LUMO gap   :      14.649271 eV
 -------------------------------------------------------------------------------
    RPA@G0W0 total energy      :     -15.811265 au
    RPA@G0W0 correlation energy:      -0.091389 au
    GM@G0W0  total energy      :     -15.886688 au
    GM@G0W0  correlation energy:      -0.166812 au
 -------------------------------------------------------------------------------


 -------------------------------------------------------------
   BSE@GW       calculation: singlet        manifold
 -------------------------------------------------------------
 | State |  Excitation energy (au) |  Excitation energy (eV) |
 -------------------------------------------------------------
 |     1 |                0.286064 |                7.784211 |
 |     2 |                0.286064 |                7.784211 |
 |     3 |                0.357256 |                9.721421 |
 |     4 |                0.357256 |                9.721421 |
 |     5 |                0.424262 |               11.544759 |
 |     6 |                0.454140 |               12.357783 |
 |     7 |                0.461528 |               12.558824 |
 |     8 |                0.480729 |               13.081291 |
 |     9 |                0.538401 |               14.650643 |
 |    10 |                0.538401 |               14.650643 |
 |    11 |                0.590756 |               16.075302 |
 |    12 |                0.590997 |               16.081842 |
 |    13 |                0.590997 |               16.081842 |
 |    14 |                0.641647 |               17.460118 |
 |    15 |                0.799899 |               21.766347 |
 |    16 |                0.799899 |               21.766347 |
 |    17 |                0.816017 |               22.204962 |
 |    18 |                0.816017 |               22.204962 |
 |    19 |                0.830996 |               22.612562 |
 |    20 |                0.831851 |               22.635827 |
 -------------------------------------------------------------

 ---------------------------------------------------------------
                 Transition dipole moment (au)                  
 ---------------------------------------------------------------
  #           X           Y           Z   dip. str.   osc. str.
 ---------------------------------------------------------------
  1   -0.000000   -0.000000    0.000000    0.000000    0.000000
  2    0.000000   -0.000000    0.000000    0.000000    0.000000
  3    1.270467   -0.301793    0.000000    1.705165    0.406120
  4    0.301793    1.270467    0.000000    1.705165    0.406120
  5    0.000000    0.000000    0.205920    0.042403    0.011993
  6   -0.000000    0.000000   -0.000000    0.000000    0.000000
  7    0.000000   -0.000000    0.000000    0.000000    0.000000
  8    0.000000   -0.000000   -0.918005    0.842734    0.270084
  9    0.000000    0.000000   -0.000000    0.000000    0.000000
 10    0.000000   -0.000000   -0.000000    0.000000    0.000000
 ---------------------------------------------------------------

 -------------------------------------------------------------
 Excitation n.   1:   7.784211 eV  f = 0.0000  <S**2> = 0.0000
 -------------------------------------------------------------
  3 ->   4 =   0.635823
  3 ->   5 =   0.266481
  3 ->   9 =   0.155805

 -------------------------------------------------------------
 Excitation n.   2:   7.784211 eV  f = 0.0000  <S**2> = 0.0000
 -------------------------------------------------------------
  3 ->   4 =   0.266481
  3 ->   5 =  -0.635823
  3 ->   8 =   0.155805

 -------------------------------------------------------------
 Excitation n.   3:   9.721421 eV  f = 0.4061  <S**2> = 0.0000
 -------------------------------------------------------------
  2 ->   4 =  -0.356426
  2 ->   5 =   0.606424
  2 ->   8 =  -0.090426

 -------------------------------------------------------------
 Excitation n.   4:   9.721421 eV  f = 0.4061  <S**2> = 0.0000
 -------------------------------------------------------------
  2 ->   4 =   0.606424
  2 ->   5 =   0.356426
  2 ->   9 =   0.090426

 -------------------------------------------------------------
 Excitation n.   5:  11.544759 eV  f = 0.0120  <S**2> = 0.0000
 -------------------------------------------------------------
  2 ->   7 =   0.087638
  3 ->   6 =  -0.702101

 -------------------------------------------------------------
 Excitation n.   6:  12.357783 eV  f = 0.0000  <S**2> = 0.0000
 -------------------------------------------------------------
  2 ->   6 =  -0.697612
  3 ->   7 =   0.105634

 -------------------------------------------------------------
 Excitation n.   7:  12.558824 eV  f = 0.0000  <S**2> = 0.0000
 -------------------------------------------------------------
  2 ->   6 =   0.100213
  3 ->   7 =   0.698026

 -------------------------------------------------------------
 Excitation n.   8:  13.081291 eV  f = 0.2701  <S**2> = 0.0000
 -------------------------------------------------------------
  2 ->   7 =   0.680643
  3 ->   6 =   0.086597
  3 ->  10 =  -0.158167

 -------------------------------------------------------------
 Excitation n.   9:  14.650643 eV  f = 0.0000  <S**2> = 0.0000
 -------------------------------------------------------------
  3 ->   5 =   0.143627
  3 ->   8 =   0.684465
  3 ->   9 =  -0.082348

 -------------------------------------------------------------
 Excitation n.  10:  14.650643 eV  f = 0.0000  <S**2> = 0.0000
 -------------------------------------------------------------
  3 ->   4 =  -0.143627
  3 ->   8 =   0.082348
  3 ->   9 =   0.684465

Thomas-Reiche-Kuhn sum rule =   1.094317


 *** dynamical TDA activated ***

 ---------------------------------------------------------------------------------------------------
  First-order dynamical correction to static Bethe-Salpeter excitation energies                     
 ---------------------------------------------------------------------------------------------------
  BSE neutral excitation must be lower than the GW gap =  14.649271 eV
 ---------------------------------------------------------------------------------------------------
      #          Static (eV)         Dynamic (eV)      Correction (eV)         Renorm. (eV)
 ---------------------------------------------------------------------------------------------------
      1            7.784211            7.649422           -0.134790            1.011739
      2            7.784211            7.649422           -0.134790            1.011739
      3            9.721421            9.635108           -0.086313            1.010230
      4            9.721421            9.635108           -0.086313            1.010230
      5           11.544759           11.505242           -0.039517            1.006533
      6           12.357783           12.314092           -0.043691            1.006680
      7           12.558824           12.533817           -0.025007            1.003602
      8           13.081291           13.035888           -0.045403            1.004643
      9           14.650643           14.492180           -0.158464            1.013108
     10           14.650643           14.492180           -0.158464            1.013108
 ---------------------------------------------------------------------------------------------------


 -------------------------------------------------------------
   BSE@GW       calculation: triplet        manifold
 -------------------------------------------------------------
 | State |  Excitation energy (au) |  Excitation energy (eV) |
 -------------------------------------------------------------
 |     1 |                0.251067 |                6.831874 |
 |     2 |                0.251067 |                6.831874 |
 |     3 |                0.278405 |                7.575782 |
 |     4 |                0.278405 |                7.575782 |
 |     5 |                0.367942 |               10.012217 |
 |     6 |                0.387601 |               10.547164 |
 |     7 |                0.440614 |               11.989711 |
 |     8 |                0.455466 |               12.393868 |
 |     9 |                0.520464 |               14.162560 |
 |    10 |                0.520464 |               14.162560 |
 |    11 |                0.540658 |               14.712045 |
 |    12 |                0.550236 |               14.972677 |
 |    13 |                0.550236 |               14.972677 |
 |    14 |                0.564840 |               15.370090 |
 |    15 |                0.734769 |               19.994089 |
 |    16 |                0.734769 |               19.994089 |
 |    17 |                0.740489 |               20.149745 |
 |    18 |                0.747018 |               20.327395 |
 |    19 |                0.769200 |               20.930995 |
 |    20 |                0.769200 |               20.930995 |
 -------------------------------------------------------------

 -------------------------------------------------------------
 Excitation n.   1:   6.831874 eV  f = 0.0000  <S**2> = 2.0000
 -------------------------------------------------------------
  3 ->   4 =   0.538117
  3 ->   5 =  -0.400925
  3 ->   8 =   0.191189
  3 ->   9 =   0.078668

 -------------------------------------------------------------
 Excitation n.   2:   6.831874 eV  f = 0.0000  <S**2> = 2.0000
 -------------------------------------------------------------
  3 ->   4 =  -0.400925
  3 ->   5 =  -0.538117
  3 ->   8 =   0.078668
  3 ->   9 =  -0.191189

 -------------------------------------------------------------
 Excitation n.   3:   7.575782 eV  f = 0.0000  <S**2> = 2.0000
 -------------------------------------------------------------
  2 ->   4 =  -0.118116
  2 ->   5 =   0.657679
  2 ->   8 =  -0.198838
  2 ->   9 =   0.075392
  3 ->  12 =   0.101816

 -------------------------------------------------------------
 Excitation n.   4:   7.575782 eV  f = 0.0000  <S**2> = 2.0000
 -------------------------------------------------------------
  2 ->   4 =   0.657679
  2 ->   5 =   0.118116
  2 ->   8 =   0.075392
  2 ->   9 =   0.198838
  3 ->  13 =  -0.101816

 -------------------------------------------------------------
 Excitation n.   5:  10.012217 eV  f = 0.0000  <S**2> = 2.0000
 -------------------------------------------------------------
  2 ->   7 =  -0.211676
  3 ->   6 =   0.659436
  3 ->  14 =   0.121991

 -------------------------------------------------------------
 Excitation n.   6:  10.547164 eV  f = 0.0000  <S**2> = 2.0000
 -------------------------------------------------------------
  2 ->   6 =   0.520413
  2 ->  14 =   0.113510
  3 ->   7 =  -0.458629
  3 ->  11 =   0.077042

 -------------------------------------------------------------
 Excitation n.   7:  11.989711 eV  f = 0.0000  <S**2> = 2.0000
 -------------------------------------------------------------
  2 ->   6 =  -0.444106
  2 ->  10 =   0.217583
  3 ->   7 =  -0.491010
  3 ->  11 =   0.116045

 -------------------------------------------------------------
 Excitation n.   8:  12.393868 eV  f = 0.0000  <S**2> = 2.0000
 -------------------------------------------------------------
  2 ->   7 =  -0.595446
  2 ->  11 =   0.139750
  3 ->   6 =  -0.168772
  3 ->  10 =   0.310599

 -------------------------------------------------------------
 Excitation n.   9:  14.162560 eV  f = 0.0000  <S**2> = 2.0000
 -------------------------------------------------------------
  3 ->   4 =   0.114834
  3 ->   5 =   0.182485
  3 ->   8 =   0.302551
  3 ->   9 =  -0.597076

 -------------------------------------------------------------
 Excitation n.  10:  14.162560 eV  f = 0.0000  <S**2> = 2.0000
 -------------------------------------------------------------
  3 ->   4 =  -0.182485
  3 ->   5 =   0.114834
  3 ->   8 =   0.597076
  3 ->   9 =   0.302551

Thomas-Reiche-Kuhn sum rule =   0.000000


 *** dynamical TDA activated ***

 ---------------------------------------------------------------------------------------------------
  First-order dynamical correction to static Bethe-Salpeter excitation energies                     
 ---------------------------------------------------------------------------------------------------
  BSE neutral excitation must be lower than the GW gap =  14.649271 eV
 ---------------------------------------------------------------------------------------------------
      #          Static (eV)         Dynamic (eV)      Correction (eV)         Renorm. (eV)
 ---------------------------------------------------------------------------------------------------
      1            6.831874            6.629281           -0.202593            1.013204
      2            6.831874            6.629281           -0.202593            1.013204
      3            7.575782            7.369762           -0.206021            1.013221
      4            7.575782            7.369762           -0.206021            1.013221
      5           10.012217            9.868664           -0.143553            1.010314
      6           10.547164           10.402950           -0.144214            1.010554
      7           11.989711           11.907599           -0.082112            1.005321
      8           12.393868           12.272890           -0.120978            1.007793
      9           14.162560           13.998693           -0.163867            1.011111
     10           14.162560           13.998693           -0.163867            1.011111
 ---------------------------------------------------------------------------------------------------


 -------------------------------------------------------------------------------
          Tr@BSE@G0W0 correlation energy (singlet) =       -0.0580004865
          Tr@BSE@G0W0 correlation energy (triplet) =       -0.0234199744
          Tr@BSE@G0W0 correlation energy           =       -0.0814204609
          Tr@BSE@G0W0 total energy                 =      -15.8012961539
 -------------------------------------------------------------------------------

                                       Total CPU time for G0W0 =      0.059 seconds


 ************************************************
 |          One-shot G0T0 calculation           |
 ************************************************


 -------------------------------------------------------------
   pp-RPA (N+2) calculation: alpha-beta     manifold
 -------------------------------------------------------------
 | State |  Excitation energy (au) |  Excitation energy (eV) |
 -------------------------------------------------------------
 |     1 |                0.353826 |                9.628083 |
 |     2 |                0.373495 |               10.163305 |
 |     3 |                0.376361 |               10.241315 |
 |     4 |                0.376361 |               10.241315 |
 |     5 |                0.388819 |               10.580312 |
 |     6 |                0.388819 |               10.580312 |
 |     7 |                0.409954 |               11.155429 |
 |     8 |                0.409954 |               11.155429 |
 |     9 |                0.426238 |               11.598527 |
 |    10 |                0.426238 |               11.598527 |
 |    11 |                0.462510 |               12.585541 |
 |    12 |                0.465087 |               12.655658 |
 |    13 |                0.465087 |               12.655658 |
 |    14 |                0.485057 |               13.199081 |
 |    15 |                0.497940 |               13.549630 |
 |    16 |                0.526158 |               14.317494 |
 |    17 |                0.659667 |               17.950460 |
 |    18 |                0.666680 |               18.141274 |
 |    19 |                0.666680 |               18.141274 |
 |    20 |                0.668450 |               18.189458 |
 -------------------------------------------------------------


 -------------------------------------------------------------
   pp-RPA (N-2) calculation: alpha-beta     manifold
 -------------------------------------------------------------
 | State |  Excitation energy (au) |  Excitation energy (eV) |
 -------------------------------------------------------------
 |     1 |              -11.548820 |             -314.259411 |
 |     2 |               -5.677315 |             -154.487607 |
 |     3 |               -5.635407 |             -153.347239 |
 |     4 |               -5.625113 |             -153.067126 |
 |     5 |               -5.609281 |             -152.636319 |
 |     6 |               -1.585354 |              -43.139690 |
 |     7 |               -1.582572 |              -43.063990 |
 |     8 |               -1.260759 |              -34.306996 |
 |     9 |               -1.257558 |              -34.219887 |
 -------------------------------------------------------------


 -------------------------------------------------------------
   pp-RPA (N+2) calculation: alpha-alpha    manifold
 -------------------------------------------------------------
 | State |  Excitation energy (au) |  Excitation energy (eV) |
 -------------------------------------------------------------
 |     1 |                0.353826 |                9.628083 |
 |     2 |                0.388819 |               10.580312 |
 |     3 |                0.388819 |               10.580312 |
 |     4 |                0.409954 |               11.155429 |
 |     5 |                0.409954 |               11.155429 |
 |     6 |                0.462510 |               12.585541 |
 |     7 |                0.666680 |               18.141274 |
 |     8 |                0.666680 |               18.141274 |
 |     9 |                0.668450 |               18.189458 |
 |    10 |                0.684210 |               18.618299 |
 |    11 |                0.684210 |               18.618299 |
 |    12 |                0.696599 |               18.955437 |
 |    13 |                0.714506 |               19.442688 |
 |    14 |                0.714506 |               19.442688 |
 |    15 |                0.723721 |               19.693439 |
 |    16 |                0.723721 |               19.693439 |
 |    17 |                0.731615 |               19.908256 |
 |    18 |                0.747175 |               20.331658 |
 |    19 |                0.889586 |               24.206867 |
 |    20 |                0.889586 |               24.206867 |
 -------------------------------------------------------------


 -------------------------------------------------------------
   pp-RPA (N-2) calculation: alpha-alpha    manifold
 -------------------------------------------------------------
 | State |  Excitation energy (au) |  Excitation energy (eV) |
 -------------------------------------------------------------
 |     1 |               -5.635407 |             -153.347239 |
 |     2 |               -5.609281 |             -152.636319 |
 |     3 |               -1.257558 |              -34.219887 |
 -------------------------------------------------------------

 -------------------------------------------------------------------------------
   One-shot G0T0 calculation (T-matrix self-energy)  
 -------------------------------------------------------------------------------
 |   # |       e_HF (eV) |    Sigma_T (eV) |               Z |       e_QP (eV) |
 -------------------------------------------------------------------------------
 |   1 |     -126.155422 |        2.762710 |        0.946078 |     -123.541684 |
 |   2 |      -13.902930 |        0.164571 |        0.981785 |      -13.741357 |
 |   3 |      -13.055198 |        0.192106 |        0.980490 |      -12.866841 |
 |   4 |        2.097933 |       -0.356633 |        0.989839 |        1.744924 |
 |   5 |        2.097933 |       -0.356633 |        0.989839 |        1.744924 |
 |   6 |        4.038477 |       -0.200037 |        0.993343 |        3.839772 |
 |   7 |        4.519128 |       -0.071851 |        0.997680 |        4.447444 |
 |   8 |       10.144847 |       -0.668020 |        0.980023 |        9.490172 |
 |   9 |       10.144847 |       -0.668020 |        0.980023 |        9.490172 |
 |  10 |       10.727394 |       -0.529351 |        0.984498 |       10.206248 |
 |  11 |       16.332049 |       -0.386511 |        0.986468 |       15.950768 |
 |  12 |       16.745193 |       -0.504999 |        0.980763 |       16.249908 |
 |  13 |       16.745193 |       -0.504999 |        0.980763 |       16.249908 |
 |  14 |       17.438169 |       -0.545730 |        0.979512 |       16.903619 |
 |  15 |       17.993603 |       -0.611405 |        0.966055 |       17.402953 |
 |  16 |       17.993603 |       -0.611405 |        0.966055 |       17.402953 |
 |  17 |       33.581616 |       -0.242688 |        0.055190 |       33.568222 |
 |  18 |       34.564670 |       -1.874377 |        0.231852 |       34.130092 |
 |  19 |       48.550115 |       -3.568112 |        0.071977 |       48.293292 |
 |  20 |       48.550115 |       -3.568112 |        0.071977 |       48.293292 |
 |  21 |       54.730140 |       -1.686856 |        0.267877 |       54.278269 |
 |  22 |       58.860203 |       -4.282976 |        0.043352 |       58.674528 |
 |  23 |       58.860203 |       -4.282976 |        0.043352 |       58.674528 |
 |  24 |       66.544153 |       -1.773443 |        0.152842 |       66.273097 |
 |  25 |       72.339785 |       -2.605325 |        0.250654 |       71.686749 |
 -------------------------------------------------------------------------------
             G0T0 HOMO      energy (eV)            =     -12.866841 eV
             G0T0 LUMO      energy (eV)            =       1.744924 eV
             G0T0 HOMO-LUMO gap    (eV)            =      14.611765 eV
 -------------------------------------------------------------------------------
        Tr@ppRPA@G0T0 correlation energy (singlet) =       -0.0350794084 au
        Tr@ppRPA@G0T0 correlation energy (triplet) =       -0.0021909680 au
        Tr@ppRPA@G0T0 correlation energy           =       -0.0372703764 au
        Tr@ppRPA@G0T0 total energy                 =      -15.7571460694 au
              GM@G0T0 correlation energy           =       -0.0620471472 au
              GM@G0T0 total energy                 =      -15.7819228401 au
 -------------------------------------------------------------------------------


 -------------------------------------------------------------
   BSE@GT       calculation: singlet        manifold
 -------------------------------------------------------------
 | State |  Excitation energy (au) |  Excitation energy (eV) |
 -------------------------------------------------------------
 |     1 |                0.273958 |                7.454780 |
 |     2 |                0.273958 |                7.454780 |
 |     3 |                0.347768 |                9.463248 |
 |     4 |                0.347768 |                9.463248 |
 |     5 |                0.412546 |               11.225950 |
 |     6 |                0.438149 |               11.922636 |
 |     7 |                0.458163 |               12.467256 |
 |     8 |                0.475671 |               12.943673 |
 |     9 |                0.525073 |               14.287966 |
 |    10 |                0.525073 |               14.287966 |
 |    11 |                0.570380 |               15.520826 |
 |    12 |                0.570380 |               15.520826 |
 |    13 |                0.585136 |               15.922365 |
 |    14 |                0.626126 |               17.037751 |
 |    15 |                0.795318 |               21.641717 |
 |    16 |                0.795318 |               21.641717 |
 |    17 |                0.796050 |               21.661630 |
 |    18 |                0.796050 |               21.661630 |
 |    19 |                0.800115 |               21.772229 |
 |    20 |                0.800586 |               21.785066 |
 -------------------------------------------------------------

 ---------------------------------------------------------------
                 Transition dipole moment (au)                  
 ---------------------------------------------------------------
  #           X           Y           Z   dip. str.   osc. str.
 ---------------------------------------------------------------
  1    0.000000    0.000000   -0.000000    0.000000    0.000000
  2    0.000000   -0.000000   -0.000000    0.000000    0.000000
  3   -0.537173   -1.313988    0.000000    2.015119    0.467196
  4    1.313988   -0.537173   -0.000000    2.015119    0.467196
  5    0.000000    0.000000   -0.146327    0.021411    0.005889
  6   -0.000000   -0.000000   -0.000000    0.000000    0.000000
  7    0.000000   -0.000000    0.000000    0.000000    0.000000
  8    0.000000    0.000000    0.989186    0.978489    0.310293
  9    0.000000    0.000000    0.000000    0.000000    0.000000
 10    0.000000   -0.000000    0.000000    0.000000    0.000000
 ---------------------------------------------------------------

 -------------------------------------------------------------
 Excitation n.   1:   7.454780 eV  f = 0.0000  <S**2> = 0.0000
 -------------------------------------------------------------
  3 ->   5 =  -0.678502
  3 ->   8 =   0.152974
  3 ->   9 =  -0.109832

 -------------------------------------------------------------
 Excitation n.   2:   7.454780 eV  f = 0.0000  <S**2> = 0.0000
 -------------------------------------------------------------
  3 ->   4 =   0.678502
  3 ->   8 =   0.109832
  3 ->   9 =   0.152974

 -------------------------------------------------------------
 Excitation n.   3:   9.463248 eV  f = 0.4672  <S**2> = 0.0000
 -------------------------------------------------------------
  2 ->   4 =  -0.538188
  2 ->   5 =  -0.440776
  2 ->   9 =  -0.125701

 -------------------------------------------------------------
 Excitation n.   4:   9.463248 eV  f = 0.4672  <S**2> = 0.0000
 -------------------------------------------------------------
  2 ->   4 =  -0.440776
  2 ->   5 =   0.538188
  2 ->   8 =  -0.125701

 -------------------------------------------------------------
 Excitation n.   5:  11.225950 eV  f = 0.0059  <S**2> = 0.0000
 -------------------------------------------------------------
  2 ->   7 =  -0.166468
  3 ->   6 =   0.686049

 -------------------------------------------------------------
 Excitation n.   6:  11.922636 eV  f = 0.0000  <S**2> = 0.0000
 -------------------------------------------------------------
  2 ->   6 =  -0.625014
  3 ->   7 =   0.325213

 -------------------------------------------------------------
 Excitation n.   7:  12.467256 eV  f = 0.0000  <S**2> = 0.0000
 -------------------------------------------------------------
  2 ->   6 =   0.318748
  2 ->  10 =  -0.079601
  3 ->   7 =   0.623571

 -------------------------------------------------------------
 Excitation n.   8:  12.943673 eV  f = 0.3103  <S**2> = 0.0000
 -------------------------------------------------------------
  2 ->   7 =  -0.662185
  2 ->  11 =   0.083389
  3 ->   6 =  -0.165924
  3 ->  10 =   0.163521

 -------------------------------------------------------------
 Excitation n.   9:  14.287966 eV  f = 0.0000  <S**2> = 0.0000
 -------------------------------------------------------------
  3 ->   5 =  -0.188772
  3 ->   8 =  -0.555800
  3 ->   9 =   0.393453

 -------------------------------------------------------------
 Excitation n.  10:  14.287966 eV  f = 0.0000  <S**2> = 0.0000
 -------------------------------------------------------------
  3 ->   4 =   0.188772
  3 ->   8 =  -0.393453
  3 ->   9 =  -0.555800

Thomas-Reiche-Kuhn sum rule =   1.250574


 *** dynamical TDA activated ***

 ---------------------------------------------------------------------------------------------------
  First-order dynamical correction to static Bethe-Salpeter excitation energies                     
 ---------------------------------------------------------------------------------------------------
  BSE neutral excitation must be lower than the GT gap =  14.611765 eV
 ---------------------------------------------------------------------------------------------------
      #          Static (eV)         Dynamic (eV)      Correction (eV)         Renorm. (eV)
 ---------------------------------------------------------------------------------------------------
      1            7.454780            7.372373           -0.082407            1.002551
      2            7.454780            7.372373           -0.082407            1.002551
      3            9.463248            9.411519           -0.051729            1.001096
      4            9.463248            9.411519           -0.051729            1.001096
      5           11.225950           11.223895           -0.002054            0.996168
      6           11.922636           11.939432            0.016796            0.994965
      7           12.467256           12.465849           -0.001407            0.999688
      8           12.943673           12.918151           -0.025522            1.001704
      9           14.287966           14.272178           -0.015789            1.001036
     10           14.287966           14.272178           -0.015789            1.001036
 ---------------------------------------------------------------------------------------------------


 -------------------------------------------------------------
   BSE@GT       calculation: triplet        manifold
 -------------------------------------------------------------
 | State |  Excitation energy (au) |  Excitation energy (eV) |
 -------------------------------------------------------------
 |     1 |                0.234361 |                6.377294 |
 |     2 |                0.234361 |                6.377294 |
 |     3 |                0.263569 |                7.172073 |
 |     4 |                0.263569 |                7.172073 |
 |     5 |                0.365446 |                9.944285 |
 |     6 |                0.384148 |               10.453189 |
 |     7 |                0.434699 |               11.828760 |
 |     8 |                0.442911 |               12.052214 |
 |     9 |                0.510771 |               13.898789 |
 |    10 |                0.510771 |               13.898789 |
 |    11 |                0.532204 |               14.482019 |
 |    12 |                0.540786 |               14.715528 |
 |    13 |                0.540786 |               14.715528 |
 |    14 |                0.553443 |               15.059956 |
 |    15 |                0.712925 |               19.399678 |
 |    16 |                0.712925 |               19.399678 |
 |    17 |                0.725434 |               19.740068 |
 |    18 |                0.733700 |               19.964991 |
 |    19 |                0.746246 |               20.306389 |
 |    20 |                0.746246 |               20.306389 |
 -------------------------------------------------------------

 -------------------------------------------------------------
 Excitation n.   1:   6.377294 eV  f = 0.0000  <S**2> = 2.0000
 -------------------------------------------------------------
  2 ->  12 =  -0.073297
  2 ->  13 =  -0.071215
  3 ->   4 =   0.553726
  3 ->   5 =  -0.359288
  3 ->   8 =   0.208349
  3 ->   9 =   0.101960

 -------------------------------------------------------------
 Excitation n.   2:   6.377294 eV  f = 0.0000  <S**2> = 2.0000
 -------------------------------------------------------------
  2 ->  12 =  -0.071215
  2 ->  13 =   0.073297
  3 ->   4 =  -0.359288
  3 ->   5 =  -0.553726
  3 ->   8 =   0.101960
  3 ->   9 =  -0.208349

 -------------------------------------------------------------
 Excitation n.   3:   7.172073 eV  f = 0.0000  <S**2> = 2.0000
 -------------------------------------------------------------
  2 ->   5 =  -0.656825
  2 ->   8 =   0.194774
  2 ->   9 =  -0.127954
  3 ->  12 =  -0.112728

 -------------------------------------------------------------
 Excitation n.   4:   7.172073 eV  f = 0.0000  <S**2> = 2.0000
 -------------------------------------------------------------
  2 ->   4 =   0.656825
  2 ->   8 =   0.127954
  2 ->   9 =   0.194774
  3 ->  13 =  -0.112728

 -------------------------------------------------------------
 Excitation n.   5:   9.944285 eV  f = 0.0000  <S**2> = 2.0000
 -------------------------------------------------------------
  2 ->   7 =   0.217418
  3 ->   6 =  -0.653656
  3 ->  10 =   0.076592
  3 ->  14 =  -0.131842

 -------------------------------------------------------------
 Excitation n.   6:  10.453189 eV  f = 0.0000  <S**2> = 2.0000
 -------------------------------------------------------------
  2 ->   6 =   0.500325
  2 ->  14 =   0.121194
  3 ->   7 =  -0.474306
  3 ->  11 =   0.092464

 -------------------------------------------------------------
 Excitation n.   7:  11.828760 eV  f = 0.0000  <S**2> = 2.0000
 -------------------------------------------------------------
  2 ->   6 =  -0.454240
  2 ->  10 =   0.261743
  3 ->   7 =  -0.449419
  3 ->  11 =   0.143481

 -------------------------------------------------------------
 Excitation n.   8:  12.052214 eV  f = 0.0000  <S**2> = 2.0000
 -------------------------------------------------------------
  2 ->   7 =  -0.557171
  2 ->  11 =   0.171291
  3 ->   6 =  -0.153050
  3 ->  10 =   0.366723

 -------------------------------------------------------------
 Excitation n.   9:  13.898789 eV  f = 0.0000  <S**2> = 2.0000
 -------------------------------------------------------------
  2 ->  12 =   0.076050
  3 ->   4 =   0.129815
  3 ->   5 =  -0.206777
  3 ->   8 =  -0.658424

 -------------------------------------------------------------
 Excitation n.  10:  13.898789 eV  f = 0.0000  <S**2> = 2.0000
 -------------------------------------------------------------
  2 ->  13 =   0.076050
  3 ->   4 =   0.206777
  3 ->   5 =   0.129815
  3 ->   9 =  -0.658424

Thomas-Reiche-Kuhn sum rule =   0.000000


 *** dynamical TDA activated ***

 ---------------------------------------------------------------------------------------------------
  First-order dynamical correction to static Bethe-Salpeter excitation energies                     
 ---------------------------------------------------------------------------------------------------
  BSE neutral excitation must be lower than the GT gap =  14.611765 eV
 ---------------------------------------------------------------------------------------------------
      #          Static (eV)         Dynamic (eV)      Correction (eV)         Renorm. (eV)
 ---------------------------------------------------------------------------------------------------
      1            6.377294            6.290695           -0.086599            1.002586
      2            6.377294            6.290695           -0.086599            1.002586
      3            7.172073            7.052944           -0.119129            1.003399
      4            7.172073            7.052944           -0.119129            1.003399
      5            9.944285            9.872488           -0.071797            1.006689
      6           10.453189           10.366800           -0.086389            1.007173
      7           11.828760           11.777428           -0.051331            1.002004
      8           12.052214           12.027623           -0.024591            1.001582
      9           13.898789           13.861260           -0.037529            1.002192
     10           13.898789           13.861260           -0.037529            1.002192
 ---------------------------------------------------------------------------------------------------


 -------------------------------------------------------------------------------
          Tr@BSE@G0T0 correlation energy (singlet) =       -0.0084631169 au
          Tr@BSE@G0T0 correlation energy (triplet) =       -0.0084806111 au
          Tr@BSE@G0T0 correlation energy           =       -0.0169437280 au
          Tr@BSE@G0T0 total energy                 =      -15.7368194210 au
 -------------------------------------------------------------------------------

                                       Total CPU time for G0T0 =      2.651 seconds

                                      Total CPU time for QuAcK =      3.728 seconds

