78 significant shell pairs computed in 0.000103 seconds
0
Computed Electron repulsion integrals Integrals in parallel in 0.279172 seconds

 ******************************************************************************************
 *            QuAcK                       QuAcK                         QuAcK             *
 *   __        __        __       __        __        __       __        __        __     *
 * <(o )___  <(o )___  <(o )___ <(o )___  <(o )___  <(o )___ <(o )___  <(o )___  <(o )___ *
 * ( ._> /   ( ._> /   ( ._> /  ( ._> /   ( ._> /   ( ._> /  ( ._> /   ( ._> /   ( ._> /  *
 *|--------------------------------------------------------------------------------------|*
 ******************************************************************************************

      ----------------------
             Number of atoms                3
      ----------------------

      ----------------------
Number of spin-up   electron                3
Number of spin-down electron                3
    Total number of electron                6
      ----------------------

      ----------------------
Number of core      electron                0
Number of Rydberg   electron                0
      ----------------------

          ------------------
          Molecular geometry
          ------------------
                    Atom n.                 1
                        Z =      4.0000000000
           Atom coordinates:     0.0000000000    0.0000000000    0.0000000000
                    Atom n.                 2
                        Z =      1.0000000000
           Atom coordinates:     0.0000000000    0.0000000000    3.0235618007
                    Atom n.                 3
                        Z =      1.0000000000
           Atom coordinates:     0.0000000000    0.0000000000   -3.0235618007

          ------------------
 Nuclear repulsion energy =      2.8112539317
          ------------------

          Gaussian basis set
          ------------------
                    Atom n.                 1
           number of shells                 6
          ------------------
      s-type shell with K =                 9
                                    Exponents     Contraction
                              2940.0000000000    0.0006800000
                               441.2000000000    0.0052360000
                               100.5000000000    0.0266060000
                                28.4300000000    0.0999930000
                                 9.1690000000    0.2697020000
                                 3.1960000000    0.4514690000
                                 1.1590000000    0.2950740000
                                 0.1811000000    0.0125870000
                                 0.0589000000   -0.0037560000
      s-type shell with K =                 9
                                    Exponents     Contraction
                              2940.0000000000   -0.0001230000
                               441.2000000000   -0.0009660000
                               100.5000000000   -0.0048310000
                                28.4300000000   -0.0193140000
                                 9.1690000000   -0.0532800000
                                 3.1960000000   -0.1207230000
                                 1.1590000000   -0.1334350000
                                 0.1811000000    0.5307670000
                                 0.0589000000    0.5801170000
      s-type shell with K =                 1
                                    Exponents     Contraction
                                 0.0589000000    1.0000000000
      p-type shell with K =                 4
                                    Exponents     Contraction
                                 3.6190000000    0.0291110000
                                 0.7110000000    0.1693650000
                                 0.1951000000    0.5134580000
                                 0.0601800000    0.4793380000
      p-type shell with K =                 1
                                    Exponents     Contraction
                                 0.0601800000    1.0000000000
      d-type shell with K =                 1
                                    Exponents     Contraction
                                 0.2354000000    1.0000000000
          ------------------
                    Atom n.                 2
           number of shells                 3
          ------------------
      s-type shell with K =                 4
                                    Exponents     Contraction
                                13.0100000000    0.0196850000
                                 1.9620000000    0.1379770000
                                 0.4446000000    0.4781480000
                                 0.1220000000    0.5012400000
      s-type shell with K =                 1
                                    Exponents     Contraction
                                 0.1220000000    1.0000000000
      p-type shell with K =                 1
                                    Exponents     Contraction
                                 0.7270000000    1.0000000000
          ------------------
                    Atom n.                 3
           number of shells                 3
          ------------------
      s-type shell with K =                 4
                                    Exponents     Contraction
                                13.0100000000    0.0196850000
                                 1.9620000000    0.1379770000
                                 0.4446000000    0.4781480000
                                 0.1220000000    0.5012400000
      s-type shell with K =                 1
                                    Exponents     Contraction
                                 0.1220000000    1.0000000000
      p-type shell with K =                 1
                                    Exponents     Contraction
                                 0.7270000000    1.0000000000
          ------------------
            Number of shells               12
          ------------------

          ------------------
   Number of basis functions               25
          ------------------

 Scaling integrals by    1.0000000000000000     

                          Total CPU time for reading integrals =      0.023 seconds


 ************************************************
 |    Restricted Hartree-Fock calculation       |
 ************************************************


 ----------------------------------------------------
 | RHF calculation                                  |
 ----------------------------------------------------
 |   # |        HF energy |       Conv |     HL Gap |
 ----------------------------------------------------
 |   1 |   -15.7727697024 |   0.149758 |   1.468246 |
 |   2 |   -15.7715064233 |   0.070013 |   1.477519 |
 |   3 |   -15.7617068337 |   0.047843 |   1.477777 |
 |   4 |   -15.7538541322 |   0.033994 |   1.476644 |
 |   5 |   -15.7485623418 |   0.023994 |   1.475677 |
 |   6 |   -15.7451151115 |   0.016939 |   1.475035 |
 |   7 |   -15.7428729072 |   0.011998 |   1.474632 |
 |   8 |   -15.7414051460 |   0.008536 |   1.474381 |
 |   9 |   -15.7404370409 |   0.006103 |   1.474222 |
 |  10 |   -15.7397940146 |   0.004385 |   1.474119 |
 |  11 |   -15.7393642796 |   0.003164 |   1.474051 |
 |  12 |   -15.7390755409 |   0.002292 |   1.474006 |
 |  13 |   -15.7388806129 |   0.001666 |   1.473975 |
 |  14 |   -15.7387484535 |   0.001215 |   1.473953 |
 |  15 |   -15.7386585022 |   0.000889 |   1.473938 |
 |  16 |   -15.7385970609 |   0.000655 |   1.473928 |
 |  17 |   -15.7385549555 |   0.000483 |   1.473920 |
 |  18 |   -15.7385260134 |   0.000356 |   1.473915 |
 |  19 |   -15.7385060637 |   0.000263 |   1.473911 |
 |  20 |   -15.7384922767 |   0.000194 |   1.473909 |
 |  21 |   -15.7384827261 |   0.000144 |   1.473907 |
 |  22 |   -15.7384760954 |   0.000106 |   1.473905 |
 |  23 |   -15.7384714828 |   0.000079 |   1.473904 |
 |  24 |   -15.7384682682 |   0.000058 |   1.473904 |
 |  25 |   -15.7384660240 |   0.000043 |   1.473903 |
 |  26 |   -15.7384644550 |   0.000032 |   1.473903 |
 |  27 |   -15.7384633566 |   0.000024 |   1.473903 |
 |  28 |   -15.7384625865 |   0.000017 |   1.473903 |
 |  29 |   -15.7384620462 |   0.000013 |   1.473902 |
 |  30 |   -15.7384616666 |   0.000010 |   1.473902 |
 |  31 |   -15.7384613998 |   0.000007 |   1.473902 |
 |  32 |   -15.7384612120 |   0.000005 |   1.473902 |
 |  33 |   -15.7384610798 |   0.000004 |   1.473902 |
 |  34 |   -15.7384609867 |   0.000003 |   1.473902 |
 |  35 |   -15.7384609211 |   0.000002 |   1.473902 |
 |  36 |   -15.7384608748 |   0.000002 |   1.473902 |
 |  37 |   -15.7384608421 |   0.000001 |   1.473902 |
 |  38 |   -15.7384608191 |   0.000001 |   1.473902 |
 |  39 |   -15.7384608029 |   0.000001 |   1.473902 |
 |  40 |   -15.7384607914 |   0.000000 |   1.473902 |
 |  41 |   -15.7384607833 |   0.000000 |   1.473902 |
 |  42 |   -15.7384607776 |   0.000000 |   1.473902 |
 |  43 |   -15.7384607735 |   0.000000 |   1.473902 |
 |  44 |   -15.7384607707 |   0.000000 |   1.473902 |
 |  45 |   -15.7384607686 |   0.000000 |   1.473902 |
 |  46 |   -15.7384607706 |   0.000000 |   0.473902 |
 ----------------------------------------------------

         -----------------------------------------
           Summary              
         -----------------------------------------
           One-electron energy:    -25.8781436488 au
           Kinetic      energy:     15.4016687905 au
           Potential    energy:    -41.2798124393 au
         -----------------------------------------
           Two-electron energy:      7.3284289465 au
           Hartree      energy:     10.6704516758 au
           Exchange     energy:     -3.3420227293 au
         -----------------------------------------
           Electronic   energy:    -18.5497147023 au
           Nuclear   repulsion:      2.8112539317 au
           RHF          energy:    -15.7384607706 au
         -----------------------------------------
           HF HOMO      energy:        -11.240365 eV
           HF LUMO      energy:          1.655169 eV
           HF HOMO-LUMO gap   :         12.895534 eV
         -----------------------------------------
          Dipole moment (Debye)    
                   X         Y         Z      Tot.
           -0.000000 -0.000000  0.000000  0.000000
         -----------------------------------------

           ---------------------------------------
                 MO coefficients
           ---------------------------------------
                 1              2              3              4              5
      1     1.00105140     0.01600856     0.00000000     0.00000000     0.00000000
      2     0.01045596    -0.69269882     0.00000000     0.00000000     0.00000000
      3    -0.00400659     0.19256751     0.00000000     0.00000000     0.00000000
      4     0.00000000     0.00000000     0.00000000    -0.41888371     0.11637657
      5     0.00000000     0.00000000     0.00000000     0.11637657     0.41888371
      6     0.00000000     0.00000000     0.56487542     0.00000000     0.00000000
      7     0.00000000     0.00000000     0.00000000    -0.57731340     0.16039238
      8     0.00000000     0.00000000     0.00000000     0.16039238     0.57731340
      9     0.00000000     0.00000000    -0.14094316     0.00000000     0.00000000
     10    -0.00285843     0.02374883     0.00000000     0.00000000     0.00000000
     11     0.00000000     0.00000000     0.00000000     0.00000000     0.00000000
     12     0.00000000     0.00000000     0.00000000     0.00000000     0.00000000
     13    -0.00285843     0.02374883     0.00000000     0.00000000     0.00000000
     14     0.00000000     0.00000000     0.00000000     0.00000000     0.00000000
     15    -0.00257154    -0.05579255     0.00000000     0.00000000     0.00000000
     16     0.00108050    -0.42322082     0.49498772     0.00000000     0.00000000
     17    -0.00023987     0.02882487    -0.05481087     0.00000000     0.00000000
     18     0.00000000     0.00000000     0.00000000    -0.00947269     0.00263176
     19     0.00000000     0.00000000     0.00000000     0.00263176     0.00947269
     20    -0.00043637     0.01009305    -0.01107788     0.00000000     0.00000000
     21     0.00108050    -0.42322082    -0.49498772     0.00000000     0.00000000
     22    -0.00023987     0.02882487     0.05481087     0.00000000     0.00000000
     23     0.00000000     0.00000000     0.00000000    -0.00947269     0.00263176
     24     0.00000000     0.00000000     0.00000000     0.00263176     0.00947269
     25     0.00043637    -0.01009305    -0.01107788     0.00000000     0.00000000
                 6              7              8              9             10
      1    -0.10018738     0.00000000    -0.53858054     0.00000000     0.00000000
      2     0.04942471     0.00000000    -2.78994426     0.00000000     0.00000000
      3     1.70593927     0.00000000     3.20680769     0.00000000     0.00000000
      4     0.00000000     0.00000000     0.00000000     1.85190902    -0.35103255
      5     0.00000000     0.00000000     0.00000000     0.35103255     1.85190902
      6     0.00000000    -0.53967361     0.00000000     0.00000000     0.00000000
      7     0.00000000     0.00000000     0.00000000    -1.81284105     0.34362715
      8     0.00000000     0.00000000     0.00000000    -0.34362715    -1.81284105
      9     0.00000000     2.75017228     0.00000000     0.00000000     0.00000000
     10    -0.01402325     0.00000000    -0.23566154     0.00000000     0.00000000
     11     0.00000000     0.00000000     0.00000000     0.00000000     0.00000000
     12     0.00000000     0.00000000     0.00000000     0.00000000     0.00000000
     13    -0.01402325     0.00000000    -0.23566154     0.00000000     0.00000000
     14     0.00000000     0.00000000     0.00000000     0.00000000     0.00000000
     15    -0.00595314     0.00000000    -0.24345418     0.00000000     0.00000000
     16    -0.30244782    -0.11927912     0.01884802     0.00000000     0.00000000
     17    -0.77005329    -1.28352051     0.13795162     0.00000000     0.00000000
     18     0.00000000     0.00000000     0.00000000     0.01670002    -0.00316552
     19     0.00000000     0.00000000     0.00000000     0.00316552     0.01670002
     20     0.00714740     0.01849588    -0.00019210     0.00000000     0.00000000
     21    -0.30244782     0.11927912     0.01884802     0.00000000     0.00000000
     22    -0.77005329     1.28352051     0.13795162     0.00000000     0.00000000
     23     0.00000000     0.00000000     0.00000000     0.01670002    -0.00316552
     24     0.00000000     0.00000000     0.00000000     0.00316552     0.01670002
     25    -0.00714740     0.01849588     0.00019210     0.00000000     0.00000000
                11             12             13             14             15
      1     0.00000000    -0.04193683     0.00000000     0.00000000     0.00000000
      2     0.00000000    -0.49870101     0.00000000     0.00000000     0.00000000
      3     0.00000000     1.91846084     0.00000000     0.00000000     0.00000000
      4     0.00000000     0.00000000     0.00000000     0.00000000     0.00000000
      5     0.00000000     0.00000000     0.00000000     0.00000000     0.00000000
      6    -1.87925081     0.00000000     0.00000000     0.00000000     0.00000000
      7     0.00000000     0.00000000     0.00000000     0.00000000     0.00000000
      8     0.00000000     0.00000000     0.00000000     0.00000000     0.00000000
      9    -0.33982756     0.00000000     0.00000000     0.00000000     0.00000000
     10     0.00000000    -0.37329440     0.00000000     0.00000000     0.00159196
     11     0.00000000     0.00000000     0.00000000     0.00000000     0.99999831
     12     0.00000000     0.00000000     0.82316179     0.49272787     0.00000000
     13     0.00000000    -0.37329440     0.00000000     0.00000000    -0.00159196
     14     0.00000000     0.00000000     0.49272787    -0.82316179     0.00000000
     15     0.00000000     1.01099102     0.00000000     0.00000000     0.00000000
     16     0.07745844     0.78988418     0.00000000     0.00000000     0.00000000
     17     1.57653568    -1.98837599     0.00000000     0.00000000     0.00000000
     18     0.00000000     0.00000000     0.05370624     0.03214746     0.00000000
     19     0.00000000     0.00000000     0.03214746    -0.05370624     0.00000000
     20     0.03728432     0.08851325     0.00000000     0.00000000     0.00000000
     21    -0.07745844     0.78988418     0.00000000     0.00000000     0.00000000
     22    -1.57653568    -1.98837599     0.00000000     0.00000000     0.00000000
     23     0.00000000     0.00000000    -0.05370624    -0.03214746     0.00000000
     24     0.00000000     0.00000000    -0.03214746     0.05370624     0.00000000
     25     0.03728432    -0.08851325     0.00000000     0.00000000     0.00000000
                16             17             18             19             20
      1     0.00000000     0.00000000    -0.33680693    -0.38722940     0.00000000
      2     0.00000000     0.00000000    -3.29047599    -3.06135499     0.00000000
      3     0.00000000     0.00000000     1.04246595     1.01838793     0.00000000
      4     0.00000000     0.00000000     0.00000000     0.00000000     0.22383326
      5     0.00000000     0.00000000     0.00000000     0.00000000    -0.09536099
      6     0.00000000     0.31193829     0.00000000     0.00000000     0.00000000
      7     0.00000000     0.00000000     0.00000000     0.00000000    -0.02005039
      8     0.00000000     0.00000000     0.00000000     0.00000000     0.00854219
      9     0.00000000    -1.98684839     0.00000000     0.00000000     0.00000000
     10    -0.86602394     0.00000000     1.36636599     0.60248357     0.00000000
     11     0.00183824     0.00000000     0.00000000     0.00000000     0.00000000
     12     0.00000000     0.00000000     0.00000000     0.00000000     0.00000000
     13     0.86602394     0.00000000     1.36636599     0.60248357     0.00000000
     14     0.00000000     0.00000000     0.00000000     0.00000000     0.00000000
     15     0.00000000     0.00000000     0.45042715     1.98673590     0.00000000
     16     0.00000000    -1.88560349     0.76344320    -1.53719815     0.00000000
     17     0.00000000     3.13698418    -0.55520787     1.07894644     0.00000000
     18     0.00000000     0.00000000     0.00000000     0.00000000    -0.66375813
     19     0.00000000     0.00000000     0.00000000     0.00000000     0.28278476
     20     0.00000000     0.00033795     0.11883569    -0.10337525     0.00000000
     21     0.00000000     1.88560349     0.76344320    -1.53719815     0.00000000
     22     0.00000000    -3.13698418    -0.55520787     1.07894644     0.00000000
     23     0.00000000     0.00000000     0.00000000     0.00000000    -0.66375813
     24     0.00000000     0.00000000     0.00000000     0.00000000     0.28278476
     25     0.00000000     0.00033795    -0.11883569     0.10337525     0.00000000
                21             22             23             24             25
      1     0.00000000     0.00000000     0.00000000     0.00000000     0.15945083
      2     0.00000000     0.00000000     0.00000000     0.00000000     0.78721004
      3     0.00000000     0.00000000     0.00000000     0.00000000    -0.03491026
      4     0.09536099     0.00000000     0.00000000     0.00000000     0.00000000
      5     0.22383326     0.00000000     0.00000000     0.00000000     0.00000000
      6     0.00000000     0.00000000     0.00000000     1.49317429     0.00000000
      7    -0.00854219     0.00000000     0.00000000     0.00000000     0.00000000
      8    -0.02005039     0.00000000     0.00000000     0.00000000     0.00000000
      9     0.00000000     0.00000000     0.00000000    -0.21165367     0.00000000
     10     0.00000000     0.00000000     0.00000000     0.00000000    -0.35500806
     11     0.00000000     0.00000000     0.00000000     0.00000000     0.00000000
     12     0.00000000    -0.54478466    -0.01856116     0.00000000     0.00000000
     13     0.00000000     0.00000000     0.00000000     0.00000000    -0.35500806
     14     0.00000000    -0.01856116     0.54478466     0.00000000     0.00000000
     15     0.00000000     0.00000000     0.00000000     0.00000000     1.94729160
     16     0.00000000     0.00000000     0.00000000     0.02717564    -1.25617042
     17     0.00000000     0.00000000     0.00000000    -0.87726698    -0.09963793
     18    -0.28278476     0.77726275     0.02648183     0.00000000     0.00000000
     19    -0.66375813     0.02648183    -0.77726275     0.00000000     0.00000000
     20     0.00000000     0.00000000     0.00000000     0.84648596     1.03155817
     21     0.00000000     0.00000000     0.00000000    -0.02717564    -1.25617042
     22     0.00000000     0.00000000     0.00000000     0.87726698    -0.09963793
     23    -0.28278476    -0.77726275    -0.02648183     0.00000000     0.00000000
     24    -0.66375813    -0.02648183     0.77726275     0.00000000     0.00000000
     25     0.00000000     0.00000000     0.00000000     0.84648596    -1.03155817

           ---------------------------------------
                     MO energies
           ---------------------------------------
                 1
      1    -4.73668070
      2    -0.46088637
      3    -0.41307581
      4     0.06082634
      5     0.06082634
      6     0.12700272
      7     0.21457691
      8     0.27482081
      9     0.34772542
     10     0.34772542
     11     0.41554346
     12     0.59641220
     13     0.60496176
     14     0.60496176
     15     0.63242342
     16     0.63242342
     17     0.97648873
     18     1.08018444
     19     1.38417516
     20     1.60701527
     21     1.60701527
     22     1.83317889
     23     1.83317889
     24     2.05680396
     25     2.39564677

                                        Total CPU time for RHF =      0.375 seconds


 AO to MO transformation... Please be patient

                    Total CPU time for AO to MO transformation =      0.673 seconds


 ************************************************
 |          One-shot G0W0 calculation           |
 ************************************************


 -------------------------------------------------------------
   RPA@HF       calculation: singlet        manifold
 -------------------------------------------------------------
 | State |  Excitation energy (au) |  Excitation energy (eV) |
 -------------------------------------------------------------
 |     1 |                0.488592 |               13.295264 |
 |     2 |                0.488592 |               13.295264 |
 |     3 |                0.563358 |               15.329758 |
 |     4 |                0.563358 |               15.329758 |
 |     5 |                0.594911 |               16.188360 |
 |     6 |                0.622636 |               16.942791 |
 |     7 |                0.661630 |               18.003867 |
 |     8 |                0.693348 |               18.866969 |
 |     9 |                0.712511 |               19.388425 |
 |    10 |                0.768074 |               20.900354 |
 |    11 |                0.771247 |               20.986701 |
 |    12 |                0.771247 |               20.986701 |
 |    13 |                0.842879 |               22.935895 |
 |    14 |                0.842879 |               22.935895 |
 |    15 |                0.939505 |               25.565245 |
 |    16 |                0.950080 |               25.852982 |
 |    17 |                1.053938 |               28.679123 |
 |    18 |                1.053938 |               28.679123 |
 |    19 |                1.080529 |               29.402684 |
 |    20 |                1.101586 |               29.975688 |
 -------------------------------------------------------------

  *** Quasiparticle energies obtained by linearization *** 

 -------------------------------------------------------------------------------
   One-shot G0W0 calculation
 -------------------------------------------------------------------------------
 |   # |       e_HF (eV) |      Sig_c (eV) |               Z |       e_QP (eV) |
 -------------------------------------------------------------------------------
 |   1 |     -128.891647 |        3.928329 |        0.901568 |     -125.349990 |
 |   2 |      -12.541357 |        0.012111 |        0.940936 |      -12.529962 |
 |   3 |      -11.240365 |       -0.030943 |        0.942956 |      -11.269544 |
 |   4 |        1.655169 |       -0.440469 |        0.980319 |        1.223369 |
 |   5 |        1.655169 |       -0.440469 |        0.980319 |        1.223369 |
 |   6 |        3.455920 |       -0.533933 |        0.970164 |        2.937917 |
 |   7 |        5.838935 |       -0.151880 |        0.992250 |        5.688232 |
 |   8 |        7.478255 |       -0.512421 |        0.973639 |        6.979342 |
 |   9 |        9.462091 |       -1.037567 |        0.953680 |        8.472584 |
 |  10 |        9.462091 |       -1.037567 |        0.953680 |        8.472584 |
 |  11 |       11.307513 |       -0.883454 |        0.946036 |       10.471734 |
 |  12 |       16.229203 |       -1.234545 |        0.749929 |       15.303381 |
 |  13 |       16.461848 |       -0.896945 |        0.780691 |       15.761611 |
 |  14 |       16.461848 |       -0.896945 |        0.780691 |       15.761611 |
 |  15 |       17.209118 |        5.146311 |        0.035513 |       17.391878 |
 |  16 |       17.209118 |        5.146311 |        0.035513 |       17.391878 |
 |  17 |       26.571612 |       -2.553356 |        0.495685 |       25.305952 |
 |  18 |       29.393316 |       -0.865878 |        0.086024 |       29.318830 |
 |  19 |       37.665324 |        3.279574 |        0.003965 |       37.678328 |
 |  20 |       43.729113 |       -1.998920 |        0.638519 |       42.452764 |
 |  21 |       43.729113 |       -1.998920 |        0.638519 |       42.452764 |
 |  22 |       49.883338 |       -2.026751 |        0.628029 |       48.610480 |
 |  23 |       49.883338 |       -2.026751 |        0.628029 |       48.610480 |
 |  24 |       55.968486 |        1.061517 |        0.122181 |       56.098184 |
 |  25 |       65.188869 |       -1.931815 |        0.579798 |       64.068808 |
 -------------------------------------------------------------------------------
          G0W0 HOMO      energy:     -11.269544 eV
          G0W0 LUMO      energy:       1.223369 eV
          G0W0 HOMO-LUMO gap   :      12.492913 eV
 -------------------------------------------------------------------------------
    RPA@G0W0 total energy      :     -15.826151 au
    RPA@G0W0 correlation energy:      -0.087690 au
    GM@G0W0  total energy      :     -15.896734 au
    GM@G0W0  correlation energy:      -0.158273 au
 -------------------------------------------------------------------------------


 -------------------------------------------------------------
   BSE@GW       calculation: singlet        manifold
 -------------------------------------------------------------
 | State |  Excitation energy (au) |  Excitation energy (eV) |
 -------------------------------------------------------------
 |     1 |                0.228831 |                6.226806 |
 |     2 |                0.228831 |                6.226806 |
 |     3 |                0.307005 |                8.354027 |
 |     4 |                0.307005 |                8.354027 |
 |     5 |                0.337845 |                9.193237 |
 |     6 |                0.374230 |               10.183331 |
 |     7 |                0.444220 |               12.087834 |
 |     8 |                0.451576 |               12.287997 |
 |     9 |                0.477220 |               12.985817 |
 |    10 |                0.477220 |               12.985817 |
 |    11 |                0.498291 |               13.559202 |
 |    12 |                0.522969 |               14.230705 |
 |    13 |                0.533887 |               14.527807 |
 |    14 |                0.533887 |               14.527807 |
 |    15 |                0.593116 |               16.139515 |
 |    16 |                0.608141 |               16.548356 |
 |    17 |                0.761993 |               20.734885 |
 |    18 |                0.761993 |               20.734885 |
 |    19 |                0.779359 |               21.207427 |
 |    20 |                0.786031 |               21.389006 |
 -------------------------------------------------------------

 ---------------------------------------------------------------
                 Transition dipole moment (au)                  
 ---------------------------------------------------------------
  #           X           Y           Z   dip. str.   osc. str.
 ---------------------------------------------------------------
  1    0.000000    0.000000   -0.000000    0.000000    0.000000
  2   -0.000000   -0.000000    0.000000    0.000000    0.000000
  3    0.681546    1.248612   -0.000000    2.023536    0.414157
  4    1.248612   -0.681546   -0.000000    2.023536    0.414157
  5   -0.000000   -0.000000   -1.734802    3.009538    0.677839
  6   -0.000000    0.000000    0.000000    0.000000    0.000000
  7    0.000000    0.000000    1.076002    1.157781    0.342873
  8    0.000000   -0.000000    0.000000    0.000000    0.000000
  9   -0.000000    0.000000    0.000000    0.000000    0.000000
 10    0.000000   -0.000000   -0.000000    0.000000    0.000000
 ---------------------------------------------------------------

 -------------------------------------------------------------
 Excitation n.   1:   6.226806 eV  f = 0.0000  <S**2> = 0.0000
 -------------------------------------------------------------
  3 ->   4 =   0.679761
  3 ->   5 =   0.147912
  3 ->   9 =  -0.099218
  3 ->  10 =   0.079023

 -------------------------------------------------------------
 Excitation n.   2:   6.226806 eV  f = 0.0000  <S**2> = 0.0000
 -------------------------------------------------------------
  3 ->   4 =   0.147912
  3 ->   5 =  -0.679761
  3 ->   9 =  -0.079023
  3 ->  10 =  -0.099218

 -------------------------------------------------------------
 Excitation n.   3:   8.354027 eV  f = 0.4142  <S**2> = 0.0000
 -------------------------------------------------------------
  2 ->   4 =   0.159784
  2 ->   5 =  -0.686578

 -------------------------------------------------------------
 Excitation n.   4:   8.354027 eV  f = 0.4142  <S**2> = 0.0000
 -------------------------------------------------------------
  2 ->   4 =   0.686578
  2 ->   5 =   0.159784

 -------------------------------------------------------------
 Excitation n.   5:   9.193237 eV  f = 0.6778  <S**2> = 0.0000
 -------------------------------------------------------------
  3 ->   6 =   0.700462
  3 ->   8 =  -0.109106

 -------------------------------------------------------------
 Excitation n.   6:  10.183331 eV  f = 0.0000  <S**2> = 0.0000
 -------------------------------------------------------------
  2 ->   6 =   0.707686

 -------------------------------------------------------------
 Excitation n.   7:  12.087834 eV  f = 0.3429  <S**2> = 0.0000
 -------------------------------------------------------------
  2 ->   7 =  -0.314808
  3 ->   6 =   0.112751
  3 ->   8 =   0.619539

 -------------------------------------------------------------
 Excitation n.   8:  12.287997 eV  f = 0.0000  <S**2> = 0.0000
 -------------------------------------------------------------
  3 ->   7 =   0.704179

 -------------------------------------------------------------
 Excitation n.   9:  12.985817 eV  f = 0.0000  <S**2> = 0.0000
 -------------------------------------------------------------
  3 ->   4 =   0.083967
  3 ->   5 =  -0.095577
  3 ->   9 =   0.642670
  3 ->  10 =   0.265413

 -------------------------------------------------------------
 Excitation n.  10:  12.985817 eV  f = 0.0000  <S**2> = 0.0000
 -------------------------------------------------------------
  3 ->   4 =   0.095577
  3 ->   5 =   0.083967
  3 ->   9 =   0.265413
  3 ->  10 =  -0.642670

Thomas-Reiche-Kuhn sum rule =   1.849025


 *** dynamical TDA activated ***

 ---------------------------------------------------------------------------------------------------
  First-order dynamical correction to static Bethe-Salpeter excitation energies                     
 ---------------------------------------------------------------------------------------------------
  BSE neutral excitation must be lower than the GW gap =  12.492913 eV
 ---------------------------------------------------------------------------------------------------
      #          Static (eV)         Dynamic (eV)      Correction (eV)         Renorm. (eV)
 ---------------------------------------------------------------------------------------------------
      1            6.226806            6.141683           -0.085123            1.008512
      2            6.226806            6.141683           -0.085123            1.008512
      3            8.354027            8.276943           -0.077083            1.010300
      4            8.354027            8.276943           -0.077083            1.010300
      5            9.193237            9.108856           -0.084381            1.012979
      6           10.183331           10.116144           -0.067187            1.010880
      7           12.087834           11.981934           -0.105900            1.012197
      8           12.287997           12.250599           -0.037398            1.006078
      9           12.985817           12.888840           -0.096977            1.009052
     10           12.985817           12.888840           -0.096977            1.009052
 ---------------------------------------------------------------------------------------------------


 -------------------------------------------------------------
   BSE@GW       calculation: triplet        manifold
 -------------------------------------------------------------
 | State |  Excitation energy (au) |  Excitation energy (eV) |
 -------------------------------------------------------------
 |     1 |                0.202018 |                5.497192 |
 |     2 |                0.202018 |                5.497192 |
 |     3 |                0.232909 |                6.337769 |
 |     4 |                0.237052 |                6.450500 |
 |     5 |                0.237052 |                6.450500 |
 |     6 |                0.273997 |                7.455844 |
 |     7 |                0.382597 |               10.411008 |
 |     8 |                0.389908 |               10.609928 |
 |     9 |                0.467188 |               12.712824 |
 |    10 |                0.467188 |               12.712824 |
 |    11 |                0.480505 |               13.075214 |
 |    12 |                0.488306 |               13.287490 |
 |    13 |                0.504440 |               13.726500 |
 |    14 |                0.504440 |               13.726500 |
 |    15 |                0.530636 |               14.439343 |
 |    16 |                0.562037 |               15.293804 |
 |    17 |                0.689434 |               18.760448 |
 |    18 |                0.689434 |               18.760448 |
 |    19 |                0.697007 |               18.966539 |
 |    20 |                0.731417 |               19.902867 |
 -------------------------------------------------------------

 -------------------------------------------------------------
 Excitation n.   1:   5.497192 eV  f = 0.0000  <S**2> = 2.0000
 -------------------------------------------------------------
  3 ->   4 =   0.148502
  3 ->   5 =   0.671104
  3 ->  10 =   0.146341

 -------------------------------------------------------------
 Excitation n.   2:   5.497192 eV  f = 0.0000  <S**2> = 2.0000
 -------------------------------------------------------------
  3 ->   4 =   0.671104
  3 ->   5 =  -0.148502
  3 ->   9 =  -0.146341

 -------------------------------------------------------------
 Excitation n.   3:   6.337769 eV  f = 0.0000  <S**2> = 2.0000
 -------------------------------------------------------------
  2 ->  11 =  -0.145495
  3 ->   6 =  -0.666723
  3 ->   8 =   0.173646
  3 ->  12 =   0.072852

 -------------------------------------------------------------
 Excitation n.   4:   6.450500 eV  f = 0.0000  <S**2> = 2.0000
 -------------------------------------------------------------
  2 ->   4 =  -0.678359
  2 ->   5 =   0.078504
  2 ->   9 =   0.156722

 -------------------------------------------------------------
 Excitation n.   5:   6.450500 eV  f = 0.0000  <S**2> = 2.0000
 -------------------------------------------------------------
  2 ->   4 =  -0.078504
  2 ->   5 =  -0.678359
  2 ->  10 =  -0.156722

 -------------------------------------------------------------
 Excitation n.   6:   7.455844 eV  f = 0.0000  <S**2> = 2.0000
 -------------------------------------------------------------
  2 ->   6 =   0.647711
  2 ->   8 =  -0.181944
  2 ->  12 =  -0.070744
  3 ->  11 =   0.200711

 -------------------------------------------------------------
 Excitation n.   7:  10.411008 eV  f = 0.0000  <S**2> = 2.0000
 -------------------------------------------------------------
  2 ->   6 =   0.112852
  2 ->   8 =   0.322049
  2 ->  12 =  -0.080782
  3 ->   7 =  -0.565950
  3 ->  11 =  -0.237994

 -------------------------------------------------------------
 Excitation n.   8:  10.609928 eV  f = 0.0000  <S**2> = 2.0000
 -------------------------------------------------------------
  2 ->   7 =   0.367605
  2 ->  11 =   0.206200
  3 ->   6 =  -0.155699
  3 ->   8 =  -0.539054
  3 ->  12 =   0.084770

 -------------------------------------------------------------
 Excitation n.   9:  12.712824 eV  f = 0.0000  <S**2> = 2.0000
 -------------------------------------------------------------
  3 ->   4 =  -0.084172
  3 ->   5 =  -0.131783
  3 ->   9 =  -0.075522
  3 ->  10 =   0.683283

 -------------------------------------------------------------
 Excitation n.  10:  12.712824 eV  f = 0.0000  <S**2> = 2.0000
 -------------------------------------------------------------
  3 ->   4 =  -0.131783
  3 ->   5 =   0.084172
  3 ->   9 =  -0.683283
  3 ->  10 =  -0.075522

Thomas-Reiche-Kuhn sum rule =   0.000000


 *** dynamical TDA activated ***

 ---------------------------------------------------------------------------------------------------
  First-order dynamical correction to static Bethe-Salpeter excitation energies                     
 ---------------------------------------------------------------------------------------------------
  BSE neutral excitation must be lower than the GW gap =  12.492913 eV
 ---------------------------------------------------------------------------------------------------
      #          Static (eV)         Dynamic (eV)      Correction (eV)         Renorm. (eV)
 ---------------------------------------------------------------------------------------------------
      1            5.497192            5.375149           -0.122043            1.009323
      2            5.497192            5.375149           -0.122043            1.009323
      3            6.337769            6.046434           -0.291335            1.017757
      4            6.450500            6.290289           -0.160211            1.012208
      5            6.450500            6.290289           -0.160211            1.012208
      6            7.455844            7.140889           -0.314955            1.019454
      7           10.411008           10.210423           -0.200585            1.014934
      8           10.609928           10.398742           -0.211185            1.015435
      9           12.712824           12.613039           -0.099785            1.008284
     10           12.712824           12.613039           -0.099785            1.008284
 ---------------------------------------------------------------------------------------------------


 -------------------------------------------------------------------------------
          Tr@BSE@G0W0 correlation energy (singlet) =       -0.0595200950
          Tr@BSE@G0W0 correlation energy (triplet) =       -0.0232677272
          Tr@BSE@G0W0 correlation energy           =       -0.0827878222
          Tr@BSE@G0W0 total energy                 =      -15.8212485927
 -------------------------------------------------------------------------------

                                       Total CPU time for G0W0 =      0.062 seconds


 ************************************************
 |          One-shot G0T0 calculation           |
 ************************************************


 -------------------------------------------------------------
   pp-RPA (N+2) calculation: alpha-beta     manifold
 -------------------------------------------------------------
 | State |  Excitation energy (au) |  Excitation energy (eV) |
 -------------------------------------------------------------
 |     1 |                0.324537 |                8.831088 |
 |     2 |                0.346764 |                9.435923 |
 |     3 |                0.346764 |                9.435923 |
 |     4 |                0.349720 |                9.516362 |
 |     5 |                0.369791 |               10.062537 |
 |     6 |                0.369791 |               10.062537 |
 |     7 |                0.438512 |               11.932512 |
 |     8 |                0.438512 |               11.932512 |
 |     9 |                0.450294 |               12.253120 |
 |    10 |                0.450294 |               12.253120 |
 |    11 |                0.469449 |               12.774356 |
 |    12 |                0.469449 |               12.774356 |
 |    13 |                0.493640 |               13.432619 |
 |    14 |                0.513275 |               13.966930 |
 |    15 |                0.532785 |               14.497825 |
 |    16 |                0.538705 |               14.658913 |
 |    17 |                0.538705 |               14.658913 |
 |    18 |                0.555422 |               15.113810 |
 |    19 |                0.555422 |               15.113810 |
 |    20 |                0.583890 |               15.888455 |
 -------------------------------------------------------------


 -------------------------------------------------------------
   pp-RPA (N-2) calculation: alpha-beta     manifold
 -------------------------------------------------------------
 | State |  Excitation energy (au) |  Excitation energy (eV) |
 -------------------------------------------------------------
 |     1 |              -11.749274 |             -319.714031 |
 |     2 |               -5.626401 |             -153.102181 |
 |     3 |               -5.603049 |             -152.466718 |
 |     4 |               -5.539607 |             -150.740388 |
 |     5 |               -5.532422 |             -150.544858 |
 |     6 |               -1.380023 |              -37.552334 |
 |     7 |               -1.373132 |              -37.364828 |
 |     8 |               -1.081841 |              -29.438401 |
 |     9 |               -1.080336 |              -29.397449 |
 -------------------------------------------------------------


 -------------------------------------------------------------
   pp-RPA (N+2) calculation: alpha-alpha    manifold
 -------------------------------------------------------------
 | State |  Excitation energy (au) |  Excitation energy (eV) |
 -------------------------------------------------------------
 |     1 |                0.324537 |                8.831088 |
 |     2 |                0.369791 |               10.062537 |
 |     3 |                0.369791 |               10.062537 |
 |     4 |                0.450294 |               12.253120 |
 |     5 |                0.450294 |               12.253120 |
 |     6 |                0.513275 |               13.966930 |
 |     7 |                0.538705 |               14.658913 |
 |     8 |                0.538705 |               14.658913 |
 |     9 |                0.583890 |               15.888455 |
 |    10 |                0.625683 |               17.025707 |
 |    11 |                0.625683 |               17.025707 |
 |    12 |                0.650621 |               17.704301 |
 |    13 |                0.653092 |               17.771545 |
 |    14 |                0.657842 |               17.900804 |
 |    15 |                0.697895 |               18.990683 |
 |    16 |                0.697895 |               18.990683 |
 |    17 |                0.701753 |               19.095676 |
 |    18 |                0.701753 |               19.095676 |
 |    19 |                0.749607 |               20.397853 |
 |    20 |                0.749607 |               20.397853 |
 -------------------------------------------------------------


 -------------------------------------------------------------
   pp-RPA (N-2) calculation: alpha-alpha    manifold
 -------------------------------------------------------------
 | State |  Excitation energy (au) |  Excitation energy (eV) |
 -------------------------------------------------------------
 |     1 |               -5.603049 |             -152.466718 |
 |     2 |               -5.532422 |             -150.544858 |
 |     3 |               -1.081841 |              -29.438401 |
 -------------------------------------------------------------

 -------------------------------------------------------------------------------
   One-shot G0T0 calculation (T-matrix self-energy)  
 -------------------------------------------------------------------------------
 |   # |       e_HF (eV) |    Sigma_T (eV) |               Z |       e_QP (eV) |
 -------------------------------------------------------------------------------
 |   1 |     -128.891647 |        2.960559 |        0.928457 |     -126.142897 |
 |   2 |      -12.541357 |        0.112047 |        0.979911 |      -12.431561 |
 |   3 |      -11.240365 |        0.111264 |        0.979172 |      -11.131419 |
 |   4 |        1.655169 |       -0.412109 |        0.987426 |        1.248242 |
 |   5 |        1.655169 |       -0.412109 |        0.987426 |        1.248242 |
 |   6 |        3.455920 |       -0.431308 |        0.985486 |        3.030871 |
 |   7 |        5.838935 |       -0.110297 |        0.995906 |        5.729089 |
 |   8 |        7.478255 |       -0.444038 |        0.984095 |        7.041279 |
 |   9 |        9.462091 |       -0.741070 |        0.975692 |        8.739035 |
 |  10 |        9.462091 |       -0.741070 |        0.975692 |        8.739035 |
 |  11 |       11.307513 |       -0.696571 |        0.974192 |       10.628919 |
 |  12 |       16.229203 |       -0.617924 |        0.975108 |       15.626660 |
 |  13 |       16.461848 |       -0.640487 |        0.966121 |       15.843060 |
 |  14 |       16.461848 |       -0.640487 |        0.966121 |       15.843060 |
 |  15 |       17.209118 |       -0.728326 |        0.951482 |       16.516128 |
 |  16 |       17.209118 |       -0.728326 |        0.951482 |       16.516128 |
 |  17 |       26.571612 |       -1.570397 |        0.370582 |       25.989651 |
 |  18 |       29.393316 |       -1.190897 |        0.647794 |       28.621860 |
 |  19 |       37.665324 |        0.526554 |        0.059936 |       37.696884 |
 |  20 |       43.729113 |       -0.956588 |        0.592389 |       43.162441 |
 |  21 |       43.729113 |       -0.956588 |        0.592389 |       43.162441 |
 |  22 |       49.883338 |       -1.186906 |        0.642258 |       49.121039 |
 |  23 |       49.883338 |       -1.186906 |        0.642258 |       49.121039 |
 |  24 |       55.968486 |       -1.584332 |        0.588910 |       55.035458 |
 |  25 |       65.188869 |       -1.306463 |        0.095930 |       65.063541 |
 -------------------------------------------------------------------------------
             G0T0 HOMO      energy (eV)            =     -11.131419 eV
             G0T0 LUMO      energy (eV)            =       1.248242 eV
             G0T0 HOMO-LUMO gap    (eV)            =      12.379661 eV
 -------------------------------------------------------------------------------
        Tr@ppRPA@G0T0 correlation energy (singlet) =       -0.0328996702 au
        Tr@ppRPA@G0T0 correlation energy (triplet) =       -0.0017657623 au
        Tr@ppRPA@G0T0 correlation energy           =       -0.0346654325 au
        Tr@ppRPA@G0T0 total energy                 =      -15.7731262031 au
              GM@G0T0 correlation energy           =       -0.0565136081 au
              GM@G0T0 total energy                 =      -15.7949743786 au
 -------------------------------------------------------------------------------


 -------------------------------------------------------------
   BSE@GT       calculation: singlet        manifold
 -------------------------------------------------------------
 | State |  Excitation energy (au) |  Excitation energy (eV) |
 -------------------------------------------------------------
 |     1 |                0.219794 |                5.980894 |
 |     2 |                0.219794 |                5.980894 |
 |     3 |                0.294954 |                8.026096 |
 |     4 |                0.294954 |                8.026096 |
 |     5 |                0.329250 |                8.959347 |
 |     6 |                0.358489 |                9.754996 |
 |     7 |                0.428977 |               11.673063 |
 |     8 |                0.437694 |               11.910261 |
 |     9 |                0.471013 |               12.816924 |
 |    10 |                0.471013 |               12.816924 |
 |    11 |                0.494601 |               13.458792 |
 |    12 |                0.515137 |               14.017597 |
 |    13 |                0.518738 |               14.115578 |
 |    14 |                0.518738 |               14.115578 |
 |    15 |                0.569954 |               15.509225 |
 |    16 |                0.592515 |               16.123161 |
 |    17 |                0.738265 |               20.089201 |
 |    18 |                0.738265 |               20.089201 |
 |    19 |                0.742137 |               20.194586 |
 |    20 |                0.742137 |               20.194586 |
 -------------------------------------------------------------

 ---------------------------------------------------------------
                 Transition dipole moment (au)                  
 ---------------------------------------------------------------
  #           X           Y           Z   dip. str.   osc. str.
 ---------------------------------------------------------------
  1   -0.000000    0.000000    0.000000    0.000000    0.000000
  2   -0.000000    0.000000   -0.000000    0.000000    0.000000
  3    0.607624   -1.416014    0.000000    2.374304    0.466873
  4   -1.416014   -0.607624   -0.000000    2.374304    0.466873
  5    0.000000   -0.000000    1.862899    3.470393    0.761751
  6   -0.000000   -0.000000   -0.000000    0.000000    0.000000
  7   -0.000000    0.000000   -1.280182    1.638867    0.468691
  8    0.000000   -0.000000    0.000000    0.000000    0.000000
  9    0.000000   -0.000000    0.000000    0.000000    0.000000
 10   -0.000000    0.000000   -0.000000    0.000000    0.000000
 ---------------------------------------------------------------

 -------------------------------------------------------------
 Excitation n.   1:   5.980894 eV  f = 0.0000  <S**2> = 0.0000
 -------------------------------------------------------------
  3 ->   4 =   0.204029
  3 ->   5 =  -0.661301
  3 ->   9 =  -0.097221
  3 ->  10 =  -0.102786

 -------------------------------------------------------------
 Excitation n.   2:   5.980894 eV  f = 0.0000  <S**2> = 0.0000
 -------------------------------------------------------------
  3 ->   4 =   0.661301
  3 ->   5 =   0.204029
  3 ->   9 =  -0.102786
  3 ->  10 =   0.097221

 -------------------------------------------------------------
 Excitation n.   3:   8.026096 eV  f = 0.4669  <S**2> = 0.0000
 -------------------------------------------------------------
  2 ->   4 =   0.436640
  2 ->   5 =   0.544019
  2 ->  10 =   0.113772

 -------------------------------------------------------------
 Excitation n.   4:   8.026096 eV  f = 0.4669  <S**2> = 0.0000
 -------------------------------------------------------------
  2 ->   4 =  -0.544019
  2 ->   5 =   0.436640
  2 ->   9 =   0.113772

 -------------------------------------------------------------
 Excitation n.   5:   8.959347 eV  f = 0.7618  <S**2> = 0.0000
 -------------------------------------------------------------
  3 ->   6 =  -0.699483
  3 ->   8 =   0.083965

 -------------------------------------------------------------
 Excitation n.   6:   9.754996 eV  f = 0.0000  <S**2> = 0.0000
 -------------------------------------------------------------
  2 ->   6 =  -0.698877
  3 ->   7 =   0.088846

 -------------------------------------------------------------
 Excitation n.   7:  11.673063 eV  f = 0.4687  <S**2> = 0.0000
 -------------------------------------------------------------
  2 ->   7 =   0.369288
  2 ->  11 =   0.115140
  3 ->   6 =  -0.071445
  3 ->   8 =  -0.586972

 -------------------------------------------------------------
 Excitation n.   8:  11.910261 eV  f = 0.0000  <S**2> = 0.0000
 -------------------------------------------------------------
  2 ->   6 =   0.077704
  2 ->   8 =  -0.140236
  3 ->   7 =   0.686604

 -------------------------------------------------------------
 Excitation n.   9:  12.816924 eV  f = 0.0000  <S**2> = 0.0000
 -------------------------------------------------------------
  3 ->   4 =   0.138344
  3 ->   9 =   0.677148
  3 ->  10 =  -0.142016

 -------------------------------------------------------------
 Excitation n.  10:  12.816924 eV  f = 0.0000  <S**2> = 0.0000
 -------------------------------------------------------------
  3 ->   5 =   0.138344
  3 ->   9 =  -0.142016
  3 ->  10 =  -0.677148

Thomas-Reiche-Kuhn sum rule =   2.164188


 *** dynamical TDA activated ***

 ---------------------------------------------------------------------------------------------------
  First-order dynamical correction to static Bethe-Salpeter excitation energies                     
 ---------------------------------------------------------------------------------------------------
  BSE neutral excitation must be lower than the GT gap =  12.379661 eV
 ---------------------------------------------------------------------------------------------------
      #          Static (eV)         Dynamic (eV)      Correction (eV)         Renorm. (eV)
 ---------------------------------------------------------------------------------------------------
      1            5.980894            5.905874           -0.075020            1.002660
      2            5.980894            5.905874           -0.075020            1.002660
      3            8.026096            8.022832           -0.003264            0.999948
      4            8.026096            8.022832           -0.003264            0.999948
      5            8.959347            8.921196           -0.038151            1.000425
      6            9.754996            9.795683            0.040688            0.994288
      7           11.673063           11.628697           -0.044365            1.002403
      8           11.910261           11.923055            0.012794            0.997030
      9           12.816924           12.797976           -0.018947            1.001534
     10           12.816924           12.797976           -0.018947            1.001534
 ---------------------------------------------------------------------------------------------------


 -------------------------------------------------------------
   BSE@GT       calculation: triplet        manifold
 -------------------------------------------------------------
 | State |  Excitation energy (au) |  Excitation energy (eV) |
 -------------------------------------------------------------
 |     1 |                0.191543 |                5.212162 |
 |     2 |                0.191543 |                5.212162 |
 |     3 |                0.220013 |                5.986864 |
 |     4 |                0.228660 |                6.222152 |
 |     5 |                0.228660 |                6.222152 |
 |     6 |                0.260004 |                7.075074 |
 |     7 |                0.368456 |               10.026200 |
 |     8 |                0.374438 |               10.188967 |
 |     9 |                0.464176 |               12.630868 |
 |    10 |                0.464176 |               12.630868 |
 |    11 |                0.478897 |               13.031443 |
 |    12 |                0.486147 |               13.228720 |
 |    13 |                0.501891 |               13.657157 |
 |    14 |                0.501891 |               13.657157 |
 |    15 |                0.529717 |               14.414321 |
 |    16 |                0.554476 |               15.088068 |
 |    17 |                0.670427 |               18.243252 |
 |    18 |                0.670427 |               18.243252 |
 |    19 |                0.689370 |               18.758711 |
 |    20 |                0.711310 |               19.355742 |
 -------------------------------------------------------------

 -------------------------------------------------------------
 Excitation n.   1:   5.212162 eV  f = 0.0000  <S**2> = 2.0000
 -------------------------------------------------------------
  3 ->   4 =   0.681808
  3 ->   9 =  -0.146838

 -------------------------------------------------------------
 Excitation n.   2:   5.212162 eV  f = 0.0000  <S**2> = 2.0000
 -------------------------------------------------------------
  3 ->   5 =  -0.681808
  3 ->  10 =  -0.146838

 -------------------------------------------------------------
 Excitation n.   3:   5.986864 eV  f = 0.0000  <S**2> = 2.0000
 -------------------------------------------------------------
  2 ->  11 =  -0.180526
  3 ->   6 =  -0.647845
  3 ->   8 =   0.197456
  3 ->  12 =   0.071544

 -------------------------------------------------------------
 Excitation n.   4:   6.222152 eV  f = 0.0000  <S**2> = 2.0000
 -------------------------------------------------------------
  2 ->   4 =  -0.476762
  2 ->   5 =   0.481716
  2 ->   9 =   0.164618
  3 ->  13 =  -0.102086

 -------------------------------------------------------------
 Excitation n.   5:   6.222152 eV  f = 0.0000  <S**2> = 2.0000
 -------------------------------------------------------------
  2 ->   4 =  -0.481716
  2 ->   5 =  -0.476762
  2 ->  10 =  -0.164618
  3 ->  14 =  -0.102086

 -------------------------------------------------------------
 Excitation n.   6:   7.075074 eV  f = 0.0000  <S**2> = 2.0000
 -------------------------------------------------------------
  2 ->   6 =   0.618647
  2 ->   8 =  -0.209229
  3 ->  11 =   0.252466

 -------------------------------------------------------------
 Excitation n.   7:  10.026200 eV  f = 0.0000  <S**2> = 2.0000
 -------------------------------------------------------------
  2 ->   6 =   0.168607
  2 ->   8 =   0.315280
  2 ->  12 =  -0.099776
  3 ->   7 =  -0.551956
  3 ->  11 =  -0.236814

 -------------------------------------------------------------
 Excitation n.   8:  10.188967 eV  f = 0.0000  <S**2> = 2.0000
 -------------------------------------------------------------
  2 ->   7 =   0.374850
  2 ->  11 =   0.220555
  3 ->   6 =  -0.191664
  3 ->   8 =  -0.511869
  3 ->  12 =   0.101715

 -------------------------------------------------------------
 Excitation n.   9:  12.630868 eV  f = 0.0000  <S**2> = 2.0000
 -------------------------------------------------------------
  3 ->   4 =  -0.155756
  3 ->   9 =  -0.681142

 -------------------------------------------------------------
 Excitation n.  10:  12.630868 eV  f = 0.0000  <S**2> = 2.0000
 -------------------------------------------------------------
  3 ->   5 =   0.155756
  3 ->  10 =  -0.681142

Thomas-Reiche-Kuhn sum rule =   0.000000


 *** dynamical TDA activated ***

 ---------------------------------------------------------------------------------------------------
  First-order dynamical correction to static Bethe-Salpeter excitation energies                     
 ---------------------------------------------------------------------------------------------------
  BSE neutral excitation must be lower than the GT gap =  12.379661 eV
 ---------------------------------------------------------------------------------------------------
      #          Static (eV)         Dynamic (eV)      Correction (eV)         Renorm. (eV)
 ---------------------------------------------------------------------------------------------------
      1            5.212162            5.131549           -0.080613            1.002855
      2            5.212162            5.131549           -0.080613            1.002855
      3            5.986864            5.853675           -0.133189            1.007426
      4            6.222152            6.080314           -0.141837            1.004242
      5            6.222152            6.080314           -0.141837            1.004242
      6            7.075074            6.913028           -0.162046            1.007880
      7           10.026200            9.950789           -0.075411            1.006256
      8           10.188967           10.119673           -0.069294            1.005745
      9           12.630868           12.591358           -0.039510            1.003012
     10           12.630868           12.591358           -0.039510            1.003012
 ---------------------------------------------------------------------------------------------------


 -------------------------------------------------------------------------------
          Tr@BSE@G0T0 correlation energy (singlet) =       -0.0071683873 au
          Tr@BSE@G0T0 correlation energy (triplet) =       -0.0077439947 au
          Tr@BSE@G0T0 correlation energy           =       -0.0149123820 au
          Tr@BSE@G0T0 total energy                 =      -15.7533731526 au
 -------------------------------------------------------------------------------

                                       Total CPU time for G0T0 =      2.695 seconds

                                      Total CPU time for QuAcK =      3.829 seconds

