78 significant shell pairs computed in 0.000101 seconds
0
Computed Electron repulsion integrals Integrals in parallel in 0.276146 seconds

 ******************************************************************************************
 *            QuAcK                       QuAcK                         QuAcK             *
 *   __        __        __       __        __        __       __        __        __     *
 * <(o )___  <(o )___  <(o )___ <(o )___  <(o )___  <(o )___ <(o )___  <(o )___  <(o )___ *
 * ( ._> /   ( ._> /   ( ._> /  ( ._> /   ( ._> /   ( ._> /  ( ._> /   ( ._> /   ( ._> /  *
 *|--------------------------------------------------------------------------------------|*
 ******************************************************************************************

      ----------------------
             Number of atoms                3
      ----------------------

      ----------------------
Number of spin-up   electron                3
Number of spin-down electron                3
    Total number of electron                6
      ----------------------

      ----------------------
Number of core      electron                0
Number of Rydberg   electron                0
      ----------------------

          ------------------
          Molecular geometry
          ------------------
                    Atom n.                 1
                        Z =      4.0000000000
           Atom coordinates:     0.0000000000    0.0000000000    0.0000000000
                    Atom n.                 2
                        Z =      1.0000000000
           Atom coordinates:     0.0000000000    0.0000000000    2.8345891882
                    Atom n.                 3
                        Z =      1.0000000000
           Atom coordinates:     0.0000000000    0.0000000000   -2.8345891882

          ------------------
 Nuclear repulsion energy =      2.9986708604
          ------------------

          Gaussian basis set
          ------------------
                    Atom n.                 1
           number of shells                 6
          ------------------
      s-type shell with K =                 9
                                    Exponents     Contraction
                              2940.0000000000    0.0006800000
                               441.2000000000    0.0052360000
                               100.5000000000    0.0266060000
                                28.4300000000    0.0999930000
                                 9.1690000000    0.2697020000
                                 3.1960000000    0.4514690000
                                 1.1590000000    0.2950740000
                                 0.1811000000    0.0125870000
                                 0.0589000000   -0.0037560000
      s-type shell with K =                 9
                                    Exponents     Contraction
                              2940.0000000000   -0.0001230000
                               441.2000000000   -0.0009660000
                               100.5000000000   -0.0048310000
                                28.4300000000   -0.0193140000
                                 9.1690000000   -0.0532800000
                                 3.1960000000   -0.1207230000
                                 1.1590000000   -0.1334350000
                                 0.1811000000    0.5307670000
                                 0.0589000000    0.5801170000
      s-type shell with K =                 1
                                    Exponents     Contraction
                                 0.0589000000    1.0000000000
      p-type shell with K =                 4
                                    Exponents     Contraction
                                 3.6190000000    0.0291110000
                                 0.7110000000    0.1693650000
                                 0.1951000000    0.5134580000
                                 0.0601800000    0.4793380000
      p-type shell with K =                 1
                                    Exponents     Contraction
                                 0.0601800000    1.0000000000
      d-type shell with K =                 1
                                    Exponents     Contraction
                                 0.2354000000    1.0000000000
          ------------------
                    Atom n.                 2
           number of shells                 3
          ------------------
      s-type shell with K =                 4
                                    Exponents     Contraction
                                13.0100000000    0.0196850000
                                 1.9620000000    0.1379770000
                                 0.4446000000    0.4781480000
                                 0.1220000000    0.5012400000
      s-type shell with K =                 1
                                    Exponents     Contraction
                                 0.1220000000    1.0000000000
      p-type shell with K =                 1
                                    Exponents     Contraction
                                 0.7270000000    1.0000000000
          ------------------
                    Atom n.                 3
           number of shells                 3
          ------------------
      s-type shell with K =                 4
                                    Exponents     Contraction
                                13.0100000000    0.0196850000
                                 1.9620000000    0.1379770000
                                 0.4446000000    0.4781480000
                                 0.1220000000    0.5012400000
      s-type shell with K =                 1
                                    Exponents     Contraction
                                 0.1220000000    1.0000000000
      p-type shell with K =                 1
                                    Exponents     Contraction
                                 0.7270000000    1.0000000000
          ------------------
            Number of shells               12
          ------------------

          ------------------
   Number of basis functions               25
          ------------------

 Scaling integrals by    1.0000000000000000     

                          Total CPU time for reading integrals =      0.022 seconds


 ************************************************
 |    Restricted Hartree-Fock calculation       |
 ************************************************


 ----------------------------------------------------
 | RHF calculation                                  |
 ----------------------------------------------------
 |   # |        HF energy |       Conv |     HL Gap |
 ----------------------------------------------------
 |   1 |   -15.8144864736 |   0.169325 |   1.480559 |
 |   2 |   -15.8034691545 |   0.073662 |   1.491716 |
 |   3 |   -15.7873841524 |   0.045335 |   1.492648 |
 |   4 |   -15.7758311018 |   0.030795 |   1.491813 |
 |   5 |   -15.7683763178 |   0.021256 |   1.490976 |
 |   6 |   -15.7636546430 |   0.014697 |   1.490381 |
 |   7 |   -15.7606532159 |   0.010205 |   1.489990 |
 |   8 |   -15.7587275427 |   0.007122 |   1.489734 |
 |   9 |   -15.7574795099 |   0.004998 |   1.489565 |
 |  10 |   -15.7566628819 |   0.003526 |   1.489452 |
 |  11 |   -15.7561238633 |   0.002500 |   1.489375 |
 |  12 |   -15.7557652803 |   0.001780 |   1.489322 |
 |  13 |   -15.7555250420 |   0.001272 |   1.489286 |
 |  14 |   -15.7553630618 |   0.000912 |   1.489260 |
 |  15 |   -15.7552532158 |   0.000656 |   1.489242 |
 |  16 |   -15.7551783342 |   0.000473 |   1.489229 |
 |  17 |   -15.7551270450 |   0.000342 |   1.489220 |
 |  18 |   -15.7550917637 |   0.000248 |   1.489214 |
 |  19 |   -15.7550673992 |   0.000180 |   1.489209 |
 |  20 |   -15.7550505138 |   0.000130 |   1.489206 |
 |  21 |   -15.7550387741 |   0.000095 |   1.489204 |
 |  22 |   -15.7550305883 |   0.000069 |   1.489202 |
 |  23 |   -15.7550248657 |   0.000050 |   1.489201 |
 |  24 |   -15.7550208556 |   0.000037 |   1.489200 |
 |  25 |   -15.7550180396 |   0.000027 |   1.489200 |
 |  26 |   -15.7550160583 |   0.000019 |   1.489199 |
 |  27 |   -15.7550146620 |   0.000014 |   1.489199 |
 |  28 |   -15.7550136764 |   0.000010 |   1.489199 |
 |  29 |   -15.7550129798 |   0.000008 |   1.489199 |
 |  30 |   -15.7550124868 |   0.000006 |   1.489199 |
 |  31 |   -15.7550121376 |   0.000004 |   1.489198 |
 |  32 |   -15.7550118899 |   0.000003 |   1.489198 |
 |  33 |   -15.7550117141 |   0.000002 |   1.489198 |
 |  34 |   -15.7550115893 |   0.000002 |   1.489198 |
 |  35 |   -15.7550115005 |   0.000001 |   1.489198 |
 |  36 |   -15.7550114374 |   0.000001 |   1.489198 |
 |  37 |   -15.7550113925 |   0.000001 |   1.489198 |
 |  38 |   -15.7550113605 |   0.000000 |   1.489198 |
 |  39 |   -15.7550113377 |   0.000000 |   1.489198 |
 |  40 |   -15.7550113215 |   0.000000 |   1.489198 |
 |  41 |   -15.7550113099 |   0.000000 |   1.489198 |
 |  42 |   -15.7550113017 |   0.000000 |   1.489198 |
 |  43 |   -15.7550113196 |   0.000000 |   0.489198 |
 ----------------------------------------------------

         -----------------------------------------
           Summary              
         -----------------------------------------
           One-electron energy:    -26.2831750093 au
           Kinetic      energy:     15.5099098112 au
           Potential    energy:    -41.7930848205 au
         -----------------------------------------
           Two-electron energy:      7.5294928292 au
           Hartree      energy:     10.9086055839 au
           Exchange     energy:     -3.3791127547 au
         -----------------------------------------
           Electronic   energy:    -18.7536821801 au
           Nuclear   repulsion:      2.9986708604 au
           RHF          energy:    -15.7550113196 au
         -----------------------------------------
           HF HOMO      energy:        -11.561066 eV
           HF LUMO      energy:          1.750698 eV
           HF HOMO-LUMO gap   :         13.311764 eV
         -----------------------------------------
          Dipole moment (Debye)    
                   X         Y         Z      Tot.
            0.000000  0.000000  0.000000  0.000000
         -----------------------------------------

           ---------------------------------------
                 MO coefficients
           ---------------------------------------
                 1              2              3              4              5
      1     1.00110414     0.02151049     0.00000000     0.00000000     0.00000000
      2     0.01148383    -0.69948313     0.00000000     0.00000000     0.00000000
      3    -0.00446168     0.21347444     0.00000000     0.00000000     0.00000000
      4     0.00000000     0.00000000     0.00000000    -0.40927188    -0.08886344
      5     0.00000000     0.00000000     0.00000000    -0.08886344     0.40927188
      6     0.00000000     0.00000000     0.58848905     0.00000000     0.00000000
      7     0.00000000     0.00000000     0.00000000    -0.60030500    -0.13034164
      8     0.00000000     0.00000000     0.00000000    -0.13034164     0.60030500
      9     0.00000000     0.00000000    -0.15584777     0.00000000     0.00000000
     10    -0.00306130     0.02442745     0.00000000     0.00000000     0.00000000
     11     0.00000000     0.00000000     0.00000000     0.00000000     0.00000000
     12     0.00000000     0.00000000     0.00000000     0.00000000     0.00000000
     13    -0.00306130     0.02442745     0.00000000     0.00000000     0.00000000
     14     0.00000000     0.00000000     0.00000000     0.00000000     0.00000000
     15    -0.00304406    -0.04806350     0.00000000     0.00000000     0.00000000
     16     0.00175195    -0.43680831     0.50456478     0.00000000     0.00000000
     17    -0.00056360     0.04070036    -0.08043354     0.00000000     0.00000000
     18     0.00000000     0.00000000     0.00000000    -0.01002312    -0.00217628
     19     0.00000000     0.00000000     0.00000000    -0.00217628     0.01002312
     20    -0.00065369     0.01296797    -0.01193127     0.00000000     0.00000000
     21     0.00175195    -0.43680831    -0.50456478     0.00000000     0.00000000
     22    -0.00056360     0.04070036     0.08043354     0.00000000     0.00000000
     23     0.00000000     0.00000000     0.00000000    -0.01002312    -0.00217628
     24     0.00000000     0.00000000     0.00000000    -0.00217628     0.01002312
     25     0.00065369    -0.01296797    -0.01193127     0.00000000     0.00000000
                 6              7              8              9             10
      1    -0.11696767     0.00000000    -0.53658785     0.00000000     0.00000000
      2    -0.13678044     0.00000000    -2.80238075     0.00000000     0.00000000
      3     2.08571315     0.00000000     2.92904659     0.00000000     0.00000000
      4     0.00000000     0.00000000     0.00000000     0.14272563     1.87963934
      5     0.00000000     0.00000000     0.00000000    -1.87963934     0.14272563
      6     0.00000000    -0.45724256     0.00000000     0.00000000     0.00000000
      7     0.00000000     0.00000000     0.00000000    -0.13922281    -1.83350860
      8     0.00000000     0.00000000     0.00000000     1.83350860    -0.13922281
      9     0.00000000     2.67904941     0.00000000     0.00000000     0.00000000
     10    -0.03790405     0.00000000    -0.24002001     0.00000000     0.00000000
     11     0.00000000     0.00000000     0.00000000     0.00000000     0.00000000
     12     0.00000000     0.00000000     0.00000000     0.00000000     0.00000000
     13    -0.03790405     0.00000000    -0.24002001     0.00000000     0.00000000
     14     0.00000000     0.00000000     0.00000000     0.00000000     0.00000000
     15     0.00613554     0.00000000    -0.23836085     0.00000000     0.00000000
     16    -0.29360421    -0.10012198     0.05357652     0.00000000     0.00000000
     17    -0.85482723    -1.30497269     0.30016699     0.00000000     0.00000000
     18     0.00000000     0.00000000     0.00000000     0.00151672     0.01997459
     19     0.00000000     0.00000000     0.00000000    -0.01997459     0.00151672
     20     0.01424790     0.01781692    -0.00321916     0.00000000     0.00000000
     21    -0.29360421     0.10012198     0.05357652     0.00000000     0.00000000
     22    -0.85482723     1.30497269     0.30016699     0.00000000     0.00000000
     23     0.00000000     0.00000000     0.00000000     0.00151672     0.01997459
     24     0.00000000     0.00000000     0.00000000    -0.01997459     0.00151672
     25    -0.01424790     0.01781692     0.00321916     0.00000000     0.00000000
                11             12             13             14             15
      1     0.00000000    -0.04018346     0.00000000     0.00000000     0.00000000
      2     0.00000000     0.14376634     0.00000000     0.00000000     0.00000000
      3     0.00000000    -1.84205688     0.00000000     0.00000000     0.00000000
      4     0.00000000     0.00000000     0.00000000     0.00000000     0.00000000
      5     0.00000000     0.00000000     0.00000000     0.00000000     0.00000000
      6     1.99974781     0.00000000     0.00000000     0.00000000     0.00000000
      7     0.00000000     0.00000000     0.00000000     0.00000000     0.00000000
      8     0.00000000     0.00000000     0.00000000     0.00000000     0.00000000
      9     0.51352649     0.00000000     0.00000000     0.00000000     0.00000000
     10     0.00000000     0.41466118     0.00000000     0.00000000    -0.86602530
     11     0.00000000     0.00000000     0.00000000     0.00000000    -0.00048753
     12     0.00000000     0.00000000     0.27418829     0.92298119     0.00000000
     13     0.00000000     0.41466118     0.00000000     0.00000000     0.86602530
     14     0.00000000     0.00000000     0.92298119    -0.27418829     0.00000000
     15     0.00000000    -1.04856344     0.00000000     0.00000000     0.00000000
     16    -0.02272655    -0.70770958     0.00000000     0.00000000     0.00000000
     17    -1.90041562     2.06268622     0.00000000     0.00000000     0.00000000
     18     0.00000000     0.00000000     0.01465715     0.04933935     0.00000000
     19     0.00000000     0.00000000     0.04933935    -0.01465715     0.00000000
     20    -0.03692890    -0.10556978     0.00000000     0.00000000     0.00000000
     21     0.02272655    -0.70770958     0.00000000     0.00000000     0.00000000
     22     1.90041562     2.06268622     0.00000000     0.00000000     0.00000000
     23     0.00000000     0.00000000    -0.01465715    -0.04933935     0.00000000
     24     0.00000000     0.00000000    -0.04933935     0.01465715     0.00000000
     25    -0.03692890     0.10556978     0.00000000     0.00000000     0.00000000
                16             17             18             19             20
      1     0.00000000     0.00000000    -0.38259962    -0.31260984     0.00000000
      2     0.00000000     0.00000000    -3.66695855    -2.46711182     0.00000000
      3     0.00000000     0.00000000     1.24648598     0.84254889     0.00000000
      4     0.00000000     0.00000000     0.00000000     0.00000000     0.32902548
      5     0.00000000     0.00000000     0.00000000     0.00000000     0.02919457
      6     0.00000000    -0.41195586     0.00000000     0.00000000     0.00000000
      7     0.00000000     0.00000000     0.00000000     0.00000000    -0.08358799
      8     0.00000000     0.00000000     0.00000000     0.00000000    -0.00741680
      9     0.00000000     1.99634603     0.00000000     0.00000000     0.00000000
     10     0.00042221     0.00000000     1.40826797     0.38379141     0.00000000
     11    -0.99999988     0.00000000     0.00000000     0.00000000     0.00000000
     12     0.00000000     0.00000000     0.00000000     0.00000000     0.00000000
     13    -0.00042221     0.00000000     1.40826797     0.38379141     0.00000000
     14     0.00000000     0.00000000     0.00000000     0.00000000     0.00000000
     15     0.00000000     0.00000000     0.75065990     2.08987307     0.00000000
     16     0.00000000     1.92155527     0.56784106    -1.76247659     0.00000000
     17     0.00000000    -3.14402247    -0.47128215     1.12103715     0.00000000
     18     0.00000000     0.00000000     0.00000000     0.00000000    -0.72356523
     19     0.00000000     0.00000000     0.00000000     0.00000000    -0.06420225
     20     0.00000000     0.02380447     0.13404707    -0.14310788     0.00000000
     21     0.00000000    -1.92155527     0.56784106    -1.76247659     0.00000000
     22     0.00000000     3.14402247    -0.47128215     1.12103715     0.00000000
     23     0.00000000     0.00000000     0.00000000     0.00000000    -0.72356523
     24     0.00000000     0.00000000     0.00000000     0.00000000    -0.06420225
     25     0.00000000     0.02380447    -0.13404707     0.14310788     0.00000000
                21             22             23             24             25
      1     0.00000000     0.00000000     0.00000000     0.00000000     0.35349064
      2     0.00000000     0.00000000     0.00000000     0.00000000     1.78849949
      3     0.00000000     0.00000000     0.00000000     0.00000000    -0.48183730
      4    -0.02919457     0.00000000     0.00000000     0.00000000     0.00000000
      5     0.32902548     0.00000000     0.00000000     0.00000000     0.00000000
      6     0.00000000     0.00000000     0.00000000    -1.82759688     0.00000000
      7     0.00741680     0.00000000     0.00000000     0.00000000     0.00000000
      8    -0.08358799     0.00000000     0.00000000     0.00000000     0.00000000
      9     0.00000000     0.00000000     0.00000000     0.32445747     0.00000000
     10     0.00000000     0.00000000     0.00000000     0.00000000    -0.53728637
     11     0.00000000     0.00000000     0.00000000     0.00000000     0.00000000
     12     0.00000000    -0.56630935    -0.23584174     0.00000000     0.00000000
     13     0.00000000     0.00000000     0.00000000     0.00000000    -0.53728637
     14     0.00000000     0.23584174    -0.56630935     0.00000000     0.00000000
     15     0.00000000     0.00000000     0.00000000     0.00000000     2.04670975
     16     0.00000000     0.00000000     0.00000000     0.11459446    -1.60080969
     17     0.00000000     0.00000000     0.00000000     0.93274080    -0.05001262
     18     0.06420225     0.74372446     0.30972696     0.00000000     0.00000000
     19    -0.72356523    -0.30972696     0.74372446     0.00000000     0.00000000
     20     0.00000000     0.00000000     0.00000000    -0.88731050     1.04184111
     21     0.00000000     0.00000000     0.00000000    -0.11459446    -1.60080969
     22     0.00000000     0.00000000     0.00000000    -0.93274080    -0.05001262
     23     0.06420225    -0.74372446    -0.30972696     0.00000000     0.00000000
     24    -0.72356523     0.30972696    -0.74372446     0.00000000     0.00000000
     25     0.00000000     0.00000000     0.00000000    -0.88731050    -1.04184111

           ---------------------------------------
                     MO energies
           ---------------------------------------
                 1
      1    -4.71613698
      2    -0.47109634
      3    -0.42486135
      4     0.06433695
      5     0.06433695
      6     0.14048562
      7     0.20114184
      8     0.28424583
      9     0.35410399
     10     0.35410399
     11     0.46046666
     12     0.59626810
     13     0.60746798
     14     0.60746798
     15     0.63856232
     16     0.63856232
     17     1.01233504
     18     1.11062554
     19     1.47295737
     20     1.62429996
     21     1.62429996
     22     1.90009036
     23     1.90009036
     24     2.17003304
     25     2.41087463

                                        Total CPU time for RHF =      0.350 seconds


 AO to MO transformation... Please be patient

                    Total CPU time for AO to MO transformation =      0.673 seconds


 ************************************************
 |          One-shot G0W0 calculation           |
 ************************************************


 -------------------------------------------------------------
   RPA@HF       calculation: singlet        manifold
 -------------------------------------------------------------
 | State |  Excitation energy (au) |  Excitation energy (eV) |
 -------------------------------------------------------------
 |     1 |                0.504003 |               13.714629 |
 |     2 |                0.504003 |               13.714629 |
 |     3 |                0.576267 |               15.681024 |
 |     4 |                0.576267 |               15.681024 |
 |     5 |                0.611088 |               16.628550 |
 |     6 |                0.632389 |               17.208168 |
 |     7 |                0.668593 |               18.193333 |
 |     8 |                0.691392 |               18.813740 |
 |     9 |                0.737076 |               20.056854 |
 |    10 |                0.790720 |               21.516588 |
 |    11 |                0.790720 |               21.516588 |
 |    12 |                0.793749 |               21.599005 |
 |    13 |                0.861061 |               23.430651 |
 |    14 |                0.861061 |               23.430651 |
 |    15 |                0.990316 |               26.947881 |
 |    16 |                0.997376 |               27.139996 |
 |    17 |                1.072415 |               29.181910 |
 |    18 |                1.072415 |               29.181910 |
 |    19 |                1.093814 |               29.764190 |
 |    20 |                1.120526 |               30.491062 |
 -------------------------------------------------------------

  *** Quasiparticle energies obtained by linearization *** 

 -------------------------------------------------------------------------------
   One-shot G0W0 calculation
 -------------------------------------------------------------------------------
 |   # |       e_HF (eV) |      Sig_c (eV) |               Z |       e_QP (eV) |
 -------------------------------------------------------------------------------
 |   1 |     -128.332624 |        3.889602 |        0.905719 |     -124.809737 |
 |   2 |      -12.819184 |        0.032332 |        0.942120 |      -12.788724 |
 |   3 |      -11.561066 |        0.007197 |        0.943266 |      -11.554278 |
 |   4 |        1.750698 |       -0.412076 |        0.981863 |        1.346095 |
 |   5 |        1.750698 |       -0.412076 |        0.981863 |        1.346095 |
 |   6 |        3.822808 |       -0.466138 |        0.975190 |        3.368235 |
 |   7 |        5.473348 |       -0.127434 |        0.993388 |        5.346757 |
 |   8 |        7.734723 |       -0.532150 |        0.973358 |        7.216751 |
 |   9 |        9.635660 |       -1.000991 |        0.956600 |        8.678112 |
 |  10 |        9.635660 |       -1.000991 |        0.956600 |        8.678112 |
 |  11 |       12.529936 |       -0.798589 |        0.951236 |       11.770290 |
 |  12 |       16.225282 |       -1.132701 |        0.847709 |       15.265081 |
 |  13 |       16.530046 |       -0.769526 |        0.903405 |       15.834852 |
 |  14 |       16.530046 |       -0.769526 |        0.903405 |       15.834852 |
 |  15 |       17.376166 |      -24.455354 |        0.002353 |       17.318628 |
 |  16 |       17.376166 |      -24.455354 |        0.002353 |       17.318628 |
 |  17 |       27.547040 |       -2.608520 |        0.481092 |       26.292100 |
 |  18 |       30.221660 |       -1.606018 |        0.079081 |       30.094655 |
 |  19 |       40.081212 |       -4.294473 |        0.018128 |       40.003363 |
 |  20 |       44.199453 |       -1.613264 |        0.403156 |       43.549057 |
 |  21 |       44.199453 |       -1.613264 |        0.403156 |       43.549057 |
 |  22 |       51.704092 |       -2.115046 |        0.453172 |       50.745613 |
 |  23 |       51.704092 |       -2.115046 |        0.453172 |       50.745613 |
 |  24 |       59.049607 |        3.988444 |        0.040389 |       59.210695 |
 |  25 |       65.603240 |       -2.181866 |        0.389299 |       64.753841 |
 -------------------------------------------------------------------------------
          G0W0 HOMO      energy:     -11.554278 eV
          G0W0 LUMO      energy:       1.346095 eV
          G0W0 HOMO-LUMO gap   :      12.900373 eV
 -------------------------------------------------------------------------------
    RPA@G0W0 total energy      :     -15.842859 au
    RPA@G0W0 correlation energy:      -0.087848 au
    GM@G0W0  total energy      :     -15.914227 au
    GM@G0W0  correlation energy:      -0.159215 au
 -------------------------------------------------------------------------------


 -------------------------------------------------------------
   BSE@GW       calculation: singlet        manifold
 -------------------------------------------------------------
 | State |  Excitation energy (au) |  Excitation energy (eV) |
 -------------------------------------------------------------
 |     1 |                0.240054 |                6.532213 |
 |     2 |                0.240054 |                6.532213 |
 |     3 |                0.317939 |                8.651560 |
 |     4 |                0.317939 |                8.651560 |
 |     5 |                0.363047 |                9.879022 |
 |     6 |                0.397686 |               10.821589 |
 |     7 |                0.449876 |               12.241751 |
 |     8 |                0.450857 |               12.268451 |
 |     9 |                0.489600 |               13.322689 |
 |    10 |                0.489600 |               13.322689 |
 |    11 |                0.500083 |               13.607938 |
 |    12 |                0.536789 |               14.606762 |
 |    13 |                0.546919 |               14.882415 |
 |    14 |                0.546919 |               14.882415 |
 |    15 |                0.643862 |               17.520366 |
 |    16 |                0.659738 |               17.952374 |
 |    17 |                0.771611 |               20.996614 |
 |    18 |                0.771611 |               20.996614 |
 |    19 |                0.786131 |               21.391704 |
 |    20 |                0.787832 |               21.438009 |
 -------------------------------------------------------------

 ---------------------------------------------------------------
                 Transition dipole moment (au)                  
 ---------------------------------------------------------------
  #           X           Y           Z   dip. str.   osc. str.
 ---------------------------------------------------------------
  1    0.000000    0.000000   -0.000000    0.000000    0.000000
  2   -0.000000   -0.000000   -0.000000    0.000000    0.000000
  3    1.301376    0.516531    0.000000    1.960384    0.415522
  4    0.516531   -1.301376    0.000000    1.960384    0.415522
  5    0.000000   -0.000000   -1.497737    2.243217    0.542929
  6    0.000000   -0.000000    0.000000    0.000000    0.000000
  7    0.000000    0.000000    0.000000    0.000000    0.000000
  8    0.000000    0.000000    1.230175    1.513332    0.454864
  9   -0.000000    0.000000    0.000000    0.000000    0.000000
 10   -0.000000   -0.000000    0.000000    0.000000    0.000000
 ---------------------------------------------------------------

 -------------------------------------------------------------
 Excitation n.   1:   6.532213 eV  f = 0.0000  <S**2> = 0.0000
 -------------------------------------------------------------
  3 ->   4 =   0.694693
  3 ->  10 =  -0.129933

 -------------------------------------------------------------
 Excitation n.   2:   6.532213 eV  f = 0.0000  <S**2> = 0.0000
 -------------------------------------------------------------
  3 ->   5 =   0.694693
  3 ->   9 =  -0.129933

 -------------------------------------------------------------
 Excitation n.   3:   8.651560 eV  f = 0.4155  <S**2> = 0.0000
 -------------------------------------------------------------
  2 ->   4 =   0.695234
  2 ->   5 =  -0.115076
  2 ->  10 =  -0.076974

 -------------------------------------------------------------
 Excitation n.   4:   8.651560 eV  f = 0.4155  <S**2> = 0.0000
 -------------------------------------------------------------
  2 ->   4 =   0.115076
  2 ->   5 =   0.695234
  2 ->   9 =  -0.076974

 -------------------------------------------------------------
 Excitation n.   5:   9.879022 eV  f = 0.5429  <S**2> = 0.0000
 -------------------------------------------------------------
  3 ->   6 =   0.699531
  3 ->   8 =  -0.110153

 -------------------------------------------------------------
 Excitation n.   6:  10.821589 eV  f = 0.0000  <S**2> = 0.0000
 -------------------------------------------------------------
  2 ->   6 =  -0.705528

 -------------------------------------------------------------
 Excitation n.   7:  12.241751 eV  f = 0.0000  <S**2> = 0.0000
 -------------------------------------------------------------
  3 ->   7 =   0.704954

 -------------------------------------------------------------
 Excitation n.   8:  12.268451 eV  f = 0.4549  <S**2> = 0.0000
 -------------------------------------------------------------
  2 ->   7 =  -0.392266
  3 ->   6 =   0.108683
  3 ->   8 =   0.574375

 -------------------------------------------------------------
 Excitation n.   9:  13.322689 eV  f = 0.0000  <S**2> = 0.0000
 -------------------------------------------------------------
  3 ->   5 =  -0.115586
  3 ->   9 =  -0.557075
  3 ->  10 =  -0.414704

 -------------------------------------------------------------
 Excitation n.  10:  13.322689 eV  f = 0.0000  <S**2> = 0.0000
 -------------------------------------------------------------
  3 ->   4 =  -0.115586
  3 ->   9 =   0.414704
  3 ->  10 =  -0.557075

Thomas-Reiche-Kuhn sum rule =   1.828837


 *** dynamical TDA activated ***

 ---------------------------------------------------------------------------------------------------
  First-order dynamical correction to static Bethe-Salpeter excitation energies                     
 ---------------------------------------------------------------------------------------------------
  BSE neutral excitation must be lower than the GW gap =  12.900373 eV
 ---------------------------------------------------------------------------------------------------
      #          Static (eV)         Dynamic (eV)      Correction (eV)         Renorm. (eV)
 ---------------------------------------------------------------------------------------------------
      1            6.532213            6.436099           -0.096115            1.009377
      2            6.532213            6.436099           -0.096115            1.009377
      3            8.651560            8.572433           -0.079127            1.010333
      4            8.651560            8.572433           -0.079127            1.010333
      5            9.879022            9.804277           -0.074745            1.011450
      6           10.821589           10.755728           -0.065862            1.010161
      7           12.241751           12.205498           -0.036253            1.005833
      8           12.268451           12.152493           -0.115958            1.012973
      9           13.322689           13.211658           -0.111030            1.010092
     10           13.322689           13.211658           -0.111030            1.010092
 ---------------------------------------------------------------------------------------------------


 -------------------------------------------------------------
   BSE@GW       calculation: triplet        manifold
 -------------------------------------------------------------
 | State |  Excitation energy (au) |  Excitation energy (eV) |
 -------------------------------------------------------------
 |     1 |                0.211645 |                5.759148 |
 |     2 |                0.211645 |                5.759148 |
 |     3 |                0.246686 |                6.712663 |
 |     4 |                0.246686 |                6.712663 |
 |     5 |                0.267427 |                7.277059 |
 |     6 |                0.308973 |                8.407576 |
 |     7 |                0.384655 |               10.467002 |
 |     8 |                0.395565 |               10.763864 |
 |     9 |                0.478341 |               13.016334 |
 |    10 |                0.478341 |               13.016334 |
 |    11 |                0.489538 |               13.321006 |
 |    12 |                0.490632 |               13.350788 |
 |    13 |                0.515529 |               14.028254 |
 |    14 |                0.515529 |               14.028254 |
 |    15 |                0.575907 |               15.671239 |
 |    16 |                0.613392 |               16.691237 |
 |    17 |                0.695575 |               18.927558 |
 |    18 |                0.695575 |               18.927558 |
 |    19 |                0.704276 |               19.164330 |
 |    20 |                0.737631 |               20.071960 |
 -------------------------------------------------------------

 -------------------------------------------------------------
 Excitation n.   1:   5.759148 eV  f = 0.0000  <S**2> = 2.0000
 -------------------------------------------------------------
  3 ->   4 =  -0.145010
  3 ->   5 =  -0.669357
  3 ->   9 =   0.150255

 -------------------------------------------------------------
 Excitation n.   2:   5.759148 eV  f = 0.0000  <S**2> = 2.0000
 -------------------------------------------------------------
  3 ->   4 =  -0.669357
  3 ->   5 =   0.145010
  3 ->  10 =   0.150255

 -------------------------------------------------------------
 Excitation n.   3:   6.712663 eV  f = 0.0000  <S**2> = 2.0000
 -------------------------------------------------------------
  2 ->   4 =   0.676515
  2 ->   5 =  -0.073106
  2 ->  10 =  -0.168762
  3 ->  14 =   0.076725

 -------------------------------------------------------------
 Excitation n.   4:   6.712663 eV  f = 0.0000  <S**2> = 2.0000
 -------------------------------------------------------------
  2 ->   4 =  -0.073106
  2 ->   5 =  -0.676515
  2 ->   9 =   0.168762
  3 ->  13 =   0.076725

 -------------------------------------------------------------
 Excitation n.   5:   7.277059 eV  f = 0.0000  <S**2> = 2.0000
 -------------------------------------------------------------
  2 ->  11 =  -0.123221
  3 ->   6 =   0.659471
  3 ->   8 =  -0.203214
  3 ->  12 =   0.086307

 -------------------------------------------------------------
 Excitation n.   6:   8.407576 eV  f = 0.0000  <S**2> = 2.0000
 -------------------------------------------------------------
  2 ->   6 =  -0.645334
  2 ->   8 =   0.208121
  2 ->  12 =  -0.085267
  3 ->  11 =   0.165717

 -------------------------------------------------------------
 Excitation n.   7:  10.467002 eV  f = 0.0000  <S**2> = 2.0000
 -------------------------------------------------------------
  2 ->   6 =   0.081075
  2 ->   8 =   0.309717
  2 ->  12 =   0.073123
  3 ->   7 =  -0.591691
  3 ->  11 =   0.205088

 -------------------------------------------------------------
 Excitation n.   8:  10.763864 eV  f = 0.0000  <S**2> = 2.0000
 -------------------------------------------------------------
  2 ->   7 =  -0.401388
  2 ->  11 =   0.185292
  3 ->   6 =   0.158357
  3 ->   8 =   0.522350
  3 ->  12 =   0.079064

 -------------------------------------------------------------
 Excitation n.   9:  13.016334 eV  f = 0.0000  <S**2> = 2.0000
 -------------------------------------------------------------
  3 ->   4 =  -0.072734
  3 ->   5 =   0.149777
  3 ->   9 =   0.651136
  3 ->  10 =  -0.211489

 -------------------------------------------------------------
 Excitation n.  10:  13.016334 eV  f = 0.0000  <S**2> = 2.0000
 -------------------------------------------------------------
  3 ->   4 =  -0.149777
  3 ->   5 =  -0.072734
  3 ->   9 =  -0.211489
  3 ->  10 =  -0.651136

Thomas-Reiche-Kuhn sum rule =   0.000000


 *** dynamical TDA activated ***

 ---------------------------------------------------------------------------------------------------
  First-order dynamical correction to static Bethe-Salpeter excitation energies                     
 ---------------------------------------------------------------------------------------------------
  BSE neutral excitation must be lower than the GW gap =  12.900373 eV
 ---------------------------------------------------------------------------------------------------
      #          Static (eV)         Dynamic (eV)      Correction (eV)         Renorm. (eV)
 ---------------------------------------------------------------------------------------------------
      1            5.759148            5.620627           -0.138521            1.010288
      2            5.759148            5.620627           -0.138521            1.010288
      3            6.712663            6.543410           -0.169252            1.012460
      4            6.712663            6.543410           -0.169252            1.012460
      5            7.277059            7.011155           -0.265905            1.016387
      6            8.407576            8.127480           -0.280096            1.017422
      7           10.467002           10.275792           -0.191210            1.013884
      8           10.763864           10.550333           -0.213531            1.015302
      9           13.016334           12.901870           -0.114464            1.009119
     10           13.016334           12.901870           -0.114464            1.009119
 ---------------------------------------------------------------------------------------------------


 -------------------------------------------------------------------------------
          Tr@BSE@G0W0 correlation energy (singlet) =       -0.0582705876
          Tr@BSE@G0W0 correlation energy (triplet) =       -0.0230713805
          Tr@BSE@G0W0 correlation energy           =       -0.0813419681
          Tr@BSE@G0W0 total energy                 =      -15.8363532877
 -------------------------------------------------------------------------------

                                       Total CPU time for G0W0 =      0.058 seconds


 ************************************************
 |          One-shot G0T0 calculation           |
 ************************************************


 -------------------------------------------------------------
   pp-RPA (N+2) calculation: alpha-beta     manifold
 -------------------------------------------------------------
 | State |  Excitation energy (au) |  Excitation energy (eV) |
 -------------------------------------------------------------
 |     1 |                0.330673 |                8.998078 |
 |     2 |                0.352995 |                9.605485 |
 |     3 |                0.352995 |                9.605485 |
 |     4 |                0.356306 |                9.695571 |
 |     5 |                0.381707 |               10.386782 |
 |     6 |                0.381707 |               10.386782 |
 |     7 |                0.438183 |               11.923555 |
 |     8 |                0.438183 |               11.923555 |
 |     9 |                0.455259 |               12.388240 |
 |    10 |                0.455259 |               12.388240 |
 |    11 |                0.456700 |               12.427438 |
 |    12 |                0.456700 |               12.427438 |
 |    13 |                0.508414 |               13.834657 |
 |    14 |                0.511898 |               13.929466 |
 |    15 |                0.530220 |               14.428028 |
 |    16 |                0.554481 |               15.088197 |
 |    17 |                0.554481 |               15.088197 |
 |    18 |                0.567515 |               15.442883 |
 |    19 |                0.567772 |               15.449868 |
 |    20 |                0.567772 |               15.449868 |
 -------------------------------------------------------------


 -------------------------------------------------------------
   pp-RPA (N-2) calculation: alpha-beta     manifold
 -------------------------------------------------------------
 | State |  Excitation energy (au) |  Excitation energy (eV) |
 -------------------------------------------------------------
 |     1 |              -11.708307 |             -318.599261 |
 |     2 |               -5.631256 |             -153.234284 |
 |     3 |               -5.605945 |             -152.545541 |
 |     4 |               -5.550143 |             -151.027074 |
 |     5 |               -5.541980 |             -150.804964 |
 |     6 |               -1.418146 |              -38.589712 |
 |     7 |               -1.412180 |              -38.427380 |
 |     8 |               -1.113272 |              -30.293670 |
 |     9 |               -1.112372 |              -30.269193 |
 -------------------------------------------------------------


 -------------------------------------------------------------
   pp-RPA (N+2) calculation: alpha-alpha    manifold
 -------------------------------------------------------------
 | State |  Excitation energy (au) |  Excitation energy (eV) |
 -------------------------------------------------------------
 |     1 |                0.330673 |                8.998078 |
 |     2 |                0.381707 |               10.386782 |
 |     3 |                0.381707 |               10.386782 |
 |     4 |                0.438183 |               11.923555 |
 |     5 |                0.438183 |               11.923555 |
 |     6 |                0.508414 |               13.834657 |
 |     7 |                0.554481 |               15.088197 |
 |     8 |                0.554481 |               15.088197 |
 |     9 |                0.603286 |               16.416249 |
 |    10 |                0.635451 |               17.291497 |
 |    11 |                0.635451 |               17.291497 |
 |    12 |                0.648330 |               17.641956 |
 |    13 |                0.665455 |               18.107940 |
 |    14 |                0.666976 |               18.149338 |
 |    15 |                0.715105 |               19.458988 |
 |    16 |                0.715105 |               19.458988 |
 |    17 |                0.730581 |               19.880118 |
 |    18 |                0.730581 |               19.880118 |
 |    19 |                0.754021 |               20.517950 |
 |    20 |                0.754021 |               20.517950 |
 -------------------------------------------------------------


 -------------------------------------------------------------
   pp-RPA (N-2) calculation: alpha-alpha    manifold
 -------------------------------------------------------------
 | State |  Excitation energy (au) |  Excitation energy (eV) |
 -------------------------------------------------------------
 |     1 |               -5.605945 |             -152.545541 |
 |     2 |               -5.541980 |             -150.804964 |
 |     3 |               -1.113272 |              -30.293670 |
 -------------------------------------------------------------

 -------------------------------------------------------------------------------
   One-shot G0T0 calculation (T-matrix self-energy)  
 -------------------------------------------------------------------------------
 |   # |       e_HF (eV) |    Sigma_T (eV) |               Z |       e_QP (eV) |
 -------------------------------------------------------------------------------
 |   1 |     -128.332624 |        2.882744 |        0.933466 |     -125.641680 |
 |   2 |      -12.819184 |        0.119573 |        0.980506 |      -12.701942 |
 |   3 |      -11.561066 |        0.122674 |        0.979691 |      -11.440884 |
 |   4 |        1.750698 |       -0.397684 |        0.988059 |        1.357763 |
 |   5 |        1.750698 |       -0.397684 |        0.988059 |        1.357763 |
 |   6 |        3.822808 |       -0.372827 |        0.987740 |        3.454552 |
 |   7 |        5.473348 |       -0.098348 |        0.996400 |        5.375354 |
 |   8 |        7.734723 |       -0.471718 |        0.983878 |        7.270610 |
 |   9 |        9.635660 |       -0.722570 |        0.976836 |        8.929829 |
 |  10 |        9.635660 |       -0.722570 |        0.976836 |        8.929829 |
 |  11 |       12.529936 |       -0.648996 |        0.976364 |       11.896280 |
 |  12 |       16.225282 |       -0.594096 |        0.976754 |       15.644996 |
 |  13 |       16.530046 |       -0.614225 |        0.970516 |       15.933930 |
 |  14 |       16.530046 |       -0.614225 |        0.970516 |       15.933930 |
 |  15 |       17.376166 |       -0.699022 |        0.955413 |       16.708312 |
 |  16 |       17.376166 |       -0.699022 |        0.955413 |       16.708312 |
 |  17 |       27.547040 |       -0.784219 |        0.364415 |       27.261259 |
 |  18 |       30.221660 |       -2.556849 |        0.051945 |       30.088844 |
 |  19 |       40.081212 |       -1.539972 |        0.372361 |       39.507786 |
 |  20 |       44.199453 |        0.604463 |        0.047170 |       44.227966 |
 |  21 |       44.199453 |        0.604463 |        0.047170 |       44.227966 |
 |  22 |       51.704092 |       -1.521470 |        0.721069 |       50.607008 |
 |  23 |       51.704092 |       -1.521470 |        0.721069 |       50.607008 |
 |  24 |       59.049607 |       -1.838225 |        0.563917 |       58.013000 |
 |  25 |       65.603240 |      -13.192044 |        0.008871 |       65.486212 |
 -------------------------------------------------------------------------------
             G0T0 HOMO      energy (eV)            =     -11.440884 eV
             G0T0 LUMO      energy (eV)            =       1.357763 eV
             G0T0 HOMO-LUMO gap    (eV)            =      12.798646 eV
 -------------------------------------------------------------------------------
        Tr@ppRPA@G0T0 correlation energy (singlet) =       -0.0330957515 au
        Tr@ppRPA@G0T0 correlation energy (triplet) =       -0.0017969019 au
        Tr@ppRPA@G0T0 correlation energy           =       -0.0348926533 au
        Tr@ppRPA@G0T0 total energy                 =      -15.7899039730 au
              GM@G0T0 correlation energy           =       -0.0572383944 au
              GM@G0T0 total energy                 =      -15.8122497141 au
 -------------------------------------------------------------------------------


 -------------------------------------------------------------
   BSE@GT       calculation: singlet        manifold
 -------------------------------------------------------------
 | State |  Excitation energy (au) |  Excitation energy (eV) |
 -------------------------------------------------------------
 |     1 |                0.230239 |                6.265118 |
 |     2 |                0.230239 |                6.265118 |
 |     3 |                0.306431 |                8.338425 |
 |     4 |                0.306431 |                8.338425 |
 |     5 |                0.353143 |                9.609507 |
 |     6 |                0.381225 |               10.373663 |
 |     7 |                0.436357 |               11.873875 |
 |     8 |                0.437625 |               11.908373 |
 |     9 |                0.481913 |               13.113518 |
 |    10 |                0.481913 |               13.113518 |
 |    11 |                0.496982 |               13.523556 |
 |    12 |                0.527061 |               14.342061 |
 |    13 |                0.530841 |               14.444928 |
 |    14 |                0.530841 |               14.444928 |
 |    15 |                0.620517 |               16.885120 |
 |    16 |                0.642259 |               17.476768 |
 |    17 |                0.749018 |               20.381818 |
 |    18 |                0.749018 |               20.381818 |
 |    19 |                0.752173 |               20.467664 |
 |    20 |                0.752173 |               20.467664 |
 -------------------------------------------------------------

 ---------------------------------------------------------------
                 Transition dipole moment (au)                  
 ---------------------------------------------------------------
  #           X           Y           Z   dip. str.   osc. str.
 ---------------------------------------------------------------
  1    0.000000   -0.000000   -0.000000    0.000000    0.000000
  2    0.000000    0.000000   -0.000000    0.000000    0.000000
  3    0.923505    1.204178    0.000000    2.302908    0.470456
  4    1.204178   -0.923505    0.000000    2.302908    0.470456
  5    0.000000   -0.000000    1.560131    2.434010    0.573035
  6    0.000000   -0.000000    0.000000    0.000000    0.000000
  7   -0.000000   -0.000000    1.421781    2.021461    0.588052
  8   -0.000000    0.000000   -0.000000    0.000000    0.000000
  9   -0.000000    0.000000   -0.000000    0.000000    0.000000
 10    0.000000    0.000000   -0.000000    0.000000    0.000000
 ---------------------------------------------------------------

 -------------------------------------------------------------
 Excitation n.   1:   6.265118 eV  f = 0.0000  <S**2> = 0.0000
 -------------------------------------------------------------
  3 ->   4 =  -0.539837
  3 ->   5 =   0.430430
  3 ->   9 =  -0.108201
  3 ->  10 =   0.102771

 -------------------------------------------------------------
 Excitation n.   2:   6.265118 eV  f = 0.0000  <S**2> = 0.0000
 -------------------------------------------------------------
  3 ->   4 =  -0.430430
  3 ->   5 =  -0.539837
  3 ->   9 =   0.102771
  3 ->  10 =   0.108201

 -------------------------------------------------------------
 Excitation n.   3:   8.338425 eV  f = 0.4705  <S**2> = 0.0000
 -------------------------------------------------------------
  2 ->   4 =   0.532144
  2 ->   5 =  -0.450725
  2 ->   9 =   0.087720
  2 ->  10 =  -0.078507

 -------------------------------------------------------------
 Excitation n.   4:   8.338425 eV  f = 0.4705  <S**2> = 0.0000
 -------------------------------------------------------------
  2 ->   4 =   0.450725
  2 ->   5 =   0.532144
  2 ->   9 =  -0.078507
  2 ->  10 =  -0.087720

 -------------------------------------------------------------
 Excitation n.   5:   9.609507 eV  f = 0.5730  <S**2> = 0.0000
 -------------------------------------------------------------
  3 ->   6 =  -0.699688
  3 ->   8 =   0.084937

 -------------------------------------------------------------
 Excitation n.   6:  10.373663 eV  f = 0.0000  <S**2> = 0.0000
 -------------------------------------------------------------
  2 ->   6 =  -0.692872
  3 ->   7 =   0.116952

 -------------------------------------------------------------
 Excitation n.   7:  11.873875 eV  f = 0.5881  <S**2> = 0.0000
 -------------------------------------------------------------
  2 ->   7 =  -0.426974
  2 ->  11 =   0.109339
  3 ->   8 =   0.549449

 -------------------------------------------------------------
 Excitation n.   8:  11.908373 eV  f = 0.0000  <S**2> = 0.0000
 -------------------------------------------------------------
  2 ->   6 =   0.104156
  2 ->   8 =  -0.121156
  3 ->   7 =   0.686763

 -------------------------------------------------------------
 Excitation n.   9:  13.113518 eV  f = 0.0000  <S**2> = 0.0000
 -------------------------------------------------------------
  3 ->   5 =   0.136248
  3 ->   9 =   0.659078
  3 ->  10 =  -0.205109

 -------------------------------------------------------------
 Excitation n.  10:  13.113518 eV  f = 0.0000  <S**2> = 0.0000
 -------------------------------------------------------------
  3 ->   4 =  -0.136248
  3 ->   9 =  -0.205109
  3 ->  10 =  -0.659078

Thomas-Reiche-Kuhn sum rule =   2.101999


 *** dynamical TDA activated ***

 ---------------------------------------------------------------------------------------------------
  First-order dynamical correction to static Bethe-Salpeter excitation energies                     
 ---------------------------------------------------------------------------------------------------
  BSE neutral excitation must be lower than the GT gap =  12.798646 eV
 ---------------------------------------------------------------------------------------------------
      #          Static (eV)         Dynamic (eV)      Correction (eV)         Renorm. (eV)
 ---------------------------------------------------------------------------------------------------
      1            6.265118            6.188088           -0.077030            1.002654
      2            6.265118            6.188088           -0.077030            1.002654
      3            8.338425            8.324626           -0.013799            1.000203
      4            8.338425            8.324626           -0.013799            1.000203
      5            9.609507            9.583480           -0.026028            0.999078
      6           10.373663           10.412485            0.038823            0.994759
      7           11.873875           11.820634           -0.053241            1.003176
      8           11.908373           11.915862            0.007488            0.997450
      9           13.113518           13.095327           -0.018191            1.001422
     10           13.113518           13.095327           -0.018191            1.001422
 ---------------------------------------------------------------------------------------------------


 -------------------------------------------------------------
   BSE@GT       calculation: triplet        manifold
 -------------------------------------------------------------
 | State |  Excitation energy (au) |  Excitation energy (eV) |
 -------------------------------------------------------------
 |     1 |                0.199834 |                5.437766 |
 |     2 |                0.199834 |                5.437766 |
 |     3 |                0.236912 |                6.446690 |
 |     4 |                0.236912 |                6.446690 |
 |     5 |                0.255386 |                6.949412 |
 |     6 |                0.296776 |                8.075673 |
 |     7 |                0.370656 |               10.086069 |
 |     8 |                0.379766 |               10.333965 |
 |     9 |                0.473930 |               12.896287 |
 |    10 |                0.473930 |               12.896287 |
 |    11 |                0.487523 |               13.266165 |
 |    12 |                0.488006 |               13.279317 |
 |    13 |                0.511750 |               13.925437 |
 |    14 |                0.511750 |               13.925437 |
 |    15 |                0.571536 |               15.552299 |
 |    16 |                0.603086 |               16.410808 |
 |    17 |                0.676567 |               18.410316 |
 |    18 |                0.676567 |               18.410316 |
 |    19 |                0.700624 |               19.064947 |
 |    20 |                0.717732 |               19.530493 |
 -------------------------------------------------------------

 -------------------------------------------------------------
 Excitation n.   1:   5.437766 eV  f = 0.0000  <S**2> = 2.0000
 -------------------------------------------------------------
  2 ->  13 =   0.086060
  3 ->   4 =   0.126959
  3 ->   5 =  -0.668175
  3 ->   9 =   0.170828

 -------------------------------------------------------------
 Excitation n.   2:   5.437766 eV  f = 0.0000  <S**2> = 2.0000
 -------------------------------------------------------------
  2 ->  14 =   0.086060
  3 ->   4 =   0.668175
  3 ->   5 =   0.126959
  3 ->  10 =  -0.170828

 -------------------------------------------------------------
 Excitation n.   3:   6.446690 eV  f = 0.0000  <S**2> = 2.0000
 -------------------------------------------------------------
  2 ->   4 =  -0.311625
  2 ->   5 =  -0.598094
  2 ->   9 =   0.150051
  2 ->  10 =   0.106750
  3 ->  14 =  -0.088734

 -------------------------------------------------------------
 Excitation n.   4:   6.446690 eV  f = 0.0000  <S**2> = 2.0000
 -------------------------------------------------------------
  2 ->   4 =  -0.598094
  2 ->   5 =   0.311625
  2 ->   9 =  -0.106750
  2 ->  10 =   0.150051
  3 ->  13 =  -0.088734

 -------------------------------------------------------------
 Excitation n.   5:   6.949412 eV  f = 0.0000  <S**2> = 2.0000
 -------------------------------------------------------------
  2 ->  11 =   0.158318
  3 ->   6 =  -0.638838
  3 ->   8 =   0.235153
  3 ->  12 =  -0.085460

 -------------------------------------------------------------
 Excitation n.   6:   8.075673 eV  f = 0.0000  <S**2> = 2.0000
 -------------------------------------------------------------
  2 ->   6 =   0.614287
  2 ->   8 =  -0.247628
  2 ->  12 =   0.079753
  3 ->  11 =  -0.221690

 -------------------------------------------------------------
 Excitation n.   7:  10.086069 eV  f = 0.0000  <S**2> = 2.0000
 -------------------------------------------------------------
  2 ->   6 =  -0.158422
  2 ->   8 =  -0.299538
  2 ->  12 =  -0.093493
  3 ->   7 =   0.575805
  3 ->  11 =  -0.208816

 -------------------------------------------------------------
 Excitation n.   8:  10.333965 eV  f = 0.0000  <S**2> = 2.0000
 -------------------------------------------------------------
  2 ->   7 =   0.403069
  2 ->  11 =  -0.200571
  3 ->   6 =  -0.202521
  3 ->   8 =  -0.495505
  3 ->  12 =  -0.095100

 -------------------------------------------------------------
 Excitation n.   9:  12.896287 eV  f = 0.0000  <S**2> = 2.0000
 -------------------------------------------------------------
  3 ->   5 =  -0.179887
  3 ->   9 =  -0.672140
  3 ->  10 =  -0.107073

 -------------------------------------------------------------
 Excitation n.  10:  12.896287 eV  f = 0.0000  <S**2> = 2.0000
 -------------------------------------------------------------
  3 ->   4 =  -0.179887
  3 ->   9 =   0.107073
  3 ->  10 =  -0.672140

Thomas-Reiche-Kuhn sum rule =   0.000000


 *** dynamical TDA activated ***

 ---------------------------------------------------------------------------------------------------
  First-order dynamical correction to static Bethe-Salpeter excitation energies                     
 ---------------------------------------------------------------------------------------------------
  BSE neutral excitation must be lower than the GT gap =  12.798646 eV
 ---------------------------------------------------------------------------------------------------
      #          Static (eV)         Dynamic (eV)      Correction (eV)         Renorm. (eV)
 ---------------------------------------------------------------------------------------------------
      1            5.437766            5.356547           -0.081219            1.002791
      2            5.437766            5.356547           -0.081219            1.002791
      3            6.446690            6.312826           -0.133865            1.003997
      4            6.446690            6.312826           -0.133865            1.003997
      5            6.949412            6.832928           -0.116484            1.006894
      6            8.075673            7.927364           -0.148309            1.007419
      7           10.086069           10.016912           -0.069157            1.005749
      8           10.333965           10.267465           -0.066500            1.005431
      9           12.896287           12.856964           -0.039323            1.002860
     10           12.896287           12.856964           -0.039323            1.002860
 ---------------------------------------------------------------------------------------------------


 -------------------------------------------------------------------------------
          Tr@BSE@G0T0 correlation energy (singlet) =       -0.0074016806 au
          Tr@BSE@G0T0 correlation energy (triplet) =       -0.0078349241 au
          Tr@BSE@G0T0 correlation energy           =       -0.0152366047 au
          Tr@BSE@G0T0 total energy                 =      -15.7702479243 au
 -------------------------------------------------------------------------------

                                       Total CPU time for G0T0 =      2.632 seconds

                                      Total CPU time for QuAcK =      3.736 seconds

