78 significant shell pairs computed in 0.000135 seconds
0
Computed Electron repulsion integrals Integrals in parallel in 0.260664 seconds

 ******************************************************************************************
 *            QuAcK                       QuAcK                         QuAcK             *
 *   __        __        __       __        __        __       __        __        __     *
 * <(o )___  <(o )___  <(o )___ <(o )___  <(o )___  <(o )___ <(o )___  <(o )___  <(o )___ *
 * ( ._> /   ( ._> /   ( ._> /  ( ._> /   ( ._> /   ( ._> /  ( ._> /   ( ._> /   ( ._> /  *
 *|--------------------------------------------------------------------------------------|*
 ******************************************************************************************

      ----------------------
             Number of atoms                3
      ----------------------

      ----------------------
Number of spin-up   electron                3
Number of spin-down electron                3
    Total number of electron                6
      ----------------------

      ----------------------
Number of core      electron                0
Number of Rydberg   electron                0
      ----------------------

          ------------------
          Molecular geometry
          ------------------
                    Atom n.                 1
                        Z =      4.0000000000
           Atom coordinates:     0.0000000000    0.0000000000    0.0000000000
                    Atom n.                 2
                        Z =      1.0000000000
           Atom coordinates:     0.0000000000    0.0000000000    4.3463700886
                    Atom n.                 3
                        Z =      1.0000000000
           Atom coordinates:     0.0000000000    0.0000000000   -4.3463700886

          ------------------
 Nuclear repulsion energy =      1.9556549090
          ------------------

          Gaussian basis set
          ------------------
                    Atom n.                 1
           number of shells                 6
          ------------------
      s-type shell with K =                 9
                                    Exponents     Contraction
                              2940.0000000000    0.0006800000
                               441.2000000000    0.0052360000
                               100.5000000000    0.0266060000
                                28.4300000000    0.0999930000
                                 9.1690000000    0.2697020000
                                 3.1960000000    0.4514690000
                                 1.1590000000    0.2950740000
                                 0.1811000000    0.0125870000
                                 0.0589000000   -0.0037560000
      s-type shell with K =                 9
                                    Exponents     Contraction
                              2940.0000000000   -0.0001230000
                               441.2000000000   -0.0009660000
                               100.5000000000   -0.0048310000
                                28.4300000000   -0.0193140000
                                 9.1690000000   -0.0532800000
                                 3.1960000000   -0.1207230000
                                 1.1590000000   -0.1334350000
                                 0.1811000000    0.5307670000
                                 0.0589000000    0.5801170000
      s-type shell with K =                 1
                                    Exponents     Contraction
                                 0.0589000000    1.0000000000
      p-type shell with K =                 4
                                    Exponents     Contraction
                                 3.6190000000    0.0291110000
                                 0.7110000000    0.1693650000
                                 0.1951000000    0.5134580000
                                 0.0601800000    0.4793380000
      p-type shell with K =                 1
                                    Exponents     Contraction
                                 0.0601800000    1.0000000000
      d-type shell with K =                 1
                                    Exponents     Contraction
                                 0.2354000000    1.0000000000
          ------------------
                    Atom n.                 2
           number of shells                 3
          ------------------
      s-type shell with K =                 4
                                    Exponents     Contraction
                                13.0100000000    0.0196850000
                                 1.9620000000    0.1379770000
                                 0.4446000000    0.4781480000
                                 0.1220000000    0.5012400000
      s-type shell with K =                 1
                                    Exponents     Contraction
                                 0.1220000000    1.0000000000
      p-type shell with K =                 1
                                    Exponents     Contraction
                                 0.7270000000    1.0000000000
          ------------------
                    Atom n.                 3
           number of shells                 3
          ------------------
      s-type shell with K =                 4
                                    Exponents     Contraction
                                13.0100000000    0.0196850000
                                 1.9620000000    0.1379770000
                                 0.4446000000    0.4781480000
                                 0.1220000000    0.5012400000
      s-type shell with K =                 1
                                    Exponents     Contraction
                                 0.1220000000    1.0000000000
      p-type shell with K =                 1
                                    Exponents     Contraction
                                 0.7270000000    1.0000000000
          ------------------
            Number of shells               12
          ------------------

          ------------------
   Number of basis functions               25
          ------------------

 Scaling integrals by    1.0000000000000000     

                          Total CPU time for reading integrals =      0.023 seconds


 ************************************************
 |    Restricted Hartree-Fock calculation       |
 ************************************************


 ----------------------------------------------------
 | RHF calculation                                  |
 ----------------------------------------------------
 |   # |        HF energy |       Conv |     HL Gap |
 ----------------------------------------------------
 |   1 |   -15.3955751175 |   0.161946 |   1.226875 |
 |   2 |   -15.4653088894 |   0.140334 |   1.277637 |
 |   3 |   -15.5052082347 |   0.114439 |   1.305771 |
 |   4 |   -15.5289064122 |   0.089275 |   1.320611 |
 |   5 |   -15.5434895409 |   0.068334 |   1.328503 |
 |   6 |   -15.5527463754 |   0.052077 |   1.332921 |
 |   7 |   -15.5587708787 |   0.039814 |   1.335604 |
 |   8 |   -15.5627674869 |   0.030641 |   1.337390 |
 |   9 |   -15.5654580862 |   0.023765 |   1.338681 |
 |  10 |   -15.5672911074 |   0.018574 |   1.339673 |
 |  11 |   -15.5685529094 |   0.014621 |   1.340467 |
 |  12 |   -15.5694300368 |   0.011582 |   1.341118 |
 |  13 |   -15.5700457447 |   0.009225 |   1.341658 |
 |  14 |   -15.5704823190 |   0.007382 |   1.342108 |
 |  15 |   -15.5707951428 |   0.005931 |   1.342485 |
 |  16 |   -15.5710217542 |   0.004782 |   1.342800 |
 |  17 |   -15.5711877652 |   0.003866 |   1.343064 |
 |  18 |   -15.5713107694 |   0.003133 |   1.343284 |
 |  19 |   -15.5714029395 |   0.002545 |   1.343467 |
 |  20 |   -15.5714727645 |   0.002070 |   1.343620 |
 |  21 |   -15.5715262149 |   0.001687 |   1.343747 |
 |  22 |   -15.5715675302 |   0.001377 |   1.343852 |
 |  23 |   -15.5715997506 |   0.001124 |   1.343940 |
 |  24 |   -15.5716250800 |   0.000919 |   1.344013 |
 |  25 |   -15.5716451338 |   0.000752 |   1.344073 |
 |  26 |   -15.5716611094 |   0.000616 |   1.344123 |
 |  27 |   -15.5716739043 |   0.000505 |   1.344164 |
 |  28 |   -15.5716841986 |   0.000414 |   1.344198 |
 |  29 |   -15.5716925131 |   0.000340 |   1.344226 |
 |  30 |   -15.5716992504 |   0.000279 |   1.344249 |
 |  31 |   -15.5717047245 |   0.000229 |   1.344268 |
 |  32 |   -15.5717091822 |   0.000188 |   1.344284 |
 |  33 |   -15.5717128191 |   0.000154 |   1.344297 |
 |  34 |   -15.5717157909 |   0.000127 |   1.344308 |
 |  35 |   -15.5717182223 |   0.000104 |   1.344317 |
 |  36 |   -15.5717202136 |   0.000086 |   1.344324 |
 |  37 |   -15.5717218459 |   0.000070 |   1.344330 |
 |  38 |   -15.5717231849 |   0.000058 |   1.344335 |
 |  39 |   -15.5717242839 |   0.000048 |   1.344339 |
 |  40 |   -15.5717251863 |   0.000039 |   1.344343 |
 |  41 |   -15.5717259276 |   0.000032 |   1.344346 |
 |  42 |   -15.5717265367 |   0.000026 |   1.344348 |
 |  43 |   -15.5717270374 |   0.000022 |   1.344350 |
 |  44 |   -15.5717274491 |   0.000018 |   1.344351 |
 |  45 |   -15.5717277875 |   0.000015 |   1.344353 |
 |  46 |   -15.5717280659 |   0.000012 |   1.344354 |
 |  47 |   -15.5717282948 |   0.000010 |   1.344355 |
 |  48 |   -15.5717284832 |   0.000008 |   1.344355 |
 |  49 |   -15.5717286381 |   0.000007 |   1.344356 |
 |  50 |   -15.5717287655 |   0.000006 |   1.344356 |
 |  51 |   -15.5717288704 |   0.000005 |   1.344357 |
 |  52 |   -15.5717289567 |   0.000004 |   1.344357 |
 |  53 |   -15.5717290277 |   0.000003 |   1.344357 |
 |  54 |   -15.5717290861 |   0.000003 |   1.344358 |
 |  55 |   -15.5717291341 |   0.000002 |   1.344358 |
 |  56 |   -15.5717291737 |   0.000002 |   1.344358 |
 |  57 |   -15.5717292063 |   0.000001 |   1.344358 |
 |  58 |   -15.5717292330 |   0.000001 |   1.344358 |
 |  59 |   -15.5717292551 |   0.000001 |   1.344358 |
 |  60 |   -15.5717292732 |   0.000001 |   1.344358 |
 |  61 |   -15.5717292881 |   0.000001 |   1.344358 |
 |  62 |   -15.5717293004 |   0.000001 |   1.344358 |
 |  63 |   -15.5717293105 |   0.000000 |   1.344358 |
 |  64 |   -15.5717293189 |   0.000000 |   1.344358 |
 |  65 |   -15.5717293257 |   0.000000 |   1.344358 |
 |  66 |   -15.5717293313 |   0.000000 |   1.344358 |
 |  67 |   -15.5717293360 |   0.000000 |   1.344358 |
 |  68 |   -15.5717293398 |   0.000000 |   1.344358 |
 |  69 |   -15.5717293429 |   0.000000 |   1.344359 |
 |  70 |   -15.5717293455 |   0.000000 |   1.344359 |
 |  71 |   -15.5717293118 |   0.000000 |   0.344359 |
 ----------------------------------------------------

         -----------------------------------------
           Summary              
         -----------------------------------------
           One-electron energy:    -23.8602372984 au
           Kinetic      energy:     15.0131199045 au
           Potential    energy:    -38.8733572029 au
         -----------------------------------------
           Two-electron energy:      6.3328530777 au
           Hartree      energy:      9.4767334704 au
           Exchange     energy:     -3.1438803927 au
         -----------------------------------------
           Electronic   energy:    -17.5273842208 au
           Nuclear   repulsion:      1.9556549090 au
           RHF          energy:    -15.5717293118 au
         -----------------------------------------
           HF HOMO      energy:         -9.443527 eV
           HF LUMO      energy:         -0.073054 eV
           HF HOMO-LUMO gap   :          9.370473 eV
         -----------------------------------------
          Dipole moment (Debye)    
                   X         Y         Z      Tot.
           -0.000000  0.000000 -0.000000  0.000000
         -----------------------------------------

           ---------------------------------------
                 MO coefficients
           ---------------------------------------
                 1              2              3              4              5
      1     1.00055588     0.00701390     0.00000000     0.01432401     0.00000000
      2     0.00546604    -0.65884147     0.00000000    -0.69724536     0.00000000
      3    -0.00152232     0.05754641     0.00000000    -0.28511830     0.00000000
      4     0.00000000     0.00000000     0.00000000     0.00000000    -0.33198671
      5     0.00000000     0.00000000     0.00000000     0.00000000    -0.45436857
      6     0.00000000     0.00000000     0.41456638     0.00000000     0.00000000
      7     0.00000000     0.00000000     0.00000000     0.00000000    -0.27948655
      8     0.00000000     0.00000000     0.00000000     0.00000000    -0.38251503
      9     0.00000000     0.00000000     0.01207953     0.00000000     0.00000000
     10    -0.00190851     0.01413406     0.00000000    -0.01911960     0.00000000
     11     0.00000000     0.00000000     0.00000000     0.00000000     0.00000000
     12     0.00000000     0.00000000     0.00000000     0.00000000     0.00000000
     13    -0.00190851     0.01413406     0.00000000    -0.01911960     0.00000000
     14     0.00000000     0.00000000     0.00000000     0.00000000     0.00000000
     15    -0.00171821    -0.05009278     0.00000000     0.03706439     0.00000000
     16     0.00017865    -0.36712262     0.45903110     0.36079322     0.00000000
     17     0.00022390    -0.03933928     0.03677933     0.33714823     0.00000000
     18     0.00000000     0.00000000     0.00000000     0.00000000    -0.00443604
     19     0.00000000     0.00000000     0.00000000     0.00000000    -0.00607132
     20     0.00006472     0.00932581    -0.00859899     0.00705369     0.00000000
     21     0.00017865    -0.36712262    -0.45903110     0.36079322     0.00000000
     22     0.00022390    -0.03933928    -0.03677933     0.33714823     0.00000000
     23     0.00000000     0.00000000     0.00000000     0.00000000    -0.00443604
     24     0.00000000     0.00000000     0.00000000     0.00000000    -0.00607132
     25    -0.00006472    -0.00932581    -0.00859899    -0.00705369     0.00000000
                 6              7              8              9             10
      1     0.00000000     0.00000000    -0.59391494     0.00000000     0.00000000
      2     0.00000000     0.00000000    -2.91045349     0.00000000     0.00000000
      3     0.00000000     0.00000000     3.78140398     0.00000000     0.00000000
      4     0.45436857     0.00000000     0.00000000     0.58003624     1.76380691
      5    -0.33198671     0.00000000     0.00000000     1.76380691    -0.58003624
      6     0.00000000     0.90814721     0.00000000     0.00000000     0.00000000
      7     0.38251503     0.00000000     0.00000000    -0.58751960    -1.78656272
      8    -0.27948655     0.00000000     0.00000000    -1.78656272     0.58751960
      9     0.00000000     0.63722934     0.00000000     0.00000000     0.00000000
     10     0.00000000     0.00000000    -0.19334791     0.00000000     0.00000000
     11     0.00000000     0.00000000     0.00000000     0.00000000     0.00000000
     12     0.00000000     0.00000000     0.00000000     0.00000000     0.00000000
     13     0.00000000     0.00000000    -0.19334791     0.00000000     0.00000000
     14     0.00000000     0.00000000     0.00000000     0.00000000     0.00000000
     15     0.00000000     0.00000000    -0.28386835     0.00000000     0.00000000
     16     0.00000000    -0.26188161    -0.06473700     0.00000000     0.00000000
     17     0.00000000    -0.72549842    -0.21758896     0.00000000     0.00000000
     18     0.00607132     0.00000000     0.00000000    -0.00032288    -0.00098183
     19    -0.00443604     0.00000000     0.00000000    -0.00098183     0.00032288
     20     0.00000000    -0.01744527     0.02204903     0.00000000     0.00000000
     21     0.00000000     0.26188161    -0.06473700     0.00000000     0.00000000
     22     0.00000000     0.72549842    -0.21758896     0.00000000     0.00000000
     23     0.00607132     0.00000000     0.00000000    -0.00032288    -0.00098183
     24    -0.00443604     0.00000000     0.00000000    -0.00098183     0.00032288
     25     0.00000000    -0.01744527    -0.02204903     0.00000000     0.00000000
                11             12             13             14             15
      1     0.00000000     0.00000000     0.00000000     0.00000000     0.00000000
      2     0.00000000     0.00000000     0.00000000     0.00000000     0.00000000
      3     0.00000000     0.00000000     0.00000000     0.00000000     0.00000000
      4     0.00000000     0.00000000     0.00000000     0.00000000     0.00000000
      5     0.00000000     0.00000000     0.00000000     0.00000000     0.00000000
      6    -1.69417287     0.00000000     0.00000000     0.00000000     0.00000000
      7     0.00000000     0.00000000     0.00000000     0.00000000     0.00000000
      8     0.00000000     0.00000000     0.00000000     0.00000000     0.00000000
      9     2.69628773     0.00000000     0.00000000     0.00000000     0.00000000
     10     0.00000000    -0.00037215    -0.86602532     0.00000000     0.00000000
     11     0.00000000     0.99999991    -0.00042972     0.00000000     0.00000000
     12     0.00000000     0.00000000     0.00000000     0.88108075     0.44359016
     13     0.00000000     0.00037215     0.86602532     0.00000000     0.00000000
     14     0.00000000     0.00000000     0.00000000     0.44359016    -0.88108075
     15     0.00000000     0.00000000     0.00000000     0.00000000     0.00000000
     16    -0.10421423     0.00000000     0.00000000     0.00000000     0.00000000
     17    -0.62650382     0.00000000     0.00000000     0.00000000     0.00000000
     18     0.00000000     0.00000000     0.00000000     0.05646555     0.02842823
     19     0.00000000     0.00000000     0.00000000     0.02842823    -0.05646555
     20     0.03016983     0.00000000     0.00000000     0.00000000     0.00000000
     21     0.10421423     0.00000000     0.00000000     0.00000000     0.00000000
     22     0.62650382     0.00000000     0.00000000     0.00000000     0.00000000
     23     0.00000000     0.00000000     0.00000000    -0.05646555    -0.02842823
     24     0.00000000     0.00000000     0.00000000    -0.02842823     0.05646555
     25     0.03016983     0.00000000     0.00000000     0.00000000     0.00000000
                16             17             18             19             20
      1     0.20739309    -0.03117754     0.00000000    -0.43688832     0.00000000
      2     1.08937614    -0.43919278     0.00000000    -4.11390406     0.00000000
      3    -1.49141088     0.19952352     0.00000000     1.04280469     0.00000000
      4     0.00000000     0.00000000     0.00000000     0.00000000    -0.00876571
      5     0.00000000     0.00000000     0.00000000     0.00000000    -0.04991584
      6     0.00000000     0.00000000     0.15642913     0.00000000     0.00000000
      7     0.00000000     0.00000000     0.00000000     0.00000000     0.02705699
      8     0.00000000     0.00000000     0.00000000     0.00000000     0.15407454
      9     0.00000000     0.00000000    -1.12426768     0.00000000     0.00000000
     10     0.34532623     0.50518018     0.00000000     1.45337584     0.00000000
     11     0.00000000     0.00000000     0.00000000     0.00000000     0.00000000
     12     0.00000000     0.00000000     0.00000000     0.00000000     0.00000000
     13     0.34532623     0.50518018     0.00000000     1.45337584     0.00000000
     14     0.00000000     0.00000000     0.00000000     0.00000000     0.00000000
     15    -0.95256275    -0.38294042     0.00000000     1.26698095     0.00000000
     16    -0.87235028     1.34081568    -1.68181539    -0.36599677     0.00000000
     17     1.41468486    -1.27833879     2.33249763     0.49687903     0.00000000
     18     0.00000000     0.00000000     0.00000000     0.00000000    -0.12298370
     19     0.00000000     0.00000000     0.00000000     0.00000000    -0.70032391
     20     0.08388884     0.05192738     0.05544598    -0.09764152     0.00000000
     21    -0.87235028     1.34081568     1.68181539    -0.36599677     0.00000000
     22     1.41468486    -1.27833879    -2.33249763     0.49687903     0.00000000
     23     0.00000000     0.00000000     0.00000000     0.00000000    -0.12298370
     24     0.00000000     0.00000000     0.00000000     0.00000000    -0.70032391
     25    -0.08388884    -0.05192738     0.05544598     0.09764152     0.00000000
                21             22             23             24             25
      1     0.00000000     0.00000000     0.00000000     0.00000000    -0.19115622
      2     0.00000000     0.00000000     0.00000000     0.00000000    -1.29635442
      3     0.00000000     0.00000000     0.00000000     0.00000000     0.82934355
      4    -0.04991584     0.00000000     0.00000000     0.00000000     0.00000000
      5     0.00876571     0.00000000     0.00000000     0.00000000     0.00000000
      6     0.00000000     0.00000000     0.00000000    -0.30801773     0.00000000
      7     0.15407454     0.00000000     0.00000000     0.00000000     0.00000000
      8    -0.02705699     0.00000000     0.00000000     0.00000000     0.00000000
      9     0.00000000     0.00000000     0.00000000    -0.29211364     0.00000000
     10     0.00000000     0.00000000     0.00000000     0.00000000     0.12474743
     11     0.00000000     0.00000000     0.00000000     0.00000000     0.00000000
     12     0.00000000     0.17948280     0.07977823     0.00000000     0.00000000
     13     0.00000000     0.00000000     0.00000000     0.00000000     0.12474743
     14     0.00000000     0.07977823    -0.17948280     0.00000000     0.00000000
     15     0.00000000     0.00000000     0.00000000     0.00000000     0.97916898
     16     0.00000000     0.00000000     0.00000000    -0.29165711     0.02977374
     17     0.00000000     0.00000000     0.00000000     0.60927490    -0.31986826
     18    -0.70032391    -0.64733325    -0.28773289     0.00000000     0.00000000
     19     0.12298370    -0.28773289     0.64733325     0.00000000     0.00000000
     20     0.00000000     0.00000000     0.00000000    -0.73017542     0.76472058
     21     0.00000000     0.00000000     0.00000000     0.29165711     0.02977374
     22     0.00000000     0.00000000     0.00000000    -0.60927490    -0.31986826
     23    -0.70032391     0.64733325     0.28773289     0.00000000     0.00000000
     24     0.12298370     0.28773289    -0.64733325     0.00000000     0.00000000
     25     0.00000000     0.00000000     0.00000000    -0.73017542    -0.76472058

           ---------------------------------------
                     MO energies
           ---------------------------------------
                 1
      1    -4.84706574
      2    -0.40315662
      3    -0.34704322
      4    -0.00268470
      5     0.03548577
      6     0.03548577
      7     0.17934457
      8     0.27240965
      9     0.30363009
     10     0.30363009
     11     0.32397197
     12     0.59160762
     13     0.59160762
     14     0.59269137
     15     0.59269137
     16     0.63255636
     17     0.78450626
     18     0.79844362
     19     1.13010441
     20     1.55517890
     21     1.55517890
     22     1.57306279
     23     1.57306279
     24     1.65808750
     25     1.90115955

                                        Total CPU time for RHF =      0.576 seconds


 AO to MO transformation... Please be patient

                    Total CPU time for AO to MO transformation =      0.676 seconds


 ************************************************
 |          One-shot G0W0 calculation           |
 ************************************************


 -------------------------------------------------------------
   RPA@HF       calculation: singlet        manifold
 -------------------------------------------------------------
 | State |  Excitation energy (au) |  Excitation energy (eV) |
 -------------------------------------------------------------
 |     1 |                0.394539 |               10.735940 |
 |     2 |                0.394539 |               10.735940 |
 |     3 |                0.434093 |               11.812281 |
 |     4 |                0.453977 |               12.353344 |
 |     5 |                0.487253 |               13.258832 |
 |     6 |                0.487253 |               13.258832 |
 |     7 |                0.624458 |               16.992377 |
 |     8 |                0.631655 |               17.188210 |
 |     9 |                0.655073 |               17.825451 |
 |    10 |                0.656672 |               17.868949 |
 |    11 |                0.656672 |               17.868949 |
 |    12 |                0.675742 |               18.387879 |
 |    13 |                0.736441 |               20.039576 |
 |    14 |                0.736441 |               20.039576 |
 |    15 |                0.755996 |               20.571712 |
 |    16 |                0.758710 |               20.645558 |
 |    17 |                0.943777 |               25.681485 |
 |    18 |                0.943777 |               25.681485 |
 |    19 |                0.987779 |               26.878848 |
 |    20 |                0.987779 |               26.878848 |
 -------------------------------------------------------------

  *** Quasiparticle energies obtained by linearization *** 

 -------------------------------------------------------------------------------
   One-shot G0W0 calculation
 -------------------------------------------------------------------------------
 |   # |       e_HF (eV) |      Sig_c (eV) |               Z |       e_QP (eV) |
 -------------------------------------------------------------------------------
 |   1 |     -131.895377 |        4.367957 |        0.860240 |     -128.137886 |
 |   2 |      -10.970450 |       -0.092848 |        0.919809 |      -11.055853 |
 |   3 |       -9.443527 |       -0.251238 |        0.931221 |       -9.677485 |
 |   4 |       -0.073054 |       -0.592265 |        0.941363 |       -0.630590 |
 |   5 |        0.965617 |       -0.707426 |        0.962057 |        0.285033 |
 |   6 |        0.965617 |       -0.707426 |        0.962057 |        0.285033 |
 |   7 |        4.880214 |       -1.061493 |        0.912322 |        3.911790 |
 |   8 |        7.412644 |       -0.658958 |        0.958078 |        6.781311 |
 |   9 |        8.262196 |       -1.302512 |        0.916919 |        7.067897 |
 |  10 |        8.262196 |       -1.302512 |        0.916919 |        7.067897 |
 |  11 |        8.815726 |       -0.705105 |        0.958013 |        8.140226 |
 |  12 |       16.098463 |       -0.207820 |        0.613212 |       15.971025 |
 |  13 |       16.098463 |       -0.207820 |        0.613212 |       15.971025 |
 |  14 |       16.127954 |       -1.346746 |        0.758889 |       15.105922 |
 |  15 |       16.127954 |       -1.346746 |        0.758889 |       15.105922 |
 |  16 |       17.212735 |        0.479956 |        0.064956 |       17.243911 |
 |  17 |       21.347503 |       -1.992021 |        0.169219 |       21.010414 |
 |  18 |       21.726758 |       -2.656713 |        0.553178 |       20.257122 |
 |  19 |       30.751707 |       -0.332124 |        0.629453 |       30.542651 |
 |  20 |       42.318573 |       -3.035139 |        0.812610 |       39.852188 |
 |  21 |       42.318573 |       -3.035139 |        0.812610 |       39.852188 |
 |  22 |       42.805219 |       -3.056192 |        0.799629 |       40.361400 |
 |  23 |       42.805219 |       -3.056192 |        0.799629 |       40.361400 |
 |  24 |       45.118859 |       -2.949064 |        0.193381 |       44.548566 |
 |  25 |       51.733186 |       -3.214696 |        0.158246 |       51.224473 |
 -------------------------------------------------------------------------------
          G0W0 HOMO      energy:      -9.677485 eV
          G0W0 LUMO      energy:      -0.630590 eV
          G0W0 HOMO-LUMO gap   :       9.046895 eV
 -------------------------------------------------------------------------------
    RPA@G0W0 total energy      :     -15.665119 au
    RPA@G0W0 correlation energy:      -0.093389 au
    GM@G0W0  total energy      :     -15.734188 au
    GM@G0W0  correlation energy:      -0.162458 au
 -------------------------------------------------------------------------------


 -------------------------------------------------------------
   BSE@GW       calculation: singlet        manifold
 -------------------------------------------------------------
 | State |  Excitation energy (au) |  Excitation energy (eV) |
 -------------------------------------------------------------
 |     1 |                0.156551 |                4.259969 |
 |     2 |                0.156551 |                4.259969 |
 |     3 |                0.177166 |                4.820936 |
 |     4 |                0.212878 |                5.792694 |
 |     5 |                0.237721 |                6.468719 |
 |     6 |                0.237721 |                6.468719 |
 |     7 |                0.327137 |                8.901841 |
 |     8 |                0.353119 |                9.608856 |
 |     9 |                0.401157 |               10.916049 |
 |    10 |                0.401157 |               10.916049 |
 |    11 |                0.409794 |               11.151063 |
 |    12 |                0.453820 |               12.349078 |
 |    13 |                0.453820 |               12.349078 |
 |    14 |                0.466094 |               12.683072 |
 |    15 |                0.482750 |               13.136292 |
 |    16 |                0.509798 |               13.872305 |
 |    17 |                0.694038 |               18.885744 |
 |    18 |                0.694038 |               18.885744 |
 |    19 |                0.709608 |               19.309408 |
 |    20 |                0.709608 |               19.309408 |
 -------------------------------------------------------------

 ---------------------------------------------------------------
                 Transition dipole moment (au)                  
 ---------------------------------------------------------------
  #           X           Y           Z   dip. str.   osc. str.
 ---------------------------------------------------------------
  1    0.000000    0.000000    0.000000    0.000000    0.000000
  2   -0.000000    0.000000    0.000000    0.000000    0.000000
  3    0.000000    0.000000    2.501387    6.256937    0.739012
  4    0.000000   -0.000000   -0.000000    0.000000    0.000000
  5   -0.985238    1.178175   -0.000000    2.358789    0.373822
  6    1.178175    0.985238   -0.000000    2.358789    0.373822
  7    0.000000    0.000000    0.000000    0.000000    0.000000
  8    0.000000   -0.000000    0.786917    0.619239    0.145777
  9   -0.000000   -0.000000    0.000000    0.000000    0.000000
 10   -0.000000   -0.000000   -0.000000    0.000000    0.000000
 ---------------------------------------------------------------

 -------------------------------------------------------------
 Excitation n.   1:   4.259969 eV  f = 0.0000  <S**2> = 0.0000
 -------------------------------------------------------------
  3 ->   6 =  -0.698508
  3 ->  10 =  -0.094368

 -------------------------------------------------------------
 Excitation n.   2:   4.259969 eV  f = 0.0000  <S**2> = 0.0000
 -------------------------------------------------------------
  3 ->   5 =  -0.698508
  3 ->   9 =   0.094368

 -------------------------------------------------------------
 Excitation n.   3:   4.820936 eV  f = 0.7390  <S**2> = 0.0000
 -------------------------------------------------------------
  3 ->   4 =   0.730466
  3 <-   4 =  -0.182092

 -------------------------------------------------------------
 Excitation n.   4:   5.792694 eV  f = 0.0000  <S**2> = 0.0000
 -------------------------------------------------------------
  2 ->   4 =  -0.708774
  3 ->   7 =   0.126451
  2 <-   4 =   0.107390
  3 <-   7 =   0.083911

 -------------------------------------------------------------
 Excitation n.   5:   6.468719 eV  f = 0.3738  <S**2> = 0.0000
 -------------------------------------------------------------
  2 ->   5 =   0.170346
  2 ->   6 =   0.686164

 -------------------------------------------------------------
 Excitation n.   6:   6.468719 eV  f = 0.3738  <S**2> = 0.0000
 -------------------------------------------------------------
  2 ->   5 =   0.686164
  2 ->   6 =  -0.170346

 -------------------------------------------------------------
 Excitation n.   7:   8.901841 eV  f = 0.0000  <S**2> = 0.0000
 -------------------------------------------------------------
  2 ->   4 =  -0.159552
  3 ->   7 =  -0.701674
  2 <-   4 =   0.123638
  3 <-   7 =   0.090873

 -------------------------------------------------------------
 Excitation n.   8:   9.608856 eV  f = 0.1458  <S**2> = 0.0000
 -------------------------------------------------------------
  2 ->   7 =   0.706350
  2 ->  11 =  -0.085225

 -------------------------------------------------------------
 Excitation n.   9:  10.916049 eV  f = 0.0000  <S**2> = 0.0000
 -------------------------------------------------------------
  3 ->   6 =  -0.100615
  3 ->   9 =  -0.108426
  3 ->  10 =   0.691022

 -------------------------------------------------------------
 Excitation n.  10:  10.916049 eV  f = 0.0000  <S**2> = 0.0000
 -------------------------------------------------------------
  3 ->   5 =   0.100615
  3 ->   9 =   0.691022
  3 ->  10 =   0.108426

Thomas-Reiche-Kuhn sum rule =   1.632433


 *** dynamical TDA activated ***

 ---------------------------------------------------------------------------------------------------
  First-order dynamical correction to static Bethe-Salpeter excitation energies                     
 ---------------------------------------------------------------------------------------------------
  BSE neutral excitation must be lower than the GW gap =   9.046895 eV
 ---------------------------------------------------------------------------------------------------
      #          Static (eV)         Dynamic (eV)      Correction (eV)         Renorm. (eV)
 ---------------------------------------------------------------------------------------------------
      1            4.259969            4.273135            0.013166            0.998458
      2            4.259969            4.273135            0.013166            0.998458
      3            4.820936            4.765069           -0.055867            1.012547
      4            5.792694            5.805244            0.012550            1.002414
      5            6.468719            6.394375           -0.074344            1.011338
      6            6.468719            6.394375           -0.074344            1.011338
      7            8.901841            8.790268           -0.111572            1.029323
      8            9.608856            9.501625           -0.107231            1.015726
      9           10.916049           10.927975            0.011926            0.998998
     10           10.916049           10.927975            0.011926            0.998998
 ---------------------------------------------------------------------------------------------------


 -------------------------------------------------------------
   BSE@GW       calculation: triplet        manifold
 -------------------------------------------------------------
 | State |  Excitation energy (au) |  Excitation energy (eV) |
 -------------------------------------------------------------
 |     1 |                0.024040 |                0.654169 |
 |     2 |                0.082060 |                2.232959 |
 |     3 |                0.139450 |                3.794618 |
 |     4 |                0.139450 |                3.794618 |
 |     5 |                0.170601 |                4.642281 |
 |     6 |                0.170601 |                4.642281 |
 |     7 |                0.257123 |                6.996686 |
 |     8 |                0.291475 |                7.931433 |
 |     9 |                0.387136 |               10.534516 |
 |    10 |                0.394710 |               10.740613 |
 |    11 |                0.394710 |               10.740613 |
 |    12 |                0.401554 |               10.926829 |
 |    13 |                0.429841 |               11.696567 |
 |    14 |                0.429841 |               11.696567 |
 |    15 |                0.476471 |               12.965427 |
 |    16 |                0.495643 |               13.487140 |
 |    17 |                0.653574 |               17.784645 |
 |    18 |                0.653574 |               17.784645 |
 |    19 |                0.689917 |               18.773600 |
 |    20 |                0.689917 |               18.773600 |
 -------------------------------------------------------------

 -------------------------------------------------------------
 Excitation n.   1:   0.654169 eV  f = 0.0000  <S**2> = 2.0000
 -------------------------------------------------------------
  2 ->   7 =  -0.276929
  3 ->   4 =  -0.859574
  2 <-   7 =  -0.203168
  3 <-   4 =  -0.529346

 -------------------------------------------------------------
 Excitation n.   2:   2.232959 eV  f = 0.0000  <S**2> = 2.0000
 -------------------------------------------------------------
  2 ->   4 =   0.662466
  3 ->   7 =   0.298844
  2 <-   4 =   0.163889
  3 <-   7 =   0.096257

 -------------------------------------------------------------
 Excitation n.   3:   3.794618 eV  f = 0.0000  <S**2> = 2.0000
 -------------------------------------------------------------
  3 ->   6 =   0.697177
  3 ->  10 =   0.100640

 -------------------------------------------------------------
 Excitation n.   4:   3.794618 eV  f = 0.0000  <S**2> = 2.0000
 -------------------------------------------------------------
  3 ->   5 =   0.697177
  3 ->   9 =  -0.100640

 -------------------------------------------------------------
 Excitation n.   5:   4.642281 eV  f = 0.0000  <S**2> = 2.0000
 -------------------------------------------------------------
  2 ->   5 =  -0.260406
  2 ->   6 =  -0.643233
  2 ->   9 =   0.085210
  2 ->  10 =  -0.101584

 -------------------------------------------------------------
 Excitation n.   6:   4.642281 eV  f = 0.0000  <S**2> = 2.0000
 -------------------------------------------------------------
  2 ->   5 =   0.643233
  2 ->   6 =  -0.260406
  2 ->   9 =  -0.101584
  2 ->  10 =  -0.085210

 -------------------------------------------------------------
 Excitation n.   7:   6.996686 eV  f = 0.0000  <S**2> = 2.0000
 -------------------------------------------------------------
  2 ->   4 =  -0.290510
  3 ->   7 =   0.632825
  3 ->  11 =  -0.107570

 -------------------------------------------------------------
 Excitation n.   8:   7.931433 eV  f = 0.0000  <S**2> = 2.0000
 -------------------------------------------------------------
  2 ->   7 =   0.653877
  2 ->  11 =  -0.145234
  3 ->   4 =  -0.200508
  3 ->   8 =   0.089664

 -------------------------------------------------------------
 Excitation n.   9:  10.534516 eV  f = 0.0000  <S**2> = 2.0000
 -------------------------------------------------------------
  2 ->   7 =   0.146712
  2 ->  11 =   0.232586
  3 ->   8 =  -0.649843

 -------------------------------------------------------------
 Excitation n.  10:  10.740613 eV  f = 0.0000  <S**2> = 2.0000
 -------------------------------------------------------------
  3 ->   6 =  -0.100242
  3 ->   9 =  -0.432150
  3 ->  10 =   0.548514

Thomas-Reiche-Kuhn sum rule =   0.000000


 *** dynamical TDA activated ***

 ---------------------------------------------------------------------------------------------------
  First-order dynamical correction to static Bethe-Salpeter excitation energies                     
 ---------------------------------------------------------------------------------------------------
  BSE neutral excitation must be lower than the GW gap =   9.046895 eV
 ---------------------------------------------------------------------------------------------------
      #          Static (eV)         Dynamic (eV)      Correction (eV)         Renorm. (eV)
 ---------------------------------------------------------------------------------------------------
      1            0.654169            0.010776           -0.643393            1.034986
      2            2.232959            1.795717           -0.437243            1.028408
      3            3.794618            3.795353            0.000735            0.999107
      4            3.794618            3.795353            0.000735            0.999107
      5            4.642281            4.511991           -0.130290            1.011964
      6            4.642281            4.511991           -0.130290            1.011964
      7            6.996686            7.012988            0.016302            0.988576
      8            7.931433            7.833839           -0.097595            0.999272
      9           10.534516           10.467463           -0.067052            1.005738
     10           10.740613           10.751070            0.010457            0.999060
 ---------------------------------------------------------------------------------------------------


 -------------------------------------------------------------------------------
          Tr@BSE@G0W0 correlation energy (singlet) =       -0.0838512688
          Tr@BSE@G0W0 correlation energy (triplet) =       -0.0371651047
          Tr@BSE@G0W0 correlation energy           =       -0.1210163735
          Tr@BSE@G0W0 total energy                 =      -15.6927456853
 -------------------------------------------------------------------------------

                                       Total CPU time for G0W0 =      0.060 seconds


 ************************************************
 |          One-shot G0T0 calculation           |
 ************************************************


 -------------------------------------------------------------
   pp-RPA (N+2) calculation: alpha-beta     manifold
 -------------------------------------------------------------
 | State |  Excitation energy (au) |  Excitation energy (eV) |
 -------------------------------------------------------------
 |     1 |                0.223308 |                6.076521 |
 |     2 |                0.228087 |                6.206573 |
 |     3 |                0.228087 |                6.206573 |
 |     4 |                0.274893 |                7.480227 |
 |     5 |                0.274893 |                7.480227 |
 |     6 |                0.281969 |                7.672762 |
 |     7 |                0.303340 |                8.254291 |
 |     8 |                0.303340 |                8.254291 |
 |     9 |                0.332247 |                9.040902 |
 |    10 |                0.359894 |                9.793212 |
 |    11 |                0.422257 |               11.490208 |
 |    12 |                0.422257 |               11.490208 |
 |    13 |                0.435967 |               11.863255 |
 |    14 |                0.435967 |               11.863255 |
 |    15 |                0.455964 |               12.407402 |
 |    16 |                0.464936 |               12.651555 |
 |    17 |                0.486295 |               13.232766 |
 |    18 |                0.505741 |               13.761901 |
 |    19 |                0.505741 |               13.761901 |
 |    20 |                0.505963 |               13.767950 |
 -------------------------------------------------------------


 -------------------------------------------------------------
   pp-RPA (N-2) calculation: alpha-beta     manifold
 -------------------------------------------------------------
 | State |  Excitation energy (au) |  Excitation energy (eV) |
 -------------------------------------------------------------
 |     1 |              -11.970254 |             -325.727204 |
 |     2 |               -5.617689 |             -152.865103 |
 |     3 |               -5.598862 |             -152.352794 |
 |     4 |               -5.483313 |             -149.208542 |
 |     5 |               -5.479789 |             -149.112667 |
 |     6 |               -1.165382 |              -31.711670 |
 |     7 |               -1.149540 |              -31.280590 |
 |     8 |               -0.912475 |              -24.829722 |
 |     9 |               -0.910393 |              -24.773055 |
 -------------------------------------------------------------


 -------------------------------------------------------------
   pp-RPA (N+2) calculation: alpha-alpha    manifold
 -------------------------------------------------------------
 | State |  Excitation energy (au) |  Excitation energy (eV) |
 -------------------------------------------------------------
 |     1 |                0.228087 |                6.206573 |
 |     2 |                0.228087 |                6.206573 |
 |     3 |                0.281969 |                7.672762 |
 |     4 |                0.359894 |                9.793212 |
 |     5 |                0.422257 |               11.490208 |
 |     6 |                0.422257 |               11.490208 |
 |     7 |                0.455964 |               12.407402 |
 |     8 |                0.505741 |               13.761901 |
 |     9 |                0.505741 |               13.761901 |
 |    10 |                0.535267 |               14.565369 |
 |    11 |                0.535267 |               14.565369 |
 |    12 |                0.541884 |               14.745416 |
 |    13 |                0.556794 |               15.151123 |
 |    14 |                0.556794 |               15.151123 |
 |    15 |                0.576390 |               15.684360 |
 |    16 |                0.576999 |               15.700934 |
 |    17 |                0.576999 |               15.700934 |
 |    18 |                0.595047 |               16.192047 |
 |    19 |                0.653234 |               17.775390 |
 |    20 |                0.706294 |               19.219241 |
 -------------------------------------------------------------


 -------------------------------------------------------------
   pp-RPA (N-2) calculation: alpha-alpha    manifold
 -------------------------------------------------------------
 | State |  Excitation energy (au) |  Excitation energy (eV) |
 -------------------------------------------------------------
 |     1 |               -5.598862 |             -152.352794 |
 |     2 |               -5.479789 |             -149.112667 |
 |     3 |               -0.912475 |              -24.829722 |
 -------------------------------------------------------------

 -------------------------------------------------------------------------------
   One-shot G0T0 calculation (T-matrix self-energy)  
 -------------------------------------------------------------------------------
 |   # |       e_HF (eV) |    Sigma_T (eV) |               Z |       e_QP (eV) |
 -------------------------------------------------------------------------------
 |   1 |     -131.895377 |        3.693275 |        0.880707 |     -128.642686 |
 |   2 |      -10.970450 |        0.097051 |        0.969334 |      -10.876375 |
 |   3 |       -9.443527 |        0.063411 |        0.970966 |       -9.381957 |
 |   4 |       -0.073054 |       -0.521872 |        0.973455 |       -0.581073 |
 |   5 |        0.965617 |       -0.570217 |        0.978888 |        0.407438 |
 |   6 |        0.965617 |       -0.570217 |        0.978888 |        0.407438 |
 |   7 |        4.880214 |       -0.705743 |        0.964095 |        4.199811 |
 |   8 |        7.412644 |       -0.460234 |        0.978910 |        6.962116 |
 |   9 |        8.262196 |       -0.912228 |        0.961144 |        7.385413 |
 |  10 |        8.262196 |       -0.912228 |        0.961144 |        7.385413 |
 |  11 |        8.815726 |       -0.474510 |        0.978181 |        8.351570 |
 |  12 |       16.098463 |       -1.038339 |        0.903226 |       15.160608 |
 |  13 |       16.098463 |       -1.038339 |        0.903226 |       15.160608 |
 |  14 |       16.127954 |       -0.153023 |        0.410499 |       16.065138 |
 |  15 |       16.127954 |       -0.153023 |        0.410499 |       16.065138 |
 |  16 |       17.212735 |       -0.353121 |        0.221311 |       17.134586 |
 |  17 |       21.347503 |       -2.427809 |        0.329960 |       20.546423 |
 |  18 |       21.726758 |       -1.653604 |        0.838472 |       20.340256 |
 |  19 |       30.751707 |       -1.764847 |        0.179872 |       30.434261 |
 |  20 |       42.318573 |       -1.894024 |        0.107420 |       42.115118 |
 |  21 |       42.318573 |       -1.894024 |        0.107420 |       42.115118 |
 |  22 |       42.805219 |       -1.593194 |        0.084054 |       42.671304 |
 |  23 |       42.805219 |       -1.593194 |        0.084054 |       42.671304 |
 |  24 |       45.118859 |       -1.887086 |        0.133715 |       44.866528 |
 |  25 |       51.733186 |       -7.153561 |        0.003875 |       51.705470 |
 -------------------------------------------------------------------------------
             G0T0 HOMO      energy (eV)            =      -9.381957 eV
             G0T0 LUMO      energy (eV)            =      -0.581073 eV
             G0T0 HOMO-LUMO gap    (eV)            =       8.800885 eV
 -------------------------------------------------------------------------------
        Tr@ppRPA@G0T0 correlation energy (singlet) =       -0.0342887408 au
        Tr@ppRPA@G0T0 correlation energy (triplet) =       -0.0019939085 au
        Tr@ppRPA@G0T0 correlation energy           =       -0.0362826493 au
        Tr@ppRPA@G0T0 total energy                 =      -15.6080119611 au
              GM@G0T0 correlation energy           =       -0.0566458017 au
              GM@G0T0 total energy                 =      -15.6283751135 au
 -------------------------------------------------------------------------------


 -------------------------------------------------------------
   BSE@GT       calculation: singlet        manifold
 -------------------------------------------------------------
 | State |  Excitation energy (au) |  Excitation energy (eV) |
 -------------------------------------------------------------
 |     1 |                0.156479 |                4.258002 |
 |     2 |                0.156479 |                4.258002 |
 |     3 |                0.190395 |                5.180904 |
 |     4 |                0.214686 |                5.841912 |
 |     5 |                0.221158 |                6.018024 |
 |     6 |                0.221158 |                6.018024 |
 |     7 |                0.316069 |                8.600673 |
 |     8 |                0.346862 |                9.438585 |
 |     9 |                0.400726 |               10.904299 |
 |    10 |                0.405205 |               11.026198 |
 |    11 |                0.405205 |               11.026198 |
 |    12 |                0.442528 |               12.041806 |
 |    13 |                0.442528 |               12.041806 |
 |    14 |                0.443667 |               12.072802 |
 |    15 |                0.484367 |               13.180301 |
 |    16 |                0.505269 |               13.749065 |
 |    17 |                0.673572 |               18.328830 |
 |    18 |                0.673572 |               18.328830 |
 |    19 |                0.708560 |               19.280902 |
 |    20 |                0.708560 |               19.280902 |
 -------------------------------------------------------------

 ---------------------------------------------------------------
                 Transition dipole moment (au)                  
 ---------------------------------------------------------------
  #           X           Y           Z   dip. str.   osc. str.
 ---------------------------------------------------------------
  1    0.000000    0.000000    0.000000    0.000000    0.000000
  2    0.000000    0.000000   -0.000000    0.000000    0.000000
  3   -0.000000    0.000000   -3.372821   11.375925    1.443944
  4   -0.000000    0.000000    0.000000    0.000000    0.000000
  5    0.775120    1.482344   -0.000000    2.798155    0.412557
  6    1.482344   -0.775120    0.000000    2.798155    0.412557
  7   -0.000000   -0.000000    0.000000    0.000000    0.000000
  8   -0.000000   -0.000000   -0.776258    0.602576    0.139340
  9    0.000000    0.000000    0.408922    0.167217    0.044672
 10    0.000000    0.000000   -0.000000    0.000000    0.000000
 ---------------------------------------------------------------

 -------------------------------------------------------------
 Excitation n.   1:   4.258002 eV  f = 0.0000  <S**2> = 0.0000
 -------------------------------------------------------------
  3 ->   5 =  -0.293900
  3 ->   6 =  -0.635566

 -------------------------------------------------------------
 Excitation n.   2:   4.258002 eV  f = 0.0000  <S**2> = 0.0000
 -------------------------------------------------------------
  3 ->   5 =  -0.635566
  3 ->   6 =   0.293900

 -------------------------------------------------------------
 Excitation n.   3:   5.180904 eV  f = 1.4439  <S**2> = 0.0000
 -------------------------------------------------------------
  2 ->   7 =  -0.073891
  3 ->   4 =  -0.702326

 -------------------------------------------------------------
 Excitation n.   4:   5.841912 eV  f = 0.0000  <S**2> = 0.0000
 -------------------------------------------------------------
  2 ->   4 =   0.703067

 -------------------------------------------------------------
 Excitation n.   5:   6.018024 eV  f = 0.4126  <S**2> = 0.0000
 -------------------------------------------------------------
  2 ->   5 =   0.691076
  2 ->   6 =   0.103884
  2 ->   9 =  -0.106442

 -------------------------------------------------------------
 Excitation n.   6:   6.018024 eV  f = 0.4126  <S**2> = 0.0000
 -------------------------------------------------------------
  2 ->   5 =   0.103884
  2 ->   6 =  -0.691076
  2 ->  10 =  -0.106442

 -------------------------------------------------------------
 Excitation n.   7:   8.600673 eV  f = 0.0000  <S**2> = 0.0000
 -------------------------------------------------------------
  3 ->   7 =  -0.698996

 -------------------------------------------------------------
 Excitation n.   8:   9.438585 eV  f = 0.1393  <S**2> = 0.0000
 -------------------------------------------------------------
  2 ->   7 =  -0.690672
  2 ->  11 =   0.125451
  3 ->   4 =   0.073883

 -------------------------------------------------------------
 Excitation n.   9:  10.904299 eV  f = 0.0447  <S**2> = 0.0000
 -------------------------------------------------------------
  2 ->  11 =  -0.227713
  3 ->   8 =   0.667391

 -------------------------------------------------------------
 Excitation n.  10:  11.026198 eV  f = 0.0000  <S**2> = 0.0000
 -------------------------------------------------------------
  3 ->   5 =  -0.086289
  3 ->   9 =  -0.516674
  3 ->  10 =  -0.472712

Thomas-Reiche-Kuhn sum rule =   2.453070


 *** dynamical TDA activated ***

 ---------------------------------------------------------------------------------------------------
  First-order dynamical correction to static Bethe-Salpeter excitation energies                     
 ---------------------------------------------------------------------------------------------------
  BSE neutral excitation must be lower than the GT gap =   8.800885 eV
 ---------------------------------------------------------------------------------------------------
      #          Static (eV)         Dynamic (eV)      Correction (eV)         Renorm. (eV)
 ---------------------------------------------------------------------------------------------------
      1            4.258002            4.195224           -0.062778            1.002537
      2            4.258002            4.195224           -0.062778            1.002537
      3            5.180904            5.068755           -0.112149            1.004007
      4            5.841912            5.855761            0.013849            0.987818
      5            6.018024            6.103261            0.085237            0.997933
      6            6.018024            6.103261            0.085237            0.997933
      7            8.600673            8.825667            0.224995            0.989767
      8            9.438585            9.437266           -0.001319            1.000998
      9           10.904299           10.897826           -0.006474            1.000346
     10           11.026198           11.001119           -0.025078            1.002436
 ---------------------------------------------------------------------------------------------------


 -------------------------------------------------------------
   BSE@GT       calculation: triplet        manifold
 -------------------------------------------------------------
 | State |  Excitation energy (au) |  Excitation energy (eV) |
 -------------------------------------------------------------
 |     1 |                0.036601 |                0.995960 |
 |     2 |                0.072911 |                1.984000 |
 |     3 |                0.141295 |                3.844828 |
 |     4 |                0.141295 |                3.844828 |
 |     5 |                0.174642 |                4.752257 |
 |     6 |                0.174642 |                4.752257 |
 |     7 |                0.279813 |                7.614095 |
 |     8 |                0.296419 |                8.065979 |
 |     9 |                0.383493 |               10.435370 |
 |    10 |                0.393965 |               10.720335 |
 |    11 |                0.401175 |               10.916517 |
 |    12 |                0.401175 |               10.916517 |
 |    13 |                0.432877 |               11.779176 |
 |    14 |                0.432877 |               11.779176 |
 |    15 |                0.483197 |               13.148457 |
 |    16 |                0.496367 |               13.506839 |
 |    17 |                0.670518 |               18.245715 |
 |    18 |                0.670518 |               18.245715 |
 |    19 |                0.679351 |               18.486074 |
 |    20 |                0.679351 |               18.486074 |
 -------------------------------------------------------------

 -------------------------------------------------------------
 Excitation n.   1:   0.995960 eV  f = 0.0000  <S**2> = 2.0000
 -------------------------------------------------------------
  2 ->   7 =  -0.236797
  3 ->   4 =  -0.668804
  3 <-   4 =  -0.086518

 -------------------------------------------------------------
 Excitation n.   2:   1.984000 eV  f = 0.0000  <S**2> = 2.0000
 -------------------------------------------------------------
  2 ->   4 =  -0.623215
  3 ->   7 =  -0.322967

 -------------------------------------------------------------
 Excitation n.   3:   3.844828 eV  f = 0.0000  <S**2> = 2.0000
 -------------------------------------------------------------
  3 ->   5 =   0.662053
  3 ->   6 =   0.223423
  3 ->   9 =  -0.090775

 -------------------------------------------------------------
 Excitation n.   4:   3.844828 eV  f = 0.0000  <S**2> = 2.0000
 -------------------------------------------------------------
  3 ->   5 =  -0.223423
  3 ->   6 =   0.662053
  3 ->  10 =   0.090775

 -------------------------------------------------------------
 Excitation n.   5:   4.752257 eV  f = 0.0000  <S**2> = 2.0000
 -------------------------------------------------------------
  2 ->   6 =   0.692699
  2 ->  10 =   0.118979

 -------------------------------------------------------------
 Excitation n.   6:   4.752257 eV  f = 0.0000  <S**2> = 2.0000
 -------------------------------------------------------------
  2 ->   5 =   0.692699
  2 ->   9 =  -0.118979

 -------------------------------------------------------------
 Excitation n.   7:   7.614095 eV  f = 0.0000  <S**2> = 2.0000
 -------------------------------------------------------------
  2 ->   4 =  -0.329305
  3 ->   7 =   0.609767
  3 ->  11 =  -0.112915

 -------------------------------------------------------------
 Excitation n.   8:   8.065979 eV  f = 0.0000  <S**2> = 2.0000
 -------------------------------------------------------------
  2 ->   7 =  -0.628396
  2 ->  11 =   0.171183
  3 ->   4 =   0.240370
  3 ->   8 =  -0.105708

 -------------------------------------------------------------
 Excitation n.   9:  10.435370 eV  f = 0.0000  <S**2> = 2.0000
 -------------------------------------------------------------
  2 ->   7 =  -0.176375
  2 ->  11 =  -0.256900
  3 ->   8 =   0.632096

 -------------------------------------------------------------
 Excitation n.  10:  10.720335 eV  f = 0.0000  <S**2> = 2.0000
 -------------------------------------------------------------
  2 ->   8 =   0.480521
  3 ->   7 =  -0.121229
  3 ->  11 =  -0.499417

Thomas-Reiche-Kuhn sum rule =   0.000000


 *** dynamical TDA activated ***

 ---------------------------------------------------------------------------------------------------
  First-order dynamical correction to static Bethe-Salpeter excitation energies                     
 ---------------------------------------------------------------------------------------------------
  BSE neutral excitation must be lower than the GT gap =   8.800885 eV
 ---------------------------------------------------------------------------------------------------
      #          Static (eV)         Dynamic (eV)      Correction (eV)         Renorm. (eV)
 ---------------------------------------------------------------------------------------------------
      1            0.995960            0.755235           -0.240725            1.012631
      2            1.984000            1.744342           -0.239658            1.012410
      3            3.844828            3.753631           -0.091196            1.003485
      4            3.844828            3.753631           -0.091196            1.003485
      5            4.752257            4.463979           -0.288278            1.007514
      6            4.752257            4.463979           -0.288278            1.007514
      7            7.614095            7.398956           -0.215140            1.012927
      8            8.065979            7.964362           -0.101616            1.005885
      9           10.435370           10.374427           -0.060943            1.004692
     10           10.720335           10.632382           -0.087953            1.006595
 ---------------------------------------------------------------------------------------------------


 -------------------------------------------------------------------------------
          Tr@BSE@G0T0 correlation energy (singlet) =       -0.0046978950 au
          Tr@BSE@G0T0 correlation energy (triplet) =       -0.0056025487 au
          Tr@BSE@G0T0 correlation energy           =       -0.0103004437 au
          Tr@BSE@G0T0 total energy                 =      -15.5820297555 au
 -------------------------------------------------------------------------------

                                       Total CPU time for G0T0 =      2.655 seconds

                                      Total CPU time for QuAcK =      3.991 seconds

