78 significant shell pairs computed in 0.000206 seconds
0
Computed Electron repulsion integrals Integrals in parallel in 0.308040 seconds

 ******************************************************************************************
 *            QuAcK                       QuAcK                         QuAcK             *
 *   __        __        __       __        __        __       __        __        __     *
 * <(o )___  <(o )___  <(o )___ <(o )___  <(o )___  <(o )___ <(o )___  <(o )___  <(o )___ *
 * ( ._> /   ( ._> /   ( ._> /  ( ._> /   ( ._> /   ( ._> /  ( ._> /   ( ._> /   ( ._> /  *
 *|--------------------------------------------------------------------------------------|*
 ******************************************************************************************

      ----------------------
             Number of atoms                3
      ----------------------

      ----------------------
Number of spin-up   electron                3
Number of spin-down electron                3
    Total number of electron                6
      ----------------------

      ----------------------
Number of core      electron                0
Number of Rydberg   electron                0
      ----------------------

          ------------------
          Molecular geometry
          ------------------
                    Atom n.                 1
                        Z =      4.0000000000
           Atom coordinates:     0.0000000000    0.0000000000    0.0000000000
                    Atom n.                 2
                        Z =      1.0000000000
           Atom coordinates:     0.0000000000    0.0000000000    2.6456165756
                    Atom n.                 3
                        Z =      1.0000000000
           Atom coordinates:     0.0000000000    0.0000000000   -2.6456165756

          ------------------
 Nuclear repulsion energy =      3.2128616363
          ------------------

          Gaussian basis set
          ------------------
                    Atom n.                 1
           number of shells                 6
          ------------------
      s-type shell with K =                 9
                                    Exponents     Contraction
                              2940.0000000000    0.0006800000
                               441.2000000000    0.0052360000
                               100.5000000000    0.0266060000
                                28.4300000000    0.0999930000
                                 9.1690000000    0.2697020000
                                 3.1960000000    0.4514690000
                                 1.1590000000    0.2950740000
                                 0.1811000000    0.0125870000
                                 0.0589000000   -0.0037560000
      s-type shell with K =                 9
                                    Exponents     Contraction
                              2940.0000000000   -0.0001230000
                               441.2000000000   -0.0009660000
                               100.5000000000   -0.0048310000
                                28.4300000000   -0.0193140000
                                 9.1690000000   -0.0532800000
                                 3.1960000000   -0.1207230000
                                 1.1590000000   -0.1334350000
                                 0.1811000000    0.5307670000
                                 0.0589000000    0.5801170000
      s-type shell with K =                 1
                                    Exponents     Contraction
                                 0.0589000000    1.0000000000
      p-type shell with K =                 4
                                    Exponents     Contraction
                                 3.6190000000    0.0291110000
                                 0.7110000000    0.1693650000
                                 0.1951000000    0.5134580000
                                 0.0601800000    0.4793380000
      p-type shell with K =                 1
                                    Exponents     Contraction
                                 0.0601800000    1.0000000000
      d-type shell with K =                 1
                                    Exponents     Contraction
                                 0.2354000000    1.0000000000
          ------------------
                    Atom n.                 2
           number of shells                 3
          ------------------
      s-type shell with K =                 4
                                    Exponents     Contraction
                                13.0100000000    0.0196850000
                                 1.9620000000    0.1379770000
                                 0.4446000000    0.4781480000
                                 0.1220000000    0.5012400000
      s-type shell with K =                 1
                                    Exponents     Contraction
                                 0.1220000000    1.0000000000
      p-type shell with K =                 1
                                    Exponents     Contraction
                                 0.7270000000    1.0000000000
          ------------------
                    Atom n.                 3
           number of shells                 3
          ------------------
      s-type shell with K =                 4
                                    Exponents     Contraction
                                13.0100000000    0.0196850000
                                 1.9620000000    0.1379770000
                                 0.4446000000    0.4781480000
                                 0.1220000000    0.5012400000
      s-type shell with K =                 1
                                    Exponents     Contraction
                                 0.1220000000    1.0000000000
      p-type shell with K =                 1
                                    Exponents     Contraction
                                 0.7270000000    1.0000000000
          ------------------
            Number of shells               12
          ------------------

          ------------------
   Number of basis functions               25
          ------------------

 Scaling integrals by    1.0000000000000000     

                          Total CPU time for reading integrals =      0.024 seconds


 ************************************************
 |    Restricted Hartree-Fock calculation       |
 ************************************************


 ----------------------------------------------------
 | RHF calculation                                  |
 ----------------------------------------------------
 |   # |        HF energy |       Conv |     HL Gap |
 ----------------------------------------------------
 |   1 |   -15.8487036148 |   0.198925 |   1.494422 |
 |   2 |   -15.8283280216 |   0.089357 |   1.507673 |
 |   3 |   -15.8060515506 |   0.050459 |   1.508965 |
 |   4 |   -15.7909364380 |   0.033245 |   1.508121 |
 |   5 |   -15.7814775402 |   0.022181 |   1.507202 |
 |   6 |   -15.7756254003 |   0.014961 |   1.506525 |
 |   7 |   -15.7719800196 |   0.010182 |   1.506066 |
 |   8 |   -15.7696826854 |   0.006982 |   1.505760 |
 |   9 |   -15.7682168700 |   0.004817 |   1.505556 |
 |  10 |   -15.7672705036 |   0.003341 |   1.505418 |
 |  11 |   -15.7666528491 |   0.002328 |   1.505324 |
 |  12 |   -15.7662457614 |   0.001628 |   1.505260 |
 |  13 |   -15.7659750825 |   0.001142 |   1.505216 |
 |  14 |   -15.7657936792 |   0.000803 |   1.505185 |
 |  15 |   -15.7656712461 |   0.000566 |   1.505163 |
 |  16 |   -15.7655880913 |   0.000400 |   1.505148 |
 |  17 |   -15.7655312953 |   0.000283 |   1.505138 |
 |  18 |   -15.7654923079 |   0.000200 |   1.505130 |
 |  19 |   -15.7654654254 |   0.000142 |   1.505125 |
 |  20 |   -15.7654468158 |   0.000101 |   1.505122 |
 |  21 |   -15.7654338876 |   0.000072 |   1.505119 |
 |  22 |   -15.7654248783 |   0.000051 |   1.505117 |
 |  23 |   -15.7654185825 |   0.000036 |   1.505116 |
 |  24 |   -15.7654141722 |   0.000026 |   1.505115 |
 |  25 |   -15.7654110760 |   0.000018 |   1.505114 |
 |  26 |   -15.7654088983 |   0.000013 |   1.505114 |
 |  27 |   -15.7654073639 |   0.000009 |   1.505113 |
 |  28 |   -15.7654062813 |   0.000007 |   1.505113 |
 |  29 |   -15.7654055165 |   0.000005 |   1.505113 |
 |  30 |   -15.7654049754 |   0.000003 |   1.505113 |
 |  31 |   -15.7654045924 |   0.000002 |   1.505113 |
 |  32 |   -15.7654043209 |   0.000002 |   1.505113 |
 |  33 |   -15.7654041284 |   0.000001 |   1.505113 |
 |  34 |   -15.7654039918 |   0.000001 |   1.505113 |
 |  35 |   -15.7654038948 |   0.000001 |   1.505113 |
 |  36 |   -15.7654038258 |   0.000000 |   1.505113 |
 |  37 |   -15.7654037768 |   0.000000 |   1.505113 |
 |  38 |   -15.7654037420 |   0.000000 |   1.505113 |
 |  39 |   -15.7654037172 |   0.000000 |   1.505113 |
 |  40 |   -15.7654036995 |   0.000000 |   1.505113 |
 |  41 |   -15.7654037401 |   0.000000 |   0.505113 |
 ----------------------------------------------------

         -----------------------------------------
           Summary              
         -----------------------------------------
           One-electron energy:    -26.7284008259 au
           Kinetic      energy:     15.6402186321 au
           Potential    energy:    -42.3686194580 au
         -----------------------------------------
           Two-electron energy:      7.7501354496 au
           Hartree      energy:     11.1691440746 au
           Exchange     energy:     -3.4190086251 au
         -----------------------------------------
           Electronic   energy:    -18.9782653763 au
           Nuclear   repulsion:      3.2128616363 au
           RHF          energy:    -15.7654037401 au
         -----------------------------------------
           HF HOMO      energy:        -11.902098 eV
           HF LUMO      energy:          1.842719 eV
           HF HOMO-LUMO gap   :         13.744817 eV
         -----------------------------------------
          Dipole moment (Debye)    
                   X         Y         Z      Tot.
            0.000000  0.000000 -0.000000  0.000000
         -----------------------------------------

           ---------------------------------------
                 MO coefficients
           ---------------------------------------
                 1              2              3              4              5
      1     1.00108341    -0.03104279     0.00000000     0.00000000     0.00000000
      2     0.01240719     0.69697192     0.00000000     0.00000000     0.00000000
      3    -0.00481630    -0.23041440     0.00000000     0.00000000     0.00000000
      4     0.00000000     0.00000000     0.00000000    -0.26621148     0.30433766
      5     0.00000000     0.00000000     0.00000000     0.30433766     0.26621148
      6     0.00000000     0.00000000    -0.61329288     0.00000000     0.00000000
      7     0.00000000     0.00000000     0.00000000    -0.41336323     0.47256413
      8     0.00000000     0.00000000     0.00000000     0.47256413     0.41336323
      9     0.00000000     0.00000000     0.16723343     0.00000000     0.00000000
     10    -0.00326110    -0.02327285     0.00000000     0.00000000     0.00000000
     11     0.00000000     0.00000000     0.00000000     0.00000000     0.00000000
     12     0.00000000     0.00000000     0.00000000     0.00000000     0.00000000
     13    -0.00326110    -0.02327285     0.00000000     0.00000000     0.00000000
     14     0.00000000     0.00000000     0.00000000     0.00000000     0.00000000
     15    -0.00358150     0.03740786     0.00000000     0.00000000     0.00000000
     16     0.00273972     0.45496495    -0.51640477     0.00000000     0.00000000
     17    -0.00107048    -0.05318193     0.11242430     0.00000000     0.00000000
     18     0.00000000     0.00000000     0.00000000    -0.00708775     0.00810284
     19     0.00000000     0.00000000     0.00000000     0.00810284     0.00708775
     20    -0.00087668    -0.01680434     0.01323780     0.00000000     0.00000000
     21     0.00273972     0.45496495     0.51640477     0.00000000     0.00000000
     22    -0.00107048    -0.05318193    -0.11242430     0.00000000     0.00000000
     23     0.00000000     0.00000000     0.00000000    -0.00708775     0.00810284
     24     0.00000000     0.00000000     0.00000000     0.00810284     0.00708775
     25     0.00087668     0.01680434     0.01323780     0.00000000     0.00000000
                 6              7              8              9             10
      1     0.12092272     0.00000000     0.54666699     0.00000000     0.00000000
      2     0.28317361     0.00000000     2.84214886     0.00000000     0.00000000
      3    -2.42222979     0.00000000    -2.60215679     0.00000000     0.00000000
      4     0.00000000     0.00000000     0.00000000     0.04912129     1.88313288
      5     0.00000000     0.00000000     0.00000000     1.88313288    -0.04912129
      6     0.00000000    -0.36983561     0.00000000     0.00000000     0.00000000
      7     0.00000000     0.00000000     0.00000000    -0.04777511    -1.83152516
      8     0.00000000     0.00000000     0.00000000    -1.83152516     0.04777511
      9     0.00000000     2.59028510     0.00000000     0.00000000     0.00000000
     10     0.06735301     0.00000000     0.24407962     0.00000000     0.00000000
     11     0.00000000     0.00000000     0.00000000     0.00000000     0.00000000
     12     0.00000000     0.00000000     0.00000000     0.00000000     0.00000000
     13     0.06735301     0.00000000     0.24407962     0.00000000     0.00000000
     14     0.00000000     0.00000000     0.00000000     0.00000000     0.00000000
     15    -0.02386211     0.00000000     0.22436164     0.00000000     0.00000000
     16     0.28753564    -0.08685950    -0.08453335     0.00000000     0.00000000
     17     0.92727531    -1.31976968    -0.49891068     0.00000000     0.00000000
     18     0.00000000     0.00000000     0.00000000     0.00059233     0.02270788
     19     0.00000000     0.00000000     0.00000000     0.02270788    -0.00059233
     20    -0.02259296     0.01825662     0.00384358     0.00000000     0.00000000
     21     0.28753564     0.08685950    -0.08453335     0.00000000     0.00000000
     22     0.92727531     1.31976968    -0.49891068     0.00000000     0.00000000
     23     0.00000000     0.00000000     0.00000000     0.00059233     0.02270788
     24     0.00000000     0.00000000     0.00000000     0.02270788    -0.00059233
     25     0.02259296     0.01825662    -0.00384358     0.00000000     0.00000000
                11             12             13             14             15
      1     0.00000000    -0.15057592     0.00000000     0.00000000     0.00000000
      2     0.00000000    -0.34576268     0.00000000     0.00000000     0.00000000
      3     0.00000000    -1.68923079     0.00000000     0.00000000     0.00000000
      4     0.00000000     0.00000000     0.00000000     0.00000000     0.00000000
      5     0.00000000     0.00000000     0.00000000     0.00000000     0.00000000
      6     2.12828882     0.00000000     0.00000000     0.00000000     0.00000000
      7     0.00000000     0.00000000     0.00000000     0.00000000     0.00000000
      8     0.00000000     0.00000000     0.00000000     0.00000000     0.00000000
      9     0.66621832     0.00000000     0.00000000     0.00000000     0.00000000
     10     0.00000000     0.46587847     0.00000000     0.00000000    -0.86602536
     11     0.00000000     0.00000000     0.00000000     0.00000000     0.00032618
     12     0.00000000     0.00000000    -0.58352151     0.77541553     0.00000000
     13     0.00000000     0.46587847     0.00000000     0.00000000     0.86602536
     14     0.00000000     0.00000000    -0.77541553    -0.58352151     0.00000000
     15     0.00000000    -1.06536318     0.00000000     0.00000000     0.00000000
     16     0.05740239    -0.62674784     0.00000000     0.00000000     0.00000000
     17    -2.26654232     2.15083282     0.00000000     0.00000000     0.00000000
     18     0.00000000     0.00000000    -0.02243766     0.02981640     0.00000000
     19     0.00000000     0.00000000    -0.02981640    -0.02243766     0.00000000
     20    -0.03333299    -0.11272614     0.00000000     0.00000000     0.00000000
     21    -0.05740239    -0.62674784     0.00000000     0.00000000     0.00000000
     22     2.26654232     2.15083282     0.00000000     0.00000000     0.00000000
     23     0.00000000     0.00000000     0.02243766    -0.02981640     0.00000000
     24     0.00000000     0.00000000     0.02981640     0.02243766     0.00000000
     25    -0.03333299     0.11272614     0.00000000     0.00000000     0.00000000
                16             17             18             19             20
      1     0.00000000     0.00000000    -0.39427807     0.22506593     0.00000000
      2     0.00000000     0.00000000    -3.83751010     1.85981911     0.00000000
      3     0.00000000     0.00000000     1.39575386    -0.64800610     0.00000000
      4     0.00000000     0.00000000     0.00000000     0.00000000     0.22061413
      5     0.00000000     0.00000000     0.00000000     0.00000000    -0.37275026
      6     0.00000000    -0.58484833     0.00000000     0.00000000     0.00000000
      7     0.00000000     0.00000000     0.00000000     0.00000000    -0.08078751
      8     0.00000000     0.00000000     0.00000000     0.00000000     0.13649881
      9     0.00000000     1.95454273     0.00000000     0.00000000     0.00000000
     10    -0.00028248     0.00000000     1.40389418    -0.20140007     0.00000000
     11    -0.99999995     0.00000000     0.00000000     0.00000000     0.00000000
     12     0.00000000     0.00000000     0.00000000     0.00000000     0.00000000
     13     0.00028248     0.00000000     1.40389418    -0.20140007     0.00000000
     14     0.00000000     0.00000000     0.00000000     0.00000000     0.00000000
     15     0.00000000     0.00000000     1.03078983    -2.17466624     0.00000000
     16     0.00000000     1.95102915     0.38341970     1.94500279     0.00000000
     17     0.00000000    -3.05634765    -0.44425076    -1.11510442     0.00000000
     18     0.00000000     0.00000000     0.00000000     0.00000000    -0.37372422
     19     0.00000000     0.00000000     0.00000000     0.00000000     0.63144551
     20     0.00000000     0.05544149     0.14230534     0.20844671     0.00000000
     21     0.00000000    -1.95102915     0.38341970     1.94500279     0.00000000
     22     0.00000000     3.05634765    -0.44425076    -1.11510442     0.00000000
     23     0.00000000     0.00000000     0.00000000     0.00000000    -0.37372422
     24     0.00000000     0.00000000     0.00000000     0.00000000     0.63144551
     25     0.00000000     0.05544149    -0.14230534    -0.20844671     0.00000000
                21             22             23             24             25
      1     0.00000000     0.00000000     0.00000000     0.00000000     0.61381325
      2     0.00000000     0.00000000     0.00000000     0.00000000     3.02661929
      3     0.00000000     0.00000000     0.00000000     0.00000000    -1.05118366
      4    -0.37275026     0.00000000     0.00000000     0.00000000     0.00000000
      5    -0.22061413     0.00000000     0.00000000     0.00000000     0.00000000
      6     0.00000000     0.00000000     0.00000000     2.26313841     0.00000000
      7     0.13649881     0.00000000     0.00000000     0.00000000     0.00000000
      8     0.08078751     0.00000000     0.00000000     0.00000000     0.00000000
      9     0.00000000     0.00000000     0.00000000    -0.46427019     0.00000000
     10     0.00000000     0.00000000     0.00000000     0.00000000    -0.73910417
     11     0.00000000     0.00000000     0.00000000     0.00000000     0.00000000
     12     0.00000000    -0.57288816    -0.38027732     0.00000000     0.00000000
     13     0.00000000     0.00000000     0.00000000     0.00000000    -0.73910417
     14     0.00000000     0.38027732    -0.57288816     0.00000000     0.00000000
     15     0.00000000     0.00000000     0.00000000     0.00000000     2.08867172
     16     0.00000000     0.00000000     0.00000000    -0.30985121    -1.95921184
     17     0.00000000     0.00000000     0.00000000    -1.00950949    -0.01090891
     18     0.63144551     0.70001056     0.46465987     0.00000000     0.00000000
     19     0.37372422    -0.46465987     0.70001056     0.00000000     0.00000000
     20     0.00000000     0.00000000     0.00000000     0.93851258     1.02553157
     21     0.00000000     0.00000000     0.00000000     0.30985121    -1.95921184
     22     0.00000000     0.00000000     0.00000000     1.00950949    -0.01090891
     23     0.63144551    -0.70001056    -0.46465987     0.00000000     0.00000000
     24     0.37372422     0.46465987    -0.70001056     0.00000000     0.00000000
     25     0.00000000     0.00000000     0.00000000     0.93851258    -1.02553157

           ---------------------------------------
                     MO energies
           ---------------------------------------
                 1
      1    -4.69506838
      2    -0.48160256
      3    -0.43739403
      4     0.06771868
      5     0.06771868
      6     0.14901930
      7     0.18943945
      8     0.30023944
      9     0.35997672
     10     0.35997672
     11     0.50583188
     12     0.59963927
     13     0.60982916
     14     0.60982916
     15     0.64451891
     16     0.64451891
     17     1.05281367
     18     1.13779146
     19     1.58095649
     20     1.64821235
     21     1.64821235
     22     1.97292139
     23     1.97292139
     24     2.29794694
     25     2.40350653

                                        Total CPU time for RHF =      0.336 seconds


 AO to MO transformation... Please be patient

                    Total CPU time for AO to MO transformation =      0.673 seconds


 ************************************************
 |          One-shot G0W0 calculation           |
 ************************************************


 -------------------------------------------------------------
   RPA@HF       calculation: singlet        manifold
 -------------------------------------------------------------
 | State |  Excitation energy (au) |  Excitation energy (eV) |
 -------------------------------------------------------------
 |     1 |                0.519952 |               14.148609 |
 |     2 |                0.519952 |               14.148609 |
 |     3 |                0.589390 |               16.038107 |
 |     4 |                0.589390 |               16.038107 |
 |     5 |                0.623395 |               16.963436 |
 |     6 |                0.637449 |               17.345861 |
 |     7 |                0.677780 |               18.443340 |
 |     8 |                0.690155 |               18.780081 |
 |     9 |                0.769298 |               20.933656 |
 |    10 |                0.810663 |               22.059269 |
 |    11 |                0.810663 |               22.059269 |
 |    12 |                0.824816 |               22.444397 |
 |    13 |                0.879306 |               23.927131 |
 |    14 |                0.879306 |               23.927131 |
 |    15 |                1.041134 |               28.330708 |
 |    16 |                1.046191 |               28.468298 |
 |    17 |                1.091448 |               29.699814 |
 |    18 |                1.091448 |               29.699814 |
 |    19 |                1.112364 |               30.268963 |
 |    20 |                1.136872 |               30.935869 |
 -------------------------------------------------------------

  *** Quasiparticle energies obtained by linearization *** 

 -------------------------------------------------------------------------------
   One-shot G0W0 calculation
 -------------------------------------------------------------------------------
 |   # |       e_HF (eV) |      Sig_c (eV) |               Z |       e_QP (eV) |
 -------------------------------------------------------------------------------
 |   1 |     -127.759318 |        3.862208 |        0.909327 |     -124.247307 |
 |   2 |      -13.105073 |        0.053012 |        0.943125 |      -13.055076 |
 |   3 |      -11.902098 |        0.047354 |        0.943400 |      -11.857424 |
 |   4 |        1.842719 |       -0.386390 |        0.983207 |        1.462818 |
 |   5 |        1.842719 |       -0.386390 |        0.983207 |        1.462818 |
 |   6 |        4.055022 |       -0.393516 |        0.979888 |        3.669420 |
 |   7 |        5.154910 |       -0.109033 |        0.994263 |        5.046503 |
 |   8 |        8.169931 |       -0.555032 |        0.973017 |        7.629876 |
 |   9 |        9.795466 |       -0.963889 |        0.959199 |        8.870904 |
 |  10 |        9.795466 |       -0.963889 |        0.959199 |        8.870904 |
 |  11 |       13.764387 |       -0.695483 |        0.957419 |       13.098518 |
 |  12 |       16.317016 |       -1.080989 |        0.879042 |       15.366781 |
 |  13 |       16.594297 |       -0.690791 |        0.930360 |       15.951612 |
 |  14 |       16.594297 |       -0.690791 |        0.930360 |       15.951612 |
 |  15 |       17.538253 |       -4.553168 |        0.084829 |       17.152012 |
 |  16 |       17.538253 |       -4.553168 |        0.084829 |       17.152012 |
 |  17 |       28.648519 |       -2.561232 |        0.697767 |       26.861376 |
 |  18 |       30.960883 |       -0.071338 |        0.140373 |       30.950869 |
 |  19 |       43.020017 |       -3.022852 |        0.436428 |       41.700760 |
 |  20 |       44.850143 |       -5.356087 |        0.027338 |       44.703718 |
 |  21 |       44.850143 |       -5.356087 |        0.027338 |       44.703718 |
 |  22 |       53.685925 |       -2.213060 |        0.717948 |       52.097064 |
 |  23 |       53.685925 |       -2.213060 |        0.717948 |       52.097064 |
 |  24 |       62.530321 |        0.349847 |        0.341592 |       62.649826 |
 |  25 |       65.402744 |       -1.395192 |        0.166590 |       65.170319 |
 -------------------------------------------------------------------------------
          G0W0 HOMO      energy:     -11.857424 eV
          G0W0 LUMO      energy:       1.462818 eV
          G0W0 HOMO-LUMO gap   :      13.320241 eV
 -------------------------------------------------------------------------------
    RPA@G0W0 total energy      :     -15.853904 au
    RPA@G0W0 correlation energy:      -0.088500 au
    GM@G0W0  total energy      :     -15.925975 au
    GM@G0W0  correlation energy:      -0.160571 au
 -------------------------------------------------------------------------------


 -------------------------------------------------------------
   BSE@GW       calculation: singlet        manifold
 -------------------------------------------------------------
 | State |  Excitation energy (au) |  Excitation energy (eV) |
 -------------------------------------------------------------
 |     1 |                0.251446 |                6.842198 |
 |     2 |                0.251446 |                6.842198 |
 |     3 |                0.328793 |                8.946909 |
 |     4 |                0.328793 |                8.946909 |
 |     5 |                0.385202 |               10.481891 |
 |     6 |                0.418218 |               11.380290 |
 |     7 |                0.449836 |               12.240653 |
 |     8 |                0.459375 |               12.500235 |
 |     9 |                0.502097 |               13.662751 |
 |    10 |                0.502097 |               13.662751 |
 |    11 |                0.507238 |               13.802637 |
 |    12 |                0.554566 |               15.090512 |
 |    13 |                0.559717 |               15.230684 |
 |    14 |                0.559717 |               15.230684 |
 |    15 |                0.697584 |               18.982231 |
 |    16 |                0.712507 |               19.388314 |
 |    17 |                0.782966 |               21.305578 |
 |    18 |                0.782966 |               21.305578 |
 |    19 |                0.786618 |               21.404956 |
 |    20 |                0.786618 |               21.404956 |
 -------------------------------------------------------------

 ---------------------------------------------------------------
                 Transition dipole moment (au)                  
 ---------------------------------------------------------------
  #           X           Y           Z   dip. str.   osc. str.
 ---------------------------------------------------------------
  1    0.000000   -0.000000    0.000000    0.000000    0.000000
  2    0.000000    0.000000   -0.000000    0.000000    0.000000
  3   -1.209700   -0.655912    0.000000    1.893594    0.415067
  4    0.655912   -1.209700    0.000000    1.893594    0.415067
  5   -0.000000   -0.000000   -1.184482    1.402997    0.360292
  6    0.000000   -0.000000   -0.000000    0.000000    0.000000
  7   -0.000000    0.000000    0.000000    0.000000    0.000000
  8   -0.000000   -0.000000   -1.323290    1.751096    0.536273
  9   -0.000000   -0.000000   -0.000000    0.000000    0.000000
 10   -0.000000    0.000000   -0.000000    0.000000    0.000000
 ---------------------------------------------------------------

 -------------------------------------------------------------
 Excitation n.   1:   6.842198 eV  f = 0.0000  <S**2> = 0.0000
 -------------------------------------------------------------
  3 ->   4 =  -0.317281
  3 ->   5 =   0.616999
  3 ->  10 =   0.131809

 -------------------------------------------------------------
 Excitation n.   2:   6.842198 eV  f = 0.0000  <S**2> = 0.0000
 -------------------------------------------------------------
  3 ->   4 =  -0.616999
  3 ->   5 =  -0.317281
  3 ->   9 =  -0.131809

 -------------------------------------------------------------
 Excitation n.   3:   8.946909 eV  f = 0.4151  <S**2> = 0.0000
 -------------------------------------------------------------
  2 ->   4 =   0.154987
  2 ->   5 =  -0.687176
  2 ->  10 =  -0.071390

 -------------------------------------------------------------
 Excitation n.   4:   8.946909 eV  f = 0.4151  <S**2> = 0.0000
 -------------------------------------------------------------
  2 ->   4 =  -0.687176
  2 ->   5 =  -0.154987
  2 ->   9 =  -0.071390

 -------------------------------------------------------------
 Excitation n.   5:  10.481891 eV  f = 0.3603  <S**2> = 0.0000
 -------------------------------------------------------------
  3 ->   6 =   0.702256
  3 ->   8 =  -0.090240

 -------------------------------------------------------------
 Excitation n.   6:  11.380290 eV  f = 0.0000  <S**2> = 0.0000
 -------------------------------------------------------------
  2 ->   6 =  -0.703552
  2 ->   8 =   0.073250

 -------------------------------------------------------------
 Excitation n.   7:  12.240653 eV  f = 0.0000  <S**2> = 0.0000
 -------------------------------------------------------------
  3 ->   7 =   0.705181

 -------------------------------------------------------------
 Excitation n.   8:  12.500235 eV  f = 0.5363  <S**2> = 0.0000
 -------------------------------------------------------------
  2 ->   7 =  -0.495957
  3 ->   6 =  -0.076269
  3 ->   8 =  -0.493402

 -------------------------------------------------------------
 Excitation n.   9:  13.662751 eV  f = 0.0000  <S**2> = 0.0000
 -------------------------------------------------------------
  3 ->   4 =   0.093634
  3 ->   5 =   0.100008
  3 ->   9 =  -0.691658

 -------------------------------------------------------------
 Excitation n.  10:  13.662751 eV  f = 0.0000  <S**2> = 0.0000
 -------------------------------------------------------------
  3 ->   4 =  -0.100008
  3 ->   5 =   0.093634
  3 ->  10 =  -0.691658

Thomas-Reiche-Kuhn sum rule =   1.726699


 *** dynamical TDA activated ***

 ---------------------------------------------------------------------------------------------------
  First-order dynamical correction to static Bethe-Salpeter excitation energies                     
 ---------------------------------------------------------------------------------------------------
  BSE neutral excitation must be lower than the GW gap =  13.320241 eV
 ---------------------------------------------------------------------------------------------------
      #          Static (eV)         Dynamic (eV)      Correction (eV)         Renorm. (eV)
 ---------------------------------------------------------------------------------------------------
      1            6.842198            6.735956           -0.106242            1.010100
      2            6.842198            6.735956           -0.106242            1.010100
      3            8.946909            8.865841           -0.081068            1.010339
      4            8.946909            8.865841           -0.081068            1.010339
      5           10.481891           10.421464           -0.060428            1.009535
      6           11.380290           11.319395           -0.060895            1.009090
      7           12.240653           12.206289           -0.034363            1.005449
      8           12.500235           12.385171           -0.115063            1.012489
      9           13.662751           13.538619           -0.124132            1.011008
     10           13.662751           13.538619           -0.124132            1.011008
 ---------------------------------------------------------------------------------------------------


 -------------------------------------------------------------
   BSE@GW       calculation: triplet        manifold
 -------------------------------------------------------------
 | State |  Excitation energy (au) |  Excitation energy (eV) |
 -------------------------------------------------------------
 |     1 |                0.221422 |                6.025199 |
 |     2 |                0.221422 |                6.025199 |
 |     3 |                0.256049 |                6.967454 |
 |     4 |                0.256049 |                6.967454 |
 |     5 |                0.300682 |                8.181981 |
 |     6 |                0.341742 |                9.299278 |
 |     7 |                0.389908 |               10.609949 |
 |     8 |                0.404613 |               11.010081 |
 |     9 |                0.489381 |               13.316730 |
 |    10 |                0.489381 |               13.316730 |
 |    11 |                0.493422 |               13.426687 |
 |    12 |                0.500763 |               13.626455 |
 |    13 |                0.526136 |               14.316881 |
 |    14 |                0.526136 |               14.316881 |
 |    15 |                0.626670 |               17.052567 |
 |    16 |                0.664209 |               18.074054 |
 |    17 |                0.704174 |               19.161545 |
 |    18 |                0.704174 |               19.161545 |
 |    19 |                0.718980 |               19.564447 |
 |    20 |                0.745838 |               20.295291 |
 -------------------------------------------------------------

 -------------------------------------------------------------
 Excitation n.   1:   6.025199 eV  f = 0.0000  <S**2> = 2.0000
 -------------------------------------------------------------
  2 ->  13 =   0.081872
  3 ->   4 =   0.146227
  3 ->   5 =   0.666242
  3 ->   9 =   0.139543
  3 ->  10 =   0.097527

 -------------------------------------------------------------
 Excitation n.   2:   6.025199 eV  f = 0.0000  <S**2> = 2.0000
 -------------------------------------------------------------
  2 ->  14 =   0.081872
  3 ->   4 =   0.666242
  3 ->   5 =  -0.146227
  3 ->   9 =   0.097527
  3 ->  10 =  -0.139543

 -------------------------------------------------------------
 Excitation n.   3:   6.967454 eV  f = 0.0000  <S**2> = 2.0000
 -------------------------------------------------------------
  2 ->   4 =   0.614017
  2 ->   5 =  -0.287028
  2 ->  10 =  -0.168749
  3 ->  14 =   0.094280

 -------------------------------------------------------------
 Excitation n.   4:   6.967454 eV  f = 0.0000  <S**2> = 2.0000
 -------------------------------------------------------------
  2 ->   4 =  -0.287028
  2 ->   5 =  -0.614017
  2 ->   9 =  -0.168749
  3 ->  13 =  -0.094280

 -------------------------------------------------------------
 Excitation n.   5:   8.181981 eV  f = 0.0000  <S**2> = 2.0000
 -------------------------------------------------------------
  2 ->  11 =   0.092882
  3 ->   6 =   0.656744
  3 ->   8 =  -0.212379
  3 ->  12 =  -0.101178

 -------------------------------------------------------------
 Excitation n.   6:   9.299278 eV  f = 0.0000  <S**2> = 2.0000
 -------------------------------------------------------------
  2 ->   6 =  -0.645575
  2 ->   8 =   0.199295
  2 ->  12 =   0.103632
  3 ->   7 =  -0.135029
  3 ->  11 =  -0.110740

 -------------------------------------------------------------
 Excitation n.   7:  10.609949 eV  f = 0.0000  <S**2> = 2.0000
 -------------------------------------------------------------
  2 ->   8 =   0.313103
  3 ->   7 =   0.600643
  3 ->  11 =  -0.195903

 -------------------------------------------------------------
 Excitation n.   8:  11.010081 eV  f = 0.0000  <S**2> = 2.0000
 -------------------------------------------------------------
  2 ->   7 =   0.437128
  2 ->  11 =  -0.176586
  3 ->   6 =   0.134613
  3 ->   8 =   0.504587

 -------------------------------------------------------------
 Excitation n.   9:  13.316730 eV  f = 0.0000  <S**2> = 2.0000
 -------------------------------------------------------------
  3 ->   5 =   0.171837
  3 ->   9 =  -0.572246
  3 ->  10 =  -0.369971

 -------------------------------------------------------------
 Excitation n.  10:  13.316730 eV  f = 0.0000  <S**2> = 2.0000
 -------------------------------------------------------------
  3 ->   4 =   0.171837
  3 ->   9 =  -0.369971
  3 ->  10 =   0.572246

Thomas-Reiche-Kuhn sum rule =   0.000000


 *** dynamical TDA activated ***

 ---------------------------------------------------------------------------------------------------
  First-order dynamical correction to static Bethe-Salpeter excitation energies                     
 ---------------------------------------------------------------------------------------------------
  BSE neutral excitation must be lower than the GW gap =  13.320241 eV
 ---------------------------------------------------------------------------------------------------
      #          Static (eV)         Dynamic (eV)      Correction (eV)         Renorm. (eV)
 ---------------------------------------------------------------------------------------------------
      1            6.025199            5.870767           -0.154432            1.011126
      2            6.025199            5.870767           -0.154432            1.011126
      3            6.967454            6.789095           -0.178359            1.012686
      4            6.967454            6.789095           -0.178359            1.012686
      5            8.181981            7.947977           -0.234004            1.014719
      6            9.299278            9.064460           -0.234818            1.015059
      7           10.609949           10.425361           -0.184589            1.012748
      8           11.010081           10.794593           -0.215488            1.014971
      9           13.316730           13.188483           -0.128247            1.009809
     10           13.316730           13.188483           -0.128247            1.009809
 ---------------------------------------------------------------------------------------------------


 -------------------------------------------------------------------------------
          Tr@BSE@G0W0 correlation energy (singlet) =       -0.0576805721
          Tr@BSE@G0W0 correlation energy (triplet) =       -0.0230902728
          Tr@BSE@G0W0 correlation energy           =       -0.0807708449
          Tr@BSE@G0W0 total energy                 =      -15.8461745850
 -------------------------------------------------------------------------------

                                       Total CPU time for G0W0 =      0.059 seconds


 ************************************************
 |          One-shot G0T0 calculation           |
 ************************************************


 -------------------------------------------------------------
   pp-RPA (N+2) calculation: alpha-beta     manifold
 -------------------------------------------------------------
 | State |  Excitation energy (au) |  Excitation energy (eV) |
 -------------------------------------------------------------
 |     1 |                0.336667 |                9.161172 |
 |     2 |                0.359064 |                9.770633 |
 |     3 |                0.359064 |                9.770633 |
 |     4 |                0.361902 |                9.847866 |
 |     5 |                0.388877 |               10.581879 |
 |     6 |                0.388877 |               10.581879 |
 |     7 |                0.427781 |               11.640502 |
 |     8 |                0.427781 |               11.640502 |
 |     9 |                0.445653 |               12.126823 |
 |    10 |                0.445653 |               12.126823 |
 |    11 |                0.465569 |               12.668767 |
 |    12 |                0.465569 |               12.668767 |
 |    13 |                0.499739 |               13.598589 |
 |    14 |                0.517448 |               14.080475 |
 |    15 |                0.524816 |               14.280964 |
 |    16 |                0.549403 |               14.950030 |
 |    17 |                0.576471 |               15.686585 |
 |    18 |                0.576471 |               15.686585 |
 |    19 |                0.587447 |               15.985244 |
 |    20 |                0.587447 |               15.985244 |
 -------------------------------------------------------------


 -------------------------------------------------------------
   pp-RPA (N-2) calculation: alpha-beta     manifold
 -------------------------------------------------------------
 | State |  Excitation energy (au) |  Excitation energy (eV) |
 -------------------------------------------------------------
 |     1 |              -11.666330 |             -317.457018 |
 |     2 |               -5.638047 |             -153.419062 |
 |     3 |               -5.610163 |             -152.660323 |
 |     4 |               -5.562794 |             -151.371340 |
 |     5 |               -5.553394 |             -151.115539 |
 |     6 |               -1.458144 |              -39.678127 |
 |     7 |               -1.453078 |              -39.540258 |
 |     8 |               -1.146750 |              -31.204644 |
 |     9 |               -1.146606 |              -31.200738 |
 -------------------------------------------------------------


 -------------------------------------------------------------
   pp-RPA (N+2) calculation: alpha-alpha    manifold
 -------------------------------------------------------------
 | State |  Excitation energy (au) |  Excitation energy (eV) |
 -------------------------------------------------------------
 |     1 |                0.336667 |                9.161172 |
 |     2 |                0.388877 |               10.581879 |
 |     3 |                0.388877 |               10.581879 |
 |     4 |                0.427781 |               11.640502 |
 |     5 |                0.427781 |               11.640502 |
 |     6 |                0.499739 |               13.598589 |
 |     7 |                0.576471 |               15.686585 |
 |     8 |                0.576471 |               15.686585 |
 |     9 |                0.622488 |               16.938755 |
 |    10 |                0.644597 |               17.540381 |
 |    11 |                0.644597 |               17.540381 |
 |    12 |                0.654374 |               17.806424 |
 |    13 |                0.675582 |               18.383535 |
 |    14 |                0.678828 |               18.471853 |
 |    15 |                0.722863 |               19.670116 |
 |    16 |                0.722863 |               19.670116 |
 |    17 |                0.728048 |               19.811183 |
 |    18 |                0.728048 |               19.811183 |
 |    19 |                0.794938 |               21.631352 |
 |    20 |                0.794938 |               21.631352 |
 -------------------------------------------------------------


 -------------------------------------------------------------
   pp-RPA (N-2) calculation: alpha-alpha    manifold
 -------------------------------------------------------------
 | State |  Excitation energy (au) |  Excitation energy (eV) |
 -------------------------------------------------------------
 |     1 |               -5.610163 |             -152.660323 |
 |     2 |               -5.553394 |             -151.115539 |
 |     3 |               -1.146750 |              -31.204644 |
 -------------------------------------------------------------

 -------------------------------------------------------------------------------
   One-shot G0T0 calculation (T-matrix self-energy)  
 -------------------------------------------------------------------------------
 |   # |       e_HF (eV) |    Sigma_T (eV) |               Z |       e_QP (eV) |
 -------------------------------------------------------------------------------
 |   1 |     -127.759318 |        2.818059 |        0.937870 |     -125.116344 |
 |   2 |      -13.105073 |        0.128452 |        0.980980 |      -12.979065 |
 |   3 |      -11.902098 |        0.135796 |        0.980094 |      -11.769005 |
 |   4 |        1.842719 |       -0.385034 |        0.988610 |        1.462071 |
 |   5 |        1.842719 |       -0.385034 |        0.988610 |        1.462071 |
 |   6 |        4.055022 |       -0.313025 |        0.989799 |        3.745190 |
 |   7 |        5.154910 |       -0.089015 |        0.996807 |        5.066179 |
 |   8 |        8.169931 |       -0.497126 |        0.983792 |        7.680862 |
 |   9 |        9.795466 |       -0.705620 |        0.977840 |        9.105482 |
 |  10 |        9.795466 |       -0.705620 |        0.977840 |        9.105482 |
 |  11 |       13.764387 |       -0.587050 |        0.978884 |       13.189733 |
 |  12 |       16.317016 |       -0.578296 |        0.977978 |       15.751455 |
 |  13 |       16.594297 |       -0.588953 |        0.973797 |       16.020776 |
 |  14 |       16.594297 |       -0.588953 |        0.973797 |       16.020776 |
 |  15 |       17.538253 |       -0.672673 |        0.958844 |       16.893264 |
 |  16 |       17.538253 |       -0.672673 |        0.958844 |       16.893264 |
 |  17 |       28.648519 |       -1.328759 |        0.768988 |       27.626720 |
 |  18 |       30.960883 |        0.003421 |        0.180711 |       30.961501 |
 |  19 |       43.020017 |       -0.966449 |        0.283092 |       42.746424 |
 |  20 |       44.850143 |       -1.741998 |        0.294999 |       44.336255 |
 |  21 |       44.850143 |       -1.741998 |        0.294999 |       44.336255 |
 |  22 |       53.685925 |       -5.168970 |        0.025198 |       53.555679 |
 |  23 |       53.685925 |       -5.168970 |        0.025198 |       53.555679 |
 |  24 |       62.530321 |       -2.711328 |        0.329755 |       61.636247 |
 |  25 |       65.402744 |       -0.664080 |        0.207763 |       65.264773 |
 -------------------------------------------------------------------------------
             G0T0 HOMO      energy (eV)            =     -11.769005 eV
             G0T0 LUMO      energy (eV)            =       1.462071 eV
             G0T0 HOMO-LUMO gap    (eV)            =      13.231075 eV
 -------------------------------------------------------------------------------
        Tr@ppRPA@G0T0 correlation energy (singlet) =       -0.0334895427 au
        Tr@ppRPA@G0T0 correlation energy (triplet) =       -0.0018504596 au
        Tr@ppRPA@G0T0 correlation energy           =       -0.0353400023 au
        Tr@ppRPA@G0T0 total energy                 =      -15.8007437424 au
              GM@G0T0 correlation energy           =       -0.0581619237 au
              GM@G0T0 total energy                 =      -15.8235656638 au
 -------------------------------------------------------------------------------


 -------------------------------------------------------------
   BSE@GT       calculation: singlet        manifold
 -------------------------------------------------------------
 | State |  Excitation energy (au) |  Excitation energy (eV) |
 -------------------------------------------------------------
 |     1 |                0.240949 |                6.556544 |
 |     2 |                0.240949 |                6.556544 |
 |     3 |                0.317806 |                8.647955 |
 |     4 |                0.317806 |                8.647955 |
 |     5 |                0.374261 |               10.184169 |
 |     6 |                0.401487 |               10.925022 |
 |     7 |                0.439555 |               11.960894 |
 |     8 |                0.446500 |               12.149885 |
 |     9 |                0.492923 |               13.413121 |
 |    10 |                0.492923 |               13.413121 |
 |    11 |                0.504296 |               13.722605 |
 |    12 |                0.542627 |               14.765639 |
 |    13 |                0.542627 |               14.765639 |
 |    14 |                0.543394 |               14.786501 |
 |    15 |                0.673176 |               18.318049 |
 |    16 |                0.692527 |               18.844630 |
 |    17 |                0.760088 |               20.683046 |
 |    18 |                0.760088 |               20.683046 |
 |    19 |                0.762605 |               20.751545 |
 |    20 |                0.762605 |               20.751545 |
 -------------------------------------------------------------

 ---------------------------------------------------------------
                 Transition dipole moment (au)                  
 ---------------------------------------------------------------
  #           X           Y           Z   dip. str.   osc. str.
 ---------------------------------------------------------------
  1    0.000000   -0.000000    0.000000    0.000000    0.000000
  2   -0.000000   -0.000000    0.000000    0.000000    0.000000
  3    0.648404    1.344122   -0.000000    2.227091    0.471856
  4    1.344122   -0.648404    0.000000    2.227091    0.471856
  5    0.000000   -0.000000    1.186215    1.407107    0.351084
  6    0.000000    0.000000   -0.000000    0.000000    0.000000
  7   -0.000000   -0.000000    0.000000    0.000000    0.000000
  8   -0.000000   -0.000000   -1.505527    2.266612    0.674695
  9   -0.000000    0.000000    0.000000    0.000000    0.000000
 10   -0.000000    0.000000   -0.000000    0.000000    0.000000
 ---------------------------------------------------------------

 -------------------------------------------------------------
 Excitation n.   1:   6.556544 eV  f = 0.0000  <S**2> = 0.0000
 -------------------------------------------------------------
  3 ->   4 =   0.660337
  3 ->   5 =   0.195180
  3 ->   9 =   0.141355

 -------------------------------------------------------------
 Excitation n.   2:   6.556544 eV  f = 0.0000  <S**2> = 0.0000
 -------------------------------------------------------------
  3 ->   4 =  -0.195180
  3 ->   5 =   0.660337
  3 ->  10 =   0.141355

 -------------------------------------------------------------
 Excitation n.   3:   8.647955 eV  f = 0.4719  <S**2> = 0.0000
 -------------------------------------------------------------
  2 ->   4 =   0.273169
  2 ->   5 =   0.641355
  2 ->   9 =   0.108704

 -------------------------------------------------------------
 Excitation n.   4:   8.647955 eV  f = 0.4719  <S**2> = 0.0000
 -------------------------------------------------------------
  2 ->   4 =  -0.641355
  2 ->   5 =   0.273169
  2 ->  10 =   0.108704

 -------------------------------------------------------------
 Excitation n.   5:  10.184169 eV  f = 0.3511  <S**2> = 0.0000
 -------------------------------------------------------------
  3 ->   6 =  -0.700830

 -------------------------------------------------------------
 Excitation n.   6:  10.925022 eV  f = 0.0000  <S**2> = 0.0000
 -------------------------------------------------------------
  2 ->   6 =  -0.681952
  2 ->   8 =   0.073497
  3 ->   7 =  -0.164111

 -------------------------------------------------------------
 Excitation n.   7:  11.960894 eV  f = 0.0000  <S**2> = 0.0000
 -------------------------------------------------------------
  2 ->   6 =  -0.150941
  2 ->   8 =   0.110245
  3 ->   7 =   0.679856

 -------------------------------------------------------------
 Excitation n.   8:  12.149885 eV  f = 0.6747  <S**2> = 0.0000
 -------------------------------------------------------------
  2 ->   7 =  -0.502773
  2 ->  11 =   0.106858
  3 ->   8 =  -0.484907

 -------------------------------------------------------------
 Excitation n.   9:  13.413121 eV  f = 0.0000  <S**2> = 0.0000
 -------------------------------------------------------------
  3 ->   4 =  -0.087722
  3 ->   5 =  -0.132437
  3 ->   9 =   0.668536
  3 ->  10 =   0.164325

 -------------------------------------------------------------
 Excitation n.  10:  13.413121 eV  f = 0.0000  <S**2> = 0.0000
 -------------------------------------------------------------
  3 ->   4 =  -0.132437
  3 ->   5 =   0.087722
  3 ->   9 =   0.164325
  3 ->  10 =  -0.668536

Thomas-Reiche-Kuhn sum rule =   1.969491


 *** dynamical TDA activated ***

 ---------------------------------------------------------------------------------------------------
  First-order dynamical correction to static Bethe-Salpeter excitation energies                     
 ---------------------------------------------------------------------------------------------------
  BSE neutral excitation must be lower than the GT gap =  13.231075 eV
 ---------------------------------------------------------------------------------------------------
      #          Static (eV)         Dynamic (eV)      Correction (eV)         Renorm. (eV)
 ---------------------------------------------------------------------------------------------------
      1            6.556544            6.477767           -0.078778            1.002640
      2            6.556544            6.477767           -0.078778            1.002640
      3            8.647955            8.624239           -0.023716            1.000441
      4            8.647955            8.624239           -0.023716            1.000441
      5           10.184169           10.170895           -0.013274            0.997631
      6           10.925022           10.960623            0.035601            0.995025
      7           11.960894           11.964182            0.003288            0.997972
      8           12.149885           12.092037           -0.057848            1.003666
      9           13.413121           13.395634           -0.017487            1.001316
     10           13.413121           13.395634           -0.017487            1.001316
 ---------------------------------------------------------------------------------------------------


 -------------------------------------------------------------
   BSE@GT       calculation: triplet        manifold
 -------------------------------------------------------------
 | State |  Excitation energy (au) |  Excitation energy (eV) |
 -------------------------------------------------------------
 |     1 |                0.208312 |                5.668466 |
 |     2 |                0.208312 |                5.668466 |
 |     3 |                0.244918 |                6.664554 |
 |     4 |                0.244918 |                6.664554 |
 |     5 |                0.290397 |                7.902108 |
 |     6 |                0.332739 |                9.054293 |
 |     7 |                0.375426 |               10.215859 |
 |     8 |                0.388098 |               10.560691 |
 |     9 |                0.483546 |               13.157970 |
 |    10 |                0.483546 |               13.157970 |
 |    11 |                0.491332 |               13.369811 |
 |    12 |                0.496826 |               13.519332 |
 |    13 |                0.520996 |               14.177016 |
 |    14 |                0.520996 |               14.177016 |
 |    15 |                0.618464 |               16.829275 |
 |    16 |                0.651261 |               17.721708 |
 |    17 |                0.683696 |               18.604305 |
 |    18 |                0.683696 |               18.604305 |
 |    19 |                0.716046 |               19.484599 |
 |    20 |                0.724475 |               19.713963 |
 -------------------------------------------------------------

 -------------------------------------------------------------
 Excitation n.   1:   5.668466 eV  f = 0.0000  <S**2> = 2.0000
 -------------------------------------------------------------
  2 ->  14 =   0.087981
  3 ->   4 =   0.570596
  3 ->   5 =  -0.362663
  3 ->  10 =  -0.178393

 -------------------------------------------------------------
 Excitation n.   2:   5.668466 eV  f = 0.0000  <S**2> = 2.0000
 -------------------------------------------------------------
  2 ->  13 =   0.087981
  3 ->   4 =   0.362663
  3 ->   5 =   0.570596
  3 ->   9 =   0.178393

 -------------------------------------------------------------
 Excitation n.   3:   6.664554 eV  f = 0.0000  <S**2> = 2.0000
 -------------------------------------------------------------
  2 ->   4 =  -0.607637
  2 ->   5 =   0.283864
  2 ->   9 =  -0.073968
  2 ->  10 =   0.180453
  3 ->  14 =  -0.107856

 -------------------------------------------------------------
 Excitation n.   4:   6.664554 eV  f = 0.0000  <S**2> = 2.0000
 -------------------------------------------------------------
  2 ->   4 =  -0.283864
  2 ->   5 =  -0.607637
  2 ->   9 =  -0.180453
  2 ->  10 =  -0.073968
  3 ->  13 =  -0.107856

 -------------------------------------------------------------
 Excitation n.   5:   7.902108 eV  f = 0.0000  <S**2> = 2.0000
 -------------------------------------------------------------
  2 ->  11 =   0.126710
  3 ->   6 =   0.635293
  3 ->   8 =  -0.252962
  3 ->  12 =  -0.102099

 -------------------------------------------------------------
 Excitation n.   6:   9.054293 eV  f = 0.0000  <S**2> = 2.0000
 -------------------------------------------------------------
  2 ->   6 =  -0.620307
  2 ->   8 =   0.256241
  2 ->  12 =   0.099338
  3 ->  11 =  -0.170534
  3 ->  17 =   0.073717

 -------------------------------------------------------------
 Excitation n.   7:  10.215859 eV  f = 0.0000  <S**2> = 2.0000
 -------------------------------------------------------------
  2 ->   6 =  -0.103405
  2 ->   8 =  -0.301896
  2 ->  12 =   0.079354
  3 ->   7 =  -0.590006
  3 ->  11 =   0.206841

 -------------------------------------------------------------
 Excitation n.   8:  10.560691 eV  f = 0.0000  <S**2> = 2.0000
 -------------------------------------------------------------
  2 ->   7 =   0.431427
  2 ->  11 =  -0.194453
  3 ->   6 =   0.188748
  3 ->   8 =   0.481312
  3 ->  12 =  -0.083781

 -------------------------------------------------------------
 Excitation n.   9:  13.157970 eV  f = 0.0000  <S**2> = 2.0000
 -------------------------------------------------------------
  3 ->   4 =  -0.125584
  3 ->   5 =  -0.148596
  3 ->   9 =   0.670764
  3 ->  10 =   0.083861

 -------------------------------------------------------------
 Excitation n.  10:  13.157970 eV  f = 0.0000  <S**2> = 2.0000
 -------------------------------------------------------------
  3 ->   4 =   0.148596
  3 ->   5 =  -0.125584
  3 ->   9 =  -0.083861
  3 ->  10 =   0.670764

Thomas-Reiche-Kuhn sum rule =   0.000000


 *** dynamical TDA activated ***

 ---------------------------------------------------------------------------------------------------
  First-order dynamical correction to static Bethe-Salpeter excitation energies                     
 ---------------------------------------------------------------------------------------------------
  BSE neutral excitation must be lower than the GT gap =  13.231075 eV
 ---------------------------------------------------------------------------------------------------
      #          Static (eV)         Dynamic (eV)      Correction (eV)         Renorm. (eV)
 ---------------------------------------------------------------------------------------------------
      1            5.668466            5.586235           -0.082231            1.002734
      2            5.668466            5.586235           -0.082231            1.002734
      3            6.664554            6.536751           -0.127803            1.003792
      4            6.664554            6.536751           -0.127803            1.003792
      5            7.902108            7.800914           -0.101193            1.006536
      6            9.054293            8.917216           -0.137077            1.007322
      7           10.215859           10.154240           -0.061619            1.004923
      8           10.560691           10.498210           -0.062481            1.004922
      9           13.157970           13.118897           -0.039073            1.002701
     10           13.157970           13.118897           -0.039073            1.002701
 ---------------------------------------------------------------------------------------------------


 -------------------------------------------------------------------------------
          Tr@BSE@G0T0 correlation energy (singlet) =       -0.0076662347 au
          Tr@BSE@G0T0 correlation energy (triplet) =       -0.0079989873 au
          Tr@BSE@G0T0 correlation energy           =       -0.0156652221 au
          Tr@BSE@G0T0 total energy                 =      -15.7810689621 au
 -------------------------------------------------------------------------------

                                       Total CPU time for G0T0 =      2.630 seconds

                                      Total CPU time for QuAcK =      3.723 seconds

