78 significant shell pairs computed in 0.000104 seconds
0
Computed Electron repulsion integrals Integrals in parallel in 0.282286 seconds

 ******************************************************************************************
 *            QuAcK                       QuAcK                         QuAcK             *
 *   __        __        __       __        __        __       __        __        __     *
 * <(o )___  <(o )___  <(o )___ <(o )___  <(o )___  <(o )___ <(o )___  <(o )___  <(o )___ *
 * ( ._> /   ( ._> /   ( ._> /  ( ._> /   ( ._> /   ( ._> /  ( ._> /   ( ._> /   ( ._> /  *
 *|--------------------------------------------------------------------------------------|*
 ******************************************************************************************

      ----------------------
             Number of atoms                3
      ----------------------

      ----------------------
Number of spin-up   electron                3
Number of spin-down electron                3
    Total number of electron                6
      ----------------------

      ----------------------
Number of core      electron                0
Number of Rydberg   electron                0
      ----------------------

          ------------------
          Molecular geometry
          ------------------
                    Atom n.                 1
                        Z =      4.0000000000
           Atom coordinates:     0.0000000000    0.0000000000    0.0000000000
                    Atom n.                 2
                        Z =      1.0000000000
           Atom coordinates:     0.0000000000    0.0000000000    4.1573974760
                    Atom n.                 3
                        Z =      1.0000000000
           Atom coordinates:     0.0000000000    0.0000000000   -4.1573974760

          ------------------
 Nuclear repulsion energy =      2.0445483140
          ------------------

          Gaussian basis set
          ------------------
                    Atom n.                 1
           number of shells                 6
          ------------------
      s-type shell with K =                 9
                                    Exponents     Contraction
                              2940.0000000000    0.0006800000
                               441.2000000000    0.0052360000
                               100.5000000000    0.0266060000
                                28.4300000000    0.0999930000
                                 9.1690000000    0.2697020000
                                 3.1960000000    0.4514690000
                                 1.1590000000    0.2950740000
                                 0.1811000000    0.0125870000
                                 0.0589000000   -0.0037560000
      s-type shell with K =                 9
                                    Exponents     Contraction
                              2940.0000000000   -0.0001230000
                               441.2000000000   -0.0009660000
                               100.5000000000   -0.0048310000
                                28.4300000000   -0.0193140000
                                 9.1690000000   -0.0532800000
                                 3.1960000000   -0.1207230000
                                 1.1590000000   -0.1334350000
                                 0.1811000000    0.5307670000
                                 0.0589000000    0.5801170000
      s-type shell with K =                 1
                                    Exponents     Contraction
                                 0.0589000000    1.0000000000
      p-type shell with K =                 4
                                    Exponents     Contraction
                                 3.6190000000    0.0291110000
                                 0.7110000000    0.1693650000
                                 0.1951000000    0.5134580000
                                 0.0601800000    0.4793380000
      p-type shell with K =                 1
                                    Exponents     Contraction
                                 0.0601800000    1.0000000000
      d-type shell with K =                 1
                                    Exponents     Contraction
                                 0.2354000000    1.0000000000
          ------------------
                    Atom n.                 2
           number of shells                 3
          ------------------
      s-type shell with K =                 4
                                    Exponents     Contraction
                                13.0100000000    0.0196850000
                                 1.9620000000    0.1379770000
                                 0.4446000000    0.4781480000
                                 0.1220000000    0.5012400000
      s-type shell with K =                 1
                                    Exponents     Contraction
                                 0.1220000000    1.0000000000
      p-type shell with K =                 1
                                    Exponents     Contraction
                                 0.7270000000    1.0000000000
          ------------------
                    Atom n.                 3
           number of shells                 3
          ------------------
      s-type shell with K =                 4
                                    Exponents     Contraction
                                13.0100000000    0.0196850000
                                 1.9620000000    0.1379770000
                                 0.4446000000    0.4781480000
                                 0.1220000000    0.5012400000
      s-type shell with K =                 1
                                    Exponents     Contraction
                                 0.1220000000    1.0000000000
      p-type shell with K =                 1
                                    Exponents     Contraction
                                 0.7270000000    1.0000000000
          ------------------
            Number of shells               12
          ------------------

          ------------------
   Number of basis functions               25
          ------------------

 Scaling integrals by    1.0000000000000000     

                          Total CPU time for reading integrals =      0.022 seconds


 ************************************************
 |    Restricted Hartree-Fock calculation       |
 ************************************************


 ----------------------------------------------------
 | RHF calculation                                  |
 ----------------------------------------------------
 |   # |        HF energy |       Conv |     HL Gap |
 ----------------------------------------------------
 |   1 |   -15.4482231579 |   0.160228 |   1.265534 |
 |   2 |   -15.5096373135 |   0.136991 |   1.311899 |
 |   3 |   -15.5429179483 |   0.108455 |   1.336438 |
 |   4 |   -15.5621176364 |   0.082839 |   1.349041 |
 |   5 |   -15.5737570425 |   0.062499 |   1.355717 |
 |   6 |   -15.5810811057 |   0.047156 |   1.359515 |
 |   7 |   -15.5858133678 |   0.035787 |   1.361881 |
 |   8 |   -15.5889281894 |   0.027375 |   1.363491 |
 |   9 |   -15.5910065221 |   0.021112 |   1.364669 |
 |  10 |   -15.5924087260 |   0.016405 |   1.365574 |
 |  11 |   -15.5933643651 |   0.012832 |   1.366291 |
 |  12 |   -15.5940222260 |   0.010094 |   1.366870 |
 |  13 |   -15.5944798520 |   0.007978 |   1.367342 |
 |  14 |   -15.5948017250 |   0.006330 |   1.367728 |
 |  15 |   -15.5950307656 |   0.005039 |   1.368046 |
 |  16 |   -15.5951957295 |   0.004022 |   1.368307 |
 |  17 |   -15.5953160131 |   0.003218 |   1.368521 |
 |  18 |   -15.5954047977 |   0.002579 |   1.368697 |
 |  19 |   -15.5954711154 |   0.002071 |   1.368842 |
 |  20 |   -15.5955212129 |   0.001665 |   1.368960 |
 |  21 |   -15.5955594549 |   0.001340 |   1.369057 |
 |  22 |   -15.5955889248 |   0.001080 |   1.369137 |
 |  23 |   -15.5956118273 |   0.000871 |   1.369202 |
 |  24 |   -15.5956297576 |   0.000703 |   1.369255 |
 |  25 |   -15.5956438845 |   0.000567 |   1.369298 |
 |  26 |   -15.5956550749 |   0.000458 |   1.369333 |
 |  27 |   -15.5956639794 |   0.000371 |   1.369362 |
 |  28 |   -15.5956710916 |   0.000300 |   1.369386 |
 |  29 |   -15.5956767897 |   0.000242 |   1.369405 |
 |  30 |   -15.5956813666 |   0.000196 |   1.369420 |
 |  31 |   -15.5956850504 |   0.000159 |   1.369433 |
 |  32 |   -15.5956880202 |   0.000129 |   1.369443 |
 |  33 |   -15.5956904177 |   0.000104 |   1.369452 |
 |  34 |   -15.5956923553 |   0.000084 |   1.369459 |
 |  35 |   -15.5956939224 |   0.000068 |   1.369464 |
 |  36 |   -15.5956951908 |   0.000055 |   1.369469 |
 |  37 |   -15.5956962180 |   0.000045 |   1.369472 |
 |  38 |   -15.5956970502 |   0.000036 |   1.369475 |
 |  39 |   -15.5956977246 |   0.000029 |   1.369478 |
 |  40 |   -15.5956982713 |   0.000024 |   1.369480 |
 |  41 |   -15.5956987146 |   0.000019 |   1.369481 |
 |  42 |   -15.5956990740 |   0.000016 |   1.369483 |
 |  43 |   -15.5956993655 |   0.000013 |   1.369484 |
 |  44 |   -15.5956996020 |   0.000010 |   1.369485 |
 |  45 |   -15.5956997938 |   0.000008 |   1.369485 |
 |  46 |   -15.5956999494 |   0.000007 |   1.369486 |
 |  47 |   -15.5957000756 |   0.000006 |   1.369486 |
 |  48 |   -15.5957001780 |   0.000004 |   1.369487 |
 |  49 |   -15.5957002611 |   0.000004 |   1.369487 |
 |  50 |   -15.5957003285 |   0.000003 |   1.369487 |
 |  51 |   -15.5957003832 |   0.000002 |   1.369488 |
 |  52 |   -15.5957004276 |   0.000002 |   1.369488 |
 |  53 |   -15.5957004636 |   0.000002 |   1.369488 |
 |  54 |   -15.5957004928 |   0.000001 |   1.369488 |
 |  55 |   -15.5957005165 |   0.000001 |   1.369488 |
 |  56 |   -15.5957005357 |   0.000001 |   1.369488 |
 |  57 |   -15.5957005513 |   0.000001 |   1.369488 |
 |  58 |   -15.5957005639 |   0.000001 |   1.369488 |
 |  59 |   -15.5957005742 |   0.000000 |   1.369488 |
 |  60 |   -15.5957005825 |   0.000000 |   1.369488 |
 |  61 |   -15.5957005893 |   0.000000 |   1.369488 |
 |  62 |   -15.5957005948 |   0.000000 |   1.369488 |
 |  63 |   -15.5957005992 |   0.000000 |   1.369488 |
 |  64 |   -15.5957006028 |   0.000000 |   1.369488 |
 |  65 |   -15.5957006057 |   0.000000 |   1.369488 |
 |  66 |   -15.5957006081 |   0.000000 |   1.369488 |
 |  67 |   -15.5957005813 |   0.000000 |   0.369488 |
 ----------------------------------------------------

         -----------------------------------------
           Summary              
         -----------------------------------------
           One-electron energy:    -24.0787767439 au
           Kinetic      energy:     15.0414166738 au
           Potential    energy:    -39.1201934176 au
         -----------------------------------------
           Two-electron energy:      6.4385278486 au
           Hartree      energy:      9.6049079558 au
           Exchange     energy:     -3.1663801072 au
         -----------------------------------------
           Electronic   energy:    -17.6402488953 au
           Nuclear   repulsion:      2.0445483140 au
           RHF          energy:    -15.5957005813 au
         -----------------------------------------
           HF HOMO      energy:         -9.663927 eV
           HF LUMO      energy:          0.390363 eV
           HF HOMO-LUMO gap   :         10.054290 eV
         -----------------------------------------
          Dipole moment (Debye)    
                   X         Y         Z      Tot.
            0.000000  0.000000  0.000000  0.000000
         -----------------------------------------

           ---------------------------------------
                 MO coefficients
           ---------------------------------------
                 1              2              3              4              5
      1     1.00059419     0.00742247     0.00000000    -0.02112896     0.00000000
      2     0.00584149    -0.65660518     0.00000000     0.66089927     0.00000000
      3    -0.00172505     0.07304358     0.00000000     0.37858476     0.00000000
      4     0.00000000     0.00000000     0.00000000     0.00000000     0.54545101
      5     0.00000000     0.00000000     0.00000000     0.00000000     0.01022866
      6     0.00000000     0.00000000    -0.43540447     0.00000000     0.00000000
      7     0.00000000     0.00000000     0.00000000     0.00000000     0.49083520
      8     0.00000000     0.00000000     0.00000000     0.00000000     0.00920447
      9     0.00000000     0.00000000     0.00890477     0.00000000     0.00000000
     10    -0.00197896     0.01485560     0.00000000     0.02002281     0.00000000
     11     0.00000000     0.00000000     0.00000000     0.00000000     0.00000000
     12     0.00000000     0.00000000     0.00000000     0.00000000     0.00000000
     13    -0.00197896     0.01485560     0.00000000     0.02002281     0.00000000
     14     0.00000000     0.00000000     0.00000000     0.00000000     0.00000000
     15    -0.00170615    -0.05331824     0.00000000    -0.03476440     0.00000000
     16     0.00018846    -0.37509002    -0.46219815    -0.35385358     0.00000000
     17     0.00021381    -0.03117418    -0.02666823    -0.37196143     0.00000000
     18     0.00000000     0.00000000     0.00000000     0.00000000     0.00788587
     19     0.00000000     0.00000000     0.00000000     0.00000000     0.00014788
     20     0.00008151     0.00900821     0.00897768    -0.00723583     0.00000000
     21     0.00018846    -0.37509002     0.46219815    -0.35385358     0.00000000
     22     0.00021381    -0.03117418     0.02666823    -0.37196143     0.00000000
     23     0.00000000     0.00000000     0.00000000     0.00000000     0.00788587
     24     0.00000000     0.00000000     0.00000000     0.00000000     0.00014788
     25    -0.00008151    -0.00900821     0.00897768     0.00723583     0.00000000
                 6              7              8              9             10
      1     0.00000000     0.00000000     0.58883995     0.00000000     0.00000000
      2     0.00000000     0.00000000     2.89100691     0.00000000     0.00000000
      3     0.00000000     0.00000000    -3.76585485     0.00000000     0.00000000
      4     0.01022866     0.00000000     0.00000000    -0.31031665    -1.83588517
      5    -0.54545101     0.00000000     0.00000000     1.83588517    -0.31031665
      6     0.00000000    -0.89028446     0.00000000     0.00000000     0.00000000
      7     0.00920447     0.00000000     0.00000000     0.31276950     1.85039661
      8    -0.49083520     0.00000000     0.00000000    -1.85039661     0.31276950
      9     0.00000000    -0.81505419     0.00000000     0.00000000     0.00000000
     10     0.00000000     0.00000000     0.19814851     0.00000000     0.00000000
     11     0.00000000     0.00000000     0.00000000     0.00000000     0.00000000
     12     0.00000000     0.00000000     0.00000000     0.00000000     0.00000000
     13     0.00000000     0.00000000     0.19814851     0.00000000     0.00000000
     14     0.00000000     0.00000000     0.00000000     0.00000000     0.00000000
     15     0.00000000     0.00000000     0.27709584     0.00000000     0.00000000
     16     0.00000000     0.25903107     0.06702635     0.00000000     0.00000000
     17     0.00000000     0.85129569     0.20191022     0.00000000     0.00000000
     18     0.00014788     0.00000000     0.00000000    -0.00013583    -0.00080362
     19    -0.00788587     0.00000000     0.00000000     0.00080362    -0.00013583
     20     0.00000000     0.01660031    -0.02113343     0.00000000     0.00000000
     21     0.00000000    -0.25903107     0.06702635     0.00000000     0.00000000
     22     0.00000000    -0.85129569     0.20191022     0.00000000     0.00000000
     23     0.00014788     0.00000000     0.00000000    -0.00013583    -0.00080362
     24    -0.00788587     0.00000000     0.00000000     0.00080362    -0.00013583
     25     0.00000000     0.01660031     0.02113343     0.00000000     0.00000000
                11             12             13             14             15
      1     0.00000000     0.00000000     0.00000000     0.00000000     0.00000000
      2     0.00000000     0.00000000     0.00000000     0.00000000     0.00000000
      3     0.00000000     0.00000000     0.00000000     0.00000000     0.00000000
      4     0.00000000     0.00000000     0.00000000     0.00000000     0.00000000
      5     0.00000000     0.00000000     0.00000000     0.00000000     0.00000000
      6    -1.66797011     0.00000000     0.00000000     0.00000000     0.00000000
      7     0.00000000     0.00000000     0.00000000     0.00000000     0.00000000
      8     0.00000000     0.00000000     0.00000000     0.00000000     0.00000000
      9     2.67920472     0.00000000     0.00000000     0.00000000     0.00000000
     10     0.00000000     0.00000000     0.00000000    -0.00122155    -0.86602454
     11     0.00000000     0.00000000     0.00000000    -0.99999901     0.00141052
     12     0.00000000    -0.58084337     0.79161924     0.00000000     0.00000000
     13     0.00000000     0.00000000     0.00000000     0.00122155     0.86602454
     14     0.00000000    -0.79161924    -0.58084337     0.00000000     0.00000000
     15     0.00000000     0.00000000     0.00000000     0.00000000     0.00000000
     16    -0.10120950     0.00000000     0.00000000     0.00000000     0.00000000
     17    -0.61300167     0.00000000     0.00000000     0.00000000     0.00000000
     18     0.00000000    -0.04105174     0.05594855     0.00000000     0.00000000
     19     0.00000000    -0.05594855    -0.04105174     0.00000000     0.00000000
     20     0.03341274     0.00000000     0.00000000     0.00000000     0.00000000
     21     0.10120950     0.00000000     0.00000000     0.00000000     0.00000000
     22     0.61300167     0.00000000     0.00000000     0.00000000     0.00000000
     23     0.00000000     0.04105174    -0.05594855     0.00000000     0.00000000
     24     0.00000000     0.05594855     0.04105174     0.00000000     0.00000000
     25     0.03341274     0.00000000     0.00000000     0.00000000     0.00000000
                16             17             18             19             20
      1     0.20706172     0.00000000     0.03091305     0.44619463     0.00000000
      2     1.11023268     0.00000000     0.54818363     4.13971684     0.00000000
      3    -1.59740467     0.00000000    -0.14538658    -1.07360682     0.00000000
      4     0.00000000     0.00000000     0.00000000     0.00000000     0.02994781
      5     0.00000000     0.00000000     0.00000000     0.00000000     0.01425827
      6     0.00000000    -0.17833344     0.00000000     0.00000000     0.00000000
      7     0.00000000     0.00000000     0.00000000     0.00000000    -0.13621746
      8     0.00000000     0.00000000     0.00000000     0.00000000    -0.06485366
      9     0.00000000     1.26441781     0.00000000     0.00000000     0.00000000
     10     0.31876176     0.00000000    -0.60408003    -1.42093620     0.00000000
     11     0.00000000     0.00000000     0.00000000     0.00000000     0.00000000
     12     0.00000000     0.00000000     0.00000000     0.00000000     0.00000000
     13     0.31876176     0.00000000    -0.60408003    -1.42093620     0.00000000
     14     0.00000000     0.00000000     0.00000000     0.00000000     0.00000000
     15    -0.91983464     0.00000000     0.42212830    -1.30320364     0.00000000
     16    -0.94530080     1.69668341    -1.27841525     0.44231591     0.00000000
     17     1.54674917    -2.43669546     1.15478531    -0.55861439     0.00000000
     18     0.00000000     0.00000000     0.00000000     0.00000000     0.64254607
     19     0.00000000     0.00000000     0.00000000     0.00000000     0.30591868
     20     0.06287438    -0.05495322    -0.06263369     0.09414501     0.00000000
     21    -0.94530080    -1.69668341    -1.27841525     0.44231591     0.00000000
     22     1.54674917     2.43669546     1.15478531    -0.55861439     0.00000000
     23     0.00000000     0.00000000     0.00000000     0.00000000     0.64254607
     24     0.00000000     0.00000000     0.00000000     0.00000000     0.30591868
     25    -0.06287438    -0.05495322     0.06263369    -0.09414501     0.00000000
                21             22             23             24             25
      1     0.00000000     0.00000000     0.00000000     0.00000000    -0.18889551
      2     0.00000000     0.00000000     0.00000000     0.00000000    -1.28557959
      3     0.00000000     0.00000000     0.00000000     0.00000000     0.82680700
      4    -0.01425827     0.00000000     0.00000000     0.00000000     0.00000000
      5     0.02994781     0.00000000     0.00000000     0.00000000     0.00000000
      6     0.00000000     0.00000000     0.00000000    -0.41966093     0.00000000
      7     0.06485366     0.00000000     0.00000000     0.00000000     0.00000000
      8    -0.13621746     0.00000000     0.00000000     0.00000000     0.00000000
      9     0.00000000     0.00000000     0.00000000    -0.23703709     0.00000000
     10     0.00000000     0.00000000     0.00000000     0.00000000     0.11676253
     11     0.00000000     0.00000000     0.00000000     0.00000000     0.00000000
     12     0.00000000    -0.16445493    -0.16713828     0.00000000     0.00000000
     13     0.00000000     0.00000000     0.00000000     0.00000000     0.11676253
     14     0.00000000    -0.16713828     0.16445493     0.00000000     0.00000000
     15     0.00000000     0.00000000     0.00000000     0.00000000     1.09087905
     16     0.00000000     0.00000000     0.00000000    -0.29774627    -0.04634749
     17     0.00000000     0.00000000     0.00000000     0.65047934    -0.31240738
     18    -0.30591868     0.49826053     0.50639046     0.00000000     0.00000000
     19     0.64254607     0.50639046    -0.49826053     0.00000000     0.00000000
     20     0.00000000     0.00000000     0.00000000    -0.73565859     0.79281706
     21     0.00000000     0.00000000     0.00000000     0.29774627    -0.04634749
     22     0.00000000     0.00000000     0.00000000    -0.65047934    -0.31240738
     23    -0.30591868    -0.49826053    -0.50639046     0.00000000     0.00000000
     24     0.64254607    -0.50639046     0.49826053     0.00000000     0.00000000
     25     0.00000000     0.00000000     0.00000000    -0.73565859    -0.79281706

           ---------------------------------------
                     MO energies
           ---------------------------------------
                 1
      1    -4.83574650
      2    -0.40997126
      3    -0.35514276
      4     0.01434557
      5     0.03883056
      6     0.03883056
      7     0.20144475
      8     0.27133284
      9     0.30882497
     10     0.30882497
     11     0.31412135
     12     0.59390969
     13     0.59390969
     14     0.59652990
     15     0.59652990
     16     0.62511841
     17     0.81374528
     18     0.82132154
     19     1.14490970
     20     1.56002187
     21     1.56002187
     22     1.59139402
     23     1.59139402
     24     1.68440631
     25     1.97641463

                                        Total CPU time for RHF =      0.545 seconds


 AO to MO transformation... Please be patient

                    Total CPU time for AO to MO transformation =      0.672 seconds


 ************************************************
 |          One-shot G0W0 calculation           |
 ************************************************


 -------------------------------------------------------------
   RPA@HF       calculation: singlet        manifold
 -------------------------------------------------------------
 | State |  Excitation energy (au) |  Excitation energy (eV) |
 -------------------------------------------------------------
 |     1 |                0.406543 |               11.062611 |
 |     2 |                0.406543 |               11.062611 |
 |     3 |                0.455329 |               12.390131 |
 |     4 |                0.477811 |               13.001892 |
 |     5 |                0.496240 |               13.503377 |
 |     6 |                0.496240 |               13.503377 |
 |     7 |                0.633586 |               17.240766 |
 |     8 |                0.650801 |               17.709200 |
 |     9 |                0.670298 |               18.239745 |
 |    10 |                0.670298 |               18.239745 |
 |    11 |                0.676949 |               18.420712 |
 |    12 |                0.677884 |               18.446173 |
 |    13 |                0.748487 |               20.367361 |
 |    14 |                0.748487 |               20.367361 |
 |    15 |                0.756747 |               20.592125 |
 |    16 |                0.771887 |               21.004109 |
 |    17 |                0.957202 |               26.046793 |
 |    18 |                0.957202 |               26.046793 |
 |    19 |                1.001722 |               27.258235 |
 |    20 |                1.001722 |               27.258235 |
 -------------------------------------------------------------

  *** Quasiparticle energies obtained by linearization *** 

 -------------------------------------------------------------------------------
   One-shot G0W0 calculation
 -------------------------------------------------------------------------------
 |   # |       e_HF (eV) |      Sig_c (eV) |               Z |       e_QP (eV) |
 -------------------------------------------------------------------------------
 |   1 |     -131.587365 |        4.296666 |        0.867310 |     -127.860822 |
 |   2 |      -11.155886 |       -0.087286 |        0.924978 |      -11.236624 |
 |   3 |       -9.663927 |       -0.226125 |        0.934453 |       -9.875230 |
 |   4 |        0.390363 |       -0.616709 |        0.945308 |       -0.192617 |
 |   5 |        1.056633 |       -0.664082 |        0.965513 |        0.415454 |
 |   6 |        1.056633 |       -0.664082 |        0.965513 |        0.415454 |
 |   7 |        5.481591 |       -1.000568 |        0.921444 |        4.559624 |
 |   8 |        7.383343 |       -0.615780 |        0.962605 |        6.790590 |
 |   9 |        8.403556 |       -1.260343 |        0.924740 |        7.238065 |
 |  10 |        8.403556 |       -1.260343 |        0.924740 |        7.238065 |
 |  11 |        8.547677 |       -0.638259 |        0.964695 |        7.931952 |
 |  12 |       16.161106 |       -1.097433 |        0.835320 |       15.244398 |
 |  13 |       16.161106 |       -1.097433 |        0.835320 |       15.244398 |
 |  14 |       16.232405 |       -0.090903 |        0.578585 |       16.179810 |
 |  15 |       16.232405 |       -0.090903 |        0.578585 |       16.179810 |
 |  16 |       17.010338 |       -1.404922 |        0.733879 |       15.979296 |
 |  17 |       22.143137 |       -2.492520 |        0.680360 |       20.447326 |
 |  18 |       22.349297 |       -1.361400 |        0.373295 |       21.841094 |
 |  19 |       31.154580 |       -0.402125 |        0.670854 |       30.884812 |
 |  20 |       42.450357 |       -2.846566 |        0.788166 |       40.206790 |
 |  21 |       42.450357 |       -2.846566 |        0.788166 |       40.206790 |
 |  22 |       43.304037 |       -2.888858 |        0.795533 |       41.005856 |
 |  23 |       43.304037 |       -2.888858 |        0.795533 |       41.005856 |
 |  24 |       45.835030 |        0.264451 |        0.225999 |       45.894796 |
 |  25 |       53.780981 |       -0.139790 |        0.089562 |       53.768462 |
 -------------------------------------------------------------------------------
          G0W0 HOMO      energy:      -9.875230 eV
          G0W0 LUMO      energy:      -0.192617 eV
          G0W0 HOMO-LUMO gap   :       9.682612 eV
 -------------------------------------------------------------------------------
    RPA@G0W0 total energy      :     -15.687613 au
    RPA@G0W0 correlation energy:      -0.091912 au
    GM@G0W0  total energy      :     -15.756375 au
    GM@G0W0  correlation energy:      -0.160674 au
 -------------------------------------------------------------------------------


 -------------------------------------------------------------
   BSE@GW       calculation: singlet        manifold
 -------------------------------------------------------------
 | State |  Excitation energy (au) |  Excitation energy (eV) |
 -------------------------------------------------------------
 |     1 |                0.166054 |                4.518567 |
 |     2 |                0.166054 |                4.518567 |
 |     3 |                0.196366 |                5.343382 |
 |     4 |                0.233107 |                6.343174 |
 |     5 |                0.246453 |                6.706326 |
 |     6 |                0.246453 |                6.706326 |
 |     7 |                0.355094 |                9.662604 |
 |     8 |                0.380917 |               10.365280 |
 |     9 |                0.410561 |               11.171936 |
 |    10 |                0.410561 |               11.171936 |
 |    11 |                0.415071 |               11.294648 |
 |    12 |                0.463453 |               12.611195 |
 |    13 |                0.463453 |               12.611195 |
 |    14 |                0.467633 |               12.724941 |
 |    15 |                0.487688 |               13.270657 |
 |    16 |                0.509100 |               13.853309 |
 |    17 |                0.704879 |               19.180731 |
 |    18 |                0.704879 |               19.180731 |
 |    19 |                0.720399 |               19.603065 |
 |    20 |                0.720399 |               19.603065 |
 -------------------------------------------------------------

 ---------------------------------------------------------------
                 Transition dipole moment (au)                  
 ---------------------------------------------------------------
  #           X           Y           Z   dip. str.   osc. str.
 ---------------------------------------------------------------
  1    0.000000    0.000000    0.000000    0.000000    0.000000
  2   -0.000000    0.000000   -0.000000    0.000000    0.000000
  3   -0.000000    0.000000   -2.437525    5.941529    0.777808
  4   -0.000000    0.000000    0.000000    0.000000    0.000000
  5   -1.393301   -0.615163   -0.000000    2.319714    0.381134
  6   -0.615163    1.393301    0.000000    2.319714    0.381134
  7    0.000000    0.000000    0.000000    0.000000    0.000000
  8    0.000000   -0.000000   -0.809080    0.654611    0.166235
  9   -0.000000    0.000000    0.000000    0.000000    0.000000
 10    0.000000    0.000000   -0.000000    0.000000    0.000000
 ---------------------------------------------------------------

 -------------------------------------------------------------
 Excitation n.   1:   4.518567 eV  f = 0.0000  <S**2> = 0.0000
 -------------------------------------------------------------
  3 ->   5 =   0.419471
  3 ->   6 =  -0.559570
  3 ->   9 =   0.073497
  3 ->  10 =  -0.074468

 -------------------------------------------------------------
 Excitation n.   2:   4.518567 eV  f = 0.0000  <S**2> = 0.0000
 -------------------------------------------------------------
  3 ->   5 =  -0.559570
  3 ->   6 =  -0.419471
  3 ->   9 =   0.074468
  3 ->  10 =   0.073497

 -------------------------------------------------------------
 Excitation n.   3:   5.343382 eV  f = 0.7778  <S**2> = 0.0000
 -------------------------------------------------------------
  3 ->   4 =  -0.723628
  3 <-   4 =   0.155862

 -------------------------------------------------------------
 Excitation n.   4:   6.343174 eV  f = 0.0000  <S**2> = 0.0000
 -------------------------------------------------------------
  2 ->   4 =   0.709775
  3 ->   7 =   0.106443
  2 <-   4 =  -0.098245
  3 <-   7 =   0.076412

 -------------------------------------------------------------
 Excitation n.   5:   6.706326 eV  f = 0.3811  <S**2> = 0.0000
 -------------------------------------------------------------
  2 ->   5 =   0.651619
  2 ->   6 =  -0.273217

 -------------------------------------------------------------
 Excitation n.   6:   6.706326 eV  f = 0.3811  <S**2> = 0.0000
 -------------------------------------------------------------
  2 ->   5 =   0.273217
  2 ->   6 =   0.651619

 -------------------------------------------------------------
 Excitation n.   7:   9.662604 eV  f = 0.0000  <S**2> = 0.0000
 -------------------------------------------------------------
  2 ->   4 =   0.133927
  2 ->   8 =  -0.082851
  3 ->   7 =  -0.700214
  2 <-   4 =  -0.105786
  3 <-   7 =   0.078263

 -------------------------------------------------------------
 Excitation n.   8:  10.365280 eV  f = 0.1662  <S**2> = 0.0000
 -------------------------------------------------------------
  2 ->   7 =   0.702179
  2 ->  11 =   0.107289

 -------------------------------------------------------------
 Excitation n.   9:  11.171936 eV  f = 0.0000  <S**2> = 0.0000
 -------------------------------------------------------------
  3 ->   6 =  -0.100392
  3 ->   9 =  -0.690863
  3 ->  10 =  -0.106230

 -------------------------------------------------------------
 Excitation n.  10:  11.171936 eV  f = 0.0000  <S**2> = 0.0000
 -------------------------------------------------------------
  3 ->   5 =  -0.100392
  3 ->   9 =   0.106230
  3 ->  10 =  -0.690863

Thomas-Reiche-Kuhn sum rule =   1.706310


 *** dynamical TDA activated ***

 ---------------------------------------------------------------------------------------------------
  First-order dynamical correction to static Bethe-Salpeter excitation energies                     
 ---------------------------------------------------------------------------------------------------
  BSE neutral excitation must be lower than the GW gap =   9.682612 eV
 ---------------------------------------------------------------------------------------------------
      #          Static (eV)         Dynamic (eV)      Correction (eV)         Renorm. (eV)
 ---------------------------------------------------------------------------------------------------
      1            4.518567            4.515757           -0.002809            1.000289
      2            4.518567            4.515757           -0.002809            1.000289
      3            5.343382            5.281344           -0.062037            1.013028
      4            6.343174            6.337179           -0.005994            1.004897
      5            6.706326            6.634324           -0.072002            1.010815
      6            6.706326            6.634324           -0.072002            1.010815
      7            9.662604            9.555083           -0.107521            1.026100
      8           10.365280           10.255956           -0.109324            1.015281
      9           11.171936           11.168089           -0.003847            1.000660
     10           11.171936           11.168089           -0.003847            1.000660
 ---------------------------------------------------------------------------------------------------


 -------------------------------------------------------------
   BSE@GW       calculation: triplet        manifold
 -------------------------------------------------------------
 | State |  Excitation energy (au) |  Excitation energy (eV) |
 -------------------------------------------------------------
 |     1 |                0.055519 |                1.510749 |
 |     2 |                0.102991 |                2.802534 |
 |     3 |                0.147704 |                4.019224 |
 |     4 |                0.147704 |                4.019224 |
 |     5 |                0.179608 |                4.887372 |
 |     6 |                0.179608 |                4.887372 |
 |     7 |                0.284500 |                7.741648 |
 |     8 |                0.318385 |                8.663701 |
 |     9 |                0.391002 |               10.639704 |
 |    10 |                0.401014 |               10.912137 |
 |    11 |                0.403871 |               10.989893 |
 |    12 |                0.403871 |               10.989893 |
 |    13 |                0.439376 |               11.956029 |
 |    14 |                0.439376 |               11.956029 |
 |    15 |                0.479374 |               13.044424 |
 |    16 |                0.495272 |               13.477045 |
 |    17 |                0.660130 |               17.963057 |
 |    18 |                0.660130 |               17.963057 |
 |    19 |                0.682882 |               18.582175 |
 |    20 |                0.697493 |               18.979747 |
 -------------------------------------------------------------

 -------------------------------------------------------------
 Excitation n.   1:   1.510749 eV  f = 0.0000  <S**2> = 2.0000
 -------------------------------------------------------------
  2 ->   7 =   0.219041
  3 ->   4 =  -0.728286
  2 <-   7 =   0.115312
  3 <-   4 =  -0.269529

 -------------------------------------------------------------
 Excitation n.   2:   2.802534 eV  f = 0.0000  <S**2> = 2.0000
 -------------------------------------------------------------
  2 ->   4 =  -0.656871
  3 ->   7 =   0.287325
  2 <-   4 =  -0.133648
  3 <-   7 =   0.080402

 -------------------------------------------------------------
 Excitation n.   3:   4.019224 eV  f = 0.0000  <S**2> = 2.0000
 -------------------------------------------------------------
  3 ->   5 =   0.180472
  3 ->   6 =   0.672954
  3 ->   9 =  -0.108812

 -------------------------------------------------------------
 Excitation n.   4:   4.019224 eV  f = 0.0000  <S**2> = 2.0000
 -------------------------------------------------------------
  3 ->   5 =   0.672954
  3 ->   6 =  -0.180472
  3 ->  10 =  -0.108812

 -------------------------------------------------------------
 Excitation n.   5:   4.887372 eV  f = 0.0000  <S**2> = 2.0000
 -------------------------------------------------------------
  2 ->   5 =   0.353922
  2 ->   6 =  -0.595594
  2 ->   9 =   0.105139
  2 ->  10 =  -0.085871

 -------------------------------------------------------------
 Excitation n.   6:   4.887372 eV  f = 0.0000  <S**2> = 2.0000
 -------------------------------------------------------------
  2 ->   5 =  -0.595594
  2 ->   6 =  -0.353922
  2 ->   9 =   0.085871
  2 ->  10 =   0.105139

 -------------------------------------------------------------
 Excitation n.   7:   7.741648 eV  f = 0.0000  <S**2> = 2.0000
 -------------------------------------------------------------
  2 ->   4 =  -0.286534
  3 ->   7 =  -0.624723
  3 ->  11 =  -0.148316

 -------------------------------------------------------------
 Excitation n.   8:   8.663701 eV  f = 0.0000  <S**2> = 2.0000
 -------------------------------------------------------------
  2 ->   7 =   0.630963
  2 ->  11 =   0.192905
  3 ->   4 =   0.200862
  3 ->   8 =  -0.139988

 -------------------------------------------------------------
 Excitation n.   9:  10.639704 eV  f = 0.0000  <S**2> = 2.0000
 -------------------------------------------------------------
  2 ->   7 =  -0.213823
  2 ->  11 =   0.230931
  3 ->   8 =  -0.631102

 -------------------------------------------------------------
 Excitation n.  10:  10.912137 eV  f = 0.0000  <S**2> = 2.0000
 -------------------------------------------------------------
  2 ->   8 =   0.452720
  3 ->   7 =   0.161828
  3 ->  11 =  -0.514857

Thomas-Reiche-Kuhn sum rule =   0.000000


 *** dynamical TDA activated ***

 ---------------------------------------------------------------------------------------------------
  First-order dynamical correction to static Bethe-Salpeter excitation energies                     
 ---------------------------------------------------------------------------------------------------
  BSE neutral excitation must be lower than the GW gap =   9.682612 eV
 ---------------------------------------------------------------------------------------------------
      #          Static (eV)         Dynamic (eV)      Correction (eV)         Renorm. (eV)
 ---------------------------------------------------------------------------------------------------
      1            1.510749            1.089011           -0.421739            1.024226
      2            2.802534            2.384238           -0.418296            1.027006
      3            4.019224            4.002070           -0.017154            1.000907
      4            4.019224            4.002070           -0.017154            1.000907
      5            4.887372            4.758822           -0.128551            1.011606
      6            4.887372            4.758822           -0.128551            1.011606
      7            7.741648            7.725838           -0.015811            0.992027
      8            8.663701            8.542778           -0.120923            1.001696
      9           10.639704           10.565318           -0.074385            1.006331
     10           10.912137           10.766988           -0.145149            1.013462
 ---------------------------------------------------------------------------------------------------


 -------------------------------------------------------------------------------
          Tr@BSE@G0W0 correlation energy (singlet) =       -0.0785333853
          Tr@BSE@G0W0 correlation energy (triplet) =       -0.0307072051
          Tr@BSE@G0W0 correlation energy           =       -0.1092405903
          Tr@BSE@G0W0 total energy                 =      -15.7049411717
 -------------------------------------------------------------------------------

                                       Total CPU time for G0W0 =      0.060 seconds


 ************************************************
 |          One-shot G0T0 calculation           |
 ************************************************


 -------------------------------------------------------------
   pp-RPA (N+2) calculation: alpha-beta     manifold
 -------------------------------------------------------------
 | State |  Excitation energy (au) |  Excitation energy (eV) |
 -------------------------------------------------------------
 |     1 |                0.248727 |                6.768200 |
 |     2 |                0.248727 |                6.768200 |
 |     3 |                0.253351 |                6.894037 |
 |     4 |                0.287469 |                7.822426 |
 |     5 |                0.297028 |                8.082532 |
 |     6 |                0.297028 |                8.082532 |
 |     7 |                0.308949 |                8.406921 |
 |     8 |                0.308949 |                8.406921 |
 |     9 |                0.342838 |                9.329107 |
 |    10 |                0.397187 |               10.808000 |
 |    11 |                0.444058 |               12.083436 |
 |    12 |                0.444058 |               12.083436 |
 |    13 |                0.458410 |               12.473958 |
 |    14 |                0.458410 |               12.473958 |
 |    15 |                0.472745 |               12.864056 |
 |    16 |                0.492994 |               13.415063 |
 |    17 |                0.502810 |               13.682153 |
 |    18 |                0.507854 |               13.819412 |
 |    19 |                0.507854 |               13.819412 |
 |    20 |                0.516714 |               14.060499 |
 -------------------------------------------------------------


 -------------------------------------------------------------
   pp-RPA (N-2) calculation: alpha-beta     manifold
 -------------------------------------------------------------
 | State |  Excitation energy (au) |  Excitation energy (eV) |
 -------------------------------------------------------------
 |     1 |              -11.947502 |             -325.108088 |
 |     2 |               -5.617856 |             -152.869658 |
 |     3 |               -5.599015 |             -152.356966 |
 |     4 |               -5.491847 |             -149.440757 |
 |     5 |               -5.487962 |             -149.335046 |
 |     6 |               -1.190969 |              -32.407925 |
 |     7 |               -1.176862 |              -32.024059 |
 |     8 |               -0.932156 |              -25.365270 |
 |     9 |               -0.929720 |              -25.298966 |
 -------------------------------------------------------------


 -------------------------------------------------------------
   pp-RPA (N+2) calculation: alpha-alpha    manifold
 -------------------------------------------------------------
 | State |  Excitation energy (au) |  Excitation energy (eV) |
 -------------------------------------------------------------
 |     1 |                0.248727 |                6.768200 |
 |     2 |                0.248727 |                6.768200 |
 |     3 |                0.287469 |                7.822426 |
 |     4 |                0.397187 |               10.808000 |
 |     5 |                0.444058 |               12.083436 |
 |     6 |                0.444058 |               12.083436 |
 |     7 |                0.472745 |               12.864056 |
 |     8 |                0.507854 |               13.819412 |
 |     9 |                0.507854 |               13.819412 |
 |    10 |                0.550363 |               14.976127 |
 |    11 |                0.559142 |               15.215032 |
 |    12 |                0.559142 |               15.215032 |
 |    13 |                0.565301 |               15.382616 |
 |    14 |                0.565301 |               15.382616 |
 |    15 |                0.571182 |               15.542645 |
 |    16 |                0.571182 |               15.542645 |
 |    17 |                0.585660 |               15.936631 |
 |    18 |                0.602654 |               16.399040 |
 |    19 |                0.671676 |               18.277223 |
 |    20 |                0.716903 |               19.507936 |
 -------------------------------------------------------------


 -------------------------------------------------------------
   pp-RPA (N-2) calculation: alpha-alpha    manifold
 -------------------------------------------------------------
 | State |  Excitation energy (au) |  Excitation energy (eV) |
 -------------------------------------------------------------
 |     1 |               -5.599015 |             -152.356966 |
 |     2 |               -5.487962 |             -149.335046 |
 |     3 |               -0.932156 |              -25.365270 |
 -------------------------------------------------------------

 -------------------------------------------------------------------------------
   One-shot G0T0 calculation (T-matrix self-energy)  
 -------------------------------------------------------------------------------
 |   # |       e_HF (eV) |    Sigma_T (eV) |               Z |       e_QP (eV) |
 -------------------------------------------------------------------------------
 |   1 |     -131.587365 |        3.578415 |        0.888577 |     -128.407668 |
 |   2 |      -11.155886 |        0.091867 |        0.971964 |      -11.066595 |
 |   3 |       -9.663927 |        0.065983 |        0.972862 |       -9.599734 |
 |   4 |        0.390363 |       -0.532291 |        0.975020 |       -0.128632 |
 |   5 |        1.056633 |       -0.541112 |        0.980701 |        0.525964 |
 |   6 |        1.056633 |       -0.541112 |        0.980701 |        0.525964 |
 |   7 |        5.481591 |       -0.670977 |        0.967785 |        4.832229 |
 |   8 |        7.383343 |       -0.439805 |        0.980597 |        6.952071 |
 |   9 |        8.403556 |       -0.881874 |        0.964158 |        7.553290 |
 |  10 |        8.403556 |       -0.881874 |        0.964158 |        7.553290 |
 |  11 |        8.547677 |       -0.438642 |        0.980854 |        8.117433 |
 |  12 |       16.161106 |       -1.902780 |        0.186693 |       15.805870 |
 |  13 |       16.161106 |       -1.902780 |        0.186693 |       15.805870 |
 |  14 |       16.232405 |       -0.980941 |        0.913164 |       15.336645 |
 |  15 |       16.232405 |       -0.980941 |        0.913164 |       15.336645 |
 |  16 |       17.010338 |       -0.914613 |        0.912618 |       16.175646 |
 |  17 |       22.143137 |       -1.559384 |        0.825985 |       20.855109 |
 |  18 |       22.349297 |       -2.293350 |        0.340283 |       21.568909 |
 |  19 |       31.154580 |       -1.201000 |        0.248202 |       30.856489 |
 |  20 |       42.450357 |       -1.719259 |        0.153374 |       42.186667 |
 |  21 |       42.450357 |       -1.719259 |        0.153374 |       42.186667 |
 |  22 |       43.304037 |       -1.586260 |        0.234987 |       42.931286 |
 |  23 |       43.304037 |       -1.586260 |        0.234987 |       42.931286 |
 |  24 |       45.835030 |       -1.989266 |        0.370490 |       45.098026 |
 |  25 |       53.780981 |       -1.478167 |        0.429442 |       53.146195 |
 -------------------------------------------------------------------------------
             G0T0 HOMO      energy (eV)            =      -9.599734 eV
             G0T0 LUMO      energy (eV)            =      -0.128632 eV
             G0T0 HOMO-LUMO gap    (eV)            =       9.471102 eV
 -------------------------------------------------------------------------------
        Tr@ppRPA@G0T0 correlation energy (singlet) =       -0.0337781889 au
        Tr@ppRPA@G0T0 correlation energy (triplet) =       -0.0019222534 au
        Tr@ppRPA@G0T0 correlation energy           =       -0.0357004423 au
        Tr@ppRPA@G0T0 total energy                 =      -15.6314010236 au
              GM@G0T0 correlation energy           =       -0.0560703816 au
              GM@G0T0 total energy                 =      -15.6517709629 au
 -------------------------------------------------------------------------------


 -------------------------------------------------------------
   BSE@GT       calculation: singlet        manifold
 -------------------------------------------------------------
 | State |  Excitation energy (au) |  Excitation energy (eV) |
 -------------------------------------------------------------
 |     1 |                0.164370 |                4.472737 |
 |     2 |                0.164370 |                4.472737 |
 |     3 |                0.204708 |                5.570399 |
 |     4 |                0.230704 |                6.277778 |
 |     5 |                0.230704 |                6.277778 |
 |     6 |                0.231505 |                6.299559 |
 |     7 |                0.343111 |                9.336526 |
 |     8 |                0.373257 |               10.156850 |
 |     9 |                0.404827 |               11.015895 |
 |    10 |                0.413175 |               11.243051 |
 |    11 |                0.413175 |               11.243051 |
 |    12 |                0.446308 |               12.144648 |
 |    13 |                0.452023 |               12.300162 |
 |    14 |                0.452023 |               12.300162 |
 |    15 |                0.486341 |               13.234018 |
 |    16 |                0.504310 |               13.722987 |
 |    17 |                0.681511 |               18.544850 |
 |    18 |                0.681511 |               18.544850 |
 |    19 |                0.710736 |               19.340112 |
 |    20 |                0.710736 |               19.340112 |
 -------------------------------------------------------------

 ---------------------------------------------------------------
                 Transition dipole moment (au)                  
 ---------------------------------------------------------------
  #           X           Y           Z   dip. str.   osc. str.
 ---------------------------------------------------------------
  1    0.000000    0.000000   -0.000000    0.000000    0.000000
  2   -0.000000   -0.000000   -0.000000    0.000000    0.000000
  3    0.000000    0.000000    3.130147    9.797821    1.337131
  4    0.113674   -1.651398    0.000000    2.740037    0.421425
  5    1.651398    0.113674   -0.000000    2.740037    0.421425
  6    0.000000    0.000000   -0.000000    0.000000    0.000000
  7   -0.000000   -0.000000   -0.000000    0.000000    0.000000
  8   -0.000000   -0.000000    0.829533    0.688126    0.171232
  9    0.000000   -0.000000    0.470668    0.221528    0.059787
 10    0.000000   -0.000000    0.000000    0.000000    0.000000
 ---------------------------------------------------------------

 -------------------------------------------------------------
 Excitation n.   1:   4.472737 eV  f = 0.0000  <S**2> = 0.0000
 -------------------------------------------------------------
  3 ->   5 =   0.655594
  3 ->   6 =  -0.243326
  3 ->  10 =  -0.098116

 -------------------------------------------------------------
 Excitation n.   2:   4.472737 eV  f = 0.0000  <S**2> = 0.0000
 -------------------------------------------------------------
  3 ->   5 =  -0.243326
  3 ->   6 =  -0.655594
  3 ->   9 =   0.098116

 -------------------------------------------------------------
 Excitation n.   3:   5.570399 eV  f = 1.3371  <S**2> = 0.0000
 -------------------------------------------------------------
  2 ->   7 =  -0.072723
  3 ->   4 =   0.702252

 -------------------------------------------------------------
 Excitation n.   4:   6.277778 eV  f = 0.4214  <S**2> = 0.0000
 -------------------------------------------------------------
  2 ->   6 =  -0.697747
  2 ->   9 =   0.108918

 -------------------------------------------------------------
 Excitation n.   5:   6.277778 eV  f = 0.4214  <S**2> = 0.0000
 -------------------------------------------------------------
  2 ->   5 =  -0.697747
  2 ->  10 =   0.108918

 -------------------------------------------------------------
 Excitation n.   6:   6.299559 eV  f = 0.0000  <S**2> = 0.0000
 -------------------------------------------------------------
  2 ->   4 =  -0.704796

 -------------------------------------------------------------
 Excitation n.   7:   9.336526 eV  f = 0.0000  <S**2> = 0.0000
 -------------------------------------------------------------
  2 ->   8 =   0.081171
  3 ->   7 =   0.698730

 -------------------------------------------------------------
 Excitation n.   8:  10.156850 eV  f = 0.1712  <S**2> = 0.0000
 -------------------------------------------------------------
  2 ->   7 =  -0.682212
  2 ->  11 =  -0.163532
  3 ->   4 =  -0.074567

 -------------------------------------------------------------
 Excitation n.   9:  11.015895 eV  f = 0.0598  <S**2> = 0.0000
 -------------------------------------------------------------
  2 ->   7 =   0.074144
  2 ->  11 =  -0.229732
  3 ->   8 =   0.663530

 -------------------------------------------------------------
 Excitation n.  10:  11.243051 eV  f = 0.0000  <S**2> = 0.0000
 -------------------------------------------------------------
  3 ->   6 =  -0.099469
  3 ->   9 =  -0.698558

Thomas-Reiche-Kuhn sum rule =   2.411000


 *** dynamical TDA activated ***

 ---------------------------------------------------------------------------------------------------
  First-order dynamical correction to static Bethe-Salpeter excitation energies                     
 ---------------------------------------------------------------------------------------------------
  BSE neutral excitation must be lower than the GT gap =   9.471102 eV
 ---------------------------------------------------------------------------------------------------
      #          Static (eV)         Dynamic (eV)      Correction (eV)         Renorm. (eV)
 ---------------------------------------------------------------------------------------------------
      1            4.472737            4.409285           -0.063452            1.002548
      2            4.472737            4.409285           -0.063452            1.002548
      3            5.570399            5.473496           -0.096904            1.003851
      4            6.277778            6.349915            0.072138            0.998209
      5            6.277778            6.349915            0.072138            0.998209
      6            6.299559            6.324662            0.025102            0.989024
      7            9.336526            9.505561            0.169035            0.991652
      8           10.156850           10.154420           -0.002430            1.000959
      9           11.015895           11.006870           -0.009025            1.000458
     10           11.243051           11.218902           -0.024149            1.002292
 ---------------------------------------------------------------------------------------------------


 -------------------------------------------------------------
   BSE@GT       calculation: triplet        manifold
 -------------------------------------------------------------
 | State |  Excitation energy (au) |  Excitation energy (eV) |
 -------------------------------------------------------------
 |     1 |                0.055554 |                1.511715 |
 |     2 |                0.091968 |                2.502589 |
 |     3 |                0.147554 |                4.015158 |
 |     4 |                0.147554 |                4.015158 |
 |     5 |                0.181611 |                4.941898 |
 |     6 |                0.181611 |                4.941898 |
 |     7 |                0.302321 |                8.226572 |
 |     8 |                0.320013 |                8.707989 |
 |     9 |                0.386807 |               10.525544 |
 |    10 |                0.392569 |               10.682348 |
 |    11 |                0.409027 |               11.130199 |
 |    12 |                0.409027 |               11.130199 |
 |    13 |                0.441966 |               12.026500 |
 |    14 |                0.441966 |               12.026500 |
 |    15 |                0.484489 |               13.183628 |
 |    16 |                0.495074 |               13.471643 |
 |    17 |                0.659329 |               17.941267 |
 |    18 |                0.669054 |               18.205890 |
 |    19 |                0.669054 |               18.205890 |
 |    20 |                0.678145 |               18.453275 |
 -------------------------------------------------------------

 -------------------------------------------------------------
 Excitation n.   1:   1.511715 eV  f = 0.0000  <S**2> = 2.0000
 -------------------------------------------------------------
  2 ->   7 =   0.231777
  3 ->   4 =  -0.668082
  3 <-   4 =  -0.083790

 -------------------------------------------------------------
 Excitation n.   2:   2.502589 eV  f = 0.0000  <S**2> = 2.0000
 -------------------------------------------------------------
  2 ->   4 =  -0.624163
  2 ->   8 =  -0.070950
  3 ->   7 =   0.316898

 -------------------------------------------------------------
 Excitation n.   3:   4.015158 eV  f = 0.0000  <S**2> = 2.0000
 -------------------------------------------------------------
  3 ->   5 =  -0.088524
  3 ->   6 =  -0.691649
  3 ->   9 =   0.098655

 -------------------------------------------------------------
 Excitation n.   4:   4.015158 eV  f = 0.0000  <S**2> = 2.0000
 -------------------------------------------------------------
  3 ->   5 =   0.691649
  3 ->   6 =  -0.088524
  3 ->  10 =  -0.098655

 -------------------------------------------------------------
 Excitation n.   5:   4.941898 eV  f = 0.0000  <S**2> = 2.0000
 -------------------------------------------------------------
  2 ->   6 =   0.691665
  2 ->   9 =  -0.127677

 -------------------------------------------------------------
 Excitation n.   6:   4.941898 eV  f = 0.0000  <S**2> = 2.0000
 -------------------------------------------------------------
  2 ->   5 =   0.691665
  2 ->  10 =  -0.127677

 -------------------------------------------------------------
 Excitation n.   7:   8.226572 eV  f = 0.0000  <S**2> = 2.0000
 -------------------------------------------------------------
  2 ->   4 =  -0.326782
  3 ->   7 =  -0.596881
  3 ->  11 =  -0.164612

 -------------------------------------------------------------
 Excitation n.   8:   8.707989 eV  f = 0.0000  <S**2> = 2.0000
 -------------------------------------------------------------
  2 ->   7 =  -0.594172
  2 ->  11 =  -0.229106
  3 ->   4 =  -0.237909
  3 ->   8 =   0.170398
  3 ->  16 =  -0.071054

 -------------------------------------------------------------
 Excitation n.   9:  10.525544 eV  f = 0.0000  <S**2> = 2.0000
 -------------------------------------------------------------
  2 ->   7 =  -0.260239
  2 ->  11 =   0.240983
  3 ->   8 =  -0.607612

 -------------------------------------------------------------
 Excitation n.  10:  10.682348 eV  f = 0.0000  <S**2> = 2.0000
 -------------------------------------------------------------
  2 ->   8 =  -0.452907
  3 ->   7 =  -0.180763
  3 ->  11 =   0.506025

Thomas-Reiche-Kuhn sum rule =   0.000000


 *** dynamical TDA activated ***

 ---------------------------------------------------------------------------------------------------
  First-order dynamical correction to static Bethe-Salpeter excitation energies                     
 ---------------------------------------------------------------------------------------------------
  BSE neutral excitation must be lower than the GT gap =   9.471102 eV
 ---------------------------------------------------------------------------------------------------
      #          Static (eV)         Dynamic (eV)      Correction (eV)         Renorm. (eV)
 ---------------------------------------------------------------------------------------------------
      1            1.511715            1.286542           -0.225173            1.011703
      2            2.502589            2.271397           -0.231192            1.011648
      3            4.015158            3.926865           -0.088294            1.003382
      4            4.015158            3.926865           -0.088294            1.003382
      5            4.941898            4.687939           -0.253959            1.006851
      6            4.941898            4.687939           -0.253959            1.006851
      7            8.226572            8.048725           -0.177848            1.011680
      8            8.707989            8.617635           -0.090354            1.005923
      9           10.525544           10.467269           -0.058275            1.004381
     10           10.682348           10.600572           -0.081776            1.006098
 ---------------------------------------------------------------------------------------------------


 -------------------------------------------------------------------------------
          Tr@BSE@G0T0 correlation energy (singlet) =       -0.0051293692 au
          Tr@BSE@G0T0 correlation energy (triplet) =       -0.0063453672 au
          Tr@BSE@G0T0 correlation energy           =       -0.0114747364 au
          Tr@BSE@G0T0 total energy                 =      -15.6071753178 au
 -------------------------------------------------------------------------------

                                       Total CPU time for G0T0 =      2.653 seconds

                                      Total CPU time for QuAcK =      3.953 seconds

