78 significant shell pairs computed in 0.000097 seconds
0
Computed Electron repulsion integrals Integrals in parallel in 0.264298 seconds

 ******************************************************************************************
 *            QuAcK                       QuAcK                         QuAcK             *
 *   __        __        __       __        __        __       __        __        __     *
 * <(o )___  <(o )___  <(o )___ <(o )___  <(o )___  <(o )___ <(o )___  <(o )___  <(o )___ *
 * ( ._> /   ( ._> /   ( ._> /  ( ._> /   ( ._> /   ( ._> /  ( ._> /   ( ._> /   ( ._> /  *
 *|--------------------------------------------------------------------------------------|*
 ******************************************************************************************

      ----------------------
             Number of atoms                3
      ----------------------

      ----------------------
Number of spin-up   electron                3
Number of spin-down electron                3
    Total number of electron                6
      ----------------------

      ----------------------
Number of core      electron                0
Number of Rydberg   electron                0
      ----------------------

          ------------------
          Molecular geometry
          ------------------
                    Atom n.                 1
                        Z =      4.0000000000
           Atom coordinates:     0.0000000000    0.0000000000    0.0000000000
                    Atom n.                 2
                        Z =      1.0000000000
           Atom coordinates:     0.0000000000    0.0000000000    4.5353427011
                    Atom n.                 3
                        Z =      1.0000000000
           Atom coordinates:     0.0000000000    0.0000000000   -4.5353427011

          ------------------
 Nuclear repulsion energy =      1.8741692878
          ------------------

          Gaussian basis set
          ------------------
                    Atom n.                 1
           number of shells                 6
          ------------------
      s-type shell with K =                 9
                                    Exponents     Contraction
                              2940.0000000000    0.0006800000
                               441.2000000000    0.0052360000
                               100.5000000000    0.0266060000
                                28.4300000000    0.0999930000
                                 9.1690000000    0.2697020000
                                 3.1960000000    0.4514690000
                                 1.1590000000    0.2950740000
                                 0.1811000000    0.0125870000
                                 0.0589000000   -0.0037560000
      s-type shell with K =                 9
                                    Exponents     Contraction
                              2940.0000000000   -0.0001230000
                               441.2000000000   -0.0009660000
                               100.5000000000   -0.0048310000
                                28.4300000000   -0.0193140000
                                 9.1690000000   -0.0532800000
                                 3.1960000000   -0.1207230000
                                 1.1590000000   -0.1334350000
                                 0.1811000000    0.5307670000
                                 0.0589000000    0.5801170000
      s-type shell with K =                 1
                                    Exponents     Contraction
                                 0.0589000000    1.0000000000
      p-type shell with K =                 4
                                    Exponents     Contraction
                                 3.6190000000    0.0291110000
                                 0.7110000000    0.1693650000
                                 0.1951000000    0.5134580000
                                 0.0601800000    0.4793380000
      p-type shell with K =                 1
                                    Exponents     Contraction
                                 0.0601800000    1.0000000000
      d-type shell with K =                 1
                                    Exponents     Contraction
                                 0.2354000000    1.0000000000
          ------------------
                    Atom n.                 2
           number of shells                 3
          ------------------
      s-type shell with K =                 4
                                    Exponents     Contraction
                                13.0100000000    0.0196850000
                                 1.9620000000    0.1379770000
                                 0.4446000000    0.4781480000
                                 0.1220000000    0.5012400000
      s-type shell with K =                 1
                                    Exponents     Contraction
                                 0.1220000000    1.0000000000
      p-type shell with K =                 1
                                    Exponents     Contraction
                                 0.7270000000    1.0000000000
          ------------------
                    Atom n.                 3
           number of shells                 3
          ------------------
      s-type shell with K =                 4
                                    Exponents     Contraction
                                13.0100000000    0.0196850000
                                 1.9620000000    0.1379770000
                                 0.4446000000    0.4781480000
                                 0.1220000000    0.5012400000
      s-type shell with K =                 1
                                    Exponents     Contraction
                                 0.1220000000    1.0000000000
      p-type shell with K =                 1
                                    Exponents     Contraction
                                 0.7270000000    1.0000000000
          ------------------
            Number of shells               12
          ------------------

          ------------------
   Number of basis functions               25
          ------------------

 Scaling integrals by    1.0000000000000000     

                          Total CPU time for reading integrals =      0.022 seconds


 ************************************************
 |    Restricted Hartree-Fock calculation       |
 ************************************************


 ----------------------------------------------------
 | RHF calculation                                  |
 ----------------------------------------------------
 |   # |        HF energy |       Conv |     HL Gap |
 ----------------------------------------------------
 |   1 |   -15.3447365696 |   0.177537 |   1.189907 |
 |   2 |   -15.4224236616 |   0.140983 |   1.245054 |
 |   3 |   -15.4687248223 |   0.118292 |   1.276696 |
 |   4 |   -15.4968023111 |   0.094222 |   1.293799 |
 |   5 |   -15.5142522519 |   0.073166 |   1.302943 |
 |   6 |   -15.5253832372 |   0.056307 |   1.307988 |
 |   7 |   -15.5326540059 |   0.043346 |   1.310965 |
 |   8 |   -15.5374985134 |   0.033535 |   1.312888 |
 |   9 |   -15.5407786932 |   0.026129 |   1.314249 |
 |  10 |   -15.5430290823 |   0.020515 |   1.315288 |
 |  11 |   -15.5445904226 |   0.016229 |   1.316124 |
 |  12 |   -15.5456847675 |   0.012927 |   1.316818 |
 |  13 |   -15.5464592911 |   0.010361 |   1.317403 |
 |  14 |   -15.5470128004 |   0.008350 |   1.317901 |
 |  15 |   -15.5474122973 |   0.006761 |   1.318325 |
 |  16 |   -15.5477035905 |   0.005497 |   1.318686 |
 |  17 |   -15.5479182256 |   0.004486 |   1.318993 |
 |  18 |   -15.5480780740 |   0.003672 |   1.319253 |
 |  19 |   -15.5481984038 |   0.003013 |   1.319474 |
 |  20 |   -15.5482899493 |   0.002478 |   1.319661 |
 |  21 |   -15.5483603148 |   0.002042 |   1.319819 |
 |  22 |   -15.5484149322 |   0.001686 |   1.319952 |
 |  23 |   -15.5484577153 |   0.001394 |   1.320063 |
 |  24 |   -15.5484915116 |   0.001153 |   1.320158 |
 |  25 |   -15.5485184129 |   0.000956 |   1.320237 |
 |  26 |   -15.5485399719 |   0.000792 |   1.320303 |
 |  27 |   -15.5485573533 |   0.000658 |   1.320358 |
 |  28 |   -15.5485714402 |   0.000546 |   1.320405 |
 |  29 |   -15.5485829085 |   0.000454 |   1.320444 |
 |  30 |   -15.5485922813 |   0.000377 |   1.320477 |
 |  31 |   -15.5485999666 |   0.000314 |   1.320504 |
 |  32 |   -15.5486062859 |   0.000261 |   1.320527 |
 |  33 |   -15.5486114941 |   0.000217 |   1.320546 |
 |  34 |   -15.5486157952 |   0.000181 |   1.320562 |
 |  35 |   -15.5486193529 |   0.000151 |   1.320575 |
 |  36 |   -15.5486222999 |   0.000126 |   1.320586 |
 |  37 |   -15.5486247437 |   0.000105 |   1.320596 |
 |  38 |   -15.5486267723 |   0.000087 |   1.320604 |
 |  39 |   -15.5486284575 |   0.000073 |   1.320610 |
 |  40 |   -15.5486298585 |   0.000061 |   1.320616 |
 |  41 |   -15.5486310237 |   0.000050 |   1.320620 |
 |  42 |   -15.5486319934 |   0.000042 |   1.320624 |
 |  43 |   -15.5486328006 |   0.000035 |   1.320627 |
 |  44 |   -15.5486334729 |   0.000029 |   1.320630 |
 |  45 |   -15.5486340328 |   0.000024 |   1.320632 |
 |  46 |   -15.5486344993 |   0.000020 |   1.320634 |
 |  47 |   -15.5486348881 |   0.000017 |   1.320635 |
 |  48 |   -15.5486352121 |   0.000014 |   1.320636 |
 |  49 |   -15.5486354822 |   0.000012 |   1.320638 |
 |  50 |   -15.5486357074 |   0.000010 |   1.320638 |
 |  51 |   -15.5486358951 |   0.000008 |   1.320639 |
 |  52 |   -15.5486360516 |   0.000007 |   1.320640 |
 |  53 |   -15.5486361822 |   0.000006 |   1.320640 |
 |  54 |   -15.5486362910 |   0.000005 |   1.320641 |
 |  55 |   -15.5486363818 |   0.000004 |   1.320641 |
 |  56 |   -15.5486364575 |   0.000003 |   1.320641 |
 |  57 |   -15.5486365206 |   0.000003 |   1.320642 |
 |  58 |   -15.5486365733 |   0.000002 |   1.320642 |
 |  59 |   -15.5486366172 |   0.000002 |   1.320642 |
 |  60 |   -15.5486366539 |   0.000002 |   1.320642 |
 |  61 |   -15.5486366844 |   0.000001 |   1.320642 |
 |  62 |   -15.5486367099 |   0.000001 |   1.320642 |
 |  63 |   -15.5486367312 |   0.000001 |   1.320642 |
 |  64 |   -15.5486367489 |   0.000001 |   1.320643 |
 |  65 |   -15.5486367637 |   0.000001 |   1.320643 |
 |  66 |   -15.5486367760 |   0.000001 |   1.320643 |
 |  67 |   -15.5486367863 |   0.000000 |   1.320643 |
 |  68 |   -15.5486367949 |   0.000000 |   1.320643 |
 |  69 |   -15.5486368021 |   0.000000 |   1.320643 |
 |  70 |   -15.5486368081 |   0.000000 |   1.320643 |
 |  71 |   -15.5486368130 |   0.000000 |   1.320643 |
 |  72 |   -15.5486368172 |   0.000000 |   1.320643 |
 |  73 |   -15.5486368207 |   0.000000 |   1.320643 |
 |  74 |   -15.5486368236 |   0.000000 |   1.320643 |
 |  75 |   -15.5486368260 |   0.000000 |   1.320643 |
 |  76 |   -15.5486367896 |   0.000000 |   0.320643 |
 ----------------------------------------------------

         -----------------------------------------
           Summary              
         -----------------------------------------
           One-electron energy:    -23.6600143631 au
           Kinetic      energy:     14.9914528765 au
           Potential    energy:    -38.6514672396 au
         -----------------------------------------
           Two-electron energy:      6.2372082857 au
           Hartree      energy:      9.3602627158 au
           Exchange     energy:     -3.1230544301 au
         -----------------------------------------
           Electronic   energy:    -17.4228060774 au
           Nuclear   repulsion:      1.8741692878 au
           RHF          energy:    -15.5486367896 au
         -----------------------------------------
           HF HOMO      energy:         -9.231825 eV
           HF LUMO      energy:         -0.506688 eV
           HF HOMO-LUMO gap   :          8.725137 eV
         -----------------------------------------
          Dipole moment (Debye)    
                   X         Y         Z      Tot.
           -0.000000 -0.000000 -0.000000  0.000000
         -----------------------------------------

           ---------------------------------------
                 MO coefficients
           ---------------------------------------
                 1              2              3              4              5
      1     1.00052366     0.00665249     0.00000000    -0.00836157     0.00000000
      2     0.00515128    -0.66368295     0.00000000     0.72490715     0.00000000
      3    -0.00134837     0.04359762     0.00000000     0.20865513     0.00000000
      4     0.00000000     0.00000000     0.00000000     0.00000000     0.01582860
      5     0.00000000     0.00000000     0.00000000     0.00000000    -0.57835754
      6     0.00000000     0.00000000    -0.39402073     0.00000000     0.00000000
      7     0.00000000     0.00000000     0.00000000     0.00000000     0.01252491
      8     0.00000000     0.00000000     0.00000000     0.00000000    -0.45764491
      9     0.00000000     0.00000000    -0.03128797     0.00000000     0.00000000
     10    -0.00185164     0.01366194     0.00000000     0.01802024     0.00000000
     11     0.00000000     0.00000000     0.00000000     0.00000000     0.00000000
     12     0.00000000     0.00000000     0.00000000     0.00000000     0.00000000
     13    -0.00185164     0.01366194     0.00000000     0.01802024     0.00000000
     14     0.00000000     0.00000000     0.00000000     0.00000000     0.00000000
     15    -0.00172630    -0.04650099     0.00000000    -0.03894527     0.00000000
     16     0.00016969    -0.35882136    -0.45652350    -0.36730586     0.00000000
     17     0.00022840    -0.04696195    -0.04690867    -0.30860461     0.00000000
     18     0.00000000     0.00000000     0.00000000     0.00000000     0.00019492
     19     0.00000000     0.00000000     0.00000000     0.00000000    -0.00712230
     20     0.00004232     0.00944891     0.00814453    -0.00663690     0.00000000
     21     0.00016969    -0.35882136     0.45652350    -0.36730586     0.00000000
     22     0.00022840    -0.04696195     0.04690867    -0.30860461     0.00000000
     23     0.00000000     0.00000000     0.00000000     0.00000000     0.00019492
     24     0.00000000     0.00000000     0.00000000     0.00000000    -0.00712230
     25    -0.00004232    -0.00944891     0.00814453     0.00663690     0.00000000
                 6              7              8              9             10
      1     0.00000000     0.00000000     0.59782779     0.00000000     0.00000000
      2     0.00000000     0.00000000     2.92823829     0.00000000     0.00000000
      3     0.00000000     0.00000000    -3.78897857     0.00000000     0.00000000
      4    -0.57835754     0.00000000     0.00000000    -0.96738445    -1.57894653
      5    -0.01582860     0.00000000     0.00000000     1.57894653    -0.96738445
      6     0.00000000    -0.90415107     0.00000000     0.00000000     0.00000000
      7    -0.45764491     0.00000000     0.00000000     0.98441084     1.60673667
      8    -0.01252491     0.00000000     0.00000000    -1.60673667     0.98441084
      9     0.00000000    -0.52363470     0.00000000     0.00000000     0.00000000
     10     0.00000000     0.00000000     0.18910234     0.00000000     0.00000000
     11     0.00000000     0.00000000     0.00000000     0.00000000     0.00000000
     12     0.00000000     0.00000000     0.00000000     0.00000000     0.00000000
     13     0.00000000     0.00000000     0.18910234     0.00000000     0.00000000
     14     0.00000000     0.00000000     0.00000000     0.00000000     0.00000000
     15     0.00000000     0.00000000     0.28857923     0.00000000     0.00000000
     16     0.00000000     0.26469625     0.06061822     0.00000000     0.00000000
     17     0.00000000     0.62801965     0.22940752     0.00000000     0.00000000
     18    -0.00712230     0.00000000     0.00000000     0.00137095     0.00223764
     19    -0.00019492     0.00000000     0.00000000    -0.00223764     0.00137095
     20     0.00000000     0.01763720    -0.02171822     0.00000000     0.00000000
     21     0.00000000    -0.26469625     0.06061822     0.00000000     0.00000000
     22     0.00000000    -0.62801965     0.22940752     0.00000000     0.00000000
     23    -0.00712230     0.00000000     0.00000000     0.00137095     0.00223764
     24    -0.00019492     0.00000000     0.00000000    -0.00223764     0.00137095
     25     0.00000000     0.01763720     0.02171822     0.00000000     0.00000000
                11             12             13             14             15
      1     0.00000000     0.00000000     0.00000000     0.00000000     0.00000000
      2     0.00000000     0.00000000     0.00000000     0.00000000     0.00000000
      3     0.00000000     0.00000000     0.00000000     0.00000000     0.00000000
      4     0.00000000     0.00000000     0.00000000     0.00000000     0.00000000
      5     0.00000000     0.00000000     0.00000000     0.00000000     0.00000000
      6    -1.72949956     0.00000000     0.00000000     0.00000000     0.00000000
      7     0.00000000     0.00000000     0.00000000     0.00000000     0.00000000
      8     0.00000000     0.00000000     0.00000000     0.00000000     0.00000000
      9     2.68044530     0.00000000     0.00000000     0.00000000     0.00000000
     10     0.00000000    -0.86602444     0.00129235     0.00000000     0.00000000
     11     0.00000000    -0.00149228    -0.99999889     0.00000000     0.00000000
     12     0.00000000     0.00000000     0.00000000     0.70105859     0.69936954
     13     0.00000000     0.86602444    -0.00129235     0.00000000     0.00000000
     14     0.00000000     0.00000000     0.00000000    -0.69936954     0.70105859
     15     0.00000000     0.00000000     0.00000000     0.00000000     0.00000000
     16    -0.10016697     0.00000000     0.00000000     0.00000000     0.00000000
     17    -0.61603926     0.00000000     0.00000000     0.00000000     0.00000000
     18     0.00000000     0.00000000     0.00000000     0.03979030     0.03969443
     19     0.00000000     0.00000000     0.00000000    -0.03969443     0.03979030
     20     0.02631702     0.00000000     0.00000000     0.00000000     0.00000000
     21     0.10016697     0.00000000     0.00000000     0.00000000     0.00000000
     22     0.61603926     0.00000000     0.00000000     0.00000000     0.00000000
     23     0.00000000     0.00000000     0.00000000    -0.03979030    -0.03969443
     24     0.00000000     0.00000000     0.00000000     0.03969443    -0.03979030
     25     0.02631702     0.00000000     0.00000000     0.00000000     0.00000000
                16             17             18             19             20
      1     0.20051653     0.04660658     0.00000000     0.43109794     0.00000000
      2     1.03143398     0.42899835     0.00000000     4.09909149     0.00000000
      3    -1.36218526    -0.32701158     0.00000000    -1.02736691     0.00000000
      4     0.00000000     0.00000000     0.00000000     0.00000000     0.01658707
      5     0.00000000     0.00000000     0.00000000     0.00000000    -0.06082441
      6     0.00000000     0.00000000    -0.13555846     0.00000000     0.00000000
      7     0.00000000     0.00000000     0.00000000     0.00000000    -0.04155925
      8     0.00000000     0.00000000     0.00000000     0.00000000     0.15239689
      9     0.00000000     0.00000000     0.99916472     0.00000000     0.00000000
     10     0.38964706    -0.40021680     0.00000000    -1.47535979     0.00000000
     11     0.00000000     0.00000000     0.00000000     0.00000000     0.00000000
     12     0.00000000     0.00000000     0.00000000     0.00000000     0.00000000
     13     0.38964706    -0.40021680     0.00000000    -1.47535979     0.00000000
     14     0.00000000     0.00000000     0.00000000     0.00000000     0.00000000
     15    -0.99732773     0.28482984     0.00000000    -1.25380127     0.00000000
     16    -0.72384006    -1.43427693     1.67054844     0.30128316     0.00000000
     17     1.20959559     1.44554508    -2.24250243    -0.43703625     0.00000000
     18     0.00000000     0.00000000     0.00000000     0.00000000     0.18692871
     19     0.00000000     0.00000000     0.00000000     0.00000000    -0.68546362
     20     0.10150009    -0.03426266    -0.05455191     0.09909552     0.00000000
     21    -0.72384006    -1.43427693    -1.67054844     0.30128316     0.00000000
     22     1.20959559     1.44554508     2.24250243    -0.43703625     0.00000000
     23     0.00000000     0.00000000     0.00000000     0.00000000     0.18692871
     24     0.00000000     0.00000000     0.00000000     0.00000000    -0.68546362
     25    -0.10150009     0.03426266    -0.05455191    -0.09909552     0.00000000
                21             22             23             24             25
      1     0.00000000     0.00000000     0.00000000     0.00000000    -0.18803724
      2     0.00000000     0.00000000     0.00000000     0.00000000    -1.26585652
      3     0.00000000     0.00000000     0.00000000     0.00000000     0.81682357
      4     0.06082441     0.00000000     0.00000000     0.00000000     0.00000000
      5     0.01658707     0.00000000     0.00000000     0.00000000     0.00000000
      6     0.00000000     0.00000000     0.00000000    -0.20721971     0.00000000
      7    -0.15239689     0.00000000     0.00000000     0.00000000     0.00000000
      8    -0.04155925     0.00000000     0.00000000     0.00000000     0.00000000
      9     0.00000000     0.00000000     0.00000000    -0.34114887     0.00000000
     10     0.00000000     0.00000000     0.00000000     0.00000000     0.12156922
     11     0.00000000     0.00000000     0.00000000     0.00000000     0.00000000
     12     0.00000000     0.05158565     0.15391975     0.00000000     0.00000000
     13     0.00000000     0.00000000     0.00000000     0.00000000     0.12156922
     14     0.00000000    -0.15391975     0.05158565     0.00000000     0.00000000
     15     0.00000000     0.00000000     0.00000000     0.00000000     0.87390113
     16     0.00000000     0.00000000     0.00000000    -0.27942354     0.08442601
     17     0.00000000     0.00000000     0.00000000     0.56706355    -0.32012852
     18     0.68546362    -0.22477188    -0.67066782     0.00000000     0.00000000
     19     0.18692871     0.67066782    -0.22477188     0.00000000     0.00000000
     20     0.00000000     0.00000000     0.00000000    -0.72657165     0.74290197
     21     0.00000000     0.00000000     0.00000000     0.27942354     0.08442601
     22     0.00000000     0.00000000     0.00000000    -0.56706355    -0.32012852
     23     0.68546362     0.22477188     0.67066782     0.00000000     0.00000000
     24     0.18692871    -0.67066782     0.22477188     0.00000000     0.00000000
     25     0.00000000     0.00000000     0.00000000    -0.72657165    -0.74290197

           ---------------------------------------
                     MO energies
           ---------------------------------------
                 1
      1    -4.85676276
      2    -0.39677282
      3    -0.33926332
      4    -0.01862045
      5     0.03234907
      6     0.03234907
      7     0.15925029
      8     0.27333367
      9     0.29902235
     10     0.29902235
     11     0.33218060
     12     0.58717187
     13     0.58717187
     14     0.59141047
     15     0.59141047
     16     0.63935108
     17     0.75413298
     18     0.78596925
     19     1.11925458
     20     1.55054037
     21     1.55054037
     22     1.55888244
     23     1.55888244
     24     1.63788628
     25     1.83164045

                                        Total CPU time for RHF =      0.616 seconds


 AO to MO transformation... Please be patient

                    Total CPU time for AO to MO transformation =      0.675 seconds


 ************************************************
 |          One-shot G0W0 calculation           |
 ************************************************


 -------------------------------------------------------------
   RPA@HF       calculation: singlet        manifold
 -------------------------------------------------------------
 | State |  Excitation energy (au) |  Excitation energy (eV) |
 -------------------------------------------------------------
 |     1 |                0.383015 |               10.422381 |
 |     2 |                0.383015 |               10.422381 |
 |     3 |                0.414546 |               11.280384 |
 |     4 |                0.431626 |               11.745145 |
 |     5 |                0.478992 |               13.034034 |
 |     6 |                0.478992 |               13.034034 |
 |     7 |                0.611524 |               16.640414 |
 |     8 |                0.613858 |               16.703929 |
 |     9 |                0.634150 |               17.256106 |
 |    10 |                0.643985 |               17.523737 |
 |    11 |                0.643985 |               17.523737 |
 |    12 |                0.674090 |               18.342932 |
 |    13 |                0.725607 |               19.744772 |
 |    14 |                0.725607 |               19.744772 |
 |    15 |                0.747872 |               20.350647 |
 |    16 |                0.756229 |               20.578044 |
 |    17 |                0.931176 |               25.338579 |
 |    18 |                0.931176 |               25.338579 |
 |    19 |                0.974394 |               26.514613 |
 |    20 |                0.974394 |               26.514613 |
 -------------------------------------------------------------

  *** Quasiparticle energies obtained by linearization *** 

 -------------------------------------------------------------------------------
   One-shot G0W0 calculation
 -------------------------------------------------------------------------------
 |   # |       e_HF (eV) |      Sig_c (eV) |               Z |       e_QP (eV) |
 -------------------------------------------------------------------------------
 |   1 |     -132.159246 |        4.441773 |        0.852821 |     -128.371208 |
 |   2 |      -10.796738 |       -0.093361 |        0.913700 |      -10.882043 |
 |   3 |       -9.231825 |       -0.274818 |        0.927328 |       -9.486672 |
 |   4 |       -0.506688 |       -0.560690 |        0.937230 |       -1.032184 |
 |   5 |        0.880263 |       -0.751366 |        0.958346 |        0.160194 |
 |   6 |        0.880263 |       -0.751366 |        0.958346 |        0.160194 |
 |   7 |        4.333421 |       -1.113366 |        0.902853 |        3.328215 |
 |   8 |        7.437788 |       -0.708814 |        0.952099 |        6.762927 |
 |   9 |        8.136813 |       -1.348026 |        0.907668 |        6.913254 |
 |  10 |        8.136813 |       -1.348026 |        0.907668 |        6.913254 |
 |  11 |        9.039095 |       -0.799017 |        0.944833 |        8.284157 |
 |  12 |       15.977761 |       -0.306800 |        0.638050 |       15.782007 |
 |  13 |       15.977761 |       -0.306800 |        0.638050 |       15.782007 |
 |  14 |       16.093099 |       -1.769184 |        0.583268 |       15.061190 |
 |  15 |       16.093099 |       -1.769184 |        0.583268 |       15.061190 |
 |  16 |       17.397629 |       -0.819538 |        0.654933 |       16.860886 |
 |  17 |       20.521004 |       -2.067753 |        0.091402 |       20.332007 |
 |  18 |       21.387313 |       -2.461441 |        0.598872 |       19.913223 |
 |  19 |       30.456469 |       -0.240689 |        0.514438 |       30.332649 |
 |  20 |       42.192352 |       -3.261558 |        0.777655 |       39.655987 |
 |  21 |       42.192352 |       -3.261558 |        0.777655 |       39.655987 |
 |  22 |       42.419352 |       -3.246256 |        0.781035 |       39.883913 |
 |  23 |       42.419352 |       -3.246256 |        0.781035 |       39.883913 |
 |  24 |       44.569156 |       -2.306821 |        0.600280 |       43.184417 |
 |  25 |       49.841475 |        3.957297 |        0.002925 |       49.853049 |
 -------------------------------------------------------------------------------
          G0W0 HOMO      energy:      -9.486672 eV
          G0W0 LUMO      energy:      -1.032184 eV
          G0W0 HOMO-LUMO gap   :       8.454488 eV
 -------------------------------------------------------------------------------
    RPA@G0W0 total energy      :     -15.644027 au
    RPA@G0W0 correlation energy:      -0.095390 au
    GM@G0W0  total energy      :     -15.713370 au
    GM@G0W0  correlation energy:      -0.164733 au
 -------------------------------------------------------------------------------


 -------------------------------------------------------------
   BSE@GW       calculation: singlet        manifold
 -------------------------------------------------------------
 | State |  Excitation energy (au) |  Excitation energy (eV) |
 -------------------------------------------------------------
 |     1 |                0.147443 |                4.012136 |
 |     2 |                0.147443 |                4.012136 |
 |     3 |                0.158922 |                4.324487 |
 |     4 |                0.193680 |                5.270295 |
 |     5 |                0.229503 |                6.245100 |
 |     6 |                0.229503 |                6.245100 |
 |     7 |                0.301351 |                8.200177 |
 |     8 |                0.328226 |                8.931490 |
 |     9 |                0.392326 |               10.675725 |
 |    10 |                0.392326 |               10.675725 |
 |    11 |                0.404279 |               11.000994 |
 |    12 |                0.444859 |               12.105219 |
 |    13 |                0.444859 |               12.105219 |
 |    14 |                0.462633 |               12.588876 |
 |    15 |                0.477802 |               13.001661 |
 |    16 |                0.508264 |               13.830565 |
 |    17 |                0.686892 |               18.691289 |
 |    18 |                0.686892 |               18.691289 |
 |    19 |                0.699595 |               19.036955 |
 |    20 |                0.699595 |               19.036955 |
 -------------------------------------------------------------

 ---------------------------------------------------------------
                 Transition dipole moment (au)                  
 ---------------------------------------------------------------
  #           X           Y           Z   dip. str.   osc. str.
 ---------------------------------------------------------------
  1   -0.000000    0.000000    0.000000    0.000000    0.000000
  2   -0.000000   -0.000000   -0.000000    0.000000    0.000000
  3    0.000000   -0.000000   -2.552142    6.513429    0.690085
  4   -0.000000   -0.000000    0.000000    0.000000    0.000000
  5   -1.547373    0.060612   -0.000000    2.398036    0.366905
  6   -0.060612   -1.547373    0.000000    2.398036    0.366905
  7   -0.000000    0.000000   -0.000000    0.000000    0.000000
  8   -0.000000    0.000000   -0.748826    0.560741    0.122700
  9   -0.000000   -0.000000   -0.000000    0.000000    0.000000
 10   -0.000000   -0.000000   -0.000000    0.000000    0.000000
 ---------------------------------------------------------------

 -------------------------------------------------------------
 Excitation n.   1:   4.012136 eV  f = 0.0000  <S**2> = 0.0000
 -------------------------------------------------------------
  3 ->   5 =   0.686005
  3 ->   6 =   0.140723
  3 ->   9 =  -0.073558

 -------------------------------------------------------------
 Excitation n.   2:   4.012136 eV  f = 0.0000  <S**2> = 0.0000
 -------------------------------------------------------------
  3 ->   5 =   0.140723
  3 ->   6 =  -0.686005
  3 ->  10 =  -0.073558

 -------------------------------------------------------------
 Excitation n.   3:   4.324487 eV  f = 0.6901  <S**2> = 0.0000
 -------------------------------------------------------------
  3 ->   4 =  -0.739568
  3 <-   4 =   0.213385

 -------------------------------------------------------------
 Excitation n.   4:   5.270295 eV  f = 0.0000  <S**2> = 0.0000
 -------------------------------------------------------------
  2 ->   4 =  -0.707621
  3 ->   7 =  -0.145056
  2 <-   4 =   0.116761
  3 <-   7 =  -0.090918

 -------------------------------------------------------------
 Excitation n.   5:   6.245100 eV  f = 0.3669  <S**2> = 0.0000
 -------------------------------------------------------------
  2 ->   6 =  -0.705896

 -------------------------------------------------------------
 Excitation n.   6:   6.245100 eV  f = 0.3669  <S**2> = 0.0000
 -------------------------------------------------------------
  2 ->   5 =  -0.705896

 -------------------------------------------------------------
 Excitation n.   7:   8.200177 eV  f = 0.0000  <S**2> = 0.0000
 -------------------------------------------------------------
  2 ->   4 =  -0.184903
  3 ->   7 =   0.701739
  2 <-   4 =   0.142009
  3 <-   7 =  -0.102845

 -------------------------------------------------------------
 Excitation n.   8:   8.931490 eV  f = 0.1227  <S**2> = 0.0000
 -------------------------------------------------------------
  2 ->   7 =   0.708720
  2 ->  11 =   0.072307

 -------------------------------------------------------------
 Excitation n.   9:  10.675725 eV  f = 0.0000  <S**2> = 0.0000
 -------------------------------------------------------------
  3 ->   5 =   0.073055
  3 ->   9 =   0.214299
  3 ->  10 =  -0.666344

 -------------------------------------------------------------
 Excitation n.  10:  10.675725 eV  f = 0.0000  <S**2> = 0.0000
 -------------------------------------------------------------
  3 ->   6 =   0.073055
  3 ->   9 =  -0.666344
  3 ->  10 =  -0.214299

Thomas-Reiche-Kuhn sum rule =   1.546594


 *** dynamical TDA activated ***

 ---------------------------------------------------------------------------------------------------
  First-order dynamical correction to static Bethe-Salpeter excitation energies                     
 ---------------------------------------------------------------------------------------------------
  BSE neutral excitation must be lower than the GW gap =   8.454488 eV
 ---------------------------------------------------------------------------------------------------
      #          Static (eV)         Dynamic (eV)      Correction (eV)         Renorm. (eV)
 ---------------------------------------------------------------------------------------------------
      1            4.012136            4.041933            0.029797            0.996501
      2            4.012136            4.041933            0.029797            0.996501
      3            4.324487            4.273458           -0.051029            1.012192
      4            5.270295            5.303184            0.032889            0.999634
      5            6.245100            6.166887           -0.078213            1.012100
      6            6.245100            6.166887           -0.078213            1.012100
      7            8.200177            8.084011           -0.116166            1.032696
      8            8.931490            8.825592           -0.105899            1.016356
      9           10.675725           10.703540            0.027815            0.997264
     10           10.675725           10.703540            0.027815            0.997264
 ---------------------------------------------------------------------------------------------------

 You may have instabilities in linear response: negative excitations!!

 -------------------------------------------------------------
   BSE@GW       calculation: triplet        manifold
 -------------------------------------------------------------
 | State |  Excitation energy (au) |  Excitation energy (eV) |
 -------------------------------------------------------------
 |     1 |                     NaN |                     NaN |
 |     2 |                0.062741 |                1.707275 |
 |     3 |                0.131580 |                3.580469 |
 |     4 |                0.131580 |                3.580469 |
 |     5 |                0.161897 |                4.405433 |
 |     6 |                0.161897 |                4.405433 |
 |     7 |                0.231875 |                6.309644 |
 |     8 |                0.266212 |                7.244001 |
 |     9 |                0.383123 |               10.425308 |
 |    10 |                0.386117 |               10.506786 |
 |    11 |                0.386117 |               10.506786 |
 |    12 |                0.400249 |               10.891332 |
 |    13 |                0.420823 |               11.451164 |
 |    14 |                0.420823 |               11.451164 |
 |    15 |                0.472388 |               12.854344 |
 |    16 |                0.493540 |               13.429903 |
 |    17 |                0.650338 |               17.696599 |
 |    18 |                0.650338 |               17.696599 |
 |    19 |                0.685629 |               18.656927 |
 |    20 |                0.685629 |               18.656927 |
 -------------------------------------------------------------

 -------------------------------------------------------------
 Excitation n.   1:        NaN eV  f = 0.0000  <S**2> = 2.0000
 -------------------------------------------------------------

 -------------------------------------------------------------
 Excitation n.   2:   1.707275 eV  f = 0.0000  <S**2> = 2.0000
 -------------------------------------------------------------
  2 ->   4 =  -0.674221
  3 ->   7 =   0.308932
  2 <-   4 =  -0.206945
  3 <-   7 =   0.117137

 -------------------------------------------------------------
 Excitation n.   3:   3.580469 eV  f = 0.0000  <S**2> = 2.0000
 -------------------------------------------------------------
  3 ->   5 =   0.256634
  3 ->   6 =  -0.649742
  3 ->   9 =  -0.078223

 -------------------------------------------------------------
 Excitation n.   4:   3.580469 eV  f = 0.0000  <S**2> = 2.0000
 -------------------------------------------------------------
  3 ->   5 =   0.649742
  3 ->   6 =   0.256634
  3 ->  10 =   0.078223

 -------------------------------------------------------------
 Excitation n.   5:   4.405433 eV  f = 0.0000  <S**2> = 2.0000
 -------------------------------------------------------------
  2 ->   5 =   0.671131
  2 ->   6 =  -0.180731
  2 ->   9 =  -0.125522

 -------------------------------------------------------------
 Excitation n.   6:   4.405433 eV  f = 0.0000  <S**2> = 2.0000
 -------------------------------------------------------------
  2 ->   5 =  -0.180731
  2 ->   6 =  -0.671131
  2 ->  10 =  -0.125522

 -------------------------------------------------------------
 Excitation n.   7:   6.309644 eV  f = 0.0000  <S**2> = 2.0000
 -------------------------------------------------------------
  2 ->   4 =  -0.291476
  3 ->   7 =  -0.636509
  3 ->  11 =  -0.084560

 -------------------------------------------------------------
 Excitation n.   8:   7.244001 eV  f = 0.0000  <S**2> = 2.0000
 -------------------------------------------------------------
  2 ->   7 =   0.663542
  2 ->  11 =   0.119777
  3 ->   4 =   0.198027

 -------------------------------------------------------------
 Excitation n.   9:  10.425308 eV  f = 0.0000  <S**2> = 2.0000
 -------------------------------------------------------------
  2 ->   7 =   0.110002
  2 ->  11 =  -0.227285
  3 ->   8 =   0.658957

 -------------------------------------------------------------
 Excitation n.  10:  10.506786 eV  f = 0.0000  <S**2> = 2.0000
 -------------------------------------------------------------
  3 ->   5 =  -0.082425
  3 ->   9 =  -0.284055
  3 ->  10 =   0.638806

Thomas-Reiche-Kuhn sum rule =   0.000000


 *** dynamical TDA activated ***

 ---------------------------------------------------------------------------------------------------
  First-order dynamical correction to static Bethe-Salpeter excitation energies                     
 ---------------------------------------------------------------------------------------------------
  BSE neutral excitation must be lower than the GW gap =   8.454488 eV
 ---------------------------------------------------------------------------------------------------
      #          Static (eV)         Dynamic (eV)      Correction (eV)         Renorm. (eV)
 ---------------------------------------------------------------------------------------------------
      1                 NaN                 NaN                 NaN                 NaN
      2            1.707275            1.242436           -0.464839            1.030305
      3            3.580469            3.599411            0.018942            0.997187
      4            3.580469            3.599411            0.018942            0.997187
      5            4.405433            4.270656           -0.134777            1.012543
      6            4.405433            4.270656           -0.134777            1.012543
      7            6.309644            6.354490            0.044846            0.985346
      8            7.244001            7.161521           -0.082480            0.997598
      9           10.425308           10.365760           -0.059548            1.004953
     10           10.506786           10.533286            0.026501            0.997374
 ---------------------------------------------------------------------------------------------------


 -------------------------------------------------------------------------------
          Tr@BSE@G0W0 correlation energy (singlet) =       -0.0901870306
          Tr@BSE@G0W0 correlation energy (triplet) =                 NaN
          Tr@BSE@G0W0 correlation energy           =                 NaN
          Tr@BSE@G0W0 total energy                 =                 NaN
 -------------------------------------------------------------------------------

                                       Total CPU time for G0W0 =      0.060 seconds


 ************************************************
 |          One-shot G0T0 calculation           |
 ************************************************


 -------------------------------------------------------------
   pp-RPA (N+2) calculation: alpha-beta     manifold
 -------------------------------------------------------------
 | State |  Excitation energy (au) |  Excitation energy (eV) |
 -------------------------------------------------------------
 |     1 |                0.192982 |                5.251320 |
 |     2 |                0.208294 |                5.667981 |
 |     3 |                0.208294 |                5.667981 |
 |     4 |                0.253763 |                6.905251 |
 |     5 |                0.253763 |                6.905251 |
 |     6 |                0.276823 |                7.532743 |
 |     7 |                0.298102 |                8.111775 |
 |     8 |                0.298102 |                8.111775 |
 |     9 |                0.323947 |                8.815038 |
 |    10 |                0.324372 |                8.826624 |
 |    11 |                0.401174 |               10.916510 |
 |    12 |                0.401174 |               10.916510 |
 |    13 |                0.414784 |               11.286849 |
 |    14 |                0.414784 |               11.286849 |
 |    15 |                0.433289 |               11.790401 |
 |    16 |                0.439777 |               11.966951 |
 |    17 |                0.470288 |               12.797175 |
 |    18 |                0.493251 |               13.422053 |
 |    19 |                0.493251 |               13.422053 |
 |    20 |                0.502236 |               13.666546 |
 -------------------------------------------------------------


 -------------------------------------------------------------
   pp-RPA (N-2) calculation: alpha-beta     manifold
 -------------------------------------------------------------
 | State |  Excitation energy (au) |  Excitation energy (eV) |
 -------------------------------------------------------------
 |     1 |              -11.989787 |             -326.258731 |
 |     2 |               -5.617561 |             -152.861634 |
 |     3 |               -5.598598 |             -152.345615 |
 |     4 |               -5.474054 |             -148.956605 |
 |     5 |               -5.470865 |             -148.869824 |
 |     6 |               -1.141259 |              -31.055227 |
 |     7 |               -1.123409 |              -30.569507 |
 |     8 |               -0.893999 |              -24.326948 |
 |     9 |               -0.892451 |              -24.284839 |
 -------------------------------------------------------------


 -------------------------------------------------------------
   pp-RPA (N+2) calculation: alpha-alpha    manifold
 -------------------------------------------------------------
 | State |  Excitation energy (au) |  Excitation energy (eV) |
 -------------------------------------------------------------
 |     1 |                0.208294 |                5.667981 |
 |     2 |                0.208294 |                5.667981 |
 |     3 |                0.276823 |                7.532743 |
 |     4 |                0.324372 |                8.826624 |
 |     5 |                0.401174 |               10.916510 |
 |     6 |                0.401174 |               10.916510 |
 |     7 |                0.439777 |               11.966951 |
 |     8 |                0.502236 |               13.666546 |
 |     9 |                0.502236 |               13.666546 |
 |    10 |                0.514093 |               13.989186 |
 |    11 |                0.514093 |               13.989186 |
 |    12 |                0.533237 |               14.510107 |
 |    13 |                0.549072 |               14.941022 |
 |    14 |                0.549072 |               14.941022 |
 |    15 |                0.567940 |               15.454442 |
 |    16 |                0.582264 |               15.844211 |
 |    17 |                0.582264 |               15.844211 |
 |    18 |                0.588177 |               16.005123 |
 |    19 |                0.635254 |               17.286147 |
 |    20 |                0.695453 |               18.924243 |
 -------------------------------------------------------------


 -------------------------------------------------------------
   pp-RPA (N-2) calculation: alpha-alpha    manifold
 -------------------------------------------------------------
 | State |  Excitation energy (au) |  Excitation energy (eV) |
 -------------------------------------------------------------
 |     1 |               -5.598598 |             -152.345615 |
 |     2 |               -5.470865 |             -148.869824 |
 |     3 |               -0.893999 |              -24.326948 |
 -------------------------------------------------------------

 -------------------------------------------------------------------------------
   One-shot G0T0 calculation (T-matrix self-energy)  
 -------------------------------------------------------------------------------
 |   # |       e_HF (eV) |    Sigma_T (eV) |               Z |       e_QP (eV) |
 -------------------------------------------------------------------------------
 |   1 |     -132.159246 |        3.809451 |        0.872658 |     -128.834897 |
 |   2 |      -10.796738 |        0.106584 |        0.966110 |      -10.693767 |
 |   3 |       -9.231825 |        0.062487 |        0.968719 |       -9.171293 |
 |   4 |       -0.506688 |       -0.507595 |        0.971805 |       -0.999972 |
 |   5 |        0.880263 |       -0.601423 |        0.976835 |        0.292772 |
 |   6 |        0.880263 |       -0.601423 |        0.976835 |        0.292772 |
 |   7 |        4.333421 |       -0.733944 |        0.960303 |        3.628612 |
 |   8 |        7.437788 |       -0.485557 |        0.976770 |        6.963510 |
 |   9 |        8.136813 |       -0.945227 |        0.957732 |        7.231539 |
 |  10 |        8.136813 |       -0.945227 |        0.957732 |        7.231539 |
 |  11 |        9.039095 |       -0.528755 |        0.974100 |        8.524034 |
 |  12 |       15.977761 |       -1.100809 |        0.891844 |       14.996011 |
 |  13 |       15.977761 |       -1.100809 |        0.891844 |       14.996011 |
 |  14 |       16.093099 |       -1.175937 |        0.065569 |       16.015993 |
 |  15 |       16.093099 |       -1.175937 |        0.065569 |       16.015993 |
 |  16 |       17.397629 |       -0.912669 |        0.784848 |       16.681323 |
 |  17 |       20.521004 |       -3.058423 |        0.203706 |       19.897984 |
 |  18 |       21.387313 |       -1.746726 |        0.842587 |       19.915544 |
 |  19 |       30.456469 |       -1.344313 |        0.573705 |       29.685229 |
 |  20 |       42.192352 |       -2.337722 |        0.566038 |       40.869112 |
 |  21 |       42.192352 |       -2.337722 |        0.566038 |       40.869112 |
 |  22 |       42.419352 |       -1.865912 |        0.118602 |       42.198052 |
 |  23 |       42.419352 |       -1.865912 |        0.118602 |       42.198052 |
 |  24 |       44.569156 |       -1.797111 |        0.267386 |       44.088633 |
 |  25 |       49.841475 |       -2.111188 |        0.637731 |       48.495105 |
 -------------------------------------------------------------------------------
             G0T0 HOMO      energy (eV)            =      -9.171293 eV
             G0T0 LUMO      energy (eV)            =      -0.999972 eV
             G0T0 HOMO-LUMO gap    (eV)            =       8.171321 eV
 -------------------------------------------------------------------------------
        Tr@ppRPA@G0T0 correlation energy (singlet) =       -0.0350677326 au
        Tr@ppRPA@G0T0 correlation energy (triplet) =       -0.0020825394 au
        Tr@ppRPA@G0T0 correlation energy           =       -0.0371502720 au
        Tr@ppRPA@G0T0 total energy                 =      -15.5857870617 au
              GM@G0T0 correlation energy           =       -0.0574437482 au
              GM@G0T0 total energy                 =      -15.6060805378 au
 -------------------------------------------------------------------------------


 -------------------------------------------------------------
   BSE@GT       calculation: singlet        manifold
 -------------------------------------------------------------
 | State |  Excitation energy (au) |  Excitation energy (eV) |
 -------------------------------------------------------------
 |     1 |                0.148989 |                4.054184 |
 |     2 |                0.148989 |                4.054184 |
 |     3 |                0.177781 |                4.837654 |
 |     4 |                0.198812 |                5.409951 |
 |     5 |                0.211970 |                5.767984 |
 |     6 |                0.211970 |                5.767984 |
 |     7 |                0.291028 |                7.919288 |
 |     8 |                0.323088 |                8.791667 |
 |     9 |                0.396331 |               10.784710 |
 |    10 |                0.397751 |               10.823347 |
 |    11 |                0.397751 |               10.823347 |
 |    12 |                0.433468 |               11.795277 |
 |    13 |                0.433468 |               11.795277 |
 |    14 |                0.439501 |               11.959435 |
 |    15 |                0.481888 |               13.112845 |
 |    16 |                0.504155 |               13.718754 |
 |    17 |                0.666164 |               18.127250 |
 |    18 |                0.666164 |               18.127250 |
 |    19 |                0.698843 |               19.016488 |
 |    20 |                0.698843 |               19.016488 |
 -------------------------------------------------------------

 ---------------------------------------------------------------
                 Transition dipole moment (au)                  
 ---------------------------------------------------------------
  #           X           Y           Z   dip. str.   osc. str.
 ---------------------------------------------------------------
  1   -0.000000   -0.000000    0.000000    0.000000    0.000000
  2    0.000000   -0.000000    0.000000    0.000000    0.000000
  3   -0.000000    0.000000   -3.656169   13.367573    1.584329
  4   -0.000000    0.000000    0.000000    0.000000    0.000000
  5   -0.372409   -1.649285   -0.000000    2.858828    0.403990
  6   -1.649285    0.372409    0.000000    2.858828    0.403990
  7   -0.000000   -0.000000    0.000000    0.000000    0.000000
  8   -0.000000   -0.000000    0.721867    0.521092    0.112239
  9    0.000000    0.000000    0.334541    0.111917    0.029571
 10    0.000000    0.000000    0.000000    0.000000    0.000000
 ---------------------------------------------------------------

 -------------------------------------------------------------
 Excitation n.   1:   4.054184 eV  f = 0.0000  <S**2> = 0.0000
 -------------------------------------------------------------
  3 ->   5 =  -0.414509
  3 ->   6 =  -0.565399
  3 ->  10 =  -0.086914

 -------------------------------------------------------------
 Excitation n.   2:   4.054184 eV  f = 0.0000  <S**2> = 0.0000
 -------------------------------------------------------------
  3 ->   5 =  -0.565399
  3 ->   6 =   0.414509
  3 ->   9 =   0.086914

 -------------------------------------------------------------
 Excitation n.   3:   4.837654 eV  f = 1.5843  <S**2> = 0.0000
 -------------------------------------------------------------
  2 ->   7 =   0.074970
  3 ->   4 =  -0.702506

 -------------------------------------------------------------
 Excitation n.   4:   5.409951 eV  f = 0.0000  <S**2> = 0.0000
 -------------------------------------------------------------
  2 ->   4 =  -0.699940
  3 ->   7 =  -0.094201

 -------------------------------------------------------------
 Excitation n.   5:   5.767984 eV  f = 0.4040  <S**2> = 0.0000
 -------------------------------------------------------------
  2 ->   5 =  -0.677432
  2 ->   6 =  -0.172571
  2 ->   9 =   0.076164
  2 ->  10 =  -0.074115

 -------------------------------------------------------------
 Excitation n.   6:   5.767984 eV  f = 0.4040  <S**2> = 0.0000
 -------------------------------------------------------------
  2 ->   5 =   0.172571
  2 ->   6 =  -0.677432
  2 ->   9 =  -0.074115
  2 ->  10 =  -0.076164

 -------------------------------------------------------------
 Excitation n.   7:   7.919288 eV  f = 0.0000  <S**2> = 0.0000
 -------------------------------------------------------------
  2 ->   4 =   0.096874
  3 ->   7 =  -0.696632

 -------------------------------------------------------------
 Excitation n.   8:   8.791667 eV  f = 0.1122  <S**2> = 0.0000
 -------------------------------------------------------------
  2 ->   7 =  -0.693706
  2 ->  11 =  -0.105907
  3 ->   4 =  -0.074189

 -------------------------------------------------------------
 Excitation n.   9:  10.784710 eV  f = 0.0296  <S**2> = 0.0000
 -------------------------------------------------------------
  2 ->  11 =  -0.225255
  3 ->   8 =   0.669036

 -------------------------------------------------------------
 Excitation n.  10:  10.823347 eV  f = 0.0000  <S**2> = 0.0000
 -------------------------------------------------------------
  3 ->   5 =  -0.078217
  3 ->   9 =  -0.373987
  3 ->  10 =   0.593080

Thomas-Reiche-Kuhn sum rule =   2.534118


 *** dynamical TDA activated ***

 ---------------------------------------------------------------------------------------------------
  First-order dynamical correction to static Bethe-Salpeter excitation energies                     
 ---------------------------------------------------------------------------------------------------
  BSE neutral excitation must be lower than the GT gap =   8.171321 eV
 ---------------------------------------------------------------------------------------------------
      #          Static (eV)         Dynamic (eV)      Correction (eV)         Renorm. (eV)
 ---------------------------------------------------------------------------------------------------
      1            4.054184            3.991670           -0.062514            1.002533
      2            4.054184            3.991670           -0.062514            1.002533
      3            4.837654            4.707510           -0.130144            1.004046
      4            5.409951            5.409407           -0.000544            0.986488
      5            5.767984            5.865874            0.097890            0.997670
      6            5.767984            5.865874            0.097890            0.997670
      7            7.919288            8.215059            0.295771            0.987672
      8            8.791667            8.791343           -0.000325            1.001043
      9           10.784710           10.781567           -0.003143            1.000199
     10           10.823347           10.797477           -0.025870            1.002578
 ---------------------------------------------------------------------------------------------------


 -------------------------------------------------------------
   BSE@GT       calculation: triplet        manifold
 -------------------------------------------------------------
 | State |  Excitation energy (au) |  Excitation energy (eV) |
 -------------------------------------------------------------
 |     1 |                0.020035 |                0.545177 |
 |     2 |                0.056158 |                1.528148 |
 |     3 |                0.135270 |                3.680876 |
 |     4 |                0.135270 |                3.680876 |
 |     5 |                0.167851 |                4.567464 |
 |     6 |                0.167851 |                4.567464 |
 |     7 |                0.259565 |                7.063125 |
 |     8 |                0.273651 |                7.446411 |
 |     9 |                0.380580 |               10.356099 |
 |    10 |                0.393707 |               10.713326 |
 |    11 |                0.393818 |               10.716322 |
 |    12 |                0.393818 |               10.716322 |
 |    13 |                0.424109 |               11.540586 |
 |    14 |                0.424109 |               11.540586 |
 |    15 |                0.481004 |               13.088786 |
 |    16 |                0.495403 |               13.480605 |
 |    17 |                0.663399 |               18.052008 |
 |    18 |                0.663399 |               18.052008 |
 |    19 |                0.670822 |               18.254003 |
 |    20 |                0.678359 |               18.459095 |
 -------------------------------------------------------------

 -------------------------------------------------------------
 Excitation n.   1:   0.545177 eV  f = 0.0000  <S**2> = 2.0000
 -------------------------------------------------------------
  2 ->   7 =  -0.235687
  3 ->   4 =   0.666446

 -------------------------------------------------------------
 Excitation n.   2:   1.528148 eV  f = 0.0000  <S**2> = 2.0000
 -------------------------------------------------------------
  2 ->   4 =   0.623275
  3 ->   7 =  -0.323820

 -------------------------------------------------------------
 Excitation n.   3:   3.680876 eV  f = 0.0000  <S**2> = 2.0000
 -------------------------------------------------------------
  3 ->   5 =  -0.698069
  3 ->   9 =   0.075093

 -------------------------------------------------------------
 Excitation n.   4:   3.680876 eV  f = 0.0000  <S**2> = 2.0000
 -------------------------------------------------------------
  3 ->   6 =  -0.698069
  3 ->  10 =  -0.075093

 -------------------------------------------------------------
 Excitation n.   5:   4.567464 eV  f = 0.0000  <S**2> = 2.0000
 -------------------------------------------------------------
  2 ->   5 =   0.257807
  2 ->   6 =   0.644815
  2 ->  10 =   0.117451

 -------------------------------------------------------------
 Excitation n.   6:   4.567464 eV  f = 0.0000  <S**2> = 2.0000
 -------------------------------------------------------------
  2 ->   5 =  -0.644815
  2 ->   6 =   0.257807
  2 ->   9 =   0.117451

 -------------------------------------------------------------
 Excitation n.   7:   7.063125 eV  f = 0.0000  <S**2> = 2.0000
 -------------------------------------------------------------
  2 ->   4 =  -0.328463
  3 ->   7 =  -0.615433
  3 ->  11 =  -0.084109

 -------------------------------------------------------------
 Excitation n.   8:   7.446411 eV  f = 0.0000  <S**2> = 2.0000
 -------------------------------------------------------------
  2 ->   7 =  -0.642178
  2 ->  11 =  -0.139593
  3 ->   4 =  -0.239136
  3 ->   8 =   0.071272

 -------------------------------------------------------------
 Excitation n.   9:  10.356099 eV  f = 0.0000  <S**2> = 2.0000
 -------------------------------------------------------------
  2 ->   7 =  -0.130758
  2 ->  11 =   0.259034
  3 ->   8 =  -0.642562

 -------------------------------------------------------------
 Excitation n.  10:  10.713326 eV  f = 0.0000  <S**2> = 2.0000
 -------------------------------------------------------------
  2 ->   8 =  -0.499820
  3 ->   7 =  -0.086734
  3 ->  11 =   0.487718

Thomas-Reiche-Kuhn sum rule =   0.000000


 *** dynamical TDA activated ***

 ---------------------------------------------------------------------------------------------------
  First-order dynamical correction to static Bethe-Salpeter excitation energies                     
 ---------------------------------------------------------------------------------------------------
  BSE neutral excitation must be lower than the GT gap =   8.171321 eV
 ---------------------------------------------------------------------------------------------------
      #          Static (eV)         Dynamic (eV)      Correction (eV)         Renorm. (eV)
 ---------------------------------------------------------------------------------------------------
      1            0.545177            0.291882           -0.253295            1.013503
      2            1.528148            1.281041           -0.247107            1.013260
      3            3.680876            3.586628           -0.094248            1.003589
      4            3.680876            3.586628           -0.094248            1.003589
      5            4.567464            4.238311           -0.329153            1.008256
      6            4.567464            4.238311           -0.329153            1.008256
      7            7.063125            6.797054           -0.266071            1.014461
      8            7.446411            7.329290           -0.117120            1.005997
      9           10.356099           10.290644           -0.065454            1.005019
     10           10.713326           10.616914           -0.096413            1.007202
 ---------------------------------------------------------------------------------------------------


 -------------------------------------------------------------------------------
          Tr@BSE@G0T0 correlation energy (singlet) =       -0.0044310292 au
          Tr@BSE@G0T0 correlation energy (triplet) =       -0.0046821636 au
          Tr@BSE@G0T0 correlation energy           =       -0.0091131928 au
          Tr@BSE@G0T0 total energy                 =      -15.5577499825 au
 -------------------------------------------------------------------------------

                                       Total CPU time for G0T0 =      2.638 seconds

                                      Total CPU time for QuAcK =      4.011 seconds

