78 significant shell pairs computed in 0.000091 seconds
0
Computed Electron repulsion integrals Integrals in parallel in 0.274743 seconds

 ******************************************************************************************
 *            QuAcK                       QuAcK                         QuAcK             *
 *   __        __        __       __        __        __       __        __        __     *
 * <(o )___  <(o )___  <(o )___ <(o )___  <(o )___  <(o )___ <(o )___  <(o )___  <(o )___ *
 * ( ._> /   ( ._> /   ( ._> /  ( ._> /   ( ._> /   ( ._> /  ( ._> /   ( ._> /   ( ._> /  *
 *|--------------------------------------------------------------------------------------|*
 ******************************************************************************************

      ----------------------
             Number of atoms                3
      ----------------------

      ----------------------
Number of spin-up   electron                3
Number of spin-down electron                3
    Total number of electron                6
      ----------------------

      ----------------------
Number of core      electron                0
Number of Rydberg   electron                0
      ----------------------

          ------------------
          Molecular geometry
          ------------------
                    Atom n.                 1
                        Z =      4.0000000000
           Atom coordinates:     0.0000000000    0.0000000000    0.0000000000
                    Atom n.                 2
                        Z =      1.0000000000
           Atom coordinates:     0.0000000000    0.0000000000    1.1338356753
                    Atom n.                 3
                        Z =      1.0000000000
           Atom coordinates:     0.0000000000    0.0000000000   -1.1338356753

          ------------------
 Nuclear repulsion energy =      7.4966771510
          ------------------

          Gaussian basis set
          ------------------
                    Atom n.                 1
           number of shells                 6
          ------------------
      s-type shell with K =                 9
                                    Exponents     Contraction
                              2940.0000000000    0.0006800000
                               441.2000000000    0.0052360000
                               100.5000000000    0.0266060000
                                28.4300000000    0.0999930000
                                 9.1690000000    0.2697020000
                                 3.1960000000    0.4514690000
                                 1.1590000000    0.2950740000
                                 0.1811000000    0.0125870000
                                 0.0589000000   -0.0037560000
      s-type shell with K =                 9
                                    Exponents     Contraction
                              2940.0000000000   -0.0001230000
                               441.2000000000   -0.0009660000
                               100.5000000000   -0.0048310000
                                28.4300000000   -0.0193140000
                                 9.1690000000   -0.0532800000
                                 3.1960000000   -0.1207230000
                                 1.1590000000   -0.1334350000
                                 0.1811000000    0.5307670000
                                 0.0589000000    0.5801170000
      s-type shell with K =                 1
                                    Exponents     Contraction
                                 0.0589000000    1.0000000000
      p-type shell with K =                 4
                                    Exponents     Contraction
                                 3.6190000000    0.0291110000
                                 0.7110000000    0.1693650000
                                 0.1951000000    0.5134580000
                                 0.0601800000    0.4793380000
      p-type shell with K =                 1
                                    Exponents     Contraction
                                 0.0601800000    1.0000000000
      d-type shell with K =                 1
                                    Exponents     Contraction
                                 0.2354000000    1.0000000000
          ------------------
                    Atom n.                 2
           number of shells                 3
          ------------------
      s-type shell with K =                 4
                                    Exponents     Contraction
                                13.0100000000    0.0196850000
                                 1.9620000000    0.1379770000
                                 0.4446000000    0.4781480000
                                 0.1220000000    0.5012400000
      s-type shell with K =                 1
                                    Exponents     Contraction
                                 0.1220000000    1.0000000000
      p-type shell with K =                 1
                                    Exponents     Contraction
                                 0.7270000000    1.0000000000
          ------------------
                    Atom n.                 3
           number of shells                 3
          ------------------
      s-type shell with K =                 4
                                    Exponents     Contraction
                                13.0100000000    0.0196850000
                                 1.9620000000    0.1379770000
                                 0.4446000000    0.4781480000
                                 0.1220000000    0.5012400000
      s-type shell with K =                 1
                                    Exponents     Contraction
                                 0.1220000000    1.0000000000
      p-type shell with K =                 1
                                    Exponents     Contraction
                                 0.7270000000    1.0000000000
          ------------------
            Number of shells               12
          ------------------

          ------------------
   Number of basis functions               25
          ------------------

 Scaling integrals by    1.0000000000000000     

                          Total CPU time for reading integrals =      0.022 seconds


 ************************************************
 |    Restricted Hartree-Fock calculation       |
 ************************************************


 ----------------------------------------------------
 | RHF calculation                                  |
 ----------------------------------------------------
 |   # |        HF energy |       Conv |     HL Gap |
 ----------------------------------------------------
 |   1 |   -14.9914783242 |   0.956275 |   1.495028 |
 |   2 |   -14.8593778680 |   0.292188 |   1.606978 |
 |   3 |   -14.7355714821 |   0.117912 |   1.599853 |
 |   4 |   -14.6791360533 |   0.049298 |   1.590236 |
 |   5 |   -14.6538639545 |   0.030566 |   1.584306 |
 |   6 |   -14.6418817646 |   0.019967 |   1.580875 |
 |   7 |   -14.6358591210 |   0.013260 |   1.578859 |
 |   8 |   -14.6326862732 |   0.008905 |   1.577642 |
 |   9 |   -14.6309542592 |   0.006027 |   1.576889 |
 |  10 |   -14.6299835606 |   0.004101 |   1.576413 |
 |  11 |   -14.6294290096 |   0.002802 |   1.576107 |
 |  12 |   -14.6291078892 |   0.001921 |   1.575907 |
 |  13 |   -14.6289202942 |   0.001320 |   1.575775 |
 |  14 |   -14.6288101973 |   0.000908 |   1.575686 |
 |  15 |   -14.6287455506 |   0.000626 |   1.575627 |
 |  16 |   -14.6287077389 |   0.000433 |   1.575587 |
 |  17 |   -14.6286858236 |   0.000299 |   1.575559 |
 |  18 |   -14.6286733225 |   0.000207 |   1.575541 |
 |  19 |   -14.6286663738 |   0.000143 |   1.575528 |
 |  20 |   -14.6286626712 |   0.000100 |   1.575519 |
 |  21 |   -14.6286608385 |   0.000069 |   1.575513 |
 |  22 |   -14.6286600575 |   0.000048 |   1.575508 |
 |  23 |   -14.6286598463 |   0.000033 |   1.575505 |
 |  24 |   -14.6286599247 |   0.000023 |   1.575503 |
 |  25 |   -14.6286601334 |   0.000016 |   1.575502 |
 |  26 |   -14.6286603846 |   0.000011 |   1.575501 |
 |  27 |   -14.6286606328 |   0.000008 |   1.575500 |
 |  28 |   -14.6286608565 |   0.000006 |   1.575500 |
 |  29 |   -14.6286610479 |   0.000004 |   1.575499 |
 |  30 |   -14.6286612060 |   0.000003 |   1.575499 |
 |  31 |   -14.6286613335 |   0.000002 |   1.575499 |
 |  32 |   -14.6286614347 |   0.000002 |   1.575499 |
 |  33 |   -14.6286615137 |   0.000001 |   1.575499 |
 |  34 |   -14.6286615750 |   0.000001 |   1.575499 |
 |  35 |   -14.6286616219 |   0.000001 |   1.575499 |
 |  36 |   -14.6286616577 |   0.000000 |   1.575499 |
 |  37 |   -14.6286616848 |   0.000000 |   1.575499 |
 |  38 |   -14.6286617052 |   0.000000 |   1.575499 |
 |  39 |   -14.6286617206 |   0.000000 |   1.575499 |
 |  40 |   -14.6286617320 |   0.000000 |   1.575499 |
 |  41 |   -14.6286616924 |   0.000000 |   0.575499 |
 ----------------------------------------------------

         -----------------------------------------
           Summary              
         -----------------------------------------
           One-electron energy:    -32.3660922792 au
           Kinetic      energy:     17.7312459408 au
           Potential    energy:    -50.0973382200 au
         -----------------------------------------
           Two-electron energy:     10.2407534358 au
           Hartree      energy:     14.0127245833 au
           Exchange     energy:     -3.7719711475 au
         -----------------------------------------
           Electronic   energy:    -22.1253388434 au
           Nuclear   repulsion:      7.4966771510 au
           RHF          energy:    -14.6286616924 au
         -----------------------------------------
           HF HOMO      energy:        -13.547001 eV
           HF LUMO      energy:          2.113112 eV
           HF HOMO-LUMO gap   :         15.660113 eV
         -----------------------------------------
          Dipole moment (Debye)    
                   X         Y         Z      Tot.
           -0.000000  0.000000  0.000000  0.000000
         -----------------------------------------

           ---------------------------------------
                 MO coefficients
           ---------------------------------------
                 1              2              3              4              5
      1    -0.94822318     0.00000000    -0.14526585     0.00000000     0.00000000
      2     0.15483739     0.00000000     0.92154388     0.00000000     0.00000000
      3    -0.10579531     0.00000000    -0.19836346     0.00000000     0.00000000
      4     0.00000000     0.00000000     0.00000000    -0.32776800    -0.23301600
      5     0.00000000     0.00000000     0.00000000    -0.23301600     0.32776800
      6     0.00000000    -0.76895616     0.00000000     0.00000000     0.00000000
      7     0.00000000     0.00000000     0.00000000    -0.49961226    -0.35518309
      8     0.00000000     0.00000000     0.00000000    -0.35518309     0.49961226
      9     0.00000000     0.20835992     0.00000000     0.00000000     0.00000000
     10    -0.03213734     0.00000000     0.06135067     0.00000000     0.00000000
     11     0.00000000     0.00000000     0.00000000     0.00000000     0.00000000
     12     0.00000000     0.00000000     0.00000000     0.00000000     0.00000000
     13    -0.03213734     0.00000000     0.06135067     0.00000000     0.00000000
     14     0.00000000     0.00000000     0.00000000     0.00000000     0.00000000
     15    -0.01933960     0.00000000     0.11421985     0.00000000     0.00000000
     16    -0.08801297    -0.88570124     0.57115143     0.00000000     0.00000000
     17     0.07046068     0.70573324    -0.45638634     0.00000000     0.00000000
     18     0.00000000     0.00000000     0.00000000    -0.02546271    -0.01810189
     19     0.00000000     0.00000000     0.00000000    -0.01810189     0.02546271
     20     0.00442876     0.08487873     0.00514488     0.00000000     0.00000000
     21    -0.08801297     0.88570124     0.57115143     0.00000000     0.00000000
     22     0.07046068    -0.70573324    -0.45638634     0.00000000     0.00000000
     23     0.00000000     0.00000000     0.00000000    -0.02546271    -0.01810189
     24     0.00000000     0.00000000     0.00000000    -0.01810189     0.02546271
     25    -0.00442876     0.08487873    -0.00514488     0.00000000     0.00000000
                 6              7              8              9             10
      1     0.30562722     0.00000000     0.00000000     0.00000000     0.00000000
      2     0.67876903     0.00000000     0.00000000     0.00000000     0.00000000
      3     2.35134747     0.00000000     0.00000000     0.00000000     0.00000000
      4     0.00000000     0.00000000    -0.04072487    -1.93945213     0.00000000
      5     0.00000000     0.00000000     1.93945213    -0.04072487     0.00000000
      6     0.00000000    -0.21291432     0.00000000     0.00000000    -2.42674730
      7     0.00000000     0.00000000     0.03977500     1.89421633     0.00000000
      8     0.00000000     0.00000000    -1.89421633     0.03977500     0.00000000
      9     0.00000000    -1.72570063     0.00000000     0.00000000    -0.77313240
     10    -0.06815071     0.00000000     0.00000000     0.00000000     0.00000000
     11     0.00000000     0.00000000     0.00000000     0.00000000     0.00000000
     12     0.00000000     0.00000000     0.00000000     0.00000000     0.00000000
     13    -0.06815071     0.00000000     0.00000000     0.00000000     0.00000000
     14     0.00000000     0.00000000     0.00000000     0.00000000     0.00000000
     15     0.09072434     0.00000000     0.00000000     0.00000000     0.00000000
     16    -0.19535739     0.30096093     0.00000000     0.00000000    -0.19465382
     17    -1.29798852     1.45304040     0.00000000     0.00000000     5.13067188
     18     0.00000000     0.00000000     0.00055120     0.02625005     0.00000000
     19     0.00000000     0.00000000    -0.02625005     0.00055120     0.00000000
     20    -0.05491075    -0.07038964     0.00000000     0.00000000    -0.10140794
     21    -0.19535739    -0.30096093     0.00000000     0.00000000     0.19465382
     22    -1.29798852    -1.45304040     0.00000000     0.00000000    -5.13067188
     23     0.00000000     0.00000000     0.00055120     0.02625005     0.00000000
     24     0.00000000     0.00000000    -0.02625005     0.00055120     0.00000000
     25     0.05491075    -0.07038964     0.00000000     0.00000000    -0.10140794
                11             12             13             14             15
      1    -0.36712453     0.00000000     0.00000000     0.00000000     0.00000000
      2    -1.58805628     0.00000000     0.00000000     0.00000000     0.00000000
      3     0.75299782     0.00000000     0.00000000     0.00000000     0.00000000
      4     0.00000000     0.00000000     0.00000000     0.00000000     0.00000000
      5     0.00000000     0.00000000     0.00000000     0.00000000     0.00000000
      6     0.00000000     0.00000000     0.00000000     0.00000000     0.00000000
      7     0.00000000     0.00000000     0.00000000     0.00000000     0.00000000
      8     0.00000000     0.00000000     0.00000000     0.00000000     0.00000000
      9     0.00000000     0.00000000     0.00000000     0.00000000     0.00000000
     10    -0.84049065     0.00000000     0.00000000     0.86602519     0.00061018
     11     0.00000000     0.00000000     0.00000000    -0.00070457     0.99999975
     12     0.00000000    -0.38388069    -0.99965989     0.00000000     0.00000000
     13    -0.84049065     0.00000000     0.00000000    -0.86602519    -0.00061018
     14     0.00000000     0.99965989    -0.38388069     0.00000000     0.00000000
     15     0.33643076     0.00000000     0.00000000     0.00000000     0.00000000
     16    -0.19376597     0.00000000     0.00000000     0.00000000     0.00000000
     17     1.12294620     0.00000000     0.00000000     0.00000000     0.00000000
     18     0.00000000     0.02915836     0.07593100     0.00000000     0.00000000
     19     0.00000000    -0.07593100     0.02915836     0.00000000     0.00000000
     20     0.10436442     0.00000000     0.00000000     0.00000000     0.00000000
     21    -0.19376597     0.00000000     0.00000000     0.00000000     0.00000000
     22     1.12294620     0.00000000     0.00000000     0.00000000     0.00000000
     23     0.00000000    -0.02915836    -0.07593100     0.00000000     0.00000000
     24     0.00000000     0.07593100    -0.02915836     0.00000000     0.00000000
     25    -0.10436442     0.00000000     0.00000000     0.00000000     0.00000000
                16             17             18             19             20
      1    -1.27618707    -0.76978343     0.00000000     0.00000000     0.00000000
      2    -6.36756730    -1.53555198     0.00000000     0.00000000     0.00000000
      3     0.39440993    -1.44899581     0.00000000     0.00000000     0.00000000
      4     0.00000000     0.00000000     2.06270876     1.16586836     0.00000000
      5     0.00000000     0.00000000     1.16586836    -2.06270876     0.00000000
      6     0.00000000     0.00000000     0.00000000     0.00000000     0.00000000
      7     0.00000000     0.00000000    -1.37694513    -0.77826632     0.00000000
      8     0.00000000     0.00000000    -0.77826632     1.37694513     0.00000000
      9     0.00000000     0.00000000     0.00000000     0.00000000     0.00000000
     10    -0.23391567    -2.47417538     0.00000000     0.00000000     0.00000000
     11     0.00000000     0.00000000     0.00000000     0.00000000     0.00000000
     12     0.00000000     0.00000000     0.00000000     0.00000000    -0.58460724
     13    -0.23391567    -2.47417538     0.00000000     0.00000000     0.00000000
     14     0.00000000     0.00000000     0.00000000     0.00000000    -0.67492067
     15    -1.01453562    -3.96261255     0.00000000     0.00000000     0.00000000
     16    -1.36814575    -1.41823539     0.00000000     0.00000000     0.00000000
     17     5.20605917     6.34452347     0.00000000     0.00000000     0.00000000
     18     0.00000000     0.00000000    -0.94199902    -0.53242943     0.69985876
     19     0.00000000     0.00000000    -0.53242943     0.94199902     0.80797691
     20     0.30491441     0.59339445     0.00000000     0.00000000     0.00000000
     21    -1.36814575    -1.41823539     0.00000000     0.00000000     0.00000000
     22     5.20605917     6.34452347     0.00000000     0.00000000     0.00000000
     23     0.00000000     0.00000000    -0.94199902    -0.53242943    -0.69985876
     24     0.00000000     0.00000000    -0.53242943     0.94199902    -0.80797691
     25    -0.30491441    -0.59339445     0.00000000     0.00000000     0.00000000
                21             22             23             24             25
      1     0.00000000     0.00000000     2.52249585     0.00000000     3.65546307
      2     0.00000000     0.00000000    11.68393588     0.00000000    11.61923607
      3     0.00000000     0.00000000    -4.33055141     0.00000000    -6.22529130
      4     0.00000000     0.00000000     0.00000000     0.00000000     0.00000000
      5     0.00000000     0.00000000     0.00000000     0.00000000     0.00000000
      6     0.00000000     0.01448763     0.00000000   -10.93869344     0.00000000
      7     0.00000000     0.00000000     0.00000000     0.00000000     0.00000000
      8     0.00000000     0.00000000     0.00000000     0.00000000     0.00000000
      9     0.00000000     0.48014487     0.00000000     3.62212531     0.00000000
     10     0.00000000     0.00000000    -0.14678762     0.00000000    -1.93209242
     11     0.00000000     0.00000000     0.00000000     0.00000000     0.00000000
     12    -0.67492067     0.00000000     0.00000000     0.00000000     0.00000000
     13     0.00000000     0.00000000    -0.14678762     0.00000000    -1.93209242
     14     0.58460724     0.00000000     0.00000000     0.00000000     0.00000000
     15     0.00000000     0.00000000     3.16666708     0.00000000    -1.96134069
     16     0.00000000    -0.05747692    -2.07986421     6.07149896    -2.83095665
     17     0.00000000    -1.27872815    -3.64025265     3.82234974     1.42862621
     18     0.80797691     0.00000000     0.00000000     0.00000000     0.00000000
     19    -0.69985876     0.00000000     0.00000000     0.00000000     0.00000000
     20     0.00000000     1.11287105    -1.17726948    -0.78588848     1.04400444
     21     0.00000000     0.05747692    -2.07986421    -6.07149896    -2.83095665
     22     0.00000000     1.27872815    -3.64025265    -3.82234974     1.42862621
     23    -0.80797691     0.00000000     0.00000000     0.00000000     0.00000000
     24     0.69985876     0.00000000     0.00000000     0.00000000     0.00000000
     25     0.00000000     1.11287105     1.17726948    -0.78588848    -1.04400444

           ---------------------------------------
                     MO energies
           ---------------------------------------
                 1
      1    -4.85888017
      2    -0.58556942
      3    -0.49784312
      4     0.07765543
      5     0.07765543
      6     0.14625315
      7     0.14691626
      8     0.33717867
      9     0.33717867
     10     0.55706580
     11     0.58581024
     12     0.63541684
     13     0.63541684
     14     0.67191242
     15     0.67191242
     16     0.71654631
     17     1.45396003
     18     1.96565856
     19     1.96565856
     20     2.05611051
     21     2.05611051
     22     2.08021247
     23     2.17207964
     24     3.35624380
     25     4.17366717

                                        Total CPU time for RHF =      0.331 seconds


 AO to MO transformation... Please be patient

                    Total CPU time for AO to MO transformation =      0.631 seconds


 ************************************************
 |          One-shot G0W0 calculation           |
 ************************************************


 -------------------------------------------------------------
   RPA@HF       calculation: singlet        manifold
 -------------------------------------------------------------
 | State |  Excitation energy (au) |  Excitation energy (eV) |
 -------------------------------------------------------------
 |     1 |                0.623622 |               16.969612 |
 |     2 |                0.623622 |               16.969612 |
 |     3 |                0.651366 |               17.724563 |
 |     4 |                0.670857 |               18.254952 |
 |     5 |                0.677523 |               18.436346 |
 |     6 |                0.677523 |               18.436346 |
 |     7 |                0.753151 |               20.494288 |
 |     8 |                0.753898 |               20.514608 |
 |     9 |                0.904021 |               24.599659 |
 |    10 |                0.904021 |               24.599659 |
 |    11 |                0.948405 |               25.807401 |
 |    12 |                0.948405 |               25.807401 |
 |    13 |                1.082298 |               29.450839 |
 |    14 |                1.141924 |               31.073334 |
 |    15 |                1.177915 |               32.052703 |
 |    16 |                1.196643 |               32.562312 |
 |    17 |                1.196643 |               32.562312 |
 |    18 |                1.217196 |               33.121592 |
 |    19 |                1.217196 |               33.121592 |
 |    20 |                1.226066 |               33.362963 |
 -------------------------------------------------------------

  *** Quasiparticle energies obtained by linearization *** 

 -------------------------------------------------------------------------------
   One-shot G0W0 calculation
 -------------------------------------------------------------------------------
 |   # |       e_HF (eV) |      Sig_c (eV) |               Z |       e_QP (eV) |
 -------------------------------------------------------------------------------
 |   1 |     -132.216864 |        5.921141 |        0.868449 |     -127.074654 |
 |   2 |      -15.934155 |        0.662240 |        0.930452 |      -15.317973 |
 |   3 |      -13.547001 |        0.064460 |        0.948631 |      -13.485852 |
 |   4 |        2.113112 |       -0.317297 |        0.985113 |        1.800539 |
 |   5 |        2.113112 |       -0.317297 |        0.985113 |        1.800539 |
 |   6 |        3.979751 |       -0.198452 |        0.989992 |        3.783285 |
 |   7 |        3.997795 |       -0.071227 |        0.997039 |        3.926779 |
 |   8 |        9.175099 |       -0.771569 |        0.965850 |        8.429879 |
 |   9 |        9.175099 |       -0.771569 |        0.965850 |        8.429879 |
 |  10 |       15.158533 |       -0.450823 |        0.980058 |       14.716700 |
 |  11 |       15.940709 |       -0.956198 |        0.907897 |       15.072579 |
 |  12 |       17.290573 |       -0.408649 |        0.972277 |       16.893253 |
 |  13 |       17.290573 |       -0.408649 |        0.972277 |       16.893253 |
 |  14 |       18.283668 |       -2.678861 |        0.301190 |       17.476823 |
 |  15 |       18.283668 |       -2.678861 |        0.301190 |       17.476823 |
 |  16 |       19.498218 |       -0.273442 |        0.455059 |       19.373786 |
 |  17 |       39.564268 |       -0.607537 |        0.457940 |       39.286052 |
 |  18 |       53.488294 |       -4.838668 |        0.017318 |       53.404498 |
 |  19 |       53.488294 |       -4.838668 |        0.017318 |       53.404498 |
 |  20 |       55.949617 |       -0.161031 |        0.723719 |       55.833075 |
 |  21 |       55.949617 |       -0.161031 |        0.723719 |       55.833075 |
 |  22 |       56.605464 |       -0.615861 |        0.749640 |       56.143790 |
 |  23 |       59.105298 |       -0.632654 |        0.612316 |       58.717914 |
 |  24 |       91.328046 |       -3.319696 |        0.220437 |       90.596261 |
 |  25 |      113.571269 |       -2.333214 |        0.079210 |      113.386455 |
 -------------------------------------------------------------------------------
          G0W0 HOMO      energy:     -13.485852 eV
          G0W0 LUMO      energy:       1.800539 eV
          G0W0 HOMO-LUMO gap   :      15.286391 eV
 -------------------------------------------------------------------------------
    RPA@G0W0 total energy      :     -14.736065 au
    RPA@G0W0 correlation energy:      -0.107403 au
    GM@G0W0  total energy      :     -14.824428 au
    GM@G0W0  correlation energy:      -0.195766 au
 -------------------------------------------------------------------------------


 -------------------------------------------------------------
   BSE@GW       calculation: singlet        manifold
 -------------------------------------------------------------
 | State |  Excitation energy (au) |  Excitation energy (eV) |
 -------------------------------------------------------------
 |     1 |                0.337964 |                9.196465 |
 |     2 |                0.337964 |                9.196465 |
 |     3 |                0.339689 |                9.243419 |
 |     4 |                0.339689 |                9.243419 |
 |     5 |                0.441770 |               12.021173 |
 |     6 |                0.448655 |               12.208525 |
 |     7 |                0.505922 |               13.766842 |
 |     8 |                0.521528 |               14.191509 |
 |     9 |                0.545416 |               14.841518 |
 |    10 |                0.545416 |               14.841518 |
 |    11 |                0.582680 |               15.855541 |
 |    12 |                0.582680 |               15.855541 |
 |    13 |                0.769240 |               20.932085 |
 |    14 |                0.778150 |               21.174545 |
 |    15 |                0.829586 |               22.574196 |
 |    16 |                0.831484 |               22.625842 |
 |    17 |                0.831484 |               22.625842 |
 |    18 |                0.842689 |               22.930743 |
 |    19 |                0.842689 |               22.930743 |
 |    20 |                0.873218 |               23.761471 |
 -------------------------------------------------------------

 ---------------------------------------------------------------
                 Transition dipole moment (au)                  
 ---------------------------------------------------------------
  #           X           Y           Z   dip. str.   osc. str.
 ---------------------------------------------------------------
  1    1.051035    0.917765    0.000000    1.946967    0.438670
  2    0.917765   -1.051035    0.000000    1.946967    0.438670
  3    0.000000    0.000000   -0.000000    0.000000    0.000000
  4    0.000000   -0.000000   -0.000000    0.000000    0.000000
  5    0.000000   -0.000000   -0.792498    0.628053    0.184970
  6    0.000000   -0.000000    0.000000    0.000000    0.000000
  7   -0.000000   -0.000000   -0.092706    0.008594    0.002899
  8   -0.000000   -0.000000   -0.000000    0.000000    0.000000
  9   -0.004261    0.044114   -0.000000    0.001964    0.000714
 10   -0.044114   -0.004261    0.000000    0.001964    0.000714
 ---------------------------------------------------------------

 -------------------------------------------------------------
 Excitation n.   1:   9.196465 eV  f = 0.4387  <S**2> = 0.0000
 -------------------------------------------------------------
  3 ->   4 =  -0.698026
  3 ->   8 =   0.073708
  3 ->   9 =  -0.088077

 -------------------------------------------------------------
 Excitation n.   2:   9.196465 eV  f = 0.4387  <S**2> = 0.0000
 -------------------------------------------------------------
  3 ->   5 =  -0.698026
  3 ->   8 =  -0.088077
  3 ->   9 =  -0.073708

 -------------------------------------------------------------
 Excitation n.   3:   9.243419 eV  f = 0.0000  <S**2> = 0.0000
 -------------------------------------------------------------
  2 ->   4 =   0.632737
  2 ->   5 =   0.222882
  2 ->   9 =   0.217264

 -------------------------------------------------------------
 Excitation n.   4:   9.243419 eV  f = 0.0000  <S**2> = 0.0000
 -------------------------------------------------------------
  2 ->   4 =  -0.222882
  2 ->   5 =   0.632737
  2 ->   8 =   0.217264

 -------------------------------------------------------------
 Excitation n.   5:  12.021173 eV  f = 0.1850  <S**2> = 0.0000
 -------------------------------------------------------------
  2 ->   6 =   0.164241
  3 ->   7 =   0.682530
  3 ->  10 =  -0.078370

 -------------------------------------------------------------
 Excitation n.   6:  12.208525 eV  f = 0.0000  <S**2> = 0.0000
 -------------------------------------------------------------
  3 ->   6 =  -0.706218

 -------------------------------------------------------------
 Excitation n.   7:  13.766842 eV  f = 0.0029  <S**2> = 0.0000
 -------------------------------------------------------------
  2 ->   6 =  -0.686668
  3 ->   7 =   0.165112

 -------------------------------------------------------------
 Excitation n.   8:  14.191509 eV  f = 0.0000  <S**2> = 0.0000
 -------------------------------------------------------------
  2 ->   7 =  -0.704579

 -------------------------------------------------------------
 Excitation n.   9:  14.841518 eV  f = 0.0007  <S**2> = 0.0000
 -------------------------------------------------------------
  3 ->   5 =   0.096027
  3 ->   8 =  -0.696506

 -------------------------------------------------------------
 Excitation n.  10:  14.841518 eV  f = 0.0007  <S**2> = 0.0000
 -------------------------------------------------------------
  3 ->   4 =   0.096027
  3 ->   9 =  -0.696506

Thomas-Reiche-Kuhn sum rule =   1.066637


 *** dynamical TDA activated ***

 ---------------------------------------------------------------------------------------------------
  First-order dynamical correction to static Bethe-Salpeter excitation energies                     
 ---------------------------------------------------------------------------------------------------
  BSE neutral excitation must be lower than the GW gap =  15.286391 eV
 ---------------------------------------------------------------------------------------------------
      #          Static (eV)         Dynamic (eV)      Correction (eV)         Renorm. (eV)
 ---------------------------------------------------------------------------------------------------
      1            9.196465            9.076616           -0.119849            1.013344
      2            9.196465            9.076616           -0.119849            1.013344
      3            9.243419            8.978646           -0.264773            1.019427
      4            9.243419            8.978646           -0.264773            1.019427
      5           12.021173           11.978073           -0.043100            1.004823
      6           12.208525           12.172207           -0.036318            1.005546
      7           13.766842           13.721740           -0.045102            1.006029
      8           14.191509           14.160300           -0.031209            1.004367
      9           14.841518           14.666338           -0.175180            1.016609
     10           14.841518           14.666338           -0.175180            1.016609
 ---------------------------------------------------------------------------------------------------


 -------------------------------------------------------------
   BSE@GW       calculation: triplet        manifold
 -------------------------------------------------------------
 | State |  Excitation energy (au) |  Excitation energy (eV) |
 -------------------------------------------------------------
 |     1 |                0.233486 |                6.353478 |
 |     2 |                0.233486 |                6.353478 |
 |     3 |                0.293260 |                7.980001 |
 |     4 |                0.293260 |                7.980001 |
 |     5 |                0.393996 |               10.721170 |
 |     6 |                0.410673 |               11.174976 |
 |     7 |                0.482788 |               13.137341 |
 |     8 |                0.498498 |               13.564833 |
 |     9 |                0.502317 |               13.668743 |
 |    10 |                0.502317 |               13.668743 |
 |    11 |                0.563464 |               15.332636 |
 |    12 |                0.563464 |               15.332636 |
 |    13 |                0.693971 |               18.883915 |
 |    14 |                0.723391 |               19.684476 |
 |    15 |                0.763937 |               20.787780 |
 |    16 |                0.773101 |               21.037162 |
 |    17 |                0.773101 |               21.037162 |
 |    18 |                0.777659 |               21.161179 |
 |    19 |                0.794372 |               21.615958 |
 |    20 |                0.794372 |               21.615958 |
 -------------------------------------------------------------

 -------------------------------------------------------------
 Excitation n.   1:   6.353478 eV  f = 0.0000  <S**2> = 2.0000
 -------------------------------------------------------------
  3 ->   4 =  -0.153794
  3 ->   5 =  -0.633182
  3 ->   8 =  -0.183124
  3 ->   9 =  -0.202376

 -------------------------------------------------------------
 Excitation n.   2:   6.353478 eV  f = 0.0000  <S**2> = 2.0000
 -------------------------------------------------------------
  3 ->   4 =   0.633182
  3 ->   5 =  -0.153794
  3 ->   8 =  -0.202376
  3 ->   9 =   0.183124

 -------------------------------------------------------------
 Excitation n.   3:   7.980001 eV  f = 0.0000  <S**2> = 2.0000
 -------------------------------------------------------------
  2 ->   4 =  -0.182151
  2 ->   5 =   0.612938
  2 ->   8 =   0.275893
  2 ->   9 =   0.087815
  3 ->  12 =  -0.089399

 -------------------------------------------------------------
 Excitation n.   4:   7.980001 eV  f = 0.0000  <S**2> = 2.0000
 -------------------------------------------------------------
  2 ->   4 =  -0.612938
  2 ->   5 =  -0.182151
  2 ->   8 =   0.087815
  2 ->   9 =  -0.275893
  3 ->  13 =   0.089399

 -------------------------------------------------------------
 Excitation n.   5:  10.721170 eV  f = 0.0000  <S**2> = 2.0000
 -------------------------------------------------------------
  2 ->   7 =   0.210264
  3 ->   6 =   0.664905
  3 ->  16 =   0.094613

 -------------------------------------------------------------
 Excitation n.   6:  11.174976 eV  f = 0.0000  <S**2> = 2.0000
 -------------------------------------------------------------
  2 ->   6 =  -0.353499
  2 ->  16 =  -0.089919
  3 ->   7 =  -0.593390
  3 ->  10 =   0.124947

 -------------------------------------------------------------
 Excitation n.   7:  13.137341 eV  f = 0.0000  <S**2> = 2.0000
 -------------------------------------------------------------
  2 ->   6 =  -0.600681
  3 ->   7 =   0.361322

 -------------------------------------------------------------
 Excitation n.   8:  13.564833 eV  f = 0.0000  <S**2> = 2.0000
 -------------------------------------------------------------
  2 ->   7 =  -0.654617
  2 ->  10 =   0.132989
  3 ->   6 =   0.221944

 -------------------------------------------------------------
 Excitation n.   9:  13.668743 eV  f = 0.0000  <S**2> = 2.0000
 -------------------------------------------------------------
  3 ->   4 =  -0.183519
  3 ->   5 =  -0.204992
  3 ->   8 =   0.156789
  3 ->   9 =   0.630879

 -------------------------------------------------------------
 Excitation n.  10:  13.668743 eV  f = 0.0000  <S**2> = 2.0000
 -------------------------------------------------------------
  3 ->   4 =  -0.204992
  3 ->   5 =   0.183519
  3 ->   8 =  -0.630879
  3 ->   9 =   0.156789

Thomas-Reiche-Kuhn sum rule =   0.000000


 *** dynamical TDA activated ***

 ---------------------------------------------------------------------------------------------------
  First-order dynamical correction to static Bethe-Salpeter excitation energies                     
 ---------------------------------------------------------------------------------------------------
  BSE neutral excitation must be lower than the GW gap =  15.286391 eV
 ---------------------------------------------------------------------------------------------------
      #          Static (eV)         Dynamic (eV)      Correction (eV)         Renorm. (eV)
 ---------------------------------------------------------------------------------------------------
      1            6.353478            6.062575           -0.290903            1.016525
      2            6.353478            6.062575           -0.290903            1.016525
      3            7.980001            7.591420           -0.388581            1.021458
      4            7.980001            7.591420           -0.388581            1.021458
      5           10.721170           10.613326           -0.107844            1.008300
      6           11.174976           11.053786           -0.121190            1.008342
      7           13.137341           13.074833           -0.062508            1.005327
      8           13.564833           13.500695           -0.064137            1.004779
      9           13.668743           13.509799           -0.158944            1.009474
     10           13.668743           13.509799           -0.158944            1.009474
 ---------------------------------------------------------------------------------------------------


 -------------------------------------------------------------------------------
          Tr@BSE@G0W0 correlation energy (singlet) =       -0.0705530260
          Tr@BSE@G0W0 correlation energy (triplet) =       -0.0269359607
          Tr@BSE@G0W0 correlation energy           =       -0.0974889868
          Tr@BSE@G0W0 total energy                 =      -14.7261506791
 -------------------------------------------------------------------------------

                                       Total CPU time for G0W0 =      0.054 seconds


 ************************************************
 |          One-shot G0T0 calculation           |
 ************************************************


 -------------------------------------------------------------
   pp-RPA (N+2) calculation: alpha-beta     manifold
 -------------------------------------------------------------
 | State |  Excitation energy (au) |  Excitation energy (eV) |
 -------------------------------------------------------------
 |     1 |                0.358822 |                9.764056 |
 |     2 |                0.381580 |               10.383315 |
 |     3 |                0.381580 |               10.383315 |
 |     4 |                0.382245 |               10.401409 |
 |     5 |                0.389962 |               10.611406 |
 |     6 |                0.389962 |               10.611406 |
 |     7 |                0.393066 |               10.695876 |
 |     8 |                0.393066 |               10.695876 |
 |     9 |                0.407947 |               11.100794 |
 |    10 |                0.407947 |               11.100794 |
 |    11 |                0.430730 |               11.720755 |
 |    12 |                0.449229 |               12.224151 |
 |    13 |                0.450002 |               12.245177 |
 |    14 |                0.450002 |               12.245177 |
 |    15 |                0.490933 |               13.358976 |
 |    16 |                0.511254 |               13.911941 |
 |    17 |                0.622471 |               16.938291 |
 |    18 |                0.629779 |               17.137147 |
 |    19 |                0.629779 |               17.137147 |
 |    20 |                0.639562 |               17.403364 |
 -------------------------------------------------------------


 -------------------------------------------------------------
   pp-RPA (N-2) calculation: alpha-beta     manifold
 -------------------------------------------------------------
 | State |  Excitation energy (au) |  Excitation energy (eV) |
 -------------------------------------------------------------
 |     1 |              -11.975749 |             -325.876742 |
 |     2 |               -6.173126 |             -167.979321 |
 |     3 |               -6.116879 |             -166.448761 |
 |     4 |               -6.027062 |             -164.004723 |
 |     5 |               -5.936436 |             -161.538640 |
 |     6 |               -1.814899 |              -49.385930 |
 |     7 |               -1.731017 |              -47.103383 |
 |     8 |               -1.446883 |              -39.371692 |
 |     9 |               -1.395139 |              -37.963669 |
 -------------------------------------------------------------


 -------------------------------------------------------------
   pp-RPA (N+2) calculation: alpha-alpha    manifold
 -------------------------------------------------------------
 | State |  Excitation energy (au) |  Excitation energy (eV) |
 -------------------------------------------------------------
 |     1 |                0.358822 |                9.764056 |
 |     2 |                0.389962 |               10.611406 |
 |     3 |                0.389962 |               10.611406 |
 |     4 |                0.393066 |               10.695876 |
 |     5 |                0.393066 |               10.695876 |
 |     6 |                0.430730 |               11.720755 |
 |     7 |                0.629779 |               17.137147 |
 |     8 |                0.629779 |               17.137147 |
 |     9 |                0.639562 |               17.403364 |
 |    10 |                0.658851 |               17.928236 |
 |    11 |                0.658851 |               17.928236 |
 |    12 |                0.664030 |               18.069176 |
 |    13 |                0.670943 |               18.257287 |
 |    14 |                0.670943 |               18.257287 |
 |    15 |                0.847620 |               23.064917 |
 |    16 |                0.847620 |               23.064917 |
 |    17 |                0.874583 |               23.798626 |
 |    18 |                0.876894 |               23.861500 |
 |    19 |                0.898544 |               24.450629 |
 |    20 |                0.898544 |               24.450629 |
 -------------------------------------------------------------


 -------------------------------------------------------------
   pp-RPA (N-2) calculation: alpha-alpha    manifold
 -------------------------------------------------------------
 | State |  Excitation energy (au) |  Excitation energy (eV) |
 -------------------------------------------------------------
 |     1 |               -6.116879 |             -166.448761 |
 |     2 |               -5.936436 |             -161.538640 |
 |     3 |               -1.446883 |              -39.371692 |
 -------------------------------------------------------------

 -------------------------------------------------------------------------------
   One-shot G0T0 calculation (T-matrix self-energy)  
 -------------------------------------------------------------------------------
 |   # |       e_HF (eV) |    Sigma_T (eV) |               Z |       e_QP (eV) |
 -------------------------------------------------------------------------------
 |   1 |     -132.216864 |        3.955219 |        0.908831 |     -128.622239 |
 |   2 |      -15.934155 |        0.419037 |        0.975696 |      -15.525302 |
 |   3 |      -13.547001 |        0.188374 |        0.981755 |      -13.362065 |
 |   4 |        2.113112 |       -0.389931 |        0.988722 |        1.727579 |
 |   5 |        2.113112 |       -0.389931 |        0.988722 |        1.727579 |
 |   6 |        3.979751 |       -0.169043 |        0.993755 |        3.811764 |
 |   7 |        3.997795 |       -0.072943 |        0.997934 |        3.925003 |
 |   8 |        9.175099 |       -0.664094 |        0.980269 |        8.524108 |
 |   9 |        9.175099 |       -0.664094 |        0.980269 |        8.524108 |
 |  10 |       15.158533 |       -0.408273 |        0.987737 |       14.755266 |
 |  11 |       15.940709 |       -0.638095 |        0.978504 |       15.316330 |
 |  12 |       17.290573 |       -0.418518 |        0.985106 |       16.878288 |
 |  13 |       17.290573 |       -0.418518 |        0.985106 |       16.878288 |
 |  14 |       18.283668 |       -0.673331 |        0.955702 |       17.640165 |
 |  15 |       18.283668 |       -0.673331 |        0.955702 |       17.640165 |
 |  16 |       19.498218 |       -0.515191 |        0.976144 |       18.995317 |
 |  17 |       39.564268 |       -0.708753 |        0.291899 |       39.357384 |
 |  18 |       53.488294 |        0.334221 |        0.409529 |       53.625167 |
 |  19 |       53.488294 |        0.334221 |        0.409529 |       53.625167 |
 |  20 |       55.949617 |       -1.744581 |        0.369967 |       55.304179 |
 |  21 |       55.949617 |       -1.744581 |        0.369967 |       55.304179 |
 |  22 |       56.605464 |       -5.959278 |        0.039338 |       56.371040 |
 |  23 |       59.105298 |       -0.109728 |        0.347159 |       59.067204 |
 |  24 |       91.328046 |       -1.407633 |        0.825165 |       90.166516 |
 |  25 |      113.571269 |       -1.579538 |        0.814686 |      112.284440 |
 -------------------------------------------------------------------------------
             G0T0 HOMO      energy (eV)            =     -13.362065 eV
             G0T0 LUMO      energy (eV)            =       1.727579 eV
             G0T0 HOMO-LUMO gap    (eV)            =      15.089643 eV
 -------------------------------------------------------------------------------
        Tr@ppRPA@G0T0 correlation energy (singlet) =       -0.0418943763 au
        Tr@ppRPA@G0T0 correlation energy (triplet) =       -0.0048313751 au
        Tr@ppRPA@G0T0 correlation energy           =       -0.0467257513 au
        Tr@ppRPA@G0T0 total energy                 =      -14.6753874437 au
              GM@G0T0 correlation energy           =       -0.0787127229 au
              GM@G0T0 total energy                 =      -14.7073744153 au
 -------------------------------------------------------------------------------


 -------------------------------------------------------------
   BSE@GT       calculation: singlet        manifold
 -------------------------------------------------------------
 | State |  Excitation energy (au) |  Excitation energy (eV) |
 -------------------------------------------------------------
 |     1 |                0.317512 |                8.639936 |
 |     2 |                0.317512 |                8.639936 |
 |     3 |                0.325766 |                8.864547 |
 |     4 |                0.325766 |                8.864547 |
 |     5 |                0.430774 |               11.721947 |
 |     6 |                0.434866 |               11.833306 |
 |     7 |                0.504810 |               13.736568 |
 |     8 |                0.517857 |               14.091601 |
 |     9 |                0.517857 |               14.091601 |
 |    10 |                0.522217 |               14.210242 |
 |    11 |                0.569238 |               15.489743 |
 |    12 |                0.569238 |               15.489743 |
 |    13 |                0.746356 |               20.309392 |
 |    14 |                0.757292 |               20.606955 |
 |    15 |                0.807806 |               21.981524 |
 |    16 |                0.807806 |               21.981524 |
 |    17 |                0.816830 |               22.227069 |
 |    18 |                0.816830 |               22.227069 |
 |    19 |                0.820910 |               22.338095 |
 |    20 |                0.852367 |               23.194091 |
 -------------------------------------------------------------

 ---------------------------------------------------------------
                 Transition dipole moment (au)                  
 ---------------------------------------------------------------
  #           X           Y           Z   dip. str.   osc. str.
 ---------------------------------------------------------------
  1    0.000000   -0.000000   -0.000000    0.000000    0.000000
  2   -0.000000   -0.000000   -0.000000    0.000000    0.000000
  3   -0.726106    1.346216    0.000000    2.339528    0.508093
  4    1.346216    0.726106   -0.000000    2.339528    0.508093
  5    0.000000    0.000000    0.793897    0.630272    0.181003
  6    0.000000   -0.000000    0.000000    0.000000    0.000000
  7    0.000000    0.000000    0.164154    0.026947    0.009069
  8   -0.001068   -0.079488   -0.000000    0.006320    0.002182
  9   -0.079488    0.001068    0.000000    0.006320    0.002182
 10    0.000000    0.000000    0.000000    0.000000    0.000000
 ---------------------------------------------------------------

 -------------------------------------------------------------
 Excitation n.   1:   8.639936 eV  f = 0.0000  <S**2> = 0.0000
 -------------------------------------------------------------
  2 ->   4 =   0.100108
  2 ->   5 =  -0.640497
  2 ->   8 =  -0.254350
  2 ->   9 =  -0.120358

 -------------------------------------------------------------
 Excitation n.   2:   8.639936 eV  f = 0.0000  <S**2> = 0.0000
 -------------------------------------------------------------
  2 ->   4 =   0.640497
  2 ->   5 =   0.100108
  2 ->   8 =  -0.120358
  2 ->   9 =   0.254350

 -------------------------------------------------------------
 Excitation n.   3:   8.864547 eV  f = 0.5081  <S**2> = 0.0000
 -------------------------------------------------------------
  3 ->   4 =  -0.084677
  3 ->   5 =   0.682873
  3 ->   8 =   0.143831
  3 ->   9 =   0.073723

 -------------------------------------------------------------
 Excitation n.   4:   8.864547 eV  f = 0.5081  <S**2> = 0.0000
 -------------------------------------------------------------
  3 ->   4 =  -0.682873
  3 ->   5 =  -0.084677
  3 ->   8 =   0.073723
  3 ->   9 =  -0.143831

 -------------------------------------------------------------
 Excitation n.   5:  11.721947 eV  f = 0.1810  <S**2> = 0.0000
 -------------------------------------------------------------
  2 ->   6 =  -0.212816
  3 ->   7 =  -0.666543
  3 ->  10 =   0.093472

 -------------------------------------------------------------
 Excitation n.   6:  11.833306 eV  f = 0.0000  <S**2> = 0.0000
 -------------------------------------------------------------
  3 ->   6 =  -0.704136

 -------------------------------------------------------------
 Excitation n.   7:  13.736568 eV  f = 0.0091  <S**2> = 0.0000
 -------------------------------------------------------------
  2 ->   6 =   0.671277
  3 ->   7 =  -0.216238

 -------------------------------------------------------------
 Excitation n.   8:  14.091601 eV  f = 0.0022  <S**2> = 0.0000
 -------------------------------------------------------------
  3 ->   4 =   0.095879
  3 ->   5 =  -0.131099
  3 ->   8 =   0.686714

 -------------------------------------------------------------
 Excitation n.   9:  14.091601 eV  f = 0.0022  <S**2> = 0.0000
 -------------------------------------------------------------
  3 ->   4 =   0.131099
  3 ->   5 =   0.095879
  3 ->   9 =  -0.686714

 -------------------------------------------------------------
 Excitation n.  10:  14.210242 eV  f = 0.0000  <S**2> = 0.0000
 -------------------------------------------------------------
  2 ->   7 =   0.700774
  2 ->  10 =  -0.075680

Thomas-Reiche-Kuhn sum rule =   1.210620


 *** dynamical TDA activated ***

 ---------------------------------------------------------------------------------------------------
  First-order dynamical correction to static Bethe-Salpeter excitation energies                     
 ---------------------------------------------------------------------------------------------------
  BSE neutral excitation must be lower than the GT gap =  15.089643 eV
 ---------------------------------------------------------------------------------------------------
      #          Static (eV)         Dynamic (eV)      Correction (eV)         Renorm. (eV)
 ---------------------------------------------------------------------------------------------------
      1            8.639936            8.547562           -0.092374            1.002272
      2            8.639936            8.547562           -0.092374            1.002272
      3            8.864547            8.777228           -0.087318            1.001991
      4            8.864547            8.777228           -0.087318            1.001991
      5           11.721947           11.704389           -0.017558            1.000205
      6           11.833306           11.832365           -0.000942            0.996492
      7           13.736568           13.725254           -0.011314            0.999234
      8           14.091601           14.127273            0.035672            0.998331
      9           14.091601           14.127273            0.035672            0.998331
     10           14.210242           14.200157           -0.010085            0.998574
 ---------------------------------------------------------------------------------------------------


 -------------------------------------------------------------
   BSE@GT       calculation: triplet        manifold
 -------------------------------------------------------------
 | State |  Excitation energy (au) |  Excitation energy (eV) |
 -------------------------------------------------------------
 |     1 |                0.210910 |                5.739142 |
 |     2 |                0.210910 |                5.739142 |
 |     3 |                0.263062 |                7.158289 |
 |     4 |                0.263062 |                7.158289 |
 |     5 |                0.389792 |               10.606773 |
 |     6 |                0.404139 |               10.997193 |
 |     7 |                0.485272 |               13.204924 |
 |     8 |                0.488280 |               13.286787 |
 |     9 |                0.488280 |               13.286787 |
 |    10 |                0.501147 |               13.636892 |
 |    11 |                0.555097 |               15.104968 |
 |    12 |                0.555097 |               15.104968 |
 |    13 |                0.683140 |               18.589190 |
 |    14 |                0.700088 |               19.050377 |
 |    15 |                0.750982 |               20.435251 |
 |    16 |                0.750982 |               20.435251 |
 |    17 |                0.755010 |               20.544878 |
 |    18 |                0.758898 |               20.650676 |
 |    19 |                0.785705 |               21.380129 |
 |    20 |                0.785705 |               21.380129 |
 -------------------------------------------------------------

 -------------------------------------------------------------
 Excitation n.   1:   5.739142 eV  f = 0.0000  <S**2> = 2.0000
 -------------------------------------------------------------
  3 ->   4 =  -0.459754
  3 ->   5 =   0.439425
  3 ->   8 =   0.291894

 -------------------------------------------------------------
 Excitation n.   2:   5.739142 eV  f = 0.0000  <S**2> = 2.0000
 -------------------------------------------------------------
  3 ->   4 =   0.439425
  3 ->   5 =   0.459754
  3 ->   9 =   0.291894

 -------------------------------------------------------------
 Excitation n.   3:   7.158289 eV  f = 0.0000  <S**2> = 2.0000
 -------------------------------------------------------------
  2 ->   4 =   0.105348
  2 ->   5 =   0.605826
  2 ->   8 =   0.239430
  2 ->   9 =   0.231791
  3 ->  12 =  -0.090504

 -------------------------------------------------------------
 Excitation n.   4:   7.158289 eV  f = 0.0000  <S**2> = 2.0000
 -------------------------------------------------------------
  2 ->   4 =  -0.605826
  2 ->   5 =   0.105348
  2 ->   8 =   0.231791
  2 ->   9 =  -0.239430
  3 ->  13 =   0.090504

 -------------------------------------------------------------
 Excitation n.   5:  10.606773 eV  f = 0.0000  <S**2> = 2.0000
 -------------------------------------------------------------
  2 ->   7 =   0.211077
  2 ->  10 =  -0.076918
  3 ->   6 =   0.661079
  3 ->  16 =   0.108907

 -------------------------------------------------------------
 Excitation n.   6:  10.997193 eV  f = 0.0000  <S**2> = 2.0000
 -------------------------------------------------------------
  2 ->   6 =  -0.318075
  2 ->  16 =  -0.100243
  3 ->   7 =  -0.607341
  3 ->  10 =   0.141096

 -------------------------------------------------------------
 Excitation n.   7:  13.204924 eV  f = 0.0000  <S**2> = 2.0000
 -------------------------------------------------------------
  2 ->   6 =  -0.615483
  2 ->  11 =   0.071547
  2 ->  16 =  -0.082830
  3 ->   7 =   0.329274

 -------------------------------------------------------------
 Excitation n.   8:  13.286787 eV  f = 0.0000  <S**2> = 2.0000
 -------------------------------------------------------------
  3 ->   4 =   0.149135
  3 ->   5 =  -0.265543
  3 ->   8 =   0.633854

 -------------------------------------------------------------
 Excitation n.   9:  13.286787 eV  f = 0.0000  <S**2> = 2.0000
 -------------------------------------------------------------
  3 ->   4 =  -0.265543
  3 ->   5 =  -0.149135
  3 ->   9 =   0.633854

 -------------------------------------------------------------
 Excitation n.  10:  13.636892 eV  f = 0.0000  <S**2> = 2.0000
 -------------------------------------------------------------
  2 ->   7 =  -0.644672
  2 ->  10 =   0.155172
  3 ->   6 =   0.227731
  3 ->  11 =  -0.080523

Thomas-Reiche-Kuhn sum rule =   0.000000


 *** dynamical TDA activated ***

 ---------------------------------------------------------------------------------------------------
  First-order dynamical correction to static Bethe-Salpeter excitation energies                     
 ---------------------------------------------------------------------------------------------------
  BSE neutral excitation must be lower than the GT gap =  15.089643 eV
 ---------------------------------------------------------------------------------------------------
      #          Static (eV)         Dynamic (eV)      Correction (eV)         Renorm. (eV)
 ---------------------------------------------------------------------------------------------------
      1            5.739142            5.572266           -0.166876            1.004346
      2            5.739142            5.572266           -0.166876            1.004346
      3            7.158289            7.048032           -0.110257            1.002536
      4            7.158289            7.048032           -0.110257            1.002536
      5           10.606773           10.519613           -0.087160            1.006527
      6           10.997193           10.944603           -0.052590            1.004766
      7           13.204924           13.195734           -0.009190            1.003547
      8           13.286787           13.224053           -0.062734            1.002726
      9           13.286787           13.224053           -0.062734            1.002726
     10           13.636892           13.615358           -0.021535            1.002218
 ---------------------------------------------------------------------------------------------------


 -------------------------------------------------------------------------------
          Tr@BSE@G0T0 correlation energy (singlet) =       -0.0122502075 au
          Tr@BSE@G0T0 correlation energy (triplet) =       -0.0108080296 au
          Tr@BSE@G0T0 correlation energy           =       -0.0230582370 au
          Tr@BSE@G0T0 total energy                 =      -14.6517199294 au
 -------------------------------------------------------------------------------

                                       Total CPU time for G0T0 =      2.574 seconds

                                      Total CPU time for QuAcK =      3.613 seconds

