78 significant shell pairs computed in 0.000110 seconds
0
Computed Electron repulsion integrals Integrals in parallel in 0.257265 seconds

 ******************************************************************************************
 *            QuAcK                       QuAcK                         QuAcK             *
 *   __        __        __       __        __        __       __        __        __     *
 * <(o )___  <(o )___  <(o )___ <(o )___  <(o )___  <(o )___ <(o )___  <(o )___  <(o )___ *
 * ( ._> /   ( ._> /   ( ._> /  ( ._> /   ( ._> /   ( ._> /  ( ._> /   ( ._> /   ( ._> /  *
 *|--------------------------------------------------------------------------------------|*
 ******************************************************************************************

      ----------------------
             Number of atoms                3
      ----------------------

      ----------------------
Number of spin-up   electron                3
Number of spin-down electron                3
    Total number of electron                6
      ----------------------

      ----------------------
Number of core      electron                0
Number of Rydberg   electron                0
      ----------------------

          ------------------
          Molecular geometry
          ------------------
                    Atom n.                 1
                        Z =      4.0000000000
           Atom coordinates:     0.0000000000    0.0000000000    0.0000000000
                    Atom n.                 2
                        Z =      1.0000000000
           Atom coordinates:     0.0000000000    0.0000000000    5.2912331513
                    Atom n.                 3
                        Z =      1.0000000000
           Atom coordinates:     0.0000000000    0.0000000000   -5.2912331513

          ------------------
 Nuclear repulsion energy =      1.6064308181
          ------------------

          Gaussian basis set
          ------------------
                    Atom n.                 1
           number of shells                 6
          ------------------
      s-type shell with K =                 9
                                    Exponents     Contraction
                              2940.0000000000    0.0006800000
                               441.2000000000    0.0052360000
                               100.5000000000    0.0266060000
                                28.4300000000    0.0999930000
                                 9.1690000000    0.2697020000
                                 3.1960000000    0.4514690000
                                 1.1590000000    0.2950740000
                                 0.1811000000    0.0125870000
                                 0.0589000000   -0.0037560000
      s-type shell with K =                 9
                                    Exponents     Contraction
                              2940.0000000000   -0.0001230000
                               441.2000000000   -0.0009660000
                               100.5000000000   -0.0048310000
                                28.4300000000   -0.0193140000
                                 9.1690000000   -0.0532800000
                                 3.1960000000   -0.1207230000
                                 1.1590000000   -0.1334350000
                                 0.1811000000    0.5307670000
                                 0.0589000000    0.5801170000
      s-type shell with K =                 1
                                    Exponents     Contraction
                                 0.0589000000    1.0000000000
      p-type shell with K =                 4
                                    Exponents     Contraction
                                 3.6190000000    0.0291110000
                                 0.7110000000    0.1693650000
                                 0.1951000000    0.5134580000
                                 0.0601800000    0.4793380000
      p-type shell with K =                 1
                                    Exponents     Contraction
                                 0.0601800000    1.0000000000
      d-type shell with K =                 1
                                    Exponents     Contraction
                                 0.2354000000    1.0000000000
          ------------------
                    Atom n.                 2
           number of shells                 3
          ------------------
      s-type shell with K =                 4
                                    Exponents     Contraction
                                13.0100000000    0.0196850000
                                 1.9620000000    0.1379770000
                                 0.4446000000    0.4781480000
                                 0.1220000000    0.5012400000
      s-type shell with K =                 1
                                    Exponents     Contraction
                                 0.1220000000    1.0000000000
      p-type shell with K =                 1
                                    Exponents     Contraction
                                 0.7270000000    1.0000000000
          ------------------
                    Atom n.                 3
           number of shells                 3
          ------------------
      s-type shell with K =                 4
                                    Exponents     Contraction
                                13.0100000000    0.0196850000
                                 1.9620000000    0.1379770000
                                 0.4446000000    0.4781480000
                                 0.1220000000    0.5012400000
      s-type shell with K =                 1
                                    Exponents     Contraction
                                 0.1220000000    1.0000000000
      p-type shell with K =                 1
                                    Exponents     Contraction
                                 0.7270000000    1.0000000000
          ------------------
            Number of shells               12
          ------------------

          ------------------
   Number of basis functions               25
          ------------------

 Scaling integrals by    1.0000000000000000     

                          Total CPU time for reading integrals =      0.024 seconds


 ************************************************
 |    Restricted Hartree-Fock calculation       |
 ************************************************


 ----------------------------------------------------
 | RHF calculation                                  |
 ----------------------------------------------------
 |   # |        HF energy |       Conv |     HL Gap |
 ----------------------------------------------------
 |   1 |   -15.1518396017 |   0.225342 |   1.052656 |
 |   2 |   -15.2616281682 |   0.185337 |   1.124397 |
 |   3 |   -15.3348000561 |   0.136929 |   1.174605 |
 |   4 |   -15.3812172950 |   0.101411 |   1.201744 |
 |   5 |   -15.4103765675 |   0.083017 |   1.216612 |
 |   6 |   -15.4288753165 |   0.066164 |   1.224515 |
 |   7 |   -15.4408257601 |   0.052073 |   1.228697 |
 |   8 |   -15.4487081533 |   0.040838 |   1.230969 |
 |   9 |   -15.4540156685 |   0.032087 |   1.232290 |
 |  10 |   -15.4576584005 |   0.025339 |   1.233146 |
 |  11 |   -15.4602017219 |   0.020147 |   1.233776 |
 |  12 |   -15.4620045551 |   0.016143 |   1.234295 |
 |  13 |   -15.4632997971 |   0.013039 |   1.234752 |
 |  14 |   -15.4642417101 |   0.010616 |   1.235170 |
 |  15 |   -15.4649343758 |   0.008711 |   1.235557 |
 |  16 |   -15.4654491568 |   0.007199 |   1.235914 |
 |  17 |   -15.4658356596 |   0.005990 |   1.236243 |
 |  18 |   -15.4661287740 |   0.005015 |   1.236544 |
 |  19 |   -15.4663532879 |   0.004222 |   1.236817 |
 |  20 |   -15.4665269686 |   0.003572 |   1.237063 |
 |  21 |   -15.4666626542 |   0.003036 |   1.237284 |
 |  22 |   -15.4667696906 |   0.002590 |   1.237481 |
 |  23 |   -15.4668549318 |   0.002217 |   1.237656 |
 |  24 |   -15.4669234405 |   0.001903 |   1.237812 |
 |  25 |   -15.4669789846 |   0.001637 |   1.237949 |
 |  26 |   -15.4670243899 |   0.001412 |   1.238071 |
 |  27 |   -15.4670617922 |   0.001220 |   1.238178 |
 |  28 |   -15.4670928197 |   0.001056 |   1.238271 |
 |  29 |   -15.4671187243 |   0.000915 |   1.238354 |
 |  30 |   -15.4671404765 |   0.000794 |   1.238426 |
 |  31 |   -15.4671588361 |   0.000689 |   1.238490 |
 |  32 |   -15.4671744028 |   0.000599 |   1.238546 |
 |  33 |   -15.4671876544 |   0.000521 |   1.238594 |
 |  34 |   -15.4671989746 |   0.000453 |   1.238637 |
 |  35 |   -15.4672086744 |   0.000395 |   1.238674 |
 |  36 |   -15.4672170076 |   0.000344 |   1.238707 |
 |  37 |   -15.4672241831 |   0.000300 |   1.238735 |
 |  38 |   -15.4672303738 |   0.000261 |   1.238760 |
 |  39 |   -15.4672357239 |   0.000228 |   1.238782 |
 |  40 |   -15.4672403543 |   0.000199 |   1.238801 |
 |  41 |   -15.4672443667 |   0.000173 |   1.238817 |
 |  42 |   -15.4672478472 |   0.000151 |   1.238832 |
 |  43 |   -15.4672508692 |   0.000132 |   1.238844 |
 |  44 |   -15.4672534951 |   0.000115 |   1.238856 |
 |  45 |   -15.4672557784 |   0.000100 |   1.238865 |
 |  46 |   -15.4672577648 |   0.000088 |   1.238874 |
 |  47 |   -15.4672594938 |   0.000076 |   1.238881 |
 |  48 |   -15.4672609994 |   0.000067 |   1.238887 |
 |  49 |   -15.4672623109 |   0.000058 |   1.238893 |
 |  50 |   -15.4672634538 |   0.000051 |   1.238898 |
 |  51 |   -15.4672644499 |   0.000044 |   1.238902 |
 |  52 |   -15.4672653183 |   0.000039 |   1.238906 |
 |  53 |   -15.4672660755 |   0.000034 |   1.238909 |
 |  54 |   -15.4672667358 |   0.000029 |   1.238912 |
 |  55 |   -15.4672673118 |   0.000026 |   1.238915 |
 |  56 |   -15.4672678143 |   0.000022 |   1.238917 |
 |  57 |   -15.4672682526 |   0.000020 |   1.238919 |
 |  58 |   -15.4672686351 |   0.000017 |   1.238920 |
 |  59 |   -15.4672689689 |   0.000015 |   1.238922 |
 |  60 |   -15.4672692601 |   0.000013 |   1.238923 |
 |  61 |   -15.4672695143 |   0.000011 |   1.238924 |
 |  62 |   -15.4672697361 |   0.000010 |   1.238925 |
 |  63 |   -15.4672699297 |   0.000009 |   1.238926 |
 |  64 |   -15.4672700986 |   0.000008 |   1.238927 |
 |  65 |   -15.4672702461 |   0.000007 |   1.238927 |
 |  66 |   -15.4672703748 |   0.000006 |   1.238928 |
 |  67 |   -15.4672704872 |   0.000005 |   1.238928 |
 |  68 |   -15.4672705853 |   0.000004 |   1.238929 |
 |  69 |   -15.4672706709 |   0.000004 |   1.238929 |
 |  70 |   -15.4672707456 |   0.000003 |   1.238929 |
 |  71 |   -15.4672708108 |   0.000003 |   1.238930 |
 |  72 |   -15.4672708678 |   0.000003 |   1.238930 |
 |  73 |   -15.4672709175 |   0.000002 |   1.238930 |
 |  74 |   -15.4672709609 |   0.000002 |   1.238930 |
 |  75 |   -15.4672709988 |   0.000002 |   1.238931 |
 |  76 |   -15.4672710319 |   0.000001 |   1.238931 |
 |  77 |   -15.4672710607 |   0.000001 |   1.238931 |
 |  78 |   -15.4672710859 |   0.000001 |   1.238931 |
 |  79 |   -15.4672711079 |   0.000001 |   1.238931 |
 |  80 |   -15.4672711271 |   0.000001 |   1.238931 |
 |  81 |   -15.4672711439 |   0.000001 |   1.238931 |
 |  82 |   -15.4672711586 |   0.000001 |   1.238931 |
 |  83 |   -15.4672711713 |   0.000001 |   1.238931 |
 |  84 |   -15.4672711825 |   0.000001 |   1.238931 |
 |  85 |   -15.4672711922 |   0.000000 |   1.238931 |
 |  86 |   -15.4672712007 |   0.000000 |   1.238931 |
 |  87 |   -15.4672712082 |   0.000000 |   1.238931 |
 |  88 |   -15.4672712146 |   0.000000 |   1.238931 |
 |  89 |   -15.4672712203 |   0.000000 |   1.238931 |
 |  90 |   -15.4672712252 |   0.000000 |   1.238931 |
 |  91 |   -15.4672712295 |   0.000000 |   1.238932 |
 |  92 |   -15.4672712333 |   0.000000 |   1.238932 |
 |  93 |   -15.4672712366 |   0.000000 |   1.238932 |
 |  94 |   -15.4672712395 |   0.000000 |   1.238932 |
 |  95 |   -15.4672712420 |   0.000000 |   1.238932 |
 |  96 |   -15.4672711774 |   0.000000 |   0.238932 |
 ----------------------------------------------------

         -----------------------------------------
           Summary              
         -----------------------------------------
           One-electron energy:    -23.0166715824 au
           Kinetic      energy:     14.9617898998 au
           Potential    energy:    -37.9784614823 au
         -----------------------------------------
           Two-electron energy:      5.9429695870 au
           Hartree      energy:      8.9977159027 au
           Exchange     energy:     -3.0547463157 au
         -----------------------------------------
           Electronic   energy:    -17.0737019955 au
           Nuclear   repulsion:      1.6064308181 au
           RHF          energy:    -15.4672711774 au
         -----------------------------------------
           HF HOMO      energy:         -8.457156 eV
           HF LUMO      energy:         -1.955497 eV
           HF HOMO-LUMO gap   :          6.501659 eV
         -----------------------------------------
          Dipole moment (Debye)    
                   X         Y         Z      Tot.
           -0.000000  0.000000  0.000000  0.000000
         -----------------------------------------

           ---------------------------------------
                 MO coefficients
           ---------------------------------------
                 1              2              3              4              5
      1     1.00043448    -0.00499921     0.00000000    -0.00928204     0.00000000
      2     0.00431709     0.70815121     0.00000000    -0.77201009     0.00000000
      3    -0.00085582    -0.00473820     0.00000000    -0.01138568     0.00000000
      4     0.00000000     0.00000000     0.00000000     0.00000000    -0.62373364
      5     0.00000000     0.00000000     0.00000000     0.00000000     0.02002533
      6     0.00000000     0.00000000    -0.31404170     0.00000000     0.00000000
      7     0.00000000     0.00000000     0.00000000     0.00000000    -0.41146020
      8     0.00000000     0.00000000     0.00000000     0.00000000     0.01321017
      9     0.00000000     0.00000000    -0.08956387     0.00000000     0.00000000
     10    -0.00172410    -0.01358325     0.00000000    -0.01441446     0.00000000
     11     0.00000000     0.00000000     0.00000000     0.00000000     0.00000000
     12     0.00000000     0.00000000     0.00000000     0.00000000     0.00000000
     13    -0.00172410    -0.01358325     0.00000000    -0.01441446     0.00000000
     14     0.00000000     0.00000000     0.00000000     0.00000000     0.00000000
     15    -0.00171454     0.02959168     0.00000000     0.04125154     0.00000000
     16     0.00011989     0.32313496    -0.45411545     0.39103826     0.00000000
     17     0.00022463     0.07035959    -0.08749146     0.23892280     0.00000000
     18     0.00000000     0.00000000     0.00000000     0.00000000    -0.00542760
     19     0.00000000     0.00000000     0.00000000     0.00000000     0.00017426
     20    -0.00003273    -0.00806442     0.00575711     0.00437557     0.00000000
     21     0.00011989     0.32313496     0.45411545     0.39103826     0.00000000
     22     0.00022463     0.07035959     0.08749146     0.23892280     0.00000000
     23     0.00000000     0.00000000     0.00000000     0.00000000    -0.00542760
     24     0.00000000     0.00000000     0.00000000     0.00000000     0.00017426
     25     0.00003273     0.00806442     0.00575711    -0.00437557     0.00000000
                 6              7              8              9             10
      1     0.00000000     0.00000000     0.60258095     0.00000000     0.00000000
      2     0.00000000     0.00000000     2.97382056     0.00000000     0.00000000
      3     0.00000000     0.00000000    -3.75895738     0.00000000     0.00000000
      4    -0.02002533     0.00000000     0.00000000     1.83645439     0.00618618
      5    -0.62373364     0.00000000     0.00000000     0.00618618    -1.83645439
      6     0.00000000    -0.84981484     0.00000000     0.00000000     0.00000000
      7    -0.01321017     0.00000000     0.00000000    -1.89446317    -0.00638159
      8    -0.41146020     0.00000000     0.00000000    -0.00638159     1.89446317
      9     0.00000000    -0.31922591     0.00000000     0.00000000     0.00000000
     10     0.00000000     0.00000000     0.17791493     0.00000000     0.00000000
     11     0.00000000     0.00000000     0.00000000     0.00000000     0.00000000
     12     0.00000000     0.00000000     0.00000000     0.00000000     0.00000000
     13     0.00000000     0.00000000     0.17791493     0.00000000     0.00000000
     14     0.00000000     0.00000000     0.00000000     0.00000000     0.00000000
     15     0.00000000     0.00000000     0.28189381     0.00000000     0.00000000
     16     0.00000000     0.26576398     0.04952709     0.00000000     0.00000000
     17     0.00000000     0.38538119     0.23339261     0.00000000     0.00000000
     18    -0.00017426     0.00000000     0.00000000    -0.00654137    -0.00002203
     19    -0.00542760     0.00000000     0.00000000    -0.00002203     0.00654137
     20     0.00000000     0.01557284    -0.00979671     0.00000000     0.00000000
     21     0.00000000    -0.26576398     0.04952709     0.00000000     0.00000000
     22     0.00000000    -0.38538119     0.23339261     0.00000000     0.00000000
     23    -0.00017426     0.00000000     0.00000000    -0.00654137    -0.00002203
     24    -0.00542760     0.00000000     0.00000000    -0.00002203     0.00654137
     25     0.00000000     0.01557284     0.00979671     0.00000000     0.00000000
                11             12             13             14             15
      1     0.00000000     0.00000000     0.00000000     0.00000000     0.00000000
      2     0.00000000     0.00000000     0.00000000     0.00000000     0.00000000
      3     0.00000000     0.00000000     0.00000000     0.00000000     0.00000000
      4     0.00000000     0.00000000     0.00000000     0.00000000     0.00000000
      5     0.00000000     0.00000000     0.00000000     0.00000000     0.00000000
      6    -1.82954172     0.00000000     0.00000000     0.00000000     0.00000000
      7     0.00000000     0.00000000     0.00000000     0.00000000     0.00000000
      8     0.00000000     0.00000000     0.00000000     0.00000000     0.00000000
      9     2.48803187     0.00000000     0.00000000     0.00000000     0.00000000
     10     0.00000000     0.01210356     0.86594082     0.00000000     0.00000000
     11     0.00000000    -0.99990233     0.01397599     0.00000000     0.00000000
     12     0.00000000     0.00000000     0.00000000    -0.10361442    -0.99275536
     13     0.00000000    -0.01210356    -0.86594082     0.00000000     0.00000000
     14     0.00000000     0.00000000     0.00000000     0.99275536    -0.10361442
     15     0.00000000     0.00000000     0.00000000     0.00000000     0.00000000
     16    -0.08115963     0.00000000     0.00000000     0.00000000     0.00000000
     17    -0.48798760     0.00000000     0.00000000     0.00000000     0.00000000
     18     0.00000000     0.00000000     0.00000000    -0.00295532    -0.02831561
     19     0.00000000     0.00000000     0.00000000     0.02831561    -0.00295532
     20     0.00656809     0.00000000     0.00000000     0.00000000     0.00000000
     21     0.08115963     0.00000000     0.00000000     0.00000000     0.00000000
     22     0.48798760     0.00000000     0.00000000     0.00000000     0.00000000
     23     0.00000000     0.00000000     0.00000000     0.00295532     0.02831561
     24     0.00000000     0.00000000     0.00000000    -0.02831561     0.00295532
     25     0.00656809     0.00000000     0.00000000     0.00000000     0.00000000
                16             17             18             19             20
      1     0.08332360     0.13445846     0.00000000    -0.43973997     0.00000000
      2     0.43188501     0.63605577     0.00000000    -4.17560586     0.00000000
      3    -0.47986732    -0.86741433     0.00000000     1.09764703     0.00000000
      4     0.00000000     0.00000000     0.00000000     0.00000000     0.00000000
      5     0.00000000     0.00000000     0.00000000     0.00000000     0.00000000
      6     0.00000000     0.00000000    -0.11427232     0.00000000     0.00000000
      7     0.00000000     0.00000000     0.00000000     0.00000000     0.00000000
      8     0.00000000     0.00000000     0.00000000     0.00000000     0.00000000
      9     0.00000000     0.00000000     0.69330259     0.00000000     0.00000000
     10     0.46882249     0.13382201     0.00000000     1.50255380     0.00000000
     11     0.00000000     0.00000000     0.00000000     0.00000000     0.00000000
     12     0.00000000     0.00000000     0.00000000     0.00000000    -0.03190120
     13     0.46882249     0.13382201     0.00000000     1.50255380     0.00000000
     14     0.00000000     0.00000000     0.00000000     0.00000000     0.05790685
     15    -0.94098275    -0.43456638     0.00000000     1.34491858     0.00000000
     16     0.45240022    -1.55493237     1.64282026    -0.09035726     0.00000000
     17    -0.25898332     1.79576483    -2.00277151     0.20290847     0.00000000
     18     0.00000000     0.00000000     0.00000000     0.00000000     0.34103618
     19     0.00000000     0.00000000     0.00000000     0.00000000    -0.61904672
     20     0.08478746     0.06346816    -0.04402410    -0.07273520     0.00000000
     21     0.45240022    -1.55493237    -1.64282026    -0.09035726     0.00000000
     22    -0.25898332     1.79576483     2.00277151     0.20290847     0.00000000
     23     0.00000000     0.00000000     0.00000000     0.00000000    -0.34103618
     24     0.00000000     0.00000000     0.00000000     0.00000000     0.61904672
     25    -0.08478746    -0.06346816    -0.04402410     0.07273520     0.00000000
                21             22             23             24             25
      1     0.00000000     0.00000000     0.00000000     0.00000000     0.13565498
      2     0.00000000     0.00000000     0.00000000     0.00000000     0.81714738
      3     0.00000000     0.00000000     0.00000000     0.00000000    -0.65352943
      4     0.00000000     0.01154868    -0.07650235     0.00000000     0.00000000
      5     0.00000000     0.07650235     0.01154868     0.00000000     0.00000000
      6     0.00000000     0.00000000     0.00000000    -0.08470767     0.00000000
      7     0.00000000    -0.02061256     0.13654450     0.00000000     0.00000000
      8     0.00000000    -0.13654450    -0.02061256     0.00000000     0.00000000
      9     0.00000000     0.00000000     0.00000000     0.45662126     0.00000000
     10     0.00000000     0.00000000     0.00000000     0.00000000    -0.01677143
     11     0.00000000     0.00000000     0.00000000     0.00000000     0.00000000
     12    -0.05790685     0.00000000     0.00000000     0.00000000     0.00000000
     13     0.00000000     0.00000000     0.00000000     0.00000000    -0.01677143
     14    -0.03190120     0.00000000     0.00000000     0.00000000     0.00000000
     15     0.00000000     0.00000000     0.00000000     0.00000000    -0.45751324
     16     0.00000000     0.00000000     0.00000000     0.21001088    -0.15135399
     17     0.00000000     0.00000000     0.00000000    -0.40476180     0.25950105
     18     0.61904672     0.10579972    -0.70085281     0.00000000     0.00000000
     19     0.34103618     0.70085281     0.10579972     0.00000000     0.00000000
     20     0.00000000     0.00000000     0.00000000     0.72099706    -0.70768484
     21     0.00000000     0.00000000     0.00000000    -0.21001088    -0.15135399
     22     0.00000000     0.00000000     0.00000000     0.40476180     0.25950105
     23    -0.61904672     0.10579972    -0.70085281     0.00000000     0.00000000
     24    -0.34103618     0.70085281     0.10579972     0.00000000     0.00000000
     25     0.00000000     0.00000000     0.00000000     0.72099706     0.70768484

           ---------------------------------------
                     MO energies
           ---------------------------------------
                 1
      1    -4.87928163
      2    -0.37528983
      3    -0.31079475
      4    -0.07186318
      5     0.02257895
      6     0.02257895
      7     0.09834950
      8     0.27434449
      9     0.28688339
     10     0.28688339
     11     0.34701202
     12     0.57507948
     13     0.57507948
     14     0.58577227
     15     0.58577227
     16     0.61399837
     17     0.73017123
     18     0.75275312
     19     1.10657906
     20     1.52857011
     21     1.52857011
     22     1.53375606
     23     1.53375606
     24     1.59430100
     25     1.62859686

                                        Total CPU time for RHF =      0.776 seconds


 AO to MO transformation... Please be patient

                    Total CPU time for AO to MO transformation =      0.674 seconds


 ************************************************
 |          One-shot G0W0 calculation           |
 ************************************************


 -------------------------------------------------------------
   RPA@HF       calculation: singlet        manifold
 -------------------------------------------------------------
 | State |  Excitation energy (au) |  Excitation energy (eV) |
 -------------------------------------------------------------
 |     1 |                0.342047 |                9.307568 |
 |     2 |                0.342047 |                9.307568 |
 |     3 |                0.353540 |                9.620307 |
 |     4 |                0.357259 |                9.721509 |
 |     5 |                0.453765 |               12.347565 |
 |     6 |                0.453765 |               12.347565 |
 |     7 |                0.533757 |               14.524259 |
 |     8 |                0.546662 |               14.875427 |
 |     9 |                0.592349 |               16.118631 |
 |    10 |                0.602242 |               16.387842 |
 |    11 |                0.602242 |               16.387842 |
 |    12 |                0.659104 |               17.935128 |
 |    13 |                0.694581 |               18.900499 |
 |    14 |                0.694581 |               18.900499 |
 |    15 |                0.714844 |               19.451907 |
 |    16 |                0.750810 |               20.430572 |
 |    17 |                0.889205 |               24.196511 |
 |    18 |                0.889205 |               24.196511 |
 |    19 |                0.925882 |               25.194530 |
 |    20 |                0.925882 |               25.194530 |
 -------------------------------------------------------------

  *** Quasiparticle energies obtained by linearization *** 

 -------------------------------------------------------------------------------
   One-shot G0W0 calculation
 -------------------------------------------------------------------------------
 |   # |       e_HF (eV) |      Sig_c (eV) |               Z |       e_QP (eV) |
 -------------------------------------------------------------------------------
 |   1 |     -132.772016 |        4.759956 |        0.820204 |     -128.867882 |
 |   2 |      -10.212156 |       -0.040169 |        0.880321 |      -10.247518 |
 |   3 |       -8.457156 |       -0.372176 |        0.905094 |       -8.794010 |
 |   4 |       -1.955497 |       -0.369700 |        0.917604 |       -2.294735 |
 |   5 |        0.614405 |       -0.921181 |        0.941720 |       -0.253090 |
 |   6 |        0.614405 |       -0.921181 |        0.941720 |       -0.253090 |
 |   7 |        2.676226 |       -1.339651 |        0.854143 |        1.531973 |
 |   8 |        7.465294 |       -1.169679 |        0.537985 |        6.836025 |
 |   9 |        7.806495 |       -1.585253 |        0.844044 |        6.468471 |
 |  10 |        7.806495 |       -1.585253 |        0.844044 |        6.468471 |
 |  11 |        9.442678 |       -1.253493 |        0.846374 |        8.381754 |
 |  12 |       15.648710 |       -0.614267 |        0.677152 |       15.232758 |
 |  13 |       15.648710 |       -0.614267 |        0.677152 |       15.232758 |
 |  14 |       15.939675 |        1.246976 |        0.191544 |       16.178526 |
 |  15 |       15.939675 |        1.246976 |        0.191544 |       16.178526 |
 |  16 |       16.707747 |       -0.699336 |        0.653879 |       16.250466 |
 |  17 |       19.868971 |       -2.438061 |        0.471235 |       18.720073 |
 |  18 |       20.483456 |       -3.029113 |        0.670288 |       18.453077 |
 |  19 |       30.111550 |        2.765586 |        0.003812 |       30.122093 |
 |  20 |       41.594511 |       -3.958001 |        0.722496 |       38.734871 |
 |  21 |       41.594511 |       -3.958001 |        0.722496 |       38.734871 |
 |  22 |       41.735628 |       -4.051537 |        0.715176 |       38.838066 |
 |  23 |       41.735628 |       -4.051537 |        0.715176 |       38.838066 |
 |  24 |       43.383140 |       -2.894130 |        0.209083 |       42.778027 |
 |  25 |       44.316378 |       -4.656019 |        0.216336 |       43.309113 |
 -------------------------------------------------------------------------------
          G0W0 HOMO      energy:      -8.794010 eV
          G0W0 LUMO      energy:      -2.294735 eV
          G0W0 HOMO-LUMO gap   :       6.499275 eV
 -------------------------------------------------------------------------------
    RPA@G0W0 total energy      :     -15.573893 au
    RPA@G0W0 correlation energy:      -0.106622 au
    GM@G0W0  total energy      :     -15.646429 au
    GM@G0W0  correlation energy:      -0.179158 au
 -------------------------------------------------------------------------------


 -------------------------------------------------------------
   BSE@GW       calculation: singlet        manifold
 -------------------------------------------------------------
 | State |  Excitation energy (au) |  Excitation energy (eV) |
 -------------------------------------------------------------
 |     1 |                0.088198 |                2.399985 |
 |     2 |                0.116541 |                3.171253 |
 |     3 |                0.116541 |                3.171253 |
 |     4 |                0.127027 |                3.456589 |
 |     5 |                0.202745 |                5.516975 |
 |     6 |                0.202745 |                5.516975 |
 |     7 |                0.216640 |                5.895077 |
 |     8 |                0.251243 |                6.836676 |
 |     9 |                0.363818 |                9.900003 |
 |    10 |                0.363818 |                9.900003 |
 |    11 |                0.390273 |               10.619873 |
 |    12 |                0.416183 |               11.324904 |
 |    13 |                0.416183 |               11.324904 |
 |    14 |                0.443306 |               12.062981 |
 |    15 |                0.460922 |               12.542322 |
 |    16 |                0.488756 |               13.299734 |
 |    17 |                0.668240 |               18.183738 |
 |    18 |                0.668240 |               18.183738 |
 |    19 |                0.709119 |               19.296124 |
 |    20 |                0.709119 |               19.296124 |
 -------------------------------------------------------------

 ---------------------------------------------------------------
                 Transition dipole moment (au)                  
 ---------------------------------------------------------------
  #           X           Y           Z   dip. str.   osc. str.
 ---------------------------------------------------------------
  1    0.000000   -0.000000    2.472639    6.113945    0.359491
  2   -0.000000   -0.000000    0.000000    0.000000    0.000000
  3    0.000000    0.000000   -0.000000    0.000000    0.000000
  4   -0.000000   -0.000000   -0.000000    0.000000    0.000000
  5    1.484529    0.609134    0.000000    2.574871    0.348028
  6   -0.609134    1.484529   -0.000000    2.574871    0.348028
  7   -0.000000   -0.000000   -0.000000    0.000000    0.000000
  8    0.000000    0.000000    0.464340    0.215611    0.036114
  9    0.000000    0.000000    0.000000    0.000000    0.000000
 10   -0.000000    0.000000   -0.000000    0.000000    0.000000
 ---------------------------------------------------------------

 -------------------------------------------------------------
 Excitation n.   1:   2.399985 eV  f = 0.3595  <S**2> = 0.0000
 -------------------------------------------------------------
  3 ->   4 =  -0.838734
  2 <-   7 =  -0.078172
  3 <-   4 =   0.445857

 -------------------------------------------------------------
 Excitation n.   2:   3.171253 eV  f = 0.0000  <S**2> = 0.0000
 -------------------------------------------------------------
  3 ->   5 =  -0.187250
  3 ->   6 =  -0.676509
  3 ->  10 =  -0.082276

 -------------------------------------------------------------
 Excitation n.   3:   3.171253 eV  f = 0.0000  <S**2> = 0.0000
 -------------------------------------------------------------
  3 ->   5 =   0.676509
  3 ->   6 =  -0.187250
  3 ->   9 =  -0.082276

 -------------------------------------------------------------
 Excitation n.   4:   3.456589 eV  f = 0.0000  <S**2> = 0.0000
 -------------------------------------------------------------
  2 ->   4 =   0.704880
  3 ->   7 =   0.205326
  2 <-   4 =  -0.157952
  3 <-   7 =   0.117940

 -------------------------------------------------------------
 Excitation n.   5:   5.516975 eV  f = 0.3480  <S**2> = 0.0000
 -------------------------------------------------------------
  2 ->   5 =  -0.647817
  2 ->   6 =  -0.290438
  2 <-   5 =   0.070717

 -------------------------------------------------------------
 Excitation n.   6:   5.516975 eV  f = 0.3480  <S**2> = 0.0000
 -------------------------------------------------------------
  2 ->   5 =   0.290438
  2 ->   6 =  -0.647817
  2 <-   6 =   0.070717

 -------------------------------------------------------------
 Excitation n.   7:   5.895077 eV  f = 0.0000  <S**2> = 0.0000
 -------------------------------------------------------------
  2 ->   4 =   0.281993
  3 ->   7 =  -0.699890
  2 <-   4 =  -0.223694
  3 <-   7 =   0.147037

 -------------------------------------------------------------
 Excitation n.   8:   6.836676 eV  f = 0.0361  <S**2> = 0.0000
 -------------------------------------------------------------
  2 ->   7 =   0.713859
  2 <-   7 =  -0.075948
  3 <-   4 =   0.077928

 -------------------------------------------------------------
 Excitation n.   9:   9.900003 eV  f = 0.0000  <S**2> = 0.0000
 -------------------------------------------------------------
  3 ->   6 =   0.071175
  3 ->   9 =   0.418721
  3 ->  10 =  -0.563069

 -------------------------------------------------------------
 Excitation n.  10:   9.900003 eV  f = 0.0000  <S**2> = 0.0000
 -------------------------------------------------------------
  3 ->   5 =  -0.071175
  3 ->   9 =  -0.563069
  3 ->  10 =  -0.418721

Thomas-Reiche-Kuhn sum rule =   1.091662


 *** dynamical TDA activated ***

 ---------------------------------------------------------------------------------------------------
  First-order dynamical correction to static Bethe-Salpeter excitation energies                     
 ---------------------------------------------------------------------------------------------------
  BSE neutral excitation must be lower than the GW gap =   6.499275 eV
 ---------------------------------------------------------------------------------------------------
      #          Static (eV)         Dynamic (eV)      Correction (eV)         Renorm. (eV)
 ---------------------------------------------------------------------------------------------------
      1            2.399985            2.323803           -0.076182            1.016335
      2            3.171253            3.274640            0.103387            0.987394
      3            3.171253            3.274640            0.103387            0.987394
      4            3.456589            3.588652            0.132063            0.986242
      5            5.516975            5.403805           -0.113170            1.018535
      6            5.516975            5.403805           -0.113170            1.018535
      7            5.895077            5.752168           -0.142909            1.048734
      8            6.836676            6.721293           -0.115383            1.021523
      9            9.900003            9.994949            0.094946            0.989474
     10            9.900003            9.994949            0.094946            0.989474
 ---------------------------------------------------------------------------------------------------

 You may have instabilities in linear response: negative excitations!!

 -------------------------------------------------------------
   BSE@GW       calculation: triplet        manifold
 -------------------------------------------------------------
 | State |  Excitation energy (au) |  Excitation energy (eV) |
 -------------------------------------------------------------
 |     1 |                     NaN |                     NaN |
 |     2 |                     NaN |                     NaN |
 |     3 |                0.105453 |                2.869531 |
 |     4 |                0.105453 |                2.869531 |
 |     5 |                0.130935 |                3.562931 |
 |     6 |                0.130935 |                3.562931 |
 |     7 |                0.150614 |                4.098409 |
 |     8 |                0.183846 |                5.002711 |
 |     9 |                0.358732 |                9.761584 |
 |    10 |                0.358732 |                9.761584 |
 |    11 |                0.372516 |               10.136685 |
 |    12 |                0.390469 |               10.625203 |
 |    13 |                0.390469 |               10.625203 |
 |    14 |                0.390476 |               10.625381 |
 |    15 |                0.450454 |               12.257470 |
 |    16 |                0.470687 |               12.808052 |
 |    17 |                0.664903 |               18.092924 |
 |    18 |                0.664903 |               18.092924 |
 |    19 |                0.669958 |               18.230493 |
 |    20 |                0.684837 |               18.635355 |
 -------------------------------------------------------------

 -------------------------------------------------------------
 Excitation n.   1:        NaN eV  f = 0.0000  <S**2> = 2.0000
 -------------------------------------------------------------

 -------------------------------------------------------------
 Excitation n.   2:        NaN eV  f = 0.0000  <S**2> = 2.0000
 -------------------------------------------------------------

 -------------------------------------------------------------
 Excitation n.   3:   2.869531 eV  f = 0.0000  <S**2> = 2.0000
 -------------------------------------------------------------
  3 ->   5 =   0.697872
  3 ->   9 =  -0.083912

 -------------------------------------------------------------
 Excitation n.   4:   2.869531 eV  f = 0.0000  <S**2> = 2.0000
 -------------------------------------------------------------
  3 ->   6 =  -0.697872
  3 ->  10 =  -0.083912

 -------------------------------------------------------------
 Excitation n.   5:   3.562931 eV  f = 0.0000  <S**2> = 2.0000
 -------------------------------------------------------------
  2 ->   5 =  -0.698555
  2 ->   9 =   0.122437

 -------------------------------------------------------------
 Excitation n.   6:   3.562931 eV  f = 0.0000  <S**2> = 2.0000
 -------------------------------------------------------------
  2 ->   6 =  -0.698555
  2 ->  10 =  -0.122437

 -------------------------------------------------------------
 Excitation n.   7:   4.098409 eV  f = 0.0000  <S**2> = 2.0000
 -------------------------------------------------------------
  2 ->   4 =   0.272144
  3 ->   7 =   0.650921

 -------------------------------------------------------------
 Excitation n.   8:   5.002711 eV  f = 0.0000  <S**2> = 2.0000
 -------------------------------------------------------------
  2 ->   7 =  -0.682352
  2 ->  11 =  -0.082867
  3 ->   4 =  -0.176937

 -------------------------------------------------------------
 Excitation n.   9:   9.761584 eV  f = 0.0000  <S**2> = 2.0000
 -------------------------------------------------------------
  3 ->   5 =  -0.082970
  3 ->   9 =  -0.673300
  3 ->  10 =  -0.197422

 -------------------------------------------------------------
 Excitation n.  10:   9.761584 eV  f = 0.0000  <S**2> = 2.0000
 -------------------------------------------------------------
  3 ->   6 =   0.082970
  3 ->   9 =   0.197422
  3 ->  10 =  -0.673300

Thomas-Reiche-Kuhn sum rule =   0.000000


 *** dynamical TDA activated ***

 ---------------------------------------------------------------------------------------------------
  First-order dynamical correction to static Bethe-Salpeter excitation energies                     
 ---------------------------------------------------------------------------------------------------
  BSE neutral excitation must be lower than the GW gap =   6.499275 eV
 ---------------------------------------------------------------------------------------------------
      #          Static (eV)         Dynamic (eV)      Correction (eV)         Renorm. (eV)
 ---------------------------------------------------------------------------------------------------
      1                 NaN                 NaN                 NaN                 NaN
      2                 NaN                 NaN                 NaN                 NaN
      3            2.869531            2.966073            0.096542            0.988233
      4            2.869531            2.966073            0.096542            0.988233
      5            3.562931            3.376273           -0.186658            1.017768
      6            3.562931            3.376273           -0.186658            1.017768
      7            4.098409            4.251305            0.152896            0.973035
      8            5.002711            4.939406           -0.063305            0.995036
      9            9.761584            9.856278            0.094694            0.989666
     10            9.761584            9.856278            0.094694            0.989666
 ---------------------------------------------------------------------------------------------------


 -------------------------------------------------------------------------------
          Tr@BSE@G0W0 correlation energy (singlet) =       -0.1264459617
          Tr@BSE@G0W0 correlation energy (triplet) =                 NaN
          Tr@BSE@G0W0 correlation energy           =                 NaN
          Tr@BSE@G0W0 total energy                 =                 NaN
 -------------------------------------------------------------------------------

                                       Total CPU time for G0W0 =      0.063 seconds


 ************************************************
 |          One-shot G0T0 calculation           |
 ************************************************


 -------------------------------------------------------------
   pp-RPA (N+2) calculation: alpha-beta     manifold
 -------------------------------------------------------------
 | State |  Excitation energy (au) |  Excitation energy (eV) |
 -------------------------------------------------------------
 |     1 |                0.082746 |                2.251632 |
 |     2 |                0.138498 |                3.768728 |
 |     3 |                0.138498 |                3.768728 |
 |     4 |                0.178660 |                4.861589 |
 |     5 |                0.178660 |                4.861589 |
 |     6 |                0.206259 |                5.612603 |
 |     7 |                0.260729 |                7.094787 |
 |     8 |                0.281888 |                7.670560 |
 |     9 |                0.281888 |                7.670560 |
 |    10 |                0.301847 |                8.213664 |
 |    11 |                0.313840 |                8.540019 |
 |    12 |                0.333807 |                9.083342 |
 |    13 |                0.333807 |                9.083342 |
 |    14 |                0.348919 |                9.494562 |
 |    15 |                0.348919 |                9.494562 |
 |    16 |                0.380255 |               10.347268 |
 |    17 |                0.409088 |               11.131844 |
 |    18 |                0.431447 |               11.740283 |
 |    19 |                0.431447 |               11.740283 |
 |    20 |                0.433422 |               11.794007 |
 -------------------------------------------------------------


 -------------------------------------------------------------
   pp-RPA (N-2) calculation: alpha-beta     manifold
 -------------------------------------------------------------
 | State |  Excitation energy (au) |  Excitation energy (eV) |
 -------------------------------------------------------------
 |     1 |              -12.035635 |             -327.506309 |
 |     2 |               -5.616786 |             -152.840530 |
 |     3 |               -5.595945 |             -152.273412 |
 |     4 |               -5.427522 |             -147.690409 |
 |     5 |               -5.425462 |             -147.634329 |
 |     6 |               -1.058501 |              -28.803268 |
 |     7 |               -1.028188 |              -27.978419 |
 |     8 |               -0.833151 |              -22.671189 |
 |     9 |               -0.830565 |              -22.600837 |
 -------------------------------------------------------------


 -------------------------------------------------------------
   pp-RPA (N+2) calculation: alpha-alpha    manifold
 -------------------------------------------------------------
 | State |  Excitation energy (au) |  Excitation energy (eV) |
 -------------------------------------------------------------
 |     1 |                0.138498 |                3.768728 |
 |     2 |                0.138498 |                3.768728 |
 |     3 |                0.206259 |                5.612603 |
 |     4 |                0.260729 |                7.094787 |
 |     5 |                0.333807 |                9.083342 |
 |     6 |                0.333807 |                9.083342 |
 |     7 |                0.380255 |               10.347268 |
 |     8 |                0.431447 |               11.740283 |
 |     9 |                0.431447 |               11.740283 |
 |    10 |                0.488891 |               13.303397 |
 |    11 |                0.498840 |               13.574124 |
 |    12 |                0.498840 |               13.574124 |
 |    13 |                0.527219 |               14.346361 |
 |    14 |                0.527219 |               14.346361 |
 |    15 |                0.543381 |               14.786157 |
 |    16 |                0.568925 |               15.481225 |
 |    17 |                0.576508 |               15.687578 |
 |    18 |                0.584546 |               15.906305 |
 |    19 |                0.584546 |               15.906305 |
 |    20 |                0.636814 |               17.328589 |
 -------------------------------------------------------------


 -------------------------------------------------------------
   pp-RPA (N-2) calculation: alpha-alpha    manifold
 -------------------------------------------------------------
 | State |  Excitation energy (au) |  Excitation energy (eV) |
 -------------------------------------------------------------
 |     1 |               -5.595945 |             -152.273412 |
 |     2 |               -5.425462 |             -147.634329 |
 |     3 |               -0.830565 |              -22.600837 |
 -------------------------------------------------------------

 -------------------------------------------------------------------------------
   One-shot G0T0 calculation (T-matrix self-energy)  
 -------------------------------------------------------------------------------
 |   # |       e_HF (eV) |    Sigma_T (eV) |               Z |       e_QP (eV) |
 -------------------------------------------------------------------------------
 |   1 |     -132.772016 |        4.249318 |        0.841601 |     -129.195787 |
 |   2 |      -10.212156 |        0.203134 |        0.945474 |      -10.020098 |
 |   3 |       -8.457156 |        0.070268 |        0.955461 |       -8.390018 |
 |   4 |       -1.955497 |       -0.419229 |        0.963702 |       -2.359508 |
 |   5 |        0.614405 |       -0.740364 |        0.966335 |       -0.101035 |
 |   6 |        0.614405 |       -0.740364 |        0.966335 |       -0.101035 |
 |   7 |        2.676226 |       -0.875119 |        0.938818 |        1.854649 |
 |   8 |        7.465294 |       -0.636161 |        0.960534 |        6.854240 |
 |   9 |        7.806495 |       -1.104802 |        0.939358 |        6.768691 |
 |  10 |        7.806495 |       -1.104802 |        0.939358 |        6.768691 |
 |  11 |        9.442678 |       -0.873018 |        0.919567 |        8.639879 |
 |  12 |       15.648710 |       -1.402278 |        0.827722 |       14.488013 |
 |  13 |       15.648710 |       -1.402278 |        0.827722 |       14.488013 |
 |  14 |       15.939675 |       -1.012097 |        0.894807 |       15.034044 |
 |  15 |       15.939675 |       -1.012097 |        0.894807 |       15.034044 |
 |  16 |       16.707747 |       -4.888131 |        0.065364 |       16.388237 |
 |  17 |       19.868971 |       -1.974748 |        0.856454 |       18.177691 |
 |  18 |       20.483456 |       -2.406643 |        0.141022 |       20.144065 |
 |  19 |       30.111550 |       -0.802199 |        0.212245 |       29.941288 |
 |  20 |       41.594511 |       -3.140595 |        0.710722 |       39.362421 |
 |  21 |       41.594511 |       -3.140595 |        0.710722 |       39.362421 |
 |  22 |       41.735628 |       -3.205842 |        0.812330 |       39.131425 |
 |  23 |       41.735628 |       -3.205842 |        0.812330 |       39.131425 |
 |  24 |       43.383140 |       -2.445227 |        0.181897 |       42.938361 |
 |  25 |       44.316378 |       -2.808725 |        0.377282 |       43.256696 |
 -------------------------------------------------------------------------------
             G0T0 HOMO      energy (eV)            =      -8.390018 eV
             G0T0 LUMO      energy (eV)            =      -2.359508 eV
             G0T0 HOMO-LUMO gap    (eV)            =       6.030510 eV
 -------------------------------------------------------------------------------
        Tr@ppRPA@G0T0 correlation energy (singlet) =       -0.0396808628 au
        Tr@ppRPA@G0T0 correlation energy (triplet) =       -0.0025588663 au
        Tr@ppRPA@G0T0 correlation energy           =       -0.0422397292 au
        Tr@ppRPA@G0T0 total energy                 =      -15.5095109065 au
              GM@G0T0 correlation energy           =       -0.0631153641 au
              GM@G0T0 total energy                 =      -15.5303865415 au
 -------------------------------------------------------------------------------


 -------------------------------------------------------------
   BSE@GT       calculation: singlet        manifold
 -------------------------------------------------------------
 | State |  Excitation energy (au) |  Excitation energy (eV) |
 -------------------------------------------------------------
 |     1 |                0.118233 |                3.217280 |
 |     2 |                0.123974 |                3.373504 |
 |     3 |                0.123974 |                3.373504 |
 |     4 |                0.130020 |                3.538031 |
 |     5 |                0.179177 |                4.875662 |
 |     6 |                0.179177 |                4.875662 |
 |     7 |                0.197151 |                5.364757 |
 |     8 |                0.246330 |                6.702974 |
 |     9 |                0.373730 |               10.169709 |
 |    10 |                0.373730 |               10.169709 |
 |    11 |                0.375709 |               10.223574 |
 |    12 |                0.400841 |               10.907446 |
 |    13 |                0.400841 |               10.907446 |
 |    14 |                0.413431 |               11.250021 |
 |    15 |                0.461993 |               12.571476 |
 |    16 |                0.482824 |               13.138320 |
 |    17 |                0.643221 |               17.502947 |
 |    18 |                0.643221 |               17.502947 |
 |    19 |                0.663360 |               18.050948 |
 |    20 |                0.663360 |               18.050948 |
 -------------------------------------------------------------

 ---------------------------------------------------------------
                 Transition dipole moment (au)                  
 ---------------------------------------------------------------
  #           X           Y           Z   dip. str.   osc. str.
 ---------------------------------------------------------------
  1   -0.000000   -0.000000    6.389188   40.821722    3.217646
  2    0.000000    0.000000    0.000000    0.000000    0.000000
  3   -0.000000   -0.000000    0.000000    0.000000    0.000000
  4   -0.000000    0.000000   -0.000000    0.000000    0.000000
  5    1.731350    0.396213    0.000000    3.154558    0.376817
  6    0.396213   -1.731350    0.000000    3.154558    0.376817
  7    0.000000    0.000000   -0.000000    0.000000    0.000000
  8    0.000000   -0.000000    0.229309    0.052583    0.008635
  9    0.000000   -0.000000    0.000000    0.000000    0.000000
 10    0.000000    0.000000   -0.000000    0.000000    0.000000
 ---------------------------------------------------------------

 -------------------------------------------------------------
 Excitation n.   1:   3.217280 eV  f = 3.2176  <S**2> = 0.0000
 -------------------------------------------------------------
  2 ->   7 =   0.083966
  3 ->   4 =  -0.741106
  3 <-   4 =  -0.239106

 -------------------------------------------------------------
 Excitation n.   2:   3.373504 eV  f = 0.0000  <S**2> = 0.0000
 -------------------------------------------------------------
  3 ->   5 =   0.545743
  3 ->   6 =  -0.444183

 -------------------------------------------------------------
 Excitation n.   3:   3.373504 eV  f = 0.0000  <S**2> = 0.0000
 -------------------------------------------------------------
  3 ->   5 =  -0.444183
  3 ->   6 =  -0.545743

 -------------------------------------------------------------
 Excitation n.   4:   3.538031 eV  f = 0.0000  <S**2> = 0.0000
 -------------------------------------------------------------
  2 ->   4 =   0.680246
  3 ->   7 =   0.246920
  2 <-   4 =   0.157318

 -------------------------------------------------------------
 Excitation n.   5:   4.875662 eV  f = 0.3768  <S**2> = 0.0000
 -------------------------------------------------------------
  2 ->   5 =  -0.676919
  2 ->   6 =  -0.177951
  2 ->   9 =   0.097568

 -------------------------------------------------------------
 Excitation n.   6:   4.875662 eV  f = 0.3768  <S**2> = 0.0000
 -------------------------------------------------------------
  2 ->   5 =  -0.177951
  2 ->   6 =   0.676919
  2 ->  10 =   0.097568

 -------------------------------------------------------------
 Excitation n.   7:   5.364757 eV  f = 0.0000  <S**2> = 0.0000
 -------------------------------------------------------------
  2 ->   4 =   0.249869
  3 ->   7 =  -0.660017

 -------------------------------------------------------------
 Excitation n.   8:   6.702974 eV  f = 0.0086  <S**2> = 0.0000
 -------------------------------------------------------------
  2 ->   7 =   0.694199
  2 ->  11 =   0.072921
  3 ->   4 =   0.081918

 -------------------------------------------------------------
 Excitation n.   9:  10.169709 eV  f = 0.0000  <S**2> = 0.0000
 -------------------------------------------------------------
  3 ->   9 =   0.355249
  3 ->  10 =   0.607510

 -------------------------------------------------------------
 Excitation n.  10:  10.169709 eV  f = 0.0000  <S**2> = 0.0000
 -------------------------------------------------------------
  3 ->   9 =   0.607510
  3 ->  10 =  -0.355249

Thomas-Reiche-Kuhn sum rule =   3.979914


 *** dynamical TDA activated ***

 ---------------------------------------------------------------------------------------------------
  First-order dynamical correction to static Bethe-Salpeter excitation energies                     
 ---------------------------------------------------------------------------------------------------
  BSE neutral excitation must be lower than the GT gap =   6.030510 eV
 ---------------------------------------------------------------------------------------------------
      #          Static (eV)         Dynamic (eV)      Correction (eV)         Renorm. (eV)
 ---------------------------------------------------------------------------------------------------
      1            3.217280            2.967703           -0.249577            1.001654
      2            3.373504            3.310828           -0.062676            1.002554
      3            3.373504            3.310828           -0.062676            1.002554
      4            3.538031            3.517690           -0.020340            0.979720
      5            4.875662            5.009477            0.133814            0.996836
      6            4.875662            5.009477            0.133814            0.996836
      7            5.364757            6.285624            0.920867            0.976639
      8            6.702974            6.748335            0.045361            1.001126
      9           10.169709           10.143047           -0.026662            1.003057
     10           10.169709           10.143047           -0.026662            1.003057
 ---------------------------------------------------------------------------------------------------

 You may have instabilities in linear response: A-B is not positive definite!!
 Problem in diagonalize_matrix (dsyev)!!

 -------------------------------------------------------------
   BSE@GT       calculation: triplet        manifold
 -------------------------------------------------------------
 | State |  Excitation energy (au) |  Excitation energy (eV) |
 -------------------------------------------------------------
 |     1 |                     NaN |                     NaN |
 |     2 |                     NaN |                     NaN |
 |     3 |                     NaN |                     NaN |
 |     4 |                     NaN |                     NaN |
 |     5 |                     NaN |                     NaN |
 |     6 |                     NaN |                     NaN |
 |     7 |                     NaN |                     NaN |
 |     8 |                     NaN |                     NaN |
 |     9 |                     NaN |                     NaN |
 |    10 |                     NaN |                     NaN |
 |    11 |                     NaN |                     NaN |
 |    12 |                     NaN |                     NaN |
 |    13 |                     NaN |                     NaN |
 |    14 |                     NaN |                     NaN |
 |    15 |                     NaN |                     NaN |
 |    16 |                     NaN |                     NaN |
 |    17 |                     NaN |                     NaN |
 |    18 |                     NaN |                     NaN |
 |    19 |                     NaN |                     NaN |
 |    20 |                     NaN |                     NaN |
 -------------------------------------------------------------

 -------------------------------------------------------------
 Excitation n.   1:        NaN eV  f = 0.0000  <S**2> = 2.0000
 -------------------------------------------------------------

 -------------------------------------------------------------
 Excitation n.   2:        NaN eV  f = 0.0000  <S**2> = 2.0000
 -------------------------------------------------------------

 -------------------------------------------------------------
 Excitation n.   3:        NaN eV  f = 0.0000  <S**2> = 2.0000
 -------------------------------------------------------------

 -------------------------------------------------------------
 Excitation n.   4:        NaN eV  f = 0.0000  <S**2> = 2.0000
 -------------------------------------------------------------

 -------------------------------------------------------------
 Excitation n.   5:        NaN eV  f = 0.0000  <S**2> = 2.0000
 -------------------------------------------------------------

 -------------------------------------------------------------
 Excitation n.   6:        NaN eV  f = 0.0000  <S**2> = 2.0000
 -------------------------------------------------------------

 -------------------------------------------------------------
 Excitation n.   7:        NaN eV  f = 0.0000  <S**2> = 2.0000
 -------------------------------------------------------------

 -------------------------------------------------------------
 Excitation n.   8:        NaN eV  f = 0.0000  <S**2> = 2.0000
 -------------------------------------------------------------

 -------------------------------------------------------------
 Excitation n.   9:        NaN eV  f = 0.0000  <S**2> = 2.0000
 -------------------------------------------------------------

 -------------------------------------------------------------
 Excitation n.  10:        NaN eV  f = 0.0000  <S**2> = 2.0000
 -------------------------------------------------------------

Thomas-Reiche-Kuhn sum rule =   0.000000


 *** dynamical TDA activated ***

 ---------------------------------------------------------------------------------------------------
  First-order dynamical correction to static Bethe-Salpeter excitation energies                     
 ---------------------------------------------------------------------------------------------------
  BSE neutral excitation must be lower than the GT gap =   6.030510 eV
 ---------------------------------------------------------------------------------------------------
      #          Static (eV)         Dynamic (eV)      Correction (eV)         Renorm. (eV)
 ---------------------------------------------------------------------------------------------------
      1                 NaN                 NaN                 NaN                 NaN
      2                 NaN                 NaN                 NaN                 NaN
      3                 NaN                 NaN                 NaN                 NaN
      4                 NaN                 NaN                 NaN                 NaN
      5                 NaN                 NaN                 NaN                 NaN
      6                 NaN                 NaN                 NaN                 NaN
      7                 NaN                 NaN                 NaN                 NaN
      8                 NaN                 NaN                 NaN                 NaN
      9                 NaN                 NaN                 NaN                 NaN
     10                 NaN                 NaN                 NaN                 NaN
 ---------------------------------------------------------------------------------------------------


 -------------------------------------------------------------------------------
          Tr@BSE@G0T0 correlation energy (singlet) =       -0.0229874640 au
          Tr@BSE@G0T0 correlation energy (triplet) =                 NaN au
          Tr@BSE@G0T0 correlation energy           =                 NaN au
          Tr@BSE@G0T0 total energy                 =                 NaN au
 -------------------------------------------------------------------------------

                                       Total CPU time for G0T0 =      2.687 seconds

                                      Total CPU time for QuAcK =      4.224 seconds

