78 significant shell pairs computed in 0.000104 seconds
0
Computed Electron repulsion integrals Integrals in parallel in 0.305007 seconds

 ******************************************************************************************
 *            QuAcK                       QuAcK                         QuAcK             *
 *   __        __        __       __        __        __       __        __        __     *
 * <(o )___  <(o )___  <(o )___ <(o )___  <(o )___  <(o )___ <(o )___  <(o )___  <(o )___ *
 * ( ._> /   ( ._> /   ( ._> /  ( ._> /   ( ._> /   ( ._> /  ( ._> /   ( ._> /   ( ._> /  *
 *|--------------------------------------------------------------------------------------|*
 ******************************************************************************************

      ----------------------
             Number of atoms                3
      ----------------------

      ----------------------
Number of spin-up   electron                3
Number of spin-down electron                3
    Total number of electron                6
      ----------------------

      ----------------------
Number of core      electron                0
Number of Rydberg   electron                0
      ----------------------

          ------------------
          Molecular geometry
          ------------------
                    Atom n.                 1
                        Z =      4.0000000000
           Atom coordinates:     0.0000000000    0.0000000000    0.0000000000
                    Atom n.                 2
                        Z =      1.0000000000
           Atom coordinates:     0.0000000000    0.0000000000    5.1022605387
                    Atom n.                 3
                        Z =      1.0000000000
           Atom coordinates:     0.0000000000    0.0000000000   -5.1022605387

          ------------------
 Nuclear repulsion energy =      1.6659282558
          ------------------

          Gaussian basis set
          ------------------
                    Atom n.                 1
           number of shells                 6
          ------------------
      s-type shell with K =                 9
                                    Exponents     Contraction
                              2940.0000000000    0.0006800000
                               441.2000000000    0.0052360000
                               100.5000000000    0.0266060000
                                28.4300000000    0.0999930000
                                 9.1690000000    0.2697020000
                                 3.1960000000    0.4514690000
                                 1.1590000000    0.2950740000
                                 0.1811000000    0.0125870000
                                 0.0589000000   -0.0037560000
      s-type shell with K =                 9
                                    Exponents     Contraction
                              2940.0000000000   -0.0001230000
                               441.2000000000   -0.0009660000
                               100.5000000000   -0.0048310000
                                28.4300000000   -0.0193140000
                                 9.1690000000   -0.0532800000
                                 3.1960000000   -0.1207230000
                                 1.1590000000   -0.1334350000
                                 0.1811000000    0.5307670000
                                 0.0589000000    0.5801170000
      s-type shell with K =                 1
                                    Exponents     Contraction
                                 0.0589000000    1.0000000000
      p-type shell with K =                 4
                                    Exponents     Contraction
                                 3.6190000000    0.0291110000
                                 0.7110000000    0.1693650000
                                 0.1951000000    0.5134580000
                                 0.0601800000    0.4793380000
      p-type shell with K =                 1
                                    Exponents     Contraction
                                 0.0601800000    1.0000000000
      d-type shell with K =                 1
                                    Exponents     Contraction
                                 0.2354000000    1.0000000000
          ------------------
                    Atom n.                 2
           number of shells                 3
          ------------------
      s-type shell with K =                 4
                                    Exponents     Contraction
                                13.0100000000    0.0196850000
                                 1.9620000000    0.1379770000
                                 0.4446000000    0.4781480000
                                 0.1220000000    0.5012400000
      s-type shell with K =                 1
                                    Exponents     Contraction
                                 0.1220000000    1.0000000000
      p-type shell with K =                 1
                                    Exponents     Contraction
                                 0.7270000000    1.0000000000
          ------------------
                    Atom n.                 3
           number of shells                 3
          ------------------
      s-type shell with K =                 4
                                    Exponents     Contraction
                                13.0100000000    0.0196850000
                                 1.9620000000    0.1379770000
                                 0.4446000000    0.4781480000
                                 0.1220000000    0.5012400000
      s-type shell with K =                 1
                                    Exponents     Contraction
                                 0.1220000000    1.0000000000
      p-type shell with K =                 1
                                    Exponents     Contraction
                                 0.7270000000    1.0000000000
          ------------------
            Number of shells               12
          ------------------

          ------------------
   Number of basis functions               25
          ------------------

 Scaling integrals by    1.0000000000000000     

                          Total CPU time for reading integrals =      0.024 seconds


 ************************************************
 |    Restricted Hartree-Fock calculation       |
 ************************************************


 ----------------------------------------------------
 | RHF calculation                                  |
 ----------------------------------------------------
 |   # |        HF energy |       Conv |     HL Gap |
 ----------------------------------------------------
 |   1 |   -15.1991779171 |   0.216327 |   1.083329 |
 |   2 |   -15.3008449058 |   0.171761 |   1.154632 |
 |   3 |   -15.3668374004 |   0.123411 |   1.198365 |
 |   4 |   -15.4083105321 |   0.101140 |   1.222720 |
 |   5 |   -15.4343552486 |   0.081789 |   1.235982 |
 |   6 |   -15.4509427793 |   0.064670 |   1.243075 |
 |   7 |   -15.4617192123 |   0.050661 |   1.246918 |
 |   8 |   -15.4688693385 |   0.039639 |   1.249106 |
 |   9 |   -15.4737089507 |   0.031123 |   1.250464 |
 |  10 |   -15.4770437412 |   0.024586 |   1.251408 |
 |  11 |   -15.4793778795 |   0.019565 |   1.252137 |
 |  12 |   -15.4810341781 |   0.015693 |   1.252749 |
 |  13 |   -15.4822238994 |   0.012686 |   1.253286 |
 |  14 |   -15.4830880351 |   0.010333 |   1.253768 |
 |  15 |   -15.4837222784 |   0.008476 |   1.254203 |
 |  16 |   -15.4841925058 |   0.006998 |   1.254596 |
 |  17 |   -15.4845446104 |   0.005813 |   1.254950 |
 |  18 |   -15.4848108877 |   0.004854 |   1.255266 |
 |  19 |   -15.4850142648 |   0.004072 |   1.255548 |
 |  20 |   -15.4851711468 |   0.003430 |   1.255798 |
 |  21 |   -15.4852933592 |   0.002900 |   1.256019 |
 |  22 |   -15.4853894883 |   0.002460 |   1.256213 |
 |  23 |   -15.4854658136 |   0.002092 |   1.256383 |
 |  24 |   -15.4855269618 |   0.001784 |   1.256532 |
 |  25 |   -15.4855763685 |   0.001524 |   1.256662 |
 |  26 |   -15.4856166055 |   0.001304 |   1.256776 |
 |  27 |   -15.4856496142 |   0.001117 |   1.256874 |
 |  28 |   -15.4856768731 |   0.000959 |   1.256960 |
 |  29 |   -15.4856995185 |   0.000824 |   1.257035 |
 |  30 |   -15.4857184315 |   0.000708 |   1.257099 |
 |  31 |   -15.4857343017 |   0.000609 |   1.257155 |
 |  32 |   -15.4857476737 |   0.000525 |   1.257204 |
 |  33 |   -15.4857589813 |   0.000452 |   1.257246 |
 |  34 |   -15.4857685731 |   0.000390 |   1.257283 |
 |  35 |   -15.4857767314 |   0.000336 |   1.257314 |
 |  36 |   -15.4857836867 |   0.000290 |   1.257342 |
 |  37 |   -15.4857896281 |   0.000250 |   1.257365 |
 |  38 |   -15.4857947121 |   0.000216 |   1.257386 |
 |  39 |   -15.4857990688 |   0.000186 |   1.257403 |
 |  40 |   -15.4858028069 |   0.000161 |   1.257419 |
 |  41 |   -15.4858060177 |   0.000139 |   1.257432 |
 |  42 |   -15.4858087780 |   0.000120 |   1.257443 |
 |  43 |   -15.4858111529 |   0.000104 |   1.257453 |
 |  44 |   -15.4858131975 |   0.000089 |   1.257462 |
 |  45 |   -15.4858149588 |   0.000077 |   1.257469 |
 |  46 |   -15.4858164768 |   0.000067 |   1.257476 |
 |  47 |   -15.4858177855 |   0.000058 |   1.257481 |
 |  48 |   -15.4858189143 |   0.000050 |   1.257486 |
 |  49 |   -15.4858198882 |   0.000043 |   1.257490 |
 |  50 |   -15.4858207286 |   0.000037 |   1.257494 |
 |  51 |   -15.4858214540 |   0.000032 |   1.257497 |
 |  52 |   -15.4858220802 |   0.000028 |   1.257499 |
 |  53 |   -15.4858226210 |   0.000024 |   1.257502 |
 |  54 |   -15.4858230879 |   0.000021 |   1.257504 |
 |  55 |   -15.4858234912 |   0.000018 |   1.257505 |
 |  56 |   -15.4858238396 |   0.000016 |   1.257507 |
 |  57 |   -15.4858241405 |   0.000013 |   1.257508 |
 |  58 |   -15.4858244004 |   0.000012 |   1.257509 |
 |  59 |   -15.4858246250 |   0.000010 |   1.257510 |
 |  60 |   -15.4858248190 |   0.000009 |   1.257511 |
 |  61 |   -15.4858249867 |   0.000007 |   1.257512 |
 |  62 |   -15.4858251315 |   0.000006 |   1.257512 |
 |  63 |   -15.4858252567 |   0.000006 |   1.257513 |
 |  64 |   -15.4858253648 |   0.000005 |   1.257513 |
 |  65 |   -15.4858254583 |   0.000004 |   1.257514 |
 |  66 |   -15.4858255391 |   0.000004 |   1.257514 |
 |  67 |   -15.4858256089 |   0.000003 |   1.257514 |
 |  68 |   -15.4858256692 |   0.000003 |   1.257515 |
 |  69 |   -15.4858257213 |   0.000002 |   1.257515 |
 |  70 |   -15.4858257664 |   0.000002 |   1.257515 |
 |  71 |   -15.4858258053 |   0.000002 |   1.257515 |
 |  72 |   -15.4858258389 |   0.000002 |   1.257515 |
 |  73 |   -15.4858258680 |   0.000001 |   1.257515 |
 |  74 |   -15.4858258931 |   0.000001 |   1.257516 |
 |  75 |   -15.4858259148 |   0.000001 |   1.257516 |
 |  76 |   -15.4858259336 |   0.000001 |   1.257516 |
 |  77 |   -15.4858259498 |   0.000001 |   1.257516 |
 |  78 |   -15.4858259639 |   0.000001 |   1.257516 |
 |  79 |   -15.4858259760 |   0.000001 |   1.257516 |
 |  80 |   -15.4858259864 |   0.000000 |   1.257516 |
 |  81 |   -15.4858259955 |   0.000000 |   1.257516 |
 |  82 |   -15.4858260033 |   0.000000 |   1.257516 |
 |  83 |   -15.4858260101 |   0.000000 |   1.257516 |
 |  84 |   -15.4858260159 |   0.000000 |   1.257516 |
 |  85 |   -15.4858260210 |   0.000000 |   1.257516 |
 |  86 |   -15.4858260253 |   0.000000 |   1.257516 |
 |  87 |   -15.4858260291 |   0.000000 |   1.257516 |
 |  88 |   -15.4858260324 |   0.000000 |   1.257516 |
 |  89 |   -15.4858260352 |   0.000000 |   1.257516 |
 |  90 |   -15.4858260376 |   0.000000 |   1.257516 |
 |  91 |   -15.4858259824 |   0.000000 |   0.257516 |
 ----------------------------------------------------

         -----------------------------------------
           Summary              
         -----------------------------------------
           One-electron energy:    -23.1561138117 au
           Kinetic      energy:     14.9615086400 au
           Potential    energy:    -38.1176224517 au
         -----------------------------------------
           Two-electron energy:      6.0043595735 au
           Hartree      energy:      9.0740792161 au
           Exchange     energy:     -3.0697196426 au
         -----------------------------------------
           Electronic   energy:    -17.1517542382 au
           Nuclear   repulsion:      1.6659282558 au
           RHF          energy:    -15.4858259824 au
         -----------------------------------------
           HF HOMO      energy:         -8.641000 eV
           HF LUMO      energy:         -1.633626 eV
           HF HOMO-LUMO gap   :          7.007373 eV
         -----------------------------------------
          Dipole moment (Debye)    
                   X         Y         Z      Tot.
            0.000000 -0.000000 -0.000000  0.000000
         -----------------------------------------

           ---------------------------------------
                 MO coefficients
           ---------------------------------------
                 1              2              3              4              5
      1     1.00045154     0.00548726     0.00000000     0.00567829     0.00000000
      2     0.00446980    -0.69356605     0.00000000     0.76836825     0.00000000
      3    -0.00095246     0.01181190     0.00000000     0.04854086     0.00000000
      4     0.00000000     0.00000000     0.00000000     0.00000000     0.32308433
      5     0.00000000     0.00000000     0.00000000     0.00000000     0.52411137
      6     0.00000000     0.00000000    -0.33389505     0.00000000     0.00000000
      7     0.00000000     0.00000000     0.00000000     0.00000000     0.22050042
      8     0.00000000     0.00000000     0.00000000     0.00000000     0.35769848
      9     0.00000000     0.00000000    -0.07764020     0.00000000     0.00000000
     10    -0.00174297     0.01343666     0.00000000     0.01506109     0.00000000
     11     0.00000000     0.00000000     0.00000000     0.00000000     0.00000000
     12     0.00000000     0.00000000     0.00000000     0.00000000     0.00000000
     13    -0.00174297     0.01343666     0.00000000     0.01506109     0.00000000
     14     0.00000000     0.00000000     0.00000000     0.00000000     0.00000000
     15    -0.00171941    -0.03398977     0.00000000    -0.04152785     0.00000000
     16     0.00013575    -0.33232905    -0.45352652    -0.38523899     0.00000000
     17     0.00022572    -0.06574457    -0.07742227    -0.25114804     0.00000000
     18     0.00000000     0.00000000     0.00000000     0.00000000     0.00307166
     19     0.00000000     0.00000000     0.00000000     0.00000000     0.00498289
     20    -0.00001936     0.00862399     0.00639936    -0.00491758     0.00000000
     21     0.00013575    -0.33232905     0.45352652    -0.38523899     0.00000000
     22     0.00022572    -0.06574457     0.07742227    -0.25114804     0.00000000
     23     0.00000000     0.00000000     0.00000000     0.00000000     0.00307166
     24     0.00000000     0.00000000     0.00000000     0.00000000     0.00498289
     25     0.00001936    -0.00862399     0.00639936     0.00491758     0.00000000
                 6              7              8              9             10
      1     0.00000000     0.00000000    -0.60300086     0.00000000     0.00000000
      2     0.00000000     0.00000000    -2.96750524     0.00000000     0.00000000
      3     0.00000000     0.00000000     3.77435347     0.00000000     0.00000000
      4    -0.52411137     0.00000000     0.00000000    -1.81932379    -0.27070256
      5     0.32308433     0.00000000     0.00000000    -0.27070256     1.81932379
      6     0.00000000     0.86431837     0.00000000     0.00000000     0.00000000
      7    -0.35769848     0.00000000     0.00000000     1.87200075     0.27854052
      8     0.22050042     0.00000000     0.00000000     0.27854052    -1.87200075
      9     0.00000000     0.34817254     0.00000000     0.00000000     0.00000000
     10     0.00000000     0.00000000    -0.17973178     0.00000000     0.00000000
     11     0.00000000     0.00000000     0.00000000     0.00000000     0.00000000
     12     0.00000000     0.00000000     0.00000000     0.00000000     0.00000000
     13     0.00000000     0.00000000    -0.17973178     0.00000000     0.00000000
     14     0.00000000     0.00000000     0.00000000     0.00000000     0.00000000
     15     0.00000000     0.00000000    -0.28700138     0.00000000     0.00000000
     16     0.00000000    -0.26736126    -0.04945293     0.00000000     0.00000000
     17     0.00000000    -0.43109811    -0.23974096     0.00000000     0.00000000
     18    -0.00498289     0.00000000     0.00000000     0.00584627     0.00086988
     19     0.00307166     0.00000000     0.00000000     0.00086988    -0.00584627
     20     0.00000000    -0.01638668     0.01387011     0.00000000     0.00000000
     21     0.00000000     0.26736126    -0.04945293     0.00000000     0.00000000
     22     0.00000000     0.43109811    -0.23974096     0.00000000     0.00000000
     23    -0.00498289     0.00000000     0.00000000     0.00584627     0.00086988
     24     0.00307166     0.00000000     0.00000000     0.00086988    -0.00584627
     25     0.00000000    -0.01638668    -0.01387011     0.00000000     0.00000000
                11             12             13             14             15
      1     0.00000000     0.00000000     0.00000000     0.00000000     0.00000000
      2     0.00000000     0.00000000     0.00000000     0.00000000     0.00000000
      3     0.00000000     0.00000000     0.00000000     0.00000000     0.00000000
      4     0.00000000     0.00000000     0.00000000     0.00000000     0.00000000
      5     0.00000000     0.00000000     0.00000000     0.00000000     0.00000000
      6     1.81364762     0.00000000     0.00000000     0.00000000     0.00000000
      7     0.00000000     0.00000000     0.00000000     0.00000000     0.00000000
      8     0.00000000     0.00000000     0.00000000     0.00000000     0.00000000
      9    -2.54604000     0.00000000     0.00000000     0.00000000     0.00000000
     10     0.00000000     0.86602497     0.00086430     0.00000000     0.00000000
     11     0.00000000    -0.00099801     0.99999950     0.00000000     0.00000000
     12     0.00000000     0.00000000     0.00000000     0.02866307     0.99664698
     13     0.00000000    -0.86602497    -0.00086430     0.00000000     0.00000000
     14     0.00000000     0.00000000     0.00000000     0.99664698    -0.02866307
     15     0.00000000     0.00000000     0.00000000     0.00000000     0.00000000
     16     0.08268283     0.00000000     0.00000000     0.00000000     0.00000000
     17     0.52806924     0.00000000     0.00000000     0.00000000     0.00000000
     18     0.00000000     0.00000000     0.00000000     0.00099785     0.03469629
     19     0.00000000     0.00000000     0.00000000     0.03469629    -0.00099785
     20    -0.01174899     0.00000000     0.00000000     0.00000000     0.00000000
     21    -0.08268283     0.00000000     0.00000000     0.00000000     0.00000000
     22    -0.52806924     0.00000000     0.00000000     0.00000000     0.00000000
     23     0.00000000     0.00000000     0.00000000    -0.00099785    -0.03469629
     24     0.00000000     0.00000000     0.00000000    -0.03469629     0.00099785
     25    -0.01174899     0.00000000     0.00000000     0.00000000     0.00000000
                16             17             18             19             20
      1     0.11262421     0.13096809     0.00000000     0.43425052     0.00000000
      2     0.56426349     0.66299457     0.00000000     4.14272098     0.00000000
      3    -0.67306428    -0.85170328     0.00000000    -1.06617488     0.00000000
      4     0.00000000     0.00000000     0.00000000     0.00000000     0.00000000
      5     0.00000000     0.00000000     0.00000000     0.00000000     0.00000000
      6     0.00000000     0.00000000    -0.10768155     0.00000000     0.00000000
      7     0.00000000     0.00000000     0.00000000     0.00000000     0.00000000
      8     0.00000000     0.00000000     0.00000000     0.00000000     0.00000000
      9     0.00000000     0.00000000     0.74122739     0.00000000     0.00000000
     10     0.48657558     0.03432389     0.00000000    -1.50280304     0.00000000
     11     0.00000000     0.00000000     0.00000000     0.00000000     0.00000000
     12     0.00000000     0.00000000     0.00000000     0.00000000    -0.08036546
     13     0.48657558     0.03432389     0.00000000    -1.50280304     0.00000000
     14     0.00000000     0.00000000     0.00000000     0.00000000    -0.02584835
     15    -0.98873052    -0.33112335     0.00000000    -1.31073475     0.00000000
     16     0.25419398    -1.59848203     1.64841386     0.13648368     0.00000000
     17     0.00154056     1.83034270    -2.04788515    -0.25725136     0.00000000
     18     0.00000000     0.00000000     0.00000000     0.00000000     0.67275612
     19     0.00000000     0.00000000     0.00000000     0.00000000     0.21638193
     20     0.09890593     0.05244744    -0.04704405     0.08541704     0.00000000
     21     0.25419398    -1.59848203    -1.64841386     0.13648368     0.00000000
     22     0.00154056     1.83034270     2.04788515    -0.25725136     0.00000000
     23     0.00000000     0.00000000     0.00000000     0.00000000    -0.67275612
     24     0.00000000     0.00000000     0.00000000     0.00000000    -0.21638193
     25    -0.09890593    -0.05244744    -0.04704405    -0.08541704     0.00000000
                21             22             23             24             25
      1     0.00000000     0.00000000     0.00000000     0.00000000     0.15393940
      2     0.00000000     0.00000000     0.00000000     0.00000000     0.97244700
      3     0.00000000     0.00000000     0.00000000     0.00000000    -0.70953183
      4     0.00000000     0.05583652     0.05400707     0.00000000     0.00000000
      5     0.00000000     0.05400707    -0.05583652     0.00000000     0.00000000
      6     0.00000000     0.00000000     0.00000000    -0.02902468     0.00000000
      7     0.00000000    -0.10476002    -0.10132764     0.00000000     0.00000000
      8     0.00000000    -0.10132764     0.10476002     0.00000000     0.00000000
      9     0.00000000     0.00000000     0.00000000     0.44125079     0.00000000
     10     0.00000000     0.00000000     0.00000000     0.00000000    -0.05499504
     11     0.00000000     0.00000000     0.00000000     0.00000000     0.00000000
     12     0.02584835     0.00000000     0.00000000     0.00000000     0.00000000
     13     0.00000000     0.00000000     0.00000000     0.00000000    -0.05499504
     14    -0.08036546     0.00000000     0.00000000     0.00000000     0.00000000
     15     0.00000000     0.00000000     0.00000000     0.00000000    -0.56470840
     16     0.00000000     0.00000000     0.00000000     0.22752232    -0.15239200
     17     0.00000000     0.00000000     0.00000000    -0.44302138     0.28258075
     18    -0.21638193     0.50972656     0.49302576     0.00000000     0.00000000
     19     0.67275612     0.49302576    -0.50972656     0.00000000     0.00000000
     20     0.00000000     0.00000000     0.00000000     0.72184406    -0.71031734
     21     0.00000000     0.00000000     0.00000000    -0.22752232    -0.15239200
     22     0.00000000     0.00000000     0.00000000     0.44302138     0.28258075
     23     0.21638193     0.50972656     0.49302576     0.00000000     0.00000000
     24    -0.67275612     0.49302576    -0.50972656     0.00000000     0.00000000
     25     0.00000000     0.00000000     0.00000000     0.72184406     0.71031734

           ---------------------------------------
                     MO energies
           ---------------------------------------
                 1
      1    -4.87606450
      2    -0.38008194
      3    -0.31755089
      4    -0.06003467
      5     0.02454029
      6     0.02454029
      7     0.11087773
      8     0.27458114
      9     0.28895780
     10     0.28895780
     11     0.34569512
     12     0.57719335
     13     0.57719335
     14     0.58713166
     15     0.58713166
     16     0.62772320
     17     0.72432090
     18     0.75947416
     19     1.10632320
     20     1.53346597
     21     1.53346597
     22     1.53766640
     23     1.53766640
     24     1.60176392
     25     1.66701628

                                        Total CPU time for RHF =      0.759 seconds


 AO to MO transformation... Please be patient

                    Total CPU time for AO to MO transformation =      0.689 seconds


 ************************************************
 |          One-shot G0W0 calculation           |
 ************************************************


 -------------------------------------------------------------
   RPA@HF       calculation: singlet        manifold
 -------------------------------------------------------------
 | State |  Excitation energy (au) |  Excitation energy (eV) |
 -------------------------------------------------------------
 |     1 |                0.351477 |                9.564166 |
 |     2 |                0.351477 |                9.564166 |
 |     3 |                0.366306 |                9.967703 |
 |     4 |                0.373676 |               10.168241 |
 |     5 |                0.458863 |               12.486297 |
 |     6 |                0.458863 |               12.486297 |
 |     7 |                0.552445 |               15.032805 |
 |     8 |                0.563418 |               15.331376 |
 |     9 |                0.600065 |               16.328608 |
 |    10 |                0.611366 |               16.636114 |
 |    11 |                0.611366 |               16.636114 |
 |    12 |                0.663918 |               18.066139 |
 |    13 |                0.700500 |               19.061580 |
 |    14 |                0.700500 |               19.061580 |
 |    15 |                0.722265 |               19.653840 |
 |    16 |                0.753333 |               20.499238 |
 |    17 |                0.898410 |               24.446979 |
 |    18 |                0.898410 |               24.446979 |
 |    19 |                0.937208 |               25.502742 |
 |    20 |                0.937208 |               25.502742 |
 -------------------------------------------------------------

  *** Quasiparticle energies obtained by linearization *** 

 -------------------------------------------------------------------------------
   One-shot G0W0 calculation
 -------------------------------------------------------------------------------
 |   # |       e_HF (eV) |      Sig_c (eV) |               Z |       e_QP (eV) |
 -------------------------------------------------------------------------------
 |   1 |     -132.684473 |        4.678052 |        0.828717 |     -128.807692 |
 |   2 |      -10.342556 |       -0.061598 |        0.889817 |      -10.397368 |
 |   3 |       -8.641000 |       -0.345059 |        0.911618 |       -8.955562 |
 |   4 |       -1.633626 |       -0.426972 |        0.923083 |       -2.027757 |
 |   5 |        0.667775 |       -0.880955 |        0.946045 |       -0.165648 |
 |   6 |        0.667775 |       -0.880955 |        0.946045 |       -0.165648 |
 |   7 |        3.017137 |       -1.276967 |        0.868112 |        1.908586 |
 |   8 |        7.471733 |       -0.927389 |        0.887389 |        6.648779 |
 |   9 |        7.862942 |       -1.514932 |        0.865938 |        6.551106 |
 |  10 |        7.862942 |       -1.514932 |        0.865938 |        6.551106 |
 |  11 |        9.406843 |       -1.094887 |        0.866880 |        8.457707 |
 |  12 |       15.706231 |       -0.545601 |        0.673822 |       15.338593 |
 |  13 |       15.706231 |       -0.545601 |        0.673822 |       15.338593 |
 |  14 |       15.976666 |      -19.151944 |        0.001104 |       15.955528 |
 |  15 |       15.976666 |      -19.151944 |        0.001104 |       15.955528 |
 |  16 |       17.081218 |       -0.571386 |        0.647085 |       16.711483 |
 |  17 |       19.709776 |       -2.145673 |        0.072772 |       19.553631 |
 |  18 |       20.666344 |       -2.871042 |        0.761892 |       18.478920 |
 |  19 |       30.104588 |        0.871834 |        0.061014 |       30.157782 |
 |  20 |       41.727734 |       -3.722223 |        0.646527 |       39.321217 |
 |  21 |       41.727734 |       -3.722223 |        0.646527 |       39.321217 |
 |  22 |       41.842034 |       -3.820745 |        0.724072 |       39.075540 |
 |  23 |       41.842034 |       -3.820745 |        0.724072 |       39.075540 |
 |  24 |       43.586216 |       -3.048329 |        0.685727 |       41.495893 |
 |  25 |       45.361823 |       -1.948697 |        0.096140 |       45.174475 |
 -------------------------------------------------------------------------------
          G0W0 HOMO      energy:      -8.955562 eV
          G0W0 LUMO      energy:      -2.027757 eV
          G0W0 HOMO-LUMO gap   :       6.927805 eV
 -------------------------------------------------------------------------------
    RPA@G0W0 total energy      :     -15.589033 au
    RPA@G0W0 correlation energy:      -0.103207 au
    GM@G0W0  total energy      :     -15.660566 au
    GM@G0W0  correlation energy:      -0.174740 au
 -------------------------------------------------------------------------------


 -------------------------------------------------------------
   BSE@GW       calculation: singlet        manifold
 -------------------------------------------------------------
 | State |  Excitation energy (au) |  Excitation energy (eV) |
 -------------------------------------------------------------
 |     1 |                0.106787 |                2.905828 |
 |     2 |                0.123259 |                3.354044 |
 |     3 |                0.123259 |                3.354044 |
 |     4 |                0.142187 |                3.869099 |
 |     5 |                0.208435 |                5.671814 |
 |     6 |                0.208435 |                5.671814 |
 |     7 |                0.235245 |                6.401332 |
 |     8 |                0.267450 |                7.277679 |
 |     9 |                0.369753 |               10.061495 |
 |    10 |                0.369753 |               10.061495 |
 |    11 |                0.387230 |               10.537066 |
 |    12 |                0.422185 |               11.488239 |
 |    13 |                0.422185 |               11.488239 |
 |    14 |                0.448852 |               12.213896 |
 |    15 |                0.460425 |               12.528802 |
 |    16 |                0.496528 |               13.511219 |
 |    17 |                0.674669 |               18.358667 |
 |    18 |                0.674669 |               18.358667 |
 |    19 |                0.705100 |               19.186737 |
 |    20 |                0.705100 |               19.186737 |
 -------------------------------------------------------------

 ---------------------------------------------------------------
                 Transition dipole moment (au)                  
 ---------------------------------------------------------------
  #           X           Y           Z   dip. str.   osc. str.
 ---------------------------------------------------------------
  1    0.000000   -0.000000    2.562128    6.564501    0.467337
  2   -0.000000    0.000000   -0.000000    0.000000    0.000000
  3   -0.000000    0.000000    0.000000    0.000000    0.000000
  4   -0.000000   -0.000000    0.000000    0.000000    0.000000
  5   -1.359702    0.824071    0.000000    2.527881    0.351266
  6   -0.824071   -1.359702    0.000000    2.527881    0.351266
  7    0.000000    0.000000    0.000000    0.000000    0.000000
  8   -0.000000    0.000000   -0.553131    0.305954    0.054551
  9   -0.000000    0.000000    0.000000    0.000000    0.000000
 10    0.000000   -0.000000    0.000000    0.000000    0.000000
 ---------------------------------------------------------------

 -------------------------------------------------------------
 Excitation n.   1:   2.905828 eV  f = 0.4673  <S**2> = 0.0000
 -------------------------------------------------------------
  3 ->   4 =   0.796143
  2 <-   7 =  -0.074961
  3 <-   4 =  -0.360488

 -------------------------------------------------------------
 Excitation n.   2:   3.354044 eV  f = 0.0000  <S**2> = 0.0000
 -------------------------------------------------------------
  3 ->   6 =  -0.701131

 -------------------------------------------------------------
 Excitation n.   3:   3.354044 eV  f = 0.0000  <S**2> = 0.0000
 -------------------------------------------------------------
  3 ->   5 =  -0.701131

 -------------------------------------------------------------
 Excitation n.   4:   3.869099 eV  f = 0.0000  <S**2> = 0.0000
 -------------------------------------------------------------
  2 ->   4 =  -0.704897
  3 ->   7 =   0.192679
  2 <-   4 =   0.146786
  3 <-   7 =   0.111192

 -------------------------------------------------------------
 Excitation n.   5:   5.671814 eV  f = 0.3513  <S**2> = 0.0000
 -------------------------------------------------------------
  2 ->   6 =  -0.709204
  2 <-   6 =   0.073137

 -------------------------------------------------------------
 Excitation n.   6:   5.671814 eV  f = 0.3513  <S**2> = 0.0000
 -------------------------------------------------------------
  2 ->   5 =   0.709204
  2 <-   5 =  -0.073137

 -------------------------------------------------------------
 Excitation n.   7:   6.401332 eV  f = 0.0000  <S**2> = 0.0000
 -------------------------------------------------------------
  2 ->   4 =   0.258677
  3 ->   7 =   0.700232
  2 <-   4 =  -0.202231
  3 <-   7 =  -0.136847

 -------------------------------------------------------------
 Excitation n.   8:   7.277679 eV  f = 0.0546  <S**2> = 0.0000
 -------------------------------------------------------------
  2 ->   7 =  -0.712975
  2 <-   7 =   0.071207
  3 <-   4 =   0.075419

 -------------------------------------------------------------
 Excitation n.   9:  10.061495 eV  f = 0.0000  <S**2> = 0.0000
 -------------------------------------------------------------
  3 ->   6 =  -0.076834
  3 ->   9 =   0.692001
  3 ->  10 =   0.113821

 -------------------------------------------------------------
 Excitation n.  10:  10.061495 eV  f = 0.0000  <S**2> = 0.0000
 -------------------------------------------------------------
  3 ->   5 =   0.076834
  3 ->   9 =   0.113821
  3 ->  10 =  -0.692001

Thomas-Reiche-Kuhn sum rule =   1.224421


 *** dynamical TDA activated ***

 ---------------------------------------------------------------------------------------------------
  First-order dynamical correction to static Bethe-Salpeter excitation energies                     
 ---------------------------------------------------------------------------------------------------
  BSE neutral excitation must be lower than the GW gap =   6.927805 eV
 ---------------------------------------------------------------------------------------------------
      #          Static (eV)         Dynamic (eV)      Correction (eV)         Renorm. (eV)
 ---------------------------------------------------------------------------------------------------
      1            2.905828            2.848725           -0.057103            1.013712
      2            3.354044            3.438017            0.083973            0.989857
      3            3.354044            3.438017            0.083973            0.989857
      4            3.869099            3.974276            0.105177            0.989795
      5            5.671814            5.570631           -0.101183            1.016326
      6            5.671814            5.570631           -0.101183            1.016326
      7            6.401332            6.266164           -0.135169            1.044480
      8            7.277679            7.167353           -0.110326            1.019795
      9           10.061495           10.138872            0.077377            0.991568
     10           10.061495           10.138872            0.077377            0.991568
 ---------------------------------------------------------------------------------------------------

 You may have instabilities in linear response: negative excitations!!

 -------------------------------------------------------------
   BSE@GW       calculation: triplet        manifold
 -------------------------------------------------------------
 | State |  Excitation energy (au) |  Excitation energy (eV) |
 -------------------------------------------------------------
 |     1 |                     NaN |                     NaN |
 |     2 |                     NaN |                     NaN |
 |     3 |                0.111047 |                3.021744 |
 |     4 |                0.111047 |                3.021744 |
 |     5 |                0.138053 |                3.756617 |
 |     6 |                0.138053 |                3.756617 |
 |     7 |                0.168214 |                4.577346 |
 |     8 |                0.201933 |                5.494869 |
 |     9 |                0.364357 |                9.914659 |
 |    10 |                0.364357 |                9.914659 |
 |    11 |                0.369645 |               10.058562 |
 |    12 |                0.391052 |               10.641068 |
 |    13 |                0.397117 |               10.806105 |
 |    14 |                0.397117 |               10.806105 |
 |    15 |                0.454880 |               12.377903 |
 |    16 |                0.478966 |               13.033331 |
 |    17 |                0.670995 |               18.258716 |
 |    18 |                0.670995 |               18.258716 |
 |    19 |                0.678105 |               18.452164 |
 |    20 |                0.678105 |               18.452164 |
 -------------------------------------------------------------

 -------------------------------------------------------------
 Excitation n.   1:        NaN eV  f = 0.0000  <S**2> = 2.0000
 -------------------------------------------------------------

 -------------------------------------------------------------
 Excitation n.   2:        NaN eV  f = 0.0000  <S**2> = 2.0000
 -------------------------------------------------------------

 -------------------------------------------------------------
 Excitation n.   3:   3.021744 eV  f = 0.0000  <S**2> = 2.0000
 -------------------------------------------------------------
  3 ->   5 =   0.699671

 -------------------------------------------------------------
 Excitation n.   4:   3.021744 eV  f = 0.0000  <S**2> = 2.0000
 -------------------------------------------------------------
  3 ->   6 =   0.699671

 -------------------------------------------------------------
 Excitation n.   5:   3.756617 eV  f = 0.0000  <S**2> = 2.0000
 -------------------------------------------------------------
  2 ->   5 =   0.696985
  2 ->   9 =  -0.085442
  2 ->  10 =   0.089896

 -------------------------------------------------------------
 Excitation n.   6:   3.756617 eV  f = 0.0000  <S**2> = 2.0000
 -------------------------------------------------------------
  2 ->   6 =   0.696985
  2 ->   9 =   0.089896
  2 ->  10 =   0.085442

 -------------------------------------------------------------
 Excitation n.   7:   4.577346 eV  f = 0.0000  <S**2> = 2.0000
 -------------------------------------------------------------
  2 ->   4 =   0.281133
  3 ->   7 =  -0.646197

 -------------------------------------------------------------
 Excitation n.   8:   5.494869 eV  f = 0.0000  <S**2> = 2.0000
 -------------------------------------------------------------
  2 ->   7 =   0.678229
  2 ->  11 =   0.086778
  3 ->   4 =  -0.183933

 -------------------------------------------------------------
 Excitation n.   9:   9.914659 eV  f = 0.0000  <S**2> = 2.0000
 -------------------------------------------------------------
  3 ->   9 =  -0.698652

 -------------------------------------------------------------
 Excitation n.  10:   9.914659 eV  f = 0.0000  <S**2> = 2.0000
 -------------------------------------------------------------
  3 ->  10 =   0.698652

Thomas-Reiche-Kuhn sum rule =   0.000000


 *** dynamical TDA activated ***

 ---------------------------------------------------------------------------------------------------
  First-order dynamical correction to static Bethe-Salpeter excitation energies                     
 ---------------------------------------------------------------------------------------------------
  BSE neutral excitation must be lower than the GW gap =   6.927805 eV
 ---------------------------------------------------------------------------------------------------
      #          Static (eV)         Dynamic (eV)      Correction (eV)         Renorm. (eV)
 ---------------------------------------------------------------------------------------------------
      1                 NaN                 NaN                 NaN                 NaN
      2                 NaN                 NaN                 NaN                 NaN
      3            3.021744            3.098263            0.076519            0.990655
      4            3.021744            3.098263            0.076519            0.990655
      5            3.756617            3.588830           -0.167787            1.015952
      6            3.756617            3.588830           -0.167787            1.015952
      7            4.577346            4.704798            0.127452            0.975838
      8            5.494869            5.433994           -0.060875            0.994870
      9            9.914659            9.991494            0.076835            0.991751
     10            9.914659            9.991494            0.076835            0.991751
 ---------------------------------------------------------------------------------------------------


 -------------------------------------------------------------------------------
          Tr@BSE@G0W0 correlation energy (singlet) =       -0.1151669796
          Tr@BSE@G0W0 correlation energy (triplet) =                 NaN
          Tr@BSE@G0W0 correlation energy           =                 NaN
          Tr@BSE@G0W0 total energy                 =                 NaN
 -------------------------------------------------------------------------------

                                       Total CPU time for G0W0 =      0.063 seconds


 ************************************************
 |          One-shot G0T0 calculation           |
 ************************************************


 -------------------------------------------------------------
   pp-RPA (N+2) calculation: alpha-beta     manifold
 -------------------------------------------------------------
 | State |  Excitation energy (au) |  Excitation energy (eV) |
 -------------------------------------------------------------
 |     1 |                0.108142 |                2.942690 |
 |     2 |                0.154529 |                4.204954 |
 |     3 |                0.154529 |                4.204954 |
 |     4 |                0.196116 |                5.336597 |
 |     5 |                0.196116 |                5.336597 |
 |     6 |                0.232151 |                6.317153 |
 |     7 |                0.263987 |                7.183458 |
 |     8 |                0.285134 |                7.758880 |
 |     9 |                0.285134 |                7.758880 |
 |    10 |                0.306154 |                8.330869 |
 |    11 |                0.341455 |                9.291466 |
 |    12 |                0.347871 |                9.466045 |
 |    13 |                0.347871 |                9.466045 |
 |    14 |                0.362468 |                9.863250 |
 |    15 |                0.362468 |                9.863250 |
 |    16 |                0.394450 |               10.733533 |
 |    17 |                0.424386 |               11.548128 |
 |    18 |                0.448648 |               12.208334 |
 |    19 |                0.448648 |               12.208334 |
 |    20 |                0.449269 |               12.225245 |
 -------------------------------------------------------------


 -------------------------------------------------------------
   pp-RPA (N-2) calculation: alpha-beta     manifold
 -------------------------------------------------------------
 | State |  Excitation energy (au) |  Excitation energy (eV) |
 -------------------------------------------------------------
 |     1 |              -12.028962 |             -327.324732 |
 |     2 |               -5.617064 |             -152.848098 |
 |     3 |               -5.596875 |             -152.298715 |
 |     4 |               -5.440728 |             -148.049760 |
 |     5 |               -5.438412 |             -147.986720 |
 |     6 |               -1.077169 |              -29.311256 |
 |     7 |               -1.050839 |              -28.594786 |
 |     8 |               -0.846236 |              -23.027251 |
 |     9 |               -0.844992 |              -22.993412 |
 -------------------------------------------------------------


 -------------------------------------------------------------
   pp-RPA (N+2) calculation: alpha-alpha    manifold
 -------------------------------------------------------------
 | State |  Excitation energy (au) |  Excitation energy (eV) |
 -------------------------------------------------------------
 |     1 |                0.154529 |                4.204954 |
 |     2 |                0.154529 |                4.204954 |
 |     3 |                0.232151 |                6.317153 |
 |     4 |                0.263987 |                7.183458 |
 |     5 |                0.347871 |                9.466045 |
 |     6 |                0.347871 |                9.466045 |
 |     7 |                0.394450 |               10.733533 |
 |     8 |                0.449269 |               12.225245 |
 |     9 |                0.449269 |               12.225245 |
 |    10 |                0.500722 |               13.625327 |
 |    11 |                0.500722 |               13.625327 |
 |    12 |                0.501454 |               13.645257 |
 |    13 |                0.531243 |               14.455849 |
 |    14 |                0.531243 |               14.455849 |
 |    15 |                0.548055 |               14.913323 |
 |    16 |                0.572444 |               15.576997 |
 |    17 |                0.586988 |               15.972768 |
 |    18 |                0.586988 |               15.972768 |
 |    19 |                0.589170 |               16.032138 |
 |    20 |                0.647710 |               17.625085 |
 -------------------------------------------------------------


 -------------------------------------------------------------
   pp-RPA (N-2) calculation: alpha-alpha    manifold
 -------------------------------------------------------------
 | State |  Excitation energy (au) |  Excitation energy (eV) |
 -------------------------------------------------------------
 |     1 |               -5.596875 |             -152.298715 |
 |     2 |               -5.438412 |             -147.986720 |
 |     3 |               -0.844992 |              -22.993412 |
 -------------------------------------------------------------

 -------------------------------------------------------------------------------
   One-shot G0T0 calculation (T-matrix self-energy)  
 -------------------------------------------------------------------------------
 |   # |       e_HF (eV) |    Sigma_T (eV) |               Z |       e_QP (eV) |
 -------------------------------------------------------------------------------
 |   1 |     -132.684473 |        4.148685 |        0.848815 |     -129.163005 |
 |   2 |      -10.342556 |        0.168947 |        0.951939 |      -10.181729 |
 |   3 |       -8.641000 |        0.067494 |        0.959487 |       -8.576241 |
 |   4 |       -1.633626 |       -0.445841 |        0.966018 |       -2.064317 |
 |   5 |        0.667775 |       -0.704566 |        0.969267 |       -0.015137 |
 |   6 |        0.667775 |       -0.704566 |        0.969267 |       -0.015137 |
 |   7 |        3.017137 |       -0.831916 |        0.945471 |        2.230584 |
 |   8 |        7.471733 |       -0.591114 |        0.966266 |        6.900560 |
 |   9 |        7.862942 |       -1.060979 |        0.944742 |        6.860591 |
 |  10 |        7.862942 |       -1.060979 |        0.944742 |        6.860591 |
 |  11 |        9.406843 |       -0.763789 |        0.948527 |        8.682368 |
 |  12 |       15.706231 |       -1.319443 |        0.846969 |       14.588703 |
 |  13 |       15.706231 |       -1.319443 |        0.846969 |       14.588703 |
 |  14 |       15.976666 |       -0.913841 |        0.899155 |       15.154981 |
 |  15 |       15.976666 |       -0.913841 |        0.899155 |       15.154981 |
 |  16 |       17.081218 |       -2.065832 |        0.355637 |       16.346533 |
 |  17 |       19.709776 |       -1.771778 |        0.842973 |       18.216214 |
 |  18 |       20.666344 |       -1.991090 |        0.807929 |       19.057686 |
 |  19 |       30.104588 |       -1.780507 |        0.242492 |       29.672829 |
 |  20 |       41.727734 |       -2.873144 |        0.653417 |       39.850372 |
 |  21 |       41.727734 |       -2.873144 |        0.653417 |       39.850372 |
 |  22 |       41.842034 |       -2.954499 |        0.835827 |       39.372583 |
 |  23 |       41.842034 |       -2.954499 |        0.835827 |       39.372583 |
 |  24 |       43.586216 |       -7.973008 |        0.001886 |       43.571182 |
 |  25 |       45.361823 |      -65.409586 |        0.000045 |       45.358901 |
 -------------------------------------------------------------------------------
             G0T0 HOMO      energy (eV)            =      -8.576241 eV
             G0T0 LUMO      energy (eV)            =      -2.064317 eV
             G0T0 HOMO-LUMO gap    (eV)            =       6.511924 eV
 -------------------------------------------------------------------------------
        Tr@ppRPA@G0T0 correlation energy (singlet) =       -0.0383320624 au
        Tr@ppRPA@G0T0 correlation energy (triplet) =       -0.0024242111 au
        Tr@ppRPA@G0T0 correlation energy           =       -0.0407562736 au
        Tr@ppRPA@G0T0 total energy                 =      -15.5265822559 au
              GM@G0T0 correlation energy           =       -0.0613071527 au
              GM@G0T0 total energy                 =      -15.5471331350 au
 -------------------------------------------------------------------------------


 -------------------------------------------------------------
   BSE@GT       calculation: singlet        manifold
 -------------------------------------------------------------
 | State |  Excitation energy (au) |  Excitation energy (eV) |
 -------------------------------------------------------------
 |     1 |                0.129372 |                3.520379 |
 |     2 |                0.129372 |                3.520379 |
 |     3 |                0.142325 |                3.872865 |
 |     4 |                0.151686 |                4.127584 |
 |     5 |                0.186723 |                5.080997 |
 |     6 |                0.186723 |                5.080997 |
 |     7 |                0.222114 |                6.044019 |
 |     8 |                0.263559 |                7.171816 |
 |     9 |                0.378779 |               10.307093 |
 |    10 |                0.378779 |               10.307093 |
 |    11 |                0.381321 |               10.376280 |
 |    12 |                0.408525 |               11.116543 |
 |    13 |                0.408525 |               11.116543 |
 |    14 |                0.421097 |               11.458640 |
 |    15 |                0.468618 |               12.751755 |
 |    16 |                0.490104 |               13.336402 |
 |    17 |                0.647783 |               17.627062 |
 |    18 |                0.647783 |               17.627062 |
 |    19 |                0.671691 |               18.277630 |
 |    20 |                0.671691 |               18.277630 |
 -------------------------------------------------------------

 ---------------------------------------------------------------
                 Transition dipole moment (au)                  
 ---------------------------------------------------------------
  #           X           Y           Z   dip. str.   osc. str.
 ---------------------------------------------------------------
  1    0.000000   -0.000000    0.000000    0.000000    0.000000
  2   -0.000000   -0.000000    0.000000    0.000000    0.000000
  3    0.000000    0.000000    5.132329   26.340803    2.499306
  4    0.000000    0.000000   -0.000000    0.000000    0.000000
  5   -1.404991    1.047378   -0.000000    3.071000    0.382285
  6   -1.047378   -1.404991    0.000000    3.071000    0.382285
  7    0.000000   -0.000000    0.000000    0.000000    0.000000
  8    0.000000   -0.000000    0.404224    0.163397    0.028710
  9   -0.000000    0.000000    0.000000    0.000000    0.000000
 10   -0.000000    0.000000   -0.000000    0.000000    0.000000
 ---------------------------------------------------------------

 -------------------------------------------------------------
 Excitation n.   1:   3.520379 eV  f = 0.0000  <S**2> = 0.0000
 -------------------------------------------------------------
  3 ->   5 =  -0.333861
  3 ->   6 =   0.618775

 -------------------------------------------------------------
 Excitation n.   2:   3.520379 eV  f = 0.0000  <S**2> = 0.0000
 -------------------------------------------------------------
  3 ->   5 =   0.618775
  3 ->   6 =   0.333861

 -------------------------------------------------------------
 Excitation n.   3:   3.872865 eV  f = 2.4993  <S**2> = 0.0000
 -------------------------------------------------------------
  2 ->   7 =   0.083040
  3 ->   4 =   0.712432
  3 <-   4 =   0.124230

 -------------------------------------------------------------
 Excitation n.   4:   4.127584 eV  f = 0.0000  <S**2> = 0.0000
 -------------------------------------------------------------
  2 ->   4 =   0.681072
  3 ->   7 =  -0.208041
  2 <-   4 =   0.092040

 -------------------------------------------------------------
 Excitation n.   5:   5.080997 eV  f = 0.3823  <S**2> = 0.0000
 -------------------------------------------------------------
  2 ->   6 =  -0.697004
  2 ->   9 =  -0.071543
  2 ->  10 =  -0.071960

 -------------------------------------------------------------
 Excitation n.   6:   5.080997 eV  f = 0.3823  <S**2> = 0.0000
 -------------------------------------------------------------
  2 ->   5 =   0.697004
  2 ->   9 =  -0.071960
  2 ->  10 =   0.071543

 -------------------------------------------------------------
 Excitation n.   7:   6.044019 eV  f = 0.0000  <S**2> = 0.0000
 -------------------------------------------------------------
  2 ->   4 =   0.209007
  3 ->   7 =   0.672901

 -------------------------------------------------------------
 Excitation n.   8:   7.171816 eV  f = 0.0287  <S**2> = 0.0000
 -------------------------------------------------------------
  2 ->   7 =   0.694978
  2 ->  11 =   0.078939
  3 ->   4 =  -0.080964

 -------------------------------------------------------------
 Excitation n.   9:  10.307093 eV  f = 0.0000  <S**2> = 0.0000
 -------------------------------------------------------------
  3 ->   9 =  -0.159878
  3 ->  10 =   0.684780

 -------------------------------------------------------------
 Excitation n.  10:  10.307093 eV  f = 0.0000  <S**2> = 0.0000
 -------------------------------------------------------------
  3 ->   9 =  -0.684780
  3 ->  10 =  -0.159878

Thomas-Reiche-Kuhn sum rule =   3.292585


 *** dynamical TDA activated ***

 ---------------------------------------------------------------------------------------------------
  First-order dynamical correction to static Bethe-Salpeter excitation energies                     
 ---------------------------------------------------------------------------------------------------
  BSE neutral excitation must be lower than the GT gap =   6.511924 eV
 ---------------------------------------------------------------------------------------------------
      #          Static (eV)         Dynamic (eV)      Correction (eV)         Renorm. (eV)
 ---------------------------------------------------------------------------------------------------
      1            3.520379            3.457562           -0.062817            1.002549
      2            3.520379            3.457562           -0.062817            1.002549
      3            3.872865            3.668275           -0.204590            1.002888
      4            4.127584            4.088203           -0.039381            0.981830
      5            5.080997            5.209402            0.128405            0.997003
      6            5.080997            5.209402            0.128405            0.997003
      7            6.044019            6.721160            0.677140            0.979549
      8            7.171816            7.188864            0.017048            1.001205
      9           10.307093           10.280175           -0.026918            1.002959
     10           10.307093           10.280175           -0.026918            1.002959
 ---------------------------------------------------------------------------------------------------

 You may have instabilities in linear response: A-B is not positive definite!!
 Problem in diagonalize_matrix (dsyev)!!

 -------------------------------------------------------------
   BSE@GT       calculation: triplet        manifold
 -------------------------------------------------------------
 | State |  Excitation energy (au) |  Excitation energy (eV) |
 -------------------------------------------------------------
 |     1 |                     NaN |                     NaN |
 |     2 |                     NaN |                     NaN |
 |     3 |                     NaN |                     NaN |
 |     4 |                     NaN |                     NaN |
 |     5 |                     NaN |                     NaN |
 |     6 |                     NaN |                     NaN |
 |     7 |                     NaN |                     NaN |
 |     8 |                     NaN |                     NaN |
 |     9 |                     NaN |                     NaN |
 |    10 |                     NaN |                     NaN |
 |    11 |                     NaN |                     NaN |
 |    12 |                     NaN |                     NaN |
 |    13 |                     NaN |                     NaN |
 |    14 |                     NaN |                     NaN |
 |    15 |                     NaN |                     NaN |
 |    16 |                     NaN |                     NaN |
 |    17 |                     NaN |                     NaN |
 |    18 |                     NaN |                     NaN |
 |    19 |                     NaN |                     NaN |
 |    20 |                     NaN |                     NaN |
 -------------------------------------------------------------

 -------------------------------------------------------------
 Excitation n.   1:        NaN eV  f = 0.0000  <S**2> = 2.0000
 -------------------------------------------------------------

 -------------------------------------------------------------
 Excitation n.   2:        NaN eV  f = 0.0000  <S**2> = 2.0000
 -------------------------------------------------------------

 -------------------------------------------------------------
 Excitation n.   3:        NaN eV  f = 0.0000  <S**2> = 2.0000
 -------------------------------------------------------------

 -------------------------------------------------------------
 Excitation n.   4:        NaN eV  f = 0.0000  <S**2> = 2.0000
 -------------------------------------------------------------

 -------------------------------------------------------------
 Excitation n.   5:        NaN eV  f = 0.0000  <S**2> = 2.0000
 -------------------------------------------------------------

 -------------------------------------------------------------
 Excitation n.   6:        NaN eV  f = 0.0000  <S**2> = 2.0000
 -------------------------------------------------------------

 -------------------------------------------------------------
 Excitation n.   7:        NaN eV  f = 0.0000  <S**2> = 2.0000
 -------------------------------------------------------------

 -------------------------------------------------------------
 Excitation n.   8:        NaN eV  f = 0.0000  <S**2> = 2.0000
 -------------------------------------------------------------

 -------------------------------------------------------------
 Excitation n.   9:        NaN eV  f = 0.0000  <S**2> = 2.0000
 -------------------------------------------------------------

 -------------------------------------------------------------
 Excitation n.  10:        NaN eV  f = 0.0000  <S**2> = 2.0000
 -------------------------------------------------------------

Thomas-Reiche-Kuhn sum rule =   0.000000


 *** dynamical TDA activated ***

 ---------------------------------------------------------------------------------------------------
  First-order dynamical correction to static Bethe-Salpeter excitation energies                     
 ---------------------------------------------------------------------------------------------------
  BSE neutral excitation must be lower than the GT gap =   6.511924 eV
 ---------------------------------------------------------------------------------------------------
      #          Static (eV)         Dynamic (eV)      Correction (eV)         Renorm. (eV)
 ---------------------------------------------------------------------------------------------------
      1                 NaN                 NaN                 NaN                 NaN
      2                 NaN                 NaN                 NaN                 NaN
      3                 NaN                 NaN                 NaN                 NaN
      4                 NaN                 NaN                 NaN                 NaN
      5                 NaN                 NaN                 NaN                 NaN
      6                 NaN                 NaN                 NaN                 NaN
      7                 NaN                 NaN                 NaN                 NaN
      8                 NaN                 NaN                 NaN                 NaN
      9                 NaN                 NaN                 NaN                 NaN
     10                 NaN                 NaN                 NaN                 NaN
 ---------------------------------------------------------------------------------------------------


 -------------------------------------------------------------------------------
          Tr@BSE@G0T0 correlation energy (singlet) =       -0.0097565674 au
          Tr@BSE@G0T0 correlation energy (triplet) =                 NaN au
          Tr@BSE@G0T0 correlation energy           =                 NaN au
          Tr@BSE@G0T0 total energy                 =                 NaN au
 -------------------------------------------------------------------------------

                                       Total CPU time for G0T0 =      2.888 seconds

                                      Total CPU time for QuAcK =      4.423 seconds

