78 significant shell pairs computed in 0.000039 seconds
0
Computed Electron repulsion integrals Integrals in parallel in 0.118219 seconds

 ******************************************************************************************
 *            QuAcK                       QuAcK                         QuAcK             *
 *   __        __        __       __        __        __       __        __        __     *
 * <(o )___  <(o )___  <(o )___ <(o )___  <(o )___  <(o )___ <(o )___  <(o )___  <(o )___ *
 * ( ._> /   ( ._> /   ( ._> /  ( ._> /   ( ._> /   ( ._> /  ( ._> /   ( ._> /   ( ._> /  *
 *|--------------------------------------------------------------------------------------|*
 ******************************************************************************************

      ----------------------
             Number of atoms                2
      ----------------------

      ----------------------
Number of spin-up   electron                1
Number of spin-down electron                1
    Total number of electron                2
      ----------------------

      ----------------------
Number of core      electron                0
Number of Rydberg   electron                0
      ----------------------

          ------------------
          Molecular geometry
          ------------------
                    Atom n.                 1
                        Z =      1.0000000000
           Atom coordinates:     0.0000000000    0.0000000000    0.0000000000
                    Atom n.                 2
                        Z =      1.0000000000
           Atom coordinates:     0.0000000000    0.0000000000    1.7007535129

          ------------------
 Nuclear repulsion energy =      0.5879746785
          ------------------

          Gaussian basis set
          ------------------
                    Atom n.                 1
           number of shells                 6
          ------------------
      s-type shell with K =                 5
                                    Exponents     Contraction
                                33.8700000000    0.0060680000
                                 5.0950000000    0.0453080000
                                 1.1590000000    0.2028220000
                                 0.3258000000    0.5039030000
                                 0.1027000000    0.3834210000
      s-type shell with K =                 1
                                    Exponents     Contraction
                                 0.3258000000    1.0000000000
      s-type shell with K =                 1
                                    Exponents     Contraction
                                 0.1027000000    1.0000000000
      p-type shell with K =                 1
                                    Exponents     Contraction
                                 1.4070000000    1.0000000000
      p-type shell with K =                 1
                                    Exponents     Contraction
                                 0.3880000000    1.0000000000
      d-type shell with K =                 1
                                    Exponents     Contraction
                                 1.0570000000    1.0000000000
          ------------------
                    Atom n.                 2
           number of shells                 6
          ------------------
      s-type shell with K =                 5
                                    Exponents     Contraction
                                33.8700000000    0.0060680000
                                 5.0950000000    0.0453080000
                                 1.1590000000    0.2028220000
                                 0.3258000000    0.5039030000
                                 0.1027000000    0.3834210000
      s-type shell with K =                 1
                                    Exponents     Contraction
                                 0.3258000000    1.0000000000
      s-type shell with K =                 1
                                    Exponents     Contraction
                                 0.1027000000    1.0000000000
      p-type shell with K =                 1
                                    Exponents     Contraction
                                 1.4070000000    1.0000000000
      p-type shell with K =                 1
                                    Exponents     Contraction
                                 0.3880000000    1.0000000000
      d-type shell with K =                 1
                                    Exponents     Contraction
                                 1.0570000000    1.0000000000
          ------------------
            Number of shells               12
          ------------------

          ------------------
   Number of basis functions               30
          ------------------

 Scaling integrals by    1.0000000000000000     

                          Total CPU time for reading integrals =      0.047 seconds


 ************************************************
 |    Restricted Hartree-Fock calculation       |
 ************************************************


 ----------------------------------------------------
 | RHF calculation                                  |
 ----------------------------------------------------
 |   # |        HF energy |       Conv |     HL Gap |
 ----------------------------------------------------
 |   1 |    -0.4300627547 |   0.249479 |   0.237409 |
 |   2 |    -1.0966822041 |   0.254350 |   1.665670 |
 |   3 |    -1.1180365616 |   0.149662 |   1.688545 |
 |   4 |    -1.1224011369 |   0.088119 |   1.693429 |
 |   5 |    -1.1225088828 |   0.053073 |   1.693695 |
 |   6 |    -1.1217000185 |   0.032680 |   1.692950 |
 |   7 |    -1.1208619995 |   0.020464 |   1.692147 |
 |   8 |    -1.1201984777 |   0.012965 |   1.691506 |
 |   9 |    -1.1197200045 |   0.008277 |   1.691043 |
 |  10 |    -1.1193898138 |   0.005334 |   1.690723 |
 |  11 |    -1.1191673254 |   0.003446 |   1.690508 |
 |  12 |    -1.1190195010 |   0.002228 |   1.690364 |
 |  13 |    -1.1189221355 |   0.001442 |   1.690270 |
 |  14 |    -1.1188583613 |   0.000933 |   1.690208 |
 |  15 |    -1.1188167411 |   0.000604 |   1.690168 |
 |  16 |    -1.1187896447 |   0.000391 |   1.690141 |
 |  17 |    -1.1187720325 |   0.000253 |   1.690124 |
 |  18 |    -1.1187605975 |   0.000164 |   1.690113 |
 |  19 |    -1.1187531788 |   0.000106 |   1.690106 |
 |  20 |    -1.1187483683 |   0.000069 |   1.690101 |
 |  21 |    -1.1187452501 |   0.000045 |   1.690098 |
 |  22 |    -1.1187432295 |   0.000029 |   1.690096 |
 |  23 |    -1.1187419202 |   0.000019 |   1.690095 |
 |  24 |    -1.1187410721 |   0.000012 |   1.690094 |
 |  25 |    -1.1187405227 |   0.000008 |   1.690094 |
 |  26 |    -1.1187401668 |   0.000005 |   1.690093 |
 |  27 |    -1.1187399363 |   0.000003 |   1.690093 |
 |  28 |    -1.1187397870 |   0.000002 |   1.690093 |
 |  29 |    -1.1187396904 |   0.000001 |   1.690093 |
 |  30 |    -1.1187396278 |   0.000001 |   1.690093 |
 |  31 |    -1.1187395872 |   0.000001 |   1.690093 |
 |  32 |    -1.1187395609 |   0.000000 |   1.690093 |
 |  33 |    -1.1187395439 |   0.000000 |   1.690093 |
 |  34 |    -1.1187395329 |   0.000000 |   1.690093 |
 |  35 |    -1.1187395258 |   0.000000 |   1.690093 |
 |  36 |    -1.1187395315 |   0.000000 |   0.690093 |
 ----------------------------------------------------

         -----------------------------------------
           Summary              
         -----------------------------------------
           One-electron energy:     -2.3133477948 au
           Kinetic      energy:      0.9846876001 au
           Potential    energy:     -3.2980353949 au
         -----------------------------------------
           Two-electron energy:      0.6066335847 au
           Hartree      energy:      1.2132671694 au
           Exchange     energy:     -0.6066335847 au
         -----------------------------------------
           Electronic   energy:     -1.7067142101 au
           Nuclear   repulsion:      0.5879746785 au
           RHF          energy:     -1.1187395315 au
         -----------------------------------------
           HF HOMO      energy:        -14.967359 eV
           HF LUMO      energy:          3.811019 eV
           HF HOMO-LUMO gap   :         18.778378 eV
         -----------------------------------------
          Dipole moment (Debye)    
                   X         Y         Z      Tot.
            0.000000  0.000000 -0.000000  0.000000
         -----------------------------------------

           ---------------------------------------
                 MO coefficients
           ---------------------------------------
                 1              2              3              4              5
      1    -0.70690177     0.52308174     0.20435242     0.12327620     0.00000000
      2     0.06499318    -0.41436401    -1.24011055    -1.70128642     0.00000000
      3     0.11044226     1.70769982     0.89495063     2.14530816     0.00000000
      4     0.00000000     0.00000000     0.00000000     0.00000000     0.01766401
      5     0.00000000     0.00000000     0.00000000     0.00000000     0.05793398
      6    -0.01005806    -0.00585376    -0.01430608     0.01969634     0.00000000
      7     0.00000000     0.00000000     0.00000000     0.00000000    -0.17463861
      8     0.00000000     0.00000000     0.00000000     0.00000000    -0.57277522
      9    -0.02102970     0.00277332     0.00856000     0.24234156     0.00000000
     10     0.00245501     0.03154245     0.10468484     0.11719020     0.00000000
     11     0.00000000     0.00000000     0.00000000     0.00000000     0.00000000
     12     0.00000000     0.00000000     0.00000000     0.00000000     0.00400585
     13     0.00245501     0.03154245     0.10468484     0.11719020     0.00000000
     14     0.00000000     0.00000000     0.00000000     0.00000000     0.01313827
     15    -0.00059106     0.04039885     0.09592920     0.16151300     0.00000000
     16    -0.70690177    -0.52308174     0.20435242    -0.12327620     0.00000000
     17     0.06499318     0.41436401    -1.24011055     1.70128642     0.00000000
     18     0.11044226    -1.70769982     0.89495063    -2.14530816     0.00000000
     19     0.00000000     0.00000000     0.00000000     0.00000000     0.01766401
     20     0.00000000     0.00000000     0.00000000     0.00000000     0.05793398
     21     0.01005806    -0.00585376     0.01430608     0.01969634     0.00000000
     22     0.00000000     0.00000000     0.00000000     0.00000000    -0.17463861
     23     0.00000000     0.00000000     0.00000000     0.00000000    -0.57277522
     24     0.02102970     0.00277332    -0.00856000     0.24234156     0.00000000
     25     0.00245501    -0.03154245     0.10468484    -0.11719020     0.00000000
     26     0.00000000     0.00000000     0.00000000     0.00000000     0.00000000
     27     0.00000000     0.00000000     0.00000000     0.00000000    -0.00400585
     28     0.00245501    -0.03154245     0.10468484    -0.11719020     0.00000000
     29     0.00000000     0.00000000     0.00000000     0.00000000    -0.01313827
     30    -0.00059106    -0.04039885     0.09592920    -0.16151300     0.00000000
                 6              7              8              9             10
      1     0.00000000     0.35466230     0.00000000     0.00000000     0.31908445
      2     0.00000000    -0.98985048     0.00000000     0.00000000     5.98068974
      3     0.00000000     0.23549621     0.00000000     0.00000000     0.40365830
      4    -0.05793398     0.00000000     0.01745476     0.08692088     0.00000000
      5     0.01766401     0.00000000    -0.08692088     0.01745476     0.00000000
      6     0.00000000    -0.09756646     0.00000000     0.00000000     0.03128331
      7     0.57277522     0.00000000    -0.23231554    -1.15688063     0.00000000
      8    -0.17463861     0.00000000     1.15688063    -0.23231554     0.00000000
      9     0.00000000     0.87400979     0.00000000     0.00000000     4.18726804
     10     0.00000000     0.04654092     0.00000000     0.00000000    -0.08832117
     11     0.00000000     0.00000000     0.00000000     0.00000000     0.00000000
     12    -0.01313827     0.00000000    -0.00914221    -0.04552619     0.00000000
     13     0.00000000     0.04654092     0.00000000     0.00000000    -0.08832117
     14     0.00400585     0.00000000     0.04552619    -0.00914221     0.00000000
     15     0.00000000     0.06445208     0.00000000     0.00000000     0.35396979
     16     0.00000000     0.35466230     0.00000000     0.00000000    -0.31908445
     17     0.00000000    -0.98985048     0.00000000     0.00000000    -5.98068974
     18     0.00000000     0.23549621     0.00000000     0.00000000    -0.40365830
     19    -0.05793398     0.00000000    -0.01745476    -0.08692088     0.00000000
     20     0.01766401     0.00000000     0.08692088    -0.01745476     0.00000000
     21     0.00000000     0.09756646     0.00000000     0.00000000     0.03128331
     22     0.57277522     0.00000000     0.23231554     1.15688063     0.00000000
     23    -0.17463861     0.00000000    -1.15688063     0.23231554     0.00000000
     24     0.00000000    -0.87400979     0.00000000     0.00000000     4.18726804
     25     0.00000000     0.04654092     0.00000000     0.00000000     0.08832117
     26     0.00000000     0.00000000     0.00000000     0.00000000     0.00000000
     27     0.01313827     0.00000000    -0.00914221    -0.04552619     0.00000000
     28     0.00000000     0.04654092     0.00000000     0.00000000     0.08832117
     29    -0.00400585     0.00000000     0.04552619    -0.00914221     0.00000000
     30     0.00000000     0.06445208     0.00000000     0.00000000    -0.35396979
                11             12             13             14             15
      1    -4.49940153     5.18809407     0.00000000     0.00000000     0.00000000
      2     4.56211943    -7.99498379     0.00000000     0.00000000     0.00000000
      3     1.08490816    -0.51044131     0.00000000     0.00000000     0.00000000
      4     0.00000000     0.00000000     0.00000000     0.00000000    -0.41569537
      5     0.00000000     0.00000000     0.00000000     0.00000000    -0.14461271
      6    -0.03799433    -0.02537387     0.00000000     0.00000000     0.00000000
      7     0.00000000     0.00000000     0.00000000     0.00000000     0.28185317
      8     0.00000000     0.00000000     0.00000000     0.00000000     0.09805149
      9     0.22014273    -1.34034298     0.00000000     0.00000000     0.00000000
     10    -0.53105732     0.59683755     0.00088564    -0.55514078     0.00000000
     11     0.00000000     0.00000000     0.64102136     0.00102265     0.00000000
     12     0.00000000     0.00000000     0.00000000     0.00000000    -0.44096018
     13    -0.53105732     0.59683755    -0.00088564     0.55514078     0.00000000
     14     0.00000000     0.00000000     0.00000000     0.00000000    -0.15340187
     15    -0.53563889     0.48685873     0.00000000     0.00000000     0.00000000
     16    -4.49940153    -5.18809407     0.00000000     0.00000000     0.00000000
     17     4.56211943     7.99498379     0.00000000     0.00000000     0.00000000
     18     1.08490816     0.51044131     0.00000000     0.00000000     0.00000000
     19     0.00000000     0.00000000     0.00000000     0.00000000    -0.41569537
     20     0.00000000     0.00000000     0.00000000     0.00000000    -0.14461271
     21     0.03799433    -0.02537387     0.00000000     0.00000000     0.00000000
     22     0.00000000     0.00000000     0.00000000     0.00000000     0.28185317
     23     0.00000000     0.00000000     0.00000000     0.00000000     0.09805149
     24    -0.22014273    -1.34034298     0.00000000     0.00000000     0.00000000
     25    -0.53105732    -0.59683755     0.00088564    -0.55514078     0.00000000
     26     0.00000000     0.00000000     0.64102136     0.00102265     0.00000000
     27     0.00000000     0.00000000     0.00000000     0.00000000     0.44096018
     28    -0.53105732    -0.59683755    -0.00088564     0.55514078     0.00000000
     29     0.00000000     0.00000000     0.00000000     0.00000000     0.15340187
     30    -0.53563889    -0.48685873     0.00000000     0.00000000     0.00000000
                16             17             18             19             20
      1     0.00000000     0.42199964     0.00000000     0.00000000    -0.94195420
      2     0.00000000    -0.77578928     0.00000000     0.00000000    -2.39321506
      3     0.00000000     0.01261000     0.00000000     0.00000000    -0.27604590
      4    -0.14461271     0.00000000     0.00000000     0.00000000     0.00000000
      5     0.41569537     0.00000000     0.00000000     0.00000000     0.00000000
      6     0.00000000    -0.82939068     0.00000000     0.00000000     0.00574801
      7     0.09805149     0.00000000     0.00000000     0.00000000     0.00000000
      8    -0.28185317     0.00000000     0.00000000     0.00000000     0.00000000
      9     0.00000000     0.61414190     0.00000000     0.00000000    -2.78830466
     10     0.00000000     0.11660893     0.00023752     0.69196307    -0.03182626
     11     0.00000000     0.00000000     0.79901013    -0.00027427     0.00000000
     12    -0.15340187     0.00000000     0.00000000     0.00000000     0.00000000
     13     0.00000000     0.11660893    -0.00023752    -0.69196307    -0.03182626
     14     0.44096018     0.00000000     0.00000000     0.00000000     0.00000000
     15     0.00000000     0.15485704     0.00000000     0.00000000    -1.62861011
     16     0.00000000     0.42199964     0.00000000     0.00000000     0.94195420
     17     0.00000000    -0.77578928     0.00000000     0.00000000     2.39321506
     18     0.00000000     0.01261000     0.00000000     0.00000000     0.27604590
     19    -0.14461271     0.00000000     0.00000000     0.00000000     0.00000000
     20     0.41569537     0.00000000     0.00000000     0.00000000     0.00000000
     21     0.00000000     0.82939068     0.00000000     0.00000000     0.00574801
     22     0.09805149     0.00000000     0.00000000     0.00000000     0.00000000
     23    -0.28185317     0.00000000     0.00000000     0.00000000     0.00000000
     24     0.00000000    -0.61414190     0.00000000     0.00000000    -2.78830466
     25     0.00000000     0.11660893    -0.00023752    -0.69196307     0.03182626
     26     0.00000000     0.00000000    -0.79901013     0.00027427     0.00000000
     27     0.15340187     0.00000000     0.00000000     0.00000000     0.00000000
     28     0.00000000     0.11660893     0.00023752     0.69196307     0.03182626
     29    -0.44096018     0.00000000     0.00000000     0.00000000     0.00000000
     30     0.00000000     0.15485704     0.00000000     0.00000000     1.62861011
                21             22             23             24             25
      1     0.00000000     0.00000000     0.00000000     0.00000000     0.38810217
      2     0.00000000     0.00000000     0.00000000     0.00000000    -1.95548467
      3     0.00000000     0.00000000     0.00000000     0.00000000     0.17320020
      4     0.38140995    -0.66685320    -0.64088160     0.43401399     0.00000000
      5    -0.66685320    -0.38140995     0.43401399     0.64088160     0.00000000
      6     0.00000000     0.00000000     0.00000000     0.00000000     0.22445586
      7    -0.44629416     0.78029609     0.27233490    -0.18442901     0.00000000
      8     0.78029609     0.44629416    -0.18442901    -0.27233490     0.00000000
      9     0.00000000     0.00000000     0.00000000     0.00000000    -0.39054298
     10     0.00000000     0.00000000     0.00000000     0.00000000     1.10390542
     11     0.00000000     0.00000000     0.00000000     0.00000000     0.00000000
     12    -0.25943897     0.45360040     0.32540470    -0.22036862     0.00000000
     13     0.00000000     0.00000000     0.00000000     0.00000000     1.10390542
     14     0.45360040     0.25943897    -0.22036862    -0.32540470     0.00000000
     15     0.00000000     0.00000000     0.00000000     0.00000000     0.23208579
     16     0.00000000     0.00000000     0.00000000     0.00000000     0.38810217
     17     0.00000000     0.00000000     0.00000000     0.00000000    -1.95548467
     18     0.00000000     0.00000000     0.00000000     0.00000000     0.17320020
     19    -0.38140995     0.66685320    -0.64088160     0.43401399     0.00000000
     20     0.66685320     0.38140995     0.43401399     0.64088160     0.00000000
     21     0.00000000     0.00000000     0.00000000     0.00000000    -0.22445586
     22     0.44629416    -0.78029609     0.27233490    -0.18442901     0.00000000
     23    -0.78029609    -0.44629416    -0.18442901    -0.27233490     0.00000000
     24     0.00000000     0.00000000     0.00000000     0.00000000     0.39054298
     25     0.00000000     0.00000000     0.00000000     0.00000000     1.10390542
     26     0.00000000     0.00000000     0.00000000     0.00000000     0.00000000
     27    -0.25943897     0.45360040    -0.32540470     0.22036862     0.00000000
     28     0.00000000     0.00000000     0.00000000     0.00000000     1.10390542
     29     0.45360040     0.25943897     0.22036862     0.32540470     0.00000000
     30     0.00000000     0.00000000     0.00000000     0.00000000     0.23208579
                26             27             28             29             30
      1     0.83443479     0.00000000     0.00000000    -3.31008600     3.42009729
      2     4.01375195     0.00000000     0.00000000     1.18585101    -0.08091917
      3    -1.00299441     0.00000000     0.00000000     1.40594998    -0.92357082
      4     0.00000000    -0.17374987     0.53453220     0.00000000     0.00000000
      5     0.00000000     0.53453220     0.17374987     0.00000000     0.00000000
      6    -0.06252281     0.00000000     0.00000000    -0.36633551     1.88669271
      7     0.00000000    -0.10514806     0.32348239     0.00000000     0.00000000
      8     0.00000000     0.32348239     0.10514806     0.00000000     0.00000000
      9     1.46235036     0.00000000     0.00000000     0.49166309     1.79047572
     10    -1.07957788     0.00000000     0.00000000    -0.01732499     0.09393577
     11     0.00000000     0.00000000     0.00000000     0.00000000     0.00000000
     12     0.00000000    -0.34802129     1.07066891     0.00000000     0.00000000
     13    -1.07957788     0.00000000     0.00000000    -0.01732499     0.09393577
     14     0.00000000     1.07066891     0.34802129     0.00000000     0.00000000
     15    -0.36114058     0.00000000     0.00000000     1.10312719     2.16993202
     16    -0.83443479     0.00000000     0.00000000    -3.31008600    -3.42009729
     17    -4.01375195     0.00000000     0.00000000     1.18585101     0.08091917
     18     1.00299441     0.00000000     0.00000000     1.40594998     0.92357082
     19     0.00000000     0.17374987    -0.53453220     0.00000000     0.00000000
     20     0.00000000    -0.53453220    -0.17374987     0.00000000     0.00000000
     21    -0.06252281     0.00000000     0.00000000     0.36633551     1.88669271
     22     0.00000000     0.10514806    -0.32348239     0.00000000     0.00000000
     23     0.00000000    -0.32348239    -0.10514806     0.00000000     0.00000000
     24     1.46235036     0.00000000     0.00000000    -0.49166309     1.79047572
     25     1.07957788     0.00000000     0.00000000    -0.01732499    -0.09393577
     26     0.00000000     0.00000000     0.00000000     0.00000000     0.00000000
     27     0.00000000    -0.34802129     1.07066891     0.00000000     0.00000000
     28     1.07957788     0.00000000     0.00000000    -0.01732499    -0.09393577
     29     0.00000000     1.07066891     0.34802129     0.00000000     0.00000000
     30     0.36114058     0.00000000     0.00000000     1.10312719    -2.16993202

           ---------------------------------------
                     MO energies
           ---------------------------------------
                 1
      1    -0.55004031
      2     0.14005236
      3     0.29328219
      4     0.55152747
      5     0.67796596
      6     0.67796596
      7     1.04121528
      8     1.08750381
      9     1.08750381
     10     1.48922960
     11     1.71079597
     12     1.96516948
     13     3.18071861
     14     3.18071861
     15     3.30242340
     16     3.30242340
     17     3.53843891
     18     3.91891653
     19     3.91891653
     20     3.95366999
     21     3.98518502
     22     3.98518502
     23     3.99096013
     24     3.99096013
     25     4.58402385
     26     4.84582377
     27     5.18717133
     28     5.18717133
     29     5.34965121
     30     7.37440709

                                        Total CPU time for RHF =      0.580 seconds


 AO to MO transformation... Please be patient

                    Total CPU time for AO to MO transformation =      1.619 seconds


 ******************************************************
 | Configuration Interaction with Singles and Doubles |
 ******************************************************

 nS =          116
 nD =         1653
 nH =         1770

 00 block  done...
 0S blocks done...
 0D blocks done...
 SS block  done...
 SD blocks done...
 DD block  done...

 Diagonalizing CISD matrix...

 CISD energies (au)
                 1
      1    -1.74850983
      2    -1.43684833
      3    -1.43684833
      4    -1.43684833
      5    -1.30177522
      6    -1.22585672
      7    -1.22585672
      8    -1.22585672
      9    -1.14790894
     10    -1.03945810
     11    -1.03945810
     12    -1.03945810
     13    -1.00068740
     14    -1.00068740
     15    -1.00068740
     16    -1.00068740
     17    -1.00068740
     18    -1.00068740
     19    -0.92848248
     20    -0.87379030
     21    -0.85975581
     22    -0.85975581
     23    -0.70056537
     24    -0.70056537
     25    -0.70056537
     26    -0.64621724
     27    -0.60332399
     28    -0.60332399
     29    -0.60206888
     30    -0.60206888
     31    -0.60206888
     32    -0.55016056
     33    -0.55016056
     34    -0.55016056
     35    -0.55016056
     36    -0.55016056
     37    -0.55016056
     38    -0.54212547
     39    -0.54212547
     40    -0.54212547
     41    -0.53002726
     42    -0.49706045
     43    -0.49706045
     44    -0.49706045
     45    -0.49706045
     46    -0.49706045
     47    -0.49706045
     48    -0.44671210
     49    -0.36745282
     50    -0.36149377
     51    -0.36149377

 CISD excitation energies (eV)
                 1
      1     8.48074144
      2     8.48074144
      3     8.48074144
      4    12.15626789
      5    14.22211568
      6    14.22211568
      7    14.22211568
      8    16.34318281
      9    19.29428052
     10    19.29428052
     11    19.29428052
     12    20.34928500
     13    20.34928500
     14    20.34928500
     15    20.34928500
     16    20.34928500
     17    20.34928500
     18    22.31408086
     19    23.80233088
     20    24.18422865
     21    24.18422865
     22    28.51602142
     23    28.51602142
     24    28.51602142
     25    29.99490916
     26    31.16209412
     27    31.16209412
     28    31.19624737
     29    31.19624737
     30    31.19624737
     31    32.60874468
     32    32.60874468
     33    32.60874468
     34    32.60874468
     35    32.60874468
     36    32.60874468
     37    32.82739062
     38    32.82739062
     39    32.82739062
     40    33.15659960
     41    34.05367210
     42    34.05367210
     43    34.05367210
     44    34.05367210
     45    34.05367210
     46    34.05367210
     47    35.42372050
     48    37.58047556
     49    37.74262942
     50    37.74262942

                                       Total CPU time for CISD =     11.793 seconds


 ************************************************
 |          One-shot G0W0 calculation           |
 ************************************************


 -------------------------------------------------------------
   RPA@HF       calculation: singlet        manifold
 -------------------------------------------------------------
 | State |  Excitation energy (au) |  Excitation energy (eV) |
 -------------------------------------------------------------
 |     1 |                0.760808 |               20.702633 |
 |     2 |                0.927599 |               25.241267 |
 |     3 |                1.272694 |               34.631763 |
 |     4 |                1.381794 |               37.600543 |
 |     5 |                1.381794 |               37.600543 |
 |     6 |                1.686956 |               45.904398 |
 |     7 |                1.701296 |               46.294617 |
 |     8 |                1.701296 |               46.294617 |
 |     9 |                2.080777 |               56.620836 |
 |    10 |                2.373126 |               64.576058 |
 |    11 |                2.629288 |               71.546569 |
 |    12 |                3.817516 |              103.879892 |
 |    13 |                3.817516 |              103.879892 |
 |    14 |                3.983815 |              108.405139 |
 |    15 |                3.983815 |              108.405139 |
 |    16 |                4.224685 |              114.959536 |
 |    17 |                4.527267 |              123.193205 |
 |    18 |                4.527267 |              123.193205 |
 |    19 |                4.570023 |              124.356671 |
 |    20 |                4.615706 |              125.599757 |
 -------------------------------------------------------------

  *** Quasiparticle energies obtained by linearization *** 

 -------------------------------------------------------------------------------
   One-shot G0W0 calculation
 -------------------------------------------------------------------------------
 |   # |       e_HF (eV) |      Sig_c (eV) |               Z |       e_QP (eV) |
 -------------------------------------------------------------------------------
 |   1 |      -14.967359 |       -0.450580 |        0.954299 |      -15.397347 |
 |   2 |        3.811019 |       -0.309969 |        0.987572 |        3.504902 |
 |   3 |        7.980615 |       -0.312911 |        0.990217 |        7.670765 |
 |   4 |       15.007827 |       -1.014670 |        0.961556 |       14.032164 |
 |   5 |       18.448394 |       -0.857735 |        0.976254 |       17.611026 |
 |   6 |       18.448394 |       -0.857735 |        0.976254 |       17.611026 |
 |   7 |       28.332911 |       -1.064552 |        0.831088 |       27.448175 |
 |   8 |       29.592486 |       -1.377003 |        0.929971 |       28.311913 |
 |   9 |       29.592486 |       -1.377003 |        0.929971 |       28.311913 |
 |  10 |       40.524002 |        0.678467 |        0.124583 |       40.608527 |
 |  11 |       46.553130 |       -2.322949 |        0.776170 |       44.750127 |
 |  12 |       53.474985 |       -1.421059 |        0.875559 |       52.230764 |
 |  13 |       86.551762 |       -1.005245 |        0.935894 |       85.610959 |
 |  14 |       86.551762 |       -1.005245 |        0.935894 |       85.610959 |
 |  15 |       89.863518 |       -1.481361 |        0.880707 |       88.558874 |
 |  16 |       89.863518 |       -1.481361 |        0.880707 |       88.558874 |
 |  17 |       96.285827 |       -0.165196 |        0.644208 |       96.179406 |
 |  18 |      106.639150 |       -7.800203 |        0.097468 |      105.878882 |
 |  19 |      106.639150 |       -7.800203 |        0.097468 |      105.878882 |
 |  20 |      107.584840 |       -1.275347 |        0.771798 |      106.600530 |
 |  21 |      108.442408 |       -2.285263 |        0.864656 |      106.466441 |
 |  22 |      108.442408 |       -2.285263 |        0.864656 |      106.466441 |
 |  23 |      108.599557 |       -1.925287 |        0.888026 |      106.889851 |
 |  24 |      108.599557 |       -1.925287 |        0.888026 |      106.889851 |
 |  25 |      124.737642 |      -12.571064 |        0.027067 |      124.397379 |
 |  26 |      131.861581 |       -2.253880 |        0.624635 |      130.453728 |
 |  27 |      141.150122 |       -3.310830 |        0.397693 |      139.833428 |
 |  28 |      141.150122 |       -3.310830 |        0.397693 |      139.833428 |
 |  29 |      145.571424 |        2.009190 |        0.123082 |      145.818719 |
 |  30 |      200.667838 |       -0.874322 |        0.895762 |      199.884654 |
 -------------------------------------------------------------------------------
          G0W0 HOMO      energy:     -15.397347 eV
          G0W0 LUMO      energy:       3.504902 eV
          G0W0 HOMO-LUMO gap   :      18.902250 eV
 -------------------------------------------------------------------------------
    RPA@G0W0 total energy      :      -1.174110 au
    RPA@G0W0 correlation energy:      -0.055371 au
    GM@G0W0  total energy      :      -1.220722 au
    GM@G0W0  correlation energy:      -0.101982 au
 -------------------------------------------------------------------------------


 -------------------------------------------------------------
   BSE@GW       calculation: singlet        manifold
 -------------------------------------------------------------
 | State |  Excitation energy (au) |  Excitation energy (eV) |
 -------------------------------------------------------------
 |     1 |                0.453428 |               12.338409 |
 |     2 |                0.619698 |               16.862830 |
 |     3 |                0.829401 |               22.569147 |
 |     4 |                0.905201 |               24.631781 |
 |     5 |                0.905201 |               24.631781 |
 |     6 |                1.235989 |               33.632976 |
 |     7 |                1.243733 |               33.843705 |
 |     8 |                1.243733 |               33.843705 |
 |     9 |                1.703224 |               46.347080 |
 |    10 |                1.864558 |               50.737199 |
 |    11 |                2.136453 |               58.135858 |
 |    12 |                3.259359 |               88.691664 |
 |    13 |                3.259359 |               88.691664 |
 |    14 |                3.377639 |               91.910238 |
 |    15 |                3.377639 |               91.910238 |
 |    16 |                3.670538 |               99.880422 |
 |    17 |                3.989566 |              108.561628 |
 |    18 |                3.989566 |              108.561628 |
 |    19 |                4.028858 |              109.630803 |
 |    20 |                4.028858 |              109.630803 |
 -------------------------------------------------------------

 ---------------------------------------------------------------
                 Transition dipole moment (au)                  
 ---------------------------------------------------------------
  #           X           Y           Z   dip. str.   osc. str.
 ---------------------------------------------------------------
  1    0.000000   -0.000000    1.321956    1.747568    0.528264
  2   -0.000000    0.000000    0.000000    0.000000    0.000000
  3    0.000000   -0.000000    0.466371    0.217502    0.120264
  4   -0.535305   -0.998578    0.000000    1.283710    0.774677
  5    0.998578   -0.535305   -0.000000    1.283710    0.774677
  6    0.000000   -0.000000   -0.000000    0.000000    0.000000
  7   -0.000000   -0.000000   -0.000000    0.000000    0.000000
  8   -0.000000    0.000000   -0.000000    0.000000    0.000000
  9   -0.000000    0.000000   -0.040852    0.001669    0.001895
 10    0.000000   -0.000000   -0.000000    0.000000    0.000000
 ---------------------------------------------------------------

 -------------------------------------------------------------
 Excitation n.   1:  12.338409 eV  f = 0.5283  <S**2> = 0.0000
 -------------------------------------------------------------
  1 ->   2 =   0.710982

 -------------------------------------------------------------
 Excitation n.   2:  16.862830 eV  f = 0.0000  <S**2> = 0.0000
 -------------------------------------------------------------
  1 ->   3 =   0.708156

 -------------------------------------------------------------
 Excitation n.   3:  22.569147 eV  f = 0.1203  <S**2> = 0.0000
 -------------------------------------------------------------
  1 ->   4 =  -0.710921

 -------------------------------------------------------------
 Excitation n.   4:  24.631781 eV  f = 0.7747  <S**2> = 0.0000
 -------------------------------------------------------------
  1 ->   5 =  -0.694697
  1 ->   6 =   0.138031

 -------------------------------------------------------------
 Excitation n.   5:  24.631781 eV  f = 0.7747  <S**2> = 0.0000
 -------------------------------------------------------------
  1 ->   5 =  -0.138031
  1 ->   6 =  -0.694697

 -------------------------------------------------------------
 Excitation n.   6:  33.632976 eV  f = 0.0000  <S**2> = 0.0000
 -------------------------------------------------------------
  1 ->   7 =  -0.706414

 -------------------------------------------------------------
 Excitation n.   7:  33.843705 eV  f = 0.0000  <S**2> = 0.0000
 -------------------------------------------------------------
  1 ->   9 =  -0.707148

 -------------------------------------------------------------
 Excitation n.   8:  33.843705 eV  f = 0.0000  <S**2> = 0.0000
 -------------------------------------------------------------
  1 ->   8 =  -0.707148

 -------------------------------------------------------------
 Excitation n.   9:  46.347080 eV  f = 0.0019  <S**2> = 0.0000
 -------------------------------------------------------------
  1 ->  10 =   0.706864

 -------------------------------------------------------------
 Excitation n.  10:  50.737199 eV  f = 0.0000  <S**2> = 0.0000
 -------------------------------------------------------------
  1 ->  11 =  -0.706413

Thomas-Reiche-Kuhn sum rule =   2.199778


 *** dynamical TDA activated ***

 ---------------------------------------------------------------------------------------------------
  First-order dynamical correction to static Bethe-Salpeter excitation energies                     
 ---------------------------------------------------------------------------------------------------
  BSE neutral excitation must be lower than the GW gap =  18.902250 eV
 ---------------------------------------------------------------------------------------------------
      #          Static (eV)         Dynamic (eV)      Correction (eV)         Renorm. (eV)
 ---------------------------------------------------------------------------------------------------
      1           12.338409           12.262230           -0.076179            1.009536
      2           16.862830           16.783969           -0.078861            1.010706
      3           22.569147           22.372145           -0.197003            1.022683
      4           24.631781           24.390609           -0.241172            1.022168
      5           24.631781           24.390609           -0.241172            1.022168
      6           33.632976           33.422985           -0.209991            1.017324
      7           33.843705           33.654874           -0.188831            1.013731
      8           33.843705           33.654874           -0.188831            1.013731
      9           46.347080           46.188922           -0.158159            1.014661
     10           50.737199           50.441326           -0.295874            1.021619
 ---------------------------------------------------------------------------------------------------


 -------------------------------------------------------------
   BSE@GW       calculation: triplet        manifold
 -------------------------------------------------------------
 | State |  Excitation energy (au) |  Excitation energy (eV) |
 -------------------------------------------------------------
 |     1 |                0.308955 |                8.407085 |
 |     2 |                0.514537 |               14.001265 |
 |     3 |                0.695923 |               18.937040 |
 |     4 |                0.739085 |               20.111520 |
 |     5 |                0.739085 |               20.111520 |
 |     6 |                1.139243 |               31.000369 |
 |     7 |                1.176803 |               32.022437 |
 |     8 |                1.176803 |               32.022437 |
 |     9 |                1.660304 |               45.179173 |
 |    10 |                1.752273 |               47.681766 |
 |    11 |                2.033314 |               55.329287 |
 |    12 |                3.171639 |               86.304686 |
 |    13 |                3.171639 |               86.304686 |
 |    14 |                3.246637 |               88.345490 |
 |    15 |                3.246637 |               88.345490 |
 |    16 |                3.535780 |               96.213474 |
 |    17 |                3.930885 |              106.964839 |
 |    18 |                3.930885 |              106.964839 |
 |    19 |                3.946725 |              107.395867 |
 |    20 |                3.946725 |              107.395867 |
 -------------------------------------------------------------

 -------------------------------------------------------------
 Excitation n.   1:   8.407085 eV  f = 0.0000  <S**2> = 2.0000
 -------------------------------------------------------------
  1 ->   2 =  -0.669168
  1 ->   4 =   0.239292

 -------------------------------------------------------------
 Excitation n.   2:  14.001265 eV  f = 0.0000  <S**2> = 2.0000
 -------------------------------------------------------------
  1 ->   3 =   0.704527

 -------------------------------------------------------------
 Excitation n.   3:  18.937040 eV  f = 0.0000  <S**2> = 2.0000
 -------------------------------------------------------------
  1 ->   2 =   0.236443
  1 ->   4 =   0.664483

 -------------------------------------------------------------
 Excitation n.   4:  20.111520 eV  f = 0.0000  <S**2> = 2.0000
 -------------------------------------------------------------
  1 ->   5 =   0.588595
  1 ->   6 =   0.392672

 -------------------------------------------------------------
 Excitation n.   5:  20.111520 eV  f = 0.0000  <S**2> = 2.0000
 -------------------------------------------------------------
  1 ->   5 =   0.392672
  1 ->   6 =  -0.588595

 -------------------------------------------------------------
 Excitation n.   6:  31.000369 eV  f = 0.0000  <S**2> = 2.0000
 -------------------------------------------------------------
  1 ->   7 =  -0.704916

 -------------------------------------------------------------
 Excitation n.   7:  32.022437 eV  f = 0.0000  <S**2> = 2.0000
 -------------------------------------------------------------
  1 ->   8 =   0.647958
  1 ->   9 =  -0.282878

 -------------------------------------------------------------
 Excitation n.   8:  32.022437 eV  f = 0.0000  <S**2> = 2.0000
 -------------------------------------------------------------
  1 ->   8 =   0.282878
  1 ->   9 =   0.647958

 -------------------------------------------------------------
 Excitation n.   9:  45.179173 eV  f = 0.0000  <S**2> = 2.0000
 -------------------------------------------------------------
  1 ->  10 =   0.704802

 -------------------------------------------------------------
 Excitation n.  10:  47.681766 eV  f = 0.0000  <S**2> = 2.0000
 -------------------------------------------------------------
  1 ->  11 =   0.705010

Thomas-Reiche-Kuhn sum rule =   0.000000


 *** dynamical TDA activated ***

 ---------------------------------------------------------------------------------------------------
  First-order dynamical correction to static Bethe-Salpeter excitation energies                     
 ---------------------------------------------------------------------------------------------------
  BSE neutral excitation must be lower than the GW gap =  18.902250 eV
 ---------------------------------------------------------------------------------------------------
      #          Static (eV)         Dynamic (eV)      Correction (eV)         Renorm. (eV)
 ---------------------------------------------------------------------------------------------------
      1            8.407085            8.108051           -0.299034            1.013947
      2           14.001265           13.840298           -0.160967            1.010653
      3           18.937040           18.693491           -0.243550            1.009210
      4           20.111520           19.758060           -0.353460            1.017789
      5           20.111520           19.758060           -0.353460            1.017789
      6           31.000369           30.727521           -0.272848            1.013447
      7           32.022437           31.801738           -0.220699            1.012567
      8           32.022437           31.801738           -0.220699            1.012567
      9           45.179173           44.985834           -0.193339            1.000002
     10           47.681766           47.158619           -0.523147            0.410269
 ---------------------------------------------------------------------------------------------------


 -------------------------------------------------------------------------------
          Tr@BSE@G0W0 correlation energy (singlet) =       -0.0343515606
          Tr@BSE@G0W0 correlation energy (triplet) =       -0.0145439487
          Tr@BSE@G0W0 correlation energy           =       -0.0488955092
          Tr@BSE@G0W0 total energy                 =       -1.1676350408
 -------------------------------------------------------------------------------

                                       Total CPU time for G0W0 =      0.013 seconds


 ************************************************
 |          One-shot G0T0 calculation           |
 ************************************************


 -------------------------------------------------------------
   pp-RPA (N+2) calculation: alpha-beta     manifold
 -------------------------------------------------------------
 | State |  Excitation energy (au) |  Excitation energy (eV) |
 -------------------------------------------------------------
 |     1 |                0.558227 |               15.190131 |
 |     2 |                0.655532 |               17.837940 |
 |     3 |                0.725401 |               19.739170 |
 |     4 |                0.846134 |               23.024477 |
 |     5 |                0.947030 |               25.769997 |
 |     6 |                1.034904 |               28.161178 |
 |     7 |                1.103171 |               30.018804 |
 |     8 |                1.110253 |               30.211512 |
 |     9 |                1.110253 |               30.211512 |
 |    10 |                1.129404 |               30.732659 |
 |    11 |                1.129404 |               30.732659 |
 |    12 |                1.150940 |               31.318678 |
 |    13 |                1.271274 |               34.593135 |
 |    14 |                1.271274 |               34.593135 |
 |    15 |                1.283441 |               34.924212 |
 |    16 |                1.283441 |               34.924212 |
 |    17 |                1.459501 |               39.715037 |
 |    18 |                1.484703 |               40.400835 |
 |    19 |                1.509062 |               41.063667 |
 |    20 |                1.509062 |               41.063667 |
 -------------------------------------------------------------


 -------------------------------------------------------------
   pp-RPA (N-2) calculation: alpha-beta     manifold
 -------------------------------------------------------------
 | State |  Excitation energy (au) |  Excitation energy (eV) |
 -------------------------------------------------------------
 |     1 |               -1.685935 |              -45.876625 |
 -------------------------------------------------------------


 -------------------------------------------------------------
   pp-RPA (N+2) calculation: alpha-alpha    manifold
 -------------------------------------------------------------
 | State |  Excitation energy (au) |  Excitation energy (eV) |
 -------------------------------------------------------------
 |     1 |                0.655532 |               17.837940 |
 |     2 |                0.947030 |               25.769997 |
 |     3 |                1.103171 |               30.018804 |
 |     4 |                1.110253 |               30.211512 |
 |     5 |                1.110253 |               30.211512 |
 |     6 |                1.271274 |               34.593135 |
 |     7 |                1.271274 |               34.593135 |
 |     8 |                1.459501 |               39.715037 |
 |     9 |                1.509062 |               41.063667 |
 |    10 |                1.509062 |               41.063667 |
 |    11 |                1.591008 |               43.293539 |
 |    12 |                1.591008 |               43.293539 |
 |    13 |                1.616866 |               43.997157 |
 |    14 |                1.684260 |               45.831053 |
 |    15 |                1.684260 |               45.831053 |
 |    16 |                1.770600 |               48.180481 |
 |    17 |                1.924589 |               52.370747 |
 |    18 |                1.930880 |               52.541916 |
 |    19 |                1.977486 |               53.810141 |
 |    20 |                1.977486 |               53.810141 |
 -------------------------------------------------------------


 -------------------------------------------------------------
   pp-RPA (N-2) calculation: alpha-alpha    manifold
 -------------------------------------------------------------
 | State |  Excitation energy (au) |  Excitation energy (eV) |
 -------------------------------------------------------------
 -------------------------------------------------------------

 -------------------------------------------------------------------------------
   One-shot G0T0 calculation (T-matrix self-energy)  
 -------------------------------------------------------------------------------
 |   # |       e_HF (eV) |    Sigma_T (eV) |               Z |       e_QP (eV) |
 -------------------------------------------------------------------------------
 |   1 |      -14.967359 |       -0.136583 |        0.987479 |      -15.102232 |
 |   2 |        3.811019 |       -0.318143 |        0.992291 |        3.495329 |
 |   3 |        7.980615 |       -0.202518 |        0.995159 |        7.779078 |
 |   4 |       15.007827 |       -0.628916 |        0.984308 |       14.388780 |
 |   5 |       18.448394 |       -0.704783 |        0.985156 |       17.754072 |
 |   6 |       18.448394 |       -0.704783 |        0.985156 |       17.754072 |
 |   7 |       28.332911 |       -1.432820 |        0.739447 |       27.273417 |
 |   8 |       29.592486 |       -0.767508 |        0.976825 |       28.842766 |
 |   9 |       29.592486 |       -0.767508 |        0.976825 |       28.842766 |
 |  10 |       40.524002 |       -0.685737 |        0.965647 |       39.861821 |
 |  11 |       46.553130 |       -0.982984 |        0.953157 |       45.616192 |
 |  12 |       53.474985 |       -0.990628 |        0.837080 |       52.645751 |
 |  13 |       86.551762 |        0.456379 |        0.394250 |       86.731689 |
 |  14 |       86.551762 |        0.456379 |        0.394250 |       86.731689 |
 |  15 |       89.863518 |       -1.359371 |        0.885202 |       88.660201 |
 |  16 |       89.863518 |       -1.359371 |        0.885202 |       88.660201 |
 |  17 |       96.285827 |      -13.034347 |        0.012881 |       96.117937 |
 |  18 |      106.639150 |       -1.773197 |        0.889914 |      105.061158 |
 |  19 |      106.639150 |       -1.773197 |        0.889914 |      105.061158 |
 |  20 |      107.584840 |       -3.452959 |        0.124332 |      107.155527 |
 |  21 |      108.442408 |       -1.255734 |        0.879456 |      107.338046 |
 |  22 |      108.442408 |       -1.255734 |        0.879456 |      107.338046 |
 |  23 |      108.599557 |       -1.864825 |        0.566728 |      107.542707 |
 |  24 |      108.599557 |       -1.864825 |        0.566728 |      107.542707 |
 |  25 |      124.737642 |       -1.379991 |        0.907260 |      123.485631 |
 |  26 |      131.861581 |       -1.154064 |        0.789350 |      130.950621 |
 |  27 |      141.150122 |        1.041174 |        0.400314 |      141.566917 |
 |  28 |      141.150122 |        1.041174 |        0.400314 |      141.566917 |
 |  29 |      145.571424 |       -4.311478 |        0.505966 |      143.389964 |
 |  30 |      200.667838 |       -0.164311 |        0.889987 |      200.521604 |
 -------------------------------------------------------------------------------
             G0T0 HOMO      energy (eV)            =     -15.102232 eV
             G0T0 LUMO      energy (eV)            =       3.495329 eV
             G0T0 HOMO-LUMO gap    (eV)            =      18.597560 eV
 -------------------------------------------------------------------------------
        Tr@ppRPA@G0T0 correlation energy (singlet) =       -0.0209363218 au
        Tr@ppRPA@G0T0 correlation energy (triplet) =        0.0000000000 au
        Tr@ppRPA@G0T0 correlation energy           =       -0.0209363218 au
        Tr@ppRPA@G0T0 total energy                 =       -1.1396758534 au
              GM@G0T0 correlation energy           =       -0.0342066601 au
              GM@G0T0 total energy                 =       -1.1529461916 au
 -------------------------------------------------------------------------------


 -------------------------------------------------------------
   BSE@GT       calculation: singlet        manifold
 -------------------------------------------------------------
 | State |  Excitation energy (au) |  Excitation energy (eV) |
 -------------------------------------------------------------
 |     1 |                0.445464 |               12.121691 |
 |     2 |                0.587096 |               15.975704 |
 |     3 |                0.800591 |               21.785189 |
 |     4 |                0.869579 |               23.662444 |
 |     5 |                0.869579 |               23.662444 |
 |     6 |                1.182207 |               32.169485 |
 |     7 |                1.224006 |               33.306894 |
 |     8 |                1.224006 |               33.306894 |
 |     9 |                1.644233 |               44.741869 |
 |    10 |                1.831268 |               49.831327 |
 |    11 |                2.088394 |               56.828083 |
 |    12 |                3.225299 |               87.764858 |
 |    13 |                3.225299 |               87.764858 |
 |    14 |                3.282004 |               89.307872 |
 |    15 |                3.282004 |               89.307872 |
 |    16 |                3.568506 |               97.104002 |
 |    17 |                3.893739 |              105.954038 |
 |    18 |                3.893739 |              105.954038 |
 |    19 |                3.983215 |              108.388804 |
 |    20 |                3.983215 |              108.388804 |
 -------------------------------------------------------------

 ---------------------------------------------------------------
                 Transition dipole moment (au)                  
 ---------------------------------------------------------------
  #           X           Y           Z   dip. str.   osc. str.
 ---------------------------------------------------------------
  1   -0.000000    0.000000   -1.453489    2.112629    0.627400
  2   -0.000000    0.000000    0.000000    0.000000    0.000000
  3    0.000000   -0.000000    0.528447    0.279256    0.149047
  4    0.243221    1.148629   -0.000000    1.378505    0.799146
  5   -1.148629    0.243221    0.000000    1.378505    0.799146
  6    0.000000   -0.000000   -0.000000    0.000000    0.000000
  7   -0.000000    0.000000   -0.000000    0.000000    0.000000
  8   -0.000000   -0.000000   -0.000000    0.000000    0.000000
  9    0.000000   -0.000000    0.044340    0.001966    0.002155
 10   -0.000000    0.000000    0.000000    0.000000    0.000000
 ---------------------------------------------------------------

 -------------------------------------------------------------
 Excitation n.   1:  12.121691 eV  f = 0.6274  <S**2> = 0.0000
 -------------------------------------------------------------
  1 ->   2 =  -0.706828

 -------------------------------------------------------------
 Excitation n.   2:  15.975704 eV  f = 0.0000  <S**2> = 0.0000
 -------------------------------------------------------------
  1 ->   3 =   0.707022

 -------------------------------------------------------------
 Excitation n.   3:  21.785189 eV  f = 0.1490  <S**2> = 0.0000
 -------------------------------------------------------------
  1 ->   4 =  -0.706527

 -------------------------------------------------------------
 Excitation n.   4:  23.662444 eV  f = 0.7991  <S**2> = 0.0000
 -------------------------------------------------------------
  1 ->   5 =   0.704556

 -------------------------------------------------------------
 Excitation n.   5:  23.662444 eV  f = 0.7991  <S**2> = 0.0000
 -------------------------------------------------------------
  1 ->   6 =   0.704556

 -------------------------------------------------------------
 Excitation n.   6:  32.169485 eV  f = 0.0000  <S**2> = 0.0000
 -------------------------------------------------------------
  1 ->   7 =   0.706310

 -------------------------------------------------------------
 Excitation n.   7:  33.306894 eV  f = 0.0000  <S**2> = 0.0000
 -------------------------------------------------------------
  1 ->   8 =  -0.638985
  1 ->   9 =  -0.302693

 -------------------------------------------------------------
 Excitation n.   8:  33.306894 eV  f = 0.0000  <S**2> = 0.0000
 -------------------------------------------------------------
  1 ->   8 =   0.302693
  1 ->   9 =  -0.638985

 -------------------------------------------------------------
 Excitation n.   9:  44.741869 eV  f = 0.0022  <S**2> = 0.0000
 -------------------------------------------------------------
  1 ->  10 =  -0.706769

 -------------------------------------------------------------
 Excitation n.  10:  49.831327 eV  f = 0.0000  <S**2> = 0.0000
 -------------------------------------------------------------
  1 ->  11 =   0.706084

Thomas-Reiche-Kuhn sum rule =   2.376893


 *** dynamical TDA activated ***

 ---------------------------------------------------------------------------------------------------
  First-order dynamical correction to static Bethe-Salpeter excitation energies                     
 ---------------------------------------------------------------------------------------------------
  BSE neutral excitation must be lower than the GT gap =  18.597560 eV
 ---------------------------------------------------------------------------------------------------
      #          Static (eV)         Dynamic (eV)      Correction (eV)         Renorm. (eV)
 ---------------------------------------------------------------------------------------------------
      1           12.121691           12.046565           -0.075125            1.002173
      2           15.975704           15.997761            0.022057            0.994078
      3           21.785189           21.833440            0.048251            0.995634
      4           23.662444           23.648460           -0.013984            1.001784
      5           23.662444           23.648460           -0.013984            1.001784
      6           32.169485           32.167069           -0.002416            0.989907
      7           33.306894           33.295765           -0.011128            0.996034
      8           33.306894           33.295765           -0.011128            0.996034
      9           44.741869           44.722186           -0.019684            0.997134
     10           49.831327           49.653472           -0.177856            0.943681
 ---------------------------------------------------------------------------------------------------


 -------------------------------------------------------------
   BSE@GT       calculation: triplet        manifold
 -------------------------------------------------------------
 | State |  Excitation energy (au) |  Excitation energy (eV) |
 -------------------------------------------------------------
 |     1 |                0.291690 |                7.937287 |
 |     2 |                0.506524 |               13.783221 |
 |     3 |                0.687535 |               18.708779 |
 |     4 |                0.712628 |               19.391591 |
 |     5 |                0.712628 |               19.391591 |
 |     6 |                1.113152 |               30.290403 |
 |     7 |                1.175329 |               31.982323 |
 |     8 |                1.175329 |               31.982323 |
 |     9 |                1.612329 |               43.873712 |
 |    10 |                1.748870 |               47.589172 |
 |    11 |                2.015359 |               54.840705 |
 |    12 |                3.156182 |               85.884087 |
 |    13 |                3.156182 |               85.884087 |
 |    14 |                3.176731 |               86.443258 |
 |    15 |                3.176731 |               86.443258 |
 |    16 |                3.466261 |               94.321776 |
 |    17 |                3.848169 |              104.714012 |
 |    18 |                3.848169 |              104.714012 |
 |    19 |                3.925095 |              106.807272 |
 |    20 |                3.925095 |              106.807272 |
 -------------------------------------------------------------

 -------------------------------------------------------------
 Excitation n.   1:   7.937287 eV  f = 0.0000  <S**2> = 2.0000
 -------------------------------------------------------------
  1 ->   2 =  -0.663073
  1 ->   4 =   0.246941

 -------------------------------------------------------------
 Excitation n.   2:  13.783221 eV  f = 0.0000  <S**2> = 2.0000
 -------------------------------------------------------------
  1 ->   3 =  -0.703502

 -------------------------------------------------------------
 Excitation n.   3:  18.708779 eV  f = 0.0000  <S**2> = 2.0000
 -------------------------------------------------------------
  1 ->   2 =  -0.247649
  1 ->   4 =  -0.659137

 -------------------------------------------------------------
 Excitation n.   4:  19.391591 eV  f = 0.0000  <S**2> = 2.0000
 -------------------------------------------------------------
  1 ->   5 =   0.688358
  1 ->   6 =   0.160838

 -------------------------------------------------------------
 Excitation n.   5:  19.391591 eV  f = 0.0000  <S**2> = 2.0000
 -------------------------------------------------------------
  1 ->   5 =   0.160838
  1 ->   6 =  -0.688358

 -------------------------------------------------------------
 Excitation n.   6:  30.290403 eV  f = 0.0000  <S**2> = 2.0000
 -------------------------------------------------------------
  1 ->   7 =  -0.704353

 -------------------------------------------------------------
 Excitation n.   7:  31.982323 eV  f = 0.0000  <S**2> = 2.0000
 -------------------------------------------------------------
  1 ->   8 =   0.249265
  1 ->   9 =  -0.661505

 -------------------------------------------------------------
 Excitation n.   8:  31.982323 eV  f = 0.0000  <S**2> = 2.0000
 -------------------------------------------------------------
  1 ->   8 =   0.661505
  1 ->   9 =   0.249265

 -------------------------------------------------------------
 Excitation n.   9:  43.873712 eV  f = 0.0000  <S**2> = 2.0000
 -------------------------------------------------------------
  1 ->  10 =   0.704021

 -------------------------------------------------------------
 Excitation n.  10:  47.589172 eV  f = 0.0000  <S**2> = 2.0000
 -------------------------------------------------------------
  1 ->  11 =  -0.704499

Thomas-Reiche-Kuhn sum rule =   0.000000


 *** dynamical TDA activated ***

 ---------------------------------------------------------------------------------------------------
  First-order dynamical correction to static Bethe-Salpeter excitation energies                     
 ---------------------------------------------------------------------------------------------------
  BSE neutral excitation must be lower than the GT gap =  18.597560 eV
 ---------------------------------------------------------------------------------------------------
      #          Static (eV)         Dynamic (eV)      Correction (eV)         Renorm. (eV)
 ---------------------------------------------------------------------------------------------------
      1            7.937287            7.785133           -0.152154            1.004443
      2           13.783221           13.693137           -0.090083            1.007384
      3           18.708779           18.632981           -0.075798            1.004850
      4           19.391591           19.324318           -0.067274            1.005117
      5           19.391591           19.324318           -0.067274            1.005117
      6           30.290403           30.276080           -0.014323            1.013273
      7           31.982323           31.996832            0.014509            1.008521
      8           31.982323           31.996832            0.014509            1.008521
      9           43.873712           43.958608            0.084896            1.009114
     10           47.589172           47.755777            0.166605            1.034923
 ---------------------------------------------------------------------------------------------------


 -------------------------------------------------------------------------------
          Tr@BSE@G0T0 correlation energy (singlet) =       -0.0034623121 au
          Tr@BSE@G0T0 correlation energy (triplet) =       -0.0046224040 au
          Tr@BSE@G0T0 correlation energy           =       -0.0080847160 au
          Tr@BSE@G0T0 total energy                 =       -1.1268242476 au
 -------------------------------------------------------------------------------

                                       Total CPU time for G0T0 =     11.629 seconds

                                      Total CPU time for QuAcK =     25.682 seconds

