78 significant shell pairs computed in 0.000038 seconds
0
Computed Electron repulsion integrals Integrals in parallel in 0.112638 seconds

 ******************************************************************************************
 *            QuAcK                       QuAcK                         QuAcK             *
 *   __        __        __       __        __        __       __        __        __     *
 * <(o )___  <(o )___  <(o )___ <(o )___  <(o )___  <(o )___ <(o )___  <(o )___  <(o )___ *
 * ( ._> /   ( ._> /   ( ._> /  ( ._> /   ( ._> /   ( ._> /  ( ._> /   ( ._> /   ( ._> /  *
 *|--------------------------------------------------------------------------------------|*
 ******************************************************************************************

      ----------------------
             Number of atoms                2
      ----------------------

      ----------------------
Number of spin-up   electron                1
Number of spin-down electron                1
    Total number of electron                2
      ----------------------

      ----------------------
Number of core      electron                0
Number of Rydberg   electron                0
      ----------------------

          ------------------
          Molecular geometry
          ------------------
                    Atom n.                 1
                        Z =      1.0000000000
           Atom coordinates:     0.0000000000    0.0000000000    0.0000000000
                    Atom n.                 2
                        Z =      1.0000000000
           Atom coordinates:     0.0000000000    0.0000000000    1.5117809004

          ------------------
 Nuclear repulsion energy =      0.6614715133
          ------------------

          Gaussian basis set
          ------------------
                    Atom n.                 1
           number of shells                 6
          ------------------
      s-type shell with K =                 5
                                    Exponents     Contraction
                                33.8700000000    0.0060680000
                                 5.0950000000    0.0453080000
                                 1.1590000000    0.2028220000
                                 0.3258000000    0.5039030000
                                 0.1027000000    0.3834210000
      s-type shell with K =                 1
                                    Exponents     Contraction
                                 0.3258000000    1.0000000000
      s-type shell with K =                 1
                                    Exponents     Contraction
                                 0.1027000000    1.0000000000
      p-type shell with K =                 1
                                    Exponents     Contraction
                                 1.4070000000    1.0000000000
      p-type shell with K =                 1
                                    Exponents     Contraction
                                 0.3880000000    1.0000000000
      d-type shell with K =                 1
                                    Exponents     Contraction
                                 1.0570000000    1.0000000000
          ------------------
                    Atom n.                 2
           number of shells                 6
          ------------------
      s-type shell with K =                 5
                                    Exponents     Contraction
                                33.8700000000    0.0060680000
                                 5.0950000000    0.0453080000
                                 1.1590000000    0.2028220000
                                 0.3258000000    0.5039030000
                                 0.1027000000    0.3834210000
      s-type shell with K =                 1
                                    Exponents     Contraction
                                 0.3258000000    1.0000000000
      s-type shell with K =                 1
                                    Exponents     Contraction
                                 0.1027000000    1.0000000000
      p-type shell with K =                 1
                                    Exponents     Contraction
                                 1.4070000000    1.0000000000
      p-type shell with K =                 1
                                    Exponents     Contraction
                                 0.3880000000    1.0000000000
      d-type shell with K =                 1
                                    Exponents     Contraction
                                 1.0570000000    1.0000000000
          ------------------
            Number of shells               12
          ------------------

          ------------------
   Number of basis functions               30
          ------------------

 Scaling integrals by    1.0000000000000000     

                          Total CPU time for reading integrals =      0.040 seconds


 ************************************************
 |    Restricted Hartree-Fock calculation       |
 ************************************************


 ----------------------------------------------------
 | RHF calculation                                  |
 ----------------------------------------------------
 |   # |        HF energy |       Conv |     HL Gap |
 ----------------------------------------------------
 |   1 |    -0.8961644573 |   0.842114 |   1.435700 |
 |   2 |    -1.1156462176 |   0.232200 |   1.718643 |
 |   3 |    -1.1309883150 |   0.081504 |   1.734900 |
 |   4 |    -1.1321122718 |   0.040688 |   1.735476 |
 |   5 |    -1.1317805814 |   0.022347 |   1.734870 |
 |   6 |    -1.1313541958 |   0.012965 |   1.734311 |
 |   7 |    -1.1310202825 |   0.007776 |   1.733904 |
 |   8 |    -1.1307843680 |   0.004766 |   1.733623 |
 |   9 |    -1.1306235992 |   0.002963 |   1.733433 |
 |  10 |    -1.1305158589 |   0.001861 |   1.733307 |
 |  11 |    -1.1304443633 |   0.001177 |   1.733223 |
 |  12 |    -1.1303972426 |   0.000748 |   1.733167 |
 |  13 |    -1.1303663472 |   0.000477 |   1.733131 |
 |  14 |    -1.1303461722 |   0.000305 |   1.733107 |
 |  15 |    -1.1303330402 |   0.000195 |   1.733091 |
 |  16 |    -1.1303245143 |   0.000125 |   1.733081 |
 |  17 |    -1.1303189901 |   0.000080 |   1.733075 |
 |  18 |    -1.1303154165 |   0.000052 |   1.733070 |
 |  19 |    -1.1303131077 |   0.000033 |   1.733068 |
 |  20 |    -1.1303116175 |   0.000021 |   1.733066 |
 |  21 |    -1.1303106564 |   0.000014 |   1.733065 |
 |  22 |    -1.1303100369 |   0.000009 |   1.733064 |
 |  23 |    -1.1303096378 |   0.000006 |   1.733064 |
 |  24 |    -1.1303093808 |   0.000004 |   1.733063 |
 |  25 |    -1.1303092153 |   0.000002 |   1.733063 |
 |  26 |    -1.1303091088 |   0.000002 |   1.733063 |
 |  27 |    -1.1303090403 |   0.000001 |   1.733063 |
 |  28 |    -1.1303089962 |   0.000001 |   1.733063 |
 |  29 |    -1.1303089678 |   0.000000 |   1.733063 |
 |  30 |    -1.1303089495 |   0.000000 |   1.733063 |
 |  31 |    -1.1303089378 |   0.000000 |   1.733063 |
 |  32 |    -1.1303089302 |   0.000000 |   1.733063 |
 |  33 |    -1.1303089359 |   0.000000 |   0.733063 |
 ----------------------------------------------------

         -----------------------------------------
           Summary              
         -----------------------------------------
           One-electron energy:     -2.4297754721 au
           Kinetic      energy:      1.0662557070 au
           Potential    energy:     -3.4960311791 au
         -----------------------------------------
           Two-electron energy:      0.6379950229 au
           Hartree      energy:      1.2759900457 au
           Exchange     energy:     -0.6379950229 au
         -----------------------------------------
           Electronic   energy:     -1.7917804492 au
           Nuclear   repulsion:      0.6614715133 au
           RHF          energy:     -1.1303089359 au
         -----------------------------------------
           HF HOMO      energy:        -15.698050 eV
           HF LUMO      energy:          4.249602 eV
           HF HOMO-LUMO gap   :         19.947653 eV
         -----------------------------------------
          Dipole moment (Debye)    
                   X         Y         Z      Tot.
           -0.000000  0.000000  0.000000  0.000000
         -----------------------------------------

           ---------------------------------------
                 MO coefficients
           ---------------------------------------
                 1              2              3              4              5
      1    -0.74919586    -0.50291935     0.16032597    -0.20803242     0.00000000
      2     0.08669565     0.51586561    -1.17025418     2.06475024     0.00000000
      3     0.14374498    -2.01333104     0.89724662    -2.23938774     0.00000000
      4     0.00000000     0.00000000     0.00000000     0.00000000    -0.02702338
      5     0.00000000     0.00000000     0.00000000     0.00000000     0.05311330
      6    -0.01145924     0.00631812    -0.01932242    -0.01614579     0.00000000
      7     0.00000000     0.00000000     0.00000000     0.00000000     0.26567679
      8     0.00000000     0.00000000     0.00000000     0.00000000    -0.52217632
      9    -0.01918137     0.02258322     0.01986209    -0.12924136     0.00000000
     10     0.00234205    -0.03598001     0.10034439    -0.12965997     0.00000000
     11     0.00000000     0.00000000     0.00000000     0.00000000     0.00000000
     12     0.00000000     0.00000000     0.00000000     0.00000000    -0.00506799
     13     0.00234205    -0.03598001     0.10034439    -0.12965997     0.00000000
     14     0.00000000     0.00000000     0.00000000     0.00000000     0.00996091
     15     0.00024445    -0.03869072     0.09746452    -0.14125722     0.00000000
     16    -0.74919586     0.50291935     0.16032597     0.20803242     0.00000000
     17     0.08669565    -0.51586561    -1.17025418    -2.06475024     0.00000000
     18     0.14374498     2.01333104     0.89724662     2.23938774     0.00000000
     19     0.00000000     0.00000000     0.00000000     0.00000000    -0.02702338
     20     0.00000000     0.00000000     0.00000000     0.00000000     0.05311330
     21     0.01145924     0.00631812     0.01932242    -0.01614579     0.00000000
     22     0.00000000     0.00000000     0.00000000     0.00000000     0.26567679
     23     0.00000000     0.00000000     0.00000000     0.00000000    -0.52217632
     24     0.01918137     0.02258322    -0.01986209    -0.12924136     0.00000000
     25     0.00234205     0.03598001     0.10034439     0.12965997     0.00000000
     26     0.00000000     0.00000000     0.00000000     0.00000000     0.00000000
     27     0.00000000     0.00000000     0.00000000     0.00000000     0.00506799
     28     0.00234205     0.03598001     0.10034439     0.12965997     0.00000000
     29     0.00000000     0.00000000     0.00000000     0.00000000    -0.00996091
     30     0.00024445     0.03869072     0.09746452     0.14125722     0.00000000
                 6              7              8              9             10
      1     0.00000000     0.27351615     0.00000000     0.00000000     0.28980005
      2     0.00000000    -0.95247478     0.00000000     0.00000000     9.90847378
      3     0.00000000     0.27860553     0.00000000     0.00000000    -0.01803588
      4    -0.05311330     0.00000000     0.01144257    -0.07896479     0.00000000
      5    -0.02702338     0.00000000    -0.07896479    -0.01144257     0.00000000
      6     0.00000000    -0.10316009     0.00000000     0.00000000     0.11849866
      7     0.52217632     0.00000000    -0.18841438     1.30024180     0.00000000
      8     0.26567679     0.00000000     1.30024180     0.18841438     0.00000000
      9     0.00000000     0.96871484     0.00000000     0.00000000     5.44856609
     10     0.00000000     0.02499264     0.00000000     0.00000000    -0.12062284
     11     0.00000000     0.00000000     0.00000000     0.00000000     0.00000000
     12    -0.00996091     0.00000000    -0.01149528     0.07932856     0.00000000
     13     0.00000000     0.02499264     0.00000000     0.00000000    -0.12062284
     14    -0.00506799     0.00000000     0.07932856     0.01149528     0.00000000
     15     0.00000000     0.08862807     0.00000000     0.00000000     0.35937062
     16     0.00000000     0.27351615     0.00000000     0.00000000    -0.28980005
     17     0.00000000    -0.95247478     0.00000000     0.00000000    -9.90847378
     18     0.00000000     0.27860553     0.00000000     0.00000000     0.01803588
     19    -0.05311330     0.00000000    -0.01144257     0.07896479     0.00000000
     20    -0.02702338     0.00000000     0.07896479     0.01144257     0.00000000
     21     0.00000000     0.10316009     0.00000000     0.00000000     0.11849866
     22     0.52217632     0.00000000     0.18841438    -1.30024180     0.00000000
     23     0.26567679     0.00000000    -1.30024180    -0.18841438     0.00000000
     24     0.00000000    -0.96871484     0.00000000     0.00000000     5.44856609
     25     0.00000000     0.02499264     0.00000000     0.00000000     0.12062284
     26     0.00000000     0.00000000     0.00000000     0.00000000     0.00000000
     27     0.00996091     0.00000000    -0.01149528     0.07932856     0.00000000
     28     0.00000000     0.02499264     0.00000000     0.00000000     0.12062284
     29     0.00506799     0.00000000     0.07932856     0.01149528     0.00000000
     30     0.00000000     0.08862807     0.00000000     0.00000000    -0.35937062
                11             12             13             14             15
      1     4.33187301    -4.93210456     0.00000000     0.00000000     0.00000000
      2    -4.40627180     7.21860779     0.00000000     0.00000000     0.00000000
      3    -1.04528922     0.24290046     0.00000000     0.00000000     0.00000000
      4     0.00000000     0.00000000     0.00000000     0.00000000     0.40715825
      5     0.00000000     0.00000000     0.00000000     0.00000000    -0.35214849
      6     0.02934050     0.10659839     0.00000000     0.00000000     0.00000000
      7     0.00000000     0.00000000     0.00000000     0.00000000    -0.25574139
      8     0.00000000     0.00000000     0.00000000     0.00000000     0.22118905
      9    -0.29958203     0.76924069     0.00000000     0.00000000     0.00000000
     10     0.52291988    -0.57000624     0.00216806     0.53732342     0.00000000
     11     0.00000000     0.00000000    -0.62044764     0.00250346     0.00000000
     12     0.00000000     0.00000000     0.00000000     0.00000000     0.28699435
     13     0.52291988    -0.57000624    -0.00216806    -0.53732342     0.00000000
     14     0.00000000     0.00000000     0.00000000     0.00000000    -0.24821952
     15     0.53288313    -0.39925498     0.00000000     0.00000000     0.00000000
     16     4.33187301     4.93210456     0.00000000     0.00000000     0.00000000
     17    -4.40627180    -7.21860779     0.00000000     0.00000000     0.00000000
     18    -1.04528922    -0.24290046     0.00000000     0.00000000     0.00000000
     19     0.00000000     0.00000000     0.00000000     0.00000000     0.40715825
     20     0.00000000     0.00000000     0.00000000     0.00000000    -0.35214849
     21    -0.02934050     0.10659839     0.00000000     0.00000000     0.00000000
     22     0.00000000     0.00000000     0.00000000     0.00000000    -0.25574139
     23     0.00000000     0.00000000     0.00000000     0.00000000     0.22118905
     24     0.29958203     0.76924069     0.00000000     0.00000000     0.00000000
     25     0.52291988     0.57000624     0.00216806     0.53732342     0.00000000
     26     0.00000000     0.00000000    -0.62044764     0.00250346     0.00000000
     27     0.00000000     0.00000000     0.00000000     0.00000000    -0.28699435
     28     0.52291988     0.57000624    -0.00216806    -0.53732342     0.00000000
     29     0.00000000     0.00000000     0.00000000     0.00000000     0.24821952
     30     0.53288313     0.39925498     0.00000000     0.00000000     0.00000000
                16             17             18             19             20
      1     0.00000000     0.18624571     0.00000000     0.00000000     0.00000000
      2     0.00000000     0.46089291     0.00000000     0.00000000     0.00000000
      3     0.00000000    -0.25877019     0.00000000     0.00000000     0.00000000
      4     0.35214849     0.00000000     0.40777386     0.47230981     0.00000000
      5     0.40715825     0.00000000    -0.47230981     0.40777386     0.00000000
      6     0.00000000     0.84650749     0.00000000     0.00000000     0.00000000
      7    -0.22118905     0.00000000    -0.67625257    -0.78327905     0.00000000
      8    -0.25574139     0.00000000     0.78327905    -0.67625257     0.00000000
      9     0.00000000    -0.74169433     0.00000000     0.00000000     0.00000000
     10     0.00000000    -0.03427152     0.00000000     0.00000000    -0.00126967
     11     0.00000000     0.00000000     0.00000000     0.00000000     0.84444818
     12     0.24821952     0.00000000    -0.46439396    -0.53789083     0.00000000
     13     0.00000000    -0.03427152     0.00000000     0.00000000     0.00126967
     14     0.28699435     0.00000000     0.53789083    -0.46439396     0.00000000
     15     0.00000000    -0.37178704     0.00000000     0.00000000     0.00000000
     16     0.00000000     0.18624571     0.00000000     0.00000000     0.00000000
     17     0.00000000     0.46089291     0.00000000     0.00000000     0.00000000
     18     0.00000000    -0.25877019     0.00000000     0.00000000     0.00000000
     19     0.35214849     0.00000000    -0.40777386    -0.47230981     0.00000000
     20     0.40715825     0.00000000     0.47230981    -0.40777386     0.00000000
     21     0.00000000    -0.84650749     0.00000000     0.00000000     0.00000000
     22    -0.22118905     0.00000000     0.67625257     0.78327905     0.00000000
     23    -0.25574139     0.00000000    -0.78327905     0.67625257     0.00000000
     24     0.00000000     0.74169433     0.00000000     0.00000000     0.00000000
     25     0.00000000    -0.03427152     0.00000000     0.00000000     0.00126967
     26     0.00000000     0.00000000     0.00000000     0.00000000    -0.84444818
     27    -0.24821952     0.00000000    -0.46439396    -0.53789083     0.00000000
     28     0.00000000    -0.03427152     0.00000000     0.00000000    -0.00126967
     29    -0.28699435     0.00000000     0.53789083    -0.46439396     0.00000000
     30     0.00000000    -0.37178704     0.00000000     0.00000000     0.00000000
                21             22             23             24             25
      1     0.00000000     0.00000000     0.00000000     2.75221717    -0.48696317
      2     0.00000000     0.00000000     0.00000000     2.20394787     2.02082673
      3     0.00000000     0.00000000     0.00000000    -0.28853806    -0.13974750
      4     0.00000000    -0.43388817    -0.55276136     0.00000000     0.00000000
      5     0.00000000     0.55276136    -0.43388817     0.00000000     0.00000000
      6     0.00000000     0.00000000     0.00000000     0.21866308    -0.14036719
      7     0.00000000     0.17225708     0.21945069     0.00000000     0.00000000
      8     0.00000000    -0.21945069     0.17225708     0.00000000     0.00000000
      9     0.00000000     0.00000000     0.00000000     3.10772677     0.42658907
     10    -0.73131358     0.00000000     0.00000000     0.21284794    -1.10109821
     11    -0.00146608     0.00000000     0.00000000     0.00000000     0.00000000
     12     0.00000000     0.30946128     0.39424500     0.00000000     0.00000000
     13     0.73131358     0.00000000     0.00000000     0.21284794    -1.10109821
     14     0.00000000    -0.39424500     0.30946128     0.00000000     0.00000000
     15     0.00000000     0.00000000     0.00000000     1.80179097    -0.24215027
     16     0.00000000     0.00000000     0.00000000    -2.75221717    -0.48696317
     17     0.00000000     0.00000000     0.00000000    -2.20394787     2.02082673
     18     0.00000000     0.00000000     0.00000000     0.28853806    -0.13974750
     19     0.00000000    -0.43388817    -0.55276136     0.00000000     0.00000000
     20     0.00000000     0.55276136    -0.43388817     0.00000000     0.00000000
     21     0.00000000     0.00000000     0.00000000     0.21866308     0.14036719
     22     0.00000000     0.17225708     0.21945069     0.00000000     0.00000000
     23     0.00000000    -0.21945069     0.17225708     0.00000000     0.00000000
     24     0.00000000     0.00000000     0.00000000     3.10772677    -0.42658907
     25     0.73131358     0.00000000     0.00000000    -0.21284794    -1.10109821
     26     0.00146608     0.00000000     0.00000000     0.00000000     0.00000000
     27     0.00000000    -0.30946128    -0.39424500     0.00000000     0.00000000
     28    -0.73131358     0.00000000     0.00000000    -0.21284794    -1.10109821
     29     0.00000000     0.39424500    -0.30946128     0.00000000     0.00000000
     30     0.00000000     0.00000000     0.00000000    -1.80179097    -0.24215027
                26             27             28             29             30
      1     1.07970181     0.00000000     0.00000000    -4.29216242    -7.56261452
      2     4.87746366     0.00000000     0.00000000     1.87343369     1.38372403
      3    -1.14294528     0.00000000     0.00000000     1.74124799     2.38189478
      4     0.00000000    -0.30822708    -0.79160136     0.00000000     0.00000000
      5     0.00000000     0.79160136    -0.30822708     0.00000000     0.00000000
      6    -0.14765200     0.00000000     0.00000000    -0.17490565    -2.53683723
      7     0.00000000    -0.14751879    -0.37886376     0.00000000     0.00000000
      8     0.00000000     0.37886376    -0.14751879     0.00000000     0.00000000
      9     1.84491600     0.00000000     0.00000000     0.55440493    -2.25567391
     10    -1.06525056     0.00000000     0.00000000    -0.12305137    -0.23039958
     11     0.00000000     0.00000000     0.00000000     0.00000000     0.00000000
     12     0.00000000    -0.45563157    -1.17017158     0.00000000     0.00000000
     13    -1.06525056     0.00000000     0.00000000    -0.12305137    -0.23039958
     14     0.00000000     1.17017158    -0.45563157     0.00000000     0.00000000
     15    -0.31126685     0.00000000     0.00000000     1.23672473    -2.48134725
     16    -1.07970181     0.00000000     0.00000000    -4.29216242     7.56261452
     17    -4.87746366     0.00000000     0.00000000     1.87343369    -1.38372403
     18     1.14294528     0.00000000     0.00000000     1.74124799    -2.38189478
     19     0.00000000     0.30822708     0.79160136     0.00000000     0.00000000
     20     0.00000000    -0.79160136     0.30822708     0.00000000     0.00000000
     21    -0.14765200     0.00000000     0.00000000     0.17490565    -2.53683723
     22     0.00000000     0.14751879     0.37886376     0.00000000     0.00000000
     23     0.00000000    -0.37886376     0.14751879     0.00000000     0.00000000
     24     1.84491600     0.00000000     0.00000000    -0.55440493    -2.25567391
     25     1.06525056     0.00000000     0.00000000    -0.12305137     0.23039958
     26     0.00000000     0.00000000     0.00000000     0.00000000     0.00000000
     27     0.00000000    -0.45563157    -1.17017158     0.00000000     0.00000000
     28     1.06525056     0.00000000     0.00000000    -0.12305137     0.23039958
     29     0.00000000     1.17017158    -0.45563157     0.00000000     0.00000000
     30     0.31126685     0.00000000     0.00000000     1.23672473     2.48134725

           ---------------------------------------
                     MO energies
           ---------------------------------------
                 1
      1    -0.57689271
      2     0.15617001
      3     0.28529801
      4     0.59190780
      5     0.68651711
      6     0.68651711
      7     1.07612562
      8     1.10928016
      9     1.10928016
     10     1.51089654
     11     1.66900112
     12     1.99439636
     13     3.17155042
     14     3.17155042
     15     3.37497902
     16     3.37497902
     17     3.61359328
     18     3.93777003
     19     3.93777003
     20     4.02179147
     21     4.02179147
     22     4.06185907
     23     4.06185907
     24     4.14755733
     25     4.54216284
     26     4.89122381
     27     5.51033398
     28     5.51033398
     29     5.71914478
     30     8.20679485

                                        Total CPU time for RHF =      0.540 seconds


 AO to MO transformation... Please be patient

                    Total CPU time for AO to MO transformation =      1.608 seconds


 ******************************************************
 | Configuration Interaction with Singles and Doubles |
 ******************************************************

 nS =          116
 nD =         1653
 nH =         1770

 00 block  done...
 0S blocks done...
 0D blocks done...
 SS block  done...
 SD blocks done...
 DD block  done...

 Diagonalizing CISD matrix...

 CISD energies (au)
                 1
      1    -1.83199719
      2    -1.47024964
      3    -1.47024964
      4    -1.47024964
      5    -1.35548896
      6    -1.29630950
      7    -1.29630950
      8    -1.29630950
      9    -1.21762824
     10    -1.07968055
     11    -1.07968055
     12    -1.07968055
     13    -1.06407169
     14    -1.06407169
     15    -1.06407169
     16    -1.06407169
     17    -1.06407169
     18    -1.06407169
     19    -0.95543256
     20    -0.92026678
     21    -0.92026678
     22    -0.84947071
     23    -0.69943016
     24    -0.69943016
     25    -0.69943016
     26    -0.64595734
     27    -0.62994503
     28    -0.62994503
     29    -0.62994503
     30    -0.62594492
     31    -0.62594492
     32    -0.58585781
     33    -0.58585781
     34    -0.58585781
     35    -0.58585781
     36    -0.58585781
     37    -0.58585781
     38    -0.55289049
     39    -0.51546618
     40    -0.51546618
     41    -0.51546618
     42    -0.50355806
     43    -0.50355806
     44    -0.50355806
     45    -0.50355806
     46    -0.50355806
     47    -0.50355806
     48    -0.46846718
     49    -0.38901715
     50    -0.38901715
     51    -0.35106849

 CISD excitation energies (eV)
                 1
      1     9.84365208
      2     9.84365208
      3     9.84365208
      4    12.96644939
      5    14.57680432
      6    14.57680432
      7    14.57680432
      8    16.71783044
      9    20.47157852
     10    20.47157852
     11    20.47157852
     12    20.89631723
     13    20.89631723
     14    20.89631723
     15    20.89631723
     16    20.89631723
     17    20.89631723
     18    23.85253850
     19    24.80944794
     20    24.80944794
     21    26.73590729
     22    30.81871866
     23    30.81871866
     24    30.81871866
     25    32.27378812
     26    32.70950522
     27    32.70950522
     28    32.70950522
     29    32.81835389
     30    32.81835389
     31    33.90917958
     32    33.90917958
     33    33.90917958
     34    33.90917958
     35    33.90917958
     36    33.90917958
     37    34.80626612
     38    35.82463351
     39    35.82463351
     40    35.82463351
     41    36.14866990
     42    36.14866990
     43    36.14866990
     44    36.14866990
     45    36.14866990
     46    36.14866990
     47    37.10354145
     48    39.26548670
     49    39.26548670
     50    40.29812236

                                       Total CPU time for CISD =     11.843 seconds


 ************************************************
 |          One-shot G0W0 calculation           |
 ************************************************


 -------------------------------------------------------------
   RPA@HF       calculation: singlet        manifold
 -------------------------------------------------------------
 | State |  Excitation energy (au) |  Excitation energy (eV) |
 -------------------------------------------------------------
 |     1 |                0.792844 |               21.574397 |
 |     2 |                0.944679 |               25.706035 |
 |     3 |                1.340749 |               36.483625 |
 |     4 |                1.419062 |               38.614640 |
 |     5 |                1.419062 |               38.614640 |
 |     6 |                1.744413 |               47.467885 |
 |     7 |                1.746064 |               47.512832 |
 |     8 |                1.746064 |               47.512832 |
 |     9 |                2.114225 |               57.531006 |
 |    10 |                2.364566 |               64.343119 |
 |    11 |                2.707850 |               73.684362 |
 |    12 |                3.841511 |              104.532842 |
 |    13 |                3.841511 |              104.532842 |
 |    14 |                4.103104 |              111.651145 |
 |    15 |                4.103104 |              111.651145 |
 |    16 |                4.324021 |              117.662600 |
 |    17 |                4.593650 |              124.999575 |
 |    18 |                4.593650 |              124.999575 |
 |    19 |                4.657585 |              126.739331 |
 |    20 |                4.657585 |              126.739331 |
 -------------------------------------------------------------

  *** Quasiparticle energies obtained by linearization *** 

 -------------------------------------------------------------------------------
   One-shot G0W0 calculation
 -------------------------------------------------------------------------------
 |   # |       e_HF (eV) |      Sig_c (eV) |               Z |       e_QP (eV) |
 -------------------------------------------------------------------------------
 |   1 |      -15.698050 |       -0.375987 |        0.954504 |      -16.056932 |
 |   2 |        4.249602 |       -0.273361 |        0.990196 |        3.978922 |
 |   3 |        7.763354 |       -0.278319 |        0.991459 |        7.487413 |
 |   4 |       16.106632 |       -0.984747 |        0.965129 |       15.156223 |
 |   5 |       18.681082 |       -0.821668 |        0.978144 |       17.877372 |
 |   6 |       18.681082 |       -0.821668 |        0.978144 |       17.877372 |
 |   7 |       29.282870 |       -0.983074 |        0.837483 |       28.459562 |
 |   8 |       30.185051 |       -1.221417 |        0.942858 |       29.033428 |
 |   9 |       30.185051 |       -1.221417 |        0.942858 |       29.033428 |
 |  10 |       41.113589 |       -0.925667 |        0.815977 |       40.358266 |
 |  11 |       45.415834 |       -1.755421 |        0.886719 |       43.859269 |
 |  12 |       54.270289 |       -1.168520 |        0.813167 |       53.320087 |
 |  13 |       86.302283 |       -0.929891 |        0.932388 |       85.435264 |
 |  14 |       86.302283 |       -0.929891 |        0.932388 |       85.435264 |
 |  15 |       91.837857 |       -1.681669 |        0.885252 |       90.349156 |
 |  16 |       91.837857 |       -1.681669 |        0.885252 |       90.349156 |
 |  17 |       98.330882 |       -0.337942 |        0.637065 |       98.115591 |
 |  18 |      107.152180 |       -1.788976 |        0.898675 |      105.544473 |
 |  19 |      107.152180 |       -1.788976 |        0.898675 |      105.544473 |
 |  20 |      109.438520 |        0.314536 |        0.313677 |      109.537183 |
 |  21 |      109.438520 |        0.314536 |        0.313677 |      109.537183 |
 |  22 |      110.528815 |       -1.747172 |        0.891605 |      108.971028 |
 |  23 |      110.528815 |       -1.747172 |        0.891605 |      108.971028 |
 |  24 |      112.860783 |       -2.105072 |        0.826549 |      111.120839 |
 |  25 |      123.598546 |       -3.047491 |        0.493862 |      122.093508 |
 |  26 |      133.096979 |       -2.364153 |        0.734760 |      131.359895 |
 |  27 |      149.943825 |       -1.542846 |        0.202780 |      149.630967 |
 |  28 |      149.943825 |       -1.542846 |        0.202780 |      149.630967 |
 |  29 |      155.625856 |        1.881152 |        0.332695 |      156.251707 |
 |  30 |      223.318263 |       -1.767077 |        0.860583 |      221.797546 |
 -------------------------------------------------------------------------------
          G0W0 HOMO      energy:     -16.056932 eV
          G0W0 LUMO      energy:       3.978922 eV
          G0W0 HOMO-LUMO gap   :      20.035853 eV
 -------------------------------------------------------------------------------
    RPA@G0W0 total energy      :      -1.185511 au
    RPA@G0W0 correlation energy:      -0.055203 au
    GM@G0W0  total energy      :      -1.232373 au
    GM@G0W0  correlation energy:      -0.102064 au
 -------------------------------------------------------------------------------


 -------------------------------------------------------------
   BSE@GW       calculation: singlet        manifold
 -------------------------------------------------------------
 | State |  Excitation energy (au) |  Excitation energy (eV) |
 -------------------------------------------------------------
 |     1 |                0.486250 |               13.231532 |
 |     2 |                0.633613 |               17.241485 |
 |     3 |                0.884083 |               24.057120 |
 |     4 |                0.929013 |               25.279721 |
 |     5 |                0.929013 |               25.279721 |
 |     6 |                1.284813 |               34.961541 |
 |     7 |                1.284813 |               34.961541 |
 |     8 |                1.287328 |               35.029968 |
 |     9 |                1.708470 |               46.489841 |
 |    10 |                1.852473 |               50.408364 |
 |    11 |                2.194774 |               59.722840 |
 |    12 |                3.262572 |               88.779106 |
 |    13 |                3.262572 |               88.779106 |
 |    14 |                3.458929 |               94.122258 |
 |    15 |                3.458929 |               94.122258 |
 |    16 |                3.756394 |              102.216677 |
 |    17 |                4.009670 |              109.108669 |
 |    18 |                4.009670 |              109.108669 |
 |    19 |                4.114973 |              111.974112 |
 |    20 |                4.114973 |              111.974112 |
 -------------------------------------------------------------

 ---------------------------------------------------------------
                 Transition dipole moment (au)                  
 ---------------------------------------------------------------
  #           X           Y           Z   dip. str.   osc. str.
 ---------------------------------------------------------------
  1   -0.000000   -0.000000   -1.229564    1.511829    0.490084
  2    0.000000    0.000000   -0.000000    0.000000    0.000000
  3   -0.000000   -0.000000   -0.523274    0.273816    0.161384
  4   -0.816126    0.749242   -0.000000    1.227425    0.760196
  5    0.749242    0.816126   -0.000000    1.227425    0.760196
  6   -0.000000    0.000000    0.000000    0.000000    0.000000
  7    0.000000    0.000000   -0.000000    0.000000    0.000000
  8   -0.000000   -0.000000   -0.000000    0.000000    0.000000
  9    0.000000   -0.000000   -0.035463    0.001258    0.001432
 10    0.000000   -0.000000    0.000000    0.000000    0.000000
 ---------------------------------------------------------------

 -------------------------------------------------------------
 Excitation n.   1:  13.231532 eV  f = 0.4901  <S**2> = 0.0000
 -------------------------------------------------------------
  1 ->   2 =   0.709412

 -------------------------------------------------------------
 Excitation n.   2:  17.241485 eV  f = 0.0000  <S**2> = 0.0000
 -------------------------------------------------------------
  1 ->   3 =   0.708134

 -------------------------------------------------------------
 Excitation n.   3:  24.057120 eV  f = 0.1614  <S**2> = 0.0000
 -------------------------------------------------------------
  1 ->   4 =  -0.710088

 -------------------------------------------------------------
 Excitation n.   4:  25.279721 eV  f = 0.7602  <S**2> = 0.0000
 -------------------------------------------------------------
  1 ->   5 =   0.663489
  1 ->   6 =   0.247807

 -------------------------------------------------------------
 Excitation n.   5:  25.279721 eV  f = 0.7602  <S**2> = 0.0000
 -------------------------------------------------------------
  1 ->   5 =   0.247807
  1 ->   6 =  -0.663489

 -------------------------------------------------------------
 Excitation n.   6:  34.961541 eV  f = 0.0000  <S**2> = 0.0000
 -------------------------------------------------------------
  1 ->   8 =   0.634026
  1 ->   9 =  -0.313180

 -------------------------------------------------------------
 Excitation n.   7:  34.961541 eV  f = 0.0000  <S**2> = 0.0000
 -------------------------------------------------------------
  1 ->   8 =   0.313180
  1 ->   9 =   0.634026

 -------------------------------------------------------------
 Excitation n.   8:  35.029968 eV  f = 0.0000  <S**2> = 0.0000
 -------------------------------------------------------------
  1 ->   7 =  -0.705997

 -------------------------------------------------------------
 Excitation n.   9:  46.489841 eV  f = 0.0014  <S**2> = 0.0000
 -------------------------------------------------------------
  1 ->  10 =   0.707034

 -------------------------------------------------------------
 Excitation n.  10:  50.408364 eV  f = 0.0000  <S**2> = 0.0000
 -------------------------------------------------------------
  1 ->  11 =  -0.706055

Thomas-Reiche-Kuhn sum rule =   2.173292


 *** dynamical TDA activated ***

 ---------------------------------------------------------------------------------------------------
  First-order dynamical correction to static Bethe-Salpeter excitation energies                     
 ---------------------------------------------------------------------------------------------------
  BSE neutral excitation must be lower than the GW gap =  20.035853 eV
 ---------------------------------------------------------------------------------------------------
      #          Static (eV)         Dynamic (eV)      Correction (eV)         Renorm. (eV)
 ---------------------------------------------------------------------------------------------------
      1           13.231532           13.163554           -0.067978            1.007979
      2           17.241485           17.166418           -0.075067            1.010115
      3           24.057120           23.852906           -0.204214            1.022007
      4           25.279721           25.037187           -0.242533            1.021584
      5           25.279721           25.037187           -0.242533            1.021584
      6           34.961541           34.780108           -0.181433            1.012802
      7           34.961541           34.780108           -0.181433            1.012802
      8           35.029968           34.828802           -0.201166            1.016101
      9           46.489841           46.370818           -0.119023            1.010970
     10           50.408364           50.118830           -0.289534            1.018244
 ---------------------------------------------------------------------------------------------------


 -------------------------------------------------------------
   BSE@GW       calculation: triplet        manifold
 -------------------------------------------------------------
 | State |  Excitation energy (au) |  Excitation energy (eV) |
 -------------------------------------------------------------
 |     1 |                0.359588 |                9.784888 |
 |     2 |                0.528753 |               14.388089 |
 |     3 |                0.742233 |               20.197177 |
 |     4 |                0.760175 |               20.685422 |
 |     5 |                0.760175 |               20.685422 |
 |     6 |                1.195207 |               32.523232 |
 |     7 |                1.221767 |               33.245966 |
 |     8 |                1.221767 |               33.245966 |
 |     9 |                1.680668 |               45.733293 |
 |    10 |                1.733467 |               47.170048 |
 |    11 |                2.068887 |               56.297289 |
 |    12 |                3.168405 |               86.216681 |
 |    13 |                3.168405 |               86.216681 |
 |    14 |                3.308761 |               90.035960 |
 |    15 |                3.308761 |               90.035960 |
 |    16 |                3.623498 |               98.600390 |
 |    17 |                3.929114 |              106.916636 |
 |    18 |                3.929114 |              106.916636 |
 |    19 |                4.042768 |              110.009324 |
 |    20 |                4.042768 |              110.009324 |
 -------------------------------------------------------------

 -------------------------------------------------------------
 Excitation n.   1:   9.784888 eV  f = 0.0000  <S**2> = 2.0000
 -------------------------------------------------------------
  1 ->   2 =   0.668490
  1 ->   4 =  -0.237468

 -------------------------------------------------------------
 Excitation n.   2:  14.388089 eV  f = 0.0000  <S**2> = 2.0000
 -------------------------------------------------------------
  1 ->   3 =  -0.704217

 -------------------------------------------------------------
 Excitation n.   3:  20.197177 eV  f = 0.0000  <S**2> = 2.0000
 -------------------------------------------------------------
  1 ->   2 =  -0.235480
  1 ->   4 =  -0.664774

 -------------------------------------------------------------
 Excitation n.   4:  20.685422 eV  f = 0.0000  <S**2> = 2.0000
 -------------------------------------------------------------
  1 ->   5 =  -0.660849
  1 ->   6 =   0.252666

 -------------------------------------------------------------
 Excitation n.   5:  20.685422 eV  f = 0.0000  <S**2> = 2.0000
 -------------------------------------------------------------
  1 ->   5 =  -0.252666
  1 ->   6 =  -0.660849

 -------------------------------------------------------------
 Excitation n.   6:  32.523232 eV  f = 0.0000  <S**2> = 2.0000
 -------------------------------------------------------------
  1 ->   7 =   0.704947

 -------------------------------------------------------------
 Excitation n.   7:  33.245966 eV  f = 0.0000  <S**2> = 2.0000
 -------------------------------------------------------------
  1 ->   8 =  -0.671834
  1 ->   9 =   0.220139

 -------------------------------------------------------------
 Excitation n.   8:  33.245966 eV  f = 0.0000  <S**2> = 2.0000
 -------------------------------------------------------------
  1 ->   8 =  -0.220139
  1 ->   9 =  -0.671834

 -------------------------------------------------------------
 Excitation n.   9:  45.733293 eV  f = 0.0000  <S**2> = 2.0000
 -------------------------------------------------------------
  1 ->  10 =   0.706348

 -------------------------------------------------------------
 Excitation n.  10:  47.170048 eV  f = 0.0000  <S**2> = 2.0000
 -------------------------------------------------------------
  1 ->  11 =  -0.704866

Thomas-Reiche-Kuhn sum rule =   0.000000


 *** dynamical TDA activated ***

 ---------------------------------------------------------------------------------------------------
  First-order dynamical correction to static Bethe-Salpeter excitation energies                     
 ---------------------------------------------------------------------------------------------------
  BSE neutral excitation must be lower than the GW gap =  20.035853 eV
 ---------------------------------------------------------------------------------------------------
      #          Static (eV)         Dynamic (eV)      Correction (eV)         Renorm. (eV)
 ---------------------------------------------------------------------------------------------------
      1            9.784888            9.518269           -0.266619            1.012321
      2           14.388089           14.228308           -0.159781            1.010275
      3           20.197177           19.932101           -0.265076            1.009888
      4           20.685422           20.327918           -0.357504            1.017428
      5           20.685422           20.327918           -0.357504            1.017428
      6           32.523232           32.260574           -0.262659            1.012509
      7           33.245966           33.035303           -0.210663            1.011818
      8           33.245966           33.035303           -0.210663            1.011818
      9           45.733293           45.710101           -0.023191            0.117644
     10           47.170048           46.585962           -0.584087            0.890835
 ---------------------------------------------------------------------------------------------------


 -------------------------------------------------------------------------------
          Tr@BSE@G0W0 correlation energy (singlet) =       -0.0326094263
          Tr@BSE@G0W0 correlation energy (triplet) =       -0.0143082151
          Tr@BSE@G0W0 correlation energy           =       -0.0469176414
          Tr@BSE@G0W0 total energy                 =       -1.1772265773
 -------------------------------------------------------------------------------

                                       Total CPU time for G0W0 =      0.015 seconds


 ************************************************
 |          One-shot G0T0 calculation           |
 ************************************************


 -------------------------------------------------------------
   pp-RPA (N+2) calculation: alpha-beta     manifold
 -------------------------------------------------------------
 | State |  Excitation energy (au) |  Excitation energy (eV) |
 -------------------------------------------------------------
 |     1 |                0.585410 |               15.929820 |
 |     2 |                0.658471 |               17.917902 |
 |     3 |                0.735248 |               20.007121 |
 |     4 |                0.834105 |               22.697159 |
 |     5 |                1.005364 |               27.357334 |
 |     6 |                1.084487 |               29.510397 |
 |     7 |                1.131384 |               30.786518 |
 |     8 |                1.131384 |               30.786518 |
 |     9 |                1.142565 |               31.090775 |
 |    10 |                1.147494 |               31.224904 |
 |    11 |                1.147494 |               31.224904 |
 |    12 |                1.181066 |               32.138453 |
 |    13 |                1.272435 |               34.624710 |
 |    14 |                1.272435 |               34.624710 |
 |    15 |                1.284615 |               34.956146 |
 |    16 |                1.284615 |               34.956146 |
 |    17 |                1.508574 |               41.050394 |
 |    18 |                1.544109 |               42.017359 |
 |    19 |                1.544109 |               42.017359 |
 |    20 |                1.574810 |               42.852758 |
 -------------------------------------------------------------


 -------------------------------------------------------------
   pp-RPA (N-2) calculation: alpha-beta     manifold
 -------------------------------------------------------------
 | State |  Excitation energy (au) |  Excitation energy (eV) |
 -------------------------------------------------------------
 |     1 |               -1.770940 |              -48.189723 |
 -------------------------------------------------------------


 -------------------------------------------------------------
   pp-RPA (N+2) calculation: alpha-alpha    manifold
 -------------------------------------------------------------
 | State |  Excitation energy (au) |  Excitation energy (eV) |
 -------------------------------------------------------------
 |     1 |                0.658471 |               17.917902 |
 |     2 |                1.005364 |               27.357334 |
 |     3 |                1.131384 |               30.786518 |
 |     4 |                1.131384 |               30.786518 |
 |     5 |                1.142565 |               31.090775 |
 |     6 |                1.272435 |               34.624710 |
 |     7 |                1.272435 |               34.624710 |
 |     8 |                1.508574 |               41.050394 |
 |     9 |                1.544109 |               42.017359 |
 |    10 |                1.544109 |               42.017359 |
 |    11 |                1.643898 |               44.732746 |
 |    12 |                1.643992 |               44.735296 |
 |    13 |                1.643992 |               44.735296 |
 |    14 |                1.702663 |               46.331809 |
 |    15 |                1.702663 |               46.331809 |
 |    16 |                1.793953 |               48.815939 |
 |    17 |                1.956751 |               53.245911 |
 |    18 |                2.007068 |               54.615110 |
 |    19 |                2.041625 |               55.555456 |
 |    20 |                2.041625 |               55.555456 |
 -------------------------------------------------------------


 -------------------------------------------------------------
   pp-RPA (N-2) calculation: alpha-alpha    manifold
 -------------------------------------------------------------
 | State |  Excitation energy (au) |  Excitation energy (eV) |
 -------------------------------------------------------------
 -------------------------------------------------------------

 -------------------------------------------------------------------------------
   One-shot G0T0 calculation (T-matrix self-energy)  
 -------------------------------------------------------------------------------
 |   # |       e_HF (eV) |    Sigma_T (eV) |               Z |       e_QP (eV) |
 -------------------------------------------------------------------------------
 |   1 |      -15.698050 |       -0.108449 |        0.987542 |      -15.805149 |
 |   2 |        4.249602 |       -0.284954 |        0.993484 |        3.966505 |
 |   3 |        7.763354 |       -0.182216 |        0.995835 |        7.581897 |
 |   4 |       16.106632 |       -0.636315 |        0.985213 |       15.479725 |
 |   5 |       18.681082 |       -0.685781 |        0.986140 |       18.004806 |
 |   6 |       18.681082 |       -0.685781 |        0.986140 |       18.004806 |
 |   7 |       29.282870 |       -1.154161 |        0.843408 |       28.309441 |
 |   8 |       30.185051 |       -0.691356 |        0.980615 |       29.507097 |
 |   9 |       30.185051 |       -0.691356 |        0.980615 |       29.507097 |
 |  10 |       41.113589 |       -0.483350 |        0.983217 |       40.638351 |
 |  11 |       45.415834 |       -0.750826 |        0.636369 |       44.938031 |
 |  12 |       54.270289 |       -1.014368 |        0.854112 |       53.403905 |
 |  13 |       86.302283 |       -1.692531 |        0.580833 |       85.319205 |
 |  14 |       86.302283 |       -1.692531 |        0.580833 |       85.319205 |
 |  15 |       91.837857 |       -2.182717 |        0.582985 |       90.565366 |
 |  16 |       91.837857 |       -2.182717 |        0.582985 |       90.565366 |
 |  17 |       98.330882 |       -2.932192 |        0.487405 |       96.901717 |
 |  18 |      107.152180 |       -0.728550 |        0.794500 |      106.573348 |
 |  19 |      107.152180 |       -0.728550 |        0.794500 |      106.573348 |
 |  20 |      109.438520 |       -1.738684 |        0.867666 |      107.929923 |
 |  21 |      109.438520 |       -1.738684 |        0.867666 |      107.929923 |
 |  22 |      110.528815 |       -1.912571 |        0.510586 |      109.552283 |
 |  23 |      110.528815 |       -1.912571 |        0.510586 |      109.552283 |
 |  24 |      112.860783 |       -2.697469 |        0.170210 |      112.401646 |
 |  25 |      123.598546 |       -1.253753 |        0.906404 |      122.462140 |
 |  26 |      133.096979 |       -1.131929 |        0.824887 |      132.163265 |
 |  27 |      149.943825 |       -1.069422 |        0.830442 |      149.055732 |
 |  28 |      149.943825 |       -1.069422 |        0.830442 |      149.055732 |
 |  29 |      155.625856 |      -29.555244 |        0.000445 |      155.612704 |
 |  30 |      223.318263 |       -0.841910 |        0.845400 |      222.606512 |
 -------------------------------------------------------------------------------
             G0T0 HOMO      energy (eV)            =     -15.805149 eV
             G0T0 LUMO      energy (eV)            =       3.966505 eV
             G0T0 HOMO-LUMO gap    (eV)            =      19.771654 eV
 -------------------------------------------------------------------------------
        Tr@ppRPA@G0T0 correlation energy (singlet) =       -0.0210023436 au
        Tr@ppRPA@G0T0 correlation energy (triplet) =        0.0000000000 au
        Tr@ppRPA@G0T0 correlation energy           =       -0.0210023436 au
        Tr@ppRPA@G0T0 total energy                 =       -1.1513112796 au
              GM@G0T0 correlation energy           =       -0.0345636278 au
              GM@G0T0 total energy                 =       -1.1648725637 au
 -------------------------------------------------------------------------------


 -------------------------------------------------------------
   BSE@GT       calculation: singlet        manifold
 -------------------------------------------------------------
 | State |  Excitation energy (au) |  Excitation energy (eV) |
 -------------------------------------------------------------
 |     1 |                0.478507 |               13.020831 |
 |     2 |                0.602498 |               16.394806 |
 |     3 |                0.855045 |               23.266965 |
 |     4 |                0.894812 |               24.349076 |
 |     5 |                0.894812 |               24.349076 |
 |     6 |                1.237874 |               33.684266 |
 |     7 |                1.266089 |               34.452032 |
 |     8 |                1.266089 |               34.452032 |
 |     9 |                1.694737 |               46.116150 |
 |    10 |                1.827638 |               49.732569 |
 |    11 |                2.127926 |               57.903805 |
 |    12 |                3.181155 |               86.563650 |
 |    13 |                3.181155 |               86.563650 |
 |    14 |                3.360943 |               91.455927 |
 |    15 |                3.360943 |               91.455927 |
 |    16 |                3.616798 |               98.418078 |
 |    17 |                3.977182 |              108.224626 |
 |    18 |                3.977182 |              108.224626 |
 |    19 |                4.008475 |              109.076167 |
 |    20 |                4.008475 |              109.076167 |
 -------------------------------------------------------------

 ---------------------------------------------------------------
                 Transition dipole moment (au)                  
 ---------------------------------------------------------------
  #           X           Y           Z   dip. str.   osc. str.
 ---------------------------------------------------------------
  1    0.000000    0.000000    1.333076    1.777091    0.566900
  2   -0.000000    0.000000    0.000000    0.000000    0.000000
  3   -0.000000   -0.000000   -0.576704    0.332587    0.189585
  4   -0.381780    1.082640   -0.000000    1.317866    0.786162
  5   -1.082640   -0.381780    0.000000    1.317866    0.786162
  6   -0.000000   -0.000000   -0.000000    0.000000    0.000000
  7    0.000000   -0.000000   -0.000000    0.000000    0.000000
  8   -0.000000   -0.000000    0.000000    0.000000    0.000000
  9    0.000000   -0.000000   -0.038504    0.001483    0.001675
 10    0.000000   -0.000000    0.000000    0.000000    0.000000
 ---------------------------------------------------------------

 -------------------------------------------------------------
 Excitation n.   1:  13.020831 eV  f = 0.5669  <S**2> = 0.0000
 -------------------------------------------------------------
  1 ->   2 =  -0.706408

 -------------------------------------------------------------
 Excitation n.   2:  16.394806 eV  f = 0.0000  <S**2> = 0.0000
 -------------------------------------------------------------
  1 ->   3 =   0.706994

 -------------------------------------------------------------
 Excitation n.   3:  23.266965 eV  f = 0.1896  <S**2> = 0.0000
 -------------------------------------------------------------
  1 ->   4 =  -0.706208

 -------------------------------------------------------------
 Excitation n.   4:  24.349076 eV  f = 0.7862  <S**2> = 0.0000
 -------------------------------------------------------------
  1 ->   5 =   0.701130
  1 ->   6 =  -0.092826

 -------------------------------------------------------------
 Excitation n.   5:  24.349076 eV  f = 0.7862  <S**2> = 0.0000
 -------------------------------------------------------------
  1 ->   5 =   0.092826
  1 ->   6 =   0.701130

 -------------------------------------------------------------
 Excitation n.   6:  33.684266 eV  f = 0.0000  <S**2> = 0.0000
 -------------------------------------------------------------
  1 ->   7 =  -0.706197

 -------------------------------------------------------------
 Excitation n.   7:  34.452032 eV  f = 0.0000  <S**2> = 0.0000
 -------------------------------------------------------------
  1 ->   8 =  -0.687662
  1 ->   9 =   0.164396

 -------------------------------------------------------------
 Excitation n.   8:  34.452032 eV  f = 0.0000  <S**2> = 0.0000
 -------------------------------------------------------------
  1 ->   8 =  -0.164396
  1 ->   9 =  -0.687662

 -------------------------------------------------------------
 Excitation n.   9:  46.116150 eV  f = 0.0017  <S**2> = 0.0000
 -------------------------------------------------------------
  1 ->  10 =   0.706933

 -------------------------------------------------------------
 Excitation n.  10:  49.732569 eV  f = 0.0000  <S**2> = 0.0000
 -------------------------------------------------------------
  1 ->  11 =  -0.706000

Thomas-Reiche-Kuhn sum rule =   2.330483


 *** dynamical TDA activated ***

 ---------------------------------------------------------------------------------------------------
  First-order dynamical correction to static Bethe-Salpeter excitation energies                     
 ---------------------------------------------------------------------------------------------------
  BSE neutral excitation must be lower than the GT gap =  19.771654 eV
 ---------------------------------------------------------------------------------------------------
      #          Static (eV)         Dynamic (eV)      Correction (eV)         Renorm. (eV)
 ---------------------------------------------------------------------------------------------------
      1           13.020831           12.945275           -0.075556            1.002164
      2           16.394806           16.413330            0.018524            0.994102
      3           23.266965           23.303506            0.036541            0.996640
      4           24.349076           24.332089           -0.016986            1.001930
      5           24.349076           24.332089           -0.016986            1.001930
      6           33.684266           33.685672            0.001406            0.991856
      7           34.452032           34.443340           -0.008692            0.996654
      8           34.452032           34.443340           -0.008692            0.996654
      9           46.116150           46.116080           -0.000071            1.000227
     10           49.732569           49.616078           -0.116491            0.966408
 ---------------------------------------------------------------------------------------------------


 -------------------------------------------------------------
   BSE@GT       calculation: triplet        manifold
 -------------------------------------------------------------
 | State |  Excitation energy (au) |  Excitation energy (eV) |
 -------------------------------------------------------------
 |     1 |                0.343170 |                9.338130 |
 |     2 |                0.521799 |               14.198864 |
 |     3 |                0.732092 |               19.921230 |
 |     4 |                0.733931 |               19.971283 |
 |     5 |                0.733931 |               19.971283 |
 |     6 |                1.170885 |               31.861413 |
 |     7 |                1.219532 |               33.185143 |
 |     8 |                1.219532 |               33.185143 |
 |     9 |                1.673716 |               45.544135 |
 |    10 |                1.739230 |               47.326861 |
 |    11 |                2.035885 |               55.399244 |
 |    12 |                3.106373 |               84.528702 |
 |    13 |                3.106373 |               84.528702 |
 |    14 |                3.239319 |               88.146358 |
 |    15 |                3.239319 |               88.146358 |
 |    16 |                3.515139 |               95.651812 |
 |    17 |                3.915772 |              106.553573 |
 |    18 |                3.915772 |              106.553573 |
 |    19 |                3.961915 |              107.809203 |
 |    20 |                3.961915 |              107.809203 |
 -------------------------------------------------------------

 -------------------------------------------------------------
 Excitation n.   1:   9.338130 eV  f = 0.0000  <S**2> = 2.0000
 -------------------------------------------------------------
  1 ->   2 =  -0.662282
  1 ->   4 =   0.248159

 -------------------------------------------------------------
 Excitation n.   2:  14.198864 eV  f = 0.0000  <S**2> = 2.0000
 -------------------------------------------------------------
  1 ->   3 =  -0.703223

 -------------------------------------------------------------
 Excitation n.   3:  19.921230 eV  f = 0.0000  <S**2> = 2.0000
 -------------------------------------------------------------
  1 ->   2 =   0.249044
  1 ->   4 =   0.658523

 -------------------------------------------------------------
 Excitation n.   4:  19.971283 eV  f = 0.0000  <S**2> = 2.0000
 -------------------------------------------------------------
  1 ->   5 =  -0.694228
  1 ->   6 =   0.132911

 -------------------------------------------------------------
 Excitation n.   5:  19.971283 eV  f = 0.0000  <S**2> = 2.0000
 -------------------------------------------------------------
  1 ->   5 =   0.132911
  1 ->   6 =   0.694228

 -------------------------------------------------------------
 Excitation n.   6:  31.861413 eV  f = 0.0000  <S**2> = 2.0000
 -------------------------------------------------------------
  1 ->   7 =   0.704412

 -------------------------------------------------------------
 Excitation n.   7:  33.185143 eV  f = 0.0000  <S**2> = 2.0000
 -------------------------------------------------------------
  1 ->   8 =   0.578201
  1 ->   9 =  -0.406649

 -------------------------------------------------------------
 Excitation n.   8:  33.185143 eV  f = 0.0000  <S**2> = 2.0000
 -------------------------------------------------------------
  1 ->   8 =   0.406649
  1 ->   9 =   0.578201

 -------------------------------------------------------------
 Excitation n.   9:  45.544135 eV  f = 0.0000  <S**2> = 2.0000
 -------------------------------------------------------------
  1 ->  10 =  -0.705988

 -------------------------------------------------------------
 Excitation n.  10:  47.326861 eV  f = 0.0000  <S**2> = 2.0000
 -------------------------------------------------------------
  1 ->  11 =   0.704324

Thomas-Reiche-Kuhn sum rule =   0.000000


 *** dynamical TDA activated ***

 ---------------------------------------------------------------------------------------------------
  First-order dynamical correction to static Bethe-Salpeter excitation energies                     
 ---------------------------------------------------------------------------------------------------
  BSE neutral excitation must be lower than the GT gap =  19.771654 eV
 ---------------------------------------------------------------------------------------------------
      #          Static (eV)         Dynamic (eV)      Correction (eV)         Renorm. (eV)
 ---------------------------------------------------------------------------------------------------
      1            9.338130            9.207922           -0.130208            1.003859
      2           14.198864           14.113717           -0.085147            1.007195
      3           19.921230           19.849950           -0.071280            1.004561
      4           19.971283           19.903694           -0.067589            1.004738
      5           19.971283           19.903694           -0.067589            1.004738
      6           31.861413           31.846485           -0.014929            1.011211
      7           33.185143           33.196378            0.011236            1.007400
      8           33.185143           33.196378            0.011236            1.007400
      9           45.544135           45.600099            0.055965            1.005427
     10           47.326861           47.664419            0.337558            1.665932
 ---------------------------------------------------------------------------------------------------


 -------------------------------------------------------------------------------
          Tr@BSE@G0T0 correlation energy (singlet) =       -0.0036331011 au
          Tr@BSE@G0T0 correlation energy (triplet) =       -0.0046942185 au
          Tr@BSE@G0T0 correlation energy           =       -0.0083273196 au
          Tr@BSE@G0T0 total energy                 =       -1.1386362555 au
 -------------------------------------------------------------------------------

                                       Total CPU time for G0T0 =     11.538 seconds

                                      Total CPU time for QuAcK =     25.585 seconds

