78 significant shell pairs computed in 0.000038 seconds
0
Computed Electron repulsion integrals Integrals in parallel in 0.113271 seconds

 ******************************************************************************************
 *            QuAcK                       QuAcK                         QuAcK             *
 *   __        __        __       __        __        __       __        __        __     *
 * <(o )___  <(o )___  <(o )___ <(o )___  <(o )___  <(o )___ <(o )___  <(o )___  <(o )___ *
 * ( ._> /   ( ._> /   ( ._> /  ( ._> /   ( ._> /   ( ._> /  ( ._> /   ( ._> /   ( ._> /  *
 *|--------------------------------------------------------------------------------------|*
 ******************************************************************************************

      ----------------------
             Number of atoms                2
      ----------------------

      ----------------------
Number of spin-up   electron                1
Number of spin-down electron                1
    Total number of electron                2
      ----------------------

      ----------------------
Number of core      electron                0
Number of Rydberg   electron                0
      ----------------------

          ------------------
          Molecular geometry
          ------------------
                    Atom n.                 1
                        Z =      1.0000000000
           Atom coordinates:     0.0000000000    0.0000000000    0.0000000000
                    Atom n.                 2
                        Z =      1.0000000000
           Atom coordinates:     0.0000000000    0.0000000000    3.4015070258

          ------------------
 Nuclear repulsion energy =      0.2939873393
          ------------------

          Gaussian basis set
          ------------------
                    Atom n.                 1
           number of shells                 6
          ------------------
      s-type shell with K =                 5
                                    Exponents     Contraction
                                33.8700000000    0.0060680000
                                 5.0950000000    0.0453080000
                                 1.1590000000    0.2028220000
                                 0.3258000000    0.5039030000
                                 0.1027000000    0.3834210000
      s-type shell with K =                 1
                                    Exponents     Contraction
                                 0.3258000000    1.0000000000
      s-type shell with K =                 1
                                    Exponents     Contraction
                                 0.1027000000    1.0000000000
      p-type shell with K =                 1
                                    Exponents     Contraction
                                 1.4070000000    1.0000000000
      p-type shell with K =                 1
                                    Exponents     Contraction
                                 0.3880000000    1.0000000000
      d-type shell with K =                 1
                                    Exponents     Contraction
                                 1.0570000000    1.0000000000
          ------------------
                    Atom n.                 2
           number of shells                 6
          ------------------
      s-type shell with K =                 5
                                    Exponents     Contraction
                                33.8700000000    0.0060680000
                                 5.0950000000    0.0453080000
                                 1.1590000000    0.2028220000
                                 0.3258000000    0.5039030000
                                 0.1027000000    0.3834210000
      s-type shell with K =                 1
                                    Exponents     Contraction
                                 0.3258000000    1.0000000000
      s-type shell with K =                 1
                                    Exponents     Contraction
                                 0.1027000000    1.0000000000
      p-type shell with K =                 1
                                    Exponents     Contraction
                                 1.4070000000    1.0000000000
      p-type shell with K =                 1
                                    Exponents     Contraction
                                 0.3880000000    1.0000000000
      d-type shell with K =                 1
                                    Exponents     Contraction
                                 1.0570000000    1.0000000000
          ------------------
            Number of shells               12
          ------------------

          ------------------
   Number of basis functions               30
          ------------------

 Scaling integrals by    1.0000000000000000     

                          Total CPU time for reading integrals =      0.039 seconds


 ************************************************
 |    Restricted Hartree-Fock calculation       |
 ************************************************


 ----------------------------------------------------
 | RHF calculation                                  |
 ----------------------------------------------------
 |   # |        HF energy |       Conv |     HL Gap |
 ----------------------------------------------------
 |   1 |    -0.7379908297 |   0.712617 |   1.108369 |
 |   2 |    -0.9441472172 |   0.200730 |   1.373125 |
 |   3 |    -0.9549476731 |   0.059993 |   1.387388 |
 |   4 |    -0.9552621119 |   0.022757 |   1.389304 |
 |   5 |    -0.9548794508 |   0.011131 |   1.389995 |
 |   6 |    -0.9545320747 |   0.006479 |   1.390356 |
 |   7 |    -0.9542778434 |   0.004258 |   1.390564 |
 |   8 |    -0.9541010728 |   0.002824 |   1.390688 |
 |   9 |    -0.9539804046 |   0.001882 |   1.390766 |
 |  10 |    -0.9538987192 |   0.001256 |   1.390814 |
 |  11 |    -0.9538436727 |   0.000840 |   1.390845 |
 |  12 |    -0.9538066798 |   0.000562 |   1.390866 |
 |  13 |    -0.9537818635 |   0.000376 |   1.390879 |
 |  14 |    -0.9537652353 |   0.000252 |   1.390887 |
 |  15 |    -0.9537541020 |   0.000168 |   1.390893 |
 |  16 |    -0.9537466514 |   0.000113 |   1.390897 |
 |  17 |    -0.9537416668 |   0.000075 |   1.390900 |
 |  18 |    -0.9537383326 |   0.000051 |   1.390901 |
 |  19 |    -0.9537361024 |   0.000034 |   1.390902 |
 |  20 |    -0.9537346108 |   0.000023 |   1.390903 |
 |  21 |    -0.9537336132 |   0.000015 |   1.390904 |
 |  22 |    -0.9537329459 |   0.000010 |   1.390904 |
 |  23 |    -0.9537324995 |   0.000007 |   1.390904 |
 |  24 |    -0.9537322009 |   0.000005 |   1.390904 |
 |  25 |    -0.9537320011 |   0.000003 |   1.390904 |
 |  26 |    -0.9537318675 |   0.000002 |   1.390904 |
 |  27 |    -0.9537317781 |   0.000001 |   1.390905 |
 |  28 |    -0.9537317183 |   0.000001 |   1.390905 |
 |  29 |    -0.9537316782 |   0.000001 |   1.390905 |
 |  30 |    -0.9537316515 |   0.000000 |   1.390905 |
 |  31 |    -0.9537316335 |   0.000000 |   1.390905 |
 |  32 |    -0.9537316215 |   0.000000 |   1.390905 |
 |  33 |    -0.9537316135 |   0.000000 |   1.390905 |
 |  34 |    -0.9537316226 |   0.000000 |   0.390905 |
 ----------------------------------------------------

         -----------------------------------------
           Summary              
         -----------------------------------------
           One-electron energy:     -1.6830026980 au
           Kinetic      energy:      0.6841044905 au
           Potential    energy:     -2.3671071885 au
         -----------------------------------------
           Two-electron energy:      0.4352837361 au
           Hartree      energy:      0.8705674723 au
           Exchange     energy:     -0.4352837361 au
         -----------------------------------------
           Electronic   energy:     -1.2477189619 au
           Nuclear   repulsion:      0.2939873393 au
           RHF          energy:     -0.9537316226 au
         -----------------------------------------
           HF HOMO      energy:        -11.053744 eV
           HF LUMO      energy:         -0.416689 eV
           HF HOMO-LUMO gap   :         10.637056 eV
         -----------------------------------------
          Dipole moment (Debye)    
                   X         Y         Z      Tot.
            0.000000 -0.000000 -0.000000  0.000000
         -----------------------------------------

           ---------------------------------------
                 MO coefficients
           ---------------------------------------
                 1              2              3              4              5
      1    -0.56589777     0.64787680    -0.20114032    -0.07034271     0.00000000
      2     0.02815527    -0.18154515     1.49523589     1.47532271     0.00000000
      3    -0.07964884     0.47669954    -0.98503933    -1.61574327     0.00000000
      4     0.00000000     0.00000000     0.00000000     0.00000000     0.06137607
      5     0.00000000     0.00000000     0.00000000     0.00000000    -0.03402540
      6    -0.00011121    -0.00385322    -0.00733063     0.00574368     0.00000000
      7     0.00000000     0.00000000     0.00000000     0.00000000    -0.62099190
      8     0.00000000     0.00000000     0.00000000     0.00000000     0.34426278
      9    -0.02588373    -0.01774477     0.11283615    -0.05820504     0.00000000
     10     0.00077127     0.01301673    -0.10927314    -0.10759013     0.00000000
     11     0.00000000     0.00000000     0.00000000     0.00000000     0.00000000
     12     0.00000000     0.00000000     0.00000000     0.00000000    -0.00647067
     13     0.00077127     0.01301673    -0.10927314    -0.10759013     0.00000000
     14     0.00000000     0.00000000     0.00000000     0.00000000     0.00358718
     15    -0.00178023     0.01224194    -0.11175647    -0.11037154     0.00000000
     16    -0.56589777    -0.64787680    -0.20114032     0.07034271     0.00000000
     17     0.02815527     0.18154515     1.49523589    -1.47532271     0.00000000
     18    -0.07964884    -0.47669954    -0.98503933     1.61574327     0.00000000
     19     0.00000000     0.00000000     0.00000000     0.00000000     0.06137607
     20     0.00000000     0.00000000     0.00000000     0.00000000    -0.03402540
     21     0.00011121    -0.00385322     0.00733063     0.00574368     0.00000000
     22     0.00000000     0.00000000     0.00000000     0.00000000    -0.62099190
     23     0.00000000     0.00000000     0.00000000     0.00000000     0.34426278
     24     0.02588373    -0.01774477    -0.11283615    -0.05820504     0.00000000
     25     0.00077127    -0.01301673    -0.10927314     0.10759013     0.00000000
     26     0.00000000     0.00000000     0.00000000     0.00000000     0.00000000
     27     0.00000000     0.00000000     0.00000000     0.00000000     0.00647067
     28     0.00077127    -0.01301673    -0.10927314     0.10759013     0.00000000
     29     0.00000000     0.00000000     0.00000000     0.00000000    -0.00358718
     30    -0.00178023    -0.01224194    -0.11175647     0.11037154     0.00000000
                 6              7              8              9             10
      1     0.00000000    -0.00998783     0.00000000     0.00000000    -0.69809686
      2     0.00000000     0.44200910     0.00000000     0.00000000     0.69125294
      3     0.00000000    -0.18394217     0.00000000     0.00000000    -0.42525340
      4    -0.03402540     0.00000000     0.04416775     0.05066336     0.00000000
      5    -0.06137607     0.00000000    -0.05066336     0.04416775     0.00000000
      6     0.00000000     0.04144143     0.00000000     0.00000000     0.08032573
      7     0.34426278     0.00000000    -0.51872495    -0.59501224     0.00000000
      8     0.62099190     0.00000000     0.59501224    -0.51872495     0.00000000
      9     0.00000000    -0.62963472     0.00000000     0.00000000    -1.04379158
     10     0.00000000    -0.04114614     0.00000000     0.00000000    -0.07829672
     11     0.00000000     0.00000000     0.00000000     0.00000000     0.00000000
     12     0.00358718     0.00000000     0.01142551     0.01310582     0.00000000
     13     0.00000000    -0.04114614     0.00000000     0.00000000    -0.07829672
     14     0.00647067     0.00000000    -0.01310582     0.01142551     0.00000000
     15     0.00000000    -0.03013621     0.00000000     0.00000000    -0.02496678
     16     0.00000000    -0.00998783     0.00000000     0.00000000     0.69809686
     17     0.00000000     0.44200910     0.00000000     0.00000000    -0.69125294
     18     0.00000000    -0.18394217     0.00000000     0.00000000     0.42525340
     19    -0.03402540     0.00000000    -0.04416775    -0.05066336     0.00000000
     20    -0.06137607     0.00000000     0.05066336    -0.04416775     0.00000000
     21     0.00000000    -0.04144143     0.00000000     0.00000000     0.08032573
     22     0.34426278     0.00000000     0.51872495     0.59501224     0.00000000
     23     0.62099190     0.00000000    -0.59501224     0.51872495     0.00000000
     24     0.00000000     0.62963472     0.00000000     0.00000000    -1.04379158
     25     0.00000000    -0.04114614     0.00000000     0.00000000     0.07829672
     26     0.00000000     0.00000000     0.00000000     0.00000000     0.00000000
     27    -0.00358718     0.00000000     0.01142551     0.01310582     0.00000000
     28     0.00000000    -0.04114614     0.00000000     0.00000000     0.07829672
     29    -0.00647067     0.00000000    -0.01310582     0.01142551     0.00000000
     30     0.00000000    -0.03013621     0.00000000     0.00000000     0.02496678
                11             12             13             14             15
      1     4.50346818     4.82096899     0.41102459     0.00000000     0.00000000
      2    -4.70517915    -5.27083493    -0.61487511     0.00000000     0.00000000
      3    -1.00934482    -0.87007376    -0.00752915     0.00000000     0.00000000
      4     0.00000000     0.00000000     0.00000000     0.13279611    -0.03488081
      5     0.00000000     0.00000000     0.00000000    -0.03488081    -0.13279611
      6    -0.03417541     0.02900826    -0.01301516     0.00000000     0.00000000
      7     0.00000000     0.00000000     0.00000000    -0.02824936     0.00742010
      8     0.00000000     0.00000000     0.00000000     0.00742010     0.02824936
      9     0.11081461    -0.30361017    -0.04172384     0.00000000     0.00000000
     10     0.50051859     0.53218017    -0.26023853     0.00000000     0.00000000
     11     0.00000000     0.00000000     0.00000000     0.00000000     0.00000000
     12     0.00000000     0.00000000     0.00000000    -0.66458983     0.17456406
     13     0.50051859     0.53218017    -0.26023853     0.00000000     0.00000000
     14     0.00000000     0.00000000     0.00000000     0.17456406     0.66458983
     15     0.49212996     0.60215839     0.77547428     0.00000000     0.00000000
     16     4.50346818    -4.82096899     0.41102459     0.00000000     0.00000000
     17    -4.70517915     5.27083493    -0.61487511     0.00000000     0.00000000
     18    -1.00934482     0.87007376    -0.00752915     0.00000000     0.00000000
     19     0.00000000     0.00000000     0.00000000     0.13279611    -0.03488081
     20     0.00000000     0.00000000     0.00000000    -0.03488081    -0.13279611
     21     0.03417541     0.02900826     0.01301516     0.00000000     0.00000000
     22     0.00000000     0.00000000     0.00000000    -0.02824936     0.00742010
     23     0.00000000     0.00000000     0.00000000     0.00742010     0.02824936
     24    -0.11081461    -0.30361017     0.04172384     0.00000000     0.00000000
     25     0.50051859    -0.53218017    -0.26023853     0.00000000     0.00000000
     26     0.00000000     0.00000000     0.00000000     0.00000000     0.00000000
     27     0.00000000     0.00000000     0.00000000     0.66458983    -0.17456406
     28     0.50051859    -0.53218017    -0.26023853     0.00000000     0.00000000
     29     0.00000000     0.00000000     0.00000000    -0.17456406    -0.66458983
     30     0.49212996    -0.60215839     0.77547428     0.00000000     0.00000000
                16             17             18             19             20
      1     0.00000000     0.00000000     0.00000000     0.00000000     0.00000000
      2     0.00000000     0.00000000     0.00000000     0.00000000     0.00000000
      3     0.00000000     0.00000000     0.00000000     0.00000000     0.00000000
      4     0.00000000     0.00000000     0.00000000     0.00000000     0.22473426
      5     0.00000000     0.00000000     0.00000000     0.00000000    -0.07312188
      6     0.00000000     0.00000000     0.00000000     0.00000000     0.00000000
      7     0.00000000     0.00000000     0.00000000     0.00000000    -0.07973160
      8     0.00000000     0.00000000     0.00000000     0.00000000     0.02594230
      9     0.00000000     0.00000000     0.00000000     0.00000000     0.00000000
     10     0.00158905    -0.61169490     0.00274992    -0.61304399     0.00000000
     11    -0.70632443    -0.00183488     0.70788222     0.00317534     0.00000000
     12     0.00000000     0.00000000     0.00000000     0.00000000     0.65077303
     13    -0.00158905     0.61169490    -0.00274992     0.61304399     0.00000000
     14     0.00000000     0.00000000     0.00000000     0.00000000    -0.21174229
     15     0.00000000     0.00000000     0.00000000     0.00000000     0.00000000
     16     0.00000000     0.00000000     0.00000000     0.00000000     0.00000000
     17     0.00000000     0.00000000     0.00000000     0.00000000     0.00000000
     18     0.00000000     0.00000000     0.00000000     0.00000000     0.00000000
     19     0.00000000     0.00000000     0.00000000     0.00000000    -0.22473426
     20     0.00000000     0.00000000     0.00000000     0.00000000     0.07312188
     21     0.00000000     0.00000000     0.00000000     0.00000000     0.00000000
     22     0.00000000     0.00000000     0.00000000     0.00000000     0.07973160
     23     0.00000000     0.00000000     0.00000000     0.00000000    -0.02594230
     24     0.00000000     0.00000000     0.00000000     0.00000000     0.00000000
     25     0.00158905    -0.61169490    -0.00274992     0.61304399     0.00000000
     26    -0.70632443    -0.00183488    -0.70788222    -0.00317534     0.00000000
     27     0.00000000     0.00000000     0.00000000     0.00000000     0.65077303
     28    -0.00158905     0.61169490     0.00274992    -0.61304399     0.00000000
     29     0.00000000     0.00000000     0.00000000     0.00000000    -0.21174229
     30     0.00000000     0.00000000     0.00000000     0.00000000     0.00000000
                21             22             23             24             25
      1     0.00000000    -0.63111312     0.00000000     0.00000000     0.00000000
      2     0.00000000     0.54589108     0.00000000     0.00000000     0.00000000
      3     0.00000000     0.02960760     0.00000000     0.00000000     0.00000000
      4     0.07312188     0.00000000    -0.87199470    -0.02420127    -0.87380942
      5     0.22473426     0.00000000    -0.02420127     0.87199470     0.09374438
      6     0.00000000     0.64878071     0.00000000     0.00000000     0.00000000
      7    -0.02594230     0.00000000     0.45418957     0.01260554     0.54810192
      8    -0.07973160     0.00000000     0.01260554    -0.45418957    -0.05880170
      9     0.00000000    -0.35265111     0.00000000     0.00000000     0.00000000
     10     0.00000000    -0.23502934     0.00000000     0.00000000     0.00000000
     11     0.00000000     0.00000000     0.00000000     0.00000000     0.00000000
     12     0.21174229     0.00000000    -0.13174936    -0.00365656     0.21448798
     13     0.00000000    -0.23502934     0.00000000     0.00000000     0.00000000
     14     0.65077303     0.00000000    -0.00365656     0.13174936    -0.02301079
     15     0.00000000     0.46654984     0.00000000     0.00000000     0.00000000
     16     0.00000000     0.63111312     0.00000000     0.00000000     0.00000000
     17     0.00000000    -0.54589108     0.00000000     0.00000000     0.00000000
     18     0.00000000    -0.02960760     0.00000000     0.00000000     0.00000000
     19    -0.07312188     0.00000000    -0.87199470    -0.02420127     0.87380942
     20    -0.22473426     0.00000000    -0.02420127     0.87199470    -0.09374438
     21     0.00000000     0.64878071     0.00000000     0.00000000     0.00000000
     22     0.02594230     0.00000000     0.45418957     0.01260554    -0.54810192
     23     0.07973160     0.00000000     0.01260554    -0.45418957     0.05880170
     24     0.00000000    -0.35265111     0.00000000     0.00000000     0.00000000
     25     0.00000000     0.23502934     0.00000000     0.00000000     0.00000000
     26     0.00000000     0.00000000     0.00000000     0.00000000     0.00000000
     27     0.21174229     0.00000000     0.13174936     0.00365656     0.21448798
     28     0.00000000     0.23502934     0.00000000     0.00000000     0.00000000
     29     0.65077303     0.00000000     0.00365656    -0.13174936    -0.02301079
     30     0.00000000    -0.46654984     0.00000000     0.00000000     0.00000000
                26             27             28             29             30
      1     0.00000000    -0.22689916     1.30981133    -0.58317970    -1.20128601
      2     0.00000000    -0.17532820    -0.70883271    -1.97796038    -1.29156747
      3     0.00000000     0.14502351    -0.77574059     0.74213959     0.86097031
      4     0.09374438     0.00000000     0.00000000     0.00000000     0.00000000
      5     0.87380942     0.00000000     0.00000000     0.00000000     0.00000000
      6     0.00000000    -0.89124268     0.71489345     0.18954356     0.13939137
      7    -0.05880170     0.00000000     0.00000000     0.00000000     0.00000000
      8    -0.54810192     0.00000000     0.00000000     0.00000000     0.00000000
      9     0.00000000     0.46251304    -0.86293945    -0.35430540    -0.03651022
     10     0.00000000     0.13537640     0.13529154     1.05755344     0.88788691
     11     0.00000000     0.00000000     0.00000000     0.00000000     0.00000000
     12    -0.02301079     0.00000000     0.00000000     0.00000000     0.00000000
     13     0.00000000     0.13537640     0.13529154     1.05755344     0.88788691
     14    -0.21448798     0.00000000     0.00000000     0.00000000     0.00000000
     15     0.00000000     0.06819441    -0.71508000     0.64375972     0.90365790
     16     0.00000000    -0.22689916    -1.30981133     0.58317970    -1.20128601
     17     0.00000000    -0.17532820     0.70883271     1.97796038    -1.29156747
     18     0.00000000     0.14502351     0.77574059    -0.74213959     0.86097031
     19    -0.09374438     0.00000000     0.00000000     0.00000000     0.00000000
     20    -0.87380942     0.00000000     0.00000000     0.00000000     0.00000000
     21     0.00000000     0.89124268     0.71489345     0.18954356    -0.13939137
     22     0.05880170     0.00000000     0.00000000     0.00000000     0.00000000
     23     0.54810192     0.00000000     0.00000000     0.00000000     0.00000000
     24     0.00000000    -0.46251304    -0.86293945    -0.35430540     0.03651022
     25     0.00000000     0.13537640    -0.13529154    -1.05755344     0.88788691
     26     0.00000000     0.00000000     0.00000000     0.00000000     0.00000000
     27    -0.02301079     0.00000000     0.00000000     0.00000000     0.00000000
     28     0.00000000     0.13537640    -0.13529154    -1.05755344     0.88788691
     29    -0.21448798     0.00000000     0.00000000     0.00000000     0.00000000
     30     0.00000000     0.06819441     0.71508000    -0.64375972     0.90365790

           ---------------------------------------
                     MO energies
           ---------------------------------------
                 1
      1    -0.40621761
      2    -0.01531303
      3     0.35515432
      4     0.39336383
      5     0.68439183
      6     0.68439183
      7     0.70965706
      8     0.87585083
      9     0.87585083
     10     1.21136333
     11     1.73703455
     12     1.85840216
     13     3.21357490
     14     3.29907210
     15     3.29907210
     16     3.41561359
     17     3.41561359
     18     3.44447525
     19     3.44447525
     20     3.55373635
     21     3.55373635
     22     3.72747250
     23     3.82761197
     24     3.82761197
     25     3.95012757
     26     3.95012757
     27     3.99521968
     28     4.54198231
     29     4.71564367
     30     4.72567187

                                        Total CPU time for RHF =      0.556 seconds


 AO to MO transformation... Please be patient

                    Total CPU time for AO to MO transformation =      1.576 seconds


 ******************************************************
 | Configuration Interaction with Singles and Doubles |
 ******************************************************

 nS =          116
 nD =         1653
 nH =         1770

 00 block  done...
 0S blocks done...
 0D blocks done...
 SS block  done...
 SD blocks done...
 DD block  done...

 Diagonalizing CISD matrix...

 CISD energies (au)
                 1
      1    -1.32808378
      2    -1.27728171
      3    -1.27728171
      4    -1.27728171
      5    -1.02462637
      6    -0.96133824
      7    -0.82190017
      8    -0.82190017
      9    -0.82190017
     10    -0.77771826
     11    -0.77771826
     12    -0.77771826
     13    -0.77307789
     14    -0.77298982
     15    -0.64204194
     16    -0.64204194
     17    -0.64204194
     18    -0.61174033
     19    -0.61174033
     20    -0.61174033
     21    -0.58866296
     22    -0.58866296
     23    -0.58866296
     24    -0.58866296
     25    -0.58866296
     26    -0.58866296
     27    -0.56529400
     28    -0.56529400
     29    -0.56529400
     30    -0.52351815
     31    -0.51944869
     32    -0.51944869
     33    -0.49354221
     34    -0.49354221
     35    -0.49307878
     36    -0.46578217
     37    -0.46578217
     38    -0.46578217
     39    -0.46578217
     40    -0.46578217
     41    -0.46578217
     42    -0.43534208
     43    -0.43534208
     44    -0.43534208
     45    -0.43375878
     46    -0.33901187
     47    -0.31616976
     48    -0.31616976
     49    -0.31616976
     50    -0.31616976
     51    -0.31616976

 CISD excitation energies (eV)
                 1
      1     1.38239473
      2     1.38239473
      3     1.38239473
      4     8.25749685
      5     9.97965446
      6    13.77395771
      7    13.77395771
      8    13.77395771
      9    14.97620867
     10    14.97620867
     11    14.97620867
     12    15.10247956
     13    15.10487616
     14    18.66814933
     15    18.66814933
     16    18.66814933
     17    19.49269826
     18    19.49269826
     19    19.49269826
     20    20.12066548
     21    20.12066548
     22    20.12066548
     23    20.12066548
     24    20.12066548
     25    20.12066548
     26    20.75656724
     27    20.75656724
     28    20.75656724
     29    21.89334598
     30    22.00408160
     31    22.00408160
     32    22.70903286
     33    22.70903286
     34    22.72164357
     35    23.46442210
     36    23.46442210
     37    23.46442210
     38    23.46442210
     39    23.46442210
     40    23.46442210
     41    24.29273925
     42    24.29273925
     43    24.29273925
     44    24.33582285
     45    26.91401768
     46    27.53558322
     47    27.53558322
     48    27.53558322
     49    27.53558322
     50    27.53558322

                                       Total CPU time for CISD =     11.734 seconds


 ************************************************
 |          One-shot G0W0 calculation           |
 ************************************************


 -------------------------------------------------------------
   RPA@HF       calculation: singlet        manifold
 -------------------------------------------------------------
 | State |  Excitation energy (au) |  Excitation energy (eV) |
 -------------------------------------------------------------
 |     1 |                0.557534 |               15.171267 |
 |     2 |                0.844126 |               22.969845 |
 |     3 |                0.916726 |               24.945395 |
 |     4 |                1.208652 |               32.889088 |
 |     5 |                1.208652 |               32.889088 |
 |     6 |                1.236759 |               33.653923 |
 |     7 |                1.361627 |               37.051746 |
 |     8 |                1.361627 |               37.051746 |
 |     9 |                1.689973 |               45.986514 |
 |    10 |                2.224808 |               60.540119 |
 |    11 |                2.332545 |               63.471772 |
 |    12 |                3.679518 |              100.124785 |
 |    13 |                3.763674 |              102.414786 |
 |    14 |                3.763674 |              102.414786 |
 |    15 |                3.873183 |              105.394684 |
 |    16 |                3.873183 |              105.394684 |
 |    17 |                3.899600 |              106.113523 |
 |    18 |                3.899600 |              106.113523 |
 |    19 |                4.015051 |              109.255107 |
 |    20 |                4.015051 |              109.255107 |
 -------------------------------------------------------------

  *** Quasiparticle energies obtained by linearization *** 

 -------------------------------------------------------------------------------
   One-shot G0W0 calculation
 -------------------------------------------------------------------------------
 |   # |       e_HF (eV) |      Sig_c (eV) |               Z |       e_QP (eV) |
 -------------------------------------------------------------------------------
 |   1 |      -11.053744 |       -1.010720 |        0.947458 |      -12.011359 |
 |   2 |       -0.416689 |       -0.438097 |        0.952043 |       -0.833776 |
 |   3 |        9.664241 |       -0.848305 |        0.954153 |        8.854828 |
 |   4 |       10.703975 |       -1.074506 |        0.940082 |        9.693852 |
 |   5 |       18.623250 |       -1.242175 |        0.951242 |       17.441641 |
 |   6 |       18.623250 |       -1.242175 |        0.951242 |       17.441641 |
 |   7 |       19.310752 |       -0.778704 |        0.771744 |       18.709792 |
 |   8 |       23.833115 |       -2.239906 |        0.851203 |       21.926501 |
 |   9 |       23.833115 |       -2.239906 |        0.851203 |       21.926501 |
 |  10 |       32.962875 |      -17.125265 |        0.024130 |       32.549647 |
 |  11 |       47.267118 |       -3.469760 |        0.277359 |       46.304748 |
 |  12 |       50.569699 |       -2.583012 |        0.770146 |       48.580401 |
 |  13 |       87.445827 |       -0.912135 |        0.927892 |       86.599464 |
 |  14 |       89.772325 |       -1.538586 |        0.880224 |       88.418025 |
 |  15 |       89.772325 |       -1.538586 |        0.880224 |       88.418025 |
 |  16 |       92.943580 |       -2.341443 |        0.886927 |       90.866890 |
 |  17 |       92.943580 |       -2.341443 |        0.886927 |       90.866890 |
 |  18 |       93.728946 |       -2.522845 |        0.871861 |       91.529375 |
 |  19 |       93.728946 |       -2.522845 |        0.871861 |       91.529375 |
 |  20 |       96.702092 |       -3.296530 |        0.779734 |       94.131676 |
 |  21 |       96.702092 |       -3.296530 |        0.779734 |       94.131676 |
 |  22 |      101.429693 |       -5.991082 |        0.235056 |      100.021456 |
 |  23 |      104.154627 |       -3.648688 |        0.819651 |      101.163976 |
 |  24 |      104.154627 |       -3.648688 |        0.819651 |      101.163976 |
 |  25 |      107.488446 |       -2.766881 |        0.527657 |      106.028481 |
 |  26 |      107.488446 |       -2.766881 |        0.527657 |      106.028481 |
 |  27 |      108.715465 |       -3.958423 |        0.733791 |      105.810811 |
 |  28 |      123.593634 |      -31.650863 |        0.009477 |      123.293689 |
 |  29 |      128.319200 |       -2.733973 |        0.597505 |      126.685637 |
 |  30 |      128.592082 |       -2.826615 |        0.721736 |      126.552011 |
 -------------------------------------------------------------------------------
          G0W0 HOMO      energy:     -12.011359 eV
          G0W0 LUMO      energy:      -0.833776 eV
          G0W0 HOMO-LUMO gap   :      11.177583 eV
 -------------------------------------------------------------------------------
    RPA@G0W0 total energy      :      -1.016761 au
    RPA@G0W0 correlation energy:      -0.063030 au
    GM@G0W0  total energy      :      -1.064780 au
    GM@G0W0  correlation energy:      -0.111049 au
 -------------------------------------------------------------------------------


 -------------------------------------------------------------
   BSE@GW       calculation: singlet        manifold
 -------------------------------------------------------------
 | State |  Excitation energy (au) |  Excitation energy (eV) |
 -------------------------------------------------------------
 |     1 |                0.220404 |                5.997490 |
 |     2 |                0.556571 |               15.145081 |
 |     3 |                0.581420 |               15.821251 |
 |     4 |                0.826185 |               22.481638 |
 |     5 |                0.826185 |               22.481638 |
 |     6 |                0.866271 |               23.572431 |
 |     7 |                0.958385 |               26.078972 |
 |     8 |                0.958385 |               26.078972 |
 |     9 |                1.339558 |               36.451238 |
 |    10 |                1.845530 |               50.219435 |
 |    11 |                1.921498 |               52.286635 |
 |    12 |                3.261964 |               88.762568 |
 |    13 |                3.328756 |               90.580078 |
 |    14 |                3.328756 |               90.580078 |
 |    15 |                3.414162 |               92.904077 |
 |    16 |                3.414162 |               92.904077 |
 |    17 |                3.436131 |               93.501897 |
 |    18 |                3.436131 |               93.501897 |
 |    19 |                3.524447 |               95.905082 |
 |    20 |                3.524447 |               95.905082 |
 -------------------------------------------------------------

 ---------------------------------------------------------------
                 Transition dipole moment (au)                  
 ---------------------------------------------------------------
  #           X           Y           Z   dip. str.   osc. str.
 ---------------------------------------------------------------
  1   -0.000000   -0.000000    1.730337    2.994067    0.439936
  2   -0.000000    0.000000    0.000000    0.000000    0.000000
  3    0.000000    0.000000   -0.296450    0.087883    0.034065
  4   -1.139626    0.516310   -0.000000    1.565324    0.862165
  5    0.516310    1.139626    0.000000    1.565324    0.862165
  6    0.000000    0.000000   -0.000000    0.000000    0.000000
  7    0.000000    0.000000   -0.000000    0.000000    0.000000
  8    0.000000   -0.000000    0.000000    0.000000    0.000000
  9    0.000000    0.000000    0.296919    0.088161    0.078731
 10    0.000000    0.000000   -0.000000    0.000000    0.000000
 ---------------------------------------------------------------

 -------------------------------------------------------------
 Excitation n.   1:   5.997490 eV  f = 0.4399  <S**2> = 0.0000
 -------------------------------------------------------------
  1 ->   2 =   0.771674
  1 <-   2 =  -0.296100
  1 <-   4 =  -0.087603

 -------------------------------------------------------------
 Excitation n.   2:  15.145081 eV  f = 0.0000  <S**2> = 0.0000
 -------------------------------------------------------------
  1 ->   3 =   0.707767

 -------------------------------------------------------------
 Excitation n.   3:  15.821251 eV  f = 0.0341  <S**2> = 0.0000
 -------------------------------------------------------------
  1 ->   4 =   0.714070
  1 <-   2 =  -0.094634

 -------------------------------------------------------------
 Excitation n.   4:  22.481638 eV  f = 0.8622  <S**2> = 0.0000
 -------------------------------------------------------------
  1 ->   5 =  -0.705525

 -------------------------------------------------------------
 Excitation n.   5:  22.481638 eV  f = 0.8622  <S**2> = 0.0000
 -------------------------------------------------------------
  1 ->   6 =  -0.705525

 -------------------------------------------------------------
 Excitation n.   6:  23.572431 eV  f = 0.0000  <S**2> = 0.0000
 -------------------------------------------------------------
  1 ->   7 =   0.707493

 -------------------------------------------------------------
 Excitation n.   7:  26.078972 eV  f = 0.0000  <S**2> = 0.0000
 -------------------------------------------------------------
  1 ->   8 =  -0.274336
  1 ->   9 =   0.651947

 -------------------------------------------------------------
 Excitation n.   8:  26.078972 eV  f = 0.0000  <S**2> = 0.0000
 -------------------------------------------------------------
  1 ->   8 =  -0.651947
  1 ->   9 =  -0.274336

 -------------------------------------------------------------
 Excitation n.   9:  36.451238 eV  f = 0.0787  <S**2> = 0.0000
 -------------------------------------------------------------
  1 ->  10 =   0.706838

 -------------------------------------------------------------
 Excitation n.  10:  50.219435 eV  f = 0.0000  <S**2> = 0.0000
 -------------------------------------------------------------
  1 ->  11 =  -0.707158

Thomas-Reiche-Kuhn sum rule =   2.277060


 *** dynamical TDA activated ***

 ---------------------------------------------------------------------------------------------------
  First-order dynamical correction to static Bethe-Salpeter excitation energies                     
 ---------------------------------------------------------------------------------------------------
  BSE neutral excitation must be lower than the GW gap =  11.177583 eV
 ---------------------------------------------------------------------------------------------------
      #          Static (eV)         Dynamic (eV)      Correction (eV)         Renorm. (eV)
 ---------------------------------------------------------------------------------------------------
      1            5.997490            5.843678           -0.153813            1.024264
      2           15.145081           15.062272           -0.082809            1.011787
      3           15.821251           15.715539           -0.105712            1.016787
      4           22.481638           22.316157           -0.165481            1.018342
      5           22.481638           22.316157           -0.165481            1.018342
      6           23.572431           23.370325           -0.202106            1.021783
      7           26.078972           25.914161           -0.164811            1.015630
      8           26.078972           25.914161           -0.164811            1.015630
      9           36.451238           36.254185           -0.197053            1.017837
     10           50.219435           49.976667           -0.242769            1.015363
 ---------------------------------------------------------------------------------------------------

 You may have instabilities in linear response: negative excitations!!

 -------------------------------------------------------------
   BSE@GW       calculation: triplet        manifold
 -------------------------------------------------------------
 | State |  Excitation energy (au) |  Excitation energy (eV) |
 -------------------------------------------------------------
 |     1 |                     NaN |                     NaN |
 |     2 |                0.463405 |               12.609894 |
 |     3 |                0.507875 |               13.819991 |
 |     4 |                0.701966 |               19.101462 |
 |     5 |                0.701966 |               19.101462 |
 |     6 |                0.738618 |               20.098808 |
 |     7 |                0.875515 |               23.823989 |
 |     8 |                0.875515 |               23.823989 |
 |     9 |                1.268739 |               34.524153 |
 |    10 |                1.766177 |               48.060111 |
 |    11 |                1.855760 |               50.497801 |
 |    12 |                3.202214 |               87.136692 |
 |    13 |                3.270111 |               88.984252 |
 |    14 |                3.270111 |               88.984252 |
 |    15 |                3.362474 |               91.497571 |
 |    16 |                3.362474 |               91.497571 |
 |    17 |                3.386921 |               92.162818 |
 |    18 |                3.386921 |               92.162818 |
 |    19 |                3.468740 |               94.389219 |
 |    20 |                3.468740 |               94.389219 |
 -------------------------------------------------------------

 -------------------------------------------------------------
 Excitation n.   1:        NaN eV  f = 0.0000  <S**2> = 2.0000
 -------------------------------------------------------------

 -------------------------------------------------------------
 Excitation n.   2:  12.609894 eV  f = 0.0000  <S**2> = 2.0000
 -------------------------------------------------------------
  1 ->   3 =   0.706285

 -------------------------------------------------------------
 Excitation n.   3:  13.819991 eV  f = 0.0000  <S**2> = 2.0000
 -------------------------------------------------------------
  1 ->   2 =  -0.138075
  1 ->   4 =   0.692543

 -------------------------------------------------------------
 Excitation n.   4:  19.101462 eV  f = 0.0000  <S**2> = 2.0000
 -------------------------------------------------------------
  1 ->   5 =   0.702844
  1 ->   6 =   0.081123

 -------------------------------------------------------------
 Excitation n.   5:  19.101462 eV  f = 0.0000  <S**2> = 2.0000
 -------------------------------------------------------------
  1 ->   5 =   0.081123
  1 ->   6 =  -0.702844

 -------------------------------------------------------------
 Excitation n.   6:  20.098808 eV  f = 0.0000  <S**2> = 2.0000
 -------------------------------------------------------------
  1 ->   7 =   0.706072

 -------------------------------------------------------------
 Excitation n.   7:  23.823989 eV  f = 0.0000  <S**2> = 2.0000
 -------------------------------------------------------------
  1 ->   8 =  -0.465458
  1 ->   9 =   0.532416

 -------------------------------------------------------------
 Excitation n.   8:  23.823989 eV  f = 0.0000  <S**2> = 2.0000
 -------------------------------------------------------------
  1 ->   8 =   0.532416
  1 ->   9 =   0.465458

 -------------------------------------------------------------
 Excitation n.   9:  34.524153 eV  f = 0.0000  <S**2> = 2.0000
 -------------------------------------------------------------
  1 ->  10 =  -0.705722

 -------------------------------------------------------------
 Excitation n.  10:  48.060111 eV  f = 0.0000  <S**2> = 2.0000
 -------------------------------------------------------------
  1 ->  11 =  -0.705814

Thomas-Reiche-Kuhn sum rule =   0.000000


 *** dynamical TDA activated ***

 ---------------------------------------------------------------------------------------------------
  First-order dynamical correction to static Bethe-Salpeter excitation energies                     
 ---------------------------------------------------------------------------------------------------
  BSE neutral excitation must be lower than the GW gap =  11.177583 eV
 ---------------------------------------------------------------------------------------------------
      #          Static (eV)         Dynamic (eV)      Correction (eV)         Renorm. (eV)
 ---------------------------------------------------------------------------------------------------
      1                 NaN                 NaN                 NaN                 NaN
      2           12.609894           12.478694           -0.131199            1.010769
      3           13.819991           13.691702           -0.128290            1.005845
      4           19.101462           18.875337           -0.226124            1.014948
      5           19.101462           18.875337           -0.226124            1.014948
      6           20.098808           19.819684           -0.279124            1.017215
      7           23.823989           23.621705           -0.202285            1.013673
      8           23.823989           23.621705           -0.202285            1.013673
      9           34.524153           34.344302           -0.179850            0.915545
     10           48.060111           47.842064           -0.218047            0.997464
 ---------------------------------------------------------------------------------------------------


 -------------------------------------------------------------------------------
          Tr@BSE@G0W0 correlation energy (singlet) =       -0.0684073891
          Tr@BSE@G0W0 correlation energy (triplet) =                 NaN
          Tr@BSE@G0W0 correlation energy           =                 NaN
          Tr@BSE@G0W0 total energy                 =                 NaN
 -------------------------------------------------------------------------------

                                       Total CPU time for G0W0 =      0.013 seconds


 ************************************************
 |          One-shot G0T0 calculation           |
 ************************************************


 -------------------------------------------------------------
   pp-RPA (N+2) calculation: alpha-beta     manifold
 -------------------------------------------------------------
 | State |  Excitation energy (au) |  Excitation energy (eV) |
 -------------------------------------------------------------
 |     1 |                0.287703 |                7.828787 |
 |     2 |                0.592016 |               16.109568 |
 |     3 |                0.618738 |               16.836715 |
 |     4 |                0.636801 |               17.328242 |
 |     5 |                0.725438 |               19.740166 |
 |     6 |                0.938585 |               25.540196 |
 |     7 |                0.941748 |               25.626281 |
 |     8 |                0.976705 |               26.577498 |
 |     9 |                0.976705 |               26.577498 |
 |    10 |                0.990804 |               26.961162 |
 |    11 |                1.031952 |               28.080848 |
 |    12 |                1.031952 |               28.080848 |
 |    13 |                1.062187 |               28.903574 |
 |    14 |                1.088733 |               29.625933 |
 |    15 |                1.092484 |               29.727992 |
 |    16 |                1.156122 |               31.459672 |
 |    17 |                1.156122 |               31.459672 |
 |    18 |                1.234073 |               33.580842 |
 |    19 |                1.234073 |               33.580842 |
 |    20 |                1.311741 |               35.694286 |
 -------------------------------------------------------------


 -------------------------------------------------------------
   pp-RPA (N-2) calculation: alpha-beta     manifold
 -------------------------------------------------------------
 | State |  Excitation energy (au) |  Excitation energy (eV) |
 -------------------------------------------------------------
 |     1 |               -1.223966 |              -33.305798 |
 -------------------------------------------------------------


 -------------------------------------------------------------
   pp-RPA (N+2) calculation: alpha-alpha    manifold
 -------------------------------------------------------------
 | State |  Excitation energy (au) |  Excitation energy (eV) |
 -------------------------------------------------------------
 |     1 |                0.592016 |               16.109568 |
 |     2 |                0.618738 |               16.836715 |
 |     3 |                0.941748 |               25.626281 |
 |     4 |                0.976705 |               26.577498 |
 |     5 |                0.976705 |               26.577498 |
 |     6 |                0.990804 |               26.961162 |
 |     7 |                1.156122 |               31.459672 |
 |     8 |                1.156122 |               31.459672 |
 |     9 |                1.311741 |               35.694286 |
 |    10 |                1.311741 |               35.694286 |
 |    11 |                1.344280 |               36.579718 |
 |    12 |                1.346892 |               36.650798 |
 |    13 |                1.346892 |               36.650798 |
 |    14 |                1.401474 |               38.136050 |
 |    15 |                1.510026 |               41.089894 |
 |    16 |                1.542274 |               41.967403 |
 |    17 |                1.542274 |               41.967403 |
 |    18 |                1.577792 |               42.933907 |
 |    19 |                1.577792 |               42.933907 |
 |    20 |                1.704546 |               46.383052 |
 -------------------------------------------------------------


 -------------------------------------------------------------
   pp-RPA (N-2) calculation: alpha-alpha    manifold
 -------------------------------------------------------------
 | State |  Excitation energy (au) |  Excitation energy (eV) |
 -------------------------------------------------------------
 -------------------------------------------------------------

 -------------------------------------------------------------------------------
   One-shot G0T0 calculation (T-matrix self-energy)  
 -------------------------------------------------------------------------------
 |   # |       e_HF (eV) |    Sigma_T (eV) |               Z |       e_QP (eV) |
 -------------------------------------------------------------------------------
 |   1 |      -11.053744 |       -0.362029 |        0.985195 |      -11.410414 |
 |   2 |       -0.416689 |       -0.410482 |        0.980722 |       -0.819257 |
 |   3 |        9.664241 |       -0.513966 |        0.980438 |        9.160329 |
 |   4 |       10.703975 |       -0.647011 |        0.973083 |       10.074380 |
 |   5 |       18.623250 |       -1.017128 |        0.968528 |       17.638133 |
 |   6 |       18.623250 |       -1.017128 |        0.968528 |       17.638133 |
 |   7 |       19.310752 |        5.783708 |        0.059250 |       19.653436 |
 |   8 |       23.833115 |       -1.402306 |        0.935872 |       22.520736 |
 |   9 |       23.833115 |       -1.402306 |        0.935872 |       22.520736 |
 |  10 |       32.962875 |       -2.400040 |        0.768007 |       31.119628 |
 |  11 |       47.267118 |       -2.578871 |        0.310130 |       46.467331 |
 |  12 |       50.569699 |       -1.196109 |        0.655737 |       49.785365 |
 |  13 |       87.445827 |        0.432038 |        0.272153 |       87.563407 |
 |  14 |       89.772325 |       -1.545710 |        0.936149 |       88.325310 |
 |  15 |       89.772325 |       -1.545710 |        0.936149 |       88.325310 |
 |  16 |       92.943580 |       -2.126537 |        0.920001 |       90.987163 |
 |  17 |       92.943580 |       -2.126537 |        0.920001 |       90.987163 |
 |  18 |       93.728946 |       -2.237720 |        0.911960 |       91.688235 |
 |  19 |       93.728946 |       -2.237720 |        0.911960 |       91.688235 |
 |  20 |       96.702092 |       -2.554650 |        0.860017 |       94.505048 |
 |  21 |       96.702092 |       -2.554650 |        0.860017 |       94.505048 |
 |  22 |      101.429693 |       -3.091697 |        0.512553 |       99.845034 |
 |  23 |      104.154627 |       -2.700906 |        0.886253 |      101.760940 |
 |  24 |      104.154627 |       -2.700906 |        0.886253 |      101.760940 |
 |  25 |      107.488446 |       -4.770160 |        0.562674 |      104.804399 |
 |  26 |      107.488446 |       -4.770160 |        0.562674 |      104.804399 |
 |  27 |      108.715465 |       -2.796128 |        0.852354 |      106.332174 |
 |  28 |      123.593634 |       -1.576054 |        0.539858 |      122.742788 |
 |  29 |      128.319200 |       -2.142334 |        0.847203 |      126.504209 |
 |  30 |      128.592082 |       -2.644486 |        0.823125 |      126.415340 |
 -------------------------------------------------------------------------------
             G0T0 HOMO      energy (eV)            =     -11.410414 eV
             G0T0 LUMO      energy (eV)            =      -0.819257 eV
             G0T0 HOMO-LUMO gap    (eV)            =      10.591156 eV
 -------------------------------------------------------------------------------
        Tr@ppRPA@G0T0 correlation energy (singlet) =       -0.0238616197 au
        Tr@ppRPA@G0T0 correlation energy (triplet) =        0.0000000000 au
        Tr@ppRPA@G0T0 correlation energy           =       -0.0238616197 au
        Tr@ppRPA@G0T0 total energy                 =       -0.9775932423 au
              GM@G0T0 correlation energy           =       -0.0363336924 au
              GM@G0T0 total energy                 =       -0.9900653151 au
 -------------------------------------------------------------------------------


 -------------------------------------------------------------
   BSE@GT       calculation: singlet        manifold
 -------------------------------------------------------------
 | State |  Excitation energy (au) |  Excitation energy (eV) |
 -------------------------------------------------------------
 |     1 |                0.255925 |                6.964086 |
 |     2 |                0.520204 |               14.155472 |
 |     3 |                0.557577 |               15.172449 |
 |     4 |                0.788277 |               21.450103 |
 |     5 |                0.788277 |               21.450103 |
 |     6 |                0.832228 |               22.646086 |
 |     7 |                0.929866 |               25.302937 |
 |     8 |                0.929866 |               25.302937 |
 |     9 |                1.235600 |               33.622397 |
 |    10 |                1.788341 |               48.663244 |
 |    11 |                1.910467 |               51.986448 |
 |    12 |                3.234327 |               88.010508 |
 |    13 |                3.264971 |               88.844389 |
 |    14 |                3.264971 |               88.844389 |
 |    15 |                3.360088 |               91.432653 |
 |    16 |                3.360088 |               91.432653 |
 |    17 |                3.383840 |               92.078986 |
 |    18 |                3.383840 |               92.078986 |
 |    19 |                3.471678 |               94.469162 |
 |    20 |                3.471678 |               94.469162 |
 -------------------------------------------------------------

 ---------------------------------------------------------------
                 Transition dipole moment (au)                  
 ---------------------------------------------------------------
  #           X           Y           Z   dip. str.   osc. str.
 ---------------------------------------------------------------
  1   -0.000000   -0.000000    2.596955    6.744173    1.150670
  2   -0.000000    0.000000    0.000000    0.000000    0.000000
  3    0.000000   -0.000000    0.034625    0.001199    0.000446
  4    1.232259    0.375714    0.000000    1.659622    0.872161
  5   -0.375714    1.232259    0.000000    1.659622    0.872161
  6    0.000000    0.000000    0.000000    0.000000    0.000000
  7   -0.000000   -0.000000    0.000000    0.000000    0.000000
  8   -0.000000    0.000000   -0.000000    0.000000    0.000000
  9   -0.000000   -0.000000   -0.305928    0.093592    0.077095
 10    0.000000    0.000000   -0.000000    0.000000    0.000000
 ---------------------------------------------------------------

 -------------------------------------------------------------
 Excitation n.   1:   6.964086 eV  f = 1.1507  <S**2> = 0.0000
 -------------------------------------------------------------
  1 ->   2 =   0.706707

 -------------------------------------------------------------
 Excitation n.   2:  14.155472 eV  f = 0.0000  <S**2> = 0.0000
 -------------------------------------------------------------
  1 ->   3 =   0.706890

 -------------------------------------------------------------
 Excitation n.   3:  15.172449 eV  f = 0.0004  <S**2> = 0.0000
 -------------------------------------------------------------
  1 ->   4 =  -0.706167

 -------------------------------------------------------------
 Excitation n.   4:  21.450103 eV  f = 0.8722  <S**2> = 0.0000
 -------------------------------------------------------------
  1 ->   5 =   0.491606
  1 ->   6 =  -0.508349

 -------------------------------------------------------------
 Excitation n.   5:  21.450103 eV  f = 0.8722  <S**2> = 0.0000
 -------------------------------------------------------------
  1 ->   5 =  -0.508349
  1 ->   6 =  -0.491606

 -------------------------------------------------------------
 Excitation n.   6:  22.646086 eV  f = 0.0000  <S**2> = 0.0000
 -------------------------------------------------------------
  1 ->   7 =   0.706550

 -------------------------------------------------------------
 Excitation n.   7:  25.302937 eV  f = 0.0000  <S**2> = 0.0000
 -------------------------------------------------------------
  1 ->   8 =  -0.446867
  1 ->   9 =  -0.547973

 -------------------------------------------------------------
 Excitation n.   8:  25.302937 eV  f = 0.0000  <S**2> = 0.0000
 -------------------------------------------------------------
  1 ->   8 =  -0.547973
  1 ->   9 =   0.446867

 -------------------------------------------------------------
 Excitation n.   9:  33.622397 eV  f = 0.0771  <S**2> = 0.0000
 -------------------------------------------------------------
  1 ->  10 =  -0.706332

 -------------------------------------------------------------
 Excitation n.  10:  48.663244 eV  f = 0.0000  <S**2> = 0.0000
 -------------------------------------------------------------
  1 ->  11 =  -0.706485

Thomas-Reiche-Kuhn sum rule =   2.972533


 *** dynamical TDA activated ***

 ---------------------------------------------------------------------------------------------------
  First-order dynamical correction to static Bethe-Salpeter excitation energies                     
 ---------------------------------------------------------------------------------------------------
  BSE neutral excitation must be lower than the GT gap =  10.591156 eV
 ---------------------------------------------------------------------------------------------------
      #          Static (eV)         Dynamic (eV)      Correction (eV)         Renorm. (eV)
 ---------------------------------------------------------------------------------------------------
      1            6.964086            7.006409            0.042323            0.997937
      2           14.155472           14.196035            0.040563            0.994175
      3           15.172449           15.257562            0.085113            0.991665
      4           21.450103           21.448302           -0.001801            1.001245
      5           21.450103           21.448302           -0.001801            1.001245
      6           22.646086           22.663027            0.016940            0.952743
      7           25.302937           25.290803           -0.012134            0.994680
      8           25.302937           25.290803           -0.012134            0.994680
      9           33.622397           33.591050           -0.031347            0.996111
     10           48.663244           48.621281           -0.041963            0.821973
 ---------------------------------------------------------------------------------------------------


 -------------------------------------------------------------
   BSE@GT       calculation: triplet        manifold
 -------------------------------------------------------------
 | State |  Excitation energy (au) |  Excitation energy (eV) |
 -------------------------------------------------------------
 |     1 |                0.009984 |                0.271683 |
 |     2 |                0.458271 |               12.470178 |
 |     3 |                0.503401 |               13.698233 |
 |     4 |                0.682419 |               18.569569 |
 |     5 |                0.682419 |               18.569569 |
 |     6 |                0.757721 |               20.618637 |
 |     7 |                0.876031 |               23.838023 |
 |     8 |                0.876031 |               23.838023 |
 |     9 |                1.192161 |               32.440357 |
 |    10 |                1.744496 |               47.470164 |
 |    11 |                1.869939 |               50.883632 |
 |    12 |                3.190762 |               86.825056 |
 |    13 |                3.221680 |               87.666390 |
 |    14 |                3.221680 |               87.666390 |
 |    15 |                3.322315 |               90.404795 |
 |    16 |                3.322315 |               90.404795 |
 |    17 |                3.348182 |               91.108676 |
 |    18 |                3.348182 |               91.108676 |
 |    19 |                3.430892 |               93.359314 |
 |    20 |                3.430892 |               93.359314 |
 -------------------------------------------------------------

 -------------------------------------------------------------
 Excitation n.   1:   0.271683 eV  f = 0.0000  <S**2> = 2.0000
 -------------------------------------------------------------
  1 ->   2 =  -0.697603
  1 ->   4 =  -0.130476

 -------------------------------------------------------------
 Excitation n.   2:  12.470178 eV  f = 0.0000  <S**2> = 2.0000
 -------------------------------------------------------------
  1 ->   3 =   0.705225

 -------------------------------------------------------------
 Excitation n.   3:  13.698233 eV  f = 0.0000  <S**2> = 2.0000
 -------------------------------------------------------------
  1 ->   2 =   0.132918
  1 ->   4 =  -0.692943

 -------------------------------------------------------------
 Excitation n.   4:  18.569569 eV  f = 0.0000  <S**2> = 2.0000
 -------------------------------------------------------------
  1 ->   5 =  -0.697926
  1 ->   6 =   0.113642

 -------------------------------------------------------------
 Excitation n.   5:  18.569569 eV  f = 0.0000  <S**2> = 2.0000
 -------------------------------------------------------------
  1 ->   5 =   0.113642
  1 ->   6 =   0.697926

 -------------------------------------------------------------
 Excitation n.   6:  20.618637 eV  f = 0.0000  <S**2> = 2.0000
 -------------------------------------------------------------
  1 ->   7 =  -0.704825

 -------------------------------------------------------------
 Excitation n.   7:  23.838023 eV  f = 0.0000  <S**2> = 2.0000
 -------------------------------------------------------------
  1 ->   8 =  -0.701403
  1 ->   9 =   0.088904

 -------------------------------------------------------------
 Excitation n.   8:  23.838023 eV  f = 0.0000  <S**2> = 2.0000
 -------------------------------------------------------------
  1 ->   8 =   0.088904
  1 ->   9 =   0.701403

 -------------------------------------------------------------
 Excitation n.   9:  32.440357 eV  f = 0.0000  <S**2> = 2.0000
 -------------------------------------------------------------
  1 ->  10 =  -0.705083

 -------------------------------------------------------------
 Excitation n.  10:  47.470164 eV  f = 0.0000  <S**2> = 2.0000
 -------------------------------------------------------------
  1 ->  11 =  -0.705642

Thomas-Reiche-Kuhn sum rule =   0.000000


 *** dynamical TDA activated ***

 ---------------------------------------------------------------------------------------------------
  First-order dynamical correction to static Bethe-Salpeter excitation energies                     
 ---------------------------------------------------------------------------------------------------
  BSE neutral excitation must be lower than the GT gap =  10.591156 eV
 ---------------------------------------------------------------------------------------------------
      #          Static (eV)         Dynamic (eV)      Correction (eV)         Renorm. (eV)
 ---------------------------------------------------------------------------------------------------
      1            0.271683           -0.042832           -0.314516            1.007880
      2           12.470178           12.329733           -0.140445            1.010897
      3           13.698233           13.582477           -0.115755            1.008877
      4           18.569569           18.519144           -0.050425            1.010675
      5           18.569569           18.519144           -0.050425            1.010675
      6           20.618637           20.492931           -0.125706            1.044165
      7           23.838023           23.856453            0.018430            1.018709
      8           23.838023           23.856453            0.018430            1.018709
      9           32.440357           32.642580            0.202222            1.029951
     10           47.470164           47.651192            0.181028            1.167914
 ---------------------------------------------------------------------------------------------------


 -------------------------------------------------------------------------------
          Tr@BSE@G0T0 correlation energy (singlet) =       -0.0013010311 au
          Tr@BSE@G0T0 correlation energy (triplet) =       -0.0016763736 au
          Tr@BSE@G0T0 correlation energy           =       -0.0029774047 au
          Tr@BSE@G0T0 total energy                 =       -0.9567090273 au
 -------------------------------------------------------------------------------

                                       Total CPU time for G0T0 =     11.312 seconds

                                      Total CPU time for QuAcK =     25.231 seconds

