78 significant shell pairs computed in 0.000041 seconds
0
Computed Electron repulsion integrals Integrals in parallel in 0.134711 seconds

 ******************************************************************************************
 *            QuAcK                       QuAcK                         QuAcK             *
 *   __        __        __       __        __        __       __        __        __     *
 * <(o )___  <(o )___  <(o )___ <(o )___  <(o )___  <(o )___ <(o )___  <(o )___  <(o )___ *
 * ( ._> /   ( ._> /   ( ._> /  ( ._> /   ( ._> /   ( ._> /  ( ._> /   ( ._> /   ( ._> /  *
 *|--------------------------------------------------------------------------------------|*
 ******************************************************************************************

      ----------------------
             Number of atoms                2
      ----------------------

      ----------------------
Number of spin-up   electron                1
Number of spin-down electron                1
    Total number of electron                2
      ----------------------

      ----------------------
Number of core      electron                0
Number of Rydberg   electron                0
      ----------------------

          ------------------
          Molecular geometry
          ------------------
                    Atom n.                 1
                        Z =      1.0000000000
           Atom coordinates:     0.0000000000    0.0000000000    0.0000000000
                    Atom n.                 2
                        Z =      1.0000000000
           Atom coordinates:     0.0000000000    0.0000000000    2.2676713505

          ------------------
 Nuclear repulsion energy =      0.4409810089
          ------------------

          Gaussian basis set
          ------------------
                    Atom n.                 1
           number of shells                 6
          ------------------
      s-type shell with K =                 5
                                    Exponents     Contraction
                                33.8700000000    0.0060680000
                                 5.0950000000    0.0453080000
                                 1.1590000000    0.2028220000
                                 0.3258000000    0.5039030000
                                 0.1027000000    0.3834210000
      s-type shell with K =                 1
                                    Exponents     Contraction
                                 0.3258000000    1.0000000000
      s-type shell with K =                 1
                                    Exponents     Contraction
                                 0.1027000000    1.0000000000
      p-type shell with K =                 1
                                    Exponents     Contraction
                                 1.4070000000    1.0000000000
      p-type shell with K =                 1
                                    Exponents     Contraction
                                 0.3880000000    1.0000000000
      d-type shell with K =                 1
                                    Exponents     Contraction
                                 1.0570000000    1.0000000000
          ------------------
                    Atom n.                 2
           number of shells                 6
          ------------------
      s-type shell with K =                 5
                                    Exponents     Contraction
                                33.8700000000    0.0060680000
                                 5.0950000000    0.0453080000
                                 1.1590000000    0.2028220000
                                 0.3258000000    0.5039030000
                                 0.1027000000    0.3834210000
      s-type shell with K =                 1
                                    Exponents     Contraction
                                 0.3258000000    1.0000000000
      s-type shell with K =                 1
                                    Exponents     Contraction
                                 0.1027000000    1.0000000000
      p-type shell with K =                 1
                                    Exponents     Contraction
                                 1.4070000000    1.0000000000
      p-type shell with K =                 1
                                    Exponents     Contraction
                                 0.3880000000    1.0000000000
      d-type shell with K =                 1
                                    Exponents     Contraction
                                 1.0570000000    1.0000000000
          ------------------
            Number of shells               12
          ------------------

          ------------------
   Number of basis functions               30
          ------------------

 Scaling integrals by    1.0000000000000000     

                          Total CPU time for reading integrals =      0.046 seconds


 ************************************************
 |    Restricted Hartree-Fock calculation       |
 ************************************************


 ----------------------------------------------------
 | RHF calculation                                  |
 ----------------------------------------------------
 |   # |        HF energy |       Conv |     HL Gap |
 ----------------------------------------------------
 |   1 |    -0.8054600090 |   0.840296 |   1.240179 |
 |   2 |    -1.0449691047 |   0.239747 |   1.551958 |
 |   3 |    -1.0616554625 |   0.068533 |   1.569933 |
 |   4 |    -1.0635623539 |   0.029661 |   1.571843 |
 |   5 |    -1.0637239261 |   0.016093 |   1.572173 |
 |   6 |    -1.0635777834 |   0.009471 |   1.572219 |
 |   7 |    -1.0633982055 |   0.005844 |   1.572200 |
 |   8 |    -1.0632470637 |   0.003704 |   1.572169 |
 |   9 |    -1.0631329800 |   0.002383 |   1.572141 |
 |  10 |    -1.0630509172 |   0.001546 |   1.572119 |
 |  11 |    -1.0629934252 |   0.001014 |   1.572103 |
 |  12 |    -1.0629538079 |   0.000667 |   1.572092 |
 |  13 |    -1.0629268142 |   0.000439 |   1.572084 |
 |  14 |    -1.0629085703 |   0.000289 |   1.572079 |
 |  15 |    -1.0628963140 |   0.000190 |   1.572075 |
 |  16 |    -1.0628881177 |   0.000125 |   1.572073 |
 |  17 |    -1.0628826557 |   0.000082 |   1.572071 |
 |  18 |    -1.0628790256 |   0.000054 |   1.572070 |
 |  19 |    -1.0628766183 |   0.000036 |   1.572070 |
 |  20 |    -1.0628750245 |   0.000023 |   1.572069 |
 |  21 |    -1.0628739707 |   0.000015 |   1.572069 |
 |  22 |    -1.0628732747 |   0.000010 |   1.572069 |
 |  23 |    -1.0628728154 |   0.000007 |   1.572068 |
 |  24 |    -1.0628725124 |   0.000004 |   1.572068 |
 |  25 |    -1.0628723128 |   0.000003 |   1.572068 |
 |  26 |    -1.0628721812 |   0.000002 |   1.572068 |
 |  27 |    -1.0628720946 |   0.000001 |   1.572068 |
 |  28 |    -1.0628720375 |   0.000001 |   1.572068 |
 |  29 |    -1.0628720000 |   0.000001 |   1.572068 |
 |  30 |    -1.0628719752 |   0.000000 |   1.572068 |
 |  31 |    -1.0628719590 |   0.000000 |   1.572068 |
 |  32 |    -1.0628719483 |   0.000000 |   1.572068 |
 |  33 |    -1.0628719412 |   0.000000 |   1.572068 |
 |  34 |    -1.0628719479 |   0.000000 |   0.572068 |
 ----------------------------------------------------

         -----------------------------------------
           Summary              
         -----------------------------------------
           One-electron energy:     -2.0351182866 au
           Kinetic      energy:      0.8202312747 au
           Potential    energy:     -2.8553495613 au
         -----------------------------------------
           Two-electron energy:      0.5312653298 au
           Hartree      energy:      1.0625306595 au
           Exchange     energy:     -0.5312653298 au
         -----------------------------------------
           Electronic   energy:     -1.5038529568 au
           Nuclear   repulsion:      0.4409810089 au
           RHF          energy:     -1.0628719479 au
         -----------------------------------------
           HF HOMO      energy:        -13.232729 eV
           HF LUMO      energy:          2.334040 eV
           HF HOMO-LUMO gap   :         15.566769 eV
         -----------------------------------------
          Dipole moment (Debye)    
                   X         Y         Z      Tot.
            0.000000  0.000000 -0.000000  0.000000
         -----------------------------------------

           ---------------------------------------
                 MO coefficients
           ---------------------------------------
                 1              2              3              4              5
      1    -0.62456802    -0.58261165     0.23059186     0.01911676     0.00000000
      2     0.03127357     0.29871862    -1.36165033     1.51194049     0.00000000
      3     0.02871614    -1.05961720     0.92022414    -1.94549468     0.00000000
      4     0.00000000     0.00000000     0.00000000     0.00000000    -0.05187861
      5     0.00000000     0.00000000     0.00000000     0.00000000     0.03165496
      6    -0.00528177     0.01028463     0.00378049     0.01186238     0.00000000
      7     0.00000000     0.00000000     0.00000000     0.00000000     0.54427799
      8     0.00000000     0.00000000     0.00000000     0.00000000    -0.33210410
      9    -0.02477629     0.01290647    -0.03068755    -0.15207862     0.00000000
     10     0.00194909    -0.02292611     0.10432312    -0.10580317     0.00000000
     11     0.00000000     0.00000000     0.00000000     0.00000000     0.00000000
     12     0.00000000     0.00000000     0.00000000     0.00000000    -0.00902238
     13     0.00194909    -0.02292611     0.10432312    -0.10580317     0.00000000
     14     0.00000000     0.00000000     0.00000000     0.00000000     0.00550522
     15    -0.00179497    -0.02286160     0.10563219    -0.12215331     0.00000000
     16    -0.62456802     0.58261165     0.23059186    -0.01911676     0.00000000
     17     0.03127357    -0.29871862    -1.36165033    -1.51194049     0.00000000
     18     0.02871614     1.05961720     0.92022414     1.94549468     0.00000000
     19     0.00000000     0.00000000     0.00000000     0.00000000    -0.05187861
     20     0.00000000     0.00000000     0.00000000     0.00000000     0.03165496
     21     0.00528177     0.01028463    -0.00378049     0.01186238     0.00000000
     22     0.00000000     0.00000000     0.00000000     0.00000000     0.54427799
     23     0.00000000     0.00000000     0.00000000     0.00000000    -0.33210410
     24     0.02477629     0.01290647     0.03068755    -0.15207862     0.00000000
     25     0.00194909     0.02292611     0.10432312     0.10580317     0.00000000
     26     0.00000000     0.00000000     0.00000000     0.00000000     0.00000000
     27     0.00000000     0.00000000     0.00000000     0.00000000     0.00902238
     28     0.00194909     0.02292611     0.10432312     0.10580317     0.00000000
     29     0.00000000     0.00000000     0.00000000     0.00000000    -0.00550522
     30    -0.00179497     0.02286160     0.10563219     0.12215331     0.00000000
                 6              7              8              9             10
      1     0.00000000    -0.32986979     0.00000000     0.00000000    -0.59010007
      2     0.00000000     0.89208215     0.00000000     0.00000000    -0.92016433
      3     0.00000000    -0.19518644     0.00000000     0.00000000    -0.60813047
      4    -0.03165496     0.00000000     0.05951041    -0.06003702     0.00000000
      5    -0.05187861     0.00000000     0.06003702     0.05951041     0.00000000
      6     0.00000000     0.06860320     0.00000000     0.00000000     0.12521396
      7     0.33210410     0.00000000    -0.66926842     0.67519081     0.00000000
      8     0.54427799     0.00000000    -0.67519081    -0.66926842     0.00000000
      9     0.00000000    -0.71498688     0.00000000     0.00000000    -2.04218011
     10     0.00000000    -0.07100404     0.00000000     0.00000000    -0.00283575
     11     0.00000000     0.00000000     0.00000000     0.00000000     0.00000000
     12    -0.00550522     0.00000000     0.00122075    -0.00123155     0.00000000
     13     0.00000000    -0.07100404     0.00000000     0.00000000    -0.00283575
     14    -0.00902238     0.00000000     0.00123155     0.00122075     0.00000000
     15     0.00000000    -0.02378354     0.00000000     0.00000000    -0.14307305
     16     0.00000000    -0.32986979     0.00000000     0.00000000     0.59010007
     17     0.00000000     0.89208215     0.00000000     0.00000000     0.92016433
     18     0.00000000    -0.19518644     0.00000000     0.00000000     0.60813047
     19    -0.03165496     0.00000000    -0.05951041     0.06003702     0.00000000
     20    -0.05187861     0.00000000    -0.06003702    -0.05951041     0.00000000
     21     0.00000000    -0.06860320     0.00000000     0.00000000     0.12521396
     22     0.33210410     0.00000000     0.66926842    -0.67519081     0.00000000
     23     0.54427799     0.00000000     0.67519081     0.66926842     0.00000000
     24     0.00000000     0.71498688     0.00000000     0.00000000    -2.04218011
     25     0.00000000    -0.07100404     0.00000000     0.00000000     0.00283575
     26     0.00000000     0.00000000     0.00000000     0.00000000     0.00000000
     27     0.00550522     0.00000000     0.00122075    -0.00123155     0.00000000
     28     0.00000000    -0.07100404     0.00000000     0.00000000     0.00283575
     29     0.00902238     0.00000000     0.00123155     0.00122075     0.00000000
     30     0.00000000    -0.02378354     0.00000000     0.00000000     0.14307305
                11             12             13             14             15
      1    -4.65787360     5.11095462     0.00000000     0.00000000     0.92599265
      2     4.78288111    -6.67841898     0.00000000     0.00000000    -0.71651834
      3     1.08878622    -0.87502003     0.00000000     0.00000000    -0.29341333
      4     0.00000000     0.00000000     0.14494388    -0.05771236     0.00000000
      5     0.00000000     0.00000000    -0.05771236    -0.14494388     0.00000000
      6    -0.05430184     0.02099885     0.00000000     0.00000000    -0.59933610
      7     0.00000000     0.00000000    -0.15343014     0.06109134     0.00000000
      8     0.00000000     0.00000000     0.06109134     0.15343014     0.00000000
      9     0.04209837    -1.12959182     0.00000000     0.00000000     0.37402033
     10    -0.51592431     0.60043824     0.00000000     0.00000000     0.20050859
     11     0.00000000     0.00000000     0.00000000     0.00000000     0.00000000
     12     0.00000000     0.00000000     0.57634608    -0.22948394     0.00000000
     13    -0.51592431     0.60043824     0.00000000     0.00000000     0.20050859
     14     0.00000000     0.00000000    -0.22948394    -0.57634608     0.00000000
     15    -0.58306052     0.55539981     0.00000000     0.00000000    -0.36207410
     16    -4.65787360    -5.11095462     0.00000000     0.00000000     0.92599265
     17     4.78288111     6.67841898     0.00000000     0.00000000    -0.71651834
     18     1.08878622     0.87502003     0.00000000     0.00000000    -0.29341333
     19     0.00000000     0.00000000     0.14494388    -0.05771236     0.00000000
     20     0.00000000     0.00000000    -0.05771236    -0.14494388     0.00000000
     21     0.05430184     0.02099885     0.00000000     0.00000000     0.59933610
     22     0.00000000     0.00000000    -0.15343014     0.06109134     0.00000000
     23     0.00000000     0.00000000     0.06109134     0.15343014     0.00000000
     24    -0.04209837    -1.12959182     0.00000000     0.00000000    -0.37402033
     25    -0.51592431    -0.60043824     0.00000000     0.00000000     0.20050859
     26     0.00000000     0.00000000     0.00000000     0.00000000     0.00000000
     27     0.00000000     0.00000000    -0.57634608     0.22948394     0.00000000
     28    -0.51592431    -0.60043824     0.00000000     0.00000000     0.20050859
     29     0.00000000     0.00000000     0.22948394     0.57634608     0.00000000
     30    -0.58306052    -0.55539981     0.00000000     0.00000000    -0.36207410
                16             17             18             19             20
      1     0.00000000     0.00000000     0.00000000     0.00000000     0.00000000
      2     0.00000000     0.00000000     0.00000000     0.00000000     0.00000000
      3     0.00000000     0.00000000     0.00000000     0.00000000     0.00000000
      4     0.00000000     0.00000000     0.00000000     0.00000000     0.31958637
      5     0.00000000     0.00000000     0.00000000     0.00000000    -0.82012696
      6     0.00000000     0.00000000     0.00000000     0.00000000     0.00000000
      7     0.00000000     0.00000000     0.00000000     0.00000000    -0.15331535
      8     0.00000000     0.00000000     0.00000000     0.00000000     0.39343997
      9     0.00000000     0.00000000     0.00000000     0.00000000     0.00000000
     10    -0.00265168    -0.59309958     0.00382661    -0.63363633     0.00000000
     11     0.68485240    -0.00306190    -0.73166021    -0.00441859     0.00000000
     12     0.00000000     0.00000000     0.00000000     0.00000000    -0.04007868
     13     0.00265168     0.59309958    -0.00382661     0.63363633     0.00000000
     14     0.00000000     0.00000000     0.00000000     0.00000000     0.10285045
     15     0.00000000     0.00000000     0.00000000     0.00000000     0.00000000
     16     0.00000000     0.00000000     0.00000000     0.00000000     0.00000000
     17     0.00000000     0.00000000     0.00000000     0.00000000     0.00000000
     18     0.00000000     0.00000000     0.00000000     0.00000000     0.00000000
     19     0.00000000     0.00000000     0.00000000     0.00000000     0.31958637
     20     0.00000000     0.00000000     0.00000000     0.00000000    -0.82012696
     21     0.00000000     0.00000000     0.00000000     0.00000000     0.00000000
     22     0.00000000     0.00000000     0.00000000     0.00000000    -0.15331535
     23     0.00000000     0.00000000     0.00000000     0.00000000     0.39343997
     24     0.00000000     0.00000000     0.00000000     0.00000000     0.00000000
     25    -0.00265168    -0.59309958    -0.00382661     0.63363633     0.00000000
     26     0.68485240    -0.00306190     0.73166021     0.00441859     0.00000000
     27     0.00000000     0.00000000     0.00000000     0.00000000     0.04007868
     28     0.00265168     0.59309958     0.00382661    -0.63363633     0.00000000
     29     0.00000000     0.00000000     0.00000000     0.00000000    -0.10285045
     30     0.00000000     0.00000000     0.00000000     0.00000000     0.00000000
                21             22             23             24             25
      1     0.00000000     0.00000000     0.00000000     1.12658993     0.00000000
      2     0.00000000     0.00000000     0.00000000    -1.65309148     0.00000000
      3     0.00000000     0.00000000     0.00000000    -0.87991939     0.00000000
      4     0.82012696     0.29439079     0.86334339     0.00000000     0.03543069
      5     0.31958637     0.86334339    -0.29439079     0.00000000     0.01279704
      6     0.00000000     0.00000000     0.00000000     0.79043537     0.00000000
      7    -0.39343997    -0.20403500    -0.59836202     0.00000000    -0.31742073
      8    -0.15331535    -0.59836202     0.20403500     0.00000000    -0.11464765
      9     0.00000000     0.00000000     0.00000000    -1.67486563     0.00000000
     10     0.00000000     0.00000000     0.00000000     0.10255995     0.00000000
     11     0.00000000     0.00000000     0.00000000     0.00000000     0.00000000
     12    -0.10285045    -0.01129772    -0.03313218     0.00000000    -0.83741308
     13     0.00000000     0.00000000     0.00000000     0.10255995     0.00000000
     14    -0.04007868    -0.03313218     0.01129772     0.00000000    -0.30246115
     15     0.00000000     0.00000000     0.00000000    -0.69640427     0.00000000
     16     0.00000000     0.00000000     0.00000000    -1.12658993     0.00000000
     17     0.00000000     0.00000000     0.00000000     1.65309148     0.00000000
     18     0.00000000     0.00000000     0.00000000     0.87991939     0.00000000
     19     0.82012696    -0.29439079    -0.86334339     0.00000000    -0.03543069
     20     0.31958637    -0.86334339     0.29439079     0.00000000    -0.01279704
     21     0.00000000     0.00000000     0.00000000     0.79043537     0.00000000
     22    -0.39343997     0.20403500     0.59836202     0.00000000     0.31742073
     23    -0.15331535     0.59836202    -0.20403500     0.00000000     0.11464765
     24     0.00000000     0.00000000     0.00000000    -1.67486563     0.00000000
     25     0.00000000     0.00000000     0.00000000    -0.10255995     0.00000000
     26     0.00000000     0.00000000     0.00000000     0.00000000     0.00000000
     27     0.10285045    -0.01129772    -0.03313218     0.00000000    -0.83741308
     28     0.00000000     0.00000000     0.00000000    -0.10255995     0.00000000
     29     0.04007868    -0.03313218     0.01129772     0.00000000    -0.30246115
     30     0.00000000     0.00000000     0.00000000     0.69640427     0.00000000
                26             27             28             29             30
      1     0.00000000     0.57869973     1.36509350    -0.22260607     1.43240968
      2     0.00000000    -1.11713616     0.98092005    -3.09649616    -1.41966129
      3     0.00000000    -0.10085430    -0.87755689     0.65794225    -0.80009386
      4    -0.01279704     0.00000000     0.00000000     0.00000000     0.00000000
      5     0.03543069     0.00000000     0.00000000     0.00000000     0.00000000
      6     0.00000000     0.70484136     0.32754886     0.03166868    -0.53654320
      7     0.11464765     0.00000000     0.00000000     0.00000000     0.00000000
      8    -0.31742073     0.00000000     0.00000000     0.00000000     0.00000000
      9     0.00000000    -0.48338449    -0.20388471    -1.00320786    -1.17271805
     10     0.00000000     0.69304856    -0.76874475     1.12251524     0.09551543
     11     0.00000000     0.00000000     0.00000000     0.00000000     0.00000000
     12     0.30246115     0.00000000     0.00000000     0.00000000     0.00000000
     13     0.00000000     0.69304856    -0.76874475     1.12251524     0.09551543
     14    -0.83741308     0.00000000     0.00000000     0.00000000     0.00000000
     15     0.00000000    -0.17780623    -0.85155965     0.32047794    -1.52627205
     16     0.00000000     0.57869973     1.36509350     0.22260607    -1.43240968
     17     0.00000000    -1.11713616     0.98092005     3.09649616     1.41966129
     18     0.00000000    -0.10085430    -0.87755689    -0.65794225     0.80009386
     19     0.01279704     0.00000000     0.00000000     0.00000000     0.00000000
     20    -0.03543069     0.00000000     0.00000000     0.00000000     0.00000000
     21     0.00000000    -0.70484136    -0.32754886     0.03166868    -0.53654320
     22    -0.11464765     0.00000000     0.00000000     0.00000000     0.00000000
     23     0.31742073     0.00000000     0.00000000     0.00000000     0.00000000
     24     0.00000000     0.48338449     0.20388471    -1.00320786    -1.17271805
     25     0.00000000     0.69304856    -0.76874475    -1.12251524    -0.09551543
     26     0.00000000     0.00000000     0.00000000     0.00000000     0.00000000
     27     0.30246115     0.00000000     0.00000000     0.00000000     0.00000000
     28     0.00000000     0.69304856    -0.76874475    -1.12251524    -0.09551543
     29    -0.83741308     0.00000000     0.00000000     0.00000000     0.00000000
     30     0.00000000    -0.17780623    -0.85155965    -0.32047794     1.52627205

           ---------------------------------------
                     MO energies
           ---------------------------------------
                 1
      1    -0.48629381
      2     0.08577440
      3     0.31668747
      4     0.46522010
      5     0.66518328
      6     0.66518328
      7     0.92148394
      8     1.01117077
      9     1.01117077
     10     1.42565098
     11     1.78723703
     12     1.91574146
     13     3.11754022
     14     3.11754022
     15     3.22600995
     16     3.28514931
     17     3.28514931
     18     3.66116509
     19     3.66116509
     20     3.89488788
     21     3.89488788
     22     3.97557518
     23     3.97557518
     24     4.03945395
     25     4.45919877
     26     4.45919877
     27     4.57627509
     28     4.73015821
     29     4.73831902
     30     6.03382079

                                        Total CPU time for RHF =      0.567 seconds


 AO to MO transformation... Please be patient

                    Total CPU time for AO to MO transformation =      1.640 seconds


 ******************************************************
 | Configuration Interaction with Singles and Doubles |
 ******************************************************

 nS =          116
 nD =         1653
 nH =         1770

 00 block  done...
 0S blocks done...
 0D blocks done...
 SS block  done...
 SD blocks done...
 DD block  done...

 Diagonalizing CISD matrix...

 CISD energies (au)
                 1
      1    -1.55313870
      2    -1.36636213
      3    -1.36636213
      4    -1.36636213
      5    -1.17795111
      6    -1.05233909
      7    -1.05233909
      8    -1.05233909
      9    -0.98891552
     10    -0.93149836
     11    -0.93149836
     12    -0.93149836
     13    -0.92152566
     14    -0.86700984
     15    -0.83710309
     16    -0.83710309
     17    -0.83710309
     18    -0.83710309
     19    -0.83710309
     20    -0.83710309
     21    -0.71230239
     22    -0.71230239
     23    -0.69516303
     24    -0.69516303
     25    -0.69516303
     26    -0.62349441
     27    -0.60041942
     28    -0.60041942
     29    -0.60041942
     30    -0.56407572
     31    -0.56407572
     32    -0.56041709
     33    -0.56041709
     34    -0.56041709
     35    -0.51845796
     36    -0.51845796
     37    -0.51845796
     38    -0.51845796
     39    -0.51845796
     40    -0.51845796
     41    -0.51462330
     42    -0.43212877
     43    -0.43212877
     44    -0.43212877
     45    -0.43212877
     46    -0.43212877
     47    -0.43212877
     48    -0.42147112
     49    -0.34518663
     50    -0.28987239
     51    -0.28987239

 CISD excitation energies (eV)
                 1
      1     5.08244944
      2     5.08244944
      3     5.08244944
      4    10.20937431
      5    13.62745160
      6    13.62745160
      7    13.62745160
      8    15.35329483
      9    16.91569524
     10    16.91569524
     11    16.91569524
     12    17.18706632
     13    18.67051730
     14    19.48432152
     15    19.48432152
     16    19.48432152
     17    19.48432152
     18    19.48432152
     19    19.48432152
     20    22.88032157
     21    22.88032157
     22    23.34670711
     23    23.34670711
     24    23.34670711
     25    25.29690970
     26    25.92481219
     27    25.92481219
     28    25.92481219
     29    26.91377466
     30    26.91377466
     31    27.01333088
     32    27.01333088
     33    27.01333088
     34    28.15509708
     35    28.15509708
     36    28.15509708
     37    28.15509708
     38    28.15509708
     39    28.15509708
     40    28.25944337
     41    30.50423407
     42    30.50423407
     43    30.50423407
     44    30.50423407
     45    30.50423407
     46    30.50423407
     47    30.79424337
     48    32.87004999
     49    34.37522717
     50    34.37522717

                                       Total CPU time for CISD =     11.810 seconds


 ************************************************
 |          One-shot G0W0 calculation           |
 ************************************************


 -------------------------------------------------------------
   RPA@HF       calculation: singlet        manifold
 -------------------------------------------------------------
 | State |  Excitation energy (au) |  Excitation energy (eV) |
 -------------------------------------------------------------
 |     1 |                0.679275 |               18.484004 |
 |     2 |                0.889744 |               24.211179 |
 |     3 |                1.108799 |               30.171959 |
 |     4 |                1.295899 |               35.263195 |
 |     5 |                1.295899 |               35.263195 |
 |     6 |                1.514612 |               41.214688 |
 |     7 |                1.569290 |               42.702563 |
 |     8 |                1.569290 |               42.702563 |
 |     9 |                1.980025 |               53.879217 |
 |    10 |                2.369554 |               64.478839 |
 |    11 |                2.479044 |               67.458230 |
 |    12 |                3.692470 |              100.477234 |
 |    13 |                3.692470 |              100.477234 |
 |    14 |                3.832309 |              104.282433 |
 |    15 |                3.840869 |              104.515365 |
 |    16 |                3.840869 |              104.515365 |
 |    17 |                4.202676 |              114.360651 |
 |    18 |                4.202676 |              114.360651 |
 |    19 |                4.464564 |              121.486981 |
 |    20 |                4.464564 |              121.486981 |
 -------------------------------------------------------------

  *** Quasiparticle energies obtained by linearization *** 

 -------------------------------------------------------------------------------
   One-shot G0W0 calculation
 -------------------------------------------------------------------------------
 |   # |       e_HF (eV) |      Sig_c (eV) |               Z |       e_QP (eV) |
 -------------------------------------------------------------------------------
 |   1 |      -13.232729 |       -0.652191 |        0.953357 |      -13.854499 |
 |   2 |        2.334040 |       -0.415499 |        0.976951 |        1.928118 |
 |   3 |        8.617505 |       -0.434385 |        0.985343 |        8.189487 |
 |   4 |       12.659284 |       -1.047425 |        0.953137 |       11.660944 |
 |   5 |       18.100559 |       -0.964131 |        0.970284 |       17.165077 |
 |   6 |       18.100559 |       -0.964131 |        0.970284 |       17.165077 |
 |   7 |       25.074855 |       -1.090086 |        0.791490 |       24.212063 |
 |   8 |       27.515358 |       -1.781878 |        0.893165 |       25.923846 |
 |   9 |       27.515358 |       -1.781878 |        0.893165 |       25.923846 |
 |  10 |       38.793939 |      166.960499 |        0.000027 |       38.798365 |
 |  11 |       48.633197 |       -2.303200 |        0.586167 |       47.283137 |
 |  12 |       52.129980 |       -1.786485 |        0.867563 |       50.580091 |
 |  13 |       84.832590 |       -0.931015 |        0.878128 |       84.015040 |
 |  14 |       84.832590 |       -0.931015 |        0.878128 |       84.015040 |
 |  15 |       87.784202 |       -3.345817 |        0.490778 |       86.142147 |
 |  16 |       89.393466 |       -1.344442 |        0.938308 |       88.131966 |
 |  17 |       89.393466 |       -1.344442 |        0.938308 |       88.131966 |
 |  18 |       99.625376 |       -2.626935 |        0.835339 |       97.430995 |
 |  19 |       99.625376 |       -2.626935 |        0.835339 |       97.430995 |
 |  20 |      105.985298 |       -2.668509 |        0.863391 |      103.681331 |
 |  21 |      105.985298 |       -2.668509 |        0.863391 |      103.681331 |
 |  22 |      108.180911 |       -3.117451 |        0.852921 |      105.521972 |
 |  23 |      108.180911 |       -3.117451 |        0.852921 |      105.521972 |
 |  24 |      109.919141 |       -1.741213 |        0.715283 |      108.673681 |
 |  25 |      121.340979 |        0.953968 |        0.651963 |      121.962931 |
 |  26 |      121.340979 |        0.953968 |        0.651963 |      121.962931 |
 |  27 |      124.526788 |       -3.871418 |        0.631214 |      122.083096 |
 |  28 |      128.714161 |        5.835544 |        0.027176 |      128.872746 |
 |  29 |      128.936228 |       -2.219890 |        0.787207 |      127.188715 |
 |  30 |      164.188627 |        0.965383 |        0.736131 |      164.899275 |
 -------------------------------------------------------------------------------
          G0W0 HOMO      energy:     -13.854499 eV
          G0W0 LUMO      energy:       1.928118 eV
          G0W0 HOMO-LUMO gap   :      15.782617 eV
 -------------------------------------------------------------------------------
    RPA@G0W0 total energy      :      -1.119572 au
    RPA@G0W0 correlation energy:      -0.056700 au
    GM@G0W0  total energy      :      -1.165894 au
    GM@G0W0  correlation energy:      -0.103022 au
 -------------------------------------------------------------------------------


 -------------------------------------------------------------
   BSE@GW       calculation: singlet        manifold
 -------------------------------------------------------------
 | State |  Excitation energy (au) |  Excitation energy (eV) |
 -------------------------------------------------------------
 |     1 |                0.364806 |                9.926878 |
 |     2 |                0.590139 |               16.058505 |
 |     3 |                0.705288 |               19.191861 |
 |     4 |                0.855689 |               23.284495 |
 |     5 |                0.855689 |               23.284495 |
 |     6 |                1.089567 |               29.648632 |
 |     7 |                1.127405 |               30.678255 |
 |     8 |                1.127405 |               30.678255 |
 |     9 |                1.601951 |               43.591301 |
 |    10 |                1.914627 |               52.099661 |
 |    11 |                2.029907 |               55.236593 |
 |    12 |                3.184558 |               86.656247 |
 |    13 |                3.184558 |               86.656247 |
 |    14 |                3.268763 |               88.947572 |
 |    15 |                3.331263 |               90.648291 |
 |    16 |                3.331263 |               90.648291 |
 |    17 |                3.662931 |               99.673421 |
 |    18 |                3.662931 |               99.673421 |
 |    19 |                3.897233 |              106.049123 |
 |    20 |                3.897233 |              106.049123 |
 -------------------------------------------------------------

 ---------------------------------------------------------------
                 Transition dipole moment (au)                  
 ---------------------------------------------------------------
  #           X           Y           Z   dip. str.   osc. str.
 ---------------------------------------------------------------
  1   -0.000000    0.000000    1.555658    2.420072    0.588571
  2    0.000000   -0.000000    0.000000    0.000000    0.000000
  3   -0.000000   -0.000000   -0.231274    0.053488    0.025149
  4    1.113030   -0.423466   -0.000000    1.418159    0.809002
  5    0.423466    1.113030   -0.000000    1.418159    0.809002
  6   -0.000000   -0.000000    0.000000    0.000000    0.000000
  7    0.000000   -0.000000   -0.000000    0.000000    0.000000
  8    0.000000    0.000000    0.000000    0.000000    0.000000
  9    0.000000   -0.000000   -0.122976    0.015123    0.016151
 10   -0.000000    0.000000   -0.000000    0.000000    0.000000
 ---------------------------------------------------------------

 -------------------------------------------------------------
 Excitation n.   1:   9.926878 eV  f = 0.5886  <S**2> = 0.0000
 -------------------------------------------------------------
  1 ->   2 =  -0.719105
  1 <-   2 =   0.113034

 -------------------------------------------------------------
 Excitation n.   2:  16.058505 eV  f = 0.0000  <S**2> = 0.0000
 -------------------------------------------------------------
  1 ->   3 =   0.708112

 -------------------------------------------------------------
 Excitation n.   3:  19.191861 eV  f = 0.0251  <S**2> = 0.0000
 -------------------------------------------------------------
  1 ->   4 =  -0.712471
  1 <-   2 =  -0.070714

 -------------------------------------------------------------
 Excitation n.   4:  23.284495 eV  f = 0.8090  <S**2> = 0.0000
 -------------------------------------------------------------
  1 ->   5 =  -0.696227
  1 ->   6 =  -0.129798

 -------------------------------------------------------------
 Excitation n.   5:  23.284495 eV  f = 0.8090  <S**2> = 0.0000
 -------------------------------------------------------------
  1 ->   5 =   0.129798
  1 ->   6 =  -0.696227

 -------------------------------------------------------------
 Excitation n.   6:  29.648632 eV  f = 0.0000  <S**2> = 0.0000
 -------------------------------------------------------------
  1 ->   7 =  -0.707099

 -------------------------------------------------------------
 Excitation n.   7:  30.678255 eV  f = 0.0000  <S**2> = 0.0000
 -------------------------------------------------------------
  1 ->   9 =   0.707074

 -------------------------------------------------------------
 Excitation n.   8:  30.678255 eV  f = 0.0000  <S**2> = 0.0000
 -------------------------------------------------------------
  1 ->   8 =  -0.707074

 -------------------------------------------------------------
 Excitation n.   9:  43.591301 eV  f = 0.0162  <S**2> = 0.0000
 -------------------------------------------------------------
  1 ->  10 =  -0.706627

 -------------------------------------------------------------
 Excitation n.  10:  52.099661 eV  f = 0.0000  <S**2> = 0.0000
 -------------------------------------------------------------
  1 ->  11 =   0.706955

Thomas-Reiche-Kuhn sum rule =   2.247876


 *** dynamical TDA activated ***

 ---------------------------------------------------------------------------------------------------
  First-order dynamical correction to static Bethe-Salpeter excitation energies                     
 ---------------------------------------------------------------------------------------------------
  BSE neutral excitation must be lower than the GW gap =  15.782617 eV
 ---------------------------------------------------------------------------------------------------
      #          Static (eV)         Dynamic (eV)      Correction (eV)         Renorm. (eV)
 ---------------------------------------------------------------------------------------------------
      1            9.926878            9.825749           -0.101130            1.014804
      2           16.058505           15.972738           -0.085767            1.011869
      3           19.191861           19.027075           -0.164786            1.022210
      4           23.284495           23.058960           -0.225535            1.022451
      5           23.284495           23.058960           -0.225535            1.022451
      6           29.648632           29.427458           -0.221174            1.020057
      7           30.678255           30.485226           -0.193029            1.015403
      8           30.678255           30.485226           -0.193029            1.015403
      9           43.591301           43.365717           -0.225584            1.019587
     10           52.099661           51.809072           -0.290588            1.022266
 ---------------------------------------------------------------------------------------------------


 -------------------------------------------------------------
   BSE@GW       calculation: triplet        manifold
 -------------------------------------------------------------
 | State |  Excitation energy (au) |  Excitation energy (eV) |
 -------------------------------------------------------------
 |     1 |                0.176715 |                4.808666 |
 |     2 |                0.486581 |               13.240541 |
 |     3 |                0.598870 |               16.296076 |
 |     4 |                0.701355 |               19.084851 |
 |     5 |                0.701355 |               19.084851 |
 |     6 |                0.979544 |               26.654759 |
 |     7 |                1.052316 |               28.634968 |
 |     8 |                1.052316 |               28.634968 |
 |     9 |                1.536671 |               41.814956 |
 |    10 |                1.819900 |               49.521997 |
 |    11 |                1.958107 |               53.282808 |
 |    12 |                3.095791 |               84.240775 |
 |    13 |                3.095791 |               84.240775 |
 |    14 |                3.150355 |               85.725525 |
 |    15 |                3.261221 |               88.742351 |
 |    16 |                3.261221 |               88.742351 |
 |    17 |                3.607355 |               98.161130 |
 |    18 |                3.607355 |               98.161130 |
 |    19 |                3.814436 |              103.796087 |
 |    20 |                3.814436 |              103.796087 |
 -------------------------------------------------------------

 -------------------------------------------------------------
 Excitation n.   1:   4.808666 eV  f = 0.0000  <S**2> = 2.0000
 -------------------------------------------------------------
  1 ->   2 =  -0.686211
  1 ->   4 =   0.216524
  1 <-   2 =  -0.118630

 -------------------------------------------------------------
 Excitation n.   2:  13.240541 eV  f = 0.0000  <S**2> = 2.0000
 -------------------------------------------------------------
  1 ->   3 =   0.705216

 -------------------------------------------------------------
 Excitation n.   3:  16.296076 eV  f = 0.0000  <S**2> = 2.0000
 -------------------------------------------------------------
  1 ->   2 =  -0.208860
  1 ->   4 =  -0.674119

 -------------------------------------------------------------
 Excitation n.   4:  19.084851 eV  f = 0.0000  <S**2> = 2.0000
 -------------------------------------------------------------
  1 ->   5 =   0.250172
  1 ->   6 =  -0.661921

 -------------------------------------------------------------
 Excitation n.   5:  19.084851 eV  f = 0.0000  <S**2> = 2.0000
 -------------------------------------------------------------
  1 ->   5 =  -0.661921
  1 ->   6 =  -0.250172

 -------------------------------------------------------------
 Excitation n.   6:  26.654759 eV  f = 0.0000  <S**2> = 2.0000
 -------------------------------------------------------------
  1 ->   7 =  -0.704974

 -------------------------------------------------------------
 Excitation n.   7:  28.634968 eV  f = 0.0000  <S**2> = 2.0000
 -------------------------------------------------------------
  1 ->   8 =   0.703102
  1 ->   9 =  -0.074937

 -------------------------------------------------------------
 Excitation n.   8:  28.634968 eV  f = 0.0000  <S**2> = 2.0000
 -------------------------------------------------------------
  1 ->   8 =   0.074937
  1 ->   9 =   0.703102

 -------------------------------------------------------------
 Excitation n.   9:  41.814956 eV  f = 0.0000  <S**2> = 2.0000
 -------------------------------------------------------------
  1 ->  10 =   0.705255

 -------------------------------------------------------------
 Excitation n.  10:  49.521997 eV  f = 0.0000  <S**2> = 2.0000
 -------------------------------------------------------------
  1 ->  11 =   0.705458

Thomas-Reiche-Kuhn sum rule =   0.000000


 *** dynamical TDA activated ***

 ---------------------------------------------------------------------------------------------------
  First-order dynamical correction to static Bethe-Salpeter excitation energies                     
 ---------------------------------------------------------------------------------------------------
  BSE neutral excitation must be lower than the GW gap =  15.782617 eV
 ---------------------------------------------------------------------------------------------------
      #          Static (eV)         Dynamic (eV)      Correction (eV)         Renorm. (eV)
 ---------------------------------------------------------------------------------------------------
      1            4.808666            4.452058           -0.356609            1.017337
      2           13.240541           13.082582           -0.157958            1.011315
      3           16.296076           16.108379           -0.187697            1.007495
      4           19.084851           18.761139           -0.323712            1.017912
      5           19.084851           18.761139           -0.323712            1.017912
      6           26.654759           26.362515           -0.292244            1.015667
      7           28.634968           28.405087           -0.229881            1.013817
      8           28.634968           28.405087           -0.229881            1.013817
      9           41.814956           41.545719           -0.269237            0.998230
     10           49.521997           49.322834           -0.199162            0.978480
 ---------------------------------------------------------------------------------------------------


 -------------------------------------------------------------------------------
          Tr@BSE@G0W0 correlation energy (singlet) =       -0.0416767526
          Tr@BSE@G0W0 correlation energy (triplet) =       -0.0160624164
          Tr@BSE@G0W0 correlation energy           =       -0.0577391690
          Tr@BSE@G0W0 total energy                 =       -1.1206111170
 -------------------------------------------------------------------------------

                                       Total CPU time for G0W0 =      0.014 seconds


 ************************************************
 |          One-shot G0T0 calculation           |
 ************************************************


 -------------------------------------------------------------
   pp-RPA (N+2) calculation: alpha-beta     manifold
 -------------------------------------------------------------
 | State |  Excitation energy (au) |  Excitation energy (eV) |
 -------------------------------------------------------------
 |     1 |                0.467196 |               12.713041 |
 |     2 |                0.640827 |               17.437791 |
 |     3 |                0.693456 |               18.869906 |
 |     4 |                0.801671 |               21.814585 |
 |     5 |                0.869296 |               23.654756 |
 |     6 |                0.926604 |               25.214170 |
 |     7 |                1.017075 |               27.676021 |
 |     8 |                1.054460 |               28.693317 |
 |     9 |                1.054460 |               28.693317 |
 |    10 |                1.084459 |               29.509643 |
 |    11 |                1.084459 |               29.509643 |
 |    12 |                1.092985 |               29.741640 |
 |    13 |                1.272936 |               34.638360 |
 |    14 |                1.278065 |               34.777933 |
 |    15 |                1.278065 |               34.777933 |
 |    16 |                1.289970 |               35.101867 |
 |    17 |                1.289970 |               35.101867 |
 |    18 |                1.293267 |               35.191579 |
 |    19 |                1.384059 |               37.662152 |
 |    20 |                1.387835 |               37.764922 |
 -------------------------------------------------------------


 -------------------------------------------------------------
   pp-RPA (N-2) calculation: alpha-beta     manifold
 -------------------------------------------------------------
 | State |  Excitation energy (au) |  Excitation energy (eV) |
 -------------------------------------------------------------
 |     1 |               -1.482805 |              -40.349174 |
 -------------------------------------------------------------


 -------------------------------------------------------------
   pp-RPA (N+2) calculation: alpha-alpha    manifold
 -------------------------------------------------------------
 | State |  Excitation energy (au) |  Excitation energy (eV) |
 -------------------------------------------------------------
 |     1 |                0.640827 |               17.437791 |
 |     2 |                0.801671 |               21.814585 |
 |     3 |                1.017075 |               27.676021 |
 |     4 |                1.054460 |               28.693317 |
 |     5 |                1.054460 |               28.693317 |
 |     6 |                1.278065 |               34.777933 |
 |     7 |                1.278065 |               34.777933 |
 |     8 |                1.293267 |               35.191579 |
 |     9 |                1.387835 |               37.764922 |
 |    10 |                1.387835 |               37.764922 |
 |    11 |                1.462912 |               39.807852 |
 |    12 |                1.462912 |               39.807852 |
 |    13 |                1.520778 |               41.382485 |
 |    14 |                1.631087 |               44.384135 |
 |    15 |                1.631087 |               44.384135 |
 |    16 |                1.715656 |               46.685379 |
 |    17 |                1.724349 |               46.921917 |
 |    18 |                1.802489 |               49.048211 |
 |    19 |                1.802489 |               49.048211 |
 |    20 |                1.819659 |               49.515455 |
 -------------------------------------------------------------


 -------------------------------------------------------------
   pp-RPA (N-2) calculation: alpha-alpha    manifold
 -------------------------------------------------------------
 | State |  Excitation energy (au) |  Excitation energy (eV) |
 -------------------------------------------------------------
 -------------------------------------------------------------

 -------------------------------------------------------------------------------
   One-shot G0T0 calculation (T-matrix self-energy)  
 -------------------------------------------------------------------------------
 |   # |       e_HF (eV) |    Sigma_T (eV) |               Z |       e_QP (eV) |
 -------------------------------------------------------------------------------
 |   1 |      -13.232729 |       -0.212870 |        0.987144 |      -13.442862 |
 |   2 |        2.334040 |       -0.399989 |        0.988326 |        1.938721 |
 |   3 |        8.617505 |       -0.274925 |        0.992419 |        8.344664 |
 |   4 |       12.659284 |       -0.597737 |        0.981763 |       12.072448 |
 |   5 |       18.100559 |       -0.769006 |        0.981818 |       17.345535 |
 |   6 |       18.100559 |       -0.769006 |        0.981818 |       17.345535 |
 |   7 |       25.074855 |       -3.053247 |        0.291431 |       24.185045 |
 |   8 |       27.515358 |       -0.984298 |        0.964264 |       26.566235 |
 |   9 |       27.515358 |       -0.984298 |        0.964264 |       26.566235 |
 |  10 |       38.793939 |       -1.380148 |        0.882701 |       37.575682 |
 |  11 |       48.633197 |        0.522844 |        0.306186 |       48.793284 |
 |  12 |       52.129980 |       -0.951152 |        0.946974 |       51.229265 |
 |  13 |       84.832590 |       -0.933306 |        0.932757 |       83.962043 |
 |  14 |       84.832590 |       -0.933306 |        0.932757 |       83.962043 |
 |  15 |       87.784202 |       -1.259397 |        0.814343 |       86.758620 |
 |  16 |       89.393466 |       -1.068682 |        0.948116 |       88.380231 |
 |  17 |       89.393466 |       -1.068682 |        0.948116 |       88.380231 |
 |  18 |       99.625376 |       -1.825962 |        0.918759 |       97.947758 |
 |  19 |       99.625376 |       -1.825962 |        0.918759 |       97.947758 |
 |  20 |      105.985298 |       -1.030240 |        0.506970 |      105.462997 |
 |  21 |      105.985298 |       -1.030240 |        0.506970 |      105.462997 |
 |  22 |      108.180911 |       -2.102050 |        0.860514 |      106.372067 |
 |  23 |      108.180911 |       -2.102050 |        0.860514 |      106.372067 |
 |  24 |      109.919141 |       -2.855154 |        0.609666 |      108.178451 |
 |  25 |      121.340979 |      -16.766771 |        0.043165 |      120.617246 |
 |  26 |      121.340979 |      -16.766771 |        0.043165 |      120.617246 |
 |  27 |      124.526788 |       -2.296162 |        0.873398 |      122.521326 |
 |  28 |      128.714161 |       -4.012711 |        0.275361 |      127.609215 |
 |  29 |      128.936228 |       -0.899750 |        0.483505 |      128.501195 |
 |  30 |      164.188627 |       -4.306446 |        0.244234 |      163.136847 |
 -------------------------------------------------------------------------------
             G0T0 HOMO      energy (eV)            =     -13.442862 eV
             G0T0 LUMO      energy (eV)            =       1.938721 eV
             G0T0 HOMO-LUMO gap    (eV)            =      15.381583 eV
 -------------------------------------------------------------------------------
        Tr@ppRPA@G0T0 correlation energy (singlet) =       -0.0212032200 au
        Tr@ppRPA@G0T0 correlation energy (triplet) =       -0.0000000000 au
        Tr@ppRPA@G0T0 correlation energy           =       -0.0212032200 au
        Tr@ppRPA@G0T0 total energy                 =       -1.0840751679 au
              GM@G0T0 correlation energy           =       -0.0338424346 au
              GM@G0T0 total energy                 =       -1.0967143825 au
 -------------------------------------------------------------------------------


 -------------------------------------------------------------
   BSE@GT       calculation: singlet        manifold
 -------------------------------------------------------------
 | State |  Excitation energy (au) |  Excitation energy (eV) |
 -------------------------------------------------------------
 |     1 |                0.361509 |                9.837163 |
 |     2 |                0.554562 |               15.090391 |
 |     3 |                0.678713 |               18.468731 |
 |     4 |                0.817594 |               22.247871 |
 |     5 |                0.817594 |               22.247871 |
 |     6 |                1.032369 |               28.092191 |
 |     7 |                1.105410 |               30.079726 |
 |     8 |                1.105410 |               30.079726 |
 |     9 |                1.511143 |               41.120301 |
 |    10 |                1.904988 |               51.837360 |
 |    11 |                1.999447 |               54.407714 |
 |    12 |                3.103157 |               84.441197 |
 |    13 |                3.103157 |               84.441197 |
 |    14 |                3.193725 |               86.905683 |
 |    15 |                3.272218 |               89.041592 |
 |    16 |                3.272218 |               89.041592 |
 |    17 |                3.617637 |               98.440913 |
 |    18 |                3.617637 |               98.440913 |
 |    19 |                3.885303 |              105.724472 |
 |    20 |                3.885303 |              105.724472 |
 -------------------------------------------------------------

 ---------------------------------------------------------------
                 Transition dipole moment (au)                  
 ---------------------------------------------------------------
  #           X           Y           Z   dip. str.   osc. str.
 ---------------------------------------------------------------
  1   -0.000000    0.000000    1.813563    3.289009    0.792671
  2   -0.000000   -0.000000    0.000000    0.000000    0.000000
  3    0.000000    0.000000    0.333809    0.111428    0.050419
  4    0.363744   -1.177738    0.000000    1.519378    0.828156
  5    1.177738    0.363744   -0.000000    1.519378    0.828156
  6    0.000000    0.000000    0.000000    0.000000    0.000000
  7   -0.000000    0.000000    0.000000    0.000000    0.000000
  8    0.000000   -0.000000   -0.000000    0.000000    0.000000
  9   -0.000000   -0.000000   -0.124940    0.015610    0.015726
 10   -0.000000    0.000000   -0.000000    0.000000    0.000000
 ---------------------------------------------------------------

 -------------------------------------------------------------
 Excitation n.   1:   9.837163 eV  f = 0.7927  <S**2> = 0.0000
 -------------------------------------------------------------
  1 ->   2 =  -0.707363

 -------------------------------------------------------------
 Excitation n.   2:  15.090391 eV  f = 0.0000  <S**2> = 0.0000
 -------------------------------------------------------------
  1 ->   3 =   0.707099

 -------------------------------------------------------------
 Excitation n.   3:  18.468731 eV  f = 0.0504  <S**2> = 0.0000
 -------------------------------------------------------------
  1 ->   4 =   0.706828

 -------------------------------------------------------------
 Excitation n.   4:  22.247871 eV  f = 0.8282  <S**2> = 0.0000
 -------------------------------------------------------------
  1 ->   5 =  -0.530125
  1 ->   6 =   0.468129

 -------------------------------------------------------------
 Excitation n.   5:  22.247871 eV  f = 0.8282  <S**2> = 0.0000
 -------------------------------------------------------------
  1 ->   5 =  -0.468129
  1 ->   6 =  -0.530125

 -------------------------------------------------------------
 Excitation n.   6:  28.092191 eV  f = 0.0000  <S**2> = 0.0000
 -------------------------------------------------------------
  1 ->   7 =  -0.706640

 -------------------------------------------------------------
 Excitation n.   7:  30.079726 eV  f = 0.0000  <S**2> = 0.0000
 -------------------------------------------------------------
  1 ->   8 =   0.655029
  1 ->   9 =  -0.266245

 -------------------------------------------------------------
 Excitation n.   8:  30.079726 eV  f = 0.0000  <S**2> = 0.0000
 -------------------------------------------------------------
  1 ->   8 =   0.266245
  1 ->   9 =   0.655029

 -------------------------------------------------------------
 Excitation n.   9:  41.120301 eV  f = 0.0157  <S**2> = 0.0000
 -------------------------------------------------------------
  1 ->  10 =  -0.706562

 -------------------------------------------------------------
 Excitation n.  10:  51.837360 eV  f = 0.0000  <S**2> = 0.0000
 -------------------------------------------------------------
  1 ->  11 =   0.706400

Thomas-Reiche-Kuhn sum rule =   2.515128


 *** dynamical TDA activated ***

 ---------------------------------------------------------------------------------------------------
  First-order dynamical correction to static Bethe-Salpeter excitation energies                     
 ---------------------------------------------------------------------------------------------------
  BSE neutral excitation must be lower than the GT gap =  15.381583 eV
 ---------------------------------------------------------------------------------------------------
      #          Static (eV)         Dynamic (eV)      Correction (eV)         Renorm. (eV)
 ---------------------------------------------------------------------------------------------------
      1            9.837163            9.782527           -0.054637            1.001475
      2           15.090391           15.119666            0.029275            0.994212
      3           18.468731           18.545229            0.076498            0.993210
      4           22.247871           22.240517           -0.007354            1.001371
      5           22.247871           22.240517           -0.007354            1.001371
      6           28.092191           28.084019           -0.008173            0.981692
      7           30.079726           30.064247           -0.015479            0.994590
      8           30.079726           30.064247           -0.015479            0.994590
      9           41.120301           41.057386           -0.062915            0.988417
     10           51.837360           52.154983            0.317624            0.672954
 ---------------------------------------------------------------------------------------------------


 -------------------------------------------------------------
   BSE@GT       calculation: triplet        manifold
 -------------------------------------------------------------
 | State |  Excitation energy (au) |  Excitation energy (eV) |
 -------------------------------------------------------------
 |     1 |                0.162188 |                4.413355 |
 |     2 |                0.476953 |               12.978555 |
 |     3 |                0.593990 |               16.163286 |
 |     4 |                0.675753 |               18.388163 |
 |     5 |                0.675753 |               18.388163 |
 |     6 |                0.958108 |               26.071435 |
 |     7 |                1.053127 |               28.657056 |
 |     8 |                1.053127 |               28.657056 |
 |     9 |                1.466784 |               39.913216 |
 |    10 |                1.839955 |               50.067713 |
 |    11 |                1.951311 |               53.097864 |
 |    12 |                3.033955 |               82.558118 |
 |    13 |                3.033955 |               82.558118 |
 |    14 |                3.105865 |               84.514894 |
 |    15 |                3.218397 |               87.577033 |
 |    16 |                3.218397 |               87.577033 |
 |    17 |                3.575717 |               97.300221 |
 |    18 |                3.575717 |               97.300221 |
 |    19 |                3.824694 |              104.075220 |
 |    20 |                3.824694 |              104.075220 |
 -------------------------------------------------------------

 -------------------------------------------------------------
 Excitation n.   1:   4.413355 eV  f = 0.0000  <S**2> = 2.0000
 -------------------------------------------------------------
  1 ->   2 =  -0.676502
  1 ->   4 =   0.214084

 -------------------------------------------------------------
 Excitation n.   2:  12.978555 eV  f = 0.0000  <S**2> = 2.0000
 -------------------------------------------------------------
  1 ->   3 =   0.704228

 -------------------------------------------------------------
 Excitation n.   3:  16.163286 eV  f = 0.0000  <S**2> = 2.0000
 -------------------------------------------------------------
  1 ->   2 =  -0.213411
  1 ->   4 =  -0.671643

 -------------------------------------------------------------
 Excitation n.   4:  18.388163 eV  f = 0.0000  <S**2> = 2.0000
 -------------------------------------------------------------
  1 ->   5 =   0.466006
  1 ->   6 =  -0.531726

 -------------------------------------------------------------
 Excitation n.   5:  18.388163 eV  f = 0.0000  <S**2> = 2.0000
 -------------------------------------------------------------
  1 ->   5 =  -0.531726
  1 ->   6 =  -0.466006

 -------------------------------------------------------------
 Excitation n.   6:  26.071435 eV  f = 0.0000  <S**2> = 2.0000
 -------------------------------------------------------------
  1 ->   7 =  -0.704224

 -------------------------------------------------------------
 Excitation n.   7:  28.657056 eV  f = 0.0000  <S**2> = 2.0000
 -------------------------------------------------------------
  1 ->   8 =  -0.286414
  1 ->   9 =   0.646343

 -------------------------------------------------------------
 Excitation n.   8:  28.657056 eV  f = 0.0000  <S**2> = 2.0000
 -------------------------------------------------------------
  1 ->   8 =  -0.646343
  1 ->   9 =  -0.286414

 -------------------------------------------------------------
 Excitation n.   9:  39.913216 eV  f = 0.0000  <S**2> = 2.0000
 -------------------------------------------------------------
  1 ->  10 =  -0.704358

 -------------------------------------------------------------
 Excitation n.  10:  50.067713 eV  f = 0.0000  <S**2> = 2.0000
 -------------------------------------------------------------
  1 ->  11 =  -0.705160

Thomas-Reiche-Kuhn sum rule =   0.000000


 *** dynamical TDA activated ***

 ---------------------------------------------------------------------------------------------------
  First-order dynamical correction to static Bethe-Salpeter excitation energies                     
 ---------------------------------------------------------------------------------------------------
  BSE neutral excitation must be lower than the GT gap =  15.381583 eV
 ---------------------------------------------------------------------------------------------------
      #          Static (eV)         Dynamic (eV)      Correction (eV)         Renorm. (eV)
 ---------------------------------------------------------------------------------------------------
      1            4.413355            4.195351           -0.218004            1.005985
      2           12.978555           12.874579           -0.103976            1.007997
      3           16.163286           16.075036           -0.088250            1.005858
      4           18.388163           18.323940           -0.064223            1.006383
      5           18.388163           18.323940           -0.064223            1.006383
      6           26.071435           26.042780           -0.028655            1.020866
      7           28.657056           28.677190            0.020134            1.011926
      8           28.657056           28.677190            0.020134            1.011926
      9           39.913216           40.073775            0.160559            1.019742
     10           50.067713           49.290434           -0.777279           -0.463833
 ---------------------------------------------------------------------------------------------------


 -------------------------------------------------------------------------------
          Tr@BSE@G0T0 correlation energy (singlet) =       -0.0028277729 au
          Tr@BSE@G0T0 correlation energy (triplet) =       -0.0043013473 au
          Tr@BSE@G0T0 correlation energy           =       -0.0071291202 au
          Tr@BSE@G0T0 total energy                 =       -1.0700010681 au
 -------------------------------------------------------------------------------

                                       Total CPU time for G0T0 =     11.308 seconds

                                      Total CPU time for QuAcK =     25.385 seconds

