78 significant shell pairs computed in 0.000039 seconds
0
Computed Electron repulsion integrals Integrals in parallel in 0.113015 seconds

 ******************************************************************************************
 *            QuAcK                       QuAcK                         QuAcK             *
 *   __        __        __       __        __        __       __        __        __     *
 * <(o )___  <(o )___  <(o )___ <(o )___  <(o )___  <(o )___ <(o )___  <(o )___  <(o )___ *
 * ( ._> /   ( ._> /   ( ._> /  ( ._> /   ( ._> /   ( ._> /  ( ._> /   ( ._> /   ( ._> /  *
 *|--------------------------------------------------------------------------------------|*
 ******************************************************************************************

      ----------------------
             Number of atoms                2
      ----------------------

      ----------------------
Number of spin-up   electron                1
Number of spin-down electron                1
    Total number of electron                2
      ----------------------

      ----------------------
Number of core      electron                0
Number of Rydberg   electron                0
      ----------------------

          ------------------
          Molecular geometry
          ------------------
                    Atom n.                 1
                        Z =      1.0000000000
           Atom coordinates:     0.0000000000    0.0000000000    0.0000000000
                    Atom n.                 2
                        Z =      1.0000000000
           Atom coordinates:     0.0000000000    0.0000000000    3.7794522509

          ------------------
 Nuclear repulsion energy =      0.2645886053
          ------------------

          Gaussian basis set
          ------------------
                    Atom n.                 1
           number of shells                 6
          ------------------
      s-type shell with K =                 5
                                    Exponents     Contraction
                                33.8700000000    0.0060680000
                                 5.0950000000    0.0453080000
                                 1.1590000000    0.2028220000
                                 0.3258000000    0.5039030000
                                 0.1027000000    0.3834210000
      s-type shell with K =                 1
                                    Exponents     Contraction
                                 0.3258000000    1.0000000000
      s-type shell with K =                 1
                                    Exponents     Contraction
                                 0.1027000000    1.0000000000
      p-type shell with K =                 1
                                    Exponents     Contraction
                                 1.4070000000    1.0000000000
      p-type shell with K =                 1
                                    Exponents     Contraction
                                 0.3880000000    1.0000000000
      d-type shell with K =                 1
                                    Exponents     Contraction
                                 1.0570000000    1.0000000000
          ------------------
                    Atom n.                 2
           number of shells                 6
          ------------------
      s-type shell with K =                 5
                                    Exponents     Contraction
                                33.8700000000    0.0060680000
                                 5.0950000000    0.0453080000
                                 1.1590000000    0.2028220000
                                 0.3258000000    0.5039030000
                                 0.1027000000    0.3834210000
      s-type shell with K =                 1
                                    Exponents     Contraction
                                 0.3258000000    1.0000000000
      s-type shell with K =                 1
                                    Exponents     Contraction
                                 0.1027000000    1.0000000000
      p-type shell with K =                 1
                                    Exponents     Contraction
                                 1.4070000000    1.0000000000
      p-type shell with K =                 1
                                    Exponents     Contraction
                                 0.3880000000    1.0000000000
      d-type shell with K =                 1
                                    Exponents     Contraction
                                 1.0570000000    1.0000000000
          ------------------
            Number of shells               12
          ------------------

          ------------------
   Number of basis functions               30
          ------------------

 Scaling integrals by    1.0000000000000000     

                          Total CPU time for reading integrals =      0.039 seconds


 ************************************************
 |    Restricted Hartree-Fock calculation       |
 ************************************************


 ----------------------------------------------------
 | RHF calculation                                  |
 ----------------------------------------------------
 |   # |        HF energy |       Conv |     HL Gap |
 ----------------------------------------------------
 |   1 |    -0.7106686194 |   0.731789 |   1.065689 |
 |   2 |    -0.9155490848 |   0.199826 |   1.328382 |
 |   3 |    -0.9262556580 |   0.054620 |   1.342842 |
 |   4 |    -0.9265685920 |   0.018663 |   1.344946 |
 |   5 |    -0.9261969866 |   0.009701 |   1.345742 |
 |   6 |    -0.9258688668 |   0.005784 |   1.346164 |
 |   7 |    -0.9256358781 |   0.003470 |   1.346406 |
 |   8 |    -0.9254782931 |   0.002095 |   1.346552 |
 |   9 |    -0.9253732263 |   0.001390 |   1.346640 |
 |  10 |    -0.9253034735 |   0.000934 |   1.346696 |
 |  11 |    -0.9252572084 |   0.000629 |   1.346731 |
 |  12 |    -0.9252265149 |   0.000423 |   1.346753 |
 |  13 |    -0.9252061388 |   0.000285 |   1.346767 |
 |  14 |    -0.9251926013 |   0.000192 |   1.346776 |
 |  15 |    -0.9251835996 |   0.000129 |   1.346782 |
 |  16 |    -0.9251776090 |   0.000087 |   1.346786 |
 |  17 |    -0.9251736190 |   0.000058 |   1.346788 |
 |  18 |    -0.9251709596 |   0.000039 |   1.346790 |
 |  19 |    -0.9251691857 |   0.000026 |   1.346791 |
 |  20 |    -0.9251680016 |   0.000018 |   1.346792 |
 |  21 |    -0.9251672108 |   0.000012 |   1.346792 |
 |  22 |    -0.9251666824 |   0.000008 |   1.346793 |
 |  23 |    -0.9251663291 |   0.000005 |   1.346793 |
 |  24 |    -0.9251660927 |   0.000004 |   1.346793 |
 |  25 |    -0.9251659346 |   0.000002 |   1.346793 |
 |  26 |    -0.9251658287 |   0.000002 |   1.346793 |
 |  27 |    -0.9251657578 |   0.000001 |   1.346793 |
 |  28 |    -0.9251657103 |   0.000001 |   1.346793 |
 |  29 |    -0.9251656785 |   0.000000 |   1.346793 |
 |  30 |    -0.9251656572 |   0.000000 |   1.346793 |
 |  31 |    -0.9251656429 |   0.000000 |   1.346793 |
 |  32 |    -0.9251656333 |   0.000000 |   1.346793 |
 |  33 |    -0.9251656269 |   0.000000 |   1.346793 |
 |  34 |    -0.9251656344 |   0.000000 |   0.346793 |
 ----------------------------------------------------

         -----------------------------------------
           Summary              
         -----------------------------------------
           One-electron energy:     -1.6033495130 au
           Kinetic      energy:      0.6677969782 au
           Potential    energy:     -2.2711464912 au
         -----------------------------------------
           Two-electron energy:      0.4135952733 au
           Hartree      energy:      0.8271905465 au
           Exchange     energy:     -0.4135952733 au
         -----------------------------------------
           Electronic   energy:     -1.1897542397 au
           Nuclear   repulsion:      0.2645886053 au
           RHF          energy:     -0.9251656344 au
         -----------------------------------------
           HF HOMO      energy:        -10.560181 eV
           HF LUMO      energy:         -1.123455 eV
           HF HOMO-LUMO gap   :          9.436725 eV
         -----------------------------------------
          Dipole moment (Debye)    
                   X         Y         Z      Tot.
            0.000000  0.000000 -0.000000  0.000000
         -----------------------------------------

           ---------------------------------------
                 MO coefficients
           ---------------------------------------
                 1              2              3              4              5
      1    -0.56095434     0.65003326    -0.21070713    -0.08716122     0.12802184
      2     0.03474714    -0.16061589     1.54170339     1.47852394     0.20854949
      3    -0.10538613     0.39194074    -0.99662316    -1.54219390    -0.16197060
      4     0.00000000     0.00000000     0.00000000     0.00000000     0.00000000
      5     0.00000000     0.00000000     0.00000000     0.00000000     0.00000000
      6     0.00078511    -0.00280280    -0.01273432     0.00493225     0.05015651
      7     0.00000000     0.00000000     0.00000000     0.00000000     0.00000000
      8     0.00000000     0.00000000     0.00000000     0.00000000     0.00000000
      9    -0.02469077    -0.01701826     0.12917038    -0.03965227    -0.64354425
     10     0.00034872     0.01103354    -0.11788338    -0.10638495    -0.01501548
     11     0.00000000     0.00000000     0.00000000     0.00000000     0.00000000
     12     0.00000000     0.00000000     0.00000000     0.00000000     0.00000000
     13     0.00034872     0.01103354    -0.11788338    -0.10638495    -0.01501548
     14     0.00000000     0.00000000     0.00000000     0.00000000     0.00000000
     15    -0.00226688     0.01090475    -0.10851354    -0.11482637    -0.01990531
     16    -0.56095434    -0.65003326    -0.21070713     0.08716122     0.12802184
     17     0.03474714     0.16061589     1.54170339    -1.47852394     0.20854949
     18    -0.10538613    -0.39194074    -0.99662316     1.54219390    -0.16197060
     19     0.00000000     0.00000000     0.00000000     0.00000000     0.00000000
     20     0.00000000     0.00000000     0.00000000     0.00000000     0.00000000
     21    -0.00078511    -0.00280280     0.01273432     0.00493225    -0.05015651
     22     0.00000000     0.00000000     0.00000000     0.00000000     0.00000000
     23     0.00000000     0.00000000     0.00000000     0.00000000     0.00000000
     24     0.02469077    -0.01701826    -0.12917038    -0.03965227     0.64354425
     25     0.00034872    -0.01103354    -0.11788338     0.10638495    -0.01501548
     26     0.00000000     0.00000000     0.00000000     0.00000000     0.00000000
     27     0.00000000     0.00000000     0.00000000     0.00000000     0.00000000
     28     0.00034872    -0.01103354    -0.11788338     0.10638495    -0.01501548
     29     0.00000000     0.00000000     0.00000000     0.00000000     0.00000000
     30    -0.00226688    -0.01090475    -0.10851354     0.11482637    -0.01990531
                 6              7              8              9             10
      1     0.00000000     0.00000000     0.00000000     0.00000000     0.59251510
      2     0.00000000     0.00000000     0.00000000     0.00000000    -0.72011075
      3     0.00000000     0.00000000     0.00000000     0.00000000     0.40322623
      4    -0.03023612    -0.06578200     0.02871761     0.05834751     0.00000000
      5    -0.06578200     0.03023612     0.05834751    -0.02871761     0.00000000
      6     0.00000000     0.00000000     0.00000000     0.00000000    -0.06409577
      7     0.30317737     0.65959576    -0.34002934    -0.69086057     0.00000000
      8     0.65959576    -0.30317737    -0.69086057     0.34002934     0.00000000
      9     0.00000000     0.00000000     0.00000000     0.00000000     0.93952052
     10     0.00000000     0.00000000     0.00000000     0.00000000     0.07867854
     11     0.00000000     0.00000000     0.00000000     0.00000000     0.00000000
     12     0.00248719     0.00541116     0.00610191     0.01239766     0.00000000
     13     0.00000000     0.00000000     0.00000000     0.00000000     0.07867854
     14     0.00541116    -0.00248719     0.01239766    -0.00610191     0.00000000
     15     0.00000000     0.00000000     0.00000000     0.00000000     0.02343694
     16     0.00000000     0.00000000     0.00000000     0.00000000    -0.59251510
     17     0.00000000     0.00000000     0.00000000     0.00000000     0.72011075
     18     0.00000000     0.00000000     0.00000000     0.00000000    -0.40322623
     19    -0.03023612    -0.06578200    -0.02871761    -0.05834751     0.00000000
     20    -0.06578200     0.03023612    -0.05834751     0.02871761     0.00000000
     21     0.00000000     0.00000000     0.00000000     0.00000000    -0.06409577
     22     0.30317737     0.65959576     0.34002934     0.69086057     0.00000000
     23     0.65959576    -0.30317737     0.69086057    -0.34002934     0.00000000
     24     0.00000000     0.00000000     0.00000000     0.00000000     0.93952052
     25     0.00000000     0.00000000     0.00000000     0.00000000    -0.07867854
     26     0.00000000     0.00000000     0.00000000     0.00000000     0.00000000
     27    -0.00248719    -0.00541116     0.00610191     0.01239766     0.00000000
     28     0.00000000     0.00000000     0.00000000     0.00000000    -0.07867854
     29    -0.00541116     0.00248719     0.01239766    -0.00610191     0.00000000
     30     0.00000000     0.00000000     0.00000000     0.00000000    -0.02343694
                11             12             13             14             15
      1     4.47195632     4.75499394    -0.59863416     0.00000000     0.00000000
      2    -4.69662695    -5.12567334     0.61149890     0.00000000     0.00000000
      3    -0.98859097    -0.84059951     0.11033587     0.00000000     0.00000000
      4     0.00000000     0.00000000     0.00000000    -0.02751920    -0.12655133
      5     0.00000000     0.00000000     0.00000000     0.12655133    -0.02751920
      6    -0.01976544     0.00772743     0.13781941     0.00000000     0.00000000
      7     0.00000000     0.00000000     0.00000000     0.00922635     0.04242882
      8     0.00000000     0.00000000     0.00000000    -0.04242882     0.00922635
      9     0.09882015    -0.15472425    -0.02137440     0.00000000     0.00000000
     10     0.50916339     0.51621912     0.30975549     0.00000000     0.00000000
     11     0.00000000     0.00000000     0.00000000     0.00000000     0.00000000
     12     0.00000000     0.00000000     0.00000000     0.14770141     0.67922788
     13     0.50916339     0.51621912     0.30975549     0.00000000     0.00000000
     14     0.00000000     0.00000000     0.00000000    -0.67922788     0.14770141
     15     0.46165026     0.60114339    -0.71858515     0.00000000     0.00000000
     16     4.47195632    -4.75499394    -0.59863416     0.00000000     0.00000000
     17    -4.69662695     5.12567334     0.61149890     0.00000000     0.00000000
     18    -0.98859097     0.84059951     0.11033587     0.00000000     0.00000000
     19     0.00000000     0.00000000     0.00000000    -0.02751920    -0.12655133
     20     0.00000000     0.00000000     0.00000000     0.12655133    -0.02751920
     21     0.01976544     0.00772743    -0.13781941     0.00000000     0.00000000
     22     0.00000000     0.00000000     0.00000000     0.00922635     0.04242882
     23     0.00000000     0.00000000     0.00000000    -0.04242882     0.00922635
     24    -0.09882015    -0.15472425     0.02137440     0.00000000     0.00000000
     25     0.50916339    -0.51621912     0.30975549     0.00000000     0.00000000
     26     0.00000000     0.00000000     0.00000000     0.00000000     0.00000000
     27     0.00000000     0.00000000     0.00000000    -0.14770141    -0.67922788
     28     0.50916339    -0.51621912     0.30975549     0.00000000     0.00000000
     29     0.00000000     0.00000000     0.00000000     0.67922788    -0.14770141
     30     0.46165026    -0.60114339    -0.71858515     0.00000000     0.00000000
                16             17             18             19             20
      1     0.00000000     0.00000000     0.00000000     0.00000000     0.00000000
      2     0.00000000     0.00000000     0.00000000     0.00000000     0.00000000
      3     0.00000000     0.00000000     0.00000000     0.00000000     0.00000000
      4     0.00000000     0.00000000     0.00000000     0.00000000    -0.04745574
      5     0.00000000     0.00000000     0.00000000     0.00000000    -0.11755140
      6     0.00000000     0.00000000     0.00000000     0.00000000     0.00000000
      7     0.00000000     0.00000000     0.00000000     0.00000000     0.01479507
      8     0.00000000     0.00000000     0.00000000     0.00000000     0.03664850
      9     0.00000000     0.00000000     0.00000000     0.00000000     0.00000000
     10    -0.00772976    -0.61216249    -0.00138843     0.61253214     0.00000000
     11     0.70686435    -0.00892556    -0.70729119    -0.00160322     0.00000000
     12     0.00000000     0.00000000     0.00000000     0.00000000    -0.26227003
     13     0.00772976     0.61216249     0.00138843    -0.61253214     0.00000000
     14     0.00000000     0.00000000     0.00000000     0.00000000    -0.64966242
     15     0.00000000     0.00000000     0.00000000     0.00000000     0.00000000
     16     0.00000000     0.00000000     0.00000000     0.00000000     0.00000000
     17     0.00000000     0.00000000     0.00000000     0.00000000     0.00000000
     18     0.00000000     0.00000000     0.00000000     0.00000000     0.00000000
     19     0.00000000     0.00000000     0.00000000     0.00000000     0.04745574
     20     0.00000000     0.00000000     0.00000000     0.00000000     0.11755140
     21     0.00000000     0.00000000     0.00000000     0.00000000     0.00000000
     22     0.00000000     0.00000000     0.00000000     0.00000000    -0.01479507
     23     0.00000000     0.00000000     0.00000000     0.00000000    -0.03664850
     24     0.00000000     0.00000000     0.00000000     0.00000000     0.00000000
     25    -0.00772976    -0.61216249     0.00138843    -0.61253214     0.00000000
     26     0.70686435    -0.00892556     0.70729119     0.00160322     0.00000000
     27     0.00000000     0.00000000     0.00000000     0.00000000    -0.26227003
     28     0.00772976     0.61216249    -0.00138843     0.61253214     0.00000000
     29     0.00000000     0.00000000     0.00000000     0.00000000    -0.64966242
     30     0.00000000     0.00000000     0.00000000     0.00000000     0.00000000
                21             22             23             24             25
      1     0.00000000    -0.67461370     0.00000000     0.00000000     0.06696442
      2     0.00000000     0.49444525     0.00000000     0.00000000     0.17175179
      3     0.00000000     0.14883218     0.00000000     0.00000000    -0.06064656
      4     0.11755140     0.00000000     0.11749895    -0.86717710     0.00000000
      5    -0.04745574     0.00000000     0.86717710     0.11749895     0.00000000
      6     0.00000000     0.44069362     0.00000000     0.00000000     0.87095239
      7    -0.03664850     0.00000000    -0.06197809     0.45741673     0.00000000
      8     0.01479507     0.00000000    -0.45741673    -0.06197809     0.00000000
      9     0.00000000    -0.19353761     0.00000000     0.00000000    -0.44272347
     10     0.00000000    -0.27253467     0.00000000     0.00000000    -0.14271618
     11     0.00000000     0.00000000     0.00000000     0.00000000     0.00000000
     12     0.64966242     0.00000000     0.01566977    -0.11564756     0.00000000
     13     0.00000000    -0.27253467     0.00000000     0.00000000    -0.14271618
     14    -0.26227003     0.00000000     0.11564756     0.01566977     0.00000000
     15     0.00000000     0.62262142     0.00000000     0.00000000     0.06272374
     16     0.00000000     0.67461370     0.00000000     0.00000000     0.06696442
     17     0.00000000    -0.49444525     0.00000000     0.00000000     0.17175179
     18     0.00000000    -0.14883218     0.00000000     0.00000000    -0.06064656
     19    -0.11755140     0.00000000     0.11749895    -0.86717710     0.00000000
     20     0.04745574     0.00000000     0.86717710     0.11749895     0.00000000
     21     0.00000000     0.44069362     0.00000000     0.00000000    -0.87095239
     22     0.03664850     0.00000000    -0.06197809     0.45741673     0.00000000
     23    -0.01479507     0.00000000    -0.45741673    -0.06197809     0.00000000
     24     0.00000000    -0.19353761     0.00000000     0.00000000     0.44272347
     25     0.00000000     0.27253467     0.00000000     0.00000000    -0.14271618
     26     0.00000000     0.00000000     0.00000000     0.00000000     0.00000000
     27     0.64966242     0.00000000    -0.01566977     0.11564756     0.00000000
     28     0.00000000     0.27253467     0.00000000     0.00000000    -0.14271618
     29    -0.26227003     0.00000000    -0.11564756    -0.01566977     0.00000000
     30     0.00000000    -0.62262142     0.00000000     0.00000000     0.06272374
                26             27             28             29             30
      1     0.00000000     0.00000000    -0.85129019    -0.75393301    -1.26130708
      2     0.00000000     0.00000000     0.24902618    -1.77059121    -1.24831831
      3     0.00000000     0.00000000     0.61321777     0.79799872     0.88433338
      4     0.86047977     0.25178842     0.00000000     0.00000000     0.00000000
      5     0.25178842    -0.86047977     0.00000000     0.00000000     0.00000000
      6     0.00000000     0.00000000    -0.84375817     0.19218022     0.05688248
      7    -0.51265464    -0.15000992     0.00000000     0.00000000     0.00000000
      8    -0.15000992     0.51265464     0.00000000     0.00000000     0.00000000
      9     0.00000000     0.00000000     0.76309326    -0.25135529     0.00184665
     10     0.00000000     0.00000000    -0.03723792     1.02018047     0.84923951
     11     0.00000000     0.00000000     0.00000000     0.00000000     0.00000000
     12    -0.11076693    -0.03241195     0.00000000     0.00000000     0.00000000
     13     0.00000000     0.00000000    -0.03723792     1.02018047     0.84923951
     14    -0.03241195     0.11076693     0.00000000     0.00000000     0.00000000
     15     0.00000000     0.00000000     0.52065114     0.70916075     0.95311946
     16     0.00000000     0.00000000     0.85129019     0.75393301    -1.26130708
     17     0.00000000     0.00000000    -0.24902618     1.77059121    -1.24831831
     18     0.00000000     0.00000000    -0.61321777    -0.79799872     0.88433338
     19    -0.86047977    -0.25178842     0.00000000     0.00000000     0.00000000
     20    -0.25178842     0.86047977     0.00000000     0.00000000     0.00000000
     21     0.00000000     0.00000000    -0.84375817     0.19218022    -0.05688248
     22     0.51265464     0.15000992     0.00000000     0.00000000     0.00000000
     23     0.15000992    -0.51265464     0.00000000     0.00000000     0.00000000
     24     0.00000000     0.00000000     0.76309326    -0.25135529    -0.00184665
     25     0.00000000     0.00000000     0.03723792    -1.02018047     0.84923951
     26     0.00000000     0.00000000     0.00000000     0.00000000     0.00000000
     27    -0.11076693    -0.03241195     0.00000000     0.00000000     0.00000000
     28     0.00000000     0.00000000     0.03723792    -1.02018047     0.84923951
     29    -0.03241195     0.11076693     0.00000000     0.00000000     0.00000000
     30     0.00000000     0.00000000    -0.52065114    -0.70916075     0.95311946

           ---------------------------------------
                     MO energies
           ---------------------------------------
                 1
      1    -0.38807948
      2    -0.04128623
      3     0.36444210
      4     0.38438445
      5     0.66236306
      6     0.69990808
      7     0.69990808
      8     0.84227808
      9     0.84227808
     10     1.13508864
     11     1.70051451
     12     1.83932677
     13     3.29897769
     14     3.36521315
     15     3.36521315
     16     3.41686972
     17     3.41686972
     18     3.42571398
     19     3.42571398
     20     3.47097963
     21     3.47097963
     22     3.56617214
     23     3.80723745
     24     3.80723745
     25     3.89032980
     26     3.90780635
     27     3.90780635
     28     4.32798165
     29     4.71313204
     30     4.71805347

                                        Total CPU time for RHF =      0.558 seconds


 AO to MO transformation... Please be patient

                    Total CPU time for AO to MO transformation =      1.584 seconds


 ******************************************************
 | Configuration Interaction with Singles and Doubles |
 ******************************************************

 nS =          116
 nD =         1653
 nH =         1770

 00 block  done...
 0S blocks done...
 0D blocks done...
 SS block  done...
 SD blocks done...
 DD block  done...

 Diagonalizing CISD matrix...

 CISD energies (au)
                 1
      1    -1.28506441
      2    -1.25467061
      3    -1.25467061
      4    -1.25467061
      5    -0.98754815
      6    -0.94903858
      7    -0.77075368
      8    -0.77075368
      9    -0.77075368
     10    -0.74507917
     11    -0.74340120
     12    -0.74340120
     13    -0.74340120
     14    -0.73560202
     15    -0.61739815
     16    -0.61739815
     17    -0.61739815
     18    -0.60196472
     19    -0.60196472
     20    -0.60196472
     21    -0.55798874
     22    -0.55798874
     23    -0.55798874
     24    -0.52660669
     25    -0.52660669
     26    -0.52660669
     27    -0.52660669
     28    -0.52660669
     29    -0.52660669
     30    -0.48436621
     31    -0.47686768
     32    -0.47686768
     33    -0.47047965
     34    -0.46906956
     35    -0.46906956
     36    -0.45860926
     37    -0.45860926
     38    -0.45860926
     39    -0.44572030
     40    -0.44572030
     41    -0.44572030
     42    -0.44572030
     43    -0.44572030
     44    -0.44572030
     45    -0.43695384
     46    -0.37664376
     47    -0.27977875
     48    -0.27977875
     49    -0.27977875
     50    -0.27977875
     51    -0.27977875

 CISD excitation energies (eV)
                 1
      1     0.82705734
      2     0.82705734
      3     0.82705734
      4     8.09582977
      5     9.14372845
      6    13.99510781
      7    13.99510781
      8    13.99510781
      9    14.69374685
     10    14.73940672
     11    14.73940672
     12    14.73940672
     13    14.95163311
     14    18.16812421
     15    18.16812421
     16    18.16812421
     17    18.58808923
     18    18.58808923
     19    18.58808923
     20    19.78473680
     21    19.78473680
     22    19.78473680
     23    20.63868565
     24    20.63868565
     25    20.63868565
     26    20.63868565
     27    20.63868565
     28    20.63868565
     29    21.78810782
     30    21.99215312
     31    21.99215312
     32    22.16598038
     33    22.20435077
     34    22.20435077
     35    22.48899003
     36    22.48899003
     37    22.48899003
     38    22.83971644
     39    22.83971644
     40    22.83971644
     41    22.83971644
     42    22.83971644
     43    22.83971644
     44    23.07826399
     45    24.71938507
     46    27.35521605
     47    27.35521605
     48    27.35521605
     49    27.35521605
     50    27.35521605

                                       Total CPU time for CISD =     11.680 seconds


 ************************************************
 |          One-shot G0W0 calculation           |
 ************************************************


 -------------------------------------------------------------
   RPA@HF       calculation: singlet        manifold
 -------------------------------------------------------------
 | State |  Excitation energy (au) |  Excitation energy (eV) |
 -------------------------------------------------------------
 |     1 |                0.525653 |               14.303745 |
 |     2 |                0.833133 |               22.670715 |
 |     3 |                0.879900 |               23.943287 |
 |     4 |                1.171274 |               31.872002 |
 |     5 |                1.198410 |               32.610387 |
 |     6 |                1.198410 |               32.610387 |
 |     7 |                1.311104 |               35.676968 |
 |     8 |                1.311104 |               35.676968 |
 |     9 |                1.596352 |               43.438944 |
 |    10 |                2.167271 |               58.974441 |
 |    11 |                2.295518 |               62.464224 |
 |    12 |                3.741082 |              101.800036 |
 |    13 |                3.807549 |              103.608694 |
 |    14 |                3.807549 |              103.608694 |
 |    15 |                3.853883 |              104.869492 |
 |    16 |                3.853883 |              104.869492 |
 |    17 |                3.861356 |              105.072845 |
 |    18 |                3.861356 |              105.072845 |
 |    19 |                3.909865 |              106.392837 |
 |    20 |                3.909865 |              106.392837 |
 -------------------------------------------------------------

  *** Quasiparticle energies obtained by linearization *** 

 -------------------------------------------------------------------------------
   One-shot G0W0 calculation
 -------------------------------------------------------------------------------
 |   # |       e_HF (eV) |      Sig_c (eV) |               Z |       e_QP (eV) |
 -------------------------------------------------------------------------------
 |   1 |      -10.560181 |       -1.126448 |        0.943763 |      -11.623281 |
 |   2 |       -1.123455 |       -0.389324 |        0.944024 |       -1.490987 |
 |   3 |        9.916975 |       -1.155115 |        0.898505 |        8.879098 |
 |   4 |       10.459634 |       -1.105667 |        0.934726 |        9.426138 |
 |   5 |       18.023817 |       -0.744408 |        0.798858 |       17.429141 |
 |   6 |       19.045469 |       -1.397587 |        0.939275 |       17.732750 |
 |   7 |       19.045469 |       -1.397587 |        0.939275 |       17.732750 |
 |   8 |       22.919554 |       -2.300725 |        0.847420 |       20.969874 |
 |   9 |       22.919554 |       -2.300725 |        0.847420 |       20.969874 |
 |  10 |       30.887335 |       13.421461 |        0.006451 |       30.973921 |
 |  11 |       46.273357 |       -0.474794 |        0.373147 |       46.096189 |
 |  12 |       50.050631 |       -2.910969 |        0.738703 |       47.900291 |
 |  13 |       89.769755 |       -1.315249 |        0.913842 |       88.567826 |
 |  14 |       91.572114 |       -2.117175 |        0.890140 |       89.687532 |
 |  15 |       91.572114 |       -2.117175 |        0.890140 |       89.687532 |
 |  16 |       92.977761 |       -2.615446 |        0.866200 |       90.712261 |
 |  17 |       92.977761 |       -2.615446 |        0.866200 |       90.712261 |
 |  18 |       93.218426 |       -2.682661 |        0.860178 |       90.910859 |
 |  19 |       93.218426 |       -2.682661 |        0.860178 |       90.910859 |
 |  20 |       94.450167 |       -2.930003 |        0.829171 |       92.020694 |
 |  21 |       94.450167 |       -2.930003 |        0.829171 |       92.020694 |
 |  22 |       97.040487 |       -3.272122 |        0.771300 |       94.516701 |
 |  23 |      103.600208 |       -3.872741 |        0.777160 |      100.590470 |
 |  24 |      103.600208 |       -3.872741 |        0.777160 |      100.590470 |
 |  25 |      105.861266 |       -4.346565 |        0.628409 |      103.129846 |
 |  26 |      106.336827 |        0.406271 |        0.085322 |      106.371491 |
 |  27 |      106.336827 |        0.406271 |        0.085322 |      106.371491 |
 |  28 |      117.770379 |       -4.188991 |        0.147902 |      117.150820 |
 |  29 |      128.250855 |       -2.907009 |        0.711734 |      126.181838 |
 |  30 |      128.384774 |       -4.142882 |        0.246606 |      127.363114 |
 -------------------------------------------------------------------------------
          G0W0 HOMO      energy:     -11.623281 eV
          G0W0 LUMO      energy:      -1.490987 eV
          G0W0 HOMO-LUMO gap   :      10.132294 eV
 -------------------------------------------------------------------------------
    RPA@G0W0 total energy      :      -0.991308 au
    RPA@G0W0 correlation energy:      -0.066143 au
    GM@G0W0  total energy      :      -1.040733 au
    GM@G0W0  correlation energy:      -0.115567 au
 -------------------------------------------------------------------------------


 -------------------------------------------------------------
   BSE@GW       calculation: singlet        manifold
 -------------------------------------------------------------
 | State |  Excitation energy (au) |  Excitation energy (eV) |
 -------------------------------------------------------------
 |     1 |                0.178056 |                4.845156 |
 |     2 |                0.546183 |               14.862386 |
 |     3 |                0.561293 |               15.273568 |
 |     4 |                0.816620 |               22.221353 |
 |     5 |                0.829378 |               22.568521 |
 |     6 |                0.829378 |               22.568521 |
 |     7 |                0.921231 |               25.067961 |
 |     8 |                0.921231 |               25.067961 |
 |     9 |                1.277640 |               34.766363 |
 |    10 |                1.833942 |               49.904105 |
 |    11 |                1.893930 |               51.536459 |
 |    12 |                3.332381 |               90.678708 |
 |    13 |                3.372346 |               91.766199 |
 |    14 |                3.372346 |               91.766199 |
 |    15 |                3.407242 |               92.715770 |
 |    16 |                3.407242 |               92.715770 |
 |    17 |                3.413172 |               92.877138 |
 |    18 |                3.413172 |               92.877138 |
 |    19 |                3.448568 |               93.840304 |
 |    20 |                3.448568 |               93.840304 |
 -------------------------------------------------------------

 ---------------------------------------------------------------
                 Transition dipole moment (au)                  
 ---------------------------------------------------------------
  #           X           Y           Z   dip. str.   osc. str.
 ---------------------------------------------------------------
  1   -0.000000   -0.000000    1.692783    2.865513    0.340148
  2   -0.000000    0.000000   -0.000000    0.000000    0.000000
  3    0.000000    0.000000   -0.443665    0.196839    0.073656
  4   -0.000000    0.000000   -0.000000    0.000000    0.000000
  5    0.424815    1.182820    0.000000    1.579530    0.873351
  6   -1.182820    0.424815    0.000000    1.579530    0.873351
  7    0.000000    0.000000   -0.000000    0.000000    0.000000
  8    0.000000   -0.000000   -0.000000    0.000000    0.000000
  9   -0.000000    0.000000    0.356804    0.127309    0.108437
 10    0.000000   -0.000000   -0.000000    0.000000    0.000000
 ---------------------------------------------------------------

 -------------------------------------------------------------
 Excitation n.   1:   4.845156 eV  f = 0.3401  <S**2> = 0.0000
 -------------------------------------------------------------
  1 ->   2 =   0.811209
  1 <-   2 =  -0.386713
  1 <-   4 =  -0.093671

 -------------------------------------------------------------
 Excitation n.   2:  14.862386 eV  f = 0.0000  <S**2> = 0.0000
 -------------------------------------------------------------
  1 ->   3 =   0.707668

 -------------------------------------------------------------
 Excitation n.   3:  15.273568 eV  f = 0.0737  <S**2> = 0.0000
 -------------------------------------------------------------
  1 ->   4 =   0.714379
  1 <-   2 =  -0.097485

 -------------------------------------------------------------
 Excitation n.   4:  22.221353 eV  f = 0.0000  <S**2> = 0.0000
 -------------------------------------------------------------
  1 ->   5 =  -0.707538

 -------------------------------------------------------------
 Excitation n.   5:  22.568521 eV  f = 0.8734  <S**2> = 0.0000
 -------------------------------------------------------------
  1 ->   6 =  -0.705105

 -------------------------------------------------------------
 Excitation n.   6:  22.568521 eV  f = 0.8734  <S**2> = 0.0000
 -------------------------------------------------------------
  1 ->   7 =   0.705105

 -------------------------------------------------------------
 Excitation n.   7:  25.067961 eV  f = 0.0000  <S**2> = 0.0000
 -------------------------------------------------------------
  1 ->   8 =  -0.704484

 -------------------------------------------------------------
 Excitation n.   8:  25.067961 eV  f = 0.0000  <S**2> = 0.0000
 -------------------------------------------------------------
  1 ->   9 =  -0.704484

 -------------------------------------------------------------
 Excitation n.   9:  34.766363 eV  f = 0.1084  <S**2> = 0.0000
 -------------------------------------------------------------
  1 ->  10 =  -0.706866

 -------------------------------------------------------------
 Excitation n.  10:  49.904105 eV  f = 0.0000  <S**2> = 0.0000
 -------------------------------------------------------------
  1 ->  11 =  -0.707182

Thomas-Reiche-Kuhn sum rule =   2.268944


 *** dynamical TDA activated ***

 ---------------------------------------------------------------------------------------------------
  First-order dynamical correction to static Bethe-Salpeter excitation energies                     
 ---------------------------------------------------------------------------------------------------
  BSE neutral excitation must be lower than the GW gap =  10.132294 eV
 ---------------------------------------------------------------------------------------------------
      #          Static (eV)         Dynamic (eV)      Correction (eV)         Renorm. (eV)
 ---------------------------------------------------------------------------------------------------
      1            4.845156            4.661834           -0.183322            1.027479
      2           14.862386           14.783354           -0.079032            1.011369
      3           15.273568           15.180065           -0.093503            1.015336
      4           22.221353           22.038586           -0.182767            1.020696
      5           22.568521           22.420334           -0.148187            1.016897
      6           22.568521           22.420334           -0.148187            1.016897
      7           25.067961           24.914462           -0.153498            1.015332
      8           25.067961           24.914462           -0.153498            1.015332
      9           34.766363           34.584838           -0.181525            1.015567
     10           49.904105           49.675339           -0.228766            1.007594
 ---------------------------------------------------------------------------------------------------

 You may have instabilities in linear response: negative excitations!!

 -------------------------------------------------------------
   BSE@GW       calculation: triplet        manifold
 -------------------------------------------------------------
 | State |  Excitation energy (au) |  Excitation energy (eV) |
 -------------------------------------------------------------
 |     1 |                     NaN |                     NaN |
 |     2 |                0.456748 |               12.428747 |
 |     3 |                0.492935 |               13.413444 |
 |     4 |                0.688339 |               18.730655 |
 |     5 |                0.713523 |               19.415953 |
 |     6 |                0.713523 |               19.415953 |
 |     7 |                0.837178 |               22.780772 |
 |     8 |                0.837178 |               22.780772 |
 |     9 |                1.204859 |               32.785879 |
 |    10 |                1.757360 |               47.820194 |
 |    11 |                1.828161 |               49.746791 |
 |    12 |                3.278163 |               89.203368 |
 |    13 |                3.317835 |               90.282899 |
 |    14 |                3.317835 |               90.282899 |
 |    15 |                3.358001 |               91.375868 |
 |    16 |                3.358001 |               91.375868 |
 |    17 |                3.365320 |               91.575022 |
 |    18 |                3.365320 |               91.575022 |
 |    19 |                3.397349 |               92.446581 |
 |    20 |                3.397349 |               92.446581 |
 -------------------------------------------------------------

 -------------------------------------------------------------
 Excitation n.   1:        NaN eV  f = 0.0000  <S**2> = 2.0000
 -------------------------------------------------------------

 -------------------------------------------------------------
 Excitation n.   2:  12.428747 eV  f = 0.0000  <S**2> = 2.0000
 -------------------------------------------------------------
  1 ->   3 =  -0.706928

 -------------------------------------------------------------
 Excitation n.   3:  13.413444 eV  f = 0.0000  <S**2> = 2.0000
 -------------------------------------------------------------
  1 ->   2 =  -0.122775
  1 ->   4 =   0.695525

 -------------------------------------------------------------
 Excitation n.   4:  18.730655 eV  f = 0.0000  <S**2> = 2.0000
 -------------------------------------------------------------
  1 ->   5 =   0.706992

 -------------------------------------------------------------
 Excitation n.   5:  19.415953 eV  f = 0.0000  <S**2> = 2.0000
 -------------------------------------------------------------
  1 ->   6 =   0.674115
  1 ->   7 =  -0.214621

 -------------------------------------------------------------
 Excitation n.   6:  19.415953 eV  f = 0.0000  <S**2> = 2.0000
 -------------------------------------------------------------
  1 ->   6 =   0.214621
  1 ->   7 =   0.674115

 -------------------------------------------------------------
 Excitation n.   7:  22.780772 eV  f = 0.0000  <S**2> = 2.0000
 -------------------------------------------------------------
  1 ->   8 =   0.706630

 -------------------------------------------------------------
 Excitation n.   8:  22.780772 eV  f = 0.0000  <S**2> = 2.0000
 -------------------------------------------------------------
  1 ->   9 =  -0.706630

 -------------------------------------------------------------
 Excitation n.   9:  32.785879 eV  f = 0.0000  <S**2> = 2.0000
 -------------------------------------------------------------
  1 ->  10 =   0.705789

 -------------------------------------------------------------
 Excitation n.  10:  47.820194 eV  f = 0.0000  <S**2> = 2.0000
 -------------------------------------------------------------
  1 ->  11 =  -0.706035

Thomas-Reiche-Kuhn sum rule =   0.000000


 *** dynamical TDA activated ***

 ---------------------------------------------------------------------------------------------------
  First-order dynamical correction to static Bethe-Salpeter excitation energies                     
 ---------------------------------------------------------------------------------------------------
  BSE neutral excitation must be lower than the GW gap =  10.132294 eV
 ---------------------------------------------------------------------------------------------------
      #          Static (eV)         Dynamic (eV)      Correction (eV)         Renorm. (eV)
 ---------------------------------------------------------------------------------------------------
      1                 NaN                 NaN                 NaN                 NaN
      2           12.428747           12.308332           -0.120415            1.010221
      3           13.413444           13.296047           -0.117397            1.005592
      4           18.730655           18.475313           -0.255342            1.016571
      5           19.415953           19.215750           -0.200203            1.013896
      6           19.415953           19.215750           -0.200203            1.013896
      7           22.780772           22.590772           -0.190000            1.013338
      8           22.780772           22.590772           -0.190000            1.013338
      9           32.785879           32.760225           -0.025653            0.041902
     10           47.820194           47.617205           -0.202989            0.997564
 ---------------------------------------------------------------------------------------------------


 -------------------------------------------------------------------------------
          Tr@BSE@G0W0 correlation energy (singlet) =       -0.0818350965
          Tr@BSE@G0W0 correlation energy (triplet) =                 NaN
          Tr@BSE@G0W0 correlation energy           =                 NaN
          Tr@BSE@G0W0 total energy                 =                 NaN
 -------------------------------------------------------------------------------

                                       Total CPU time for G0W0 =      0.014 seconds


 ************************************************
 |          One-shot G0T0 calculation           |
 ************************************************


 -------------------------------------------------------------
   pp-RPA (N+2) calculation: alpha-beta     manifold
 -------------------------------------------------------------
 | State |  Excitation energy (au) |  Excitation energy (eV) |
 -------------------------------------------------------------
 |     1 |                0.237006 |                6.449274 |
 |     2 |                0.573643 |               15.609626 |
 |     3 |                0.580582 |               15.798430 |
 |     4 |                0.622419 |               16.936871 |
 |     5 |                0.682828 |               18.580683 |
 |     6 |                0.914492 |               24.884602 |
 |     7 |                0.934243 |               25.422057 |
 |     8 |                0.936838 |               25.492666 |
 |     9 |                0.962246 |               26.184045 |
 |    10 |                0.962246 |               26.184045 |
 |    11 |                1.017059 |               27.675582 |
 |    12 |                1.024575 |               27.880118 |
 |    13 |                1.024575 |               27.880118 |
 |    14 |                1.063900 |               28.950183 |
 |    15 |                1.076010 |               29.279712 |
 |    16 |                1.094601 |               29.785616 |
 |    17 |                1.094601 |               29.785616 |
 |    18 |                1.175213 |               31.979168 |
 |    19 |                1.175213 |               31.979168 |
 |    20 |                1.301991 |               35.428978 |
 -------------------------------------------------------------


 -------------------------------------------------------------
   pp-RPA (N-2) calculation: alpha-beta     manifold
 -------------------------------------------------------------
 | State |  Excitation energy (au) |  Excitation energy (eV) |
 -------------------------------------------------------------
 |     1 |               -1.164396 |              -31.684841 |
 -------------------------------------------------------------


 -------------------------------------------------------------
   pp-RPA (N+2) calculation: alpha-alpha    manifold
 -------------------------------------------------------------
 | State |  Excitation energy (au) |  Excitation energy (eV) |
 -------------------------------------------------------------
 |     1 |                0.573643 |               15.609626 |
 |     2 |                0.580582 |               15.798430 |
 |     3 |                0.914492 |               24.884602 |
 |     4 |                0.934243 |               25.422057 |
 |     5 |                0.962246 |               26.184045 |
 |     6 |                0.962246 |               26.184045 |
 |     7 |                1.094601 |               29.785616 |
 |     8 |                1.094601 |               29.785616 |
 |     9 |                1.301991 |               35.428978 |
 |    10 |                1.319990 |               35.918767 |
 |    11 |                1.319990 |               35.918767 |
 |    12 |                1.333586 |               36.288721 |
 |    13 |                1.333586 |               36.288721 |
 |    14 |                1.334032 |               36.300859 |
 |    15 |                1.405827 |               38.254496 |
 |    16 |                1.523888 |               41.467105 |
 |    17 |                1.523888 |               41.467105 |
 |    18 |                1.538456 |               41.863523 |
 |    19 |                1.538456 |               41.863523 |
 |    20 |                1.708101 |               46.479803 |
 -------------------------------------------------------------


 -------------------------------------------------------------
   pp-RPA (N-2) calculation: alpha-alpha    manifold
 -------------------------------------------------------------
 | State |  Excitation energy (au) |  Excitation energy (eV) |
 -------------------------------------------------------------
 -------------------------------------------------------------

 -------------------------------------------------------------------------------
   One-shot G0T0 calculation (T-matrix self-energy)  
 -------------------------------------------------------------------------------
 |   # |       e_HF (eV) |    Sigma_T (eV) |               Z |       e_QP (eV) |
 -------------------------------------------------------------------------------
 |   1 |      -10.560181 |       -0.416487 |        0.983924 |      -10.969972 |
 |   2 |       -1.123455 |       -0.380700 |        0.978195 |       -1.495854 |
 |   3 |        9.916975 |       -0.652810 |        0.971074 |        9.283048 |
 |   4 |       10.459634 |       -0.705303 |        0.968166 |        9.776784 |
 |   5 |       18.023817 |        1.867300 |        0.259097 |       18.507629 |
 |   6 |       19.045469 |       -1.171840 |        0.959629 |       17.920937 |
 |   7 |       19.045469 |       -1.171840 |        0.959629 |       17.920937 |
 |   8 |       22.919554 |       -1.547304 |        0.926468 |       21.486026 |
 |   9 |       22.919554 |       -1.547304 |        0.926468 |       21.486026 |
 |  10 |       30.887335 |       -2.748361 |        0.721202 |       28.905211 |
 |  11 |       46.273357 |       -3.000009 |        0.096225 |       45.984681 |
 |  12 |       50.050631 |       -1.681717 |        0.880981 |       48.569071 |
 |  13 |       89.769755 |       -1.047015 |        0.916883 |       88.809765 |
 |  14 |       91.572114 |       -2.089488 |        0.915711 |       89.658747 |
 |  15 |       91.572114 |       -2.089488 |        0.915711 |       89.658747 |
 |  16 |       92.977761 |       -2.462452 |        0.902778 |       90.754714 |
 |  17 |       92.977761 |       -2.462452 |        0.902778 |       90.754714 |
 |  18 |       93.218426 |       -2.499795 |        0.899524 |       90.969800 |
 |  19 |       93.218426 |       -2.499795 |        0.899524 |       90.969800 |
 |  20 |       94.450167 |       -2.580594 |        0.877970 |       92.184484 |
 |  21 |       94.450167 |       -2.580594 |        0.877970 |       92.184484 |
 |  22 |       97.040487 |       -2.774527 |        0.751490 |       94.955456 |
 |  23 |      103.600208 |       -2.980748 |        0.879178 |      100.979601 |
 |  24 |      103.600208 |       -2.980748 |        0.879178 |      100.979601 |
 |  25 |      105.861266 |       -3.052732 |        0.832803 |      103.318940 |
 |  26 |      106.336827 |       -4.025253 |        0.763876 |      103.262033 |
 |  27 |      106.336827 |       -4.025253 |        0.763876 |      103.262033 |
 |  28 |      117.770379 |       -5.984825 |        0.301217 |      115.967647 |
 |  29 |      128.250855 |       -2.249635 |        0.827012 |      126.390381 |
 |  30 |      128.384774 |       -2.268651 |        0.216569 |      127.893456 |
 -------------------------------------------------------------------------------
             G0T0 HOMO      energy (eV)            =     -10.969972 eV
             G0T0 LUMO      energy (eV)            =      -1.495854 eV
             G0T0 HOMO-LUMO gap    (eV)            =       9.474118 eV
 -------------------------------------------------------------------------------
        Tr@ppRPA@G0T0 correlation energy (singlet) =       -0.0254159863 au
        Tr@ppRPA@G0T0 correlation energy (triplet) =        0.0000000000 au
        Tr@ppRPA@G0T0 correlation energy           =       -0.0254159862 au
        Tr@ppRPA@G0T0 total energy                 =       -0.9505816206 au
              GM@G0T0 correlation energy           =       -0.0381700337 au
              GM@G0T0 total energy                 =       -0.9633356681 au
 -------------------------------------------------------------------------------


 -------------------------------------------------------------
   BSE@GT       calculation: singlet        manifold
 -------------------------------------------------------------
 | State |  Excitation energy (au) |  Excitation energy (eV) |
 -------------------------------------------------------------
 |     1 |                0.234520 |                6.381617 |
 |     2 |                0.510870 |               13.901481 |
 |     3 |                0.537130 |               14.616064 |
 |     4 |                0.786589 |               21.404171 |
 |     5 |                0.791485 |               21.537412 |
 |     6 |                0.791485 |               21.537412 |
 |     7 |                0.889695 |               24.209839 |
 |     8 |                0.889695 |               24.209839 |
 |     9 |                1.149316 |               31.274482 |
 |    10 |                1.767449 |               48.094745 |
 |    11 |                1.862793 |               50.689186 |
 |    12 |                3.282572 |               89.323336 |
 |    13 |                3.312829 |               90.146658 |
 |    14 |                3.312829 |               90.146658 |
 |    15 |                3.351737 |               91.205418 |
 |    16 |                3.351737 |               91.205418 |
 |    17 |                3.358439 |               91.387786 |
 |    18 |                3.358439 |               91.387786 |
 |    19 |                3.392807 |               92.322970 |
 |    20 |                3.392807 |               92.322970 |
 -------------------------------------------------------------

 ---------------------------------------------------------------
                 Transition dipole moment (au)                  
 ---------------------------------------------------------------
  #           X           Y           Z   dip. str.   osc. str.
 ---------------------------------------------------------------
  1    0.000000   -0.000000    2.951140    8.709226    1.361659
  2   -0.000000    0.000000   -0.000000    0.000000    0.000000
  3   -0.000000   -0.000000    0.114148    0.013030    0.004666
  4    0.000000    0.000000    0.000000    0.000000    0.000000
  5   -0.378739   -1.235884   -0.000000    1.670853    0.881637
  6    1.235884   -0.378739   -0.000000    1.670853    0.881637
  7   -0.000000    0.000000    0.000000    0.000000    0.000000
  8    0.000000   -0.000000   -0.000000    0.000000    0.000000
  9    0.000000   -0.000000   -0.376295    0.141598    0.108494
 10    0.000000   -0.000000   -0.000000    0.000000    0.000000
 ---------------------------------------------------------------

 -------------------------------------------------------------
 Excitation n.   1:   6.381617 eV  f = 1.3617  <S**2> = 0.0000
 -------------------------------------------------------------
  1 ->   2 =   0.707511

 -------------------------------------------------------------
 Excitation n.   2:  13.901481 eV  f = 0.0000  <S**2> = 0.0000
 -------------------------------------------------------------
  1 ->   3 =   0.706409

 -------------------------------------------------------------
 Excitation n.   3:  14.616064 eV  f = 0.0047  <S**2> = 0.0000
 -------------------------------------------------------------
  1 ->   4 =  -0.705970

 -------------------------------------------------------------
 Excitation n.   4:  21.404171 eV  f = 0.0000  <S**2> = 0.0000
 -------------------------------------------------------------
  1 ->   5 =   0.706186

 -------------------------------------------------------------
 Excitation n.   5:  21.537412 eV  f = 0.8816  <S**2> = 0.0000
 -------------------------------------------------------------
  1 ->   6 =   0.700861
  1 ->   7 =  -0.094108

 -------------------------------------------------------------
 Excitation n.   6:  21.537412 eV  f = 0.8816  <S**2> = 0.0000
 -------------------------------------------------------------
  1 ->   6 =  -0.094108
  1 ->   7 =  -0.700861

 -------------------------------------------------------------
 Excitation n.   7:  24.209839 eV  f = 0.0000  <S**2> = 0.0000
 -------------------------------------------------------------
  1 ->   8 =   0.702137
  1 ->   9 =   0.083493

 -------------------------------------------------------------
 Excitation n.   8:  24.209839 eV  f = 0.0000  <S**2> = 0.0000
 -------------------------------------------------------------
  1 ->   8 =   0.083493
  1 ->   9 =  -0.702137

 -------------------------------------------------------------
 Excitation n.   9:  31.274482 eV  f = 0.1085  <S**2> = 0.0000
 -------------------------------------------------------------
  1 ->  10 =   0.706282

 -------------------------------------------------------------
 Excitation n.  10:  48.094745 eV  f = 0.0000  <S**2> = 0.0000
 -------------------------------------------------------------
  1 ->  11 =  -0.706586

Thomas-Reiche-Kuhn sum rule =   3.238093


 *** dynamical TDA activated ***

 ---------------------------------------------------------------------------------------------------
  First-order dynamical correction to static Bethe-Salpeter excitation energies                     
 ---------------------------------------------------------------------------------------------------
  BSE neutral excitation must be lower than the GT gap =   9.474118 eV
 ---------------------------------------------------------------------------------------------------
      #          Static (eV)         Dynamic (eV)      Correction (eV)         Renorm. (eV)
 ---------------------------------------------------------------------------------------------------
      1            6.381617            6.459159            0.077542            0.996603
      2           13.901481           13.960883            0.059402            0.993041
      3           14.616064           14.695427            0.079363            0.991770
      4           21.404171           21.445878            0.041707            0.942097
      5           21.537412           21.536792           -0.000620            1.001513
      6           21.537412           21.536792           -0.000620            1.001513
      7           24.209839           24.200716           -0.009123            0.995682
      8           24.209839           24.200716           -0.009123            0.995682
      9           31.274482           31.253605           -0.020876            0.998140
     10           48.094745           47.982820           -0.111925            0.870531
 ---------------------------------------------------------------------------------------------------

 You may have instabilities in linear response: A-B is not positive definite!!
 Problem in diagonalize_matrix (dsyev)!!

 -------------------------------------------------------------
   BSE@GT       calculation: triplet        manifold
 -------------------------------------------------------------
 | State |  Excitation energy (au) |  Excitation energy (eV) |
 -------------------------------------------------------------
 |     1 |                     NaN |                     NaN |
 |     2 |                     NaN |                     NaN |
 |     3 |                     NaN |                     NaN |
 |     4 |                     NaN |                     NaN |
 |     5 |                     NaN |                     NaN |
 |     6 |                     NaN |                     NaN |
 |     7 |                     NaN |                     NaN |
 |     8 |                     NaN |                     NaN |
 |     9 |                     NaN |                     NaN |
 |    10 |                     NaN |                     NaN |
 |    11 |                     NaN |                     NaN |
 |    12 |                     NaN |                     NaN |
 |    13 |                     NaN |                     NaN |
 |    14 |                     NaN |                     NaN |
 |    15 |                     NaN |                     NaN |
 |    16 |                     NaN |                     NaN |
 |    17 |                     NaN |                     NaN |
 |    18 |                     NaN |                     NaN |
 |    19 |                     NaN |                     NaN |
 |    20 |                     NaN |                     NaN |
 -------------------------------------------------------------

 -------------------------------------------------------------
 Excitation n.   1:        NaN eV  f = 0.0000  <S**2> = 2.0000
 -------------------------------------------------------------

 -------------------------------------------------------------
 Excitation n.   2:        NaN eV  f = 0.0000  <S**2> = 2.0000
 -------------------------------------------------------------

 -------------------------------------------------------------
 Excitation n.   3:        NaN eV  f = 0.0000  <S**2> = 2.0000
 -------------------------------------------------------------

 -------------------------------------------------------------
 Excitation n.   4:        NaN eV  f = 0.0000  <S**2> = 2.0000
 -------------------------------------------------------------

 -------------------------------------------------------------
 Excitation n.   5:        NaN eV  f = 0.0000  <S**2> = 2.0000
 -------------------------------------------------------------

 -------------------------------------------------------------
 Excitation n.   6:        NaN eV  f = 0.0000  <S**2> = 2.0000
 -------------------------------------------------------------

 -------------------------------------------------------------
 Excitation n.   7:        NaN eV  f = 0.0000  <S**2> = 2.0000
 -------------------------------------------------------------

 -------------------------------------------------------------
 Excitation n.   8:        NaN eV  f = 0.0000  <S**2> = 2.0000
 -------------------------------------------------------------

 -------------------------------------------------------------
 Excitation n.   9:        NaN eV  f = 0.0000  <S**2> = 2.0000
 -------------------------------------------------------------

 -------------------------------------------------------------
 Excitation n.  10:        NaN eV  f = 0.0000  <S**2> = 2.0000
 -------------------------------------------------------------

Thomas-Reiche-Kuhn sum rule =   0.000000


 *** dynamical TDA activated ***

 ---------------------------------------------------------------------------------------------------
  First-order dynamical correction to static Bethe-Salpeter excitation energies                     
 ---------------------------------------------------------------------------------------------------
  BSE neutral excitation must be lower than the GT gap =   9.474118 eV
 ---------------------------------------------------------------------------------------------------
      #          Static (eV)         Dynamic (eV)      Correction (eV)         Renorm. (eV)
 ---------------------------------------------------------------------------------------------------
      1                 NaN                 NaN                 NaN                 NaN
      2                 NaN                 NaN                 NaN                 NaN
      3                 NaN                 NaN                 NaN                 NaN
      4                 NaN                 NaN                 NaN                 NaN
      5                 NaN                 NaN                 NaN                 NaN
      6                 NaN                 NaN                 NaN                 NaN
      7                 NaN                 NaN                 NaN                 NaN
      8                 NaN                 NaN                 NaN                 NaN
      9                 NaN                 NaN                 NaN                 NaN
     10                 NaN                 NaN                 NaN                 NaN
 ---------------------------------------------------------------------------------------------------


 -------------------------------------------------------------------------------
          Tr@BSE@G0T0 correlation energy (singlet) =       -0.0015707703 au
          Tr@BSE@G0T0 correlation energy (triplet) =                 NaN au
          Tr@BSE@G0T0 correlation energy           =                 NaN au
          Tr@BSE@G0T0 total energy                 =                 NaN au
 -------------------------------------------------------------------------------

                                       Total CPU time for G0T0 =     11.344 seconds

                                      Total CPU time for QuAcK =     25.220 seconds

