78 significant shell pairs computed in 0.000039 seconds
0
Computed Electron repulsion integrals Integrals in parallel in 0.112405 seconds

 ******************************************************************************************
 *            QuAcK                       QuAcK                         QuAcK             *
 *   __        __        __       __        __        __       __        __        __     *
 * <(o )___  <(o )___  <(o )___ <(o )___  <(o )___  <(o )___ <(o )___  <(o )___  <(o )___ *
 * ( ._> /   ( ._> /   ( ._> /  ( ._> /   ( ._> /   ( ._> /  ( ._> /   ( ._> /   ( ._> /  *
 *|--------------------------------------------------------------------------------------|*
 ******************************************************************************************

      ----------------------
             Number of atoms                2
      ----------------------

      ----------------------
Number of spin-up   electron                1
Number of spin-down electron                1
    Total number of electron                2
      ----------------------

      ----------------------
Number of core      electron                0
Number of Rydberg   electron                0
      ----------------------

          ------------------
          Molecular geometry
          ------------------
                    Atom n.                 1
                        Z =      1.0000000000
           Atom coordinates:     0.0000000000    0.0000000000    0.0000000000
                    Atom n.                 2
                        Z =      1.0000000000
           Atom coordinates:     0.0000000000    0.0000000000    3.0235618007

          ------------------
 Nuclear repulsion energy =      0.3307357567
          ------------------

          Gaussian basis set
          ------------------
                    Atom n.                 1
           number of shells                 6
          ------------------
      s-type shell with K =                 5
                                    Exponents     Contraction
                                33.8700000000    0.0060680000
                                 5.0950000000    0.0453080000
                                 1.1590000000    0.2028220000
                                 0.3258000000    0.5039030000
                                 0.1027000000    0.3834210000
      s-type shell with K =                 1
                                    Exponents     Contraction
                                 0.3258000000    1.0000000000
      s-type shell with K =                 1
                                    Exponents     Contraction
                                 0.1027000000    1.0000000000
      p-type shell with K =                 1
                                    Exponents     Contraction
                                 1.4070000000    1.0000000000
      p-type shell with K =                 1
                                    Exponents     Contraction
                                 0.3880000000    1.0000000000
      d-type shell with K =                 1
                                    Exponents     Contraction
                                 1.0570000000    1.0000000000
          ------------------
                    Atom n.                 2
           number of shells                 6
          ------------------
      s-type shell with K =                 5
                                    Exponents     Contraction
                                33.8700000000    0.0060680000
                                 5.0950000000    0.0453080000
                                 1.1590000000    0.2028220000
                                 0.3258000000    0.5039030000
                                 0.1027000000    0.3834210000
      s-type shell with K =                 1
                                    Exponents     Contraction
                                 0.3258000000    1.0000000000
      s-type shell with K =                 1
                                    Exponents     Contraction
                                 0.1027000000    1.0000000000
      p-type shell with K =                 1
                                    Exponents     Contraction
                                 1.4070000000    1.0000000000
      p-type shell with K =                 1
                                    Exponents     Contraction
                                 0.3880000000    1.0000000000
      d-type shell with K =                 1
                                    Exponents     Contraction
                                 1.0570000000    1.0000000000
          ------------------
            Number of shells               12
          ------------------

          ------------------
   Number of basis functions               30
          ------------------

 Scaling integrals by    1.0000000000000000     

                          Total CPU time for reading integrals =      0.042 seconds


 ************************************************
 |    Restricted Hartree-Fock calculation       |
 ************************************************


 ----------------------------------------------------
 | RHF calculation                                  |
 ----------------------------------------------------
 |   # |        HF energy |       Conv |     HL Gap |
 ----------------------------------------------------
 |   1 |    -0.7619988899 |   0.769043 |   1.151764 |
 |   2 |    -0.9750759302 |   0.218247 |   1.425150 |
 |   3 |    -0.9871314371 |   0.063919 |   1.439879 |
 |   4 |    -0.9877804891 |   0.026333 |   1.441607 |
 |   5 |    -0.9875196828 |   0.013408 |   1.442132 |
 |   6 |    -0.9872180297 |   0.007814 |   1.442383 |
 |   7 |    -0.9869785457 |   0.005029 |   1.442521 |
 |   8 |    -0.9868040828 |   0.003314 |   1.442602 |
 |   9 |    -0.9866812137 |   0.002194 |   1.442652 |
 |  10 |    -0.9865961585 |   0.001456 |   1.442684 |
 |  11 |    -0.9865378845 |   0.000968 |   1.442704 |
 |  12 |    -0.9864982319 |   0.000644 |   1.442718 |
 |  13 |    -0.9864713802 |   0.000428 |   1.442727 |
 |  14 |    -0.9864532607 |   0.000285 |   1.442733 |
 |  15 |    -0.9864410658 |   0.000190 |   1.442737 |
 |  16 |    -0.9864328746 |   0.000127 |   1.442740 |
 |  17 |    -0.9864273811 |   0.000084 |   1.442741 |
 |  18 |    -0.9864237010 |   0.000056 |   1.442743 |
 |  19 |    -0.9864212382 |   0.000037 |   1.442743 |
 |  20 |    -0.9864195911 |   0.000025 |   1.442744 |
 |  21 |    -0.9864184902 |   0.000017 |   1.442744 |
 |  22 |    -0.9864177547 |   0.000011 |   1.442745 |
 |  23 |    -0.9864172636 |   0.000007 |   1.442745 |
 |  24 |    -0.9864169357 |   0.000005 |   1.442745 |
 |  25 |    -0.9864167168 |   0.000003 |   1.442745 |
 |  26 |    -0.9864165708 |   0.000002 |   1.442745 |
 |  27 |    -0.9864164734 |   0.000001 |   1.442745 |
 |  28 |    -0.9864164084 |   0.000001 |   1.442745 |
 |  29 |    -0.9864163650 |   0.000001 |   1.442745 |
 |  30 |    -0.9864163361 |   0.000000 |   1.442745 |
 |  31 |    -0.9864163169 |   0.000000 |   1.442745 |
 |  32 |    -0.9864163040 |   0.000000 |   1.442745 |
 |  33 |    -0.9864162954 |   0.000000 |   1.442745 |
 |  34 |    -0.9864163048 |   0.000000 |   0.442745 |
 ----------------------------------------------------

         -----------------------------------------
           Summary              
         -----------------------------------------
           One-electron energy:     -1.7784885499 au
           Kinetic      energy:      0.7115546606 au
           Potential    energy:     -2.4900432105 au
         -----------------------------------------
           Two-electron energy:      0.4613364884 au
           Hartree      energy:      0.9226729769 au
           Exchange     energy:     -0.4613364884 au
         -----------------------------------------
           Electronic   energy:     -1.3171520615 au
           Nuclear   repulsion:      0.3307357567 au
           RHF          energy:     -0.9864163048 au
         -----------------------------------------
           HF HOMO      energy:        -11.643964 eV
           HF LUMO      energy:          0.403744 eV
           HF HOMO-LUMO gap   :         12.047708 eV
         -----------------------------------------
          Dipole moment (Debye)    
                   X         Y         Z      Tot.
           -0.000000 -0.000000 -0.000000  0.000000
         -----------------------------------------

           ---------------------------------------
                 MO coefficients
           ---------------------------------------
                 1              2              3              4              5
      1     0.57656114    -0.63910769     0.20717076     0.04326694     0.00000000
      2    -0.02437187     0.20936541    -1.46298926    -1.47429742     0.00000000
      3     0.04934881    -0.60067947     0.96896895     1.70510160     0.00000000
      4     0.00000000     0.00000000     0.00000000     0.00000000    -0.05246764
      5     0.00000000     0.00000000     0.00000000     0.00000000    -0.04043625
      6     0.00117959     0.00546366     0.00641709    -0.00877434     0.00000000
      7     0.00000000     0.00000000     0.00000000     0.00000000     0.54532995
      8     0.00000000     0.00000000     0.00000000     0.00000000     0.42028004
      9     0.02643371     0.01840189    -0.08626439     0.07754570     0.00000000
     10    -0.00108247    -0.01562831     0.10508816     0.10785369     0.00000000
     11     0.00000000     0.00000000     0.00000000     0.00000000     0.00000000
     12     0.00000000     0.00000000     0.00000000     0.00000000     0.00421580
     13    -0.00108247    -0.01562831     0.10508816     0.10785369     0.00000000
     14     0.00000000     0.00000000     0.00000000     0.00000000     0.00324908
     15     0.00147221    -0.01368753     0.11977921     0.10522121     0.00000000
     16     0.57656114     0.63910769     0.20717076    -0.04326694     0.00000000
     17    -0.02437187    -0.20936541    -1.46298926     1.47429742     0.00000000
     18     0.04934881     0.60067947     0.96896895    -1.70510160     0.00000000
     19     0.00000000     0.00000000     0.00000000     0.00000000    -0.05246764
     20     0.00000000     0.00000000     0.00000000     0.00000000    -0.04043625
     21    -0.00117959     0.00546366    -0.00641709    -0.00877434     0.00000000
     22     0.00000000     0.00000000     0.00000000     0.00000000     0.54532995
     23     0.00000000     0.00000000     0.00000000     0.00000000     0.42028004
     24    -0.02643371     0.01840189     0.08626439     0.07754570     0.00000000
     25    -0.00108247     0.01562831     0.10508816    -0.10785369     0.00000000
     26     0.00000000     0.00000000     0.00000000     0.00000000     0.00000000
     27     0.00000000     0.00000000     0.00000000     0.00000000    -0.00421580
     28    -0.00108247     0.01562831     0.10508816    -0.10785369     0.00000000
     29     0.00000000     0.00000000     0.00000000     0.00000000    -0.00324908
     30     0.00147221     0.01368753     0.11977921    -0.10522121     0.00000000
                 6              7              8              9             10
      1     0.00000000     0.14281891     0.00000000     0.00000000     0.75707343
      2     0.00000000    -0.63274652     0.00000000     0.00000000    -0.53015188
      3     0.00000000     0.18766153     0.00000000     0.00000000     0.46498380
      4    -0.04043625     0.00000000     0.02054193    -0.06846783     0.00000000
      5     0.05246764     0.00000000     0.06846783     0.02054193     0.00000000
      6     0.00000000    -0.04038447     0.00000000     0.00000000    -0.10164396
      7     0.42028004     0.00000000    -0.23591175     0.78631214     0.00000000
      8    -0.54532995     0.00000000    -0.78631214    -0.23591175     0.00000000
      9     0.00000000     0.63442872     0.00000000     0.00000000     1.20918699
     10     0.00000000     0.06043911     0.00000000     0.00000000     0.06796849
     11     0.00000000     0.00000000     0.00000000     0.00000000     0.00000000
     12     0.00324908     0.00000000     0.00525322    -0.01750940     0.00000000
     13     0.00000000     0.06043911     0.00000000     0.00000000     0.06796849
     14    -0.00421580     0.00000000     0.01750940     0.00525322     0.00000000
     15     0.00000000     0.02806989     0.00000000     0.00000000     0.03751081
     16     0.00000000     0.14281891     0.00000000     0.00000000    -0.75707343
     17     0.00000000    -0.63274652     0.00000000     0.00000000     0.53015188
     18     0.00000000     0.18766153     0.00000000     0.00000000    -0.46498380
     19    -0.04043625     0.00000000    -0.02054193     0.06846783     0.00000000
     20     0.05246764     0.00000000    -0.06846783    -0.02054193     0.00000000
     21     0.00000000     0.04038447     0.00000000     0.00000000    -0.10164396
     22     0.42028004     0.00000000     0.23591175    -0.78631214     0.00000000
     23    -0.54532995     0.00000000     0.78631214     0.23591175     0.00000000
     24     0.00000000    -0.63442872     0.00000000     0.00000000     1.20918699
     25     0.00000000     0.06043911     0.00000000     0.00000000    -0.06796849
     26     0.00000000     0.00000000     0.00000000     0.00000000     0.00000000
     27    -0.00324908     0.00000000     0.00525322    -0.01750940     0.00000000
     28     0.00000000     0.06043911     0.00000000     0.00000000    -0.06796849
     29     0.00421580     0.00000000     0.01750940     0.00525322     0.00000000
     30     0.00000000     0.02806989     0.00000000     0.00000000    -0.03751081
                11             12             13             14             15
      1    -4.57358428    -4.92313956     0.04705763     0.00000000     0.00000000
      2     4.78071778     5.53116432     0.32957676     0.00000000     0.00000000
      3     1.03150373     0.90814143    -0.14531122     0.00000000     0.00000000
      4     0.00000000     0.00000000     0.00000000     0.04627237    -0.07548481
      5     0.00000000     0.00000000     0.00000000    -0.07548481    -0.04627237
      6     0.02280878    -0.03991527    -0.18315245     0.00000000     0.00000000
      7     0.00000000     0.00000000     0.00000000     0.00852427    -0.01390578
      8     0.00000000     0.00000000     0.00000000    -0.01390578    -0.00852427
      9    -0.09393968     0.51212698     0.14016427     0.00000000     0.00000000
     10    -0.50036596    -0.55516376     0.21279758     0.00000000     0.00000000
     11     0.00000000     0.00000000     0.00000000     0.00000000     0.00000000
     12     0.00000000     0.00000000     0.00000000    -0.35514042     0.57934593
     13    -0.50036596    -0.55516376     0.21279758     0.00000000     0.00000000
     14     0.00000000     0.00000000     0.00000000     0.57934593     0.35514042
     15    -0.56081953    -0.58201531    -0.76480757     0.00000000     0.00000000
     16    -4.57358428     4.92313956     0.04705763     0.00000000     0.00000000
     17     4.78071778    -5.53116432     0.32957676     0.00000000     0.00000000
     18     1.03150373    -0.90814143    -0.14531122     0.00000000     0.00000000
     19     0.00000000     0.00000000     0.00000000     0.04627237    -0.07548481
     20     0.00000000     0.00000000     0.00000000    -0.07548481    -0.04627237
     21    -0.02280878    -0.03991527     0.18315245     0.00000000     0.00000000
     22     0.00000000     0.00000000     0.00000000     0.00852427    -0.01390578
     23     0.00000000     0.00000000     0.00000000    -0.01390578    -0.00852427
     24     0.09393968     0.51212698    -0.14016427     0.00000000     0.00000000
     25    -0.50036596     0.55516376     0.21279758     0.00000000     0.00000000
     26     0.00000000     0.00000000     0.00000000     0.00000000     0.00000000
     27     0.00000000     0.00000000     0.00000000     0.35514042    -0.57934593
     28    -0.50036596     0.55516376     0.21279758     0.00000000     0.00000000
     29     0.00000000     0.00000000     0.00000000    -0.57934593    -0.35514042
     30    -0.56081953     0.58201531    -0.76480757     0.00000000     0.00000000
                16             17             18             19             20
      1     0.00000000     0.00000000     0.00000000     0.00000000     0.00000000
      2     0.00000000     0.00000000     0.00000000     0.00000000     0.00000000
      3     0.00000000     0.00000000     0.00000000     0.00000000     0.00000000
      4     0.00000000     0.00000000     0.00000000     0.00000000    -0.37051198
      5     0.00000000     0.00000000     0.00000000     0.00000000     0.23211394
      6     0.00000000     0.00000000     0.00000000     0.00000000     0.00000000
      7     0.00000000     0.00000000     0.00000000     0.00000000     0.15688825
      8     0.00000000     0.00000000     0.00000000     0.00000000    -0.09828548
      9     0.00000000     0.00000000     0.00000000     0.00000000     0.00000000
     10     0.00723567    -0.60990235    -0.01255767    -0.61470056     0.00000000
     11     0.70425457     0.00835503    -0.70979507     0.01450035     0.00000000
     12     0.00000000     0.00000000     0.00000000     0.00000000    -0.52727434
     13    -0.00723567     0.60990235     0.01255767     0.61470056     0.00000000
     14     0.00000000     0.00000000     0.00000000     0.00000000     0.33032055
     15     0.00000000     0.00000000     0.00000000     0.00000000     0.00000000
     16     0.00000000     0.00000000     0.00000000     0.00000000     0.00000000
     17     0.00000000     0.00000000     0.00000000     0.00000000     0.00000000
     18     0.00000000     0.00000000     0.00000000     0.00000000     0.00000000
     19     0.00000000     0.00000000     0.00000000     0.00000000     0.37051198
     20     0.00000000     0.00000000     0.00000000     0.00000000    -0.23211394
     21     0.00000000     0.00000000     0.00000000     0.00000000     0.00000000
     22     0.00000000     0.00000000     0.00000000     0.00000000    -0.15688825
     23     0.00000000     0.00000000     0.00000000     0.00000000     0.09828548
     24     0.00000000     0.00000000     0.00000000     0.00000000     0.00000000
     25     0.00723567    -0.60990235     0.01255767     0.61470056     0.00000000
     26     0.70425457     0.00835503     0.70979507    -0.01450035     0.00000000
     27     0.00000000     0.00000000     0.00000000     0.00000000    -0.52727434
     28    -0.00723567     0.60990235    -0.01255767    -0.61470056     0.00000000
     29     0.00000000     0.00000000     0.00000000     0.00000000     0.33032055
     30     0.00000000     0.00000000     0.00000000     0.00000000     0.00000000
                21             22             23             24             25
      1     0.00000000     0.00000000     0.00000000     0.18125252     0.00000000
      2     0.00000000     0.00000000     0.00000000    -0.25120934     0.00000000
      3     0.00000000     0.00000000     0.00000000     0.25111707     0.00000000
      4    -0.23211394     0.12265427     0.87137269     0.00000000    -0.05309734
      5    -0.37051198     0.87137269    -0.12265427     0.00000000    -0.80081523
      6     0.00000000     0.00000000     0.00000000    -0.85192882     0.00000000
      7     0.09828548    -0.06291122    -0.44694012     0.00000000     0.03703559
      8     0.15688825    -0.44694012     0.06291122     0.00000000     0.55857152
      9     0.00000000     0.00000000     0.00000000     0.62779399     0.00000000
     10     0.00000000     0.00000000     0.00000000     0.16213196     0.00000000
     11     0.00000000     0.00000000     0.00000000     0.00000000     0.00000000
     12    -0.33032055     0.01399596     0.09943147     0.00000000     0.02630669
     13     0.00000000     0.00000000     0.00000000     0.16213196     0.00000000
     14    -0.52727434     0.09943147    -0.01399596     0.00000000     0.39675806
     15     0.00000000     0.00000000     0.00000000    -0.18595928     0.00000000
     16     0.00000000     0.00000000     0.00000000    -0.18125252     0.00000000
     17     0.00000000     0.00000000     0.00000000     0.25120934     0.00000000
     18     0.00000000     0.00000000     0.00000000    -0.25111707     0.00000000
     19     0.23211394     0.12265427     0.87137269     0.00000000     0.05309734
     20     0.37051198     0.87137269    -0.12265427     0.00000000     0.80081523
     21     0.00000000     0.00000000     0.00000000    -0.85192882     0.00000000
     22    -0.09828548    -0.06291122    -0.44694012     0.00000000    -0.03703559
     23    -0.15688825    -0.44694012     0.06291122     0.00000000    -0.55857152
     24     0.00000000     0.00000000     0.00000000     0.62779399     0.00000000
     25     0.00000000     0.00000000     0.00000000    -0.16213196     0.00000000
     26     0.00000000     0.00000000     0.00000000     0.00000000     0.00000000
     27    -0.33032055    -0.01399596    -0.09943147     0.00000000     0.02630669
     28     0.00000000     0.00000000     0.00000000    -0.16213196     0.00000000
     29    -0.52727434    -0.09943147     0.01399596     0.00000000     0.39675806
     30     0.00000000     0.00000000     0.00000000     0.18595928     0.00000000
                26             27             28             29             30
      1     0.00000000     0.38295184     1.12311703     0.02532267    -1.83036128
      2     0.00000000     0.14605487     1.29693120    -2.48489797     0.68738531
      3     0.00000000    -0.22835275    -0.81282804     0.44859791     1.05544153
      4    -0.80081523     0.00000000     0.00000000     0.00000000     0.00000000
      5     0.05309734     0.00000000     0.00000000     0.00000000     0.00000000
      6     0.00000000     0.89774011    -0.17672154     0.28621612    -0.38707188
      7     0.55857152     0.00000000     0.00000000     0.00000000     0.00000000
      8    -0.03703559     0.00000000     0.00000000     0.00000000     0.00000000
      9     0.00000000    -0.48290084     0.06137592    -0.72150953     0.82135137
     10     0.00000000    -0.07904513    -0.93942788     1.11155458     0.03698784
     11     0.00000000     0.00000000     0.00000000     0.00000000     0.00000000
     12     0.39675806     0.00000000     0.00000000     0.00000000     0.00000000
     13     0.00000000    -0.07904513    -0.93942788     1.11155458     0.03698784
     14    -0.02630669     0.00000000     0.00000000     0.00000000     0.00000000
     15     0.00000000    -0.23067305    -0.78685197     0.33579297     1.06453126
     16     0.00000000     0.38295184     1.12311703    -0.02532267     1.83036128
     17     0.00000000     0.14605487     1.29693120     2.48489797    -0.68738531
     18     0.00000000    -0.22835275    -0.81282804    -0.44859791    -1.05544153
     19     0.80081523     0.00000000     0.00000000     0.00000000     0.00000000
     20    -0.05309734     0.00000000     0.00000000     0.00000000     0.00000000
     21     0.00000000    -0.89774011     0.17672154     0.28621612    -0.38707188
     22    -0.55857152     0.00000000     0.00000000     0.00000000     0.00000000
     23     0.03703559     0.00000000     0.00000000     0.00000000     0.00000000
     24     0.00000000     0.48290084    -0.06137592    -0.72150953     0.82135137
     25     0.00000000    -0.07904513    -0.93942788    -1.11155458    -0.03698784
     26     0.00000000     0.00000000     0.00000000     0.00000000     0.00000000
     27     0.39675806     0.00000000     0.00000000     0.00000000     0.00000000
     28     0.00000000    -0.07904513    -0.93942788    -1.11155458    -0.03698784
     29    -0.02630669     0.00000000     0.00000000     0.00000000     0.00000000
     30     0.00000000    -0.23067305    -0.78685197    -0.33579297    -1.06453126

           ---------------------------------------
                     MO energies
           ---------------------------------------
                 1
      1    -0.42790779
      2     0.01483730
      3     0.34344398
      4     0.40810234
      5     0.67210078
      6     0.67210078
      7     0.77183845
      8     0.91550026
      9     0.91550026
     10     1.28797761
     11     1.76799526
     12     1.88322014
     13     3.11326027
     14     3.20252414
     15     3.20252414
     16     3.39988507
     17     3.39988507
     18     3.48075010
     19     3.48075010
     20     3.69867862
     21     3.69867862
     22     3.85285069
     23     3.85285069
     24     3.91214134
     25     4.01500390
     26     4.01500390
     27     4.13689043
     28     4.68853357
     29     4.71267317
     30     4.87666495

                                        Total CPU time for RHF =      0.544 seconds


 AO to MO transformation... Please be patient

                    Total CPU time for AO to MO transformation =      1.588 seconds


 ******************************************************
 | Configuration Interaction with Singles and Doubles |
 ******************************************************

 nS =          116
 nD =         1653
 nH =         1770

 00 block  done...
 0S blocks done...
 0D blocks done...
 SS block  done...
 SD blocks done...
 DD block  done...

 Diagonalizing CISD matrix...

 CISD energies (au)
                 1
      1    -1.38457165
      2    -1.30285734
      3    -1.30285734
      4    -1.30285734
      5    -1.06703871
      6    -0.96635949
      7    -0.88517121
      8    -0.88517121
      9    -0.88517121
     10    -0.82197119
     11    -0.81989998
     12    -0.81989998
     13    -0.81989998
     14    -0.80251406
     15    -0.66487192
     16    -0.66487192
     17    -0.66487192
     18    -0.66198549
     19    -0.66198549
     20    -0.66198549
     21    -0.66198549
     22    -0.66198549
     23    -0.66198549
     24    -0.61671179
     25    -0.61671179
     26    -0.61671179
     27    -0.57228926
     28    -0.57228926
     29    -0.56273653
     30    -0.56273653
     31    -0.56273653
     32    -0.56052781
     33    -0.51852790
     34    -0.51852790
     35    -0.50813173
     36    -0.48620407
     37    -0.48620407
     38    -0.48620407
     39    -0.48620407
     40    -0.48620407
     41    -0.48620407
     42    -0.42737775
     43    -0.39326426
     44    -0.39326426
     45    -0.39326426
     46    -0.35285360
     47    -0.35285360
     48    -0.35285360
     49    -0.35285360
     50    -0.35285360
     51    -0.35285360

 CISD excitation energies (eV)
                 1
      1     2.22355961
      2     2.22355961
      3     2.22355961
      4     8.64051115
      5    11.38013230
      6    13.58937809
      7    13.58937809
      8    13.58937809
      9    15.30913826
     10    15.36549867
     11    15.36549867
     12    15.36549867
     13    15.83859373
     14    19.58402699
     15    19.58402699
     16    19.58402699
     17    19.66257087
     18    19.66257087
     19    19.66257087
     20    19.66257087
     21    19.66257087
     22    19.66257087
     23    20.89453105
     24    20.89453105
     25    20.89453105
     26    22.10332951
     27    22.10332951
     28    22.36327244
     29    22.36327244
     30    22.36327244
     31    22.42337499
     32    23.56625055
     33    23.56625055
     34    23.84914476
     35    24.44582695
     36    24.44582695
     37    24.44582695
     38    24.44582695
     39    24.44582695
     40    24.44582695
     41    26.04657254
     42    26.97484794
     43    26.97484794
     44    26.97484794
     45    28.07447789
     46    28.07447789
     47    28.07447789
     48    28.07447789
     49    28.07447789
     50    28.07447789

                                       Total CPU time for CISD =     11.770 seconds


 ************************************************
 |          One-shot G0W0 calculation           |
 ************************************************


 -------------------------------------------------------------
   RPA@HF       calculation: singlet        manifold
 -------------------------------------------------------------
 | State |  Excitation energy (au) |  Excitation energy (eV) |
 -------------------------------------------------------------
 |     1 |                0.593391 |               16.146991 |
 |     2 |                0.855968 |               23.292083 |
 |     3 |                0.965336 |               26.268143 |
 |     4 |                1.226914 |               33.386039 |
 |     5 |                1.226914 |               33.386039 |
 |     6 |                1.318313 |               35.873135 |
 |     7 |                1.421219 |               38.673350 |
 |     8 |                1.421219 |               38.673350 |
 |     9 |                1.787781 |               48.647994 |
 |    10 |                2.279729 |               62.034580 |
 |    11 |                2.379642 |               64.753366 |
 |    12 |                3.615542 |               98.383907 |
 |    13 |                3.694668 |              100.537041 |
 |    14 |                3.694668 |              100.537041 |
 |    15 |                3.882946 |              105.660336 |
 |    16 |                3.882946 |              105.660336 |
 |    17 |                3.959345 |              107.739275 |
 |    18 |                3.959345 |              107.739275 |
 |    19 |                4.190617 |              114.032503 |
 |    20 |                4.190617 |              114.032503 |
 -------------------------------------------------------------

  *** Quasiparticle energies obtained by linearization *** 

 -------------------------------------------------------------------------------
   One-shot G0W0 calculation
 -------------------------------------------------------------------------------
 |   # |       e_HF (eV) |      Sig_c (eV) |               Z |       e_QP (eV) |
 -------------------------------------------------------------------------------
 |   1 |      -11.643964 |       -0.893760 |        0.950238 |      -12.493249 |
 |   2 |        0.403744 |       -0.462710 |        0.960258 |       -0.040577 |
 |   3 |        9.345587 |       -0.662460 |        0.972235 |        8.701520 |
 |   4 |       11.105030 |       -1.057831 |        0.944573 |       10.105832 |
 |   5 |       18.288794 |       -1.124873 |        0.959708 |       17.209244 |
 |   6 |       18.288794 |       -1.124873 |        0.959708 |       17.209244 |
 |   7 |       21.002794 |       -0.886393 |        0.763880 |       20.325697 |
 |   8 |       24.912031 |       -2.137540 |        0.859553 |       23.074702 |
 |   9 |       24.912031 |       -2.137540 |        0.859553 |       23.074702 |
 |  10 |       35.047656 |       -6.075012 |        0.125281 |       34.286574 |
 |  11 |       48.109601 |       -2.840488 |        0.492514 |       46.710621 |
 |  12 |       51.245030 |       -2.290026 |        0.791491 |       49.432495 |
 |  13 |       84.716127 |       -0.464654 |        0.605314 |       84.434865 |
 |  14 |       87.145121 |       -1.277085 |        0.905745 |       85.988406 |
 |  15 |       87.145121 |       -1.277085 |        0.905745 |       85.988406 |
 |  16 |       92.515585 |       -2.015603 |        0.908847 |       90.683710 |
 |  17 |       92.515585 |       -2.015603 |        0.908847 |       90.683710 |
 |  18 |       94.716035 |       -2.424305 |        0.877233 |       92.589354 |
 |  19 |       94.716035 |       -2.424305 |        0.877233 |       92.589354 |
 |  20 |      100.646172 |       -6.738474 |        0.116717 |       99.859677 |
 |  21 |      100.646172 |       -6.738474 |        0.116717 |       99.859677 |
 |  22 |      104.841407 |       -3.364085 |        0.846985 |      101.992078 |
 |  23 |      104.841407 |       -3.364085 |        0.846985 |      101.992078 |
 |  24 |      106.454788 |       -3.207692 |        0.674206 |      104.292142 |
 |  25 |      109.253821 |       -3.928748 |        0.550569 |      107.090774 |
 |  26 |      109.253821 |       -3.928748 |        0.550569 |      107.090774 |
 |  27 |      112.570522 |       -3.661278 |        0.788313 |      109.684291 |
 |  28 |      127.581497 |       -2.660408 |        0.844510 |      125.334756 |
 |  29 |      128.238369 |       -3.101244 |        0.397122 |      127.006797 |
 |  30 |      132.700812 |       -1.743133 |        0.369505 |      132.056716 |
 -------------------------------------------------------------------------------
          G0W0 HOMO      energy:     -12.493249 eV
          G0W0 LUMO      energy:      -0.040577 eV
          G0W0 HOMO-LUMO gap   :      12.452672 eV
 -------------------------------------------------------------------------------
    RPA@G0W0 total energy      :      -1.046789 au
    RPA@G0W0 correlation energy:      -0.060373 au
    GM@G0W0  total energy      :      -1.093826 au
    GM@G0W0  correlation energy:      -0.107409 au
 -------------------------------------------------------------------------------


 -------------------------------------------------------------
   BSE@GW       calculation: singlet        manifold
 -------------------------------------------------------------
 | State |  Excitation energy (au) |  Excitation energy (eV) |
 -------------------------------------------------------------
 |     1 |                0.264671 |                7.202068 |
 |     2 |                0.565895 |               15.398784 |
 |     3 |                0.610012 |               16.599277 |
 |     4 |                0.827696 |               22.522761 |
 |     5 |                0.827696 |               22.522761 |
 |     6 |                0.929949 |               25.305203 |
 |     7 |                1.004706 |               27.339449 |
 |     8 |                1.004706 |               27.339449 |
 |     9 |                1.410174 |               38.372800 |
 |    10 |                1.867674 |               50.821990 |
 |    11 |                1.958580 |               53.295681 |
 |    12 |                3.185721 |               86.687897 |
 |    13 |                3.243654 |               88.264316 |
 |    14 |                3.243654 |               88.264316 |
 |    15 |                3.410544 |               92.805641 |
 |    16 |                3.410544 |               92.805641 |
 |    17 |                3.476481 |               94.599870 |
 |    18 |                3.476481 |               94.599870 |
 |    19 |                3.734603 |              101.623728 |
 |    20 |                3.734603 |              101.623728 |
 -------------------------------------------------------------

 ---------------------------------------------------------------
                 Transition dipole moment (au)                  
 ---------------------------------------------------------------
  #           X           Y           Z   dip. str.   osc. str.
 ---------------------------------------------------------------
  1   -0.000000    0.000000   -1.717952    2.951358    0.520759
  2    0.000000   -0.000000    0.000000    0.000000    0.000000
  3   -0.000000   -0.000000   -0.130959    0.017150    0.006975
  4   -0.115080   -1.232960   -0.000000    1.533433    0.846144
  5   -1.232960    0.115080   -0.000000    1.533433    0.846144
  6    0.000000    0.000000    0.000000    0.000000    0.000000
  7   -0.000000   -0.000000   -0.000000    0.000000    0.000000
  8    0.000000   -0.000000    0.000000    0.000000    0.000000
  9   -0.000000   -0.000000   -0.238777    0.057014    0.053600
 10   -0.000000   -0.000000   -0.000000    0.000000    0.000000
 ---------------------------------------------------------------

 -------------------------------------------------------------
 Excitation n.   1:   7.202068 eV  f = 0.5208  <S**2> = 0.0000
 -------------------------------------------------------------
  1 ->   2 =  -0.746195
  1 <-   2 =   0.223579
  1 <-   4 =   0.081725

 -------------------------------------------------------------
 Excitation n.   2:  15.398784 eV  f = 0.0000  <S**2> = 0.0000
 -------------------------------------------------------------
  1 ->   3 =   0.707883

 -------------------------------------------------------------
 Excitation n.   3:  16.599277 eV  f = 0.0070  <S**2> = 0.0000
 -------------------------------------------------------------
  1 ->   4 =   0.713636
  1 <-   2 =  -0.089807

 -------------------------------------------------------------
 Excitation n.   4:  22.522761 eV  f = 0.8461  <S**2> = 0.0000
 -------------------------------------------------------------
  1 ->   5 =  -0.482414
  1 ->   6 =   0.518170

 -------------------------------------------------------------
 Excitation n.   5:  22.522761 eV  f = 0.8461  <S**2> = 0.0000
 -------------------------------------------------------------
  1 ->   5 =  -0.518170
  1 ->   6 =  -0.482414

 -------------------------------------------------------------
 Excitation n.   6:  25.305203 eV  f = 0.0000  <S**2> = 0.0000
 -------------------------------------------------------------
  1 ->   7 =   0.707404

 -------------------------------------------------------------
 Excitation n.   7:  27.339449 eV  f = 0.0000  <S**2> = 0.0000
 -------------------------------------------------------------
  1 ->   8 =  -0.649888
  1 ->   9 =   0.279108

 -------------------------------------------------------------
 Excitation n.   8:  27.339449 eV  f = 0.0000  <S**2> = 0.0000
 -------------------------------------------------------------
  1 ->   8 =  -0.279108
  1 ->   9 =  -0.649888

 -------------------------------------------------------------
 Excitation n.   9:  38.372800 eV  f = 0.0536  <S**2> = 0.0000
 -------------------------------------------------------------
  1 ->  10 =  -0.706808

 -------------------------------------------------------------
 Excitation n.  10:  50.821990 eV  f = 0.0000  <S**2> = 0.0000
 -------------------------------------------------------------
  1 ->  11 =   0.707126

Thomas-Reiche-Kuhn sum rule =   2.273623


 *** dynamical TDA activated ***

 ---------------------------------------------------------------------------------------------------
  First-order dynamical correction to static Bethe-Salpeter excitation energies                     
 ---------------------------------------------------------------------------------------------------
  BSE neutral excitation must be lower than the GW gap =  12.452672 eV
 ---------------------------------------------------------------------------------------------------
      #          Static (eV)         Dynamic (eV)      Correction (eV)         Renorm. (eV)
 ---------------------------------------------------------------------------------------------------
      1            7.202068            7.068338           -0.133730            1.021368
      2           15.398784           15.313288           -0.085496            1.012053
      3           16.599277           16.477382           -0.121895            1.018606
      4           22.522761           22.336433           -0.186328            1.020022
      5           22.522761           22.336433           -0.186328            1.020022
      6           25.305203           25.090119           -0.215084            1.021988
      7           27.339449           27.163148           -0.176301            1.015831
      8           27.339449           27.163148           -0.176301            1.015831
      9           38.372800           38.158642           -0.214158            1.020001
     10           50.821990           50.569074           -0.252916            1.018045
 ---------------------------------------------------------------------------------------------------


 -------------------------------------------------------------
   BSE@GW       calculation: triplet        manifold
 -------------------------------------------------------------
 | State |  Excitation energy (au) |  Excitation energy (eV) |
 -------------------------------------------------------------
 |     1 |                0.034437 |                0.937084 |
 |     2 |                0.468839 |               12.757755 |
 |     3 |                0.528795 |               14.389237 |
 |     4 |                0.693617 |               18.874268 |
 |     5 |                0.693617 |               18.874268 |
 |     6 |                0.805676 |               21.923554 |
 |     7 |                0.923593 |               25.132239 |
 |     8 |                0.923593 |               25.132239 |
 |     9 |                1.340952 |               36.489151 |
 |    10 |                1.786009 |               48.599788 |
 |    11 |                1.892356 |               51.493627 |
 |    12 |                3.111633 |               84.671842 |
 |    13 |                3.179191 |               86.510183 |
 |    14 |                3.179191 |               86.510183 |
 |    15 |                3.355005 |               91.294341 |
 |    16 |                3.355005 |               91.294341 |
 |    17 |                3.425473 |               93.211874 |
 |    18 |                3.425473 |               93.211874 |
 |    19 |                3.669751 |               99.859007 |
 |    20 |                3.669751 |               99.859007 |
 -------------------------------------------------------------

 -------------------------------------------------------------
 Excitation n.   1:   0.937084 eV  f = 0.0000  <S**2> = 2.0000
 -------------------------------------------------------------
  1 ->   2 =   0.857115
  1 ->   4 =   0.214841
  1 <-   2 =   0.509000
  1 <-   4 =   0.148629

 -------------------------------------------------------------
 Excitation n.   2:  12.757755 eV  f = 0.0000  <S**2> = 2.0000
 -------------------------------------------------------------
  1 ->   3 =  -0.705767

 -------------------------------------------------------------
 Excitation n.   3:  14.389237 eV  f = 0.0000  <S**2> = 2.0000
 -------------------------------------------------------------
  1 ->   2 =  -0.157661
  1 ->   4 =   0.688225

 -------------------------------------------------------------
 Excitation n.   4:  18.874268 eV  f = 0.0000  <S**2> = 2.0000
 -------------------------------------------------------------
  1 ->   5 =  -0.657153
  1 ->   6 =  -0.262301

 -------------------------------------------------------------
 Excitation n.   5:  18.874268 eV  f = 0.0000  <S**2> = 2.0000
 -------------------------------------------------------------
  1 ->   5 =  -0.262301
  1 ->   6 =   0.657153

 -------------------------------------------------------------
 Excitation n.   6:  21.923554 eV  f = 0.0000  <S**2> = 2.0000
 -------------------------------------------------------------
  1 ->   7 =  -0.705392

 -------------------------------------------------------------
 Excitation n.   7:  25.132239 eV  f = 0.0000  <S**2> = 2.0000
 -------------------------------------------------------------
  1 ->   8 =   0.693714
  1 ->   9 =  -0.137244

 -------------------------------------------------------------
 Excitation n.   8:  25.132239 eV  f = 0.0000  <S**2> = 2.0000
 -------------------------------------------------------------
  1 ->   8 =   0.137244
  1 ->   9 =   0.693714

 -------------------------------------------------------------
 Excitation n.   9:  36.489151 eV  f = 0.0000  <S**2> = 2.0000
 -------------------------------------------------------------
  1 ->  10 =  -0.705651

 -------------------------------------------------------------
 Excitation n.  10:  48.599788 eV  f = 0.0000  <S**2> = 2.0000
 -------------------------------------------------------------
  1 ->  11 =   0.705638

Thomas-Reiche-Kuhn sum rule =   0.000000


 *** dynamical TDA activated ***

 ---------------------------------------------------------------------------------------------------
  First-order dynamical correction to static Bethe-Salpeter excitation energies                     
 ---------------------------------------------------------------------------------------------------
  BSE neutral excitation must be lower than the GW gap =  12.452672 eV
 ---------------------------------------------------------------------------------------------------
      #          Static (eV)         Dynamic (eV)      Correction (eV)         Renorm. (eV)
 ---------------------------------------------------------------------------------------------------
      1            0.937084            0.383307           -0.553777            1.027100
      2           12.757755           12.615531           -0.142224            1.011180
      3           14.389237           14.246219           -0.143018            1.006229
      4           18.874268           18.615855           -0.258413            1.016160
      5           18.874268           18.615855           -0.258413            1.016160
      6           21.923554           21.630686           -0.292868            1.017221
      7           25.132239           24.917884           -0.214355            1.013940
      8           25.132239           24.917884           -0.214355            1.013940
      9           36.489151           36.273873           -0.215279            0.970278
     10           48.599788           48.380440           -0.219348            0.997127
 ---------------------------------------------------------------------------------------------------


 -------------------------------------------------------------------------------
          Tr@BSE@G0W0 correlation energy (singlet) =       -0.0574334304
          Tr@BSE@G0W0 correlation energy (triplet) =       -0.0274567390
          Tr@BSE@G0W0 correlation energy           =       -0.0848901694
          Tr@BSE@G0W0 total energy                 =       -1.0713064742
 -------------------------------------------------------------------------------

                                       Total CPU time for G0W0 =      0.014 seconds


 ************************************************
 |          One-shot G0T0 calculation           |
 ************************************************


 -------------------------------------------------------------
   pp-RPA (N+2) calculation: alpha-beta     manifold
 -------------------------------------------------------------
 | State |  Excitation energy (au) |  Excitation energy (eV) |
 -------------------------------------------------------------
 |     1 |                0.343691 |                9.352312 |
 |     2 |                0.609174 |               16.576462 |
 |     3 |                0.652656 |               17.759675 |
 |     4 |                0.667043 |               18.151160 |
 |     5 |                0.775406 |               21.099866 |
 |     6 |                0.931684 |               25.352424 |
 |     7 |                0.957138 |               26.045044 |
 |     8 |                0.996568 |               27.117997 |
 |     9 |                0.996568 |               27.117997 |
 |    10 |                1.043612 |               28.398134 |
 |    11 |                1.043612 |               28.398134 |
 |    12 |                1.064255 |               28.959845 |
 |    13 |                1.081175 |               29.420267 |
 |    14 |                1.121635 |               30.521233 |
 |    15 |                1.182738 |               32.183942 |
 |    16 |                1.225990 |               33.360881 |
 |    17 |                1.225990 |               33.360881 |
 |    18 |                1.297152 |               35.297307 |
 |    19 |                1.297152 |               35.297307 |
 |    20 |                1.299779 |               35.368777 |
 -------------------------------------------------------------


 -------------------------------------------------------------
   pp-RPA (N-2) calculation: alpha-beta     manifold
 -------------------------------------------------------------
 | State |  Excitation energy (au) |  Excitation energy (eV) |
 -------------------------------------------------------------
 |     1 |               -1.294652 |              -35.229272 |
 -------------------------------------------------------------


 -------------------------------------------------------------
   pp-RPA (N+2) calculation: alpha-alpha    manifold
 -------------------------------------------------------------
 | State |  Excitation energy (au) |  Excitation energy (eV) |
 -------------------------------------------------------------
 |     1 |                0.609174 |               16.576462 |
 |     2 |                0.667043 |               18.151160 |
 |     3 |                0.957138 |               26.045044 |
 |     4 |                0.996568 |               27.117997 |
 |     5 |                0.996568 |               27.117997 |
 |     6 |                1.081175 |               29.420267 |
 |     7 |                1.225990 |               33.360881 |
 |     8 |                1.225990 |               33.360881 |
 |     9 |                1.299779 |               35.368777 |
 |    10 |                1.299779 |               35.368777 |
 |    11 |                1.369710 |               37.271720 |
 |    12 |                1.369710 |               37.271720 |
 |    13 |                1.396481 |               38.000196 |
 |    14 |                1.489252 |               40.524612 |
 |    15 |                1.566044 |               42.614215 |
 |    16 |                1.566044 |               42.614215 |
 |    17 |                1.617578 |               44.016544 |
 |    18 |                1.634476 |               44.476365 |
 |    19 |                1.634476 |               44.476365 |
 |    20 |                1.702362 |               46.323616 |
 -------------------------------------------------------------


 -------------------------------------------------------------
   pp-RPA (N-2) calculation: alpha-alpha    manifold
 -------------------------------------------------------------
 | State |  Excitation energy (au) |  Excitation energy (eV) |
 -------------------------------------------------------------
 -------------------------------------------------------------

 -------------------------------------------------------------------------------
   One-shot G0T0 calculation (T-matrix self-energy)  
 -------------------------------------------------------------------------------
 |   # |       e_HF (eV) |    Sigma_T (eV) |               Z |       e_QP (eV) |
 -------------------------------------------------------------------------------
 |   1 |      -11.643964 |       -0.310437 |        0.986117 |      -11.950091 |
 |   2 |        0.403744 |       -0.427132 |        0.983196 |       -0.016211 |
 |   3 |        9.345587 |       -0.411394 |        0.986058 |        8.939928 |
 |   4 |       11.105030 |       -0.609836 |        0.976805 |       10.509339 |
 |   5 |       18.288794 |       -0.903508 |        0.974710 |       17.408135 |
 |   6 |       18.288794 |       -0.903508 |        0.974710 |       17.408135 |
 |   7 |       21.002794 |      411.712981 |        0.000016 |       21.009295 |
 |   8 |       24.912031 |       -1.259070 |        0.945602 |       23.721452 |
 |   9 |       24.912031 |       -1.259070 |        0.945602 |       23.721452 |
 |  10 |       35.047656 |       -2.041566 |        0.816892 |       33.379918 |
 |  11 |       48.109601 |       -1.503616 |        0.777529 |       46.940496 |
 |  12 |       51.245030 |       -1.485425 |        0.809312 |       50.042857 |
 |  13 |       84.716127 |       -1.001777 |        0.287810 |       84.427805 |
 |  14 |       87.145121 |       -1.023411 |        0.881185 |       86.243306 |
 |  15 |       87.145121 |       -1.023411 |        0.881185 |       86.243306 |
 |  16 |       92.515585 |       -1.774246 |        0.936122 |       90.854675 |
 |  17 |       92.515585 |       -1.774246 |        0.936122 |       90.854675 |
 |  18 |       94.716035 |       -2.030650 |        0.920138 |       92.847556 |
 |  19 |       94.716035 |       -2.030650 |        0.920138 |       92.847556 |
 |  20 |      100.646172 |       -2.777647 |        0.821724 |       98.363712 |
 |  21 |      100.646172 |       -2.777647 |        0.821724 |       98.363712 |
 |  22 |      104.841407 |       -2.372430 |        0.886957 |      102.737164 |
 |  23 |      104.841407 |       -2.372430 |        0.886957 |      102.737164 |
 |  24 |      106.454788 |      177.709629 |        0.000060 |      106.465404 |
 |  25 |      109.253821 |        2.818124 |        0.021056 |      109.313160 |
 |  26 |      109.253821 |        2.818124 |        0.021056 |      109.313160 |
 |  27 |      112.570522 |       -2.588764 |        0.873103 |      110.310266 |
 |  28 |      127.581497 |       -1.732316 |        0.626096 |      126.496901 |
 |  29 |      128.238369 |       -1.679467 |        0.835927 |      126.834458 |
 |  30 |      132.700812 |       -4.959145 |        0.290990 |      131.257752 |
 -------------------------------------------------------------------------------
             G0T0 HOMO      energy (eV)            =     -11.950091 eV
             G0T0 LUMO      energy (eV)            =      -0.016211 eV
             G0T0 HOMO-LUMO gap    (eV)            =      11.933880 eV
 -------------------------------------------------------------------------------
        Tr@ppRPA@G0T0 correlation energy (singlet) =       -0.0226409301 au
        Tr@ppRPA@G0T0 correlation energy (triplet) =        0.0000000000 au
        Tr@ppRPA@G0T0 correlation energy           =       -0.0226409301 au
        Tr@ppRPA@G0T0 total energy                 =       -1.0090572349 au
              GM@G0T0 correlation energy           =       -0.0349938442 au
              GM@G0T0 total energy                 =       -1.0214101490 au
 -------------------------------------------------------------------------------


 -------------------------------------------------------------
   BSE@GT       calculation: singlet        manifold
 -------------------------------------------------------------
 | State |  Excitation energy (au) |  Excitation energy (eV) |
 -------------------------------------------------------------
 |     1 |                0.282887 |                7.697746 |
 |     2 |                0.529094 |               14.397392 |
 |     3 |                0.585885 |               15.942748 |
 |     4 |                0.789428 |               21.481425 |
 |     5 |                0.789428 |               21.481425 |
 |     6 |                0.889228 |               24.197136 |
 |     7 |                0.978845 |               26.635736 |
 |     8 |                0.978845 |               26.635736 |
 |     9 |                1.326553 |               36.097336 |
 |    10 |                1.813048 |               49.335536 |
 |    11 |                1.926154 |               52.413308 |
 |    12 |                3.112480 |               84.694891 |
 |    13 |                3.189132 |               86.780698 |
 |    14 |                3.189132 |               86.780698 |
 |    15 |                3.356089 |               91.323843 |
 |    16 |                3.356089 |               91.323843 |
 |    17 |                3.426056 |               93.227727 |
 |    18 |                3.426056 |               93.227727 |
 |    19 |                3.605495 |               98.110515 |
 |    20 |                3.605495 |               98.110515 |
 -------------------------------------------------------------

 ---------------------------------------------------------------
                 Transition dipole moment (au)                  
 ---------------------------------------------------------------
  #           X           Y           Z   dip. str.   osc. str.
 ---------------------------------------------------------------
  1    0.000000   -0.000000    2.307356    5.323890    1.004039
  2   -0.000000   -0.000000    0.000000    0.000000    0.000000
  3    0.000000    0.000000   -0.068874    0.004744    0.001853
  4    0.770419    1.018831    0.000000    1.631562    0.858667
  5    1.018831   -0.770419   -0.000000    1.631562    0.858667
  6    0.000000    0.000000    0.000000    0.000000    0.000000
  7   -0.000000   -0.000000   -0.000000    0.000000    0.000000
  8    0.000000   -0.000000   -0.000000    0.000000    0.000000
  9   -0.000000   -0.000000   -0.242383    0.058749    0.051956
 10   -0.000000   -0.000000   -0.000000    0.000000    0.000000
 ---------------------------------------------------------------

 -------------------------------------------------------------
 Excitation n.   1:   7.697746 eV  f = 1.0040  <S**2> = 0.0000
 -------------------------------------------------------------
  1 ->   2 =   0.706882

 -------------------------------------------------------------
 Excitation n.   2:  14.397392 eV  f = 0.0000  <S**2> = 0.0000
 -------------------------------------------------------------
  1 ->   3 =   0.707046

 -------------------------------------------------------------
 Excitation n.   3:  15.942748 eV  f = 0.0019  <S**2> = 0.0000
 -------------------------------------------------------------
  1 ->   4 =  -0.706396

 -------------------------------------------------------------
 Excitation n.   4:  21.481425 eV  f = 0.8587  <S**2> = 0.0000
 -------------------------------------------------------------
  1 ->   5 =   0.682187
  1 ->   6 =  -0.186410

 -------------------------------------------------------------
 Excitation n.   5:  21.481425 eV  f = 0.8587  <S**2> = 0.0000
 -------------------------------------------------------------
  1 ->   5 =   0.186410
  1 ->   6 =   0.682187

 -------------------------------------------------------------
 Excitation n.   6:  24.197136 eV  f = 0.0000  <S**2> = 0.0000
 -------------------------------------------------------------
  1 ->   7 =   0.706640

 -------------------------------------------------------------
 Excitation n.   7:  26.635736 eV  f = 0.0000  <S**2> = 0.0000
 -------------------------------------------------------------
  1 ->   8 =  -0.365194
  1 ->   9 =   0.605470

 -------------------------------------------------------------
 Excitation n.   8:  26.635736 eV  f = 0.0000  <S**2> = 0.0000
 -------------------------------------------------------------
  1 ->   8 =  -0.605470
  1 ->   9 =  -0.365194

 -------------------------------------------------------------
 Excitation n.   9:  36.097336 eV  f = 0.0520  <S**2> = 0.0000
 -------------------------------------------------------------
  1 ->  10 =  -0.706377

 -------------------------------------------------------------
 Excitation n.  10:  49.335536 eV  f = 0.0000  <S**2> = 0.0000
 -------------------------------------------------------------
  1 ->  11 =   0.706426

Thomas-Reiche-Kuhn sum rule =   2.775183


 *** dynamical TDA activated ***

 ---------------------------------------------------------------------------------------------------
  First-order dynamical correction to static Bethe-Salpeter excitation energies                     
 ---------------------------------------------------------------------------------------------------
  BSE neutral excitation must be lower than the GT gap =  11.933880 eV
 ---------------------------------------------------------------------------------------------------
      #          Static (eV)         Dynamic (eV)      Correction (eV)         Renorm. (eV)
 ---------------------------------------------------------------------------------------------------
      1            7.697746            7.704785            0.007038            0.999249
      2           14.397392           14.431765            0.034373            0.994447
      3           15.942748           16.030560            0.087813            0.991796
      4           21.481425           21.478406           -0.003019            1.001143
      5           21.481425           21.478406           -0.003019            1.001143
      6           24.197136           24.196079           -0.001056            0.963462
      7           26.635736           26.621120           -0.014616            0.994118
      8           26.635736           26.621120           -0.014616            0.994118
      9           36.097336           36.052462           -0.044875            0.992998
     10           49.335536           49.409692            0.074156            0.129585
 ---------------------------------------------------------------------------------------------------


 -------------------------------------------------------------
   BSE@GT       calculation: triplet        manifold
 -------------------------------------------------------------
 | State |  Excitation energy (au) |  Excitation energy (eV) |
 -------------------------------------------------------------
 |     1 |                0.047614 |                1.295638 |
 |     2 |                0.460514 |               12.531213 |
 |     3 |                0.524850 |               14.281892 |
 |     4 |                0.671697 |               18.277815 |
 |     5 |                0.671697 |               18.277815 |
 |     6 |                0.812536 |               22.110222 |
 |     7 |                0.925101 |               25.173283 |
 |     8 |                0.925101 |               25.173283 |
 |     9 |                1.282864 |               34.908517 |
 |    10 |                1.765190 |               48.033278 |
 |    11 |                1.884061 |               51.267912 |
 |    12 |                3.057393 |               83.195902 |
 |    13 |                3.140911 |               85.468531 |
 |    14 |                3.140911 |               85.468531 |
 |    15 |                3.314888 |               90.202685 |
 |    16 |                3.314888 |               90.202685 |
 |    17 |                3.388664 |               92.210234 |
 |    18 |                3.388664 |               92.210234 |
 |    19 |                3.558046 |               96.819351 |
 |    20 |                3.558046 |               96.819351 |
 -------------------------------------------------------------

 -------------------------------------------------------------
 Excitation n.   1:   1.295638 eV  f = 0.0000  <S**2> = 2.0000
 -------------------------------------------------------------
  1 ->   2 =   0.695527
  1 ->   4 =   0.158043
  1 <-   2 =   0.087948

 -------------------------------------------------------------
 Excitation n.   2:  12.531213 eV  f = 0.0000  <S**2> = 2.0000
 -------------------------------------------------------------
  1 ->   3 =  -0.704763

 -------------------------------------------------------------
 Excitation n.   3:  14.281892 eV  f = 0.0000  <S**2> = 2.0000
 -------------------------------------------------------------
  1 ->   2 =  -0.155451
  1 ->   4 =   0.688040

 -------------------------------------------------------------
 Excitation n.   4:  18.277815 eV  f = 0.0000  <S**2> = 2.0000
 -------------------------------------------------------------
  1 ->   5 =   0.684883
  1 ->   6 =   0.175926

 -------------------------------------------------------------
 Excitation n.   5:  18.277815 eV  f = 0.0000  <S**2> = 2.0000
 -------------------------------------------------------------
  1 ->   5 =  -0.175926
  1 ->   6 =   0.684883

 -------------------------------------------------------------
 Excitation n.   6:  22.110222 eV  f = 0.0000  <S**2> = 2.0000
 -------------------------------------------------------------
  1 ->   7 =   0.704304

 -------------------------------------------------------------
 Excitation n.   7:  25.173283 eV  f = 0.0000  <S**2> = 2.0000
 -------------------------------------------------------------
  1 ->   8 =  -0.650426
  1 ->   9 =   0.277118

 -------------------------------------------------------------
 Excitation n.   8:  25.173283 eV  f = 0.0000  <S**2> = 2.0000
 -------------------------------------------------------------
  1 ->   8 =  -0.277118
  1 ->   9 =  -0.650426

 -------------------------------------------------------------
 Excitation n.   9:  34.908517 eV  f = 0.0000  <S**2> = 2.0000
 -------------------------------------------------------------
  1 ->  10 =   0.705002

 -------------------------------------------------------------
 Excitation n.  10:  48.033278 eV  f = 0.0000  <S**2> = 2.0000
 -------------------------------------------------------------
  1 ->  11 =  -0.705417

Thomas-Reiche-Kuhn sum rule =   0.000000


 *** dynamical TDA activated ***

 ---------------------------------------------------------------------------------------------------
  First-order dynamical correction to static Bethe-Salpeter excitation energies                     
 ---------------------------------------------------------------------------------------------------
  BSE neutral excitation must be lower than the GT gap =  11.933880 eV
 ---------------------------------------------------------------------------------------------------
      #          Static (eV)         Dynamic (eV)      Correction (eV)         Renorm. (eV)
 ---------------------------------------------------------------------------------------------------
      1            1.295638            1.003816           -0.291823            1.007481
      2           12.531213           12.406681           -0.124532            1.009464
      3           14.281892           14.176134           -0.105758            1.007706
      4           18.277815           18.221557           -0.056257            1.008798
      5           18.277815           18.221557           -0.056257            1.008798
      6           22.110222           22.029497           -0.080725            1.035542
      7           25.173283           25.193423            0.020140            1.016443
      8           25.173283           25.193423            0.020140            1.016443
      9           34.908517           35.105911            0.197394            1.026579
     10           48.033278           48.045415            0.012137            1.259838
 ---------------------------------------------------------------------------------------------------


 -------------------------------------------------------------------------------
          Tr@BSE@G0T0 correlation energy (singlet) =       -0.0017085755 au
          Tr@BSE@G0T0 correlation energy (triplet) =       -0.0028716173 au
          Tr@BSE@G0T0 correlation energy           =       -0.0045801928 au
          Tr@BSE@G0T0 total energy                 =       -0.9909964976 au
 -------------------------------------------------------------------------------

                                       Total CPU time for G0T0 =     11.454 seconds

                                      Total CPU time for QuAcK =     25.413 seconds

