78 significant shell pairs computed in 0.000040 seconds
0
Computed Electron repulsion integrals Integrals in parallel in 0.114665 seconds

 ******************************************************************************************
 *            QuAcK                       QuAcK                         QuAcK             *
 *   __        __        __       __        __        __       __        __        __     *
 * <(o )___  <(o )___  <(o )___ <(o )___  <(o )___  <(o )___ <(o )___  <(o )___  <(o )___ *
 * ( ._> /   ( ._> /   ( ._> /  ( ._> /   ( ._> /   ( ._> /  ( ._> /   ( ._> /   ( ._> /  *
 *|--------------------------------------------------------------------------------------|*
 ******************************************************************************************

      ----------------------
             Number of atoms                2
      ----------------------

      ----------------------
Number of spin-up   electron                1
Number of spin-down electron                1
    Total number of electron                2
      ----------------------

      ----------------------
Number of core      electron                0
Number of Rydberg   electron                0
      ----------------------

          ------------------
          Molecular geometry
          ------------------
                    Atom n.                 1
                        Z =      1.0000000000
           Atom coordinates:     0.0000000000    0.0000000000    0.0000000000
                    Atom n.                 2
                        Z =      1.0000000000
           Atom coordinates:     0.0000000000    0.0000000000    1.8897261255

          ------------------
 Nuclear repulsion energy =      0.5291772107
          ------------------

          Gaussian basis set
          ------------------
                    Atom n.                 1
           number of shells                 6
          ------------------
      s-type shell with K =                 5
                                    Exponents     Contraction
                                33.8700000000    0.0060680000
                                 5.0950000000    0.0453080000
                                 1.1590000000    0.2028220000
                                 0.3258000000    0.5039030000
                                 0.1027000000    0.3834210000
      s-type shell with K =                 1
                                    Exponents     Contraction
                                 0.3258000000    1.0000000000
      s-type shell with K =                 1
                                    Exponents     Contraction
                                 0.1027000000    1.0000000000
      p-type shell with K =                 1
                                    Exponents     Contraction
                                 1.4070000000    1.0000000000
      p-type shell with K =                 1
                                    Exponents     Contraction
                                 0.3880000000    1.0000000000
      d-type shell with K =                 1
                                    Exponents     Contraction
                                 1.0570000000    1.0000000000
          ------------------
                    Atom n.                 2
           number of shells                 6
          ------------------
      s-type shell with K =                 5
                                    Exponents     Contraction
                                33.8700000000    0.0060680000
                                 5.0950000000    0.0453080000
                                 1.1590000000    0.2028220000
                                 0.3258000000    0.5039030000
                                 0.1027000000    0.3834210000
      s-type shell with K =                 1
                                    Exponents     Contraction
                                 0.3258000000    1.0000000000
      s-type shell with K =                 1
                                    Exponents     Contraction
                                 0.1027000000    1.0000000000
      p-type shell with K =                 1
                                    Exponents     Contraction
                                 1.4070000000    1.0000000000
      p-type shell with K =                 1
                                    Exponents     Contraction
                                 0.3880000000    1.0000000000
      d-type shell with K =                 1
                                    Exponents     Contraction
                                 1.0570000000    1.0000000000
          ------------------
            Number of shells               12
          ------------------

          ------------------
   Number of basis functions               30
          ------------------

 Scaling integrals by    1.0000000000000000     

                          Total CPU time for reading integrals =      0.040 seconds


 ************************************************
 |    Restricted Hartree-Fock calculation       |
 ************************************************


 ----------------------------------------------------
 | RHF calculation                                  |
 ----------------------------------------------------
 |   # |        HF energy |       Conv |     HL Gap |
 ----------------------------------------------------
 |   1 |    -0.4536280828 |   0.173139 |   0.178751 |
 |   2 |    -1.0798592022 |   0.244852 |   1.618918 |
 |   3 |    -1.1005618788 |   0.140449 |   1.643046 |
 |   4 |    -1.1051977124 |   0.082423 |   1.649525 |
 |   5 |    -1.1055456876 |   0.049852 |   1.650858 |
 |   6 |    -1.1048786600 |   0.030902 |   1.650764 |
 |   7 |    -1.1041173603 |   0.019490 |   1.650356 |
 |   8 |    -1.1034940478 |   0.012450 |   1.649957 |
 |   9 |    -1.1030361799 |   0.008056 |   1.649643 |
 |  10 |    -1.1027162280 |   0.005225 |   1.649417 |
 |  11 |    -1.1024985601 |   0.003395 |   1.649260 |
 |  12 |    -1.1023527757 |   0.002208 |   1.649154 |
 |  13 |    -1.1022560699 |   0.001436 |   1.649083 |
 |  14 |    -1.1021923106 |   0.000935 |   1.649036 |
 |  15 |    -1.1021504395 |   0.000609 |   1.649005 |
 |  16 |    -1.1021230141 |   0.000397 |   1.648984 |
 |  17 |    -1.1021050819 |   0.000258 |   1.648971 |
 |  18 |    -1.1020933705 |   0.000168 |   1.648962 |
 |  19 |    -1.1020857280 |   0.000110 |   1.648957 |
 |  20 |    -1.1020807433 |   0.000071 |   1.648953 |
 |  21 |    -1.1020774935 |   0.000046 |   1.648951 |
 |  22 |    -1.1020753752 |   0.000030 |   1.648949 |
 |  23 |    -1.1020739947 |   0.000020 |   1.648948 |
 |  24 |    -1.1020730952 |   0.000013 |   1.648947 |
 |  25 |    -1.1020725091 |   0.000008 |   1.648947 |
 |  26 |    -1.1020721273 |   0.000005 |   1.648947 |
 |  27 |    -1.1020718785 |   0.000004 |   1.648947 |
 |  28 |    -1.1020717165 |   0.000002 |   1.648946 |
 |  29 |    -1.1020716109 |   0.000002 |   1.648946 |
 |  30 |    -1.1020715421 |   0.000001 |   1.648946 |
 |  31 |    -1.1020714973 |   0.000001 |   1.648946 |
 |  32 |    -1.1020714681 |   0.000000 |   1.648946 |
 |  33 |    -1.1020714491 |   0.000000 |   1.648946 |
 |  34 |    -1.1020714368 |   0.000000 |   1.648946 |
 |  35 |    -1.1020714287 |   0.000000 |   1.648946 |
 |  36 |    -1.1020714356 |   0.000000 |   0.648946 |
 ----------------------------------------------------

         -----------------------------------------
           Summary              
         -----------------------------------------
           One-electron energy:     -2.2099421673 au
           Kinetic      energy:      0.9184434939 au
           Potential    energy:     -3.1283856613 au
         -----------------------------------------
           Two-electron energy:      0.5786935211 au
           Hartree      energy:      1.1573870421 au
           Exchange     energy:     -0.5786935211 au
         -----------------------------------------
           Electronic   energy:     -1.6312486463 au
           Nuclear   repulsion:      0.5291772107 au
           RHF          energy:     -1.1020714356 au
         -----------------------------------------
           HF HOMO      energy:        -14.320742 eV
           HF LUMO      energy:          3.337983 eV
           HF HOMO-LUMO gap   :         17.658725 eV
         -----------------------------------------
          Dipole moment (Debye)    
                   X         Y         Z      Tot.
            0.000000 -0.000000  0.000000  0.000000
         -----------------------------------------

           ---------------------------------------
                 MO coefficients
           ---------------------------------------
                 1              2              3              4              5
      1     0.67263153     0.53816138    -0.22489916     0.03265377     0.00000000
      2    -0.04895124    -0.36367676     1.28988130    -1.58108166     0.00000000
      3    -0.08034913     1.45537744    -0.89964869     2.08170832     0.00000000
      4     0.00000000     0.00000000     0.00000000     0.00000000    -0.03438584
      5     0.00000000     0.00000000     0.00000000     0.00000000     0.05025212
      6     0.00847369    -0.00862944     0.00794640     0.00643779     0.00000000
      7     0.00000000     0.00000000     0.00000000     0.00000000     0.34549813
      8     0.00000000     0.00000000     0.00000000     0.00000000    -0.50491754
      9     0.02250440     0.00072126     0.00315074     0.23054988     0.00000000
     10    -0.00244570     0.02789496    -0.10576574     0.10939148     0.00000000
     11     0.00000000     0.00000000     0.00000000     0.00000000     0.00000000
     12     0.00000000     0.00000000     0.00000000     0.00000000    -0.00825664
     13    -0.00244570     0.02789496    -0.10576574     0.10939148     0.00000000
     14     0.00000000     0.00000000     0.00000000     0.00000000     0.01206641
     15     0.00119265     0.03506118    -0.09667459     0.15336786     0.00000000
     16     0.67263153    -0.53816138    -0.22489916    -0.03265377     0.00000000
     17    -0.04895124     0.36367676     1.28988130     1.58108166     0.00000000
     18    -0.08034913    -1.45537744    -0.89964869    -2.08170832     0.00000000
     19     0.00000000     0.00000000     0.00000000     0.00000000    -0.03438584
     20     0.00000000     0.00000000     0.00000000     0.00000000     0.05025212
     21    -0.00847369    -0.00862944    -0.00794640     0.00643779     0.00000000
     22     0.00000000     0.00000000     0.00000000     0.00000000     0.34549813
     23     0.00000000     0.00000000     0.00000000     0.00000000    -0.50491754
     24    -0.02250440     0.00072126    -0.00315074     0.23054988     0.00000000
     25    -0.00244570    -0.02789496    -0.10576574    -0.10939148     0.00000000
     26     0.00000000     0.00000000     0.00000000     0.00000000     0.00000000
     27     0.00000000     0.00000000     0.00000000     0.00000000     0.00825664
     28    -0.00244570    -0.02789496    -0.10576574    -0.10939148     0.00000000
     29     0.00000000     0.00000000     0.00000000     0.00000000    -0.01206641
     30     0.00119265    -0.03506118    -0.09667459    -0.15336786     0.00000000
                 6              7              8              9             10
      1     0.00000000     0.37880317     0.00000000     0.00000000    -0.37674311
      2     0.00000000    -0.98394795     0.00000000     0.00000000    -3.44997073
      3     0.00000000     0.21146510     0.00000000     0.00000000    -0.58636746
      4    -0.05025212     0.00000000    -0.06566175    -0.06121968     0.00000000
      5    -0.03438584     0.00000000    -0.06121968     0.06566175     0.00000000
      6     0.00000000    -0.08871045     0.00000000     0.00000000     0.05470837
      7     0.50491754     0.00000000     0.79119737     0.73767225     0.00000000
      8     0.34549813     0.00000000     0.73767225    -0.79119737     0.00000000
      9     0.00000000     0.80554925     0.00000000     0.00000000    -3.19670982
     10     0.00000000     0.06062636     0.00000000     0.00000000     0.05480009
     11     0.00000000     0.00000000     0.00000000     0.00000000     0.00000000
     12    -0.01206641     0.00000000     0.01758546     0.01639579     0.00000000
     13     0.00000000     0.06062636     0.00000000     0.00000000     0.05480009
     14    -0.00825664     0.00000000     0.01639579    -0.01758546     0.00000000
     15     0.00000000     0.04646783     0.00000000     0.00000000    -0.28022979
     16     0.00000000     0.37880317     0.00000000     0.00000000     0.37674311
     17     0.00000000    -0.98394795     0.00000000     0.00000000     3.44997073
     18     0.00000000     0.21146510     0.00000000     0.00000000     0.58636746
     19    -0.05025212     0.00000000     0.06566175     0.06121968     0.00000000
     20    -0.03438584     0.00000000     0.06121968    -0.06566175     0.00000000
     21     0.00000000     0.08871045     0.00000000     0.00000000     0.05470837
     22     0.50491754     0.00000000    -0.79119737    -0.73767225     0.00000000
     23     0.34549813     0.00000000    -0.73767225     0.79119737     0.00000000
     24     0.00000000    -0.80554925     0.00000000     0.00000000    -3.19670982
     25     0.00000000     0.06062636     0.00000000     0.00000000    -0.05480009
     26     0.00000000     0.00000000     0.00000000     0.00000000     0.00000000
     27     0.01206641     0.00000000     0.01758546     0.01639579     0.00000000
     28     0.00000000     0.06062636     0.00000000     0.00000000    -0.05480009
     29     0.00825664     0.00000000     0.01639579    -0.01758546     0.00000000
     30     0.00000000     0.04646783     0.00000000     0.00000000     0.28022979
                11             12             13             14             15
      1    -4.59984468     5.20545055     0.00000000     0.00000000     0.00000000
      2     4.66835972    -7.69487099     0.00000000     0.00000000     0.00000000
      3     1.10163002    -0.69577606     0.00000000     0.00000000     0.00000000
      4     0.00000000     0.00000000     0.00000000     0.00000000    -0.12503153
      5     0.00000000     0.00000000     0.00000000     0.00000000    -0.31351753
      6    -0.04850330     0.00734366     0.00000000     0.00000000     0.00000000
      7     0.00000000     0.00000000     0.00000000     0.00000000     0.09384891
      8     0.00000000     0.00000000     0.00000000     0.00000000     0.23532687
      9     0.15117910    -1.41333791     0.00000000     0.00000000     0.00000000
     10    -0.52941535     0.60549813     0.00040220     0.57067323     0.00000000
     11     0.00000000     0.00000000     0.65895669    -0.00046442     0.00000000
     12     0.00000000     0.00000000     0.00000000     0.00000000    -0.19820716
     13    -0.52941535     0.60549813    -0.00040220    -0.57067323     0.00000000
     14     0.00000000     0.00000000     0.00000000     0.00000000    -0.49700598
     15    -0.54591806     0.53696611     0.00000000     0.00000000     0.00000000
     16    -4.59984468    -5.20545055     0.00000000     0.00000000     0.00000000
     17     4.66835972     7.69487099     0.00000000     0.00000000     0.00000000
     18     1.10163002     0.69577606     0.00000000     0.00000000     0.00000000
     19     0.00000000     0.00000000     0.00000000     0.00000000    -0.12503153
     20     0.00000000     0.00000000     0.00000000     0.00000000    -0.31351753
     21     0.04850330     0.00734366     0.00000000     0.00000000     0.00000000
     22     0.00000000     0.00000000     0.00000000     0.00000000     0.09384891
     23     0.00000000     0.00000000     0.00000000     0.00000000     0.23532687
     24    -0.15117910    -1.41333791     0.00000000     0.00000000     0.00000000
     25    -0.52941535    -0.60549813     0.00040220     0.57067323     0.00000000
     26     0.00000000     0.00000000     0.65895669    -0.00046442     0.00000000
     27     0.00000000     0.00000000     0.00000000     0.00000000     0.19820716
     28    -0.52941535    -0.60549813    -0.00040220    -0.57067323     0.00000000
     29     0.00000000     0.00000000     0.00000000     0.00000000     0.49700598
     30    -0.54591806    -0.53696611     0.00000000     0.00000000     0.00000000
                16             17             18             19             20
      1     0.00000000     0.78328274     0.00000000     0.00000000     0.00000000
      2     0.00000000    -0.90175219     0.00000000     0.00000000     0.00000000
      3     0.00000000    -0.15314968     0.00000000     0.00000000     0.00000000
      4    -0.31351753     0.00000000     0.00000000     0.00000000     0.31530474
      5     0.12503153     0.00000000     0.00000000     0.00000000    -0.76496392
      6     0.00000000    -0.76975237     0.00000000     0.00000000     0.00000000
      7     0.23532687     0.00000000     0.00000000     0.00000000    -0.14113552
      8    -0.09384891     0.00000000     0.00000000     0.00000000     0.34241027
      9     0.00000000     0.51647214     0.00000000     0.00000000     0.00000000
     10     0.00000000     0.16858959     0.00432168     0.66477577     0.00000000
     11     0.00000000     0.00000000     0.76761694    -0.00499024     0.00000000
     12    -0.49700598     0.00000000     0.00000000     0.00000000    -0.10980014
     13     0.00000000     0.16858959    -0.00432168    -0.66477577     0.00000000
     14     0.19820716     0.00000000     0.00000000     0.00000000     0.26638720
     15     0.00000000    -0.03957934     0.00000000     0.00000000     0.00000000
     16     0.00000000     0.78328274     0.00000000     0.00000000     0.00000000
     17     0.00000000    -0.90175219     0.00000000     0.00000000     0.00000000
     18     0.00000000    -0.15314968     0.00000000     0.00000000     0.00000000
     19    -0.31351753     0.00000000     0.00000000     0.00000000     0.31530474
     20     0.12503153     0.00000000     0.00000000     0.00000000    -0.76496392
     21     0.00000000     0.76975237     0.00000000     0.00000000     0.00000000
     22     0.23532687     0.00000000     0.00000000     0.00000000    -0.14113552
     23    -0.09384891     0.00000000     0.00000000     0.00000000     0.34241027
     24     0.00000000    -0.51647214     0.00000000     0.00000000     0.00000000
     25     0.00000000     0.16858959    -0.00432168    -0.66477577     0.00000000
     26     0.00000000     0.00000000    -0.76761694     0.00499024     0.00000000
     27     0.49700598     0.00000000     0.00000000     0.00000000     0.10980014
     28     0.00000000     0.16858959     0.00432168     0.66477577     0.00000000
     29    -0.19820716     0.00000000     0.00000000     0.00000000    -0.26638720
     30     0.00000000    -0.03957934     0.00000000     0.00000000     0.00000000
                21             22             23             24             25
      1     0.00000000    -0.41080008     0.00000000     0.00000000    -0.28918350
      2     0.00000000     2.45347988     0.00000000     0.00000000     1.83758235
      3     0.00000000     0.69666344     0.00000000     0.00000000    -0.19626524
      4    -0.76496392     0.00000000    -0.75738156    -0.39469128     0.00000000
      5    -0.31530474     0.00000000    -0.39469128     0.75738156     0.00000000
      6     0.00000000    -0.33036342     0.00000000     0.00000000    -0.31615731
      7     0.34241027     0.00000000     0.70507093     0.36743085     0.00000000
      8     0.14113552     0.00000000     0.36743085    -0.70507093     0.00000000
      9     0.00000000     2.42801973     0.00000000     0.00000000     0.36826273
     10     0.00000000    -0.08052705     0.00000000     0.00000000    -1.07827555
     11     0.00000000     0.00000000     0.00000000     0.00000000     0.00000000
     12     0.26638720     0.00000000     0.31504897     0.16418023     0.00000000
     13     0.00000000    -0.08052705     0.00000000     0.00000000    -1.07827555
     14     0.10980014     0.00000000     0.16418023    -0.31504897     0.00000000
     15     0.00000000     1.31603418     0.00000000     0.00000000    -0.20905087
     16     0.00000000     0.41080008     0.00000000     0.00000000    -0.28918350
     17     0.00000000    -2.45347988     0.00000000     0.00000000     1.83758235
     18     0.00000000    -0.69666344     0.00000000     0.00000000    -0.19626524
     19    -0.76496392     0.00000000     0.75738156     0.39469128     0.00000000
     20    -0.31530474     0.00000000     0.39469128    -0.75738156     0.00000000
     21     0.00000000    -0.33036342     0.00000000     0.00000000     0.31615731
     22     0.34241027     0.00000000    -0.70507093    -0.36743085     0.00000000
     23     0.14113552     0.00000000    -0.36743085     0.70507093     0.00000000
     24     0.00000000     2.42801973     0.00000000     0.00000000    -0.36826273
     25     0.00000000     0.08052705     0.00000000     0.00000000    -1.07827555
     26     0.00000000     0.00000000     0.00000000     0.00000000     0.00000000
     27    -0.26638720     0.00000000     0.31504897     0.16418023     0.00000000
     28     0.00000000     0.08052705     0.00000000     0.00000000    -1.07827555
     29    -0.10980014     0.00000000     0.16418023    -0.31504897     0.00000000
     30     0.00000000    -1.31603418     0.00000000     0.00000000    -0.20905087
                26             27             28             29             30
      1    -0.62702969     0.00000000     0.00000000     2.50093002    -0.87670958
      2    -3.53095774     0.00000000     0.00000000    -0.52357442    -0.78758344
      3     0.88277053     0.00000000     0.00000000    -1.14815445     0.02823221
      4     0.00000000    -0.06233455    -0.33509252     0.00000000     0.00000000
      5     0.00000000    -0.33509252     0.06233455     0.00000000     0.00000000
      6     0.01507692     0.00000000     0.00000000     0.49095337    -1.33483284
      7     0.00000000    -0.05669627    -0.30478276     0.00000000     0.00000000
      8     0.00000000    -0.30478276     0.05669627     0.00000000     0.00000000
      9    -1.23544087     0.00000000     0.00000000    -0.44537743    -1.51429334
     10     1.09095349     0.00000000     0.00000000    -0.12892319     0.00032238
     11     0.00000000     0.00000000     0.00000000     0.00000000     0.00000000
     12     0.00000000    -0.18814318    -1.01140338     0.00000000     0.00000000
     13     1.09095349     0.00000000     0.00000000    -0.12892319     0.00032238
     14     0.00000000    -1.01140338     0.18814318     0.00000000     0.00000000
     15     0.36201011     0.00000000     0.00000000    -1.00193812    -1.90836638
     16     0.62702969     0.00000000     0.00000000     2.50093002     0.87670958
     17     3.53095774     0.00000000     0.00000000    -0.52357442     0.78758344
     18    -0.88277053     0.00000000     0.00000000    -1.14815445    -0.02823221
     19     0.00000000     0.06233455     0.33509252     0.00000000     0.00000000
     20     0.00000000     0.33509252    -0.06233455     0.00000000     0.00000000
     21     0.01507692     0.00000000     0.00000000    -0.49095337    -1.33483284
     22     0.00000000     0.05669627     0.30478276     0.00000000     0.00000000
     23     0.00000000     0.30478276    -0.05669627     0.00000000     0.00000000
     24    -1.23544087     0.00000000     0.00000000     0.44537743    -1.51429334
     25    -1.09095349     0.00000000     0.00000000    -0.12892319    -0.00032238
     26     0.00000000     0.00000000     0.00000000     0.00000000     0.00000000
     27     0.00000000    -0.18814318    -1.01140338     0.00000000     0.00000000
     28    -1.09095349     0.00000000     0.00000000    -0.12892319    -0.00032238
     29     0.00000000    -1.01140338     0.18814318     0.00000000     0.00000000
     30    -0.36201011     0.00000000     0.00000000    -1.00193812     1.90836638

           ---------------------------------------
                     MO energies
           ---------------------------------------
                 1
      1    -0.52627756
      2     0.12266863
      3     0.30139219
      4     0.51698046
      5     0.67164703
      6     0.67164703
      7     1.00239973
      8     1.06297210
      9     1.06297210
     10     1.47220492
     11     1.74813384
     12     1.94363953
     13     3.20674051
     14     3.20674051
     15     3.22628732
     16     3.22628732
     17     3.43698897
     18     3.82278449
     19     3.82278449
     20     3.94278304
     21     3.94278304
     22     3.94423456
     23     4.00304538
     24     4.00304538
     25     4.61300314
     26     4.80308508
     27     4.91000574
     28     4.91000574
     29     5.07421931
     30     6.84439789

                                        Total CPU time for RHF =      0.574 seconds


 AO to MO transformation... Please be patient

                    Total CPU time for AO to MO transformation =      1.601 seconds


 ******************************************************
 | Configuration Interaction with Singles and Doubles |
 ******************************************************

 nS =          116
 nD =         1653
 nH =         1770

 00 block  done...
 0S blocks done...
 0D blocks done...
 SS block  done...
 SD blocks done...
 DD block  done...

 Diagonalizing CISD matrix...

 CISD energies (au)
                 1
      1    -1.67505482
      2    -1.40951750
      3    -1.40951750
      4    -1.40951750
      5    -1.25501483
      6    -1.16222640
      7    -1.16222640
      8    -1.16222640
      9    -1.08612354
     10    -1.00136480
     11    -1.00136480
     12    -1.00136480
     13    -0.94221860
     14    -0.94221860
     15    -0.94221860
     16    -0.94221860
     17    -0.94221860
     18    -0.94221860
     19    -0.90570360
     20    -0.89534757
     21    -0.80549186
     22    -0.80549186
     23    -0.70041795
     24    -0.70041795
     25    -0.70041795
     26    -0.64242573
     27    -0.58759539
     28    -0.58759539
     29    -0.58745777
     30    -0.58745777
     31    -0.58745777
     32    -0.56051802
     33    -0.56051802
     34    -0.56051802
     35    -0.53237939
     36    -0.53237939
     37    -0.53237939
     38    -0.53237939
     39    -0.53237939
     40    -0.53237939
     41    -0.51845178
     42    -0.47916351
     43    -0.47916351
     44    -0.47916351
     45    -0.47916351
     46    -0.47916351
     47    -0.47916351
     48    -0.43097516
     49    -0.37191592
     50    -0.33409615
     51    -0.33409615

 CISD excitation energies (eV)
                 1
      1     7.22563850
      2     7.22563850
      3     7.22563850
      4    11.42987013
      5    13.95477192
      6    13.95477192
      7    13.95477192
      8    16.02563624
      9    18.33203911
     10    18.33203911
     11    18.33203911
     12    19.94148921
     13    19.94148921
     14    19.94148921
     15    19.94148921
     16    19.94148921
     17    19.94148921
     18    20.93511310
     19    21.21691494
     20    23.66201323
     21    23.66201323
     22    26.52122006
     23    26.52122006
     24    26.52122006
     25    28.09926871
     26    29.59127831
     27    29.59127831
     28    29.59502299
     29    29.59502299
     30    29.59502299
     31    30.32809096
     32    30.32809096
     33    30.32809096
     34    31.09378208
     35    31.09378208
     36    31.09378208
     37    31.09378208
     38    31.09378208
     39    31.09378208
     40    31.47277187
     41    32.54185990
     42    32.54185990
     43    32.54185990
     44    32.54185990
     45    32.54185990
     46    32.54185990
     47    33.85313184
     48    35.46021568
     49    36.48934382
     50    36.48934382

                                       Total CPU time for CISD =     11.887 seconds


 ************************************************
 |          One-shot G0W0 calculation           |
 ************************************************


 -------------------------------------------------------------
   RPA@HF       calculation: singlet        manifold
 -------------------------------------------------------------
 | State |  Excitation energy (au) |  Excitation energy (eV) |
 -------------------------------------------------------------
 |     1 |                0.731455 |               19.903898 |
 |     2 |                0.913303 |               24.852232 |
 |     3 |                1.211174 |               32.957710 |
 |     4 |                1.349119 |               36.711388 |
 |     5 |                1.349119 |               36.711388 |
 |     6 |                1.628243 |               44.306747 |
 |     7 |                1.656191 |               45.067264 |
 |     8 |                1.656191 |               45.067264 |
 |     9 |                2.053688 |               55.883703 |
 |    10 |                2.380913 |               64.787949 |
 |    11 |                2.565649 |               69.814876 |
 |    12 |                3.813557 |              103.772179 |
 |    13 |                3.813557 |              103.772179 |
 |    14 |                3.866421 |              105.210664 |
 |    15 |                3.866421 |              105.210664 |
 |    16 |                4.097755 |              111.505591 |
 |    17 |                4.406497 |              119.906900 |
 |    18 |                4.406497 |              119.906900 |
 |    19 |                4.538305 |              123.493559 |
 |    20 |                4.550754 |              123.832312 |
 -------------------------------------------------------------

  *** Quasiparticle energies obtained by linearization *** 

 -------------------------------------------------------------------------------
   One-shot G0W0 calculation
 -------------------------------------------------------------------------------
 |   # |       e_HF (eV) |      Sig_c (eV) |               Z |       e_QP (eV) |
 -------------------------------------------------------------------------------
 |   1 |      -14.320742 |       -0.520961 |        0.954062 |      -14.817771 |
 |   2 |        3.337983 |       -0.347666 |        0.984439 |        2.995727 |
 |   3 |        8.201299 |       -0.350691 |        0.988804 |        7.854535 |
 |   4 |       14.067755 |       -1.031650 |        0.958454 |       13.078966 |
 |   5 |       18.276447 |       -0.893000 |        0.974344 |       17.406357 |
 |   6 |       18.276447 |       -0.893000 |        0.974344 |       17.406357 |
 |   7 |       27.276686 |       -1.102456 |        0.818948 |       26.373832 |
 |   8 |       28.924944 |       -1.524106 |        0.917042 |       27.527275 |
 |   9 |       28.924944 |       -1.524106 |        0.917042 |       27.527275 |
 |  10 |       40.060737 |       -1.166316 |        0.448012 |       39.538213 |
 |  11 |       47.569145 |        1.469057 |        0.129133 |       47.758849 |
 |  12 |       52.889126 |       -1.533818 |        0.891789 |       51.521283 |
 |  13 |       87.259854 |       -1.099761 |        0.938747 |       86.227456 |
 |  14 |       87.259854 |       -1.099761 |        0.938747 |       86.227456 |
 |  15 |       87.791750 |       -1.229238 |        0.862749 |       86.731225 |
 |  16 |       87.791750 |       -1.229238 |        0.862749 |       86.731225 |
 |  17 |       93.525234 |        1.348020 |        0.330606 |       93.970896 |
 |  18 |      104.023265 |       -3.440724 |        0.627093 |      101.865609 |
 |  19 |      104.023265 |       -3.440724 |        0.627093 |      101.865609 |
 |  20 |      107.288591 |       -2.170444 |        0.882252 |      105.373714 |
 |  21 |      107.288591 |       -2.170444 |        0.882252 |      105.373714 |
 |  22 |      107.328089 |       -1.510013 |        0.728880 |      106.227471 |
 |  23 |      108.928413 |       -2.140762 |        0.463277 |      107.936648 |
 |  24 |      108.928413 |       -2.140762 |        0.463277 |      107.936648 |
 |  25 |      125.526209 |       -0.622000 |        0.470515 |      125.233549 |
 |  26 |      130.698602 |       -2.380697 |        0.761486 |      128.885735 |
 |  27 |      133.608062 |       -7.125982 |        0.018840 |      133.473808 |
 |  28 |      133.608062 |       -7.125982 |        0.018840 |      133.473808 |
 |  29 |      138.076540 |       -2.521772 |        0.025251 |      138.012863 |
 |  30 |      186.245553 |       -0.457431 |        0.887112 |      185.839760 |
 -------------------------------------------------------------------------------
          G0W0 HOMO      energy:     -14.817771 eV
          G0W0 LUMO      energy:       2.995727 eV
          G0W0 HOMO-LUMO gap   :      17.813498 eV
 -------------------------------------------------------------------------------
    RPA@G0W0 total energy      :      -1.157663 au
    RPA@G0W0 correlation energy:      -0.055591 au
    GM@G0W0  total energy      :      -1.204194 au
    GM@G0W0  correlation energy:      -0.102123 au
 -------------------------------------------------------------------------------


 -------------------------------------------------------------
   BSE@GW       calculation: singlet        manifold
 -------------------------------------------------------------
 | State |  Excitation energy (au) |  Excitation energy (eV) |
 -------------------------------------------------------------
 |     1 |                0.422394 |               11.493919 |
 |     2 |                0.608241 |               16.551078 |
 |     3 |                0.781465 |               21.264744 |
 |     4 |                0.885316 |               24.090671 |
 |     5 |                0.885316 |               24.090671 |
 |     6 |                1.185367 |               32.255471 |
 |     7 |                1.203252 |               32.742160 |
 |     8 |                1.203252 |               32.742160 |
 |     9 |                1.650883 |               44.922813 |
 |    10 |                1.957640 |               53.270087 |
 |    11 |                2.092254 |               56.933121 |
 |    12 |                3.273902 |               89.087421 |
 |    13 |                3.273902 |               89.087421 |
 |    14 |                3.298765 |               89.763969 |
 |    15 |                3.298765 |               89.763969 |
 |    16 |                3.576621 |               97.324806 |
 |    17 |                3.835233 |              104.362019 |
 |    18 |                3.835233 |              104.362019 |
 |    19 |                3.969896 |              108.026385 |
 |    20 |                3.969896 |              108.026385 |
 -------------------------------------------------------------

 ---------------------------------------------------------------
                 Transition dipole moment (au)                  
 ---------------------------------------------------------------
  #           X           Y           Z   dip. str.   osc. str.
 ---------------------------------------------------------------
  1   -0.000000    0.000000    1.408489    1.983840    0.558641
  2   -0.000000   -0.000000    0.000000    0.000000    0.000000
  3   -0.000000    0.000000   -0.397275    0.157827    0.082224
  4    0.740262   -0.886585   -0.000000    1.334021    0.787353
  5   -0.886585   -0.740262   -0.000000    1.334021    0.787353
  6   -0.000000   -0.000000    0.000000    0.000000    0.000000
  7    0.000000    0.000000   -0.000000    0.000000    0.000000
  8   -0.000000    0.000000    0.000000    0.000000    0.000000
  9    0.000000   -0.000000   -0.063841    0.004076    0.004486
 10    0.000000    0.000000   -0.000000    0.000000    0.000000
 ---------------------------------------------------------------

 -------------------------------------------------------------
 Excitation n.   1:  11.493919 eV  f = 0.5586  <S**2> = 0.0000
 -------------------------------------------------------------
  1 ->   2 =  -0.712985
  1 <-   2 =   0.073217

 -------------------------------------------------------------
 Excitation n.   2:  16.551078 eV  f = 0.0000  <S**2> = 0.0000
 -------------------------------------------------------------
  1 ->   3 =  -0.708153

 -------------------------------------------------------------
 Excitation n.   3:  21.264744 eV  f = 0.0822  <S**2> = 0.0000
 -------------------------------------------------------------
  1 ->   4 =  -0.711579

 -------------------------------------------------------------
 Excitation n.   4:  24.090671 eV  f = 0.7874  <S**2> = 0.0000
 -------------------------------------------------------------
  1 ->   5 =   0.705043

 -------------------------------------------------------------
 Excitation n.   5:  24.090671 eV  f = 0.7874  <S**2> = 0.0000
 -------------------------------------------------------------
  1 ->   6 =  -0.705043

 -------------------------------------------------------------
 Excitation n.   6:  32.255471 eV  f = 0.0000  <S**2> = 0.0000
 -------------------------------------------------------------
  1 ->   7 =   0.706850

 -------------------------------------------------------------
 Excitation n.   7:  32.742160 eV  f = 0.0000  <S**2> = 0.0000
 -------------------------------------------------------------
  1 ->   8 =  -0.706278

 -------------------------------------------------------------
 Excitation n.   8:  32.742160 eV  f = 0.0000  <S**2> = 0.0000
 -------------------------------------------------------------
  1 ->   9 =   0.706278

 -------------------------------------------------------------
 Excitation n.   9:  44.922813 eV  f = 0.0045  <S**2> = 0.0000
 -------------------------------------------------------------
  1 ->  10 =   0.706767

 -------------------------------------------------------------
 Excitation n.  10:  53.270087 eV  f = 0.0000  <S**2> = 0.0000
 -------------------------------------------------------------
  1 ->  11 =   0.706778

Thomas-Reiche-Kuhn sum rule =   2.220057


 *** dynamical TDA activated ***

 ---------------------------------------------------------------------------------------------------
  First-order dynamical correction to static Bethe-Salpeter excitation energies                     
 ---------------------------------------------------------------------------------------------------
  BSE neutral excitation must be lower than the GW gap =  17.813498 eV
 ---------------------------------------------------------------------------------------------------
      #          Static (eV)         Dynamic (eV)      Correction (eV)         Renorm. (eV)
 ---------------------------------------------------------------------------------------------------
      1           11.493919           11.409406           -0.084513            1.011227
      2           16.551078           16.469170           -0.081908            1.011204
      3           21.264744           21.077561           -0.187183            1.022869
      4           24.090671           23.853034           -0.237637            1.022495
      5           24.090671           23.853034           -0.237637            1.022495
      6           32.255471           32.039966           -0.215505            1.018370
      7           32.742160           32.549433           -0.192727            1.014456
      8           32.742160           32.549433           -0.192727            1.014456
      9           44.922813           44.723983           -0.198830            1.021087
     10           53.270087           52.968418           -0.301669            1.023525
 ---------------------------------------------------------------------------------------------------


 -------------------------------------------------------------
   BSE@GW       calculation: triplet        manifold
 -------------------------------------------------------------
 | State |  Excitation energy (au) |  Excitation energy (eV) |
 -------------------------------------------------------------
 |     1 |                0.261419 |                7.113583 |
 |     2 |                0.503418 |               13.698703 |
 |     3 |                0.657319 |               17.886573 |
 |     4 |                0.722621 |               19.663514 |
 |     5 |                0.722621 |               19.663514 |
 |     6 |                1.084103 |               29.499954 |
 |     7 |                1.133119 |               30.833752 |
 |     8 |                1.133119 |               30.833752 |
 |     9 |                1.595939 |               43.427701 |
 |    10 |                1.851261 |               50.375390 |
 |    11 |                2.005757 |               54.579437 |
 |    12 |                3.184874 |               86.664842 |
 |    13 |                3.184874 |               86.664842 |
 |    14 |                3.192531 |               86.873186 |
 |    15 |                3.192531 |               86.873186 |
 |    16 |                3.443961 |               93.714955 |
 |    17 |                3.777429 |              102.789069 |
 |    18 |                3.777429 |              102.789069 |
 |    19 |                3.889015 |              105.825490 |
 |    20 |                3.889015 |              105.825490 |
 -------------------------------------------------------------

 -------------------------------------------------------------
 Excitation n.   1:   7.113583 eV  f = 0.0000  <S**2> = 2.0000
 -------------------------------------------------------------
  1 ->   2 =  -0.672542
  1 ->   4 =   0.235286
  1 <-   2 =  -0.073502

 -------------------------------------------------------------
 Excitation n.   2:  13.698703 eV  f = 0.0000  <S**2> = 2.0000
 -------------------------------------------------------------
  1 ->   3 =   0.704926

 -------------------------------------------------------------
 Excitation n.   3:  17.886573 eV  f = 0.0000  <S**2> = 2.0000
 -------------------------------------------------------------
  1 ->   2 =   0.231298
  1 ->   4 =   0.666361

 -------------------------------------------------------------
 Excitation n.   4:  19.663514 eV  f = 0.0000  <S**2> = 2.0000
 -------------------------------------------------------------
  1 ->   5 =  -0.634893
  1 ->   6 =  -0.312400

 -------------------------------------------------------------
 Excitation n.   5:  19.663514 eV  f = 0.0000  <S**2> = 2.0000
 -------------------------------------------------------------
  1 ->   5 =   0.312400
  1 ->   6 =  -0.634893

 -------------------------------------------------------------
 Excitation n.   6:  29.499954 eV  f = 0.0000  <S**2> = 2.0000
 -------------------------------------------------------------
  1 ->   7 =  -0.704974

 -------------------------------------------------------------
 Excitation n.   7:  30.833752 eV  f = 0.0000  <S**2> = 2.0000
 -------------------------------------------------------------
  1 ->   8 =   0.706878

 -------------------------------------------------------------
 Excitation n.   8:  30.833752 eV  f = 0.0000  <S**2> = 2.0000
 -------------------------------------------------------------
  1 ->   9 =  -0.706878

 -------------------------------------------------------------
 Excitation n.   9:  43.427701 eV  f = 0.0000  <S**2> = 2.0000
 -------------------------------------------------------------
  1 ->  10 =   0.704634

 -------------------------------------------------------------
 Excitation n.  10:  50.375390 eV  f = 0.0000  <S**2> = 2.0000
 -------------------------------------------------------------
  1 ->  11 =  -0.705353

Thomas-Reiche-Kuhn sum rule =   0.000000


 *** dynamical TDA activated ***

 ---------------------------------------------------------------------------------------------------
  First-order dynamical correction to static Bethe-Salpeter excitation energies                     
 ---------------------------------------------------------------------------------------------------
  BSE neutral excitation must be lower than the GW gap =  17.813498 eV
 ---------------------------------------------------------------------------------------------------
      #          Static (eV)         Dynamic (eV)      Correction (eV)         Renorm. (eV)
 ---------------------------------------------------------------------------------------------------
      1            7.113583            6.789065           -0.324518            1.015322
      2           13.698703           13.539020           -0.159683            1.010916
      3           17.886573           17.663858           -0.222715            1.008554
      4           19.663514           19.317395           -0.346119            1.017984
      5           19.663514           19.317395           -0.346119            1.017984
      6           29.499954           29.219351           -0.280603            1.014260
      7           30.833752           30.607154           -0.226598            1.013129
      8           30.833752           30.607154           -0.226598            1.013129
      9           43.427701           43.205279           -0.222421            0.980272
     10           50.375390           50.197620           -0.177771            0.959586
 ---------------------------------------------------------------------------------------------------


 -------------------------------------------------------------------------------
          Tr@BSE@G0W0 correlation energy (singlet) =       -0.0363753324
          Tr@BSE@G0W0 correlation energy (triplet) =       -0.0148521639
          Tr@BSE@G0W0 correlation energy           =       -0.0512274963
          Tr@BSE@G0W0 total energy                 =       -1.1532989319
 -------------------------------------------------------------------------------

                                       Total CPU time for G0W0 =      0.014 seconds


 ************************************************
 |          One-shot G0T0 calculation           |
 ************************************************


 -------------------------------------------------------------
   pp-RPA (N+2) calculation: alpha-beta     manifold
 -------------------------------------------------------------
 | State |  Excitation energy (au) |  Excitation energy (eV) |
 -------------------------------------------------------------
 |     1 |                0.529090 |               14.397262 |
 |     2 |                0.651815 |               17.736799 |
 |     3 |                0.715131 |               19.459710 |
 |     4 |                0.858084 |               23.349647 |
 |     5 |                0.893393 |               24.310472 |
 |     6 |                0.990757 |               26.959877 |
 |     7 |                1.069329 |               29.097923 |
 |     8 |                1.090397 |               29.671222 |
 |     9 |                1.090397 |               29.671222 |
 |    10 |                1.112842 |               30.281977 |
 |    11 |                1.112842 |               30.281977 |
 |    12 |                1.126528 |               30.654389 |
 |    13 |                1.272288 |               34.620709 |
 |    14 |                1.272288 |               34.620709 |
 |    15 |                1.284462 |               34.951986 |
 |    16 |                1.284462 |               34.951986 |
 |    17 |                1.402872 |               38.174104 |
 |    18 |                1.405672 |               38.250283 |
 |    19 |                1.470304 |               40.009023 |
 |    20 |                1.470304 |               40.009023 |
 -------------------------------------------------------------


 -------------------------------------------------------------
   pp-RPA (N-2) calculation: alpha-beta     manifold
 -------------------------------------------------------------
 | State |  Excitation energy (au) |  Excitation energy (eV) |
 -------------------------------------------------------------
 |     1 |               -1.610454 |              -43.822687 |
 -------------------------------------------------------------


 -------------------------------------------------------------
   pp-RPA (N+2) calculation: alpha-alpha    manifold
 -------------------------------------------------------------
 | State |  Excitation energy (au) |  Excitation energy (eV) |
 -------------------------------------------------------------
 |     1 |                0.651815 |               17.736799 |
 |     2 |                0.893393 |               24.310472 |
 |     3 |                1.069329 |               29.097923 |
 |     4 |                1.090397 |               29.671222 |
 |     5 |                1.090397 |               29.671222 |
 |     6 |                1.272288 |               34.620709 |
 |     7 |                1.272288 |               34.620709 |
 |     8 |                1.405672 |               38.250283 |
 |     9 |                1.470304 |               40.009023 |
 |    10 |                1.470304 |               40.009023 |
 |    11 |                1.541574 |               41.948365 |
 |    12 |                1.541574 |               41.948365 |
 |    13 |                1.586259 |               43.164301 |
 |    14 |                1.667000 |               45.361385 |
 |    15 |                1.667000 |               45.361385 |
 |    16 |                1.751392 |               47.657814 |
 |    17 |                1.855218 |               50.483047 |
 |    18 |                1.895151 |               51.569677 |
 |    19 |                1.914832 |               52.105228 |
 |    20 |                1.914832 |               52.105228 |
 -------------------------------------------------------------


 -------------------------------------------------------------
   pp-RPA (N-2) calculation: alpha-alpha    manifold
 -------------------------------------------------------------
 | State |  Excitation energy (au) |  Excitation energy (eV) |
 -------------------------------------------------------------
 -------------------------------------------------------------

 -------------------------------------------------------------------------------
   One-shot G0T0 calculation (T-matrix self-energy)  
 -------------------------------------------------------------------------------
 |   # |       e_HF (eV) |    Sigma_T (eV) |               Z |       e_QP (eV) |
 -------------------------------------------------------------------------------
 |   1 |      -14.320742 |       -0.163027 |        0.987395 |      -14.481713 |
 |   2 |        3.337983 |       -0.349609 |        0.991010 |        2.991518 |
 |   3 |        8.201299 |       -0.224811 |        0.994374 |        7.977753 |
 |   4 |       14.067755 |       -0.617209 |        0.983493 |       13.460734 |
 |   5 |       18.276447 |       -0.724426 |        0.984132 |       17.563515 |
 |   6 |       18.276447 |       -0.724426 |        0.984132 |       17.563515 |
 |   7 |       27.276686 |       -1.800093 |        0.602444 |       26.192232 |
 |   8 |       28.924944 |       -0.841878 |        0.972802 |       28.105963 |
 |   9 |       28.924944 |       -0.841878 |        0.972802 |       28.105963 |
 |  10 |       40.060737 |       -0.936206 |        0.938766 |       39.181858 |
 |  11 |       47.569145 |       -1.182028 |        0.926315 |       46.474214 |
 |  12 |       52.889126 |       -0.758614 |        0.680027 |       52.373248 |
 |  13 |       87.259854 |       -0.621486 |        0.876550 |       86.715091 |
 |  14 |       87.259854 |       -0.621486 |        0.876550 |       86.715091 |
 |  15 |       87.791750 |       -1.054980 |        0.937599 |       86.802601 |
 |  16 |       87.791750 |       -1.054980 |        0.937599 |       86.802601 |
 |  17 |       93.525234 |      -12.079731 |        0.010753 |       93.395336 |
 |  18 |      104.023265 |       -1.794096 |        0.904187 |      102.401066 |
 |  19 |      104.023265 |       -1.794096 |        0.904187 |      102.401066 |
 |  20 |      107.288591 |       -2.551779 |        0.484764 |      106.051582 |
 |  21 |      107.288591 |       -2.551779 |        0.484764 |      106.051582 |
 |  22 |      107.328089 |       -1.319994 |        0.817025 |      106.249621 |
 |  23 |      108.928413 |       -1.587759 |        0.896178 |      107.505499 |
 |  24 |      108.928413 |       -1.587759 |        0.896178 |      107.505499 |
 |  25 |      125.526209 |       -1.757882 |        0.328750 |      124.948305 |
 |  26 |      130.698602 |       -1.110560 |        0.721842 |      129.896953 |
 |  27 |      133.608062 |       -1.059671 |        0.048227 |      133.556957 |
 |  28 |      133.608062 |       -1.059671 |        0.048227 |      133.556957 |
 |  29 |      138.076540 |       -0.758463 |        0.430773 |      137.749815 |
 |  30 |      186.245553 |        1.799096 |        0.410303 |      186.983728 |
 -------------------------------------------------------------------------------
             G0T0 HOMO      energy (eV)            =     -14.481713 eV
             G0T0 LUMO      energy (eV)            =       2.991518 eV
             G0T0 HOMO-LUMO gap    (eV)            =      17.473231 eV
 -------------------------------------------------------------------------------
        Tr@ppRPA@G0T0 correlation energy (singlet) =       -0.0209498908 au
        Tr@ppRPA@G0T0 correlation energy (triplet) =        0.0000000000 au
        Tr@ppRPA@G0T0 correlation energy           =       -0.0209498908 au
        Tr@ppRPA@G0T0 total energy                 =       -1.1230213265 au
              GM@G0T0 correlation energy           =       -0.0339703191 au
              GM@G0T0 total energy                 =       -1.1360417547 au
 -------------------------------------------------------------------------------


 -------------------------------------------------------------
   BSE@GT       calculation: singlet        manifold
 -------------------------------------------------------------
 | State |  Excitation energy (au) |  Excitation energy (eV) |
 -------------------------------------------------------------
 |     1 |                0.415015 |               11.293144 |
 |     2 |                0.574367 |               15.629330 |
 |     3 |                0.753306 |               20.498509 |
 |     4 |                0.848594 |               23.091416 |
 |     5 |                0.848594 |               23.091416 |
 |     6 |                1.128079 |               30.696593 |
 |     7 |                1.182727 |               32.183636 |
 |     8 |                1.182727 |               32.183636 |
 |     9 |                1.599349 |               43.520508 |
 |    10 |                1.844954 |               50.203749 |
 |    11 |                2.065461 |               56.204069 |
 |    12 |                3.209119 |               87.324587 |
 |    13 |                3.209119 |               87.324587 |
 |    14 |                3.218856 |               87.589538 |
 |    15 |                3.218856 |               87.589538 |
 |    16 |                3.453831 |               93.983516 |
 |    17 |                3.789235 |              103.110335 |
 |    18 |                3.789235 |              103.110335 |
 |    19 |                3.919844 |              106.664379 |
 |    20 |                3.919844 |              106.664379 |
 -------------------------------------------------------------

 ---------------------------------------------------------------
                 Transition dipole moment (au)                  
 ---------------------------------------------------------------
  #           X           Y           Z   dip. str.   osc. str.
 ---------------------------------------------------------------
  1    0.000000   -0.000000   -1.574164    2.477992    0.685603
  2   -0.000000    0.000000   -0.000000    0.000000    0.000000
  3    0.000000   -0.000000    0.469972    0.220873    0.110924
  4    1.186112   -0.158616    0.000000    1.432020    0.810135
  5   -0.158616   -1.186112   -0.000000    1.432020    0.810135
  6   -0.000000    0.000000   -0.000000    0.000000    0.000000
  7   -0.000000   -0.000000    0.000000    0.000000    0.000000
  8    0.000000    0.000000    0.000000    0.000000    0.000000
  9    0.000000   -0.000000   -0.067087    0.004501    0.004799
 10   -0.000000   -0.000000    0.000000    0.000000    0.000000
 ---------------------------------------------------------------

 -------------------------------------------------------------
 Excitation n.   1:  11.293144 eV  f = 0.6856  <S**2> = 0.0000
 -------------------------------------------------------------
  1 ->   2 =   0.707133

 -------------------------------------------------------------
 Excitation n.   2:  15.629330 eV  f = 0.0000  <S**2> = 0.0000
 -------------------------------------------------------------
  1 ->   3 =   0.707050

 -------------------------------------------------------------
 Excitation n.   3:  20.498509 eV  f = 0.1109  <S**2> = 0.0000
 -------------------------------------------------------------
  1 ->   4 =   0.706741

 -------------------------------------------------------------
 Excitation n.   4:  23.091416 eV  f = 0.8101  <S**2> = 0.0000
 -------------------------------------------------------------
  1 ->   5 =   0.473233
  1 ->   6 =   0.525590

 -------------------------------------------------------------
 Excitation n.   5:  23.091416 eV  f = 0.8101  <S**2> = 0.0000
 -------------------------------------------------------------
  1 ->   5 =   0.525590
  1 ->   6 =  -0.473233

 -------------------------------------------------------------
 Excitation n.   6:  30.696593 eV  f = 0.0000  <S**2> = 0.0000
 -------------------------------------------------------------
  1 ->   7 =  -0.706428

 -------------------------------------------------------------
 Excitation n.   7:  32.183636 eV  f = 0.0000  <S**2> = 0.0000
 -------------------------------------------------------------
  1 ->   8 =   0.693352
  1 ->   9 =  -0.138560

 -------------------------------------------------------------
 Excitation n.   8:  32.183636 eV  f = 0.0000  <S**2> = 0.0000
 -------------------------------------------------------------
  1 ->   8 =   0.138560
  1 ->   9 =   0.693352

 -------------------------------------------------------------
 Excitation n.   9:  43.520508 eV  f = 0.0048  <S**2> = 0.0000
 -------------------------------------------------------------
  1 ->  10 =   0.706674

 -------------------------------------------------------------
 Excitation n.  10:  50.203749 eV  f = 0.0000  <S**2> = 0.0000
 -------------------------------------------------------------
  1 ->  11 =  -0.706189

Thomas-Reiche-Kuhn sum rule =   2.421596


 *** dynamical TDA activated ***

 ---------------------------------------------------------------------------------------------------
  First-order dynamical correction to static Bethe-Salpeter excitation energies                     
 ---------------------------------------------------------------------------------------------------
  BSE neutral excitation must be lower than the GT gap =  17.473231 eV
 ---------------------------------------------------------------------------------------------------
      #          Static (eV)         Dynamic (eV)      Correction (eV)         Renorm. (eV)
 ---------------------------------------------------------------------------------------------------
      1           11.293144           11.221634           -0.071509            1.002062
      2           15.629330           15.654406            0.025076            0.994091
      3           20.498509           20.557670            0.059161            0.994716
      4           23.091416           23.080014           -0.011402            1.001639
      5           23.091416           23.080014           -0.011402            1.001639
      6           30.696593           30.691418           -0.005175            0.987616
      7           32.183636           32.170530           -0.013106            0.995471
      8           32.183636           32.170530           -0.013106            0.995471
      9           43.520508           43.479254           -0.041255            0.993195
     10           50.203749           49.917822           -0.285927            0.869995
 ---------------------------------------------------------------------------------------------------


 -------------------------------------------------------------
   BSE@GT       calculation: triplet        manifold
 -------------------------------------------------------------
 | State |  Excitation energy (au) |  Excitation energy (eV) |
 -------------------------------------------------------------
 |     1 |                0.244207 |                6.645214 |
 |     2 |                0.494317 |               13.451064 |
 |     3 |                0.650513 |               17.701366 |
 |     4 |                0.696217 |               18.945036 |
 |     5 |                0.696217 |               18.945036 |
 |     6 |                1.057097 |               28.765069 |
 |     7 |                1.132467 |               30.816007 |
 |     8 |                1.132467 |               30.816007 |
 |     9 |                1.559753 |               42.443037 |
 |    10 |                1.768471 |               48.122544 |
 |    11 |                2.005602 |               54.575217 |
 |    12 |                3.118370 |               84.855171 |
 |    13 |                3.118370 |               84.855171 |
 |    14 |                3.155253 |               85.858818 |
 |    15 |                3.155253 |               85.858818 |
 |    16 |                3.354206 |               91.272600 |
 |    17 |                3.744822 |              101.901801 |
 |    18 |                3.744822 |              101.901801 |
 |    19 |                3.859733 |              105.028674 |
 |    20 |                3.859733 |              105.028674 |
 -------------------------------------------------------------

 -------------------------------------------------------------
 Excitation n.   1:   6.645214 eV  f = 0.0000  <S**2> = 2.0000
 -------------------------------------------------------------
  1 ->   2 =   0.666263
  1 ->   4 =  -0.239636

 -------------------------------------------------------------
 Excitation n.   2:  13.451064 eV  f = 0.0000  <S**2> = 2.0000
 -------------------------------------------------------------
  1 ->   3 =   0.703762

 -------------------------------------------------------------
 Excitation n.   3:  17.701366 eV  f = 0.0000  <S**2> = 2.0000
 -------------------------------------------------------------
  1 ->   2 =  -0.240010
  1 ->   4 =  -0.662143

 -------------------------------------------------------------
 Excitation n.   4:  18.945036 eV  f = 0.0000  <S**2> = 2.0000
 -------------------------------------------------------------
  1 ->   5 =  -0.659704
  1 ->   6 =   0.254107

 -------------------------------------------------------------
 Excitation n.   5:  18.945036 eV  f = 0.0000  <S**2> = 2.0000
 -------------------------------------------------------------
  1 ->   5 =  -0.254107
  1 ->   6 =  -0.659704

 -------------------------------------------------------------
 Excitation n.   6:  28.765069 eV  f = 0.0000  <S**2> = 2.0000
 -------------------------------------------------------------
  1 ->   7 =  -0.704273

 -------------------------------------------------------------
 Excitation n.   7:  30.816007 eV  f = 0.0000  <S**2> = 2.0000
 -------------------------------------------------------------
  1 ->   8 =  -0.685312
  1 ->   9 =  -0.173493

 -------------------------------------------------------------
 Excitation n.   8:  30.816007 eV  f = 0.0000  <S**2> = 2.0000
 -------------------------------------------------------------
  1 ->   8 =  -0.173493
  1 ->   9 =   0.685312

 -------------------------------------------------------------
 Excitation n.   9:  42.443037 eV  f = 0.0000  <S**2> = 2.0000
 -------------------------------------------------------------
  1 ->  10 =  -0.703718

 -------------------------------------------------------------
 Excitation n.  10:  48.122544 eV  f = 0.0000  <S**2> = 2.0000
 -------------------------------------------------------------
  1 ->  11 =  -0.704691

Thomas-Reiche-Kuhn sum rule =   0.000000


 *** dynamical TDA activated ***

 ---------------------------------------------------------------------------------------------------
  First-order dynamical correction to static Bethe-Salpeter excitation energies                     
 ---------------------------------------------------------------------------------------------------
  BSE neutral excitation must be lower than the GT gap =  17.473231 eV
 ---------------------------------------------------------------------------------------------------
      #          Static (eV)         Dynamic (eV)      Correction (eV)         Renorm. (eV)
 ---------------------------------------------------------------------------------------------------
      1            6.645214            6.470741           -0.174473            1.004998
      2           13.451064           13.356144           -0.094920            1.007576
      3           17.701366           17.621477           -0.079889            1.005146
      4           18.945036           18.878469           -0.066567            1.005512
      5           18.945036           18.878469           -0.066567            1.005512
      6           28.765069           28.748345           -0.016724            1.015532
      7           30.816007           30.833080            0.017072            1.009657
      8           30.816007           30.833080            0.017072            1.009657
      9           42.443037           42.558354            0.115317            1.013290
     10           48.122544           48.373293            0.250749            1.050089
 ---------------------------------------------------------------------------------------------------


 -------------------------------------------------------------------------------
          Tr@BSE@G0T0 correlation energy (singlet) =       -0.0032739189 au
          Tr@BSE@G0T0 correlation energy (triplet) =       -0.0045409479 au
          Tr@BSE@G0T0 correlation energy           =       -0.0078148668 au
          Tr@BSE@G0T0 total energy                 =       -1.1098863025 au
 -------------------------------------------------------------------------------

                                       Total CPU time for G0T0 =     11.350 seconds

                                      Total CPU time for QuAcK =     25.466 seconds

