78 significant shell pairs computed in 0.000041 seconds
0
Computed Electron repulsion integrals Integrals in parallel in 0.118393 seconds

 ******************************************************************************************
 *            QuAcK                       QuAcK                         QuAcK             *
 *   __        __        __       __        __        __       __        __        __     *
 * <(o )___  <(o )___  <(o )___ <(o )___  <(o )___  <(o )___ <(o )___  <(o )___  <(o )___ *
 * ( ._> /   ( ._> /   ( ._> /  ( ._> /   ( ._> /   ( ._> /  ( ._> /   ( ._> /   ( ._> /  *
 *|--------------------------------------------------------------------------------------|*
 ******************************************************************************************

      ----------------------
             Number of atoms                2
      ----------------------

      ----------------------
Number of spin-up   electron                1
Number of spin-down electron                1
    Total number of electron                2
      ----------------------

      ----------------------
Number of core      electron                0
Number of Rydberg   electron                0
      ----------------------

          ------------------
          Molecular geometry
          ------------------
                    Atom n.                 1
                        Z =      1.0000000000
           Atom coordinates:     0.0000000000    0.0000000000    0.0000000000
                    Atom n.                 2
                        Z =      1.0000000000
           Atom coordinates:     0.0000000000    0.0000000000    1.3228082878

          ------------------
 Nuclear repulsion energy =      0.7559674438
          ------------------

          Gaussian basis set
          ------------------
                    Atom n.                 1
           number of shells                 6
          ------------------
      s-type shell with K =                 5
                                    Exponents     Contraction
                                33.8700000000    0.0060680000
                                 5.0950000000    0.0453080000
                                 1.1590000000    0.2028220000
                                 0.3258000000    0.5039030000
                                 0.1027000000    0.3834210000
      s-type shell with K =                 1
                                    Exponents     Contraction
                                 0.3258000000    1.0000000000
      s-type shell with K =                 1
                                    Exponents     Contraction
                                 0.1027000000    1.0000000000
      p-type shell with K =                 1
                                    Exponents     Contraction
                                 1.4070000000    1.0000000000
      p-type shell with K =                 1
                                    Exponents     Contraction
                                 0.3880000000    1.0000000000
      d-type shell with K =                 1
                                    Exponents     Contraction
                                 1.0570000000    1.0000000000
          ------------------
                    Atom n.                 2
           number of shells                 6
          ------------------
      s-type shell with K =                 5
                                    Exponents     Contraction
                                33.8700000000    0.0060680000
                                 5.0950000000    0.0453080000
                                 1.1590000000    0.2028220000
                                 0.3258000000    0.5039030000
                                 0.1027000000    0.3834210000
      s-type shell with K =                 1
                                    Exponents     Contraction
                                 0.3258000000    1.0000000000
      s-type shell with K =                 1
                                    Exponents     Contraction
                                 0.1027000000    1.0000000000
      p-type shell with K =                 1
                                    Exponents     Contraction
                                 1.4070000000    1.0000000000
      p-type shell with K =                 1
                                    Exponents     Contraction
                                 0.3880000000    1.0000000000
      d-type shell with K =                 1
                                    Exponents     Contraction
                                 1.0570000000    1.0000000000
          ------------------
            Number of shells               12
          ------------------

          ------------------
   Number of basis functions               30
          ------------------

 Scaling integrals by    1.0000000000000000     

                          Total CPU time for reading integrals =      0.042 seconds


 ************************************************
 |    Restricted Hartree-Fock calculation       |
 ************************************************


 ----------------------------------------------------
 | RHF calculation                                  |
 ----------------------------------------------------
 |   # |        HF energy |       Conv |     HL Gap |
 ----------------------------------------------------
 |   1 |    -0.4914879562 |   0.121710 |   0.278130 |
 |   2 |    -1.1338623165 |   0.207255 |   1.787498 |
 |   3 |    -1.1383468818 |   0.115673 |   1.789238 |
 |   4 |    -1.1374799118 |   0.066912 |   1.786375 |
 |   5 |    -1.1359728785 |   0.039971 |   1.783628 |
 |   6 |    -1.1347260772 |   0.024441 |   1.781635 |
 |   7 |    -1.1338342429 |   0.015180 |   1.780292 |
 |   8 |    -1.1332298985 |   0.009556 |   1.779412 |
 |   9 |    -1.1328306695 |   0.006060 |   1.778841 |
 |  10 |    -1.1325705209 |   0.003852 |   1.778474 |
 |  11 |    -1.1324023406 |   0.002451 |   1.778239 |
 |  12 |    -1.1322941392 |   0.001561 |   1.778088 |
 |  13 |    -1.1322247360 |   0.000995 |   1.777991 |
 |  14 |    -1.1321803045 |   0.000635 |   1.777930 |
 |  15 |    -1.1321518948 |   0.000405 |   1.777890 |
 |  16 |    -1.1321337439 |   0.000258 |   1.777865 |
 |  17 |    -1.1321221534 |   0.000165 |   1.777849 |
 |  18 |    -1.1321147545 |   0.000105 |   1.777839 |
 |  19 |    -1.1321100324 |   0.000067 |   1.777832 |
 |  20 |    -1.1321070191 |   0.000043 |   1.777828 |
 |  21 |    -1.1321050965 |   0.000027 |   1.777826 |
 |  22 |    -1.1321038697 |   0.000017 |   1.777824 |
 |  23 |    -1.1321030870 |   0.000011 |   1.777823 |
 |  24 |    -1.1321025877 |   0.000007 |   1.777822 |
 |  25 |    -1.1321022691 |   0.000005 |   1.777822 |
 |  26 |    -1.1321020658 |   0.000003 |   1.777821 |
 |  27 |    -1.1321019362 |   0.000002 |   1.777821 |
 |  28 |    -1.1321018535 |   0.000001 |   1.777821 |
 |  29 |    -1.1321018007 |   0.000001 |   1.777821 |
 |  30 |    -1.1321017670 |   0.000000 |   1.777821 |
 |  31 |    -1.1321017455 |   0.000000 |   1.777821 |
 |  32 |    -1.1321017318 |   0.000000 |   1.777821 |
 |  33 |    -1.1321017231 |   0.000000 |   1.777821 |
 |  34 |    -1.1321017291 |   0.000000 |   0.777821 |
 ----------------------------------------------------

         -----------------------------------------
           Summary              
         -----------------------------------------
           One-electron energy:     -2.5614101315 au
           Kinetic      energy:      1.1672207040 au
           Potential    energy:     -3.7286308354 au
         -----------------------------------------
           Two-electron energy:      0.6733409586 au
           Hartree      energy:      1.3466819171 au
           Exchange     energy:     -0.6733409586 au
         -----------------------------------------
           Electronic   energy:     -1.8880691729 au
           Nuclear   repulsion:      0.7559674438 au
           RHF          energy:     -1.1321017291 au
         -----------------------------------------
           HF HOMO      energy:        -16.527219 eV
           HF LUMO      energy:          4.638366 eV
           HF HOMO-LUMO gap   :         21.165586 eV
         -----------------------------------------
          Dipole moment (Debye)    
                   X         Y         Z      Tot.
           -0.000000 -0.000000 -0.000000  0.000000
         -----------------------------------------

           ---------------------------------------
                 MO coefficients
           ---------------------------------------
                 1              2              3              4              5
      1    -0.79956896    -0.44584900    -0.09000072     0.17522360     0.00000000
      2     0.11373281     0.74647480     1.08005634    -3.01208056     0.00000000
      3     0.18034407    -2.41732408    -0.90817928     2.45974572     0.00000000
      4     0.00000000     0.00000000     0.00000000     0.00000000    -0.00054991
      5     0.00000000     0.00000000     0.00000000     0.00000000    -0.05795621
      6    -0.01253667     0.01386848     0.02140272    -0.01531670     0.00000000
      7     0.00000000     0.00000000     0.00000000     0.00000000     0.00543963
      8     0.00000000     0.00000000     0.00000000     0.00000000     0.57329833
      9    -0.01683033     0.10259899    -0.03346426    -0.21876234     0.00000000
     10     0.00236061    -0.03999912    -0.09263484     0.14241772     0.00000000
     11     0.00000000     0.00000000     0.00000000     0.00000000     0.00000000
     12     0.00000000     0.00000000     0.00000000     0.00000000    -0.00006994
     13     0.00236061    -0.03999912    -0.09263484     0.14241772     0.00000000
     14     0.00000000     0.00000000     0.00000000     0.00000000    -0.00737078
     15     0.00138457    -0.02944026    -0.10180101     0.09782946     0.00000000
     16    -0.79956896     0.44584900    -0.09000072    -0.17522360     0.00000000
     17     0.11373281    -0.74647480     1.08005634     3.01208056     0.00000000
     18     0.18034407     2.41732408    -0.90817928    -2.45974572     0.00000000
     19     0.00000000     0.00000000     0.00000000     0.00000000    -0.00054991
     20     0.00000000     0.00000000     0.00000000     0.00000000    -0.05795621
     21     0.01253667     0.01386848    -0.02140272    -0.01531670     0.00000000
     22     0.00000000     0.00000000     0.00000000     0.00000000     0.00543963
     23     0.00000000     0.00000000     0.00000000     0.00000000     0.57329833
     24     0.01683033     0.10259899     0.03346426    -0.21876234     0.00000000
     25     0.00236061     0.03999912    -0.09263484    -0.14241772     0.00000000
     26     0.00000000     0.00000000     0.00000000     0.00000000     0.00000000
     27     0.00000000     0.00000000     0.00000000     0.00000000     0.00006994
     28     0.00236061     0.03999912    -0.09263484    -0.14241772     0.00000000
     29     0.00000000     0.00000000     0.00000000     0.00000000     0.00737078
     30     0.00138457     0.02944026    -0.10180101    -0.09782946     0.00000000
                 6              7              8              9             10
      1     0.00000000     0.13442109     0.00000000     0.00000000     0.17413874
      2     0.00000000    -0.88109937     0.00000000     0.00000000    15.22681913
      3     0.00000000     0.34322518     0.00000000     0.00000000    -0.68698032
      4    -0.05795621     0.00000000     0.05282048    -0.00496185     0.00000000
      5     0.00054991     0.00000000    -0.00496185    -0.05282048     0.00000000
      6     0.00000000    -0.10033313     0.00000000     0.00000000     0.11661798
      7     0.57329833     0.00000000    -1.49534186     0.14046940     0.00000000
      8    -0.00543963     0.00000000     0.14046940     1.49534186     0.00000000
      9     0.00000000     1.10112968     0.00000000     0.00000000     6.71524113
     10     0.00000000    -0.00076043     0.00000000     0.00000000    -0.13231404
     11     0.00000000     0.00000000     0.00000000     0.00000000     0.00000000
     12    -0.00737078     0.00000000    -0.13069438     0.01227717     0.00000000
     13     0.00000000    -0.00076043     0.00000000     0.00000000    -0.13231404
     14     0.00006994     0.00000000     0.01227717     0.13069438     0.00000000
     15     0.00000000     0.12377332     0.00000000     0.00000000     0.25300580
     16     0.00000000     0.13442109     0.00000000     0.00000000    -0.17413874
     17     0.00000000    -0.88109937     0.00000000     0.00000000   -15.22681913
     18     0.00000000     0.34322518     0.00000000     0.00000000     0.68698032
     19    -0.05795621     0.00000000    -0.05282048     0.00496185     0.00000000
     20     0.00054991     0.00000000     0.00496185     0.05282048     0.00000000
     21     0.00000000     0.10033313     0.00000000     0.00000000     0.11661798
     22     0.57329833     0.00000000     1.49534186    -0.14046940     0.00000000
     23    -0.00543963     0.00000000    -0.14046940    -1.49534186     0.00000000
     24     0.00000000    -1.10112968     0.00000000     0.00000000     6.71524113
     25     0.00000000    -0.00076043     0.00000000     0.00000000     0.13231404
     26     0.00000000     0.00000000     0.00000000     0.00000000     0.00000000
     27     0.00737078     0.00000000    -0.13069438     0.01227717     0.00000000
     28     0.00000000    -0.00076043     0.00000000     0.00000000     0.13231404
     29    -0.00006994     0.00000000     0.01227717     0.13069438     0.00000000
     30     0.00000000     0.12377332     0.00000000     0.00000000    -0.25300580
                11             12             13             14             15
      1    -4.09143468    -4.39711581     0.00000000     0.00000000     0.00000000
      2     4.19624906     4.15127499     0.00000000     0.00000000     0.00000000
      3     0.98037335     0.03009320     0.00000000     0.00000000     0.00000000
      4     0.00000000     0.00000000     0.00000000     0.00000000     0.57213498
      5     0.00000000     0.00000000     0.00000000     0.00000000    -0.23333205
      6    -0.02825319     0.23940801     0.00000000     0.00000000     0.00000000
      7     0.00000000     0.00000000     0.00000000     0.00000000    -0.33971904
      8     0.00000000     0.00000000     0.00000000     0.00000000     0.13854657
      9     0.39154940    -0.59873996     0.00000000     0.00000000     0.00000000
     10    -0.50294260    -0.54190599     0.00336690    -0.51816443     0.00000000
     11     0.00000000     0.00000000    -0.59832474    -0.00388776     0.00000000
     12     0.00000000     0.00000000     0.00000000     0.00000000     0.25873631
     13    -0.50294260    -0.54190599    -0.00336690     0.51816443     0.00000000
     14     0.00000000     0.00000000     0.00000000     0.00000000    -0.10551963
     15    -0.53890398    -0.31417473     0.00000000     0.00000000     0.00000000
     16    -4.09143468     4.39711581     0.00000000     0.00000000     0.00000000
     17     4.19624906    -4.15127499     0.00000000     0.00000000     0.00000000
     18     0.98037335    -0.03009320     0.00000000     0.00000000     0.00000000
     19     0.00000000     0.00000000     0.00000000     0.00000000     0.57213498
     20     0.00000000     0.00000000     0.00000000     0.00000000    -0.23333205
     21     0.02825319     0.23940801     0.00000000     0.00000000     0.00000000
     22     0.00000000     0.00000000     0.00000000     0.00000000    -0.33971904
     23     0.00000000     0.00000000     0.00000000     0.00000000     0.13854657
     24    -0.39154940    -0.59873996     0.00000000     0.00000000     0.00000000
     25    -0.50294260     0.54190599     0.00336690    -0.51816443     0.00000000
     26     0.00000000     0.00000000    -0.59832474    -0.00388776     0.00000000
     27     0.00000000     0.00000000     0.00000000     0.00000000    -0.25873631
     28    -0.50294260     0.54190599    -0.00336690     0.51816443     0.00000000
     29     0.00000000     0.00000000     0.00000000     0.00000000     0.10551963
     30    -0.53890398     0.31417473     0.00000000     0.00000000     0.00000000
                16             17             18             19             20
      1     0.00000000     1.01783291     0.00000000     0.00000000     0.00000000
      2     0.00000000    -0.01141034     0.00000000     0.00000000     0.00000000
      3     0.00000000    -0.57905958     0.00000000     0.00000000     0.00000000
      4    -0.23333205     0.00000000     0.29201218    -0.25999325     0.00000000
      5    -0.57213498     0.00000000     0.25999325     0.29201218     0.00000000
      6     0.00000000     0.79296669     0.00000000     0.00000000     0.00000000
      7     0.13854657     0.00000000    -0.90886251     0.80920639     0.00000000
      8     0.33971904     0.00000000    -0.80920639    -0.90886251     0.00000000
      9     0.00000000    -0.90419897     0.00000000     0.00000000     0.00000000
     10     0.00000000     0.06219000     0.00000000     0.00000000    -0.00028326
     11     0.00000000     0.00000000     0.00000000     0.00000000     0.91030918
     12    -0.10551963     0.00000000    -0.68987277     0.61422872     0.00000000
     13     0.00000000     0.06219000     0.00000000     0.00000000     0.00028326
     14    -0.25873631     0.00000000    -0.61422872    -0.68987277     0.00000000
     15     0.00000000    -0.60368853     0.00000000     0.00000000     0.00000000
     16     0.00000000     1.01783291     0.00000000     0.00000000     0.00000000
     17     0.00000000    -0.01141034     0.00000000     0.00000000     0.00000000
     18     0.00000000    -0.57905958     0.00000000     0.00000000     0.00000000
     19    -0.23333205     0.00000000    -0.29201218     0.25999325     0.00000000
     20    -0.57213498     0.00000000    -0.25999325    -0.29201218     0.00000000
     21     0.00000000    -0.79296669     0.00000000     0.00000000     0.00000000
     22     0.13854657     0.00000000     0.90886251    -0.80920639     0.00000000
     23     0.33971904     0.00000000     0.80920639     0.90886251     0.00000000
     24     0.00000000     0.90419897     0.00000000     0.00000000     0.00000000
     25     0.00000000     0.06219000     0.00000000     0.00000000     0.00028326
     26     0.00000000     0.00000000     0.00000000     0.00000000    -0.91030918
     27     0.10551963     0.00000000    -0.68987277     0.61422872     0.00000000
     28     0.00000000     0.06219000     0.00000000     0.00000000    -0.00028326
     29     0.25873631     0.00000000    -0.61422872    -0.68987277     0.00000000
     30     0.00000000    -0.60368853     0.00000000     0.00000000     0.00000000
                21             22             23             24             25
      1     0.00000000     0.00000000     0.00000000    -0.52045057    -3.64307277
      2     0.00000000     0.00000000     0.00000000     2.01702101    -2.54789307
      3     0.00000000     0.00000000     0.00000000    -0.12545333     0.53348813
      4     0.00000000    -0.61553850    -0.10431483     0.00000000     0.00000000
      5     0.00000000    -0.10431483     0.61553850     0.00000000     0.00000000
      6     0.00000000     0.00000000     0.00000000    -0.06049061    -0.13532406
      7     0.00000000     0.22461549     0.03806541     0.00000000     0.00000000
      8     0.00000000     0.03806541    -0.22461549     0.00000000     0.00000000
      9     0.00000000     0.00000000     0.00000000     0.46507183    -3.27320806
     10     0.78835088     0.00000000     0.00000000    -1.07242538    -0.48343111
     11     0.00032708     0.00000000     0.00000000     0.00000000     0.00000000
     12     0.00000000     0.59917616     0.10154192     0.00000000     0.00000000
     13    -0.78835088     0.00000000     0.00000000    -1.07242538    -0.48343111
     14     0.00000000     0.10154192    -0.59917616     0.00000000     0.00000000
     15     0.00000000     0.00000000     0.00000000    -0.26196404    -1.72394991
     16     0.00000000     0.00000000     0.00000000    -0.52045057     3.64307277
     17     0.00000000     0.00000000     0.00000000     2.01702101     2.54789307
     18     0.00000000     0.00000000     0.00000000    -0.12545333    -0.53348813
     19     0.00000000    -0.61553850    -0.10431483     0.00000000     0.00000000
     20     0.00000000    -0.10431483     0.61553850     0.00000000     0.00000000
     21     0.00000000     0.00000000     0.00000000     0.06049061    -0.13532406
     22     0.00000000     0.22461549     0.03806541     0.00000000     0.00000000
     23     0.00000000     0.03806541    -0.22461549     0.00000000     0.00000000
     24     0.00000000     0.00000000     0.00000000    -0.46507183    -3.27320806
     25    -0.78835088     0.00000000     0.00000000    -1.07242538     0.48343111
     26    -0.00032708     0.00000000     0.00000000     0.00000000     0.00000000
     27     0.00000000    -0.59917616    -0.10154192     0.00000000     0.00000000
     28     0.78835088     0.00000000     0.00000000    -1.07242538     0.48343111
     29     0.00000000    -0.10154192     0.59917616     0.00000000     0.00000000
     30     0.00000000     0.00000000     0.00000000    -0.26196404     1.72394991
                26             27             28             29             30
      1     1.57012826     0.00000000     0.00000000    -5.45090453    13.41540489
      2     6.63111965     0.00000000     0.00000000     2.58167112    -2.74574108
      3    -1.35194075     0.00000000     0.00000000     2.16020237    -4.50652359
      4     0.00000000    -0.01196729     1.25387769     0.00000000     0.00000000
      5     0.00000000     1.25387769     0.01196729     0.00000000     0.00000000
      6    -0.28687660     0.00000000     0.00000000     0.09685083     3.12557772
      7     0.00000000    -0.00500115     0.52399776     0.00000000     0.00000000
      8     0.00000000     0.52399776     0.00500115     0.00000000     0.00000000
      9     2.65660585     0.00000000     0.00000000     0.65566102     2.95621580
     10    -1.00407016     0.00000000     0.00000000    -0.19655453     0.41433805
     11     0.00000000     0.00000000     0.00000000     0.00000000     0.00000000
     12     0.00000000    -0.01363072     1.42816357     0.00000000     0.00000000
     13    -1.00407016     0.00000000     0.00000000    -0.19655453     0.41433805
     14     0.00000000     1.42816357     0.01363072     0.00000000     0.00000000
     15    -0.10036094     0.00000000     0.00000000     1.41711913     2.71672651
     16    -1.57012826     0.00000000     0.00000000    -5.45090453   -13.41540489
     17    -6.63111965     0.00000000     0.00000000     2.58167112     2.74574108
     18     1.35194075     0.00000000     0.00000000     2.16020237     4.50652359
     19     0.00000000     0.01196729    -1.25387769     0.00000000     0.00000000
     20     0.00000000    -1.25387769    -0.01196729     0.00000000     0.00000000
     21    -0.28687660     0.00000000     0.00000000    -0.09685083     3.12557772
     22     0.00000000     0.00500115    -0.52399776     0.00000000     0.00000000
     23     0.00000000    -0.52399776    -0.00500115     0.00000000     0.00000000
     24     2.65660585     0.00000000     0.00000000    -0.65566102     2.95621580
     25     1.00407016     0.00000000     0.00000000    -0.19655453    -0.41433805
     26     0.00000000     0.00000000     0.00000000     0.00000000     0.00000000
     27     0.00000000    -0.01363072     1.42816357     0.00000000     0.00000000
     28     1.00407016     0.00000000     0.00000000    -0.19655453    -0.41433805
     29     0.00000000     1.42816357     0.01363072     0.00000000     0.00000000
     30     0.10036094     0.00000000     0.00000000     1.41711913    -2.71672651

           ---------------------------------------
                     MO energies
           ---------------------------------------
                 1
      1    -0.60736411
      2     0.17045682
      3     0.27742831
      4     0.63336982
      5     0.69722743
      6     0.69722743
      7     1.10450720
      8     1.12618805
      9     1.12618805
     10     1.54258592
     11     1.62610970
     12     2.05295229
     13     3.18200761
     14     3.18200761
     15     3.43513313
     16     3.43513313
     17     3.65127402
     18     3.85595088
     19     3.85595088
     20     4.12800568
     21     4.12800568
     22     4.15394520
     23     4.15394520
     24     4.49914444
     25     4.56838300
     26     4.93929371
     27     5.89588639
     28     5.89588639
     29     6.21172304
     30     9.68047046

                                        Total CPU time for RHF =      0.564 seconds


 AO to MO transformation... Please be patient

                    Total CPU time for AO to MO transformation =      1.610 seconds


 ******************************************************
 | Configuration Interaction with Singles and Doubles |
 ******************************************************

 nS =          116
 nD =         1653
 nH =         1770

 00 block  done...
 0S blocks done...
 0D blocks done...
 SS block  done...
 SD blocks done...
 DD block  done...

 Diagonalizing CISD matrix...

 CISD energies (au)
                 1
      1    -1.92710546
      2    -1.51206303
      3    -1.51206303
      4    -1.51206303
      5    -1.41752004
      6    -1.37473598
      7    -1.37473598
      8    -1.37473598
      9    -1.29612598
     10    -1.13344024
     11    -1.13344024
     12    -1.13344024
     13    -1.13344024
     14    -1.13344024
     15    -1.13344024
     16    -1.12392394
     17    -1.12392394
     18    -1.12392394
     19    -0.99171318
     20    -0.98827448
     21    -0.98827448
     22    -0.82502213
     23    -0.69779747
     24    -0.69779747
     25    -0.69779747
     26    -0.67226581
     27    -0.67226581
     28    -0.67226581
     29    -0.66088257
     30    -0.66088257
     31    -0.64313034
     32    -0.63788880
     33    -0.63788880
     34    -0.63788880
     35    -0.63788880
     36    -0.63788880
     37    -0.63788880
     38    -0.58908916
     39    -0.50366234
     40    -0.50366234
     41    -0.50366234
     42    -0.50366234
     43    -0.50366234
     44    -0.50366234
     45    -0.49343997
     46    -0.48391274
     47    -0.48391274
     48    -0.48391274
     49    -0.41467139
     50    -0.41467139
     51    -0.35933083

 CISD excitation energies (eV)
                 1
      1    11.29387970
      2    11.29387970
      3    11.29387970
      4    13.86652538
      5    15.03073913
      6    15.03073913
      7    15.03073913
      8    17.16982598
      9    21.59673053
     10    21.59673053
     11    21.59673053
     12    21.59673053
     13    21.59673053
     14    21.59673053
     15    21.85568241
     16    21.85568241
     17    21.85568241
     18    25.45332046
     19    25.54689211
     20    25.54689211
     21    29.98921490
     22    33.45117412
     23    33.45117412
     24    33.45117412
     25    34.14592590
     26    34.14592590
     27    34.14592590
     28    34.45567973
     29    34.45567973
     30    34.93874251
     31    35.08137215
     32    35.08137215
     33    35.08137215
     34    35.08137215
     35    35.08137215
     36    35.08137215
     37    36.40927790
     38    38.73386006
     39    38.73386006
     40    38.73386006
     41    38.73386006
     42    38.73386006
     43    38.73386006
     44    39.01202493
     45    39.27127405
     46    39.27127405
     47    39.27127405
     48    41.15542736
     49    41.15542736
     50    42.66132068

                                       Total CPU time for CISD =     11.758 seconds


 ************************************************
 |          One-shot G0W0 calculation           |
 ************************************************


 -------------------------------------------------------------
   RPA@HF       calculation: singlet        manifold
 -------------------------------------------------------------
 | State |  Excitation energy (au) |  Excitation energy (eV) |
 -------------------------------------------------------------
 |     1 |                0.827545 |               22.518645 |
 |     2 |                0.964985 |               26.258580 |
 |     3 |                1.407575 |               38.302073 |
 |     4 |                1.461149 |               39.759882 |
 |     5 |                1.461149 |               39.759882 |
 |     6 |                1.788763 |               48.674711 |
 |     7 |                1.788763 |               48.674711 |
 |     8 |                1.798531 |               48.940532 |
 |     9 |                2.174030 |               59.158367 |
 |    10 |                2.359047 |               64.192939 |
 |    11 |                2.810908 |               76.488702 |
 |    12 |                3.888518 |              105.811965 |
 |    13 |                3.888518 |              105.811965 |
 |    14 |                4.213925 |              114.666743 |
 |    15 |                4.213925 |              114.666743 |
 |    16 |                4.386816 |              119.371345 |
 |    17 |                4.540780 |              123.560922 |
 |    18 |                4.540780 |              123.560922 |
 |    19 |                4.794465 |              130.464027 |
 |    20 |                4.794465 |              130.464027 |
 -------------------------------------------------------------

  *** Quasiparticle energies obtained by linearization *** 

 -------------------------------------------------------------------------------
   One-shot G0W0 calculation
 -------------------------------------------------------------------------------
 |   # |       e_HF (eV) |      Sig_c (eV) |               Z |       e_QP (eV) |
 -------------------------------------------------------------------------------
 |   1 |      -16.527219 |       -0.296144 |        0.954705 |      -16.809950 |
 |   2 |        4.638366 |       -0.238516 |        0.992342 |        4.401677 |
 |   3 |        7.549209 |       -0.246428 |        0.992567 |        7.304612 |
 |   4 |       17.234871 |       -0.923713 |        0.969741 |       16.339108 |
 |   5 |       18.972525 |       -0.783663 |        0.980057 |       18.204490 |
 |   6 |       18.972525 |       -0.783663 |        0.980057 |       18.204490 |
 |   7 |       30.055172 |       -0.858588 |        0.831979 |       29.340844 |
 |   8 |       30.645138 |       -1.059425 |        0.955100 |       29.633281 |
 |   9 |       30.645138 |       -1.059425 |        0.955100 |       29.633281 |
 |  10 |       41.975901 |       -0.733216 |        0.935535 |       41.289952 |
 |  11 |       44.248699 |       -1.400813 |        0.840865 |       43.070805 |
 |  12 |       55.863677 |       -0.951863 |        0.753451 |       55.146495 |
 |  13 |       86.586837 |       -0.877740 |        0.930874 |       85.769772 |
 |  14 |       86.586837 |       -0.877740 |        0.930874 |       85.769772 |
 |  15 |       93.474734 |       -1.749885 |        0.878176 |       91.938026 |
 |  16 |       93.474734 |       -1.749885 |        0.878176 |       91.938026 |
 |  17 |       99.356227 |        0.103058 |        0.705548 |       99.428939 |
 |  18 |      104.925768 |       -1.224139 |        0.888316 |      103.838346 |
 |  19 |      104.925768 |       -1.224139 |        0.888316 |      103.838346 |
 |  20 |      112.328756 |       -1.150776 |        0.710010 |      111.511694 |
 |  21 |      112.328756 |       -1.150776 |        0.710010 |      111.511694 |
 |  22 |      113.034606 |       -1.684887 |        0.889677 |      111.535602 |
 |  23 |      113.034606 |       -1.684887 |        0.889677 |      111.535602 |
 |  24 |      122.427956 |       -2.132904 |        0.845964 |      120.623596 |
 |  25 |      124.312033 |        0.996255 |        0.149828 |      124.461300 |
 |  26 |      134.405028 |       -2.723999 |        0.701167 |      132.495048 |
 |  27 |      160.435240 |       -2.881991 |        0.535542 |      158.891812 |
 |  28 |      160.435240 |       -2.881991 |        0.535542 |      158.891812 |
 |  29 |      169.029594 |        0.192094 |        0.650711 |      169.154591 |
 |  30 |      263.419019 |       -2.252988 |        0.566549 |      262.142591 |
 -------------------------------------------------------------------------------
          G0W0 HOMO      energy:     -16.809950 eV
          G0W0 LUMO      energy:       4.401677 eV
          G0W0 HOMO-LUMO gap   :      21.211627 eV
 -------------------------------------------------------------------------------
    RPA@G0W0 total energy      :      -1.187246 au
    RPA@G0W0 correlation energy:      -0.055144 au
    GM@G0W0  total energy      :      -1.234482 au
    GM@G0W0  correlation energy:      -0.102380 au
 -------------------------------------------------------------------------------


 -------------------------------------------------------------
   BSE@GW       calculation: singlet        manifold
 -------------------------------------------------------------
 | State |  Excitation energy (au) |  Excitation energy (eV) |
 -------------------------------------------------------------
 |     1 |                0.521197 |               14.182498 |
 |     2 |                0.650398 |               17.698233 |
 |     3 |                0.942029 |               25.633915 |
 |     4 |                0.957061 |               26.042961 |
 |     5 |                0.957061 |               26.042961 |
 |     6 |                1.325206 |               36.060688 |
 |     7 |                1.325206 |               36.060688 |
 |     8 |                1.337857 |               36.404937 |
 |     9 |                1.762432 |               47.958222 |
 |    10 |                1.847401 |               50.270331 |
 |    11 |                2.276030 |               61.933923 |
 |    12 |                3.286505 |               89.430356 |
 |    13 |                3.286505 |               89.430356 |
 |    14 |                3.536465 |               96.232106 |
 |    15 |                3.536465 |               96.232106 |
 |    16 |                3.821499 |              103.988293 |
 |    17 |                3.965196 |              107.898481 |
 |    18 |                3.965196 |              107.898481 |
 |    19 |                4.216693 |              114.742055 |
 |    20 |                4.216693 |              114.742055 |
 -------------------------------------------------------------

 ---------------------------------------------------------------
                 Transition dipole moment (au)                  
 ---------------------------------------------------------------
  #           X           Y           Z   dip. str.   osc. str.
 ---------------------------------------------------------------
  1   -0.000000    0.000000   -1.132754    1.283131    0.445843
  2    0.000000   -0.000000    0.000000    0.000000    0.000000
  3   -0.000000   -0.000000   -0.567450    0.321999    0.202222
  4    0.785996    0.739804   -0.000000    1.165100    0.743382
  5    0.739804   -0.785996    0.000000    1.165100    0.743382
  6    0.000000   -0.000000    0.000000    0.000000    0.000000
  7    0.000000    0.000000    0.000000    0.000000    0.000000
  8   -0.000000   -0.000000    0.000000    0.000000    0.000000
  9    0.000000    0.000000    0.058955    0.003476    0.004084
 10   -0.000000    0.000000   -0.000000    0.000000    0.000000
 ---------------------------------------------------------------

 -------------------------------------------------------------
 Excitation n.   1:  14.182498 eV  f = 0.4458  <S**2> = 0.0000
 -------------------------------------------------------------
  1 ->   2 =   0.708089

 -------------------------------------------------------------
 Excitation n.   2:  17.698233 eV  f = 0.0000  <S**2> = 0.0000
 -------------------------------------------------------------
  1 ->   3 =   0.708094

 -------------------------------------------------------------
 Excitation n.   3:  25.633915 eV  f = 0.2022  <S**2> = 0.0000
 -------------------------------------------------------------
  1 ->   4 =   0.709055

 -------------------------------------------------------------
 Excitation n.   4:  26.042961 eV  f = 0.7434  <S**2> = 0.0000
 -------------------------------------------------------------
  1 ->   5 =  -0.490268
  1 ->   6 =  -0.511076

 -------------------------------------------------------------
 Excitation n.   5:  26.042961 eV  f = 0.7434  <S**2> = 0.0000
 -------------------------------------------------------------
  1 ->   5 =   0.511076
  1 ->   6 =  -0.490268

 -------------------------------------------------------------
 Excitation n.   6:  36.060688 eV  f = 0.0000  <S**2> = 0.0000
 -------------------------------------------------------------
  1 ->   8 =  -0.706446

 -------------------------------------------------------------
 Excitation n.   7:  36.060688 eV  f = 0.0000  <S**2> = 0.0000
 -------------------------------------------------------------
  1 ->   9 =   0.706446

 -------------------------------------------------------------
 Excitation n.   8:  36.404937 eV  f = 0.0000  <S**2> = 0.0000
 -------------------------------------------------------------
  1 ->   7 =  -0.705459

 -------------------------------------------------------------
 Excitation n.   9:  47.958222 eV  f = 0.0041  <S**2> = 0.0000
 -------------------------------------------------------------
  1 ->  10 =  -0.707044

 -------------------------------------------------------------
 Excitation n.  10:  50.270331 eV  f = 0.0000  <S**2> = 0.0000
 -------------------------------------------------------------
  1 ->  11 =   0.705578

Thomas-Reiche-Kuhn sum rule =   2.138911


 *** dynamical TDA activated ***

 ---------------------------------------------------------------------------------------------------
  First-order dynamical correction to static Bethe-Salpeter excitation energies                     
 ---------------------------------------------------------------------------------------------------
  BSE neutral excitation must be lower than the GW gap =  21.211627 eV
 ---------------------------------------------------------------------------------------------------
      #          Static (eV)         Dynamic (eV)      Correction (eV)         Renorm. (eV)
 ---------------------------------------------------------------------------------------------------
      1           14.182498           14.122542           -0.059956            1.006578
      2           17.698233           17.627600           -0.070633            1.009441
      3           25.633915           25.430287           -0.203628            1.020401
      4           26.042961           25.801715           -0.241246            1.020726
      5           26.042961           25.801715           -0.241246            1.020726
      6           36.060688           35.890871           -0.169817            1.011646
      7           36.060688           35.890871           -0.169817            1.011646
      8           36.404937           36.216215           -0.188722            1.014697
      9           47.958222           47.834419           -0.123803            1.034694
     10           50.270331           49.994496           -0.275835            0.944871
 ---------------------------------------------------------------------------------------------------


 -------------------------------------------------------------
   BSE@GW       calculation: triplet        manifold
 -------------------------------------------------------------
 | State |  Excitation energy (au) |  Excitation energy (eV) |
 -------------------------------------------------------------
 |     1 |                0.412894 |               11.235408 |
 |     2 |                0.546284 |               14.865149 |
 |     3 |                0.786428 |               21.399782 |
 |     4 |                0.786428 |               21.399782 |
 |     5 |                0.796074 |               21.662272 |
 |     6 |                1.250342 |               34.023531 |
 |     7 |                1.266849 |               34.472704 |
 |     8 |                1.266849 |               34.472704 |
 |     9 |                1.721400 |               46.841689 |
 |    10 |                1.737561 |               47.281439 |
 |    11 |                2.136186 |               58.128584 |
 |    12 |                3.186128 |               86.698959 |
 |    13 |                3.186128 |               86.698959 |
 |    14 |                3.366761 |               91.614233 |
 |    15 |                3.366761 |               91.614233 |
 |    16 |                3.693004 |              100.491753 |
 |    17 |                3.886263 |              105.750616 |
 |    18 |                3.886263 |              105.750616 |
 |    19 |                4.150354 |              112.936892 |
 |    20 |                4.150354 |              112.936892 |
 -------------------------------------------------------------

 -------------------------------------------------------------
 Excitation n.   1:  11.235408 eV  f = 0.0000  <S**2> = 2.0000
 -------------------------------------------------------------
  1 ->   2 =  -0.670173
  1 ->   4 =  -0.229896

 -------------------------------------------------------------
 Excitation n.   2:  14.865149 eV  f = 0.0000  <S**2> = 2.0000
 -------------------------------------------------------------
  1 ->   3 =  -0.703854

 -------------------------------------------------------------
 Excitation n.   3:  21.399782 eV  f = 0.0000  <S**2> = 2.0000
 -------------------------------------------------------------
  1 ->   6 =   0.706901

 -------------------------------------------------------------
 Excitation n.   4:  21.399782 eV  f = 0.0000  <S**2> = 2.0000
 -------------------------------------------------------------
  1 ->   5 =   0.706901

 -------------------------------------------------------------
 Excitation n.   5:  21.662272 eV  f = 0.0000  <S**2> = 2.0000
 -------------------------------------------------------------
  1 ->   2 =   0.228725
  1 ->   4 =  -0.666870

 -------------------------------------------------------------
 Excitation n.   6:  34.023531 eV  f = 0.0000  <S**2> = 2.0000
 -------------------------------------------------------------
  1 ->   7 =  -0.704926

 -------------------------------------------------------------
 Excitation n.   7:  34.472704 eV  f = 0.0000  <S**2> = 2.0000
 -------------------------------------------------------------
  1 ->   8 =  -0.659326
  1 ->   9 =  -0.255041

 -------------------------------------------------------------
 Excitation n.   8:  34.472704 eV  f = 0.0000  <S**2> = 2.0000
 -------------------------------------------------------------
  1 ->   8 =   0.255041
  1 ->   9 =  -0.659326

 -------------------------------------------------------------
 Excitation n.   9:  46.841689 eV  f = 0.0000  <S**2> = 2.0000
 -------------------------------------------------------------
  1 ->  11 =  -0.704709

 -------------------------------------------------------------
 Excitation n.  10:  47.281439 eV  f = 0.0000  <S**2> = 2.0000
 -------------------------------------------------------------
  1 ->  10 =   0.706674

Thomas-Reiche-Kuhn sum rule =   0.000000


 *** dynamical TDA activated ***

 ---------------------------------------------------------------------------------------------------
  First-order dynamical correction to static Bethe-Salpeter excitation energies                     
 ---------------------------------------------------------------------------------------------------
  BSE neutral excitation must be lower than the GW gap =  21.211627 eV
 ---------------------------------------------------------------------------------------------------
      #          Static (eV)         Dynamic (eV)      Correction (eV)         Renorm. (eV)
 ---------------------------------------------------------------------------------------------------
      1           11.235408           11.007181           -0.228227            1.010499
      2           14.865149           14.707666           -0.157483            1.009827
      3           21.399782           21.042224           -0.357558            1.016885
      4           21.399782           21.042224           -0.357558            1.016885
      5           21.662272           21.382469           -0.279803            1.010319
      6           34.023531           33.773199           -0.250332            1.011466
      7           34.472704           34.276764           -0.195940            1.010858
      8           34.472704           34.276764           -0.195940            1.010858
      9           46.841689           46.319144           -0.522545            0.968068
     10           47.281439           47.157837           -0.123602            0.947505
 ---------------------------------------------------------------------------------------------------


 -------------------------------------------------------------------------------
          Tr@BSE@G0W0 correlation energy (singlet) =       -0.0311572960
          Tr@BSE@G0W0 correlation energy (triplet) =       -0.0141365046
          Tr@BSE@G0W0 correlation energy           =       -0.0452938006
          Tr@BSE@G0W0 total energy                 =       -1.1773955297
 -------------------------------------------------------------------------------

                                       Total CPU time for G0W0 =      0.013 seconds


 ************************************************
 |          One-shot G0T0 calculation           |
 ************************************************


 -------------------------------------------------------------
   pp-RPA (N+2) calculation: alpha-beta     manifold
 -------------------------------------------------------------
 | State |  Excitation energy (au) |  Excitation energy (eV) |
 -------------------------------------------------------------
 |     1 |                0.609067 |               16.573560 |
 |     2 |                0.660090 |               17.961953 |
 |     3 |                0.743634 |               20.235315 |
 |     4 |                0.822615 |               22.384484 |
 |     5 |                1.062088 |               28.900883 |
 |     6 |                1.133026 |               30.831197 |
 |     7 |                1.152917 |               31.372474 |
 |     8 |                1.152917 |               31.372474 |
 |     9 |                1.166040 |               31.729577 |
 |    10 |                1.166040 |               31.729577 |
 |    11 |                1.182126 |               32.167297 |
 |    12 |                1.211054 |               32.954456 |
 |    13 |                1.275709 |               34.713807 |
 |    14 |                1.275709 |               34.713807 |
 |    15 |                1.288030 |               35.049075 |
 |    16 |                1.288030 |               35.049075 |
 |    17 |                1.549560 |               42.165668 |
 |    18 |                1.572700 |               42.795336 |
 |    19 |                1.572700 |               42.795336 |
 |    20 |                1.620827 |               44.104954 |
 -------------------------------------------------------------


 -------------------------------------------------------------
   pp-RPA (N-2) calculation: alpha-beta     manifold
 -------------------------------------------------------------
 | State |  Excitation energy (au) |  Excitation energy (eV) |
 -------------------------------------------------------------
 |     1 |               -1.867088 |              -50.806055 |
 -------------------------------------------------------------


 -------------------------------------------------------------
   pp-RPA (N+2) calculation: alpha-alpha    manifold
 -------------------------------------------------------------
 | State |  Excitation energy (au) |  Excitation energy (eV) |
 -------------------------------------------------------------
 |     1 |                0.660090 |               17.961953 |
 |     2 |                1.062088 |               28.900883 |
 |     3 |                1.152917 |               31.372474 |
 |     4 |                1.152917 |               31.372474 |
 |     5 |                1.182126 |               32.167297 |
 |     6 |                1.275709 |               34.713807 |
 |     7 |                1.275709 |               34.713807 |
 |     8 |                1.549560 |               42.165668 |
 |     9 |                1.572700 |               42.795336 |
 |    10 |                1.572700 |               42.795336 |
 |    11 |                1.664530 |               45.294167 |
 |    12 |                1.682156 |               45.773793 |
 |    13 |                1.682156 |               45.773793 |
 |    14 |                1.731134 |               47.106552 |
 |    15 |                1.731134 |               47.106552 |
 |    16 |                1.821214 |               49.557744 |
 |    17 |                1.996332 |               54.322952 |
 |    18 |                2.061731 |               56.102549 |
 |    19 |                2.075296 |               56.471681 |
 |    20 |                2.098175 |               57.094250 |
 -------------------------------------------------------------


 -------------------------------------------------------------
   pp-RPA (N-2) calculation: alpha-alpha    manifold
 -------------------------------------------------------------
 | State |  Excitation energy (au) |  Excitation energy (eV) |
 -------------------------------------------------------------
 -------------------------------------------------------------

 -------------------------------------------------------------------------------
   One-shot G0T0 calculation (T-matrix self-energy)  
 -------------------------------------------------------------------------------
 |   # |       e_HF (eV) |    Sigma_T (eV) |               Z |       e_QP (eV) |
 -------------------------------------------------------------------------------
 |   1 |      -16.527219 |       -0.077989 |        0.987585 |      -16.604240 |
 |   2 |        4.638366 |       -0.250796 |        0.994585 |        4.388928 |
 |   3 |        7.549209 |       -0.163544 |        0.996426 |        7.386249 |
 |   4 |       17.234871 |       -0.627483 |        0.986453 |       16.615888 |
 |   5 |       18.972525 |       -0.666295 |        0.987119 |       18.314813 |
 |   6 |       18.972525 |       -0.666295 |        0.987119 |       18.314813 |
 |   7 |       30.055172 |       -0.937606 |        0.910768 |       29.201230 |
 |   8 |       30.645138 |       -0.612584 |        0.984148 |       30.042265 |
 |   9 |       30.645138 |       -0.612584 |        0.984148 |       30.042265 |
 |  10 |       41.975901 |       -0.419927 |        0.985224 |       41.562179 |
 |  11 |       44.248699 |       -0.802904 |        0.928837 |       43.502932 |
 |  12 |       55.863677 |       -1.140676 |        0.839964 |       54.905550 |
 |  13 |       86.586837 |       -1.093580 |        0.858185 |       85.648343 |
 |  14 |       86.586837 |       -1.093580 |        0.858185 |       85.648343 |
 |  15 |       93.474734 |      -38.029781 |        0.001569 |       93.415060 |
 |  16 |       93.474734 |      -38.029781 |        0.001569 |       93.415060 |
 |  17 |       99.356227 |       -3.962813 |        0.174635 |       98.664179 |
 |  18 |      104.925768 |       18.230071 |        0.006531 |      105.044833 |
 |  19 |      104.925768 |       18.230071 |        0.006531 |      105.044833 |
 |  20 |      112.328756 |       -1.681876 |        0.836586 |      110.921722 |
 |  21 |      112.328756 |       -1.681876 |        0.836586 |      110.921722 |
 |  22 |      113.034606 |       -1.596220 |        0.791643 |      111.770970 |
 |  23 |      113.034606 |       -1.596220 |        0.791643 |      111.770970 |
 |  24 |      122.427956 |       -1.232690 |        0.906209 |      121.310881 |
 |  25 |      124.312033 |       -2.418679 |        0.779664 |      122.426275 |
 |  26 |      134.405028 |       -1.131672 |        0.832510 |      133.462900 |
 |  27 |      160.435240 |       -2.158903 |        0.473534 |      159.412925 |
 |  28 |      160.435240 |       -2.158903 |        0.473534 |      159.412925 |
 |  29 |      169.029594 |      -14.984692 |        0.018120 |      168.758068 |
 |  30 |      263.419019 |       -0.997275 |        0.167425 |      263.252050 |
 -------------------------------------------------------------------------------
             G0T0 HOMO      energy (eV)            =     -16.604240 eV
             G0T0 LUMO      energy (eV)            =       4.388928 eV
             G0T0 HOMO-LUMO gap    (eV)            =      20.993168 eV
 -------------------------------------------------------------------------------
        Tr@ppRPA@G0T0 correlation energy (singlet) =       -0.0211243491 au
        Tr@ppRPA@G0T0 correlation energy (triplet) =        0.0000000000 au
        Tr@ppRPA@G0T0 correlation energy           =       -0.0211243491 au
        Tr@ppRPA@G0T0 total energy                 =       -1.1532260782 au
              GM@G0T0 correlation energy           =       -0.0350458549 au
              GM@G0T0 total energy                 =       -1.1671475840 au
 -------------------------------------------------------------------------------


 -------------------------------------------------------------
   BSE@GT       calculation: singlet        manifold
 -------------------------------------------------------------
 | State |  Excitation energy (au) |  Excitation energy (eV) |
 -------------------------------------------------------------
 |     1 |                0.514323 |               13.995434 |
 |     2 |                0.621015 |               16.898684 |
 |     3 |                0.913882 |               24.867985 |
 |     4 |                0.924662 |               25.161335 |
 |     5 |                0.924662 |               25.161335 |
 |     6 |                1.292509 |               35.170951 |
 |     7 |                1.307858 |               35.588637 |
 |     8 |                1.307858 |               35.588637 |
 |     9 |                1.751312 |               47.655629 |
 |    10 |                1.799731 |               48.973187 |
 |    11 |                2.194595 |               59.717977 |
 |    12 |                3.203626 |               87.175110 |
 |    13 |                3.203626 |               87.175110 |
 |    14 |                3.479690 |               94.687183 |
 |    15 |                3.479690 |               94.687183 |
 |    16 |                3.704793 |              100.812542 |
 |    17 |                3.943421 |              107.305944 |
 |    18 |                3.943421 |              107.305944 |
 |    19 |                4.130933 |              112.408421 |
 |    20 |                4.130933 |              112.408421 |
 -------------------------------------------------------------

 ---------------------------------------------------------------
                 Transition dipole moment (au)                  
 ---------------------------------------------------------------
  #           X           Y           Z   dip. str.   osc. str.
 ---------------------------------------------------------------
  1    0.000000   -0.000000    1.213369    1.472264    0.504813
  2   -0.000000    0.000000   -0.000000    0.000000    0.000000
  3    0.000000    0.000000    0.613714    0.376645    0.229472
  4    0.159118   -1.106680    0.000000    1.250059    0.770588
  5   -1.106680   -0.159118    0.000000    1.250059    0.770588
  6    0.000000    0.000000   -0.000000    0.000000    0.000000
  7    0.000000   -0.000000    0.000000    0.000000    0.000000
  8    0.000000   -0.000000   -0.000000    0.000000    0.000000
  9   -0.000000   -0.000000   -0.061334    0.003762    0.004392
 10    0.000000   -0.000000    0.000000    0.000000    0.000000
 ---------------------------------------------------------------

 -------------------------------------------------------------
 Excitation n.   1:  13.995434 eV  f = 0.5048  <S**2> = 0.0000
 -------------------------------------------------------------
  1 ->   2 =  -0.705856

 -------------------------------------------------------------
 Excitation n.   2:  16.898684 eV  f = 0.0000  <S**2> = 0.0000
 -------------------------------------------------------------
  1 ->   3 =  -0.706955

 -------------------------------------------------------------
 Excitation n.   3:  24.867985 eV  f = 0.2295  <S**2> = 0.0000
 -------------------------------------------------------------
  1 ->   4 =  -0.705723

 -------------------------------------------------------------
 Excitation n.   4:  25.161335 eV  f = 0.7706  <S**2> = 0.0000
 -------------------------------------------------------------
  1 ->   5 =   0.699060
  1 ->   6 =  -0.107290

 -------------------------------------------------------------
 Excitation n.   5:  25.161335 eV  f = 0.7706  <S**2> = 0.0000
 -------------------------------------------------------------
  1 ->   5 =   0.107290
  1 ->   6 =   0.699060

 -------------------------------------------------------------
 Excitation n.   6:  35.170951 eV  f = 0.0000  <S**2> = 0.0000
 -------------------------------------------------------------
  1 ->   7 =   0.705979

 -------------------------------------------------------------
 Excitation n.   7:  35.588637 eV  f = 0.0000  <S**2> = 0.0000
 -------------------------------------------------------------
  1 ->   8 =  -0.696342
  1 ->   9 =   0.122409

 -------------------------------------------------------------
 Excitation n.   8:  35.588637 eV  f = 0.0000  <S**2> = 0.0000
 -------------------------------------------------------------
  1 ->   8 =  -0.122409
  1 ->   9 =  -0.696342

 -------------------------------------------------------------
 Excitation n.   9:  47.655629 eV  f = 0.0044  <S**2> = 0.0000
 -------------------------------------------------------------
  1 ->  10 =   0.707027

 -------------------------------------------------------------
 Excitation n.  10:  48.973187 eV  f = 0.0000  <S**2> = 0.0000
 -------------------------------------------------------------
  1 ->  11 =  -0.705811

Thomas-Reiche-Kuhn sum rule =   2.279853


 *** dynamical TDA activated ***

 ---------------------------------------------------------------------------------------------------
  First-order dynamical correction to static Bethe-Salpeter excitation energies                     
 ---------------------------------------------------------------------------------------------------
  BSE neutral excitation must be lower than the GT gap =  20.993168 eV
 ---------------------------------------------------------------------------------------------------
      #          Static (eV)         Dynamic (eV)      Correction (eV)         Renorm. (eV)
 ---------------------------------------------------------------------------------------------------
      1           13.995434           13.922259           -0.073174            1.002052
      2           16.898684           16.913266            0.014582            0.994169
      3           24.867985           24.892368            0.024383            0.997757
      4           25.161335           25.140886           -0.020449            1.002074
      5           25.161335           25.140886           -0.020449            1.002074
      6           35.170951           35.177063            0.006111            0.993516
      7           35.588637           35.582661           -0.005976            0.997299
      8           35.588637           35.582661           -0.005976            0.997299
      9           47.655629           47.654920           -0.000709            0.999895
     10           48.973187           48.914371           -0.058816            0.981064
 ---------------------------------------------------------------------------------------------------


 -------------------------------------------------------------
   BSE@GT       calculation: triplet        manifold
 -------------------------------------------------------------
 | State |  Excitation energy (au) |  Excitation energy (eV) |
 -------------------------------------------------------------
 |     1 |                0.398139 |               10.833925 |
 |     2 |                0.540422 |               14.705644 |
 |     3 |                0.760772 |               20.701658 |
 |     4 |                0.760772 |               20.701658 |
 |     5 |                0.784019 |               21.334253 |
 |     6 |                1.227781 |               33.409626 |
 |     7 |                1.264100 |               34.397901 |
 |     8 |                1.264100 |               34.397901 |
 |     9 |                1.705598 |               46.411678 |
 |    10 |                1.732252 |               47.136984 |
 |    11 |                2.089318 |               56.853247 |
 |    12 |                3.123281 |               84.988818 |
 |    13 |                3.123281 |               84.988818 |
 |    14 |                3.340908 |               90.910738 |
 |    15 |                3.340908 |               90.910738 |
 |    16 |                3.605563 |               98.112374 |
 |    17 |                3.882834 |              105.657282 |
 |    18 |                3.882834 |              105.657282 |
 |    19 |                4.083664 |              111.122155 |
 |    20 |                4.083664 |              111.122155 |
 -------------------------------------------------------------

 -------------------------------------------------------------
 Excitation n.   1:  10.833925 eV  f = 0.0000  <S**2> = 2.0000
 -------------------------------------------------------------
  1 ->   2 =   0.663891
  1 ->   4 =   0.243002

 -------------------------------------------------------------
 Excitation n.   2:  14.705644 eV  f = 0.0000  <S**2> = 2.0000
 -------------------------------------------------------------
  1 ->   3 =   0.702785

 -------------------------------------------------------------
 Excitation n.   3:  20.701658 eV  f = 0.0000  <S**2> = 2.0000
 -------------------------------------------------------------
  1 ->   5 =   0.701419
  1 ->   6 =   0.086866

 -------------------------------------------------------------
 Excitation n.   4:  20.701658 eV  f = 0.0000  <S**2> = 2.0000
 -------------------------------------------------------------
  1 ->   5 =   0.086866
  1 ->   6 =  -0.701419

 -------------------------------------------------------------
 Excitation n.   5:  21.334253 eV  f = 0.0000  <S**2> = 2.0000
 -------------------------------------------------------------
  1 ->   2 =   0.244215
  1 ->   4 =  -0.659911
  1 ->  12 =  -0.071307

 -------------------------------------------------------------
 Excitation n.   6:  33.409626 eV  f = 0.0000  <S**2> = 2.0000
 -------------------------------------------------------------
  1 ->   7 =   0.704386

 -------------------------------------------------------------
 Excitation n.   7:  34.397901 eV  f = 0.0000  <S**2> = 2.0000
 -------------------------------------------------------------
  1 ->   8 =   0.706289

 -------------------------------------------------------------
 Excitation n.   8:  34.397901 eV  f = 0.0000  <S**2> = 2.0000
 -------------------------------------------------------------
  1 ->   9 =   0.706289

 -------------------------------------------------------------
 Excitation n.   9:  46.411678 eV  f = 0.0000  <S**2> = 2.0000
 -------------------------------------------------------------
  1 ->  11 =   0.704024

 -------------------------------------------------------------
 Excitation n.  10:  47.136984 eV  f = 0.0000  <S**2> = 2.0000
 -------------------------------------------------------------
  1 ->  10 =   0.706401

Thomas-Reiche-Kuhn sum rule =   0.000000


 *** dynamical TDA activated ***

 ---------------------------------------------------------------------------------------------------
  First-order dynamical correction to static Bethe-Salpeter excitation energies                     
 ---------------------------------------------------------------------------------------------------
  BSE neutral excitation must be lower than the GT gap =  20.993168 eV
 ---------------------------------------------------------------------------------------------------
      #          Static (eV)         Dynamic (eV)      Correction (eV)         Renorm. (eV)
 ---------------------------------------------------------------------------------------------------
      1           10.833925           10.724511           -0.109413            1.003266
      2           14.705644           14.625189           -0.080455            1.007013
      3           20.701658           20.634272           -0.067386            1.004362
      4           20.701658           20.634272           -0.067386            1.004362
      5           21.334253           21.268565           -0.065688            1.004215
      6           33.409626           33.390968           -0.018658            1.009327
      7           34.397901           34.405202            0.007301            1.006302
      8           34.397901           34.405202            0.007301            1.006302
      9           46.411678           46.486160            0.074482            1.016470
     10           47.136984           47.186966            0.049982            1.005509
 ---------------------------------------------------------------------------------------------------


 -------------------------------------------------------------------------------
          Tr@BSE@G0T0 correlation energy (singlet) =       -0.0037845908 au
          Tr@BSE@G0T0 correlation energy (triplet) =       -0.0047586775 au
          Tr@BSE@G0T0 correlation energy           =       -0.0085432684 au
          Tr@BSE@G0T0 total energy                 =       -1.1406449974 au
 -------------------------------------------------------------------------------

                                       Total CPU time for G0T0 =     11.274 seconds

                                      Total CPU time for QuAcK =     25.262 seconds

