78 significant shell pairs computed in 0.000039 seconds
0
Computed Electron repulsion integrals Integrals in parallel in 0.111877 seconds

 ******************************************************************************************
 *            QuAcK                       QuAcK                         QuAcK             *
 *   __        __        __       __        __        __       __        __        __     *
 * <(o )___  <(o )___  <(o )___ <(o )___  <(o )___  <(o )___ <(o )___  <(o )___  <(o )___ *
 * ( ._> /   ( ._> /   ( ._> /  ( ._> /   ( ._> /   ( ._> /  ( ._> /   ( ._> /   ( ._> /  *
 *|--------------------------------------------------------------------------------------|*
 ******************************************************************************************

      ----------------------
             Number of atoms                2
      ----------------------

      ----------------------
Number of spin-up   electron                1
Number of spin-down electron                1
    Total number of electron                2
      ----------------------

      ----------------------
Number of core      electron                0
Number of Rydberg   electron                0
      ----------------------

          ------------------
          Molecular geometry
          ------------------
                    Atom n.                 1
                        Z =      1.0000000000
           Atom coordinates:     0.0000000000    0.0000000000    0.0000000000
                    Atom n.                 2
                        Z =      1.0000000000
           Atom coordinates:     0.0000000000    0.0000000000    1.1338356753

          ------------------
 Nuclear repulsion energy =      0.8819620178
          ------------------

          Gaussian basis set
          ------------------
                    Atom n.                 1
           number of shells                 6
          ------------------
      s-type shell with K =                 5
                                    Exponents     Contraction
                                33.8700000000    0.0060680000
                                 5.0950000000    0.0453080000
                                 1.1590000000    0.2028220000
                                 0.3258000000    0.5039030000
                                 0.1027000000    0.3834210000
      s-type shell with K =                 1
                                    Exponents     Contraction
                                 0.3258000000    1.0000000000
      s-type shell with K =                 1
                                    Exponents     Contraction
                                 0.1027000000    1.0000000000
      p-type shell with K =                 1
                                    Exponents     Contraction
                                 1.4070000000    1.0000000000
      p-type shell with K =                 1
                                    Exponents     Contraction
                                 0.3880000000    1.0000000000
      d-type shell with K =                 1
                                    Exponents     Contraction
                                 1.0570000000    1.0000000000
          ------------------
                    Atom n.                 2
           number of shells                 6
          ------------------
      s-type shell with K =                 5
                                    Exponents     Contraction
                                33.8700000000    0.0060680000
                                 5.0950000000    0.0453080000
                                 1.1590000000    0.2028220000
                                 0.3258000000    0.5039030000
                                 0.1027000000    0.3834210000
      s-type shell with K =                 1
                                    Exponents     Contraction
                                 0.3258000000    1.0000000000
      s-type shell with K =                 1
                                    Exponents     Contraction
                                 0.1027000000    1.0000000000
      p-type shell with K =                 1
                                    Exponents     Contraction
                                 1.4070000000    1.0000000000
      p-type shell with K =                 1
                                    Exponents     Contraction
                                 0.3880000000    1.0000000000
      d-type shell with K =                 1
                                    Exponents     Contraction
                                 1.0570000000    1.0000000000
          ------------------
            Number of shells               12
          ------------------

          ------------------
   Number of basis functions               30
          ------------------

 Scaling integrals by    1.0000000000000000     

                          Total CPU time for reading integrals =      0.040 seconds


 ************************************************
 |    Restricted Hartree-Fock calculation       |
 ************************************************


 ----------------------------------------------------
 | RHF calculation                                  |
 ----------------------------------------------------
 |   # |        HF energy |       Conv |     HL Gap |
 ----------------------------------------------------
 |   1 |    -0.4844347394 |   0.070741 |   0.317503 |
 |   2 |    -1.1219042326 |   0.196037 |   1.842334 |
 |   3 |    -1.1227992215 |   0.107842 |   1.838600 |
 |   4 |    -1.1208895122 |   0.061641 |   1.833843 |
 |   5 |    -1.1191217095 |   0.036401 |   1.830416 |
 |   6 |    -1.1178517007 |   0.022006 |   1.828175 |
 |   7 |    -1.1170004326 |   0.013516 |   1.826745 |
 |   8 |    -1.1164450858 |   0.008389 |   1.825839 |
 |   9 |    -1.1160874360 |   0.005273 |   1.825265 |
 |  10 |    -1.1158587131 |   0.003322 |   1.824902 |
 |  11 |    -1.1157130453 |   0.002095 |   1.824673 |
 |  12 |    -1.1156205125 |   0.001323 |   1.824528 |
 |  13 |    -1.1155618304 |   0.000835 |   1.824436 |
 |  14 |    -1.1155246563 |   0.000528 |   1.824378 |
 |  15 |    -1.1155011244 |   0.000333 |   1.824341 |
 |  16 |    -1.1154862355 |   0.000211 |   1.824318 |
 |  17 |    -1.1154768183 |   0.000133 |   1.824303 |
 |  18 |    -1.1154708632 |   0.000084 |   1.824294 |
 |  19 |    -1.1154670981 |   0.000053 |   1.824288 |
 |  20 |    -1.1154647179 |   0.000034 |   1.824284 |
 |  21 |    -1.1154632132 |   0.000021 |   1.824282 |
 |  22 |    -1.1154622621 |   0.000013 |   1.824280 |
 |  23 |    -1.1154616609 |   0.000008 |   1.824279 |
 |  24 |    -1.1154612809 |   0.000005 |   1.824279 |
 |  25 |    -1.1154610407 |   0.000003 |   1.824278 |
 |  26 |    -1.1154608889 |   0.000002 |   1.824278 |
 |  27 |    -1.1154607929 |   0.000001 |   1.824278 |
 |  28 |    -1.1154607323 |   0.000001 |   1.824278 |
 |  29 |    -1.1154606940 |   0.000001 |   1.824278 |
 |  30 |    -1.1154606697 |   0.000000 |   1.824278 |
 |  31 |    -1.1154606544 |   0.000000 |   1.824278 |
 |  32 |    -1.1154606447 |   0.000000 |   1.824278 |
 |  33 |    -1.1154606507 |   0.000000 |   0.824278 |
 ----------------------------------------------------

         -----------------------------------------
           Summary              
         -----------------------------------------
           One-electron energy:     -2.7107441138 au
           Kinetic      energy:      1.2927989997 au
           Potential    energy:     -4.0035431135 au
         -----------------------------------------
           Two-electron energy:      0.7133214453 au
           Hartree      energy:      1.4266428906 au
           Exchange     energy:     -0.7133214453 au
         -----------------------------------------
           Electronic   energy:     -1.9974226685 au
           Nuclear   repulsion:      0.8819620178 au
           RHF          energy:     -1.1154606507 au
         -----------------------------------------
           HF HOMO      energy:        -17.471087 eV
           HF LUMO      energy:          4.958656 eV
           HF HOMO-LUMO gap   :         22.429743 eV
         -----------------------------------------
          Dipole moment (Debye)    
                   X         Y         Z      Tot.
            0.000000 -0.000000  0.000000  0.000000
         -----------------------------------------

           ---------------------------------------
                 MO coefficients
           ---------------------------------------
                 1              2              3              4              5
      1     0.85818567    -0.34409182    -0.00087732     0.02374361     0.00000000
      2    -0.14602712     1.24919612    -0.97804780    -5.04957678     0.00000000
      3    -0.22022071    -2.98718142     0.92719057     2.90471098     0.00000000
      4     0.00000000     0.00000000     0.00000000     0.00000000     0.01520030
      5     0.00000000     0.00000000     0.00000000     0.00000000    -0.05375564
      6     0.01316575     0.02022152    -0.01800348    -0.03683518     0.00000000
      7     0.00000000     0.00000000     0.00000000     0.00000000    -0.15279575
      8     0.00000000     0.00000000     0.00000000     0.00000000     0.54035994
      9     0.01387686     0.25507834     0.05205304    -0.84212406     0.00000000
     10    -0.00278821    -0.04133511     0.08325121     0.14590471     0.00000000
     11     0.00000000     0.00000000     0.00000000     0.00000000     0.00000000
     12     0.00000000     0.00000000     0.00000000     0.00000000     0.00072321
     13    -0.00278821    -0.04133511     0.08325121     0.14590471     0.00000000
     14     0.00000000     0.00000000     0.00000000     0.00000000    -0.00255763
     15    -0.00284974    -0.02097878     0.10971593     0.06762973     0.00000000
     16     0.85818567     0.34409182    -0.00087732    -0.02374361     0.00000000
     17    -0.14602712    -1.24919612    -0.97804780     5.04957678     0.00000000
     18    -0.22022071     2.98718142     0.92719057    -2.90471098     0.00000000
     19     0.00000000     0.00000000     0.00000000     0.00000000     0.01520030
     20     0.00000000     0.00000000     0.00000000     0.00000000    -0.05375564
     21    -0.01316575     0.02022152     0.01800348    -0.03683518     0.00000000
     22     0.00000000     0.00000000     0.00000000     0.00000000    -0.15279575
     23     0.00000000     0.00000000     0.00000000     0.00000000     0.54035994
     24    -0.01387686     0.25507834    -0.05205304    -0.84212406     0.00000000
     25    -0.00278821     0.04133511     0.08325121    -0.14590471     0.00000000
     26     0.00000000     0.00000000     0.00000000     0.00000000     0.00000000
     27     0.00000000     0.00000000     0.00000000     0.00000000    -0.00072321
     28    -0.00278821     0.04133511     0.08325121    -0.14590471     0.00000000
     29     0.00000000     0.00000000     0.00000000     0.00000000     0.00255763
     30    -0.00284974     0.02097878     0.10971593    -0.06762973     0.00000000
                 6              7              8              9             10
      1     0.00000000     0.04282869     0.00000000     0.00000000    -0.05741032
      2     0.00000000     0.80416297     0.00000000     0.00000000   -21.70799718
      3     0.00000000    -0.42582702     0.00000000     0.00000000     1.54849803
      4     0.05375564     0.00000000    -0.01130793     0.00014162     0.00000000
      5     0.01520030     0.00000000    -0.00014162    -0.01130793     0.00000000
      6     0.00000000     0.07881194     0.00000000     0.00000000     0.01001677
      7    -0.54035994     0.00000000    -1.77369204     0.02221417     0.00000000
      8    -0.15279575     0.00000000    -0.02221417    -1.77369204     0.00000000
      9     0.00000000    -1.28341774     0.00000000     0.00000000    -7.82477557
     10     0.00000000     0.02382687     0.00000000     0.00000000     0.07977107
     11     0.00000000     0.00000000     0.00000000     0.00000000     0.00000000
     12     0.00255763     0.00000000    -0.20547286     0.00257339     0.00000000
     13     0.00000000     0.02382687     0.00000000     0.00000000     0.07977107
     14     0.00072321     0.00000000    -0.00257339    -0.20547286     0.00000000
     15     0.00000000    -0.17489508     0.00000000     0.00000000    -0.13865511
     16     0.00000000     0.04282869     0.00000000     0.00000000     0.05741032
     17     0.00000000     0.80416297     0.00000000     0.00000000    21.70799718
     18     0.00000000    -0.42582702     0.00000000     0.00000000    -1.54849803
     19     0.05375564     0.00000000     0.01130793    -0.00014162     0.00000000
     20     0.01520030     0.00000000     0.00014162     0.01130793     0.00000000
     21     0.00000000    -0.07881194     0.00000000     0.00000000     0.01001677
     22    -0.54035994     0.00000000     1.77369204    -0.02221417     0.00000000
     23    -0.15279575     0.00000000     0.02221417     1.77369204     0.00000000
     24     0.00000000     1.28341774     0.00000000     0.00000000    -7.82477557
     25     0.00000000     0.02382687     0.00000000     0.00000000    -0.07977107
     26     0.00000000     0.00000000     0.00000000     0.00000000     0.00000000
     27    -0.00255763     0.00000000    -0.20547286     0.00257339     0.00000000
     28     0.00000000     0.02382687     0.00000000     0.00000000    -0.07977107
     29    -0.00072321     0.00000000    -0.00257339    -0.20547286     0.00000000
     30     0.00000000    -0.17489508     0.00000000     0.00000000     0.13865511
                11             12             13             14             15
      1     3.79528610    -3.80394254     0.00000000     0.00000000     0.00000000
      2    -3.94486910    -1.87562925     0.00000000     0.00000000     0.00000000
      3    -0.89698349     0.10276531     0.00000000     0.00000000     0.00000000
      4     0.00000000     0.00000000     0.00000000     0.00000000    -0.13765603
      5     0.00000000     0.00000000     0.00000000     0.00000000    -0.65809501
      6     0.04325716     0.43880127     0.00000000     0.00000000     0.00000000
      7     0.00000000     0.00000000     0.00000000     0.00000000     0.07851936
      8     0.00000000     0.00000000     0.00000000     0.00000000     0.37537910
      9    -0.50897575    -2.65870857     0.00000000     0.00000000     0.00000000
     10     0.47499237    -0.58267295    -0.00010220    -0.49885304     0.00000000
     11     0.00000000     0.00000000     0.57602587    -0.00011801     0.00000000
     12     0.00000000     0.00000000     0.00000000     0.00000000    -0.03610138
     13     0.47499237    -0.58267295     0.00010220     0.49885304     0.00000000
     14     0.00000000     0.00000000     0.00000000     0.00000000    -0.17259063
     15     0.55200685    -0.27976904     0.00000000     0.00000000     0.00000000
     16     3.79528610     3.80394254     0.00000000     0.00000000     0.00000000
     17    -3.94486910     1.87562925     0.00000000     0.00000000     0.00000000
     18    -0.89698349    -0.10276531     0.00000000     0.00000000     0.00000000
     19     0.00000000     0.00000000     0.00000000     0.00000000    -0.13765603
     20     0.00000000     0.00000000     0.00000000     0.00000000    -0.65809501
     21    -0.04325716     0.43880127     0.00000000     0.00000000     0.00000000
     22     0.00000000     0.00000000     0.00000000     0.00000000     0.07851936
     23     0.00000000     0.00000000     0.00000000     0.00000000     0.37537910
     24     0.50897575    -2.65870857     0.00000000     0.00000000     0.00000000
     25     0.47499237     0.58267295    -0.00010220    -0.49885304     0.00000000
     26     0.00000000     0.00000000     0.57602587    -0.00011801     0.00000000
     27     0.00000000     0.00000000     0.00000000     0.00000000     0.03610138
     28     0.47499237     0.58267295     0.00010220     0.49885304     0.00000000
     29     0.00000000     0.00000000     0.00000000     0.00000000     0.17259063
     30     0.55200685     0.27976904     0.00000000     0.00000000     0.00000000
                16             17             18             19             20
      1     0.00000000    -1.97345503     0.00000000     0.00000000     0.00000000
      2     0.00000000     0.53879479     0.00000000     0.00000000     0.00000000
      3     0.00000000     0.94501771     0.00000000     0.00000000     0.00000000
      4    -0.65809501     0.00000000    -0.02969973    -0.00079279     0.00000000
      5     0.13765603     0.00000000    -0.00079279     0.02969973     0.00000000
      6     0.00000000    -0.64360081     0.00000000     0.00000000     0.00000000
      7     0.37537910     0.00000000     1.45964567     0.03896309     0.00000000
      8    -0.07851936     0.00000000     0.03896309    -1.45964567     0.00000000
      9     0.00000000     1.09947758     0.00000000     0.00000000     0.00000000
     10     0.00000000    -0.13909083     0.00000000     0.00000000    -0.87206653
     11     0.00000000     0.00000000     0.00000000     0.00000000     0.00206437
     12    -0.17259063     0.00000000     1.15268605     0.03076926     0.00000000
     13     0.00000000    -0.13909083     0.00000000     0.00000000     0.87206653
     14     0.03610138     0.00000000     0.03076926    -1.15268605     0.00000000
     15     0.00000000     0.83961042     0.00000000     0.00000000     0.00000000
     16     0.00000000    -1.97345503     0.00000000     0.00000000     0.00000000
     17     0.00000000     0.53879479     0.00000000     0.00000000     0.00000000
     18     0.00000000     0.94501771     0.00000000     0.00000000     0.00000000
     19    -0.65809501     0.00000000     0.02969973     0.00079279     0.00000000
     20     0.13765603     0.00000000     0.00079279    -0.02969973     0.00000000
     21     0.00000000     0.64360081     0.00000000     0.00000000     0.00000000
     22     0.37537910     0.00000000    -1.45964567    -0.03896309     0.00000000
     23    -0.07851936     0.00000000    -0.03896309     1.45964567     0.00000000
     24     0.00000000    -1.09947758     0.00000000     0.00000000     0.00000000
     25     0.00000000    -0.13909083     0.00000000     0.00000000     0.87206653
     26     0.00000000     0.00000000     0.00000000     0.00000000    -0.00206437
     27     0.17259063     0.00000000     1.15268605     0.03076926     0.00000000
     28     0.00000000    -0.13909083     0.00000000     0.00000000    -0.87206653
     29    -0.03610138     0.00000000     0.03076926    -1.15268605     0.00000000
     30     0.00000000     0.83961042     0.00000000     0.00000000     0.00000000
                21             22             23             24             25
      1     0.00000000     0.00000000     0.00000000     0.48355943     0.60971896
      2     0.00000000     0.00000000     0.00000000    -1.94663087    -4.67756177
      3     0.00000000     0.00000000     0.00000000     0.13209854     0.95740654
      4     0.00000000     0.36935658     0.41140394     0.00000000     0.00000000
      5     0.00000000    -0.41140394     0.36935658     0.00000000     0.00000000
      6     0.00000000     0.00000000     0.00000000     0.00280734     0.31099898
      7     0.00000000    -0.12241082    -0.13634600     0.00000000     0.00000000
      8     0.00000000     0.13634600    -0.12241082     0.00000000     0.00000000
      9     0.00000000     0.00000000     0.00000000    -0.51716801    -0.56684203
     10    -0.00178780     0.00000000     0.00000000     1.02523254     1.15830118
     11    -1.00697569     0.00000000     0.00000000     0.00000000     0.00000000
     12     0.00000000    -0.47970644    -0.53431597     0.00000000     0.00000000
     13     0.00178780     0.00000000     0.00000000     1.02523254     1.15830118
     14     0.00000000     0.53431597    -0.47970644     0.00000000     0.00000000
     15     0.00000000     0.00000000     0.00000000     0.28874006     0.90000149
     16     0.00000000     0.00000000     0.00000000     0.48355943    -0.60971896
     17     0.00000000     0.00000000     0.00000000    -1.94663087     4.67756177
     18     0.00000000     0.00000000     0.00000000     0.13209854    -0.95740654
     19     0.00000000     0.36935658     0.41140394     0.00000000     0.00000000
     20     0.00000000    -0.41140394     0.36935658     0.00000000     0.00000000
     21     0.00000000     0.00000000     0.00000000    -0.00280734     0.31099898
     22     0.00000000    -0.12241082    -0.13634600     0.00000000     0.00000000
     23     0.00000000     0.13634600    -0.12241082     0.00000000     0.00000000
     24     0.00000000     0.00000000     0.00000000     0.51716801    -0.56684203
     25     0.00178780     0.00000000     0.00000000     1.02523254    -1.15830118
     26     1.00697569     0.00000000     0.00000000     0.00000000     0.00000000
     27     0.00000000     0.47970644     0.53431597     0.00000000     0.00000000
     28    -0.00178780     0.00000000     0.00000000     1.02523254    -1.15830118
     29     0.00000000    -0.53431597     0.47970644     0.00000000     0.00000000
     30     0.00000000     0.00000000     0.00000000     0.28874006    -0.90000149
                26             27             28             29             30
      1    -3.49100636     0.00000000     0.00000000     6.81973095    19.46866479
      2    -9.87915120     0.00000000     0.00000000    -3.31380277    -3.27205695
      3     1.29634334     0.00000000     0.00000000    -2.68083196    -6.88340618
      4     0.00000000     1.67335170    -0.79648672     0.00000000     0.00000000
      5     0.00000000     0.79648672     1.67335170     0.00000000     0.00000000
      6     0.49678234     0.00000000     0.00000000    -0.49901073     3.31207460
      7     0.00000000     0.64504105    -0.30702848     0.00000000     0.00000000
      8     0.00000000     0.30702848     0.64504105     0.00000000     0.00000000
      9    -5.10885041     0.00000000     0.00000000    -0.81503168     3.63644102
     10    -0.00913236     0.00000000     0.00000000     0.23916517     0.61427022
     11     0.00000000     0.00000000     0.00000000     0.00000000     0.00000000
     12     0.00000000     1.48674589    -0.70766555     0.00000000     0.00000000
     13    -0.00913236     0.00000000     0.00000000     0.23916517     0.61427022
     14     0.00000000     0.70766555     1.48674589     0.00000000     0.00000000
     15    -1.27144466     0.00000000     0.00000000    -1.66476306     2.63925550
     16     3.49100636     0.00000000     0.00000000     6.81973095   -19.46866479
     17     9.87915120     0.00000000     0.00000000    -3.31380277     3.27205695
     18    -1.29634334     0.00000000     0.00000000    -2.68083196     6.88340618
     19     0.00000000    -1.67335170     0.79648672     0.00000000     0.00000000
     20     0.00000000    -0.79648672    -1.67335170     0.00000000     0.00000000
     21     0.49678234     0.00000000     0.00000000     0.49901073     3.31207460
     22     0.00000000    -0.64504105     0.30702848     0.00000000     0.00000000
     23     0.00000000    -0.30702848    -0.64504105     0.00000000     0.00000000
     24    -5.10885041     0.00000000     0.00000000     0.81503168     3.63644102
     25     0.00913236     0.00000000     0.00000000     0.23916517    -0.61427022
     26     0.00000000     0.00000000     0.00000000     0.00000000     0.00000000
     27     0.00000000     1.48674589    -0.70766555     0.00000000     0.00000000
     28     0.00913236     0.00000000     0.00000000     0.23916517    -0.61427022
     29     0.00000000     0.70766555     1.48674589     0.00000000     0.00000000
     30     1.27144466     0.00000000     0.00000000    -1.66476306    -2.63925550

           ---------------------------------------
                     MO energies
           ---------------------------------------
                 1
      1    -0.64205061
      2     0.18222725
      3     0.26935876
      4     0.66866266
      5     0.70988585
      6     0.70988585
      7     1.12485780
      8     1.13590348
      9     1.13590348
     10     1.56970100
     11     1.57970109
     12     2.17720869
     13     3.21112336
     14     3.21112336
     15     3.48179947
     16     3.48179947
     17     3.66053422
     18     3.74573246
     19     3.74573246
     20     4.23380755
     21     4.23380755
     22     4.25881353
     23     4.25881353
     24     4.46077457
     25     4.92374150
     26     5.10701713
     27     6.36083197
     28     6.36083197
     29     6.83887190
     30    11.76919308

                                        Total CPU time for RHF =      0.542 seconds


 AO to MO transformation... Please be patient

                    Total CPU time for AO to MO transformation =      1.609 seconds


 ******************************************************
 | Configuration Interaction with Singles and Doubles |
 ******************************************************

 nS =          116
 nD =         1653
 nH =         1770

 00 block  done...
 0S blocks done...
 0D blocks done...
 SS block  done...
 SD blocks done...
 DD block  done...

 Diagonalizing CISD matrix...

 CISD energies (au)
                 1
      1    -2.03562956
      2    -1.56498827
      3    -1.56498827
      4    -1.56498827
      5    -1.48946929
      6    -1.46256537
      7    -1.46256537
      8    -1.46256537
      9    -1.38471826
     10    -1.21009125
     11    -1.21009125
     12    -1.21009125
     13    -1.21009125
     14    -1.21009125
     15    -1.21009125
     16    -1.17608612
     17    -1.17608612
     18    -1.17608612
     19    -1.06534822
     20    -1.06534822
     21    -1.04469393
     22    -0.80639776
     23    -0.73162993
     24    -0.73162993
     25    -0.73162993
     26    -0.71423505
     27    -0.71423505
     28    -0.70582447
     29    -0.70582447
     30    -0.70582447
     31    -0.70582447
     32    -0.70582447
     33    -0.70582447
     34    -0.69676353
     35    -0.69676353
     36    -0.69676353
     37    -0.63886347
     38    -0.63639070
     39    -0.52065975
     40    -0.50174131
     41    -0.50174131
     42    -0.50174131
     43    -0.50174131
     44    -0.50174131
     45    -0.50174131
     46    -0.45077648
     47    -0.45077648
     48    -0.45077648
     49    -0.43611023
     50    -0.43611023
     51    -0.38836984

 CISD excitation energies (eV)
                 1
      1    12.80680169
      2    12.80680169
      3    12.80680169
      4    14.86177789
      5    15.59387075
      6    15.59387075
      7    15.59387075
      8    17.71219864
      9    22.46404149
     10    22.46404149
     11    22.46404149
     12    22.46404149
     13    22.46404149
     14    22.46404149
     15    23.38936837
     16    23.38936837
     17    23.38936837
     18    26.40270001
     19    26.40270001
     20    26.96473192
     21    33.44910106
     22    35.48363735
     23    35.48363735
     24    35.48363735
     25    35.95697591
     26    35.95697591
     27    36.18583955
     28    36.18583955
     29    36.18583955
     30    36.18583955
     31    36.18583955
     32    36.18583955
     33    36.43240034
     34    36.43240034
     35    36.43240034
     36    38.00794107
     37    38.07522875
     38    41.22442810
     39    41.73922523
     40    41.73922523
     41    41.73922523
     42    41.73922523
     43    41.73922523
     44    41.73922523
     45    43.12604881
     46    43.12604881
     47    43.12604881
     48    43.52513796
     49    43.52513796
     50    44.82422012

                                       Total CPU time for CISD =     11.804 seconds


 ************************************************
 |          One-shot G0W0 calculation           |
 ************************************************


 -------------------------------------------------------------
   RPA@HF       calculation: singlet        manifold
 -------------------------------------------------------------
 | State |  Excitation energy (au) |  Excitation energy (eV) |
 -------------------------------------------------------------
 |     1 |                0.864783 |               23.531933 |
 |     2 |                0.988611 |               26.901464 |
 |     3 |                1.463860 |               39.833664 |
 |     4 |                1.508140 |               41.038579 |
 |     5 |                1.508140 |               41.038579 |
 |     6 |                1.827579 |               49.730961 |
 |     7 |                1.827579 |               49.730961 |
 |     8 |                1.849014 |               50.314243 |
 |     9 |                2.254374 |               61.344652 |
 |    10 |                2.354056 |               64.057117 |
 |    11 |                2.966942 |               80.734592 |
 |    12 |                3.957807 |              107.697404 |
 |    13 |                3.957807 |              107.697404 |
 |    14 |                4.314414 |              117.401194 |
 |    15 |                4.314414 |              117.401194 |
 |    16 |                4.426143 |              120.441491 |
 |    17 |                4.463887 |              121.468561 |
 |    18 |                4.463887 |              121.468561 |
 |    19 |                4.934642 |              134.278436 |
 |    20 |                4.934642 |              134.278436 |
 -------------------------------------------------------------

  *** Quasiparticle energies obtained by linearization *** 

 -------------------------------------------------------------------------------
   One-shot G0W0 calculation
 -------------------------------------------------------------------------------
 |   # |       e_HF (eV) |      Sig_c (eV) |               Z |       e_QP (eV) |
 -------------------------------------------------------------------------------
 |   1 |      -17.471087 |       -0.208819 |        0.954920 |      -17.670493 |
 |   2 |        4.958656 |       -0.205108 |        0.994085 |        4.754761 |
 |   3 |        7.329625 |       -0.216253 |        0.993574 |        7.114761 |
 |   4 |       18.195238 |       -0.823697 |        0.975429 |       17.391779 |
 |   5 |       19.316978 |       -0.743053 |        0.982007 |       18.587295 |
 |   6 |       19.316978 |       -0.743053 |        0.982007 |       18.587295 |
 |   7 |       30.608940 |       -0.687103 |        0.798063 |       30.060588 |
 |   8 |       30.909508 |       -0.893293 |        0.966094 |       30.046503 |
 |   9 |       30.909508 |       -0.893293 |        0.966094 |       30.046503 |
 |  10 |       42.713740 |       -1.020272 |        0.868180 |       41.827960 |
 |  11 |       42.985856 |       -1.405629 |        0.901714 |       41.718380 |
 |  12 |       59.244866 |       -1.328721 |        0.822789 |       58.151609 |
 |  13 |       87.379117 |       -0.849343 |        0.934167 |       86.585690 |
 |  14 |       87.379117 |       -0.849343 |        0.934167 |       86.585690 |
 |  15 |       94.744589 |       -1.688156 |        0.854887 |       93.301408 |
 |  16 |       94.744589 |       -1.688156 |        0.854887 |       93.301408 |
 |  17 |       99.608210 |        6.998040 |        0.067186 |      100.078382 |
 |  18 |      101.926572 |        1.047928 |        0.413207 |      102.359583 |
 |  19 |      101.926572 |        1.047928 |        0.413207 |      102.359583 |
 |  20 |      115.207772 |       -1.419585 |        0.808850 |      114.059541 |
 |  21 |      115.207772 |       -1.419585 |        0.808850 |      114.059541 |
 |  22 |      115.888219 |       -1.722002 |        0.862318 |      114.403306 |
 |  23 |      115.888219 |       -1.722002 |        0.862318 |      114.403306 |
 |  24 |      121.383859 |       -1.835684 |        0.650297 |      120.190118 |
 |  25 |      133.981830 |       -1.373781 |        0.825853 |      132.847289 |
 |  26 |      138.969015 |      -30.154314 |        0.010568 |      138.650348 |
 |  27 |      173.087054 |       -6.749932 |        0.191981 |      171.791195 |
 |  28 |      173.087054 |       -6.749932 |        0.191981 |      171.791195 |
 |  29 |      186.095183 |       -0.684693 |        0.526153 |      185.734930 |
 |  30 |      320.256056 |       -1.459539 |        0.932746 |      318.894677 |
 -------------------------------------------------------------------------------
          G0W0 HOMO      energy:     -17.670493 eV
          G0W0 LUMO      energy:       4.754761 eV
          G0W0 HOMO-LUMO gap   :      22.425254 eV
 -------------------------------------------------------------------------------
    RPA@G0W0 total energy      :      -1.170719 au
    RPA@G0W0 correlation energy:      -0.055258 au
    GM@G0W0  total energy      :      -1.218364 au
    GM@G0W0  correlation energy:      -0.102903 au
 -------------------------------------------------------------------------------


 -------------------------------------------------------------
   BSE@GW       calculation: singlet        manifold
 -------------------------------------------------------------
 | State |  Excitation energy (au) |  Excitation energy (eV) |
 -------------------------------------------------------------
 |     1 |                0.558598 |               15.200222 |
 |     2 |                0.670342 |               18.240942 |
 |     3 |                0.989540 |               26.926763 |
 |     4 |                0.989540 |               26.926763 |
 |     5 |                0.997847 |               27.152808 |
 |     6 |                1.363599 |               37.105414 |
 |     7 |                1.363599 |               37.105414 |
 |     8 |                1.387532 |               37.756666 |
 |     9 |                1.812865 |               49.330568 |
 |    10 |                1.825048 |               49.662080 |
 |    11 |                2.396168 |               65.203063 |
 |    12 |                3.330598 |               90.630188 |
 |    13 |                3.330598 |               90.630188 |
 |    14 |                3.609142 |               98.209757 |
 |    15 |                3.609142 |               98.209757 |
 |    16 |                3.864657 |              105.162671 |
 |    17 |                3.932814 |              107.017324 |
 |    18 |                3.932814 |              107.017324 |
 |    19 |                4.324685 |              117.680666 |
 |    20 |                4.324685 |              117.680666 |
 -------------------------------------------------------------

 ---------------------------------------------------------------
                 Transition dipole moment (au)                  
 ---------------------------------------------------------------
  #           X           Y           Z   dip. str.   osc. str.
 ---------------------------------------------------------------
  1    0.000000    0.000000    1.032756    1.066586    0.397195
  2    0.000000   -0.000000   -0.000000    0.000000    0.000000
  3   -0.297635    1.004048   -0.000000    1.096698    0.723485
  4   -1.004048   -0.297635   -0.000000    1.096698    0.723485
  5    0.000000    0.000000   -0.597601    0.357127    0.237572
  6   -0.000000    0.000000   -0.000000    0.000000    0.000000
  7    0.000000    0.000000    0.000000    0.000000    0.000000
  8   -0.000000   -0.000000   -0.000000    0.000000    0.000000
  9   -0.000000   -0.000000    0.108950    0.011870    0.014346
 10   -0.000000    0.000000    0.000000    0.000000    0.000000
 ---------------------------------------------------------------

 -------------------------------------------------------------
 Excitation n.   1:  15.200222 eV  f = 0.3972  <S**2> = 0.0000
 -------------------------------------------------------------
  1 ->   2 =   0.706829

 -------------------------------------------------------------
 Excitation n.   2:  18.240942 eV  f = 0.0000  <S**2> = 0.0000
 -------------------------------------------------------------
  1 ->   3 =  -0.708039

 -------------------------------------------------------------
 Excitation n.   3:  26.926763 eV  f = 0.7235  <S**2> = 0.0000
 -------------------------------------------------------------
  1 ->   5 =   0.708087

 -------------------------------------------------------------
 Excitation n.   4:  26.926763 eV  f = 0.7235  <S**2> = 0.0000
 -------------------------------------------------------------
  1 ->   6 =   0.708087

 -------------------------------------------------------------
 Excitation n.   5:  27.152808 eV  f = 0.2376  <S**2> = 0.0000
 -------------------------------------------------------------
  1 ->   4 =  -0.707791

 -------------------------------------------------------------
 Excitation n.   6:  37.105414 eV  f = 0.0000  <S**2> = 0.0000
 -------------------------------------------------------------
  1 ->   8 =   0.377027
  1 ->   9 =  -0.598203

 -------------------------------------------------------------
 Excitation n.   7:  37.105414 eV  f = 0.0000  <S**2> = 0.0000
 -------------------------------------------------------------
  1 ->   8 =  -0.598203
  1 ->   9 =  -0.377027

 -------------------------------------------------------------
 Excitation n.   8:  37.756666 eV  f = 0.0000  <S**2> = 0.0000
 -------------------------------------------------------------
  1 ->   7 =   0.704460

 -------------------------------------------------------------
 Excitation n.   9:  49.330568 eV  f = 0.0143  <S**2> = 0.0000
 -------------------------------------------------------------
  1 ->  10 =  -0.707052

 -------------------------------------------------------------
 Excitation n.  10:  49.662080 eV  f = 0.0000  <S**2> = 0.0000
 -------------------------------------------------------------
  1 ->  11 =   0.704645

Thomas-Reiche-Kuhn sum rule =   2.096083


 *** dynamical TDA activated ***

 ---------------------------------------------------------------------------------------------------
  First-order dynamical correction to static Bethe-Salpeter excitation energies                     
 ---------------------------------------------------------------------------------------------------
  BSE neutral excitation must be lower than the GW gap =  22.425254 eV
 ---------------------------------------------------------------------------------------------------
      #          Static (eV)         Dynamic (eV)      Correction (eV)         Renorm. (eV)
 ---------------------------------------------------------------------------------------------------
      1           15.200222           15.148147           -0.052075            1.005339
      2           18.240942           18.175419           -0.065523            1.008682
      3           26.926763           26.689798           -0.236965            1.019595
      4           26.926763           26.689798           -0.236965            1.019595
      5           27.152808           26.961289           -0.191519            1.017752
      6           37.105414           36.951823           -0.153592            1.010265
      7           37.105414           36.951823           -0.153592            1.010265
      8           37.756666           37.583454           -0.173212            1.013177
      9           49.330568           49.334483            0.003915           -0.000484
     10           49.662080           49.383158           -0.278922            1.023457
 ---------------------------------------------------------------------------------------------------


 -------------------------------------------------------------
   BSE@GW       calculation: triplet        manifold
 -------------------------------------------------------------
 | State |  Excitation energy (au) |  Excitation energy (eV) |
 -------------------------------------------------------------
 |     1 |                0.468212 |               12.740700 |
 |     2 |                0.567426 |               15.440447 |
 |     3 |                0.818340 |               22.268170 |
 |     4 |                0.818340 |               22.268170 |
 |     5 |                0.854800 |               23.260292 |
 |     6 |                1.304037 |               35.484651 |
 |     7 |                1.310838 |               35.669732 |
 |     8 |                1.310838 |               35.669732 |
 |     9 |                1.692596 |               46.057872 |
 |    10 |                1.768710 |               48.129038 |
 |    11 |                2.261913 |               61.549782 |
 |    12 |                3.224620 |               87.746388 |
 |    13 |                3.224620 |               87.746388 |
 |    14 |                3.420469 |               93.075697 |
 |    15 |                3.420469 |               93.075697 |
 |    16 |                3.740124 |              101.773970 |
 |    17 |                3.855429 |              104.911560 |
 |    18 |                3.855429 |              104.911560 |
 |    19 |                4.265555 |              116.071671 |
 |    20 |                4.265555 |              116.071671 |
 -------------------------------------------------------------

 -------------------------------------------------------------
 Excitation n.   1:  12.740700 eV  f = 0.0000  <S**2> = 2.0000
 -------------------------------------------------------------
  1 ->   2 =  -0.673067
  1 ->   4 =  -0.218897

 -------------------------------------------------------------
 Excitation n.   2:  15.440447 eV  f = 0.0000  <S**2> = 2.0000
 -------------------------------------------------------------
  1 ->   3 =  -0.703316

 -------------------------------------------------------------
 Excitation n.   3:  22.268170 eV  f = 0.0000  <S**2> = 2.0000
 -------------------------------------------------------------
  1 ->   5 =   0.587122
  1 ->   6 =  -0.394485

 -------------------------------------------------------------
 Excitation n.   4:  22.268170 eV  f = 0.0000  <S**2> = 2.0000
 -------------------------------------------------------------
  1 ->   5 =  -0.394485
  1 ->   6 =  -0.587122

 -------------------------------------------------------------
 Excitation n.   5:  23.260292 eV  f = 0.0000  <S**2> = 2.0000
 -------------------------------------------------------------
  1 ->   2 =  -0.218758
  1 ->   4 =   0.669217

 -------------------------------------------------------------
 Excitation n.   6:  35.484651 eV  f = 0.0000  <S**2> = 2.0000
 -------------------------------------------------------------
  1 ->   7 =   0.704715

 -------------------------------------------------------------
 Excitation n.   7:  35.669732 eV  f = 0.0000  <S**2> = 2.0000
 -------------------------------------------------------------
  1 ->   8 =   0.546045
  1 ->   9 =  -0.448902

 -------------------------------------------------------------
 Excitation n.   8:  35.669732 eV  f = 0.0000  <S**2> = 2.0000
 -------------------------------------------------------------
  1 ->   8 =   0.448902
  1 ->   9 =   0.546045

 -------------------------------------------------------------
 Excitation n.   9:  46.057872 eV  f = 0.0000  <S**2> = 2.0000
 -------------------------------------------------------------
  1 ->  11 =  -0.704401

 -------------------------------------------------------------
 Excitation n.  10:  48.129038 eV  f = 0.0000  <S**2> = 2.0000
 -------------------------------------------------------------
  1 ->  10 =  -0.703355

Thomas-Reiche-Kuhn sum rule =   0.000000


 *** dynamical TDA activated ***

 ---------------------------------------------------------------------------------------------------
  First-order dynamical correction to static Bethe-Salpeter excitation energies                     
 ---------------------------------------------------------------------------------------------------
  BSE neutral excitation must be lower than the GW gap =  22.425254 eV
 ---------------------------------------------------------------------------------------------------
      #          Static (eV)         Dynamic (eV)      Correction (eV)         Renorm. (eV)
 ---------------------------------------------------------------------------------------------------
      1           12.740700           12.553046           -0.187654            1.008628
      2           15.440447           15.285775           -0.154671            1.009329
      3           22.268170           21.915077           -0.353093            1.016161
      4           22.268170           21.915077           -0.353093            1.016161
      5           23.260292           22.979111           -0.281181            1.010285
      6           35.484651           35.246734           -0.237918            1.010375
      7           35.669732           35.493632           -0.176100            1.009678
      8           35.669732           35.493632           -0.176100            1.009678
      9           46.057872           45.592527           -0.465345            0.996553
     10           48.129038           47.934144           -0.194894            0.999149
 ---------------------------------------------------------------------------------------------------


 -------------------------------------------------------------------------------
          Tr@BSE@G0W0 correlation energy (singlet) =       -0.0300352134
          Tr@BSE@G0W0 correlation energy (triplet) =       -0.0140392804
          Tr@BSE@G0W0 correlation energy           =       -0.0440744938
          Tr@BSE@G0W0 total energy                 =       -1.1595351445
 -------------------------------------------------------------------------------

                                       Total CPU time for G0W0 =      0.014 seconds


 ************************************************
 |          One-shot G0T0 calculation           |
 ************************************************


 -------------------------------------------------------------
   pp-RPA (N+2) calculation: alpha-beta     manifold
 -------------------------------------------------------------
 | State |  Excitation energy (au) |  Excitation energy (eV) |
 -------------------------------------------------------------
 |     1 |                0.626922 |               17.059426 |
 |     2 |                0.659256 |               17.939269 |
 |     3 |                0.748832 |               20.376752 |
 |     4 |                0.811137 |               22.072151 |
 |     5 |                1.108030 |               30.151029 |
 |     6 |                1.171303 |               31.872779 |
 |     7 |                1.173486 |               31.932184 |
 |     8 |                1.173486 |               31.932184 |
 |     9 |                1.183704 |               32.210219 |
 |    10 |                1.183704 |               32.210219 |
 |    11 |                1.213195 |               33.012711 |
 |    12 |                1.232590 |               33.540492 |
 |    13 |                1.280388 |               34.841140 |
 |    14 |                1.280388 |               34.841140 |
 |    15 |                1.293033 |               35.185208 |
 |    16 |                1.293033 |               35.185208 |
 |    17 |                1.579970 |               42.993161 |
 |    18 |                1.591455 |               43.305706 |
 |    19 |                1.591455 |               43.305706 |
 |    20 |                1.637465 |               44.557704 |
 -------------------------------------------------------------


 -------------------------------------------------------------
   pp-RPA (N-2) calculation: alpha-beta     manifold
 -------------------------------------------------------------
 | State |  Excitation energy (au) |  Excitation energy (eV) |
 -------------------------------------------------------------
 |     1 |               -1.976227 |              -53.775882 |
 -------------------------------------------------------------


 -------------------------------------------------------------
   pp-RPA (N+2) calculation: alpha-alpha    manifold
 -------------------------------------------------------------
 | State |  Excitation energy (au) |  Excitation energy (eV) |
 -------------------------------------------------------------
 |     1 |                0.659256 |               17.939269 |
 |     2 |                1.108030 |               30.151029 |
 |     3 |                1.173486 |               31.932184 |
 |     4 |                1.173486 |               31.932184 |
 |     5 |                1.213195 |               33.012711 |
 |     6 |                1.280388 |               34.841140 |
 |     7 |                1.280388 |               34.841140 |
 |     8 |                1.579970 |               42.993161 |
 |     9 |                1.591455 |               43.305706 |
 |    10 |                1.591455 |               43.305706 |
 |    11 |                1.676439 |               45.618242 |
 |    12 |                1.692086 |               46.044012 |
 |    13 |                1.692086 |               46.044012 |
 |    14 |                1.770470 |               48.176941 |
 |    15 |                1.770470 |               48.176941 |
 |    16 |                1.851835 |               50.390994 |
 |    17 |                2.027147 |               55.161469 |
 |    18 |                2.027630 |               55.174617 |
 |    19 |                2.112187 |               57.475530 |
 |    20 |                2.136725 |               58.143254 |
 -------------------------------------------------------------


 -------------------------------------------------------------
   pp-RPA (N-2) calculation: alpha-alpha    manifold
 -------------------------------------------------------------
 | State |  Excitation energy (au) |  Excitation energy (eV) |
 -------------------------------------------------------------
 -------------------------------------------------------------

 -------------------------------------------------------------------------------
   One-shot G0T0 calculation (T-matrix self-energy)  
 -------------------------------------------------------------------------------
 |   # |       e_HF (eV) |    Sigma_T (eV) |               Z |       e_QP (eV) |
 -------------------------------------------------------------------------------
 |   1 |      -17.471087 |       -0.044054 |        0.987606 |      -17.514595 |
 |   2 |        4.958656 |       -0.216083 |        0.995596 |        4.743525 |
 |   3 |        7.329625 |       -0.145901 |        0.996946 |        7.184169 |
 |   4 |       18.195238 |       -0.594129 |        0.988115 |       17.608170 |
 |   5 |       19.316978 |       -0.645394 |        0.988113 |       18.679256 |
 |   6 |       19.316978 |       -0.645394 |        0.988113 |       18.679256 |
 |   7 |       30.608940 |       -0.767785 |        0.949248 |       29.880121 |
 |   8 |       30.909508 |       -0.529890 |        0.987398 |       30.386295 |
 |   9 |       30.909508 |       -0.529890 |        0.987398 |       30.386295 |
 |  10 |       42.713740 |       -0.479681 |        0.977001 |       42.245091 |
 |  11 |       42.985856 |       -0.658469 |        0.936593 |       42.369139 |
 |  12 |       59.244866 |       -1.719428 |        0.637532 |       58.148675 |
 |  13 |       87.379117 |       -0.908236 |        0.901414 |       86.560420 |
 |  14 |       87.379117 |       -0.908236 |        0.901414 |       86.560420 |
 |  15 |       94.744589 |        1.769839 |        0.204669 |       95.106821 |
 |  16 |       94.744589 |        1.769839 |        0.204669 |       95.106821 |
 |  17 |       99.608210 |       -1.852949 |        0.753129 |       98.212700 |
 |  18 |      101.926572 |      -10.982871 |        0.002026 |      101.904325 |
 |  19 |      101.926572 |      -10.982871 |        0.002026 |      101.904325 |
 |  20 |      115.207772 |       -1.585025 |        0.808223 |      113.926718 |
 |  21 |      115.207772 |       -1.585025 |        0.808223 |      113.926718 |
 |  22 |      115.888219 |       -1.374716 |        0.926733 |      114.614224 |
 |  23 |      115.888219 |       -1.374716 |        0.926733 |      114.614224 |
 |  24 |      121.383859 |       -1.096071 |        0.915479 |      120.380429 |
 |  25 |      133.981830 |        1.311292 |        0.325059 |      134.408078 |
 |  26 |      138.969015 |       -2.305761 |        0.804503 |      137.114022 |
 |  27 |      173.087054 |       -1.092050 |        0.730502 |      172.289310 |
 |  28 |      173.087054 |       -1.092050 |        0.730502 |      172.289310 |
 |  29 |      186.095183 |       -0.095162 |        0.362844 |      186.060654 |
 |  30 |      320.256056 |       -1.325933 |        0.946852 |      319.000594 |
 -------------------------------------------------------------------------------
             G0T0 HOMO      energy (eV)            =     -17.514595 eV
             G0T0 LUMO      energy (eV)            =       4.743525 eV
             G0T0 HOMO-LUMO gap    (eV)            =      22.258120 eV
 -------------------------------------------------------------------------------
        Tr@ppRPA@G0T0 correlation energy (singlet) =       -0.0213225268 au
        Tr@ppRPA@G0T0 correlation energy (triplet) =        0.0000000000 au
        Tr@ppRPA@G0T0 correlation energy           =       -0.0213225268 au
        Tr@ppRPA@G0T0 total energy                 =       -1.1367831775 au
              GM@G0T0 correlation energy           =       -0.0356472505 au
              GM@G0T0 total energy                 =       -1.1511079011 au
 -------------------------------------------------------------------------------


 -------------------------------------------------------------
   BSE@GT       calculation: singlet        manifold
 -------------------------------------------------------------
 | State |  Excitation energy (au) |  Excitation energy (eV) |
 -------------------------------------------------------------
 |     1 |                0.553133 |               15.051527 |
 |     2 |                0.643042 |               17.498073 |
 |     3 |                0.959387 |               26.106254 |
 |     4 |                0.959387 |               26.106254 |
 |     5 |                0.972314 |               26.458009 |
 |     6 |                1.344770 |               36.593044 |
 |     7 |                1.348143 |               36.684850 |
 |     8 |                1.348143 |               36.684850 |
 |     9 |                1.786629 |               48.616659 |
 |    10 |                1.803195 |               49.067442 |
 |    11 |                2.328017 |               63.348577 |
 |    12 |                3.250893 |               88.461312 |
 |    13 |                3.250893 |               88.461312 |
 |    14 |                3.561119 |               96.902972 |
 |    15 |                3.561119 |               96.902972 |
 |    16 |                3.713592 |              101.051986 |
 |    17 |                3.854676 |              104.891071 |
 |    18 |                3.854676 |              104.891071 |
 |    19 |                4.257781 |              115.860132 |
 |    20 |                4.257781 |              115.860132 |
 -------------------------------------------------------------

 ---------------------------------------------------------------
                 Transition dipole moment (au)                  
 ---------------------------------------------------------------
  #           X           Y           Z   dip. str.   osc. str.
 ---------------------------------------------------------------
  1    0.000000    0.000000    1.094836    1.198667    0.442015
  2   -0.000000    0.000000   -0.000000    0.000000    0.000000
  3   -0.399825    1.007599   -0.000000    1.175116    0.751594
  4   -1.007599   -0.399825   -0.000000    1.175116    0.751594
  5    0.000000    0.000000   -0.637915    0.406936    0.263780
  6    0.000000    0.000000    0.000000    0.000000    0.000000
  7   -0.000000    0.000000   -0.000000    0.000000    0.000000
  8    0.000000    0.000000    0.000000    0.000000    0.000000
  9   -0.000000    0.000000    0.000000    0.000000    0.000000
 10    0.000000    0.000000   -0.110876    0.012293    0.014778
 ---------------------------------------------------------------

 -------------------------------------------------------------
 Excitation n.   1:  15.051527 eV  f = 0.4420  <S**2> = 0.0000
 -------------------------------------------------------------
  1 ->   2 =   0.705119

 -------------------------------------------------------------
 Excitation n.   2:  17.498073 eV  f = 0.0000  <S**2> = 0.0000
 -------------------------------------------------------------
  1 ->   3 =   0.706910

 -------------------------------------------------------------
 Excitation n.   3:  26.106254 eV  f = 0.7516  <S**2> = 0.0000
 -------------------------------------------------------------
  1 ->   5 =   0.703551
  1 ->   6 =   0.072141

 -------------------------------------------------------------
 Excitation n.   4:  26.106254 eV  f = 0.7516  <S**2> = 0.0000
 -------------------------------------------------------------
  1 ->   5 =  -0.072141
  1 ->   6 =   0.703551

 -------------------------------------------------------------
 Excitation n.   5:  26.458009 eV  f = 0.2638  <S**2> = 0.0000
 -------------------------------------------------------------
  1 ->   4 =  -0.704958

 -------------------------------------------------------------
 Excitation n.   6:  36.593044 eV  f = 0.0000  <S**2> = 0.0000
 -------------------------------------------------------------
  1 ->   7 =  -0.705715

 -------------------------------------------------------------
 Excitation n.   7:  36.684850 eV  f = 0.0000  <S**2> = 0.0000
 -------------------------------------------------------------
  1 ->   8 =   0.704168

 -------------------------------------------------------------
 Excitation n.   8:  36.684850 eV  f = 0.0000  <S**2> = 0.0000
 -------------------------------------------------------------
  1 ->   9 =  -0.704168

 -------------------------------------------------------------
 Excitation n.   9:  48.616659 eV  f = 0.0000  <S**2> = 0.0000
 -------------------------------------------------------------
  1 ->  11 =   0.705591

 -------------------------------------------------------------
 Excitation n.  10:  49.067442 eV  f = 0.0148  <S**2> = 0.0000
 -------------------------------------------------------------
  1 ->  10 =   0.706845

Thomas-Reiche-Kuhn sum rule =   2.223761


 *** dynamical TDA activated ***

 ---------------------------------------------------------------------------------------------------
  First-order dynamical correction to static Bethe-Salpeter excitation energies                     
 ---------------------------------------------------------------------------------------------------
  BSE neutral excitation must be lower than the GT gap =  22.258120 eV
 ---------------------------------------------------------------------------------------------------
      #          Static (eV)         Dynamic (eV)      Correction (eV)         Renorm. (eV)
 ---------------------------------------------------------------------------------------------------
      1           15.051527           14.982939           -0.068589            1.001863
      2           17.498073           17.508229            0.010156            0.994291
      3           26.106254           26.081876           -0.024378            1.002203
      4           26.106254           26.081876           -0.024378            1.002203
      5           26.458009           26.470448            0.012439            0.998915
      6           36.593044           36.604718            0.011674            0.994860
      7           36.684850           36.681572           -0.003278            0.997920
      8           36.684850           36.681572           -0.003278            0.997920
      9           48.616659           48.596840           -0.019819            0.987869
     10           49.067442           49.047412           -0.020030            0.996867
 ---------------------------------------------------------------------------------------------------


 -------------------------------------------------------------
   BSE@GT       calculation: triplet        manifold
 -------------------------------------------------------------
 | State |  Excitation energy (au) |  Excitation energy (eV) |
 -------------------------------------------------------------
 |     1 |                0.455910 |               12.405935 |
 |     2 |                0.563049 |               15.321348 |
 |     3 |                0.793605 |               21.595102 |
 |     4 |                0.793605 |               21.595102 |
 |     5 |                0.841518 |               22.898875 |
 |     6 |                1.281665 |               34.875873 |
 |     7 |                1.307937 |               35.590792 |
 |     8 |                1.307937 |               35.590792 |
 |     9 |                1.687362 |               45.915454 |
 |    10 |                1.766795 |               48.076954 |
 |    11 |                2.225815 |               60.567504 |
 |    12 |                3.165384 |               86.134477 |
 |    13 |                3.165384 |               86.134477 |
 |    14 |                3.404934 |               92.652986 |
 |    15 |                3.404934 |               92.652986 |
 |    16 |                3.616868 |               98.419999 |
 |    17 |                3.794941 |              103.265603 |
 |    18 |                3.794941 |              103.265603 |
 |    19 |                4.210213 |              114.565722 |
 |    20 |                4.210213 |              114.565722 |
 -------------------------------------------------------------

 -------------------------------------------------------------
 Excitation n.   1:  12.405935 eV  f = 0.0000  <S**2> = 2.0000
 -------------------------------------------------------------
  1 ->   2 =  -0.667081
  1 ->   4 =  -0.233073

 -------------------------------------------------------------
 Excitation n.   2:  15.321348 eV  f = 0.0000  <S**2> = 2.0000
 -------------------------------------------------------------
  1 ->   3 =   0.702253

 -------------------------------------------------------------
 Excitation n.   3:  21.595102 eV  f = 0.0000  <S**2> = 2.0000
 -------------------------------------------------------------
  1 ->   5 =  -0.692599
  1 ->   6 =   0.140418

 -------------------------------------------------------------
 Excitation n.   4:  21.595102 eV  f = 0.0000  <S**2> = 2.0000
 -------------------------------------------------------------
  1 ->   5 =  -0.140418
  1 ->   6 =  -0.692599

 -------------------------------------------------------------
 Excitation n.   5:  22.898875 eV  f = 0.0000  <S**2> = 2.0000
 -------------------------------------------------------------
  1 ->   2 =  -0.234990
  1 ->   4 =   0.662111

 -------------------------------------------------------------
 Excitation n.   6:  34.875873 eV  f = 0.0000  <S**2> = 2.0000
 -------------------------------------------------------------
  1 ->   7 =   0.704033

 -------------------------------------------------------------
 Excitation n.   7:  35.590792 eV  f = 0.0000  <S**2> = 2.0000
 -------------------------------------------------------------
  1 ->   8 =  -0.690948
  1 ->   9 =  -0.148684

 -------------------------------------------------------------
 Excitation n.   8:  35.590792 eV  f = 0.0000  <S**2> = 2.0000
 -------------------------------------------------------------
  1 ->   8 =  -0.148684
  1 ->   9 =   0.690948

 -------------------------------------------------------------
 Excitation n.   9:  45.915454 eV  f = 0.0000  <S**2> = 2.0000
 -------------------------------------------------------------
  1 ->  11 =   0.703597

 -------------------------------------------------------------
 Excitation n.  10:  48.076954 eV  f = 0.0000  <S**2> = 2.0000
 -------------------------------------------------------------
  1 ->  10 =   0.701299

Thomas-Reiche-Kuhn sum rule =   0.000000


 *** dynamical TDA activated ***

 ---------------------------------------------------------------------------------------------------
  First-order dynamical correction to static Bethe-Salpeter excitation energies                     
 ---------------------------------------------------------------------------------------------------
  BSE neutral excitation must be lower than the GT gap =  22.258120 eV
 ---------------------------------------------------------------------------------------------------
      #          Static (eV)         Dynamic (eV)      Correction (eV)         Renorm. (eV)
 ---------------------------------------------------------------------------------------------------
      1           12.405935           12.315363           -0.090573            1.002693
      2           15.321348           15.245700           -0.075648            1.006813
      3           21.595102           21.528414           -0.066688            1.003991
      4           21.595102           21.528414           -0.066688            1.003991
      5           22.898875           22.840039           -0.058836            1.003763
      6           34.875873           34.850060           -0.025813            1.007686
      7           35.590792           35.593697            0.002906            1.005235
      8           35.590792           35.593697            0.002906            1.005235
      9           45.915454           45.948370            0.032916            1.012362
     10           48.076954           48.138676            0.061721            1.007673
 ---------------------------------------------------------------------------------------------------


 -------------------------------------------------------------------------------
          Tr@BSE@G0T0 correlation energy (singlet) =       -0.0039280683 au
          Tr@BSE@G0T0 correlation energy (triplet) =       -0.0048296970 au
          Tr@BSE@G0T0 correlation energy           =       -0.0087577652 au
          Tr@BSE@G0T0 total energy                 =       -1.1242184159 au
 -------------------------------------------------------------------------------

                                       Total CPU time for G0T0 =     11.590 seconds

                                      Total CPU time for QuAcK =     25.600 seconds

