78 significant shell pairs computed in 0.000038 seconds
0
Computed Electron repulsion integrals Integrals in parallel in 0.113885 seconds

 ******************************************************************************************
 *            QuAcK                       QuAcK                         QuAcK             *
 *   __        __        __       __        __        __       __        __        __     *
 * <(o )___  <(o )___  <(o )___ <(o )___  <(o )___  <(o )___ <(o )___  <(o )___  <(o )___ *
 * ( ._> /   ( ._> /   ( ._> /  ( ._> /   ( ._> /   ( ._> /  ( ._> /   ( ._> /   ( ._> /  *
 *|--------------------------------------------------------------------------------------|*
 ******************************************************************************************

      ----------------------
             Number of atoms                2
      ----------------------

      ----------------------
Number of spin-up   electron                1
Number of spin-down electron                1
    Total number of electron                2
      ----------------------

      ----------------------
Number of core      electron                0
Number of Rydberg   electron                0
      ----------------------

          ------------------
          Molecular geometry
          ------------------
                    Atom n.                 1
                        Z =      1.0000000000
           Atom coordinates:     0.0000000000    0.0000000000    0.0000000000
                    Atom n.                 2
                        Z =      1.0000000000
           Atom coordinates:     0.0000000000    0.0000000000    3.2125344133

          ------------------
 Nuclear repulsion energy =      0.3112807122
          ------------------

          Gaussian basis set
          ------------------
                    Atom n.                 1
           number of shells                 6
          ------------------
      s-type shell with K =                 5
                                    Exponents     Contraction
                                33.8700000000    0.0060680000
                                 5.0950000000    0.0453080000
                                 1.1590000000    0.2028220000
                                 0.3258000000    0.5039030000
                                 0.1027000000    0.3834210000
      s-type shell with K =                 1
                                    Exponents     Contraction
                                 0.3258000000    1.0000000000
      s-type shell with K =                 1
                                    Exponents     Contraction
                                 0.1027000000    1.0000000000
      p-type shell with K =                 1
                                    Exponents     Contraction
                                 1.4070000000    1.0000000000
      p-type shell with K =                 1
                                    Exponents     Contraction
                                 0.3880000000    1.0000000000
      d-type shell with K =                 1
                                    Exponents     Contraction
                                 1.0570000000    1.0000000000
          ------------------
                    Atom n.                 2
           number of shells                 6
          ------------------
      s-type shell with K =                 5
                                    Exponents     Contraction
                                33.8700000000    0.0060680000
                                 5.0950000000    0.0453080000
                                 1.1590000000    0.2028220000
                                 0.3258000000    0.5039030000
                                 0.1027000000    0.3834210000
      s-type shell with K =                 1
                                    Exponents     Contraction
                                 0.3258000000    1.0000000000
      s-type shell with K =                 1
                                    Exponents     Contraction
                                 0.1027000000    1.0000000000
      p-type shell with K =                 1
                                    Exponents     Contraction
                                 1.4070000000    1.0000000000
      p-type shell with K =                 1
                                    Exponents     Contraction
                                 0.3880000000    1.0000000000
      d-type shell with K =                 1
                                    Exponents     Contraction
                                 1.0570000000    1.0000000000
          ------------------
            Number of shells               12
          ------------------

          ------------------
   Number of basis functions               30
          ------------------

 Scaling integrals by    1.0000000000000000     

                          Total CPU time for reading integrals =      0.041 seconds


 ************************************************
 |    Restricted Hartree-Fock calculation       |
 ************************************************


 ----------------------------------------------------
 | RHF calculation                                  |
 ----------------------------------------------------
 |   # |        HF energy |       Conv |     HL Gap |
 ----------------------------------------------------
 |   1 |    -0.7505904220 |   0.740778 |   1.130270 |
 |   2 |    -0.9593469194 |   0.209343 |   1.398241 |
 |   3 |    -0.9706024821 |   0.062096 |   1.412610 |
 |   4 |    -0.9710355124 |   0.024680 |   1.414415 |
 |   5 |    -0.9706960231 |   0.012350 |   1.415024 |
 |   6 |    -0.9703635502 |   0.007197 |   1.415333 |
 |   7 |    -0.9701124858 |   0.004703 |   1.415509 |
 |   8 |    -0.9699343866 |   0.003110 |   1.415614 |
 |   9 |    -0.9698110602 |   0.002065 |   1.415679 |
 |  10 |    -0.9697266811 |   0.001374 |   1.415720 |
 |  11 |    -0.9696693566 |   0.000916 |   1.415747 |
 |  12 |    -0.9696305922 |   0.000611 |   1.415764 |
 |  13 |    -0.9696044625 |   0.000408 |   1.415776 |
 |  14 |    -0.9695868896 |   0.000272 |   1.415783 |
 |  15 |    -0.9695750909 |   0.000182 |   1.415789 |
 |  16 |    -0.9695671787 |   0.000121 |   1.415792 |
 |  17 |    -0.9695618774 |   0.000081 |   1.415794 |
 |  18 |    -0.9695583279 |   0.000054 |   1.415796 |
 |  19 |    -0.9695559524 |   0.000036 |   1.415797 |
 |  20 |    -0.9695543633 |   0.000024 |   1.415797 |
 |  21 |    -0.9695533005 |   0.000016 |   1.415798 |
 |  22 |    -0.9695525898 |   0.000011 |   1.415798 |
 |  23 |    -0.9695521148 |   0.000007 |   1.415798 |
 |  24 |    -0.9695517972 |   0.000005 |   1.415799 |
 |  25 |    -0.9695515850 |   0.000003 |   1.415799 |
 |  26 |    -0.9695514431 |   0.000002 |   1.415799 |
 |  27 |    -0.9695513483 |   0.000001 |   1.415799 |
 |  28 |    -0.9695512850 |   0.000001 |   1.415799 |
 |  29 |    -0.9695512427 |   0.000001 |   1.415799 |
 |  30 |    -0.9695512144 |   0.000000 |   1.415799 |
 |  31 |    -0.9695511955 |   0.000000 |   1.415799 |
 |  32 |    -0.9695511829 |   0.000000 |   1.415799 |
 |  33 |    -0.9695511744 |   0.000000 |   1.415799 |
 |  34 |    -0.9695511838 |   0.000000 |   0.415799 |
 ----------------------------------------------------

         -----------------------------------------
           Summary              
         -----------------------------------------
           One-electron energy:     -1.7285366368 au
           Kinetic      energy:      0.6961934954 au
           Potential    energy:     -2.4247301322 au
         -----------------------------------------
           Two-electron energy:      0.4477047408 au
           Hartree      energy:      0.8954094817 au
           Exchange     energy:     -0.4477047408 au
         -----------------------------------------
           Electronic   energy:     -1.2808318960 au
           Nuclear   repulsion:      0.3112807122 au
           RHF          energy:     -0.9695511838 au
         -----------------------------------------
           HF HOMO      energy:        -11.335272 eV
           HF LUMO      energy:         -0.020811 eV
           HF HOMO-LUMO gap   :         11.314461 eV
         -----------------------------------------
          Dipole moment (Debye)    
                   X         Y         Z      Tot.
           -0.000000 -0.000000  0.000000  0.000000
         -----------------------------------------

           ---------------------------------------
                 MO coefficients
           ---------------------------------------
                 1              2              3              4              5
      1    -0.57042694     0.64456518    -0.20147456    -0.05801974     0.00000000
      2     0.02584424    -0.19438288     1.47749877     1.47387387     0.00000000
      3    -0.06510275     0.53266459    -0.97798525    -1.65812204     0.00000000
      4     0.00000000     0.00000000     0.00000000     0.00000000    -0.03141270
      5     0.00000000     0.00000000     0.00000000     0.00000000    -0.06070925
      6    -0.00061346    -0.00456010    -0.00616179     0.00695721     0.00000000
      7     0.00000000     0.00000000     0.00000000     0.00000000     0.32163379
      8     0.00000000     0.00000000     0.00000000     0.00000000     0.62160046
      9    -0.02624486    -0.01812361     0.09988236    -0.06746302     0.00000000
     10     0.00093139     0.01423496    -0.10652122    -0.10784198     0.00000000
     11     0.00000000     0.00000000     0.00000000     0.00000000     0.00000000
     12     0.00000000     0.00000000     0.00000000     0.00000000     0.00319355
     13     0.00093139     0.01423496    -0.10652122    -0.10784198     0.00000000
     14     0.00000000     0.00000000     0.00000000     0.00000000     0.00617196
     15    -0.00157616     0.01290650    -0.11590018    -0.10746360     0.00000000
     16    -0.57042694    -0.64456518    -0.20147456     0.05801974     0.00000000
     17     0.02584424     0.19438288     1.47749877    -1.47387387     0.00000000
     18    -0.06510275    -0.53266459    -0.97798525     1.65812204     0.00000000
     19     0.00000000     0.00000000     0.00000000     0.00000000    -0.03141270
     20     0.00000000     0.00000000     0.00000000     0.00000000    -0.06070925
     21     0.00061346    -0.00456010     0.00616179     0.00695721     0.00000000
     22     0.00000000     0.00000000     0.00000000     0.00000000     0.32163379
     23     0.00000000     0.00000000     0.00000000     0.00000000     0.62160046
     24     0.02624486    -0.01812361    -0.09988236    -0.06746302     0.00000000
     25     0.00093139    -0.01423496    -0.10652122     0.10784198     0.00000000
     26     0.00000000     0.00000000     0.00000000     0.00000000     0.00000000
     27     0.00000000     0.00000000     0.00000000     0.00000000    -0.00319355
     28     0.00093139    -0.01423496    -0.10652122     0.10784198     0.00000000
     29     0.00000000     0.00000000     0.00000000     0.00000000    -0.00617196
     30    -0.00157616    -0.01290650    -0.11590018     0.10746360     0.00000000
                 6              7              8              9             10
      1     0.00000000    -0.07940803     0.00000000     0.00000000    -0.73488160
      2     0.00000000     0.54401397     0.00000000     0.00000000     0.63255144
      3     0.00000000    -0.18660134     0.00000000     0.00000000    -0.44253034
      4     0.06070925     0.00000000    -0.04087887     0.05569811     0.00000000
      5    -0.03141270     0.00000000     0.05569811     0.04087887     0.00000000
      6     0.00000000     0.03968020     0.00000000     0.00000000     0.09055875
      7    -0.62160046     0.00000000     0.47530166    -0.64760605     0.00000000
      8     0.32163379     0.00000000    -0.64760605    -0.47530166     0.00000000
      9     0.00000000    -0.62955080     0.00000000     0.00000000    -1.11634573
     10     0.00000000    -0.05195847     0.00000000     0.00000000    -0.07452902
     11     0.00000000     0.00000000     0.00000000     0.00000000     0.00000000
     12    -0.00617196     0.00000000    -0.01084517     0.01477672     0.00000000
     13     0.00000000    -0.05195847     0.00000000     0.00000000    -0.07452902
     14     0.00319355     0.00000000     0.01477672     0.01084517     0.00000000
     15     0.00000000    -0.03060003     0.00000000     0.00000000    -0.02931532
     16     0.00000000    -0.07940803     0.00000000     0.00000000     0.73488160
     17     0.00000000     0.54401397     0.00000000     0.00000000    -0.63255144
     18     0.00000000    -0.18660134     0.00000000     0.00000000     0.44253034
     19     0.06070925     0.00000000     0.04087887    -0.05569811     0.00000000
     20    -0.03141270     0.00000000    -0.05569811    -0.04087887     0.00000000
     21     0.00000000    -0.03968020     0.00000000     0.00000000     0.09055875
     22    -0.62160046     0.00000000    -0.47530166     0.64760605     0.00000000
     23     0.32163379     0.00000000     0.64760605     0.47530166     0.00000000
     24     0.00000000     0.62955080     0.00000000     0.00000000    -1.11634573
     25     0.00000000    -0.05195847     0.00000000     0.00000000     0.07452902
     26     0.00000000     0.00000000     0.00000000     0.00000000     0.00000000
     27     0.00617196     0.00000000    -0.01084517     0.01477672     0.00000000
     28     0.00000000    -0.05195847     0.00000000     0.00000000     0.07452902
     29    -0.00319355     0.00000000     0.01477672     0.01084517     0.00000000
     30     0.00000000    -0.03060003     0.00000000     0.00000000     0.02931532
                11             12             13             14             15
      1     4.53694279     4.86885808     0.21167512     0.00000000     0.00000000
      2    -4.73930941    -5.38280913    -0.51497625     0.00000000     0.00000000
      3    -1.02054539    -0.88936501     0.06635017     0.00000000     0.00000000
      4     0.00000000     0.00000000     0.00000000    -0.11890276    -0.01864309
      5     0.00000000     0.00000000     0.00000000     0.01864309    -0.11890276
      6    -0.03324759     0.03652312     0.07825855     0.00000000     0.00000000
      7     0.00000000     0.00000000     0.00000000     0.01006789     0.00157857
      8     0.00000000     0.00000000     0.00000000    -0.00157857     0.01006789
      9     0.10688916    -0.39960430    -0.08706753     0.00000000     0.00000000
     10     0.49935463     0.54292176    -0.23390785     0.00000000     0.00000000
     11     0.00000000     0.00000000     0.00000000     0.00000000     0.00000000
     12     0.00000000     0.00000000     0.00000000     0.67539015     0.10589625
     13     0.49935463     0.54292176    -0.23390785     0.00000000     0.00000000
     14     0.00000000     0.00000000     0.00000000    -0.10589625     0.67539015
     15     0.52406469     0.59359820     0.78547616     0.00000000     0.00000000
     16     4.53694279    -4.86885808     0.21167512     0.00000000     0.00000000
     17    -4.73930941     5.38280913    -0.51497625     0.00000000     0.00000000
     18    -1.02054539     0.88936501     0.06635017     0.00000000     0.00000000
     19     0.00000000     0.00000000     0.00000000    -0.11890276    -0.01864309
     20     0.00000000     0.00000000     0.00000000     0.01864309    -0.11890276
     21     0.03324759     0.03652312    -0.07825855     0.00000000     0.00000000
     22     0.00000000     0.00000000     0.00000000     0.01006789     0.00157857
     23     0.00000000     0.00000000     0.00000000    -0.00157857     0.01006789
     24    -0.10688916    -0.39960430     0.08706753     0.00000000     0.00000000
     25     0.49935463    -0.54292176    -0.23390785     0.00000000     0.00000000
     26     0.00000000     0.00000000     0.00000000     0.00000000     0.00000000
     27     0.00000000     0.00000000     0.00000000    -0.67539015    -0.10589625
     28     0.49935463    -0.54292176    -0.23390785     0.00000000     0.00000000
     29     0.00000000     0.00000000     0.00000000     0.10589625    -0.67539015
     30     0.52406469    -0.59359820     0.78547616     0.00000000     0.00000000
                16             17             18             19             20
      1     0.00000000     0.00000000     0.00000000     0.00000000     0.00000000
      2     0.00000000     0.00000000     0.00000000     0.00000000     0.00000000
      3     0.00000000     0.00000000     0.00000000     0.00000000     0.00000000
      4     0.00000000     0.00000000     0.00000000     0.00000000    -0.05108284
      5     0.00000000     0.00000000     0.00000000     0.00000000    -0.31624244
      6     0.00000000     0.00000000     0.00000000     0.00000000     0.00000000
      7     0.00000000     0.00000000     0.00000000     0.00000000     0.01960308
      8     0.00000000     0.00000000     0.00000000     0.00000000     0.12135828
      9     0.00000000     0.00000000     0.00000000     0.00000000     0.00000000
     10     0.00242340     0.61106202     0.00573648     0.61365964     0.00000000
     11    -0.70559364     0.00279830    -0.70859312     0.00662392     0.00000000
     12     0.00000000     0.00000000     0.00000000     0.00000000    -0.10590169
     13    -0.00242340    -0.61106202    -0.00573648    -0.61365964     0.00000000
     14     0.00000000     0.00000000     0.00000000     0.00000000    -0.65561374
     15     0.00000000     0.00000000     0.00000000     0.00000000     0.00000000
     16     0.00000000     0.00000000     0.00000000     0.00000000     0.00000000
     17     0.00000000     0.00000000     0.00000000     0.00000000     0.00000000
     18     0.00000000     0.00000000     0.00000000     0.00000000     0.00000000
     19     0.00000000     0.00000000     0.00000000     0.00000000     0.05108284
     20     0.00000000     0.00000000     0.00000000     0.00000000     0.31624244
     21     0.00000000     0.00000000     0.00000000     0.00000000     0.00000000
     22     0.00000000     0.00000000     0.00000000     0.00000000    -0.01960308
     23     0.00000000     0.00000000     0.00000000     0.00000000    -0.12135828
     24     0.00000000     0.00000000     0.00000000     0.00000000     0.00000000
     25     0.00242340     0.61106202    -0.00573648    -0.61365964     0.00000000
     26    -0.70559364     0.00279830     0.70859312    -0.00662392     0.00000000
     27     0.00000000     0.00000000     0.00000000     0.00000000    -0.10590169
     28    -0.00242340    -0.61106202     0.00573648     0.61365964     0.00000000
     29     0.00000000     0.00000000     0.00000000     0.00000000    -0.65561374
     30     0.00000000     0.00000000     0.00000000     0.00000000     0.00000000
                21             22             23             24             25
      1     0.00000000    -0.45941304     0.00000000     0.00000000     0.00000000
      2     0.00000000     0.45383778     0.00000000     0.00000000     0.00000000
      3     0.00000000    -0.09159392     0.00000000     0.00000000     0.00000000
      4     0.31624244     0.00000000    -0.35151779     0.80133955     0.61712043
      5    -0.05108284     0.00000000    -0.80133955    -0.35151779    -0.59043776
      6     0.00000000     0.75751292     0.00000000     0.00000000     0.00000000
      7    -0.12135828     0.00000000     0.18183221    -0.41451486    -0.40367753
      8     0.01960308     0.00000000     0.41451486     0.18183221     0.38622356
      9     0.00000000    -0.47330235     0.00000000     0.00000000     0.00000000
     10     0.00000000    -0.20500269     0.00000000     0.00000000     0.00000000
     11     0.00000000     0.00000000     0.00000000     0.00000000     0.00000000
     12     0.65561374     0.00000000    -0.04923151     0.11223090    -0.21112834
     13     0.00000000    -0.20500269     0.00000000     0.00000000     0.00000000
     14    -0.10590169     0.00000000    -0.11223090    -0.04923151     0.20199970
     15     0.00000000     0.34276301     0.00000000     0.00000000     0.00000000
     16     0.00000000     0.45941304     0.00000000     0.00000000     0.00000000
     17     0.00000000    -0.45383778     0.00000000     0.00000000     0.00000000
     18     0.00000000     0.09159392     0.00000000     0.00000000     0.00000000
     19    -0.31624244     0.00000000    -0.35151779     0.80133955    -0.61712043
     20     0.05108284     0.00000000    -0.80133955    -0.35151779     0.59043776
     21     0.00000000     0.75751292     0.00000000     0.00000000     0.00000000
     22     0.12135828     0.00000000     0.18183221    -0.41451486     0.40367753
     23    -0.01960308     0.00000000     0.41451486     0.18183221    -0.38622356
     24     0.00000000    -0.47330235     0.00000000     0.00000000     0.00000000
     25     0.00000000     0.20500269     0.00000000     0.00000000     0.00000000
     26     0.00000000     0.00000000     0.00000000     0.00000000     0.00000000
     27     0.65561374     0.00000000     0.04923151    -0.11223090    -0.21112834
     28     0.00000000     0.20500269     0.00000000     0.00000000     0.00000000
     29    -0.10590169     0.00000000     0.11223090     0.04923151     0.20199970
     30     0.00000000    -0.34276301     0.00000000     0.00000000     0.00000000
                26             27             28             29             30
      1     0.00000000    -0.30330377    -1.27544328    -1.16663036     1.02613705
      2     0.00000000    -0.16939269     1.67670800    -1.29614280     1.60725056
      3     0.00000000     0.18665743     0.53933844     0.84019102    -0.97464657
      4     0.59043776     0.00000000     0.00000000     0.00000000     0.00000000
      5     0.61712043     0.00000000     0.00000000     0.00000000     0.00000000
      6     0.00000000    -0.89751907    -0.62709226     0.16767483     0.04086761
      7    -0.38622356     0.00000000     0.00000000     0.00000000     0.00000000
      8    -0.40367753     0.00000000     0.00000000     0.00000000     0.00000000
      9     0.00000000     0.47296535     1.00704838    -0.05225191     0.06334883
     10     0.00000000     0.11472066    -0.56106990     0.91331762    -0.93410053
     11     0.00000000     0.00000000     0.00000000     0.00000000     0.00000000
     12    -0.20199970     0.00000000     0.00000000     0.00000000     0.00000000
     13     0.00000000     0.11472066    -0.56106990     0.91331762    -0.93410053
     14    -0.21112834     0.00000000     0.00000000     0.00000000     0.00000000
     15     0.00000000     0.14695114     0.55427742     0.85059473    -0.87170838
     16     0.00000000    -0.30330377     1.27544328    -1.16663036    -1.02613705
     17     0.00000000    -0.16939269    -1.67670800    -1.29614280    -1.60725056
     18     0.00000000     0.18665743    -0.53933844     0.84019102     0.97464657
     19    -0.59043776     0.00000000     0.00000000     0.00000000     0.00000000
     20    -0.61712043     0.00000000     0.00000000     0.00000000     0.00000000
     21     0.00000000     0.89751907    -0.62709226    -0.16767483     0.04086761
     22     0.38622356     0.00000000     0.00000000     0.00000000     0.00000000
     23     0.40367753     0.00000000     0.00000000     0.00000000     0.00000000
     24     0.00000000    -0.47296535     1.00704838     0.05225191     0.06334883
     25     0.00000000     0.11472066     0.56106990     0.91331762     0.93410053
     26     0.00000000     0.00000000     0.00000000     0.00000000     0.00000000
     27    -0.20199970     0.00000000     0.00000000     0.00000000     0.00000000
     28     0.00000000     0.11472066     0.56106990     0.91331762     0.93410053
     29    -0.21112834     0.00000000     0.00000000     0.00000000     0.00000000
     30     0.00000000     0.14695114    -0.55427742     0.85059473     0.87170838

           ---------------------------------------
                     MO energies
           ---------------------------------------
                 1
      1    -0.41656358
      2    -0.00076480
      3     0.34962645
      4     0.39990972
      5     0.67764033
      6     0.67764033
      7     0.73926931
      8     0.89492336
      9     0.89492336
     10     1.24979377
     11     1.75442345
     12     1.87065930
     13     3.16039137
     14     3.25291836
     15     3.25291836
     16     3.41032067
     17     3.41032067
     18     3.45963307
     19     3.45963307
     20     3.61830223
     21     3.61830223
     22     3.82179098
     23     3.84035744
     24     3.84035744
     25     3.97823343
     26     3.97823343
     27     4.05984377
     28     4.68181401
     29     4.70936846
     30     4.72398935

                                        Total CPU time for RHF =      0.552 seconds


 AO to MO transformation... Please be patient

                    Total CPU time for AO to MO transformation =      1.599 seconds


 ******************************************************
 | Configuration Interaction with Singles and Doubles |
 ******************************************************

 nS =          116
 nD =         1653
 nH =         1770

 00 block  done...
 0S blocks done...
 0D blocks done...
 SS block  done...
 SD blocks done...
 DD block  done...

 Diagonalizing CISD matrix...

 CISD energies (au)
                 1
      1    -1.35442594
      2    -1.28966942
      3    -1.28966942
      4    -1.28966942
      5    -1.04504989
      6    -0.96487202
      7    -0.85194396
      8    -0.85194396
      9    -0.85194396
     10    -0.79774627
     11    -0.79774627
     12    -0.79774627
     13    -0.79582649
     14    -0.78759994
     15    -0.65385001
     16    -0.65385001
     17    -0.65385001
     18    -0.62407890
     19    -0.62407890
     20    -0.62407890
     21    -0.62407890
     22    -0.62407890
     23    -0.62407890
     24    -0.61503962
     25    -0.61503962
     26    -0.61503962
     27    -0.56464748
     28    -0.56464748
     29    -0.56464748
     30    -0.54458865
     31    -0.54458865
     32    -0.54222583
     33    -0.50610079
     34    -0.50610079
     35    -0.50156808
     36    -0.47610480
     37    -0.47610480
     38    -0.47610480
     39    -0.47610480
     40    -0.47610480
     41    -0.47610480
     42    -0.43067547
     43    -0.41628525
     44    -0.41628525
     45    -0.41628525
     46    -0.33448373
     47    -0.33448373
     48    -0.33448373
     49    -0.33448373
     50    -0.33448373
     51    -0.33448373

 CISD excitation energies (eV)
                 1
      1     1.76211472
      2     1.76211472
      3     1.76211472
      4     8.41855106
      5    10.60030219
      6    13.67323103
      7    13.67323103
      8    13.67323103
      9    15.14802553
     10    15.14802553
     11    15.14802553
     12    15.20026535
     13    15.42412109
     14    19.06364210
     15    19.06364210
     16    19.06364210
     17    19.87375534
     18    19.87375534
     19    19.87375534
     20    19.87375534
     21    19.87375534
     22    19.87375534
     23    20.11972667
     24    20.11972667
     25    20.11972667
     26    21.49096655
     27    21.49096655
     28    21.49096655
     29    22.03679523
     30    22.03679523
     31    22.10109075
     32    23.08410320
     33    23.08410320
     34    23.20744435
     35    23.90033553
     36    23.90033553
     37    23.90033553
     38    23.90033553
     39    23.90033553
     40    23.90033553
     41    25.13653061
     42    25.52810858
     43    25.52810858
     44    25.52810858
     45    27.75404125
     46    27.75404125
     47    27.75404125
     48    27.75404125
     49    27.75404125
     50    27.75404125

                                       Total CPU time for CISD =     11.741 seconds


 ************************************************
 |          One-shot G0W0 calculation           |
 ************************************************


 -------------------------------------------------------------
   RPA@HF       calculation: singlet        manifold
 -------------------------------------------------------------
 | State |  Excitation energy (au) |  Excitation energy (eV) |
 -------------------------------------------------------------
 |     1 |                0.574938 |               15.644847 |
 |     2 |                0.849943 |               23.128122 |
 |     3 |                0.939417 |               25.562832 |
 |     4 |                1.216567 |               33.104481 |
 |     5 |                1.216567 |               33.104481 |
 |     6 |                1.275884 |               34.718575 |
 |     7 |                1.390254 |               37.830733 |
 |     8 |                1.390254 |               37.830733 |
 |     9 |                1.738464 |               47.306018 |
 |    10 |                2.253694 |               61.326124 |
 |    11 |                2.355329 |               64.091767 |
 |    12 |                3.642642 |               99.121340 |
 |    13 |                3.730505 |              101.512214 |
 |    14 |                3.730505 |              101.512214 |
 |    15 |                3.879927 |              105.578203 |
 |    16 |                3.879927 |              105.578203 |
 |    17 |                3.925941 |              106.830283 |
 |    18 |                3.925941 |              106.830283 |
 |    19 |                4.093552 |              111.391225 |
 |    20 |                4.093552 |              111.391225 |
 -------------------------------------------------------------

  *** Quasiparticle energies obtained by linearization *** 

 -------------------------------------------------------------------------------
   One-shot G0W0 calculation
 -------------------------------------------------------------------------------
 |   # |       e_HF (eV) |      Sig_c (eV) |               Z |       e_QP (eV) |
 -------------------------------------------------------------------------------
 |   1 |      -11.335272 |       -0.952407 |        0.948965 |      -12.239074 |
 |   2 |       -0.020811 |       -0.453853 |        0.956125 |       -0.454752 |
 |   3 |        9.513820 |       -0.746454 |        0.965209 |        8.793336 |
 |   4 |       10.882098 |       -1.064472 |        0.942418 |        9.878920 |
 |   5 |       18.439533 |       -1.178821 |        0.955870 |       17.312733 |
 |   6 |       18.439533 |       -1.178821 |        0.955870 |       17.312733 |
 |   7 |       20.116543 |       -0.826725 |        0.765712 |       19.483509 |
 |   8 |       24.352105 |       -2.194759 |        0.854677 |       22.476295 |
 |   9 |       24.352105 |       -2.194759 |        0.854677 |       22.476295 |
 |  10 |       34.008621 |     -480.534580 |        0.000003 |       34.006990 |
 |  11 |       47.740294 |       -1.612963 |        0.248751 |       47.339068 |
 |  12 |       50.903232 |       -2.442817 |        0.782346 |       48.992103 |
 |  13 |       85.998630 |       -0.832975 |        0.914193 |       85.237130 |
 |  14 |       88.516417 |        0.259441 |        0.031564 |       88.524606 |
 |  15 |       88.516417 |        0.259441 |        0.031564 |       88.524606 |
 |  16 |       92.799552 |       -2.184562 |        0.897914 |       90.838004 |
 |  17 |       92.799552 |       -2.184562 |        0.897914 |       90.838004 |
 |  18 |       94.141411 |       -2.463310 |        0.875587 |       91.984570 |
 |  19 |       94.141411 |       -2.463310 |        0.875587 |       91.984570 |
 |  20 |       98.459019 |       -3.831883 |        0.689935 |       95.815269 |
 |  21 |       98.459019 |       -3.831883 |        0.689935 |       95.815269 |
 |  22 |      103.996230 |       -1.723248 |        0.554899 |      103.040000 |
 |  23 |      104.501449 |       -3.513500 |        0.834509 |      101.569402 |
 |  24 |      104.501449 |       -3.513500 |        0.834509 |      101.569402 |
 |  25 |      108.253245 |       -3.220199 |        0.603460 |      106.309985 |
 |  26 |      108.253245 |       -3.220199 |        0.603460 |      106.309985 |
 |  27 |      110.473976 |       -3.745439 |        0.760047 |      107.627265 |
 |  28 |      127.398648 |        3.490685 |        0.194151 |      128.076367 |
 |  29 |      128.148443 |       -3.425285 |        0.281929 |      127.182755 |
 |  30 |      128.546298 |       -2.829739 |        0.643030 |      126.726691 |
 -------------------------------------------------------------------------------
          G0W0 HOMO      energy:     -12.239074 eV
          G0W0 LUMO      energy:      -0.454752 eV
          G0W0 HOMO-LUMO gap   :      11.784322 eV
 -------------------------------------------------------------------------------
    RPA@G0W0 total energy      :      -1.031147 au
    RPA@G0W0 correlation energy:      -0.061596 au
    GM@G0W0  total energy      :      -1.078661 au
    GM@G0W0  correlation energy:      -0.109109 au
 -------------------------------------------------------------------------------


 -------------------------------------------------------------
   BSE@GW       calculation: singlet        manifold
 -------------------------------------------------------------
 | State |  Excitation energy (au) |  Excitation energy (eV) |
 -------------------------------------------------------------
 |     1 |                0.242187 |                6.590253 |
 |     2 |                0.561294 |               15.273578 |
 |     3 |                0.594517 |               16.177638 |
 |     4 |                0.826125 |               22.480020 |
 |     5 |                0.826125 |               22.480020 |
 |     6 |                0.896626 |               24.398449 |
 |     7 |                0.980344 |               26.676525 |
 |     8 |                0.980344 |               26.676525 |
 |     9 |                1.396090 |               37.989543 |
 |    10 |                1.886750 |               51.341070 |
 |    11 |                1.939014 |               52.763262 |
 |    12 |                3.213299 |               87.438330 |
 |    13 |                3.334624 |               90.739739 |
 |    14 |                3.334624 |               90.739739 |
 |    15 |                3.414379 |               92.909992 |
 |    16 |                3.414379 |               92.909992 |
 |    17 |                3.453385 |               93.971380 |
 |    18 |                3.453385 |               93.971380 |
 |    19 |                3.585809 |               97.574832 |
 |    20 |                3.585809 |               97.574832 |
 -------------------------------------------------------------

 ---------------------------------------------------------------
                 Transition dipole moment (au)                  
 ---------------------------------------------------------------
  #           X           Y           Z   dip. str.   osc. str.
 ---------------------------------------------------------------
  1   -0.000000    0.000000   -1.729923    2.992633    0.483185
  2    0.000000    0.000000    0.000000    0.000000    0.000000
  3   -0.000000    0.000000   -0.215771    0.046557    0.018453
  4   -1.113113   -0.559152   -0.000000    1.551672    0.854584
  5   -0.559152    1.113113    0.000000    1.551672    0.854584
  6   -0.000000    0.000000    0.000000    0.000000    0.000000
  7    0.000000   -0.000000    0.000000    0.000000    0.000000
  8    0.000000    0.000000   -0.000000    0.000000    0.000000
  9    0.000000   -0.000000    0.267584    0.071601    0.066641
 10   -0.000000   -0.000000   -0.000000    0.000000    0.000000
 ---------------------------------------------------------------

 -------------------------------------------------------------
 Excitation n.   1:   6.590253 eV  f = 0.4832  <S**2> = 0.0000
 -------------------------------------------------------------
  1 ->   2 =  -0.757594
  1 <-   2 =   0.258081
  1 <-   4 =   0.084714

 -------------------------------------------------------------
 Excitation n.   2:  15.273578 eV  f = 0.0000  <S**2> = 0.0000
 -------------------------------------------------------------
  1 ->   3 =   0.707822

 -------------------------------------------------------------
 Excitation n.   3:  16.177638 eV  f = 0.0185  <S**2> = 0.0000
 -------------------------------------------------------------
  1 ->   4 =   0.713869
  1 <-   2 =  -0.092517

 -------------------------------------------------------------
 Excitation n.   4:  22.480020 eV  f = 0.8546  <S**2> = 0.0000
 -------------------------------------------------------------
  1 ->   5 =   0.572923
  1 ->   6 =  -0.415793

 -------------------------------------------------------------
 Excitation n.   5:  22.480020 eV  f = 0.8546  <S**2> = 0.0000
 -------------------------------------------------------------
  1 ->   5 =  -0.415793
  1 ->   6 =  -0.572923

 -------------------------------------------------------------
 Excitation n.   6:  24.398449 eV  f = 0.0000  <S**2> = 0.0000
 -------------------------------------------------------------
  1 ->   7 =   0.707456

 -------------------------------------------------------------
 Excitation n.   7:  26.676525 eV  f = 0.0000  <S**2> = 0.0000
 -------------------------------------------------------------
  1 ->   8 =  -0.697391
  1 ->   9 =   0.117991

 -------------------------------------------------------------
 Excitation n.   8:  26.676525 eV  f = 0.0000  <S**2> = 0.0000
 -------------------------------------------------------------
  1 ->   8 =   0.117991
  1 ->   9 =   0.697391

 -------------------------------------------------------------
 Excitation n.   9:  37.989543 eV  f = 0.0666  <S**2> = 0.0000
 -------------------------------------------------------------
  1 ->  10 =   0.706784

 -------------------------------------------------------------
 Excitation n.  10:  51.341070 eV  f = 0.0000  <S**2> = 0.0000
 -------------------------------------------------------------
  1 ->  11 =   0.707143

Thomas-Reiche-Kuhn sum rule =   2.277447


 *** dynamical TDA activated ***

 ---------------------------------------------------------------------------------------------------
  First-order dynamical correction to static Bethe-Salpeter excitation energies                     
 ---------------------------------------------------------------------------------------------------
  BSE neutral excitation must be lower than the GW gap =  11.784322 eV
 ---------------------------------------------------------------------------------------------------
      #          Static (eV)         Dynamic (eV)      Correction (eV)         Renorm. (eV)
 ---------------------------------------------------------------------------------------------------
      1            6.590253            6.447236           -0.143017            1.022816
      2           15.273578           15.189226           -0.084352            1.011948
      3           16.177638           16.064448           -0.113190            1.017651
      4           22.480020           22.304461           -0.175559            1.019168
      5           22.480020           22.304461           -0.175559            1.019168
      6           24.398449           24.189100           -0.209349            1.021993
      7           26.676525           26.505938           -0.170587            1.015747
      8           26.676525           26.505938           -0.170587            1.015747
      9           37.989543           37.785179           -0.204364            1.017963
     10           51.341070           51.089487           -0.251582            1.015208
 ---------------------------------------------------------------------------------------------------

 You may have instabilities in linear response: negative excitations!!

 -------------------------------------------------------------
   BSE@GW       calculation: triplet        manifold
 -------------------------------------------------------------
 | State |  Excitation energy (au) |  Excitation energy (eV) |
 -------------------------------------------------------------
 |     1 |                     NaN |                     NaN |
 |     2 |                0.466188 |               12.685633 |
 |     3 |                0.517548 |               14.083196 |
 |     4 |                0.697123 |               18.969690 |
 |     5 |                0.697123 |               18.969690 |
 |     6 |                0.770361 |               20.962595 |
 |     7 |                0.898264 |               24.443010 |
 |     8 |                0.898264 |               24.443010 |
 |     9 |                1.326068 |               36.084135 |
 |    10 |                1.806135 |               49.147449 |
 |    11 |                1.873071 |               50.968859 |
 |    12 |                3.147727 |               85.654018 |
 |    13 |                3.273345 |               89.072260 |
 |    14 |                3.273345 |               89.072260 |
 |    15 |                3.360978 |               91.456877 |
 |    16 |                3.360978 |               91.456877 |
 |    17 |                3.403329 |               92.609309 |
 |    18 |                3.403329 |               92.609309 |
 |    19 |                3.526387 |               95.957874 |
 |    20 |                3.526387 |               95.957874 |
 -------------------------------------------------------------

 -------------------------------------------------------------
 Excitation n.   1:        NaN eV  f = 0.0000  <S**2> = 2.0000
 -------------------------------------------------------------

 -------------------------------------------------------------
 Excitation n.   2:  12.685633 eV  f = 0.0000  <S**2> = 2.0000
 -------------------------------------------------------------
  1 ->   3 =   0.706014

 -------------------------------------------------------------
 Excitation n.   3:  14.083196 eV  f = 0.0000  <S**2> = 2.0000
 -------------------------------------------------------------
  1 ->   2 =  -0.147233
  1 ->   4 =   0.690654

 -------------------------------------------------------------
 Excitation n.   4:  18.969690 eV  f = 0.0000  <S**2> = 2.0000
 -------------------------------------------------------------
  1 ->   5 =   0.680363
  1 ->   6 =   0.194216

 -------------------------------------------------------------
 Excitation n.   5:  18.969690 eV  f = 0.0000  <S**2> = 2.0000
 -------------------------------------------------------------
  1 ->   5 =  -0.194216
  1 ->   6 =   0.680363

 -------------------------------------------------------------
 Excitation n.   6:  20.962595 eV  f = 0.0000  <S**2> = 2.0000
 -------------------------------------------------------------
  1 ->   7 =   0.705710

 -------------------------------------------------------------
 Excitation n.   7:  24.443010 eV  f = 0.0000  <S**2> = 2.0000
 -------------------------------------------------------------
  1 ->   8 =   0.706407

 -------------------------------------------------------------
 Excitation n.   8:  24.443010 eV  f = 0.0000  <S**2> = 2.0000
 -------------------------------------------------------------
  1 ->   9 =   0.706407

 -------------------------------------------------------------
 Excitation n.   9:  36.084135 eV  f = 0.0000  <S**2> = 2.0000
 -------------------------------------------------------------
  1 ->  10 =  -0.705741

 -------------------------------------------------------------
 Excitation n.  10:  49.147449 eV  f = 0.0000  <S**2> = 2.0000
 -------------------------------------------------------------
  1 ->  11 =   0.705776

Thomas-Reiche-Kuhn sum rule =   0.000000


 *** dynamical TDA activated ***

 ---------------------------------------------------------------------------------------------------
  First-order dynamical correction to static Bethe-Salpeter excitation energies                     
 ---------------------------------------------------------------------------------------------------
  BSE neutral excitation must be lower than the GW gap =  11.784322 eV
 ---------------------------------------------------------------------------------------------------
      #          Static (eV)         Dynamic (eV)      Correction (eV)         Renorm. (eV)
 ---------------------------------------------------------------------------------------------------
      1                 NaN                 NaN                 NaN                 NaN
      2           12.685633           12.548948           -0.136685            1.010997
      3           14.083196           13.948399           -0.134797            1.006009
      4           18.969690           18.728130           -0.241560            1.015545
      5           18.969690           18.728130           -0.241560            1.015545
      6           20.962595           20.675707           -0.286888            1.017279
      7           24.443010           24.234555           -0.208455            1.013820
      8           24.443010           24.234555           -0.208455            1.013820
      9           36.084135           35.855177           -0.228958            0.997262
     10           49.147449           48.909475           -0.237974            1.001566
 ---------------------------------------------------------------------------------------------------


 -------------------------------------------------------------------------------
          Tr@BSE@G0W0 correlation energy (singlet) =       -0.0626082042
          Tr@BSE@G0W0 correlation energy (triplet) =                 NaN
          Tr@BSE@G0W0 correlation energy           =                 NaN
          Tr@BSE@G0W0 total energy                 =                 NaN
 -------------------------------------------------------------------------------

                                       Total CPU time for G0W0 =      0.013 seconds


 ************************************************
 |          One-shot G0T0 calculation           |
 ************************************************


 -------------------------------------------------------------
   pp-RPA (N+2) calculation: alpha-beta     manifold
 -------------------------------------------------------------
 | State |  Excitation energy (au) |  Excitation energy (eV) |
 -------------------------------------------------------------
 |     1 |                0.315061 |                8.573237 |
 |     2 |                0.600814 |               16.348982 |
 |     3 |                0.641531 |               17.456944 |
 |     4 |                0.644558 |               17.539320 |
 |     5 |                0.749607 |               20.397849 |
 |     6 |                0.936402 |               25.480790 |
 |     7 |                0.948878 |               25.820275 |
 |     8 |                0.985836 |               26.825957 |
 |     9 |                0.985836 |               26.825957 |
 |    10 |                1.034119 |               28.139822 |
 |    11 |                1.037081 |               28.220400 |
 |    12 |                1.037081 |               28.220400 |
 |    13 |                1.062699 |               28.917520 |
 |    14 |                1.102220 |               29.992926 |
 |    15 |                1.136190 |               30.917297 |
 |    16 |                1.190096 |               32.384155 |
 |    17 |                1.190096 |               32.384155 |
 |    18 |                1.266114 |               34.452727 |
 |    19 |                1.266114 |               34.452727 |
 |    20 |                1.305988 |               35.537753 |
 -------------------------------------------------------------


 -------------------------------------------------------------
   pp-RPA (N-2) calculation: alpha-beta     manifold
 -------------------------------------------------------------
 | State |  Excitation energy (au) |  Excitation energy (eV) |
 -------------------------------------------------------------
 |     1 |               -1.257750 |              -34.225126 |
 -------------------------------------------------------------


 -------------------------------------------------------------
   pp-RPA (N+2) calculation: alpha-alpha    manifold
 -------------------------------------------------------------
 | State |  Excitation energy (au) |  Excitation energy (eV) |
 -------------------------------------------------------------
 |     1 |                0.600814 |               16.348982 |
 |     2 |                0.641531 |               17.456944 |
 |     3 |                0.948878 |               25.820275 |
 |     4 |                0.985836 |               26.825957 |
 |     5 |                0.985836 |               26.825957 |
 |     6 |                1.034119 |               28.139822 |
 |     7 |                1.190096 |               32.384155 |
 |     8 |                1.190096 |               32.384155 |
 |     9 |                1.305988 |               35.537753 |
 |    10 |                1.305988 |               35.537753 |
 |    11 |                1.356777 |               36.919788 |
 |    12 |                1.356777 |               36.919788 |
 |    13 |                1.369451 |               37.264658 |
 |    14 |                1.443109 |               39.269004 |
 |    15 |                1.553551 |               42.274264 |
 |    16 |                1.553551 |               42.274264 |
 |    17 |                1.563637 |               42.548739 |
 |    18 |                1.603949 |               43.645667 |
 |    19 |                1.603949 |               43.645667 |
 |    20 |                1.702559 |               46.328979 |
 -------------------------------------------------------------


 -------------------------------------------------------------
   pp-RPA (N-2) calculation: alpha-alpha    manifold
 -------------------------------------------------------------
 | State |  Excitation energy (au) |  Excitation energy (eV) |
 -------------------------------------------------------------
 -------------------------------------------------------------

 -------------------------------------------------------------------------------
   One-shot G0T0 calculation (T-matrix self-energy)  
 -------------------------------------------------------------------------------
 |   # |       e_HF (eV) |    Sigma_T (eV) |               Z |       e_QP (eV) |
 -------------------------------------------------------------------------------
 |   1 |      -11.335272 |       -0.335883 |        0.985697 |      -11.666351 |
 |   2 |       -0.020811 |       -0.420700 |        0.981962 |       -0.433923 |
 |   3 |        9.513820 |       -0.459129 |        0.983550 |        9.062244 |
 |   4 |       10.882098 |       -0.625757 |        0.975080 |       10.271935 |
 |   5 |       18.439533 |       -0.955288 |        0.971923 |       17.511066 |
 |   6 |       18.439533 |       -0.955288 |        0.971923 |       17.511066 |
 |   7 |       20.116543 |       12.555787 |        0.015102 |       20.306158 |
 |   8 |       24.352105 |       -1.330254 |        0.940716 |       23.100713 |
 |   9 |       24.352105 |       -1.330254 |        0.940716 |       23.100713 |
 |  10 |       34.008621 |       -2.216694 |        0.794108 |       32.248326 |
 |  11 |       47.740294 |       -1.896398 |        0.620173 |       46.564199 |
 |  12 |       50.903232 |       -1.256143 |        0.394571 |       50.407594 |
 |  13 |       85.998630 |       -0.683497 |        0.876567 |       85.399499 |
 |  14 |       88.516417 |       -1.245791 |        0.905015 |       87.388957 |
 |  15 |       88.516417 |       -1.245791 |        0.905015 |       87.388957 |
 |  16 |       92.799552 |       -1.952319 |        0.928325 |       90.987165 |
 |  17 |       92.799552 |       -1.952319 |        0.928325 |       90.987165 |
 |  18 |       94.141411 |       -2.126092 |        0.916661 |       92.192506 |
 |  19 |       94.141411 |       -2.126092 |        0.916661 |       92.192506 |
 |  20 |       98.459019 |       -2.635408 |        0.846153 |       96.229061 |
 |  21 |       98.459019 |       -2.635408 |        0.846153 |       96.229061 |
 |  22 |      103.996230 |       -4.369266 |        0.328129 |      102.562546 |
 |  23 |      104.501449 |       -2.544392 |        0.888508 |      102.240736 |
 |  24 |      104.501449 |       -2.544392 |        0.888508 |      102.240736 |
 |  25 |      108.253245 |       -6.978591 |        0.244667 |      106.545812 |
 |  26 |      108.253245 |       -6.978591 |        0.244667 |      106.545812 |
 |  27 |      110.473976 |       -2.674466 |        0.862355 |      108.167639 |
 |  28 |      127.398648 |       -1.690057 |        0.602955 |      126.379619 |
 |  29 |      128.148443 |       -2.184267 |        0.730246 |      126.553391 |
 |  30 |      128.546298 |       -2.953346 |        0.757841 |      126.308132 |
 -------------------------------------------------------------------------------
             G0T0 HOMO      energy (eV)            =     -11.666351 eV
             G0T0 LUMO      energy (eV)            =      -0.433923 eV
             G0T0 HOMO-LUMO gap    (eV)            =      11.232428 eV
 -------------------------------------------------------------------------------
        Tr@ppRPA@G0T0 correlation energy (singlet) =       -0.0232082485 au
        Tr@ppRPA@G0T0 correlation energy (triplet) =        0.0000000000 au
        Tr@ppRPA@G0T0 correlation energy           =       -0.0232082485 au
        Tr@ppRPA@G0T0 total energy                 =       -0.9927594323 au
              GM@G0T0 correlation energy           =       -0.0355992350 au
              GM@G0T0 total energy                 =       -1.0051504189 au
 -------------------------------------------------------------------------------


 -------------------------------------------------------------
   BSE@GT       calculation: singlet        manifold
 -------------------------------------------------------------
 | State |  Excitation energy (au) |  Excitation energy (eV) |
 -------------------------------------------------------------
 |     1 |                0.268548 |                7.307567 |
 |     2 |                0.524598 |               14.275036 |
 |     3 |                0.570611 |               15.527120 |
 |     4 |                0.788056 |               21.444102 |
 |     5 |                0.788056 |               21.444102 |
 |     6 |                0.859357 |               23.384283 |
 |     7 |                0.953214 |               25.938286 |
 |     8 |                0.953214 |               25.938286 |
 |     9 |                1.280605 |               34.847042 |
 |    10 |                1.795075 |               48.846468 |
 |    11 |                1.935868 |               52.677647 |
 |    12 |                3.152024 |               85.770930 |
 |    13 |                3.231011 |               87.920288 |
 |    14 |                3.231011 |               87.920288 |
 |    15 |                3.360360 |               91.440043 |
 |    16 |                3.360360 |               91.440043 |
 |    17 |                3.402072 |               92.575099 |
 |    18 |                3.402072 |               92.575099 |
 |    19 |                3.531146 |               96.087366 |
 |    20 |                3.531146 |               96.087366 |
 -------------------------------------------------------------

 ---------------------------------------------------------------
                 Transition dipole moment (au)                  
 ---------------------------------------------------------------
  #           X           Y           Z   dip. str.   osc. str.
 ---------------------------------------------------------------
  1    0.000000   -0.000000    2.446183    5.983811    1.071294
  2   -0.000000   -0.000000   -0.000000    0.000000    0.000000
  3   -0.000000   -0.000000   -0.014145    0.000200    0.000076
  4    0.409552    1.216619    0.000000    1.647895    0.865756
  5   -1.216619    0.409552    0.000000    1.647895    0.865756
  6   -0.000000    0.000000    0.000000    0.000000    0.000000
  7    0.000000    0.000000    0.000000    0.000000    0.000000
  8   -0.000000    0.000000   -0.000000    0.000000    0.000000
  9    0.000000    0.000000   -0.273412    0.074754    0.063820
 10    0.000000    0.000000    0.000000    0.000000    0.000000
 ---------------------------------------------------------------

 -------------------------------------------------------------
 Excitation n.   1:   7.307567 eV  f = 1.0713  <S**2> = 0.0000
 -------------------------------------------------------------
  1 ->   2 =   0.706743

 -------------------------------------------------------------
 Excitation n.   2:  14.275036 eV  f = 0.0000  <S**2> = 0.0000
 -------------------------------------------------------------
  1 ->   3 =  -0.706990

 -------------------------------------------------------------
 Excitation n.   3:  15.527120 eV  f = 0.0001  <S**2> = 0.0000
 -------------------------------------------------------------
  1 ->   4 =  -0.706280

 -------------------------------------------------------------
 Excitation n.   4:  21.444102 eV  f = 0.8658  <S**2> = 0.0000
 -------------------------------------------------------------
  1 ->   5 =  -0.698949
  1 ->   6 =  -0.107622

 -------------------------------------------------------------
 Excitation n.   5:  21.444102 eV  f = 0.8658  <S**2> = 0.0000
 -------------------------------------------------------------
  1 ->   5 =   0.107622
  1 ->   6 =  -0.698949

 -------------------------------------------------------------
 Excitation n.   6:  23.384283 eV  f = 0.0000  <S**2> = 0.0000
 -------------------------------------------------------------
  1 ->   7 =   0.706606

 -------------------------------------------------------------
 Excitation n.   7:  25.938286 eV  f = 0.0000  <S**2> = 0.0000
 -------------------------------------------------------------
  1 ->   8 =  -0.148506
  1 ->   9 =   0.691309

 -------------------------------------------------------------
 Excitation n.   8:  25.938286 eV  f = 0.0000  <S**2> = 0.0000
 -------------------------------------------------------------
  1 ->   8 =   0.691309
  1 ->   9 =   0.148506

 -------------------------------------------------------------
 Excitation n.   9:  34.847042 eV  f = 0.0638  <S**2> = 0.0000
 -------------------------------------------------------------
  1 ->  10 =  -0.706363

 -------------------------------------------------------------
 Excitation n.  10:  48.846468 eV  f = 0.0000  <S**2> = 0.0000
 -------------------------------------------------------------
  1 ->  11 =  -0.706441

Thomas-Reiche-Kuhn sum rule =   2.866702


 *** dynamical TDA activated ***

 ---------------------------------------------------------------------------------------------------
  First-order dynamical correction to static Bethe-Salpeter excitation energies                     
 ---------------------------------------------------------------------------------------------------
  BSE neutral excitation must be lower than the GT gap =  11.232428 eV
 ---------------------------------------------------------------------------------------------------
      #          Static (eV)         Dynamic (eV)      Correction (eV)         Renorm. (eV)
 ---------------------------------------------------------------------------------------------------
      1            7.307567            7.332304            0.024737            0.998595
      2           14.275036           14.311739            0.036703            0.994373
      3           15.527120           15.614011            0.086890            0.991700
      4           21.444102           21.441717           -0.002386            1.001176
      5           21.444102           21.441717           -0.002386            1.001176
      6           23.384283           23.391086            0.006803            0.958169
      7           25.938286           25.924799           -0.013487            0.994334
      8           25.938286           25.924799           -0.013487            0.994334
      9           34.847042           34.809346           -0.037696            0.994710
     10           48.846468           48.877002            0.030534            0.045818
 ---------------------------------------------------------------------------------------------------


 -------------------------------------------------------------
   BSE@GT       calculation: triplet        manifold
 -------------------------------------------------------------
 | State |  Excitation energy (au) |  Excitation energy (eV) |
 -------------------------------------------------------------
 |     1 |                0.027794 |                0.756315 |
 |     2 |                0.459122 |               12.493338 |
 |     3 |                0.513338 |               13.968635 |
 |     4 |                0.676376 |               18.405139 |
 |     5 |                0.676376 |               18.405139 |
 |     6 |                0.783472 |               21.319361 |
 |     7 |                0.899395 |               24.473776 |
 |     8 |                0.899395 |               24.473776 |
 |     9 |                1.237065 |               33.662251 |
 |    10 |                1.749406 |               47.603759 |
 |    11 |                1.894557 |               51.553524 |
 |    12 |                3.103622 |               84.453851 |
 |    13 |                3.185510 |               86.682156 |
 |    14 |                3.185510 |               86.682156 |
 |    15 |                3.321053 |               90.370457 |
 |    16 |                3.321053 |               90.370457 |
 |    17 |                3.365598 |               91.582583 |
 |    18 |                3.365598 |               91.582583 |
 |    19 |                3.487564 |               94.901454 |
 |    20 |                3.487564 |               94.901454 |
 -------------------------------------------------------------

 -------------------------------------------------------------
 Excitation n.   1:   0.756315 eV  f = 0.0000  <S**2> = 2.0000
 -------------------------------------------------------------
  1 ->   2 =   0.696280
  1 ->   4 =   0.145305
  1 <-   2 =   0.072235

 -------------------------------------------------------------
 Excitation n.   2:  12.493338 eV  f = 0.0000  <S**2> = 2.0000
 -------------------------------------------------------------
  1 ->   3 =   0.704963

 -------------------------------------------------------------
 Excitation n.   3:  13.968635 eV  f = 0.0000  <S**2> = 2.0000
 -------------------------------------------------------------
  1 ->   2 =  -0.143571
  1 ->   4 =   0.690736

 -------------------------------------------------------------
 Excitation n.   4:  18.405139 eV  f = 0.0000  <S**2> = 2.0000
 -------------------------------------------------------------
  1 ->   5 =   0.632319
  1 ->   6 =  -0.316531

 -------------------------------------------------------------
 Excitation n.   5:  18.405139 eV  f = 0.0000  <S**2> = 2.0000
 -------------------------------------------------------------
  1 ->   5 =   0.316531
  1 ->   6 =   0.632319

 -------------------------------------------------------------
 Excitation n.   6:  21.319361 eV  f = 0.0000  <S**2> = 2.0000
 -------------------------------------------------------------
  1 ->   7 =  -0.704497

 -------------------------------------------------------------
 Excitation n.   7:  24.473776 eV  f = 0.0000  <S**2> = 2.0000
 -------------------------------------------------------------
  1 ->   8 =  -0.701293
  1 ->   9 =  -0.089713

 -------------------------------------------------------------
 Excitation n.   8:  24.473776 eV  f = 0.0000  <S**2> = 2.0000
 -------------------------------------------------------------
  1 ->   8 =   0.089713
  1 ->   9 =  -0.701293

 -------------------------------------------------------------
 Excitation n.   9:  33.662251 eV  f = 0.0000  <S**2> = 2.0000
 -------------------------------------------------------------
  1 ->  10 =  -0.705049

 -------------------------------------------------------------
 Excitation n.  10:  47.603759 eV  f = 0.0000  <S**2> = 2.0000
 -------------------------------------------------------------
  1 ->  11 =  -0.705498

Thomas-Reiche-Kuhn sum rule =   0.000000


 *** dynamical TDA activated ***

 ---------------------------------------------------------------------------------------------------
  First-order dynamical correction to static Bethe-Salpeter excitation energies                     
 ---------------------------------------------------------------------------------------------------
  BSE neutral excitation must be lower than the GT gap =  11.232428 eV
 ---------------------------------------------------------------------------------------------------
      #          Static (eV)         Dynamic (eV)      Correction (eV)         Renorm. (eV)
 ---------------------------------------------------------------------------------------------------
      1            0.756315            0.451883           -0.304432            1.007713
      2           12.493338           12.361724           -0.131613            1.010095
      3           13.968635           13.858142           -0.110494            1.008261
      4           18.405139           18.351602           -0.053537            1.009662
      5           18.405139           18.351602           -0.053537            1.009662
      6           21.319361           21.217451           -0.101910            1.039756
      7           24.473776           24.493140            0.019364            1.017581
      8           24.473776           24.493140            0.019364            1.017581
      9           33.662251           33.862781            0.200530            1.028183
     10           47.603759           47.687221            0.083462            1.194451
 ---------------------------------------------------------------------------------------------------


 -------------------------------------------------------------------------------
          Tr@BSE@G0T0 correlation energy (singlet) =       -0.0014617377 au
          Tr@BSE@G0T0 correlation energy (triplet) =       -0.0021425105 au
          Tr@BSE@G0T0 correlation energy           =       -0.0036042482 au
          Tr@BSE@G0T0 total energy                 =       -0.9731554320 au
 -------------------------------------------------------------------------------

                                       Total CPU time for G0T0 =     11.300 seconds

                                      Total CPU time for QuAcK =     25.248 seconds

