78 significant shell pairs computed in 0.000042 seconds
0
Computed Electron repulsion integrals Integrals in parallel in 0.121969 seconds

 ******************************************************************************************
 *            QuAcK                       QuAcK                         QuAcK             *
 *   __        __        __       __        __        __       __        __        __     *
 * <(o )___  <(o )___  <(o )___ <(o )___  <(o )___  <(o )___ <(o )___  <(o )___  <(o )___ *
 * ( ._> /   ( ._> /   ( ._> /  ( ._> /   ( ._> /   ( ._> /  ( ._> /   ( ._> /   ( ._> /  *
 *|--------------------------------------------------------------------------------------|*
 ******************************************************************************************

      ----------------------
             Number of atoms                2
      ----------------------

      ----------------------
Number of spin-up   electron                1
Number of spin-down electron                1
    Total number of electron                2
      ----------------------

      ----------------------
Number of core      electron                0
Number of Rydberg   electron                0
      ----------------------

          ------------------
          Molecular geometry
          ------------------
                    Atom n.                 1
                        Z =      1.0000000000
           Atom coordinates:     0.0000000000    0.0000000000    0.0000000000
                    Atom n.                 2
                        Z =      1.0000000000
           Atom coordinates:     0.0000000000    0.0000000000    2.0786987380

          ------------------
 Nuclear repulsion energy =      0.4810701915
          ------------------

          Gaussian basis set
          ------------------
                    Atom n.                 1
           number of shells                 6
          ------------------
      s-type shell with K =                 5
                                    Exponents     Contraction
                                33.8700000000    0.0060680000
                                 5.0950000000    0.0453080000
                                 1.1590000000    0.2028220000
                                 0.3258000000    0.5039030000
                                 0.1027000000    0.3834210000
      s-type shell with K =                 1
                                    Exponents     Contraction
                                 0.3258000000    1.0000000000
      s-type shell with K =                 1
                                    Exponents     Contraction
                                 0.1027000000    1.0000000000
      p-type shell with K =                 1
                                    Exponents     Contraction
                                 1.4070000000    1.0000000000
      p-type shell with K =                 1
                                    Exponents     Contraction
                                 0.3880000000    1.0000000000
      d-type shell with K =                 1
                                    Exponents     Contraction
                                 1.0570000000    1.0000000000
          ------------------
                    Atom n.                 2
           number of shells                 6
          ------------------
      s-type shell with K =                 5
                                    Exponents     Contraction
                                33.8700000000    0.0060680000
                                 5.0950000000    0.0453080000
                                 1.1590000000    0.2028220000
                                 0.3258000000    0.5039030000
                                 0.1027000000    0.3834210000
      s-type shell with K =                 1
                                    Exponents     Contraction
                                 0.3258000000    1.0000000000
      s-type shell with K =                 1
                                    Exponents     Contraction
                                 0.1027000000    1.0000000000
      p-type shell with K =                 1
                                    Exponents     Contraction
                                 1.4070000000    1.0000000000
      p-type shell with K =                 1
                                    Exponents     Contraction
                                 0.3880000000    1.0000000000
      d-type shell with K =                 1
                                    Exponents     Contraction
                                 1.0570000000    1.0000000000
          ------------------
            Number of shells               12
          ------------------

          ------------------
   Number of basis functions               30
          ------------------

 Scaling integrals by    1.0000000000000000     

                          Total CPU time for reading integrals =      0.044 seconds


 ************************************************
 |    Restricted Hartree-Fock calculation       |
 ************************************************


 ----------------------------------------------------
 | RHF calculation                                  |
 ----------------------------------------------------
 |   # |        HF energy |       Conv |     HL Gap |
 ----------------------------------------------------
 |   1 |    -0.8213131886 |   0.853516 |   1.271747 |
 |   2 |    -1.0642161906 |   0.238833 |   1.589078 |
 |   3 |    -1.0815754399 |   0.067927 |   1.607699 |
 |   4 |    -1.0836240890 |   0.030800 |   1.609645 |
 |   5 |    -1.0838113609 |   0.016878 |   1.609920 |
 |   6 |    -1.0836645480 |   0.009958 |   1.609907 |
 |   7 |    -1.0834795971 |   0.006132 |   1.609838 |
 |   8 |    -1.0833235491 |   0.003869 |   1.609770 |
 |   9 |    -1.0832059465 |   0.002476 |   1.609715 |
 |  10 |    -1.0831216099 |   0.001597 |   1.609675 |
 |  11 |    -1.0830627494 |   0.001035 |   1.609646 |
 |  12 |    -1.0830223615 |   0.000673 |   1.609626 |
 |  13 |    -1.0829949678 |   0.000441 |   1.609612 |
 |  14 |    -1.0829765409 |   0.000289 |   1.609603 |
 |  15 |    -1.0829642216 |   0.000189 |   1.609596 |
 |  16 |    -1.0829560234 |   0.000124 |   1.609592 |
 |  17 |    -1.0829505871 |   0.000081 |   1.609589 |
 |  18 |    -1.0829469921 |   0.000053 |   1.609588 |
 |  19 |    -1.0829446196 |   0.000035 |   1.609586 |
 |  20 |    -1.0829430567 |   0.000023 |   1.609586 |
 |  21 |    -1.0829420283 |   0.000015 |   1.609585 |
 |  22 |    -1.0829413523 |   0.000010 |   1.609585 |
 |  23 |    -1.0829409084 |   0.000006 |   1.609585 |
 |  24 |    -1.0829406171 |   0.000004 |   1.609584 |
 |  25 |    -1.0829404259 |   0.000003 |   1.609584 |
 |  26 |    -1.0829403006 |   0.000002 |   1.609584 |
 |  27 |    -1.0829402184 |   0.000001 |   1.609584 |
 |  28 |    -1.0829401646 |   0.000001 |   1.609584 |
 |  29 |    -1.0829401293 |   0.000001 |   1.609584 |
 |  30 |    -1.0829401062 |   0.000000 |   1.609584 |
 |  31 |    -1.0829400911 |   0.000000 |   1.609584 |
 |  32 |    -1.0829400811 |   0.000000 |   1.609584 |
 |  33 |    -1.0829400902 |   0.000000 |   0.609584 |
 ----------------------------------------------------

         -----------------------------------------
           Summary              
         -----------------------------------------
           One-electron energy:     -2.1177107632 au
           Kinetic      energy:      0.8644087994 au
           Potential    energy:     -2.9821195626 au
         -----------------------------------------
           Two-electron energy:      0.5537004815 au
           Hartree      energy:      1.1074009631 au
           Exchange     energy:     -0.5537004815 au
         -----------------------------------------
           Electronic   energy:     -1.5640102817 au
           Nuclear   repulsion:      0.4810701915 au
           RHF          energy:     -1.0829400902 au
         -----------------------------------------
           HF HOMO      energy:        -13.745965 eV
           HF LUMO      energy:          2.841663 eV
           HF HOMO-LUMO gap   :         16.587628 eV
         -----------------------------------------
          Dipole moment (Debye)    
                   X         Y         Z      Tot.
           -0.000000  0.000000 -0.000000  0.000000
         -----------------------------------------

           ---------------------------------------
                 MO coefficients
           ---------------------------------------
                 1              2              3              4              5
      1    -0.64563813    -0.55943265    -0.23085486    -0.01159719     0.00000000
      2     0.03811753     0.32860027     1.32767684    -1.53535959     0.00000000
      3     0.05321826    -1.24066900    -0.90878634     2.01497541     0.00000000
      4     0.00000000     0.00000000     0.00000000     0.00000000    -0.04669899
      5     0.00000000     0.00000000     0.00000000     0.00000000    -0.03895647
      6    -0.00683985     0.01029769     0.00152869    -0.00554183     0.00000000
      7     0.00000000     0.00000000     0.00000000     0.00000000     0.47972920
      8     0.00000000     0.00000000     0.00000000     0.00000000     0.40019187
      9    -0.02373782     0.00695372     0.01636882     0.18936711     0.00000000
     10     0.00224849    -0.02515698    -0.10512806     0.10622965     0.00000000
     11     0.00000000     0.00000000     0.00000000     0.00000000     0.00000000
     12     0.00000000     0.00000000     0.00000000     0.00000000    -0.01039463
     13     0.00224849    -0.02515698    -0.10512806     0.10622965     0.00000000
     14     0.00000000     0.00000000     0.00000000     0.00000000    -0.00867124
     15    -0.00159822    -0.02833519    -0.09992833     0.13667934     0.00000000
     16    -0.64563813     0.55943265    -0.23085486     0.01159719     0.00000000
     17     0.03811753    -0.32860027     1.32767684     1.53535959     0.00000000
     18     0.05321826     1.24066900    -0.90878634    -2.01497541     0.00000000
     19     0.00000000     0.00000000     0.00000000     0.00000000    -0.04669899
     20     0.00000000     0.00000000     0.00000000     0.00000000    -0.03895647
     21     0.00683985     0.01029769    -0.00152869    -0.00554183     0.00000000
     22     0.00000000     0.00000000     0.00000000     0.00000000     0.47972920
     23     0.00000000     0.00000000     0.00000000     0.00000000     0.40019187
     24     0.02373782     0.00695372    -0.01636882     0.18936711     0.00000000
     25     0.00224849     0.02515698    -0.10512806    -0.10622965     0.00000000
     26     0.00000000     0.00000000     0.00000000     0.00000000     0.00000000
     27     0.00000000     0.00000000     0.00000000     0.00000000     0.01039463
     28     0.00224849     0.02515698    -0.10512806    -0.10622965     0.00000000
     29     0.00000000     0.00000000     0.00000000     0.00000000     0.00867124
     30    -0.00159822     0.02833519    -0.09992833    -0.13667934     0.00000000
                 6              7              8              9             10
      1     0.00000000     0.36399255     0.00000000     0.00000000    -0.47974333
      2     0.00000000    -0.94595865     0.00000000     0.00000000    -1.89333896
      3     0.00000000     0.20011762     0.00000000     0.00000000    -0.62774349
      4    -0.03895647     0.00000000    -0.02770039     0.08324889     0.00000000
      5     0.04669899     0.00000000     0.08324889     0.02770039     0.00000000
      6     0.00000000    -0.07875475     0.00000000     0.00000000     0.10464221
      7     0.40019187     0.00000000     0.31814684    -0.95613714     0.00000000
      8    -0.47972920     0.00000000    -0.95613714    -0.31814684     0.00000000
      9     0.00000000     0.75438622     0.00000000     0.00000000    -2.50906640
     10     0.00000000     0.06803895     0.00000000     0.00000000     0.02424762
     11     0.00000000     0.00000000     0.00000000     0.00000000     0.00000000
     12    -0.00867124     0.00000000     0.00278516    -0.00837033     0.00000000
     13     0.00000000     0.06803895     0.00000000     0.00000000     0.02424762
     14     0.01039463     0.00000000    -0.00837033    -0.00278516     0.00000000
     15     0.00000000     0.03288642     0.00000000     0.00000000    -0.20300770
     16     0.00000000     0.36399255     0.00000000     0.00000000     0.47974333
     17     0.00000000    -0.94595865     0.00000000     0.00000000     1.89333896
     18     0.00000000     0.20011762     0.00000000     0.00000000     0.62774349
     19    -0.03895647     0.00000000     0.02770039    -0.08324889     0.00000000
     20     0.04669899     0.00000000    -0.08324889    -0.02770039     0.00000000
     21     0.00000000     0.07875475     0.00000000     0.00000000     0.10464221
     22     0.40019187     0.00000000    -0.31814684     0.95613714     0.00000000
     23    -0.47972920     0.00000000     0.95613714     0.31814684     0.00000000
     24     0.00000000    -0.75438622     0.00000000     0.00000000    -2.50906640
     25     0.00000000     0.06803895     0.00000000     0.00000000    -0.02424762
     26     0.00000000     0.00000000     0.00000000     0.00000000     0.00000000
     27     0.00867124     0.00000000     0.00278516    -0.00837033     0.00000000
     28     0.00000000     0.06803895     0.00000000     0.00000000    -0.02424762
     29    -0.01039463     0.00000000    -0.00837033    -0.00278516     0.00000000
     30     0.00000000     0.03288642     0.00000000     0.00000000     0.20300770
                11             12             13             14             15
      1    -4.64693354     5.15623867     0.00000000     0.00000000     0.00000000
      2     4.73755293    -7.16329135     0.00000000     0.00000000     0.00000000
      3     1.10077621    -0.80771689     0.00000000     0.00000000     0.00000000
      4     0.00000000     0.00000000    -0.14697938     0.19180063     0.00000000
      5     0.00000000     0.00000000     0.19180063     0.14697938     0.00000000
      6    -0.05555620     0.01629969     0.00000000     0.00000000     0.00000000
      7     0.00000000     0.00000000     0.12665007    -0.16527192     0.00000000
      8     0.00000000     0.00000000    -0.16527192    -0.12665007     0.00000000
      9     0.09238989    -1.29751748     0.00000000     0.00000000     0.00000000
     10    -0.52294330     0.60504325     0.00000000     0.00000000    -0.00085128
     11     0.00000000     0.00000000     0.00000000     0.00000000    -0.67361387
     12     0.00000000     0.00000000    -0.35570646     0.46417887     0.00000000
     13    -0.52294330     0.60504325     0.00000000     0.00000000     0.00085128
     14     0.00000000     0.00000000     0.46417887     0.35570646     0.00000000
     15    -0.56272193     0.55299352     0.00000000     0.00000000     0.00000000
     16    -4.64693354    -5.15623867     0.00000000     0.00000000     0.00000000
     17     4.73755293     7.16329135     0.00000000     0.00000000     0.00000000
     18     1.10077621     0.80771689     0.00000000     0.00000000     0.00000000
     19     0.00000000     0.00000000    -0.14697938     0.19180063     0.00000000
     20     0.00000000     0.00000000     0.19180063     0.14697938     0.00000000
     21     0.05555620     0.01629969     0.00000000     0.00000000     0.00000000
     22     0.00000000     0.00000000     0.12665007    -0.16527192     0.00000000
     23     0.00000000     0.00000000    -0.16527192    -0.12665007     0.00000000
     24    -0.09238989    -1.29751748     0.00000000     0.00000000     0.00000000
     25    -0.52294330    -0.60504325     0.00000000     0.00000000    -0.00085128
     26     0.00000000     0.00000000     0.00000000     0.00000000    -0.67361387
     27     0.00000000     0.00000000     0.35570646    -0.46417887     0.00000000
     28    -0.52294330    -0.60504325     0.00000000     0.00000000     0.00085128
     29     0.00000000     0.00000000    -0.46417887    -0.35570646     0.00000000
     30    -0.56272193    -0.55299352     0.00000000     0.00000000     0.00000000
                16             17             18             19             20
      1     0.00000000    -0.93344464     0.00000000     0.00000000     0.00000000
      2     0.00000000     0.86688042     0.00000000     0.00000000     0.00000000
      3     0.00000000     0.24961549     0.00000000     0.00000000     0.00000000
      4     0.00000000     0.00000000     0.00000000     0.00000000    -0.29010246
      5     0.00000000     0.00000000     0.00000000     0.00000000     0.81112506
      6     0.00000000     0.68923684     0.00000000     0.00000000     0.00000000
      7     0.00000000     0.00000000     0.00000000     0.00000000     0.13505277
      8     0.00000000     0.00000000     0.00000000     0.00000000    -0.37760689
      9     0.00000000    -0.43929512     0.00000000     0.00000000     0.00000000
     10     0.58336672    -0.19327449    -0.00055341     0.64618386     0.00000000
     11    -0.00098297     0.00000000    -0.74614885    -0.00063903     0.00000000
     12     0.00000000     0.00000000     0.00000000     0.00000000     0.06501221
     13    -0.58336672    -0.19327449     0.00055341    -0.64618386     0.00000000
     14     0.00000000     0.00000000     0.00000000     0.00000000    -0.18177382
     15     0.00000000     0.21069648     0.00000000     0.00000000     0.00000000
     16     0.00000000    -0.93344464     0.00000000     0.00000000     0.00000000
     17     0.00000000     0.86688042     0.00000000     0.00000000     0.00000000
     18     0.00000000     0.24961549     0.00000000     0.00000000     0.00000000
     19     0.00000000     0.00000000     0.00000000     0.00000000    -0.29010246
     20     0.00000000     0.00000000     0.00000000     0.00000000     0.81112506
     21     0.00000000    -0.68923684     0.00000000     0.00000000     0.00000000
     22     0.00000000     0.00000000     0.00000000     0.00000000     0.13505277
     23     0.00000000     0.00000000     0.00000000     0.00000000    -0.37760689
     24     0.00000000     0.43929512     0.00000000     0.00000000     0.00000000
     25     0.58336672    -0.19327449     0.00055341    -0.64618386     0.00000000
     26    -0.00098297     0.00000000     0.74614885     0.00063903     0.00000000
     27     0.00000000     0.00000000     0.00000000     0.00000000    -0.06501221
     28    -0.58336672    -0.19327449    -0.00055341     0.64618386     0.00000000
     29     0.00000000     0.00000000     0.00000000     0.00000000     0.18177382
     30     0.00000000     0.21069648     0.00000000     0.00000000     0.00000000
                21             22             23             24             25
      1     0.00000000    -1.02946772     0.00000000     0.00000000     0.29419337
      2     0.00000000     2.16028983     0.00000000     0.00000000    -1.64125840
      3     0.00000000     0.87643950     0.00000000     0.00000000     0.15044716
      4    -0.81112506     0.00000000    -0.81680382    -0.37793063     0.00000000
      5    -0.29010246     0.00000000    -0.37793063     0.81680382     0.00000000
      6     0.00000000    -0.60339840     0.00000000     0.00000000     0.45627837
      7     0.37760689     0.00000000     0.64490897     0.29839583     0.00000000
      8     0.13505277     0.00000000     0.29839583    -0.64490897     0.00000000
      9     0.00000000     2.04477313     0.00000000     0.00000000    -0.38922562
     10     0.00000000    -0.12128476     0.00000000     0.00000000     0.99782774
     11     0.00000000     0.00000000     0.00000000     0.00000000     0.00000000
     12     0.18177382     0.00000000     0.17973656     0.08316312     0.00000000
     13     0.00000000    -0.12128476     0.00000000     0.00000000     0.99782774
     14     0.06501221     0.00000000     0.08316312    -0.17973656     0.00000000
     15     0.00000000     0.99054255     0.00000000     0.00000000     0.11656555
     16     0.00000000     1.02946772     0.00000000     0.00000000     0.29419337
     17     0.00000000    -2.16028983     0.00000000     0.00000000    -1.64125840
     18     0.00000000    -0.87643950     0.00000000     0.00000000     0.15044716
     19    -0.81112506     0.00000000     0.81680382     0.37793063     0.00000000
     20    -0.29010246     0.00000000     0.37793063    -0.81680382     0.00000000
     21     0.00000000    -0.60339840     0.00000000     0.00000000    -0.45627837
     22     0.37760689     0.00000000    -0.64490897    -0.29839583     0.00000000
     23     0.13505277     0.00000000    -0.29839583     0.64490897     0.00000000
     24     0.00000000     2.04477313     0.00000000     0.00000000     0.38922562
     25     0.00000000     0.12128476     0.00000000     0.00000000     0.99782774
     26     0.00000000     0.00000000     0.00000000     0.00000000     0.00000000
     27    -0.18177382     0.00000000     0.17973656     0.08316312     0.00000000
     28     0.00000000     0.12128476     0.00000000     0.00000000     0.99782774
     29    -0.06501221     0.00000000     0.08316312    -0.17973656     0.00000000
     30     0.00000000    -0.99054255     0.00000000     0.00000000     0.11656555
                26             27             28             29             30
      1     0.00000000     0.00000000     0.42036232    -1.87358872     0.60942208
      2     0.00000000     0.00000000     3.25885128    -0.16180371    -1.24681312
      3     0.00000000     0.00000000    -0.76736687     0.97764819    -0.50031958
      4     0.07903193    -0.12844957     0.00000000     0.00000000     0.00000000
      5     0.12844957     0.07903193     0.00000000     0.00000000     0.00000000
      6     0.00000000     0.00000000    -0.00456691    -0.52571858    -0.89184044
      7     0.16199989    -0.26329632     0.00000000     0.00000000     0.00000000
      8     0.26329632     0.16199989     0.00000000     0.00000000     0.00000000
      9     0.00000000     0.00000000     1.09491736     0.38138591    -1.32162058
     10     0.00000000     0.00000000    -1.10581698     0.36162652     0.06171539
     11     0.00000000     0.00000000     0.00000000     0.00000000     0.00000000
     12     0.50006184    -0.81274402     0.00000000     0.00000000     0.00000000
     13     0.00000000     0.00000000    -1.10581698     0.36162652     0.06171539
     14     0.81274402     0.50006184     0.00000000     0.00000000     0.00000000
     15     0.00000000     0.00000000    -0.34227401     0.93142969    -1.69764428
     16     0.00000000     0.00000000    -0.42036232    -1.87358872    -0.60942208
     17     0.00000000     0.00000000    -3.25885128    -0.16180371     1.24681312
     18     0.00000000     0.00000000     0.76736687     0.97764819     0.50031958
     19    -0.07903193     0.12844957     0.00000000     0.00000000     0.00000000
     20    -0.12844957    -0.07903193     0.00000000     0.00000000     0.00000000
     21     0.00000000     0.00000000    -0.00456691     0.52571858    -0.89184044
     22    -0.16199989     0.26329632     0.00000000     0.00000000     0.00000000
     23    -0.26329632    -0.16199989     0.00000000     0.00000000     0.00000000
     24     0.00000000     0.00000000     1.09491736    -0.38138591    -1.32162058
     25     0.00000000     0.00000000     1.10581698     0.36162652    -0.06171539
     26     0.00000000     0.00000000     0.00000000     0.00000000     0.00000000
     27     0.50006184    -0.81274402     0.00000000     0.00000000     0.00000000
     28     0.00000000     0.00000000     1.10581698     0.36162652    -0.06171539
     29     0.81274402     0.50006184     0.00000000     0.00000000     0.00000000
     30     0.00000000     0.00000000     0.34227401     0.93142969     1.69764428

           ---------------------------------------
                     MO energies
           ---------------------------------------
                 1
      1    -0.50515490
      2     0.10442919
      3     0.30929444
      4     0.48853038
      5     0.66746162
      6     0.66746162
      7     0.96197711
      8     1.03718782
      9     1.03718782
     10     1.45158501
     11     1.77459372
     12     1.92691482
     13     3.16046628
     14     3.16046628
     15     3.24386335
     16     3.24386335
     17     3.32737793
     18     3.73620835
     19     3.73620835
     20     3.91288332
     21     3.91288332
     22     3.99481151
     23     3.99826910
     24     3.99826910
     25     4.61811416
     26     4.66855643
     27     4.66855643
     28     4.76606935
     29     4.86700039
     30     6.41804223

                                        Total CPU time for RHF =      0.543 seconds


 AO to MO transformation... Please be patient

                    Total CPU time for AO to MO transformation =      1.617 seconds


 ******************************************************
 | Configuration Interaction with Singles and Doubles |
 ******************************************************

 nS =          116
 nD =         1653
 nH =         1770

 00 block  done...
 0S blocks done...
 0D blocks done...
 SS block  done...
 SD blocks done...
 DD block  done...

 Diagonalizing CISD matrix...

 CISD energies (au)
                 1
      1    -1.61029701
      2    -1.38644856
      3    -1.38644856
      4    -1.38644856
      5    -1.21406655
      6    -1.10459985
      7    -1.10459985
      8    -1.10459985
      9    -1.03232296
     10    -0.96530036
     11    -0.96530036
     12    -0.96530036
     13    -0.91236728
     14    -0.88787542
     15    -0.88787542
     16    -0.88787542
     17    -0.88787542
     18    -0.88787542
     19    -0.88787542
     20    -0.88543789
     21    -0.75655829
     22    -0.75655829
     23    -0.69863460
     24    -0.69863460
     25    -0.69863460
     26    -0.63455980
     27    -0.59040612
     28    -0.59040612
     29    -0.59040612
     30    -0.57518292
     31    -0.57518292
     32    -0.56365573
     33    -0.56365573
     34    -0.56365573
     35    -0.52447254
     36    -0.52447254
     37    -0.52447254
     38    -0.52447254
     39    -0.52447254
     40    -0.52447254
     41    -0.51461697
     42    -0.45541729
     43    -0.45541729
     44    -0.45541729
     45    -0.45541729
     46    -0.45541729
     47    -0.45541729
     48    -0.42360667
     49    -0.36266071
     50    -0.30783372
     51    -0.30783372

 CISD excitation energies (eV)
                 1
      1     6.09122673
      2     6.09122673
      3     6.09122673
      4    10.78198004
      5    13.76072055
      6    13.76072055
      7    13.76072055
      8    15.72747511
      9    17.55125287
     10    17.55125287
     11    17.55125287
     12    18.99163545
     13    19.65809276
     14    19.65809276
     15    19.65809276
     16    19.65809276
     17    19.65809276
     18    19.65809276
     19    19.72442133
     20    23.23141399
     21    23.23141399
     22    24.80759787
     23    24.80759787
     24    24.80759787
     25    26.55116204
     26    27.75264478
     27    27.75264478
     28    27.75264478
     29    28.16688918
     30    28.16688918
     31    28.48055981
     32    28.48055981
     33    28.48055981
     34    29.54678897
     35    29.54678897
     36    29.54678897
     37    29.54678897
     38    29.54678897
     39    29.54678897
     40    29.81497245
     41    31.42587780
     42    31.42587780
     43    31.42587780
     44    31.42587780
     45    31.42587780
     46    31.42587780
     47    32.29148900
     48    33.94991302
     49    35.44183136
     50    35.44183136

                                       Total CPU time for CISD =     12.100 seconds


 ************************************************
 |          One-shot G0W0 calculation           |
 ************************************************


 -------------------------------------------------------------
   RPA@HF       calculation: singlet        manifold
 -------------------------------------------------------------
 | State |  Excitation energy (au) |  Excitation energy (eV) |
 -------------------------------------------------------------
 |     1 |                0.704410 |               19.167960 |
 |     2 |                0.900929 |               24.515530 |
 |     3 |                1.156909 |               31.481105 |
 |     4 |                1.320653 |               35.936791 |
 |     5 |                1.320653 |               35.936791 |
 |     6 |                1.570363 |               42.731760 |
 |     7 |                1.611940 |               43.863117 |
 |     8 |                1.611940 |               43.863117 |
 |     9 |                2.020336 |               54.976152 |
 |    10 |                2.380845 |               64.786090 |
 |    11 |                2.516104 |               68.466690 |
 |    12 |                3.765320 |              102.459569 |
 |    13 |                3.765320 |              102.459569 |
 |    14 |                3.823712 |              104.048516 |
 |    15 |                3.823712 |              104.048516 |
 |    16 |                3.961266 |              107.791548 |
 |    17 |                4.297740 |              116.947457 |
 |    18 |                4.297740 |              116.947457 |
 |    19 |                4.501554 |              122.493517 |
 |    20 |                4.501554 |              122.493517 |
 -------------------------------------------------------------

  *** Quasiparticle energies obtained by linearization *** 

 -------------------------------------------------------------------------------
   One-shot G0W0 calculation
 -------------------------------------------------------------------------------
 |   # |       e_HF (eV) |      Sig_c (eV) |               Z |       e_QP (eV) |
 -------------------------------------------------------------------------------
 |   1 |      -13.745965 |       -0.587921 |        0.953759 |      -14.306700 |
 |   2 |        2.841663 |       -0.383867 |        0.980859 |        2.465144 |
 |   3 |        8.416330 |       -0.391286 |        0.987192 |        8.030056 |
 |   4 |       13.293589 |       -1.042006 |        0.955654 |       12.297792 |
 |   5 |       18.162556 |       -0.928349 |        0.972367 |       17.259860 |
 |   6 |       18.162556 |       -0.928349 |        0.972367 |       17.259860 |
 |   7 |       26.176730 |       -1.107454 |        0.804962 |       25.285272 |
 |   8 |       28.223318 |       -1.659730 |        0.904639 |       26.721862 |
 |   9 |       28.223318 |       -1.659730 |        0.904639 |       26.721862 |
 |  10 |       39.499640 |       -2.982007 |        0.170700 |       38.990613 |
 |  11 |       48.289155 |       -1.717416 |        0.689757 |       47.104556 |
 |  12 |       52.434023 |       -1.630713 |        0.888773 |       50.984690 |
 |  13 |       86.000668 |       -1.023336 |        0.849858 |       85.130978 |
 |  14 |       86.000668 |       -1.023336 |        0.849858 |       85.130978 |
 |  15 |       88.270018 |       -1.212473 |        0.939716 |       87.130638 |
 |  16 |       88.270018 |       -1.212473 |        0.939716 |       87.130638 |
 |  17 |       90.542565 |      -10.734196 |        0.046626 |       90.042068 |
 |  18 |      101.667408 |       -2.869155 |        0.781841 |       99.424183 |
 |  19 |      101.667408 |       -2.869155 |        0.781841 |       99.424183 |
 |  20 |      106.474979 |       -2.428498 |        0.873651 |      104.353318 |
 |  21 |      106.474979 |       -2.428498 |        0.873651 |      104.353318 |
 |  22 |      108.704358 |       -3.844573 |        0.315891 |      107.489893 |
 |  23 |      108.798444 |       -2.856953 |        0.862735 |      106.333649 |
 |  24 |      108.798444 |       -2.856953 |        0.862735 |      106.333649 |
 |  25 |      125.665287 |       -2.381227 |        0.642973 |      124.134223 |
 |  26 |      127.037891 |        0.212734 |        0.659690 |      127.178229 |
 |  27 |      127.037891 |        0.212734 |        0.659690 |      127.178229 |
 |  28 |      129.691353 |       -2.484985 |        0.626831 |      128.133689 |
 |  29 |      132.437826 |       -4.525584 |        0.292902 |      131.112273 |
 |  30 |      174.643825 |        0.944107 |        0.501569 |      175.117359 |
 -------------------------------------------------------------------------------
          G0W0 HOMO      energy:     -14.306700 eV
          G0W0 LUMO      energy:       2.465144 eV
          G0W0 HOMO-LUMO gap   :      16.771844 eV
 -------------------------------------------------------------------------------
    RPA@G0W0 total energy      :      -1.139058 au
    RPA@G0W0 correlation energy:      -0.056118 au
    GM@G0W0  total energy      :      -1.185411 au
    GM@G0W0  correlation energy:      -0.102471 au
 -------------------------------------------------------------------------------


 -------------------------------------------------------------
   BSE@GW       calculation: singlet        manifold
 -------------------------------------------------------------
 | State |  Excitation energy (au) |  Excitation energy (eV) |
 -------------------------------------------------------------
 |     1 |                0.392900 |               10.691364 |
 |     2 |                0.598545 |               16.287242 |
 |     3 |                0.740383 |               20.146856 |
 |     4 |                0.868958 |               23.645552 |
 |     5 |                0.868958 |               23.645552 |
 |     6 |                1.136231 |               30.918430 |
 |     7 |                1.164285 |               31.681814 |
 |     8 |                1.164285 |               31.681814 |
 |     9 |                1.619077 |               44.057331 |
 |    10 |                1.919369 |               52.228704 |
 |    11 |                2.057198 |               55.979197 |
 |    12 |                3.231556 |               87.935121 |
 |    13 |                3.231556 |               87.935121 |
 |    14 |                3.300245 |               89.804245 |
 |    15 |                3.300245 |               89.804245 |
 |    16 |                3.421287 |               93.097961 |
 |    17 |                3.740233 |              101.776937 |
 |    18 |                3.740233 |              101.776937 |
 |    19 |                3.926933 |              106.857277 |
 |    20 |                3.926933 |              106.857277 |
 -------------------------------------------------------------

 ---------------------------------------------------------------
                 Transition dipole moment (au)                  
 ---------------------------------------------------------------
  #           X           Y           Z   dip. str.   osc. str.
 ---------------------------------------------------------------
  1    0.000000    0.000000    1.487015    2.211213    0.579191
  2    0.000000    0.000000    0.000000    0.000000    0.000000
  3   -0.000000   -0.000000   -0.317886    0.101052    0.049878
  4   -0.923263   -0.725429    0.000000    1.378661    0.798666
  5    0.725429   -0.923263    0.000000    1.378661    0.798666
  6    0.000000    0.000000   -0.000000    0.000000    0.000000
  7   -0.000000   -0.000000    0.000000    0.000000    0.000000
  8   -0.000000   -0.000000    0.000000    0.000000    0.000000
  9    0.000000    0.000000    0.092950    0.008640    0.009326
 10    0.000000    0.000000   -0.000000    0.000000    0.000000
 ---------------------------------------------------------------

 -------------------------------------------------------------
 Excitation n.   1:  10.691364 eV  f = 0.5792  <S**2> = 0.0000
 -------------------------------------------------------------
  1 ->   2 =  -0.715619
  1 <-   2 =   0.091786

 -------------------------------------------------------------
 Excitation n.   2:  16.287242 eV  f = 0.0000  <S**2> = 0.0000
 -------------------------------------------------------------
  1 ->   3 =   0.708143

 -------------------------------------------------------------
 Excitation n.   3:  20.146856 eV  f = 0.0499  <S**2> = 0.0000
 -------------------------------------------------------------
  1 ->   4 =   0.712082

 -------------------------------------------------------------
 Excitation n.   4:  23.645552 eV  f = 0.7987  <S**2> = 0.0000
 -------------------------------------------------------------
  1 ->   5 =   0.707956

 -------------------------------------------------------------
 Excitation n.   5:  23.645552 eV  f = 0.7987  <S**2> = 0.0000
 -------------------------------------------------------------
  1 ->   6 =  -0.707956

 -------------------------------------------------------------
 Excitation n.   6:  30.918430 eV  f = 0.0000  <S**2> = 0.0000
 -------------------------------------------------------------
  1 ->   7 =  -0.706967

 -------------------------------------------------------------
 Excitation n.   7:  31.681814 eV  f = 0.0000  <S**2> = 0.0000
 -------------------------------------------------------------
  1 ->   8 =   0.705843

 -------------------------------------------------------------
 Excitation n.   8:  31.681814 eV  f = 0.0000  <S**2> = 0.0000
 -------------------------------------------------------------
  1 ->   9 =   0.705843

 -------------------------------------------------------------
 Excitation n.   9:  44.057331 eV  f = 0.0093  <S**2> = 0.0000
 -------------------------------------------------------------
  1 ->  10 =   0.706702

 -------------------------------------------------------------
 Excitation n.  10:  52.228704 eV  f = 0.0000  <S**2> = 0.0000
 -------------------------------------------------------------
  1 ->  11 =   0.706861

Thomas-Reiche-Kuhn sum rule =   2.235726


 *** dynamical TDA activated ***

 ---------------------------------------------------------------------------------------------------
  First-order dynamical correction to static Bethe-Salpeter excitation energies                     
 ---------------------------------------------------------------------------------------------------
  BSE neutral excitation must be lower than the GW gap =  16.771844 eV
 ---------------------------------------------------------------------------------------------------
      #          Static (eV)         Dynamic (eV)      Correction (eV)         Renorm. (eV)
 ---------------------------------------------------------------------------------------------------
      1           10.691364           10.598496           -0.092868            1.013003
      2           16.287242           16.202950           -0.084292            1.011599
      3           20.146856           19.970543           -0.176313            1.022700
      4           23.645552           23.413210           -0.232343            1.022584
      5           23.645552           23.413210           -0.232343            1.022584
      6           30.918430           30.699230           -0.219199            1.019265
      7           31.681814           31.487860           -0.193954            1.015007
      8           31.681814           31.487860           -0.193954            1.015007
      9           44.057331           43.837870           -0.219461            1.021528
     10           52.228704           51.930730           -0.297974            1.022937
 ---------------------------------------------------------------------------------------------------


 -------------------------------------------------------------
   BSE@GW       calculation: triplet        manifold
 -------------------------------------------------------------
 | State |  Excitation energy (au) |  Excitation energy (eV) |
 -------------------------------------------------------------
 |     1 |                0.217315 |                5.913445 |
 |     2 |                0.494054 |               13.443883 |
 |     3 |                0.625384 |               17.017572 |
 |     4 |                0.710225 |               19.326214 |
 |     5 |                0.710225 |               19.326214 |
 |     6 |                1.030577 |               28.043437 |
 |     7 |                1.091452 |               29.699908 |
 |     8 |                1.091452 |               29.699908 |
 |     9 |                1.557320 |               42.376848 |
 |    10 |                1.819057 |               49.499069 |
 |    11 |                1.980250 |               53.885338 |
 |    12 |                3.131725 |               85.218567 |
 |    13 |                3.131725 |               85.218567 |
 |    14 |                3.224836 |               87.752244 |
 |    15 |                3.224836 |               87.752244 |
 |    16 |                3.294384 |               89.644756 |
 |    17 |                3.683492 |              100.232920 |
 |    18 |                3.683492 |              100.232920 |
 |    19 |                3.844164 |              104.605025 |
 |    20 |                3.844164 |              104.605025 |
 -------------------------------------------------------------

 -------------------------------------------------------------
 Excitation n.   1:   5.913445 eV  f = 0.0000  <S**2> = 2.0000
 -------------------------------------------------------------
  1 ->   2 =  -0.678307
  1 ->   4 =  -0.226998
  1 <-   2 =  -0.093355

 -------------------------------------------------------------
 Excitation n.   2:  13.443883 eV  f = 0.0000  <S**2> = 2.0000
 -------------------------------------------------------------
  1 ->   3 =   0.705059

 -------------------------------------------------------------
 Excitation n.   3:  17.017572 eV  f = 0.0000  <S**2> = 2.0000
 -------------------------------------------------------------
  1 ->   2 =  -0.221450
  1 ->   4 =   0.669869

 -------------------------------------------------------------
 Excitation n.   4:  19.326214 eV  f = 0.0000  <S**2> = 2.0000
 -------------------------------------------------------------
  1 ->   5 =   0.691947
  1 ->   6 =  -0.148061

 -------------------------------------------------------------
 Excitation n.   5:  19.326214 eV  f = 0.0000  <S**2> = 2.0000
 -------------------------------------------------------------
  1 ->   5 =  -0.148061
  1 ->   6 =  -0.691947

 -------------------------------------------------------------
 Excitation n.   6:  28.043437 eV  f = 0.0000  <S**2> = 2.0000
 -------------------------------------------------------------
  1 ->   7 =  -0.704952

 -------------------------------------------------------------
 Excitation n.   7:  29.699908 eV  f = 0.0000  <S**2> = 2.0000
 -------------------------------------------------------------
  1 ->   8 =  -0.706844

 -------------------------------------------------------------
 Excitation n.   8:  29.699908 eV  f = 0.0000  <S**2> = 2.0000
 -------------------------------------------------------------
  1 ->   9 =  -0.706844

 -------------------------------------------------------------
 Excitation n.   9:  42.376848 eV  f = 0.0000  <S**2> = 2.0000
 -------------------------------------------------------------
  1 ->  10 =  -0.704905

 -------------------------------------------------------------
 Excitation n.  10:  49.499069 eV  f = 0.0000  <S**2> = 2.0000
 -------------------------------------------------------------
  1 ->  11 =   0.705356

Thomas-Reiche-Kuhn sum rule =   0.000000


 *** dynamical TDA activated ***

 ---------------------------------------------------------------------------------------------------
  First-order dynamical correction to static Bethe-Salpeter excitation energies                     
 ---------------------------------------------------------------------------------------------------
  BSE neutral excitation must be lower than the GW gap =  16.771844 eV
 ---------------------------------------------------------------------------------------------------
      #          Static (eV)         Dynamic (eV)      Correction (eV)         Renorm. (eV)
 ---------------------------------------------------------------------------------------------------
      1            5.913445            5.570273           -0.343171            1.016436
      2           13.443883           13.284097           -0.159787            1.011173
      3           17.017572           16.813469           -0.204103            1.007984
      4           19.326214           18.990141           -0.336072            1.018022
      5           19.326214           18.990141           -0.336072            1.018022
      6           28.043437           27.756251           -0.287186            1.015013
      7           29.699908           29.470321           -0.229587            1.013541
      8           29.699908           29.470321           -0.229587            1.013541
      9           42.376848           42.127972           -0.248875            0.987925
     10           49.499069           49.336440           -0.162629            0.953631
 ---------------------------------------------------------------------------------------------------


 -------------------------------------------------------------------------------
          Tr@BSE@G0W0 correlation energy (singlet) =       -0.0388593640
          Tr@BSE@G0W0 correlation energy (triplet) =       -0.0153662031
          Tr@BSE@G0W0 correlation energy           =       -0.0542255671
          Tr@BSE@G0W0 total energy                 =       -1.1371656573
 -------------------------------------------------------------------------------

                                       Total CPU time for G0W0 =      0.014 seconds


 ************************************************
 |          One-shot G0T0 calculation           |
 ************************************************


 -------------------------------------------------------------
   pp-RPA (N+2) calculation: alpha-beta     manifold
 -------------------------------------------------------------
 | State |  Excitation energy (au) |  Excitation energy (eV) |
 -------------------------------------------------------------
 |     1 |                0.498573 |               13.566858 |
 |     2 |                0.647009 |               17.606023 |
 |     3 |                0.704514 |               19.170798 |
 |     4 |                0.845165 |               22.998103 |
 |     5 |                0.867615 |               23.608994 |
 |     6 |                0.953569 |               25.947923 |
 |     7 |                1.041021 |               28.327615 |
 |     8 |                1.071858 |               29.166741 |
 |     9 |                1.071858 |               29.166741 |
 |    10 |                1.097935 |               29.876327 |
 |    11 |                1.097935 |               29.876327 |
 |    12 |                1.107720 |               30.142605 |
 |    13 |                1.274808 |               34.689295 |
 |    14 |                1.274808 |               34.689295 |
 |    15 |                1.286909 |               35.018568 |
 |    16 |                1.286909 |               35.018568 |
 |    17 |                1.332684 |               36.264178 |
 |    18 |                1.349670 |               36.726396 |
 |    19 |                1.429491 |               38.898439 |
 |    20 |                1.429491 |               38.898439 |
 -------------------------------------------------------------


 -------------------------------------------------------------
   pp-RPA (N-2) calculation: alpha-beta     manifold
 -------------------------------------------------------------
 | State |  Excitation energy (au) |  Excitation energy (eV) |
 -------------------------------------------------------------
 |     1 |               -1.543126 |              -41.990597 |
 -------------------------------------------------------------


 -------------------------------------------------------------
   pp-RPA (N+2) calculation: alpha-alpha    manifold
 -------------------------------------------------------------
 | State |  Excitation energy (au) |  Excitation energy (eV) |
 -------------------------------------------------------------
 |     1 |                0.647009 |               17.606023 |
 |     2 |                0.845165 |               22.998103 |
 |     3 |                1.041021 |               28.327615 |
 |     4 |                1.071858 |               29.166741 |
 |     5 |                1.071858 |               29.166741 |
 |     6 |                1.274808 |               34.689295 |
 |     7 |                1.274808 |               34.689295 |
 |     8 |                1.349670 |               36.726396 |
 |     9 |                1.429491 |               38.898439 |
 |    10 |                1.429491 |               38.898439 |
 |    11 |                1.499040 |               40.790959 |
 |    12 |                1.499040 |               40.790959 |
 |    13 |                1.553885 |               42.283362 |
 |    14 |                1.649284 |               44.879294 |
 |    15 |                1.649284 |               44.879294 |
 |    16 |                1.736153 |               47.243125 |
 |    17 |                1.783302 |               48.526114 |
 |    18 |                1.856369 |               50.514382 |
 |    19 |                1.856369 |               50.514382 |
 |    20 |                1.860620 |               50.630044 |
 -------------------------------------------------------------


 -------------------------------------------------------------
   pp-RPA (N-2) calculation: alpha-alpha    manifold
 -------------------------------------------------------------
 | State |  Excitation energy (au) |  Excitation energy (eV) |
 -------------------------------------------------------------
 -------------------------------------------------------------

 -------------------------------------------------------------------------------
   One-shot G0T0 calculation (T-matrix self-energy)  
 -------------------------------------------------------------------------------
 |   # |       e_HF (eV) |    Sigma_T (eV) |               Z |       e_QP (eV) |
 -------------------------------------------------------------------------------
 |   1 |      -13.745965 |       -0.188302 |        0.987285 |      -13.931873 |
 |   2 |        2.841663 |       -0.377489 |        0.989675 |        2.468072 |
 |   3 |        8.416330 |       -0.248984 |        0.993466 |        8.168973 |
 |   4 |       13.293589 |       -0.606174 |        0.982660 |       12.697926 |
 |   5 |       18.162556 |       -0.745626 |        0.983032 |       17.429582 |
 |   6 |       18.162556 |       -0.745626 |        0.983032 |       17.429582 |
 |   7 |       26.176730 |       -2.305983 |        0.446396 |       25.147350 |
 |   8 |       28.223318 |       -0.914189 |        0.968601 |       27.337833 |
 |   9 |       28.223318 |       -0.914189 |        0.968601 |       27.337833 |
 |  10 |       39.499640 |       -1.173193 |        0.909355 |       38.432792 |
 |  11 |       48.289155 |       -1.733093 |        0.701540 |       47.073321 |
 |  12 |       52.434023 |       -0.939091 |        0.817337 |       51.666469 |
 |  13 |       86.000668 |       -0.939646 |        0.939262 |       85.118094 |
 |  14 |       86.000668 |       -0.939646 |        0.939262 |       85.118094 |
 |  15 |       88.270018 |       -0.883869 |        0.934748 |       87.443823 |
 |  16 |       88.270018 |       -0.883869 |        0.934748 |       87.443823 |
 |  17 |       90.542565 |       -2.070891 |        0.475390 |       89.558085 |
 |  18 |      101.667408 |       -1.808932 |        0.913206 |      100.015480 |
 |  19 |      101.667408 |       -1.808932 |        0.913206 |      100.015480 |
 |  20 |      106.474979 |      261.275380 |        0.000013 |      106.478424 |
 |  21 |      106.474979 |      261.275380 |        0.000013 |      106.478424 |
 |  22 |      108.704358 |       -1.894149 |        0.867516 |      107.061154 |
 |  23 |      108.798444 |       -1.851055 |        0.895043 |      107.141670 |
 |  24 |      108.798444 |       -1.851055 |        0.895043 |      107.141670 |
 |  25 |      125.665287 |       -1.759188 |        0.883448 |      124.111136 |
 |  26 |      127.037891 |        6.299499 |        0.187289 |      128.217716 |
 |  27 |      127.037891 |        6.299499 |        0.187289 |      128.217716 |
 |  28 |      129.691353 |       -0.955995 |        0.513066 |      129.200864 |
 |  29 |      132.437826 |       -5.753018 |        0.311751 |      130.644318 |
 |  30 |      174.643825 |       10.591660 |        0.052289 |      175.197650 |
 -------------------------------------------------------------------------------
             G0T0 HOMO      energy (eV)            =     -13.931873 eV
             G0T0 LUMO      energy (eV)            =       2.468072 eV
             G0T0 HOMO-LUMO gap    (eV)            =      16.399945 eV
 -------------------------------------------------------------------------------
        Tr@ppRPA@G0T0 correlation energy (singlet) =       -0.0210470868 au
        Tr@ppRPA@G0T0 correlation energy (triplet) =        0.0000000000 au
        Tr@ppRPA@G0T0 correlation energy           =       -0.0210470868 au
        Tr@ppRPA@G0T0 total energy                 =       -1.1039871770 au
              GM@G0T0 correlation energy           =       -0.0338497206 au
              GM@G0T0 total energy                 =       -1.1167898108 au
 -------------------------------------------------------------------------------


 -------------------------------------------------------------
   BSE@GT       calculation: singlet        manifold
 -------------------------------------------------------------
 | State |  Excitation energy (au) |  Excitation energy (eV) |
 -------------------------------------------------------------
 |     1 |                0.387042 |               10.531955 |
 |     2 |                0.563694 |               15.338908 |
 |     3 |                0.712995 |               19.401591 |
 |     4 |                0.831420 |               22.624093 |
 |     5 |                0.831420 |               22.624093 |
 |     6 |                1.077697 |               29.325621 |
 |     7 |                1.143036 |               31.103591 |
 |     8 |                1.143036 |               31.103591 |
 |     9 |                1.555538 |               42.328332 |
 |    10 |                1.852691 |               50.414287 |
 |    11 |                2.026876 |               55.154099 |
 |    12 |                3.145585 |               85.595722 |
 |    13 |                3.145585 |               85.595722 |
 |    14 |                3.241207 |               88.197747 |
 |    15 |                3.241207 |               88.197747 |
 |    16 |                3.302711 |               89.871352 |
 |    17 |                3.696828 |              100.595819 |
 |    18 |                3.696828 |              100.595819 |
 |    19 |                3.928341 |              106.895598 |
 |    20 |                3.928341 |              106.895598 |
 -------------------------------------------------------------

 ---------------------------------------------------------------
                 Transition dipole moment (au)                  
 ---------------------------------------------------------------
  #           X           Y           Z   dip. str.   osc. str.
 ---------------------------------------------------------------
  1    0.000000    0.000000    1.694277    2.870574    0.740689
  2   -0.000000   -0.000000   -0.000000    0.000000    0.000000
  3   -0.000000   -0.000000   -0.403917    0.163149    0.077550
  4   -0.834586   -0.884440    0.000000    1.478769    0.819652
  5   -0.884440    0.834586   -0.000000    1.478769    0.819652
  6    0.000000    0.000000   -0.000000    0.000000    0.000000
  7    0.000000   -0.000000   -0.000000    0.000000    0.000000
  8    0.000000   -0.000000   -0.000000    0.000000    0.000000
  9    0.000000    0.000000    0.095557    0.009131    0.009469
 10    0.000000    0.000000   -0.000000    0.000000    0.000000
 ---------------------------------------------------------------

 -------------------------------------------------------------
 Excitation n.   1:  10.531955 eV  f = 0.7407  <S**2> = 0.0000
 -------------------------------------------------------------
  1 ->   2 =  -0.707308

 -------------------------------------------------------------
 Excitation n.   2:  15.338908 eV  f = 0.0000  <S**2> = 0.0000
 -------------------------------------------------------------
  1 ->   3 =  -0.707073

 -------------------------------------------------------------
 Excitation n.   3:  19.401591 eV  f = 0.0775  <S**2> = 0.0000
 -------------------------------------------------------------
  1 ->   4 =   0.706834

 -------------------------------------------------------------
 Excitation n.   4:  22.624093 eV  f = 0.8197  <S**2> = 0.0000
 -------------------------------------------------------------
  1 ->   5 =   0.702225
  1 ->   6 =  -0.084061

 -------------------------------------------------------------
 Excitation n.   5:  22.624093 eV  f = 0.8197  <S**2> = 0.0000
 -------------------------------------------------------------
  1 ->   5 =   0.084061
  1 ->   6 =   0.702225

 -------------------------------------------------------------
 Excitation n.   6:  29.325621 eV  f = 0.0000  <S**2> = 0.0000
 -------------------------------------------------------------
  1 ->   7 =  -0.706518

 -------------------------------------------------------------
 Excitation n.   7:  31.103591 eV  f = 0.0000  <S**2> = 0.0000
 -------------------------------------------------------------
  1 ->   8 =  -0.696012
  1 ->   9 =  -0.124543

 -------------------------------------------------------------
 Excitation n.   8:  31.103591 eV  f = 0.0000  <S**2> = 0.0000
 -------------------------------------------------------------
  1 ->   8 =   0.124543
  1 ->   9 =  -0.696012

 -------------------------------------------------------------
 Excitation n.   9:  42.328332 eV  f = 0.0095  <S**2> = 0.0000
 -------------------------------------------------------------
  1 ->  10 =   0.706616

 -------------------------------------------------------------
 Excitation n.  10:  50.414287 eV  f = 0.0000  <S**2> = 0.0000
 -------------------------------------------------------------
  1 ->  11 =   0.706269

Thomas-Reiche-Kuhn sum rule =   2.467012


 *** dynamical TDA activated ***

 ---------------------------------------------------------------------------------------------------
  First-order dynamical correction to static Bethe-Salpeter excitation energies                     
 ---------------------------------------------------------------------------------------------------
  BSE neutral excitation must be lower than the GT gap =  16.399945 eV
 ---------------------------------------------------------------------------------------------------
      #          Static (eV)         Dynamic (eV)      Correction (eV)         Renorm. (eV)
 ---------------------------------------------------------------------------------------------------
      1           10.531955           10.467326           -0.064630            1.001828
      2           15.338908           15.366426            0.027518            0.994136
      3           19.401591           19.470354            0.068763            0.993897
      4           22.624093           22.614894           -0.009200            1.001499
      5           22.624093           22.614894           -0.009200            1.001499
      6           29.325621           29.318586           -0.007035            0.984906
      7           31.103591           31.089035           -0.014556            0.994986
      8           31.103591           31.089035           -0.014556            0.994986
      9           42.328332           42.272438           -0.055894            0.990105
     10           50.414287           49.987917           -0.426369            0.643043
 ---------------------------------------------------------------------------------------------------


 -------------------------------------------------------------
   BSE@GT       calculation: triplet        manifold
 -------------------------------------------------------------
 | State |  Excitation energy (au) |  Excitation energy (eV) |
 -------------------------------------------------------------
 |     1 |                0.200997 |                5.469406 |
 |     2 |                0.484572 |               13.185869 |
 |     3 |                0.619714 |               16.863271 |
 |     4 |                0.684119 |               18.615814 |
 |     5 |                0.684119 |               18.615814 |
 |     6 |                1.004952 |               27.346125 |
 |     7 |                1.091609 |               29.704198 |
 |     8 |                1.091609 |               29.704198 |
 |     9 |                1.512383 |               41.154032 |
 |    10 |                1.782042 |               48.491824 |
 |    11 |                1.974561 |               53.730549 |
 |    12 |                3.066878 |               83.454009 |
 |    13 |                3.066878 |               83.454009 |
 |    14 |                3.182755 |               86.607163 |
 |    15 |                3.182755 |               86.607163 |
 |    16 |                3.208154 |               87.298305 |
 |    17 |                3.653653 |               99.420958 |
 |    18 |                3.653653 |               99.420958 |
 |    19 |                3.867291 |              105.234336 |
 |    20 |                3.867291 |              105.234336 |
 -------------------------------------------------------------

 -------------------------------------------------------------
 Excitation n.   1:   5.469406 eV  f = 0.0000  <S**2> = 2.0000
 -------------------------------------------------------------
  1 ->   2 =   0.671020
  1 ->   4 =   0.228059

 -------------------------------------------------------------
 Excitation n.   2:  13.185869 eV  f = 0.0000  <S**2> = 2.0000
 -------------------------------------------------------------
  1 ->   3 =  -0.703977

 -------------------------------------------------------------
 Excitation n.   3:  16.863271 eV  f = 0.0000  <S**2> = 2.0000
 -------------------------------------------------------------
  1 ->   2 =  -0.227960
  1 ->   4 =   0.666604

 -------------------------------------------------------------
 Excitation n.   4:  18.615814 eV  f = 0.0000  <S**2> = 2.0000
 -------------------------------------------------------------
  1 ->   5 =   0.696535
  1 ->   6 =  -0.121163

 -------------------------------------------------------------
 Excitation n.   5:  18.615814 eV  f = 0.0000  <S**2> = 2.0000
 -------------------------------------------------------------
  1 ->   5 =   0.121163
  1 ->   6 =   0.696535

 -------------------------------------------------------------
 Excitation n.   6:  27.346125 eV  f = 0.0000  <S**2> = 2.0000
 -------------------------------------------------------------
  1 ->   7 =  -0.704206

 -------------------------------------------------------------
 Excitation n.   7:  29.704198 eV  f = 0.0000  <S**2> = 2.0000
 -------------------------------------------------------------
  1 ->   8 =  -0.635610
  1 ->   9 =  -0.309475

 -------------------------------------------------------------
 Excitation n.   8:  29.704198 eV  f = 0.0000  <S**2> = 2.0000
 -------------------------------------------------------------
  1 ->   8 =  -0.309475
  1 ->   9 =   0.635610

 -------------------------------------------------------------
 Excitation n.   9:  41.154032 eV  f = 0.0000  <S**2> = 2.0000
 -------------------------------------------------------------
  1 ->  10 =  -0.703987

 -------------------------------------------------------------
 Excitation n.  10:  48.491824 eV  f = 0.0000  <S**2> = 2.0000
 -------------------------------------------------------------
  1 ->  11 =  -0.704855

Thomas-Reiche-Kuhn sum rule =   0.000000


 *** dynamical TDA activated ***

 ---------------------------------------------------------------------------------------------------
  First-order dynamical correction to static Bethe-Salpeter excitation energies                     
 ---------------------------------------------------------------------------------------------------
  BSE neutral excitation must be lower than the GT gap =  16.399945 eV
 ---------------------------------------------------------------------------------------------------
      #          Static (eV)         Dynamic (eV)      Correction (eV)         Renorm. (eV)
 ---------------------------------------------------------------------------------------------------
      1            5.469406            5.272796           -0.196610            1.005513
      2           13.185869           13.086181           -0.099688            1.007782
      3           16.863271           16.779214           -0.084057            1.005484
      4           18.615814           18.550284           -0.065530            1.005930
      5           18.615814           18.550284           -0.065530            1.005930
      6           27.346125           27.324454           -0.021671            1.018047
      7           29.704198           29.723130            0.018932            1.010795
      8           29.704198           29.723130            0.018932            1.010795
      9           41.154032           41.294795            0.140763            1.016879
     10           48.491824           48.870208            0.378384            1.094934
 ---------------------------------------------------------------------------------------------------


 -------------------------------------------------------------------------------
          Tr@BSE@G0T0 correlation energy (singlet) =       -0.0030658723 au
          Tr@BSE@G0T0 correlation energy (triplet) =       -0.0044429969 au
          Tr@BSE@G0T0 correlation energy           =       -0.0075088692 au
          Tr@BSE@G0T0 total energy                 =       -1.0904489594 au
 -------------------------------------------------------------------------------

                                       Total CPU time for G0T0 =     12.021 seconds

                                      Total CPU time for QuAcK =     26.340 seconds

