78 significant shell pairs computed in 0.000039 seconds
0
Computed Electron repulsion integrals Integrals in parallel in 0.112609 seconds

 ******************************************************************************************
 *            QuAcK                       QuAcK                         QuAcK             *
 *   __        __        __       __        __        __       __        __        __     *
 * <(o )___  <(o )___  <(o )___ <(o )___  <(o )___  <(o )___ <(o )___  <(o )___  <(o )___ *
 * ( ._> /   ( ._> /   ( ._> /  ( ._> /   ( ._> /   ( ._> /  ( ._> /   ( ._> /   ( ._> /  *
 *|--------------------------------------------------------------------------------------|*
 ******************************************************************************************

      ----------------------
             Number of atoms                2
      ----------------------

      ----------------------
Number of spin-up   electron                1
Number of spin-down electron                1
    Total number of electron                2
      ----------------------

      ----------------------
Number of core      electron                0
Number of Rydberg   electron                0
      ----------------------

          ------------------
          Molecular geometry
          ------------------
                    Atom n.                 1
                        Z =      1.0000000000
           Atom coordinates:     0.0000000000    0.0000000000    0.0000000000
                    Atom n.                 2
                        Z =      1.0000000000
           Atom coordinates:     0.0000000000    0.0000000000    2.8345891882

          ------------------
 Nuclear repulsion energy =      0.3527848071
          ------------------

          Gaussian basis set
          ------------------
                    Atom n.                 1
           number of shells                 6
          ------------------
      s-type shell with K =                 5
                                    Exponents     Contraction
                                33.8700000000    0.0060680000
                                 5.0950000000    0.0453080000
                                 1.1590000000    0.2028220000
                                 0.3258000000    0.5039030000
                                 0.1027000000    0.3834210000
      s-type shell with K =                 1
                                    Exponents     Contraction
                                 0.3258000000    1.0000000000
      s-type shell with K =                 1
                                    Exponents     Contraction
                                 0.1027000000    1.0000000000
      p-type shell with K =                 1
                                    Exponents     Contraction
                                 1.4070000000    1.0000000000
      p-type shell with K =                 1
                                    Exponents     Contraction
                                 0.3880000000    1.0000000000
      d-type shell with K =                 1
                                    Exponents     Contraction
                                 1.0570000000    1.0000000000
          ------------------
                    Atom n.                 2
           number of shells                 6
          ------------------
      s-type shell with K =                 5
                                    Exponents     Contraction
                                33.8700000000    0.0060680000
                                 5.0950000000    0.0453080000
                                 1.1590000000    0.2028220000
                                 0.3258000000    0.5039030000
                                 0.1027000000    0.3834210000
      s-type shell with K =                 1
                                    Exponents     Contraction
                                 0.3258000000    1.0000000000
      s-type shell with K =                 1
                                    Exponents     Contraction
                                 0.1027000000    1.0000000000
      p-type shell with K =                 1
                                    Exponents     Contraction
                                 1.4070000000    1.0000000000
      p-type shell with K =                 1
                                    Exponents     Contraction
                                 0.3880000000    1.0000000000
      d-type shell with K =                 1
                                    Exponents     Contraction
                                 1.0570000000    1.0000000000
          ------------------
            Number of shells               12
          ------------------

          ------------------
   Number of basis functions               30
          ------------------

 Scaling integrals by    1.0000000000000000     

                          Total CPU time for reading integrals =      0.042 seconds


 ************************************************
 |    Restricted Hartree-Fock calculation       |
 ************************************************


 ----------------------------------------------------
 | RHF calculation                                  |
 ----------------------------------------------------
 |   # |        HF energy |       Conv |     HL Gap |
 ----------------------------------------------------
 |   1 |    -0.7723729650 |   0.794756 |   1.172634 |
 |   2 |    -0.9913988641 |   0.226608 |   1.453880 |
 |   3 |    -1.0045459041 |   0.066238 |   1.469233 |
 |   4 |    -1.0054941726 |   0.027599 |   1.470939 |
 |   5 |    -1.0053398714 |   0.014275 |   1.471391 |
 |   6 |    -1.0050802231 |   0.008316 |   1.471584 |
 |   7 |    -1.0048578874 |   0.005234 |   1.471682 |
 |   8 |    -1.0046903453 |   0.003440 |   1.471736 |
 |   9 |    -1.0045700646 |   0.002272 |   1.471769 |
 |  10 |    -1.0044857761 |   0.001504 |   1.471790 |
 |  11 |    -1.0044275466 |   0.000997 |   1.471803 |
 |  12 |    -1.0043876956 |   0.000661 |   1.471812 |
 |  13 |    -1.0043606018 |   0.000439 |   1.471817 |
 |  14 |    -1.0043422701 |   0.000292 |   1.471821 |
 |  15 |    -1.0043299119 |   0.000194 |   1.471824 |
 |  16 |    -1.0043216039 |   0.000129 |   1.471826 |
 |  17 |    -1.0043160307 |   0.000086 |   1.471827 |
 |  18 |    -1.0043122985 |   0.000057 |   1.471828 |
 |  19 |    -1.0043098024 |   0.000038 |   1.471828 |
 |  20 |    -1.0043081349 |   0.000025 |   1.471829 |
 |  21 |    -1.0043070218 |   0.000017 |   1.471829 |
 |  22 |    -1.0043062793 |   0.000011 |   1.471829 |
 |  23 |    -1.0043057844 |   0.000007 |   1.471829 |
 |  24 |    -1.0043054545 |   0.000005 |   1.471829 |
 |  25 |    -1.0043052349 |   0.000003 |   1.471829 |
 |  26 |    -1.0043050886 |   0.000002 |   1.471829 |
 |  27 |    -1.0043049912 |   0.000001 |   1.471829 |
 |  28 |    -1.0043049264 |   0.000001 |   1.471829 |
 |  29 |    -1.0043048832 |   0.000001 |   1.471829 |
 |  30 |    -1.0043048545 |   0.000000 |   1.471829 |
 |  31 |    -1.0043048354 |   0.000000 |   1.471829 |
 |  32 |    -1.0043048227 |   0.000000 |   1.471829 |
 |  33 |    -1.0043048143 |   0.000000 |   1.471829 |
 |  34 |    -1.0043048233 |   0.000000 |   0.471829 |
 ----------------------------------------------------

         -----------------------------------------
           Summary              
         -----------------------------------------
           One-electron energy:     -1.8334117388 au
           Kinetic      energy:      0.7308017921 au
           Potential    energy:     -2.5642135309 au
         -----------------------------------------
           Two-electron energy:      0.4763221084 au
           Hartree      energy:      0.9526442169 au
           Exchange     energy:     -0.4763221084 au
         -----------------------------------------
           Electronic   energy:     -1.3570896304 au
           Nuclear   repulsion:      0.3527848071 au
           RHF          energy:     -1.0043048233 au
         -----------------------------------------
           HF HOMO      energy:        -11.983453 eV
           HF LUMO      energy:          0.855679 eV
           HF HOMO-LUMO gap   :         12.839132 eV
         -----------------------------------------
          Dipole moment (Debye)    
                   X         Y         Z      Tot.
           -0.000000  0.000000  0.000000  0.000000
         -----------------------------------------

           ---------------------------------------
                 MO coefficients
           ---------------------------------------
                 1              2              3              4              5
      1     0.58460243    -0.63088371     0.21562719     0.02656145     0.00000000
      2    -0.02396702     0.22704324    -1.44671073    -1.47792431     0.00000000
      3     0.03228202    -0.68367781     0.95793144     1.75721263     0.00000000
      4     0.00000000     0.00000000     0.00000000     0.00000000    -0.06409296
      5     0.00000000     0.00000000     0.00000000     0.00000000    -0.00191464
      6     0.00187153     0.00659561     0.00749926    -0.01094482     0.00000000
      7     0.00000000     0.00000000     0.00000000     0.00000000     0.67589894
      8     0.00000000     0.00000000     0.00000000     0.00000000     0.02019098
      9     0.02641428     0.01841889    -0.07273515     0.08934119     0.00000000
     10    -0.00123817    -0.01721404     0.10449915     0.10763266     0.00000000
     11     0.00000000     0.00000000     0.00000000     0.00000000     0.00000000
     12     0.00000000     0.00000000     0.00000000     0.00000000     0.00238466
     13    -0.00123817    -0.01721404     0.10449915     0.10763266     0.00000000
     14     0.00000000     0.00000000     0.00000000     0.00000000     0.00007124
     15     0.00150791    -0.01477437     0.12110668     0.10463804     0.00000000
     16     0.58460243     0.63088371     0.21562719    -0.02656145     0.00000000
     17    -0.02396702    -0.22704324    -1.44671073     1.47792431     0.00000000
     18     0.03228202     0.68367781     0.95793144    -1.75721263     0.00000000
     19     0.00000000     0.00000000     0.00000000     0.00000000    -0.06409296
     20     0.00000000     0.00000000     0.00000000     0.00000000    -0.00191464
     21    -0.00187153     0.00659561    -0.00749926    -0.01094482     0.00000000
     22     0.00000000     0.00000000     0.00000000     0.00000000     0.67589894
     23     0.00000000     0.00000000     0.00000000     0.00000000     0.02019098
     24    -0.02641428     0.01841889     0.07273515     0.08934119     0.00000000
     25    -0.00123817     0.01721404     0.10449915    -0.10763266     0.00000000
     26     0.00000000     0.00000000     0.00000000     0.00000000     0.00000000
     27     0.00000000     0.00000000     0.00000000     0.00000000    -0.00238466
     28    -0.00123817     0.01721404     0.10449915    -0.10763266     0.00000000
     29     0.00000000     0.00000000     0.00000000     0.00000000    -0.00007124
     30     0.00150791     0.01477437     0.12110668    -0.10463804     0.00000000
                 6              7              8              9             10
      1     0.00000000     0.19781368     0.00000000     0.00000000     0.75946764
      2     0.00000000    -0.70793356     0.00000000     0.00000000    -0.36459152
      3     0.00000000     0.18882302     0.00000000     0.00000000     0.49353082
      4     0.00191464     0.00000000    -0.07297234     0.01416232     0.00000000
      5    -0.06409296     0.00000000    -0.01416232    -0.07297234     0.00000000
      6     0.00000000    -0.04395765     0.00000000     0.00000000    -0.11280993
      7    -0.02019098     0.00000000     0.82768915    -0.16063618     0.00000000
      8     0.67589894     0.00000000     0.16063618     0.82768915     0.00000000
      9     0.00000000     0.64479394     0.00000000     0.00000000     1.33077972
     10     0.00000000     0.06631208     0.00000000     0.00000000     0.05807791
     11     0.00000000     0.00000000     0.00000000     0.00000000     0.00000000
     12    -0.00007124     0.00000000    -0.01661499     0.00322460     0.00000000
     13     0.00000000     0.06631208     0.00000000     0.00000000     0.05807791
     14     0.00238466     0.00000000    -0.00322460    -0.01661499     0.00000000
     15     0.00000000     0.02379940     0.00000000     0.00000000     0.05080280
     16     0.00000000     0.19781368     0.00000000     0.00000000    -0.75946764
     17     0.00000000    -0.70793356     0.00000000     0.00000000     0.36459152
     18     0.00000000     0.18882302     0.00000000     0.00000000    -0.49353082
     19     0.00191464     0.00000000     0.07297234    -0.01416232     0.00000000
     20    -0.06409296     0.00000000     0.01416232     0.07297234     0.00000000
     21     0.00000000     0.04395765     0.00000000     0.00000000    -0.11280993
     22    -0.02019098     0.00000000    -0.82768915     0.16063618     0.00000000
     23     0.67589894     0.00000000    -0.16063618    -0.82768915     0.00000000
     24     0.00000000    -0.64479394     0.00000000     0.00000000     1.33077972
     25     0.00000000     0.06631208     0.00000000     0.00000000    -0.05807791
     26     0.00000000     0.00000000     0.00000000     0.00000000     0.00000000
     27     0.00007124     0.00000000    -0.01661499     0.00322460     0.00000000
     28     0.00000000     0.06631208     0.00000000     0.00000000    -0.05807791
     29    -0.00238466     0.00000000    -0.00322460    -0.01661499     0.00000000
     30     0.00000000     0.02379940     0.00000000     0.00000000    -0.05080280
                11             12             13             14             15
      1    -4.60568554    -4.97822438     0.33221405     0.00000000     0.00000000
      2     4.81260381     5.72413654     0.07277316     0.00000000     0.00000000
      3     1.04279065     0.92190939    -0.21736787     0.00000000     0.00000000
      4     0.00000000     0.00000000     0.00000000    -0.04273253     0.00649097
      5     0.00000000     0.00000000     0.00000000     0.00649097     0.04273253
      6     0.00295834    -0.03876644    -0.29339059     0.00000000     0.00000000
      7     0.00000000     0.00000000     0.00000000    -0.04816006     0.00731540
      8     0.00000000     0.00000000     0.00000000     0.00731540     0.04816006
      9    -0.07120265     0.64246761     0.19760452     0.00000000     0.00000000
     10    -0.50286041    -0.56829028     0.20085231     0.00000000     0.00000000
     11     0.00000000     0.00000000     0.00000000     0.00000000     0.00000000
     12     0.00000000     0.00000000     0.00000000     0.66547912    -0.10108478
     13    -0.50286041    -0.56829028     0.20085231     0.00000000     0.00000000
     14     0.00000000     0.00000000     0.00000000    -0.10108478    -0.66547912
     15    -0.59126515    -0.57044154    -0.70635489     0.00000000     0.00000000
     16    -4.60568554     4.97822438     0.33221405     0.00000000     0.00000000
     17     4.81260381    -5.72413654     0.07277316     0.00000000     0.00000000
     18     1.04279065    -0.92190939    -0.21736787     0.00000000     0.00000000
     19     0.00000000     0.00000000     0.00000000    -0.04273253     0.00649097
     20     0.00000000     0.00000000     0.00000000     0.00649097     0.04273253
     21    -0.00295834    -0.03876644     0.29339059     0.00000000     0.00000000
     22     0.00000000     0.00000000     0.00000000    -0.04816006     0.00731540
     23     0.00000000     0.00000000     0.00000000     0.00731540     0.04816006
     24     0.07120265     0.64246761    -0.19760452     0.00000000     0.00000000
     25    -0.50286041     0.56829028     0.20085231     0.00000000     0.00000000
     26     0.00000000     0.00000000     0.00000000     0.00000000     0.00000000
     27     0.00000000     0.00000000     0.00000000    -0.66547912     0.10108478
     28    -0.50286041     0.56829028     0.20085231     0.00000000     0.00000000
     29     0.00000000     0.00000000     0.00000000     0.10108478     0.66547912
     30    -0.59126515     0.57044154    -0.70635489     0.00000000     0.00000000
                16             17             18             19             20
      1     0.00000000     0.00000000     0.00000000     0.00000000     0.00000000
      2     0.00000000     0.00000000     0.00000000     0.00000000     0.00000000
      3     0.00000000     0.00000000     0.00000000     0.00000000     0.00000000
      4     0.00000000     0.00000000     0.00000000     0.00000000     0.56943799
      5     0.00000000     0.00000000     0.00000000     0.00000000    -0.17703036
      6     0.00000000     0.00000000     0.00000000     0.00000000     0.00000000
      7     0.00000000     0.00000000     0.00000000     0.00000000    -0.27197383
      8     0.00000000     0.00000000     0.00000000     0.00000000     0.08455288
      9     0.00000000     0.00000000     0.00000000     0.00000000     0.00000000
     10    -0.00483060     0.60801667    -0.00272300     0.61679713     0.00000000
     11     0.70207718     0.00557789     0.71221598     0.00314424     0.00000000
     12     0.00000000     0.00000000     0.00000000     0.00000000     0.50794272
     13     0.00483060    -0.60801667     0.00272300    -0.61679713     0.00000000
     14     0.00000000     0.00000000     0.00000000     0.00000000    -0.15791234
     15     0.00000000     0.00000000     0.00000000     0.00000000     0.00000000
     16     0.00000000     0.00000000     0.00000000     0.00000000     0.00000000
     17     0.00000000     0.00000000     0.00000000     0.00000000     0.00000000
     18     0.00000000     0.00000000     0.00000000     0.00000000     0.00000000
     19     0.00000000     0.00000000     0.00000000     0.00000000    -0.56943799
     20     0.00000000     0.00000000     0.00000000     0.00000000     0.17703036
     21     0.00000000     0.00000000     0.00000000     0.00000000     0.00000000
     22     0.00000000     0.00000000     0.00000000     0.00000000     0.27197383
     23     0.00000000     0.00000000     0.00000000     0.00000000    -0.08455288
     24     0.00000000     0.00000000     0.00000000     0.00000000     0.00000000
     25    -0.00483060     0.60801667     0.00272300    -0.61679713     0.00000000
     26     0.70207718     0.00557789    -0.71221598    -0.00314424     0.00000000
     27     0.00000000     0.00000000     0.00000000     0.00000000     0.50794272
     28     0.00483060    -0.60801667    -0.00272300     0.61679713     0.00000000
     29     0.00000000     0.00000000     0.00000000     0.00000000    -0.15791234
     30     0.00000000     0.00000000     0.00000000     0.00000000     0.00000000
                21             22             23             24             25
      1     0.00000000     0.00000000     0.00000000    -0.17882120     0.00000000
      2     0.00000000     0.00000000     0.00000000     0.07629021     0.00000000
      3     0.00000000     0.00000000     0.00000000     0.43416266     0.00000000
      4    -0.17703036     0.66463127     0.58492071     0.00000000    -0.65250037
      5    -0.56943799     0.58492071    -0.66463127     0.00000000     0.23658320
      6     0.00000000     0.00000000     0.00000000    -0.91563414     0.00000000
      7     0.08455288    -0.33718724    -0.29674770     0.00000000     0.50842279
      8     0.27197383    -0.29674770     0.33718724     0.00000000    -0.18434363
      9     0.00000000     0.00000000     0.00000000     0.82016403     0.00000000
     10     0.00000000     0.00000000     0.00000000     0.10381426     0.00000000
     11     0.00000000     0.00000000     0.00000000     0.00000000     0.00000000
     12    -0.15791234     0.04921006     0.04330820     0.00000000     0.50800960
     13     0.00000000     0.00000000     0.00000000     0.10381426     0.00000000
     14    -0.50794272     0.04330820    -0.04921006     0.00000000    -0.18419382
     15     0.00000000     0.00000000     0.00000000    -0.00080213     0.00000000
     16     0.00000000     0.00000000     0.00000000     0.17882120     0.00000000
     17     0.00000000     0.00000000     0.00000000    -0.07629021     0.00000000
     18     0.00000000     0.00000000     0.00000000    -0.43416266     0.00000000
     19     0.17703036     0.66463127     0.58492071     0.00000000     0.65250037
     20     0.56943799     0.58492071    -0.66463127     0.00000000    -0.23658320
     21     0.00000000     0.00000000     0.00000000    -0.91563414     0.00000000
     22    -0.08455288    -0.33718724    -0.29674770     0.00000000    -0.50842279
     23    -0.27197383    -0.29674770     0.33718724     0.00000000     0.18434363
     24     0.00000000     0.00000000     0.00000000     0.82016403     0.00000000
     25     0.00000000     0.00000000     0.00000000    -0.10381426     0.00000000
     26     0.00000000     0.00000000     0.00000000     0.00000000     0.00000000
     27    -0.15791234    -0.04921006    -0.04330820     0.00000000     0.50800960
     28     0.00000000     0.00000000     0.00000000    -0.10381426     0.00000000
     29    -0.50794272    -0.04330820     0.04921006     0.00000000    -0.18419382
     30     0.00000000     0.00000000     0.00000000     0.00080213     0.00000000
                26             27             28             29             30
      1     0.00000000     0.47528851     1.06930213    -0.01233427    -1.96500387
      2     0.00000000     0.08322170     1.30800320     2.64329672     1.05182712
      3     0.00000000    -0.26980628    -0.78284954    -0.48628979     1.05589976
      4     0.23658320     0.00000000     0.00000000     0.00000000     0.00000000
      5     0.65250037     0.00000000     0.00000000     0.00000000     0.00000000
      6     0.00000000     0.88961828    -0.15971226    -0.21774641    -0.21605942
      7    -0.18434363     0.00000000     0.00000000     0.00000000     0.00000000
      8    -0.50842279     0.00000000     0.00000000     0.00000000     0.00000000
      9     0.00000000    -0.49224640     0.06072808     0.77126497     0.90223055
     10     0.00000000    -0.02161291    -0.96411693    -1.12937581    -0.05684203
     11     0.00000000     0.00000000     0.00000000     0.00000000     0.00000000
     12    -0.18419382     0.00000000     0.00000000     0.00000000     0.00000000
     13     0.00000000    -0.02161291    -0.96411693    -1.12937581    -0.05684203
     14    -0.50800960     0.00000000     0.00000000     0.00000000     0.00000000
     15     0.00000000    -0.31315412    -0.72773855    -0.34373566     1.15649076
     16     0.00000000     0.47528851     1.06930213     0.01233427     1.96500387
     17     0.00000000     0.08322170     1.30800320    -2.64329672    -1.05182712
     18     0.00000000    -0.26980628    -0.78284954     0.48628979    -1.05589976
     19    -0.23658320     0.00000000     0.00000000     0.00000000     0.00000000
     20    -0.65250037     0.00000000     0.00000000     0.00000000     0.00000000
     21     0.00000000    -0.88961828     0.15971226    -0.21774641    -0.21605942
     22     0.18434363     0.00000000     0.00000000     0.00000000     0.00000000
     23     0.50842279     0.00000000     0.00000000     0.00000000     0.00000000
     24     0.00000000     0.49224640    -0.06072808     0.77126497     0.90223055
     25     0.00000000    -0.02161291    -0.96411693     1.12937581     0.05684203
     26     0.00000000     0.00000000     0.00000000     0.00000000     0.00000000
     27    -0.18419382     0.00000000     0.00000000     0.00000000     0.00000000
     28     0.00000000    -0.02161291    -0.96411693     1.12937581     0.05684203
     29    -0.50800960     0.00000000     0.00000000     0.00000000     0.00000000
     30     0.00000000    -0.31315412    -0.72773855     0.34373566    -1.15649076

           ---------------------------------------
                     MO energies
           ---------------------------------------
                 1
      1    -0.44038376
      2     0.03144563
      3     0.33687007
      4     0.41824259
      5     0.66803148
      6     0.66803148
      7     0.80673385
      8     0.93754521
      9     0.93754521
     10     1.32542265
     11     1.77747060
     12     1.89413350
     13     3.08839586
     14     3.15472015
     15     3.15472015
     16     3.38268572
     17     3.38268572
     18     3.50972360
     19     3.50972360
     20     3.78860254
     21     3.78860254
     22     3.86402470
     23     3.86402470
     24     3.98712092
     25     4.06840132
     26     4.06840132
     27     4.23006033
     28     4.67286660
     29     4.71326807
     30     5.10106206

                                        Total CPU time for RHF =      0.544 seconds


 AO to MO transformation... Please be patient

                    Total CPU time for AO to MO transformation =      1.598 seconds


 ******************************************************
 | Configuration Interaction with Singles and Doubles |
 ******************************************************

 nS =          116
 nD =         1653
 nH =         1770

 00 block  done...
 0S blocks done...
 0D blocks done...
 SS block  done...
 SD blocks done...
 DD block  done...

 Diagonalizing CISD matrix...

 CISD energies (au)
                 1
      1    -1.41898713
      2    -1.31693715
      3    -1.31693715
      4    -1.31693715
      5    -1.09089884
      6    -0.96581216
      7    -0.92164110
      8    -0.92164110
      9    -0.92164110
     10    -0.85136818
     11    -0.84429347
     12    -0.84429347
     13    -0.84429347
     14    -0.81782065
     15    -0.70216839
     16    -0.70216839
     17    -0.70216839
     18    -0.70216839
     19    -0.70216839
     20    -0.70216839
     21    -0.67476913
     22    -0.67476913
     23    -0.67476913
     24    -0.61640852
     25    -0.61640852
     26    -0.61640852
     27    -0.60262232
     28    -0.60262232
     29    -0.57820193
     30    -0.56056882
     31    -0.56056882
     32    -0.56056882
     33    -0.53058807
     34    -0.53058807
     35    -0.51262762
     36    -0.49572329
     37    -0.49572329
     38    -0.49572329
     39    -0.49572329
     40    -0.49572329
     41    -0.49572329
     42    -0.42445943
     43    -0.37142883
     44    -0.37142883
     45    -0.37142883
     46    -0.37142883
     47    -0.37142883
     48    -0.37142883
     49    -0.36687431
     50    -0.36687431
     51    -0.36687431

 CISD excitation energies (eV)
                 1
      1     2.77692137
      2     2.77692137
      3     2.77692137
      4     8.92773711
      5    12.33151894
      6    13.53347468
      7    13.53347468
      8    13.53347468
      9    15.44569827
     10    15.63821096
     11    15.63821096
     12    15.63821096
     13    16.35857296
     14    19.50563148
     15    19.50563148
     16    19.50563148
     17    19.50563148
     18    19.50563148
     19    19.50563148
     20    20.25120313
     21    20.25120313
     22    20.25120313
     23    21.83927636
     24    21.83927636
     25    21.83927636
     26    22.21441789
     27    22.21441789
     28    22.87893059
     29    23.35875193
     30    23.35875193
     31    23.35875193
     32    24.17456954
     33    24.17456954
     34    24.66329849
     35    25.12328863
     36    25.12328863
     37    25.12328863
     38    25.12328863
     39    25.12328863
     40    25.12328863
     41    27.06247698
     42    28.50551322
     43    28.50551322
     44    28.50551322
     45    28.50551322
     46    28.50551322
     47    28.50551322
     48    28.62944790
     49    28.62944790
     50    28.62944790

                                       Total CPU time for CISD =     11.720 seconds


 ************************************************
 |          One-shot G0W0 calculation           |
 ************************************************


 -------------------------------------------------------------
   RPA@HF       calculation: singlet        manifold
 -------------------------------------------------------------
 | State |  Excitation energy (au) |  Excitation energy (eV) |
 -------------------------------------------------------------
 |     1 |                0.612956 |               16.679393 |
 |     2 |                0.862625 |               23.473216 |
 |     3 |                0.994814 |               27.070276 |
 |     4 |                1.239947 |               33.740669 |
 |     5 |                1.239947 |               33.740669 |
 |     6 |                1.363516 |               37.103149 |
 |     7 |                1.454596 |               39.581580 |
 |     8 |                1.454596 |               39.581580 |
 |     9 |                1.837488 |               50.000602 |
 |    10 |                2.303225 |               62.673942 |
 |    11 |                2.403767 |               65.409843 |
 |    12 |                3.614119 |               98.345183 |
 |    13 |                3.663368 |               99.685313 |
 |    14 |                3.663368 |               99.685313 |
 |    15 |                3.880836 |              105.602922 |
 |    16 |                3.880836 |              105.602922 |
 |    17 |                4.001836 |              108.895495 |
 |    18 |                4.001836 |              108.895495 |
 |    19 |                4.300834 |              117.031665 |
 |    20 |                4.300834 |              117.031665 |
 -------------------------------------------------------------

  *** Quasiparticle energies obtained by linearization *** 

 -------------------------------------------------------------------------------
   One-shot G0W0 calculation
 -------------------------------------------------------------------------------
 |   # |       e_HF (eV) |      Sig_c (eV) |               Z |       e_QP (eV) |
 -------------------------------------------------------------------------------
 |   1 |      -11.983453 |       -0.834712 |        0.951290 |      -12.777506 |
 |   2 |        0.855679 |       -0.463791 |        0.964439 |        0.408381 |
 |   3 |        9.166702 |       -0.591956 |        0.977033 |        8.588341 |
 |   4 |       11.380960 |       -1.053839 |        0.946635 |       10.383359 |
 |   5 |       18.178063 |       -1.078784 |        0.962905 |       17.139296 |
 |   6 |       18.178063 |       -1.078784 |        0.962905 |       17.139296 |
 |   7 |       21.952346 |       -0.949499 |        0.765797 |       21.225223 |
 |   8 |       25.511905 |       -2.067704 |        0.865915 |       23.721450 |
 |   9 |       25.511905 |       -2.067704 |        0.865915 |       23.721450 |
 |  10 |       36.066587 |       -7.927112 |        0.038380 |       35.762346 |
 |  11 |       48.367439 |       -2.398173 |        0.646415 |       46.817224 |
 |  12 |       51.541998 |       -2.087237 |        0.786452 |       49.900486 |
 |  13 |       84.039532 |       -1.929048 |        0.527273 |       83.022396 |
 |  14 |       85.844308 |       -1.060566 |        0.918814 |       84.869845 |
 |  15 |       85.844308 |       -1.060566 |        0.918814 |       84.869845 |
 |  16 |       92.047567 |       -1.839200 |        0.919065 |       90.357224 |
 |  17 |       92.047567 |       -1.839200 |        0.919065 |       90.357224 |
 |  18 |       95.504444 |       -2.411791 |        0.876070 |       93.391546 |
 |  19 |       95.504444 |       -2.411791 |        0.876070 |       93.391546 |
 |  20 |      103.093126 |        3.646417 |        0.080135 |      103.385333 |
 |  21 |      103.093126 |        3.646417 |        0.080135 |      103.385333 |
 |  22 |      105.145468 |       -3.206456 |        0.855882 |      102.401118 |
 |  23 |      105.145468 |       -3.206456 |        0.855882 |      102.401118 |
 |  24 |      108.495086 |       -4.279211 |        0.468243 |      106.491378 |
 |  25 |      110.706839 |       -7.051350 |        0.181344 |      109.428122 |
 |  26 |      110.706839 |       -7.051350 |        0.181344 |      109.428122 |
 |  27 |      115.105805 |       -3.652793 |        0.788108 |      112.227008 |
 |  28 |      127.155177 |       -2.403189 |        0.852283 |      125.106979 |
 |  29 |      128.254557 |       -2.598588 |        0.827359 |      126.104590 |
 |  30 |      138.806969 |       -3.019221 |        0.498768 |      137.301077 |
 -------------------------------------------------------------------------------
          G0W0 HOMO      energy:     -12.777506 eV
          G0W0 LUMO      energy:       0.408381 eV
          G0W0 HOMO-LUMO gap   :      13.185887 eV
 -------------------------------------------------------------------------------
    RPA@G0W0 total energy      :      -1.063534 au
    RPA@G0W0 correlation energy:      -0.059229 au
    GM@G0W0  total energy      :      -1.110263 au
    GM@G0W0  correlation energy:      -0.105958 au
 -------------------------------------------------------------------------------


 -------------------------------------------------------------
   BSE@GW       calculation: singlet        manifold
 -------------------------------------------------------------
 | State |  Excitation energy (au) |  Excitation energy (eV) |
 -------------------------------------------------------------
 |     1 |                0.288051 |                7.838261 |
 |     2 |                0.570756 |               15.531064 |
 |     3 |                0.628327 |               17.097653 |
 |     4 |                0.831255 |               22.619593 |
 |     5 |                0.831255 |               22.619593 |
 |     6 |                0.965930 |               26.284301 |
 |     7 |                1.031557 |               28.070106 |
 |     8 |                1.031557 |               28.070106 |
 |     9 |                1.469130 |               39.977055 |
 |    10 |                1.876342 |               51.057869 |
 |    11 |                1.980529 |               53.892929 |
 |    12 |                3.136623 |               85.351869 |
 |    13 |                3.205098 |               87.215172 |
 |    14 |                3.205098 |               87.215172 |
 |    15 |                3.401023 |               92.546560 |
 |    16 |                3.401023 |               92.546560 |
 |    17 |                3.507243 |               95.436938 |
 |    18 |                3.507243 |               95.436938 |
 |    19 |                3.839005 |              104.464642 |
 |    20 |                3.839005 |              104.464642 |
 -------------------------------------------------------------

 ---------------------------------------------------------------
                 Transition dipole moment (au)                  
 ---------------------------------------------------------------
  #           X           Y           Z   dip. str.   osc. str.
 ---------------------------------------------------------------
  1   -0.000000   -0.000000   -1.694487    2.871288    0.551384
  2   -0.000000   -0.000000   -0.000000    0.000000    0.000000
  3   -0.000000   -0.000000   -0.042377    0.001796    0.000752
  4   -1.225223    0.097922    0.000000    1.510761    0.837218
  5    0.097922    1.225223   -0.000000    1.510761    0.837218
  6   -0.000000   -0.000000    0.000000    0.000000    0.000000
  7    0.000000   -0.000000   -0.000000    0.000000    0.000000
  8   -0.000000    0.000000    0.000000    0.000000    0.000000
  9   -0.000000    0.000000    0.210024    0.044110    0.043202
 10   -0.000000   -0.000000   -0.000000    0.000000    0.000000
 ---------------------------------------------------------------

 -------------------------------------------------------------
 Excitation n.   1:   7.838261 eV  f = 0.5514  <S**2> = 0.0000
 -------------------------------------------------------------
  1 ->   2 =  -0.736963
  1 <-   2 =   0.192049
  1 <-   4 =   0.078492

 -------------------------------------------------------------
 Excitation n.   2:  15.531064 eV  f = 0.0000  <S**2> = 0.0000
 -------------------------------------------------------------
  1 ->   3 =  -0.707947

 -------------------------------------------------------------
 Excitation n.   3:  17.097653 eV  f = 0.0008  <S**2> = 0.0000
 -------------------------------------------------------------
  1 ->   4 =   0.713377
  1 <-   2 =  -0.086355

 -------------------------------------------------------------
 Excitation n.   4:  22.619593 eV  f = 0.8372  <S**2> = 0.0000
 -------------------------------------------------------------
  1 ->   5 =  -0.703794
  1 ->   6 =   0.077458

 -------------------------------------------------------------
 Excitation n.   5:  22.619593 eV  f = 0.8372  <S**2> = 0.0000
 -------------------------------------------------------------
  1 ->   5 =   0.077458
  1 ->   6 =   0.703794

 -------------------------------------------------------------
 Excitation n.   6:  26.284301 eV  f = 0.0000  <S**2> = 0.0000
 -------------------------------------------------------------
  1 ->   7 =   0.707348

 -------------------------------------------------------------
 Excitation n.   7:  28.070106 eV  f = 0.0000  <S**2> = 0.0000
 -------------------------------------------------------------
  1 ->   8 =  -0.703545
  1 ->   9 =   0.072521

 -------------------------------------------------------------
 Excitation n.   8:  28.070106 eV  f = 0.0000  <S**2> = 0.0000
 -------------------------------------------------------------
  1 ->   8 =  -0.072521
  1 ->   9 =  -0.703545

 -------------------------------------------------------------
 Excitation n.   9:  39.977055 eV  f = 0.0432  <S**2> = 0.0000
 -------------------------------------------------------------
  1 ->  10 =   0.706753

 -------------------------------------------------------------
 Excitation n.  10:  51.057869 eV  f = 0.0000  <S**2> = 0.0000
 -------------------------------------------------------------
  1 ->  11 =   0.707101

Thomas-Reiche-Kuhn sum rule =   2.269776


 *** dynamical TDA activated ***

 ---------------------------------------------------------------------------------------------------
  First-order dynamical correction to static Bethe-Salpeter excitation energies                     
 ---------------------------------------------------------------------------------------------------
  BSE neutral excitation must be lower than the GW gap =  13.185887 eV
 ---------------------------------------------------------------------------------------------------
      #          Static (eV)         Dynamic (eV)      Correction (eV)         Renorm. (eV)
 ---------------------------------------------------------------------------------------------------
      1            7.838261            7.712975           -0.125286            1.019863
      2           15.531064           15.444863           -0.086201            1.012099
      3           17.097653           16.966200           -0.131454            1.019593
      4           22.619593           22.422310           -0.197283            1.020841
      5           22.619593           22.422310           -0.197283            1.020841
      6           26.284301           26.065321           -0.218980            1.021758
      7           28.070106           27.888374           -0.181732            1.015860
      8           28.070106           27.888374           -0.181732            1.015860
      9           39.977055           39.756941           -0.220114            1.019365
     10           51.057869           50.799005           -0.258864            1.019084
 ---------------------------------------------------------------------------------------------------


 -------------------------------------------------------------
   BSE@GW       calculation: triplet        manifold
 -------------------------------------------------------------
 | State |  Excitation energy (au) |  Excitation energy (eV) |
 -------------------------------------------------------------
 |     1 |                0.071326 |                1.940873 |
 |     2 |                0.471876 |               12.840398 |
 |     3 |                0.542192 |               14.753797 |
 |     4 |                0.691950 |               18.828918 |
 |     5 |                0.691950 |               18.828918 |
 |     6 |                0.844403 |               22.977382 |
 |     7 |                0.951606 |               25.894507 |
 |     8 |                0.951606 |               25.894507 |
 |     9 |                1.400496 |               38.109447 |
 |    10 |                1.793064 |               48.791761 |
 |    11 |                1.913784 |               52.076703 |
 |    12 |                3.051802 |               83.043774 |
 |    13 |                3.136641 |               85.352356 |
 |    14 |                3.136641 |               85.352356 |
 |    15 |                3.342833 |               90.963126 |
 |    16 |                3.342833 |               90.963126 |
 |    17 |                3.455184 |               94.020355 |
 |    18 |                3.455184 |               94.020355 |
 |    19 |                3.761764 |              102.362823 |
 |    20 |                3.761764 |              102.362823 |
 -------------------------------------------------------------

 -------------------------------------------------------------
 Excitation n.   1:   1.940873 eV  f = 0.0000  <S**2> = 2.0000
 -------------------------------------------------------------
  1 ->   2 =  -0.743488
  1 ->   4 =  -0.193819
  1 <-   2 =  -0.284543
  1 <-   4 =  -0.098877

 -------------------------------------------------------------
 Excitation n.   2:  12.840398 eV  f = 0.0000  <S**2> = 2.0000
 -------------------------------------------------------------
  1 ->   3 =   0.705591

 -------------------------------------------------------------
 Excitation n.   3:  14.753797 eV  f = 0.0000  <S**2> = 2.0000
 -------------------------------------------------------------
  1 ->   2 =   0.169183
  1 ->   4 =  -0.685466

 -------------------------------------------------------------
 Excitation n.   4:  18.828918 eV  f = 0.0000  <S**2> = 2.0000
 -------------------------------------------------------------
  1 ->   5 =  -0.704792

 -------------------------------------------------------------
 Excitation n.   5:  18.828918 eV  f = 0.0000  <S**2> = 2.0000
 -------------------------------------------------------------
  1 ->   6 =   0.704792

 -------------------------------------------------------------
 Excitation n.   6:  22.977382 eV  f = 0.0000  <S**2> = 2.0000
 -------------------------------------------------------------
  1 ->   7 =   0.705197

 -------------------------------------------------------------
 Excitation n.   7:  25.894507 eV  f = 0.0000  <S**2> = 2.0000
 -------------------------------------------------------------
  1 ->   8 =  -0.477367
  1 ->   9 =  -0.521704

 -------------------------------------------------------------
 Excitation n.   8:  25.894507 eV  f = 0.0000  <S**2> = 2.0000
 -------------------------------------------------------------
  1 ->   8 =   0.521704
  1 ->   9 =  -0.477367

 -------------------------------------------------------------
 Excitation n.   9:  38.109447 eV  f = 0.0000  <S**2> = 2.0000
 -------------------------------------------------------------
  1 ->  10 =   0.705656

 -------------------------------------------------------------
 Excitation n.  10:  48.791761 eV  f = 0.0000  <S**2> = 2.0000
 -------------------------------------------------------------
  1 ->  11 =   0.705588

Thomas-Reiche-Kuhn sum rule =   0.000000


 *** dynamical TDA activated ***

 ---------------------------------------------------------------------------------------------------
  First-order dynamical correction to static Bethe-Salpeter excitation energies                     
 ---------------------------------------------------------------------------------------------------
  BSE neutral excitation must be lower than the GW gap =  13.185887 eV
 ---------------------------------------------------------------------------------------------------
      #          Static (eV)         Dynamic (eV)      Correction (eV)         Renorm. (eV)
 ---------------------------------------------------------------------------------------------------
      1            1.940873            1.528195           -0.412678            1.020600
      2           12.840398           12.693328           -0.147070            1.011298
      3           14.753797           14.602063           -0.151734            1.006465
      4           18.828918           18.553017           -0.275901            1.016747
      5           18.828918           18.553017           -0.275901            1.016747
      6           22.977382           22.681302           -0.296080            1.017012
      7           25.894507           25.674730           -0.219777            1.014018
      8           25.894507           25.674730           -0.219777            1.014018
      9           38.109447           37.864016           -0.245431            0.997063
     10           48.791761           48.577739           -0.214023            0.995040
 ---------------------------------------------------------------------------------------------------


 -------------------------------------------------------------------------------
          Tr@BSE@G0W0 correlation energy (singlet) =       -0.0527512050
          Tr@BSE@G0W0 correlation energy (triplet) =       -0.0213501599
          Tr@BSE@G0W0 correlation energy           =       -0.0741013649
          Tr@BSE@G0W0 total energy                 =       -1.0784061882
 -------------------------------------------------------------------------------

                                       Total CPU time for G0W0 =      0.014 seconds


 ************************************************
 |          One-shot G0T0 calculation           |
 ************************************************


 -------------------------------------------------------------
   pp-RPA (N+2) calculation: alpha-beta     manifold
 -------------------------------------------------------------
 | State |  Excitation energy (au) |  Excitation energy (eV) |
 -------------------------------------------------------------
 |     1 |                0.373465 |               10.162487 |
 |     2 |                0.617307 |               16.797779 |
 |     3 |                0.661476 |               17.999669 |
 |     4 |                0.695495 |               18.925372 |
 |     5 |                0.802428 |               21.835176 |
 |     6 |                0.925401 |               25.181438 |
 |     7 |                0.967348 |               26.322874 |
 |     8 |                1.008956 |               27.455097 |
 |     9 |                1.008956 |               27.455097 |
 |    10 |                1.051691 |               28.617964 |
 |    11 |                1.051691 |               28.617964 |
 |    12 |                1.067449 |               29.046759 |
 |    13 |                1.131146 |               30.780057 |
 |    14 |                1.147721 |               31.231078 |
 |    15 |                1.231335 |               33.506322 |
 |    16 |                1.262983 |               34.367511 |
 |    17 |                1.262983 |               34.367511 |
 |    18 |                1.294505 |               35.225273 |
 |    19 |                1.294505 |               35.225273 |
 |    20 |                1.301102 |               35.404797 |
 -------------------------------------------------------------


 -------------------------------------------------------------
   pp-RPA (N-2) calculation: alpha-beta     manifold
 -------------------------------------------------------------
 | State |  Excitation energy (au) |  Excitation energy (eV) |
 -------------------------------------------------------------
 |     1 |               -1.335080 |              -36.329389 |
 -------------------------------------------------------------


 -------------------------------------------------------------
   pp-RPA (N+2) calculation: alpha-alpha    manifold
 -------------------------------------------------------------
 | State |  Excitation energy (au) |  Excitation energy (eV) |
 -------------------------------------------------------------
 |     1 |                0.617307 |               16.797779 |
 |     2 |                0.695495 |               18.925372 |
 |     3 |                0.967348 |               26.322874 |
 |     4 |                1.008956 |               27.455097 |
 |     5 |                1.008956 |               27.455097 |
 |     6 |                1.131146 |               30.780057 |
 |     7 |                1.262983 |               34.367511 |
 |     8 |                1.262983 |               34.367511 |
 |     9 |                1.294505 |               35.225273 |
 |    10 |                1.294505 |               35.225273 |
 |    11 |                1.386304 |               37.723247 |
 |    12 |                1.386304 |               37.723247 |
 |    13 |                1.425236 |               38.782635 |
 |    14 |                1.539532 |               41.892798 |
 |    15 |                1.580005 |               42.994134 |
 |    16 |                1.580005 |               42.994134 |
 |    17 |                1.669457 |               45.428233 |
 |    18 |                1.669457 |               45.428233 |
 |    19 |                1.671166 |               45.474743 |
 |    20 |                1.704383 |               46.378621 |
 -------------------------------------------------------------


 -------------------------------------------------------------
   pp-RPA (N-2) calculation: alpha-alpha    manifold
 -------------------------------------------------------------
 | State |  Excitation energy (au) |  Excitation energy (eV) |
 -------------------------------------------------------------
 -------------------------------------------------------------

 -------------------------------------------------------------------------------
   One-shot G0T0 calculation (T-matrix self-energy)  
 -------------------------------------------------------------------------------
 |   # |       e_HF (eV) |    Sigma_T (eV) |               Z |       e_QP (eV) |
 -------------------------------------------------------------------------------
 |   1 |      -11.983453 |       -0.285613 |        0.986462 |      -12.265199 |
 |   2 |        0.855679 |       -0.429061 |        0.984436 |        0.433297 |
 |   3 |        9.166702 |       -0.370013 |        0.988106 |        8.801090 |
 |   4 |       11.380960 |       -0.599149 |        0.978303 |       10.794811 |
 |   5 |       18.178063 |       -0.860712 |        0.976989 |       17.337156 |
 |   6 |       18.178063 |       -0.860712 |        0.976989 |       17.337156 |
 |   7 |       21.952346 |      -14.009164 |        0.014663 |       21.746926 |
 |   8 |       25.511905 |       -1.189203 |        0.950452 |       24.381624 |
 |   9 |       25.511905 |       -1.189203 |        0.950452 |       24.381624 |
 |  10 |       36.066587 |       -1.877559 |        0.834433 |       34.499889 |
 |  11 |       48.367439 |       -1.220407 |        0.841895 |       47.339984 |
 |  12 |       51.541998 |       -1.293734 |        0.912004 |       50.362107 |
 |  13 |       84.039532 |       -0.586774 |        0.803413 |       83.568110 |
 |  14 |       85.844308 |       -0.374752 |        0.668568 |       85.593761 |
 |  15 |       85.844308 |       -0.374752 |        0.668568 |       85.593761 |
 |  16 |       92.047567 |       -1.594358 |        0.942915 |       90.544223 |
 |  17 |       92.047567 |       -1.594358 |        0.942915 |       90.544223 |
 |  18 |       95.504444 |       -1.953077 |        0.922255 |       93.703208 |
 |  19 |       95.504444 |       -1.953077 |        0.922255 |       93.703208 |
 |  20 |      103.093126 |       -2.908957 |        0.780246 |      100.823424 |
 |  21 |      103.093126 |       -2.908957 |        0.780246 |      100.823424 |
 |  22 |      105.145468 |       -2.180529 |        0.877014 |      103.233112 |
 |  23 |      105.145468 |       -2.180529 |        0.877014 |      103.233112 |
 |  24 |      108.495086 |        1.489194 |        0.141955 |      108.706485 |
 |  25 |      110.706839 |        0.890083 |        0.337731 |      111.007447 |
 |  26 |      110.706839 |        0.890083 |        0.337731 |      111.007447 |
 |  27 |      115.105805 |       -2.548645 |        0.881020 |      112.860397 |
 |  28 |      127.155177 |        7.425257 |        0.010740 |      127.234927 |
 |  29 |      128.254557 |       -1.673473 |        0.800290 |      126.915294 |
 |  30 |      138.806969 |        4.276542 |        0.145522 |      139.429301 |
 -------------------------------------------------------------------------------
             G0T0 HOMO      energy (eV)            =     -12.265199 eV
             G0T0 LUMO      energy (eV)            =       0.433297 eV
             G0T0 HOMO-LUMO gap    (eV)            =      12.698495 eV
 -------------------------------------------------------------------------------
        Tr@ppRPA@G0T0 correlation energy (singlet) =       -0.0221571171 au
        Tr@ppRPA@G0T0 correlation energy (triplet) =        0.0000000000 au
        Tr@ppRPA@G0T0 correlation energy           =       -0.0221571171 au
        Tr@ppRPA@G0T0 total energy                 =       -1.0264619404 au
              GM@G0T0 correlation energy           =       -0.0345190293 au
              GM@G0T0 total energy                 =       -1.0388238526 au
 -------------------------------------------------------------------------------


 -------------------------------------------------------------
   BSE@GT       calculation: singlet        manifold
 -------------------------------------------------------------
 | State |  Excitation energy (au) |  Excitation energy (eV) |
 -------------------------------------------------------------
 |     1 |                0.299193 |                8.141468 |
 |     2 |                0.534029 |               14.531682 |
 |     3 |                0.603799 |               16.430212 |
 |     4 |                0.792816 |               21.573611 |
 |     5 |                0.792816 |               21.573611 |
 |     6 |                0.921277 |               25.069230 |
 |     7 |                1.006833 |               27.397333 |
 |     8 |                1.006833 |               27.397333 |
 |     9 |                1.373092 |               37.363741 |
 |    10 |                1.832481 |               49.864361 |
 |    11 |                1.942912 |               52.869316 |
 |    12 |                3.076906 |               83.726873 |
 |    13 |                3.165150 |               86.128117 |
 |    14 |                3.165150 |               86.128117 |
 |    15 |                3.345674 |               91.040431 |
 |    16 |                3.345674 |               91.040431 |
 |    17 |                3.457713 |               94.089162 |
 |    18 |                3.457713 |               94.089162 |
 |    19 |                3.692760 |              100.485123 |
 |    20 |                3.692760 |              100.485123 |
 -------------------------------------------------------------

 ---------------------------------------------------------------
                 Transition dipole moment (au)                  
 ---------------------------------------------------------------
  #           X           Y           Z   dip. str.   osc. str.
 ---------------------------------------------------------------
  1    0.000000    0.000000    2.177301    4.740638    0.945578
  2    0.000000    0.000000    0.000000    0.000000    0.000000
  3   -0.000000   -0.000000    0.129084    0.016663    0.006707
  4   -1.259518   -0.155400    0.000000    1.610534    0.851238
  5    0.155400   -1.259518    0.000000    1.610534    0.851238
  6    0.000000    0.000000    0.000000    0.000000    0.000000
  7   -0.000000   -0.000000   -0.000000    0.000000    0.000000
  8    0.000000    0.000000    0.000000    0.000000    0.000000
  9   -0.000000    0.000000    0.212352    0.045093    0.041278
 10   -0.000000    0.000000   -0.000000    0.000000    0.000000
 ---------------------------------------------------------------

 -------------------------------------------------------------
 Excitation n.   1:   8.141468 eV  f = 0.9456  <S**2> = 0.0000
 -------------------------------------------------------------
  1 ->   2 =   0.707053

 -------------------------------------------------------------
 Excitation n.   2:  14.531682 eV  f = 0.0000  <S**2> = 0.0000
 -------------------------------------------------------------
  1 ->   3 =   0.707076

 -------------------------------------------------------------
 Excitation n.   3:  16.430212 eV  f = 0.0067  <S**2> = 0.0000
 -------------------------------------------------------------
  1 ->   4 =   0.706521

 -------------------------------------------------------------
 Excitation n.   4:  21.573611 eV  f = 0.8512  <S**2> = 0.0000
 -------------------------------------------------------------
  1 ->   5 =  -0.704158

 -------------------------------------------------------------
 Excitation n.   5:  21.573611 eV  f = 0.8512  <S**2> = 0.0000
 -------------------------------------------------------------
  1 ->   6 =  -0.704158

 -------------------------------------------------------------
 Excitation n.   6:  25.069230 eV  f = 0.0000  <S**2> = 0.0000
 -------------------------------------------------------------
  1 ->   7 =   0.706656

 -------------------------------------------------------------
 Excitation n.   7:  27.397333 eV  f = 0.0000  <S**2> = 0.0000
 -------------------------------------------------------------
  1 ->   8 =  -0.707007

 -------------------------------------------------------------
 Excitation n.   8:  27.397333 eV  f = 0.0000  <S**2> = 0.0000
 -------------------------------------------------------------
  1 ->   9 =  -0.707007

 -------------------------------------------------------------
 Excitation n.   9:  37.363741 eV  f = 0.0413  <S**2> = 0.0000
 -------------------------------------------------------------
  1 ->  10 =   0.706414

 -------------------------------------------------------------
 Excitation n.  10:  49.864361 eV  f = 0.0000  <S**2> = 0.0000
 -------------------------------------------------------------
  1 ->  11 =   0.706428

Thomas-Reiche-Kuhn sum rule =   2.696039


 *** dynamical TDA activated ***

 ---------------------------------------------------------------------------------------------------
  First-order dynamical correction to static Bethe-Salpeter excitation energies                     
 ---------------------------------------------------------------------------------------------------
  BSE neutral excitation must be lower than the GT gap =  12.698495 eV
 ---------------------------------------------------------------------------------------------------
      #          Static (eV)         Dynamic (eV)      Correction (eV)         Renorm. (eV)
 ---------------------------------------------------------------------------------------------------
      1            8.141468            8.131086           -0.010382            0.999883
      2           14.531682           14.564538            0.032856            0.994440
      3           16.430212           16.517751            0.087539            0.991977
      4           21.573611           21.569852           -0.003759            1.001146
      5           21.573611           21.569852           -0.003759            1.001146
      6           25.069230           25.063153           -0.006077            0.968592
      7           27.397333           27.381896           -0.015437            0.994043
      8           27.397333           27.381896           -0.015437            0.994043
      9           37.363741           37.311095           -0.052646            0.991035
     10           49.864361           49.994809            0.130448            0.245603
 ---------------------------------------------------------------------------------------------------


 -------------------------------------------------------------
   BSE@GT       calculation: triplet        manifold
 -------------------------------------------------------------
 | State |  Excitation energy (au) |  Excitation energy (eV) |
 -------------------------------------------------------------
 |     1 |                0.070660 |                1.922761 |
 |     2 |                0.462710 |               12.590986 |
 |     3 |                0.538283 |               14.647424 |
 |     4 |                0.668926 |               18.202404 |
 |     5 |                0.668926 |               18.202404 |
 |     6 |                0.844404 |               22.977410 |
 |     7 |                0.953245 |               25.939105 |
 |     8 |                0.953245 |               25.939105 |
 |     9 |                1.329148 |               36.167972 |
 |    10 |                1.781750 |               48.483899 |
 |    11 |                1.899901 |               51.698947 |
 |    12 |                3.013761 |               82.008612 |
 |    13 |                3.113479 |               84.722087 |
 |    14 |                3.113479 |               84.722087 |
 |    15 |                3.302142 |               89.855858 |
 |    16 |                3.302142 |               89.855858 |
 |    17 |                3.419305 |               93.044041 |
 |    18 |                3.419305 |               93.044041 |
 |    19 |                3.640091 |               99.051920 |
 |    20 |                3.640091 |               99.051920 |
 -------------------------------------------------------------

 -------------------------------------------------------------
 Excitation n.   1:   1.922761 eV  f = 0.0000  <S**2> = 2.0000
 -------------------------------------------------------------
  1 ->   2 =   0.692006
  1 ->   4 =   0.170963
  1 <-   2 =   0.084313

 -------------------------------------------------------------
 Excitation n.   2:  12.590986 eV  f = 0.0000  <S**2> = 2.0000
 -------------------------------------------------------------
  1 ->   3 =   0.704604

 -------------------------------------------------------------
 Excitation n.   3:  14.647424 eV  f = 0.0000  <S**2> = 2.0000
 -------------------------------------------------------------
  1 ->   2 =   0.168556
  1 ->   4 =  -0.684823

 -------------------------------------------------------------
 Excitation n.   4:  18.202404 eV  f = 0.0000  <S**2> = 2.0000
 -------------------------------------------------------------
  1 ->   5 =  -0.706975

 -------------------------------------------------------------
 Excitation n.   5:  18.202404 eV  f = 0.0000  <S**2> = 2.0000
 -------------------------------------------------------------
  1 ->   6 =   0.706975

 -------------------------------------------------------------
 Excitation n.   6:  22.977410 eV  f = 0.0000  <S**2> = 2.0000
 -------------------------------------------------------------
  1 ->   7 =   0.704210

 -------------------------------------------------------------
 Excitation n.   7:  25.939105 eV  f = 0.0000  <S**2> = 2.0000
 -------------------------------------------------------------
  1 ->   8 =  -0.677757
  1 ->   9 =  -0.201195

 -------------------------------------------------------------
 Excitation n.   8:  25.939105 eV  f = 0.0000  <S**2> = 2.0000
 -------------------------------------------------------------
  1 ->   8 =  -0.201195
  1 ->   9 =   0.677757

 -------------------------------------------------------------
 Excitation n.   9:  36.167972 eV  f = 0.0000  <S**2> = 2.0000
 -------------------------------------------------------------
  1 ->  10 =   0.704936

 -------------------------------------------------------------
 Excitation n.  10:  48.483899 eV  f = 0.0000  <S**2> = 2.0000
 -------------------------------------------------------------
  1 ->  11 =   0.705380

Thomas-Reiche-Kuhn sum rule =   0.000000


 *** dynamical TDA activated ***

 ---------------------------------------------------------------------------------------------------
  First-order dynamical correction to static Bethe-Salpeter excitation energies                     
 ---------------------------------------------------------------------------------------------------
  BSE neutral excitation must be lower than the GT gap =  12.698495 eV
 ---------------------------------------------------------------------------------------------------
      #          Static (eV)         Dynamic (eV)      Correction (eV)         Renorm. (eV)
 ---------------------------------------------------------------------------------------------------
      1            1.922761            1.647127           -0.275634            1.007165
      2           12.590986           12.472382           -0.118604            1.008968
      3           14.647424           14.546208           -0.101216            1.007190
      4           18.202404           18.143744           -0.058660            1.008063
      5           18.202404           18.143744           -0.058660            1.008063
      6           22.977410           22.914469           -0.062941            1.031499
      7           25.939105           25.959785            0.020680            1.015306
      8           25.939105           25.959785            0.020680            1.015306
      9           36.167972           36.360711            0.192740            1.025138
     10           48.483899           48.347762           -0.136137            1.435984
 ---------------------------------------------------------------------------------------------------


 -------------------------------------------------------------------------------
          Tr@BSE@G0T0 correlation energy (singlet) =       -0.0019931905 au
          Tr@BSE@G0T0 correlation energy (triplet) =       -0.0034289204 au
          Tr@BSE@G0T0 correlation energy           =       -0.0054221109 au
          Tr@BSE@G0T0 total energy                 =       -1.0097269342 au
 -------------------------------------------------------------------------------

                                       Total CPU time for G0T0 =     11.315 seconds

                                      Total CPU time for QuAcK =     25.233 seconds

