78 significant shell pairs computed in 0.000038 seconds
0
Computed Electron repulsion integrals Integrals in parallel in 0.115707 seconds

 ******************************************************************************************
 *            QuAcK                       QuAcK                         QuAcK             *
 *   __        __        __       __        __        __       __        __        __     *
 * <(o )___  <(o )___  <(o )___ <(o )___  <(o )___  <(o )___ <(o )___  <(o )___  <(o )___ *
 * ( ._> /   ( ._> /   ( ._> /  ( ._> /   ( ._> /   ( ._> /  ( ._> /   ( ._> /   ( ._> /  *
 *|--------------------------------------------------------------------------------------|*
 ******************************************************************************************

      ----------------------
             Number of atoms                2
      ----------------------

      ----------------------
Number of spin-up   electron                1
Number of spin-down electron                1
    Total number of electron                2
      ----------------------

      ----------------------
Number of core      electron                0
Number of Rydberg   electron                0
      ----------------------

          ------------------
          Molecular geometry
          ------------------
                    Atom n.                 1
                        Z =      1.0000000000
           Atom coordinates:     0.0000000000    0.0000000000    0.0000000000
                    Atom n.                 2
                        Z =      1.0000000000
           Atom coordinates:     0.0000000000    0.0000000000    0.9448630627

          ------------------
 Nuclear repulsion energy =      1.0583544214
          ------------------

          Gaussian basis set
          ------------------
                    Atom n.                 1
           number of shells                 6
          ------------------
      s-type shell with K =                 5
                                    Exponents     Contraction
                                33.8700000000    0.0060680000
                                 5.0950000000    0.0453080000
                                 1.1590000000    0.2028220000
                                 0.3258000000    0.5039030000
                                 0.1027000000    0.3834210000
      s-type shell with K =                 1
                                    Exponents     Contraction
                                 0.3258000000    1.0000000000
      s-type shell with K =                 1
                                    Exponents     Contraction
                                 0.1027000000    1.0000000000
      p-type shell with K =                 1
                                    Exponents     Contraction
                                 1.4070000000    1.0000000000
      p-type shell with K =                 1
                                    Exponents     Contraction
                                 0.3880000000    1.0000000000
      d-type shell with K =                 1
                                    Exponents     Contraction
                                 1.0570000000    1.0000000000
          ------------------
                    Atom n.                 2
           number of shells                 6
          ------------------
      s-type shell with K =                 5
                                    Exponents     Contraction
                                33.8700000000    0.0060680000
                                 5.0950000000    0.0453080000
                                 1.1590000000    0.2028220000
                                 0.3258000000    0.5039030000
                                 0.1027000000    0.3834210000
      s-type shell with K =                 1
                                    Exponents     Contraction
                                 0.3258000000    1.0000000000
      s-type shell with K =                 1
                                    Exponents     Contraction
                                 0.1027000000    1.0000000000
      p-type shell with K =                 1
                                    Exponents     Contraction
                                 1.4070000000    1.0000000000
      p-type shell with K =                 1
                                    Exponents     Contraction
                                 0.3880000000    1.0000000000
      d-type shell with K =                 1
                                    Exponents     Contraction
                                 1.0570000000    1.0000000000
          ------------------
            Number of shells               12
          ------------------

          ------------------
   Number of basis functions               30
          ------------------

 Scaling integrals by    1.0000000000000000     

                          Total CPU time for reading integrals =      0.043 seconds


 ************************************************
 |    Restricted Hartree-Fock calculation       |
 ************************************************


 ----------------------------------------------------
 | RHF calculation                                  |
 ----------------------------------------------------
 |   # |        HF energy |       Conv |     HL Gap |
 ----------------------------------------------------
 |   1 |    -0.4483117571 |   0.064534 |   0.360810 |
 |   2 |    -1.0733665010 |   0.176921 |   1.895912 |
 |   3 |    -1.0712771233 |   0.095618 |   1.888033 |
 |   4 |    -1.0686181594 |   0.053904 |   1.882084 |
 |   5 |    -1.0667259156 |   0.031421 |   1.878342 |
 |   6 |    -1.0654990950 |   0.018755 |   1.876054 |
 |   7 |    -1.0647225037 |   0.011375 |   1.874653 |
 |   8 |    -1.0642344207 |   0.006997 |   1.873790 |
 |   9 |    -1.0639283989 |   0.004355 |   1.873255 |
 |  10 |    -1.0637367082 |   0.002715 |   1.872923 |
 |  11 |    -1.0636166908 |   0.001695 |   1.872716 |
 |  12 |    -1.0635415710 |   0.001058 |   1.872587 |
 |  13 |    -1.0634945639 |   0.000661 |   1.872506 |
 |  14 |    -1.0634651542 |   0.000413 |   1.872456 |
 |  15 |    -1.0634467571 |   0.000258 |   1.872424 |
 |  16 |    -1.0634352503 |   0.000161 |   1.872405 |
 |  17 |    -1.0634280540 |   0.000101 |   1.872392 |
 |  18 |    -1.0634235538 |   0.000063 |   1.872385 |
 |  19 |    -1.0634207398 |   0.000039 |   1.872380 |
 |  20 |    -1.0634189802 |   0.000025 |   1.872377 |
 |  21 |    -1.0634178801 |   0.000015 |   1.872375 |
 |  22 |    -1.0634171923 |   0.000010 |   1.872374 |
 |  23 |    -1.0634167622 |   0.000006 |   1.872373 |
 |  24 |    -1.0634164934 |   0.000004 |   1.872373 |
 |  25 |    -1.0634163253 |   0.000002 |   1.872372 |
 |  26 |    -1.0634162202 |   0.000001 |   1.872372 |
 |  27 |    -1.0634161545 |   0.000001 |   1.872372 |
 |  28 |    -1.0634161134 |   0.000001 |   1.872372 |
 |  29 |    -1.0634160878 |   0.000000 |   1.872372 |
 |  30 |    -1.0634160717 |   0.000000 |   1.872372 |
 |  31 |    -1.0634160617 |   0.000000 |   1.872372 |
 |  32 |    -1.0634160671 |   0.000000 |   0.872372 |
 ----------------------------------------------------

         -----------------------------------------
           Summary              
         -----------------------------------------
           One-electron energy:     -2.8804265085 au
           Kinetic      energy:      1.4496057872 au
           Potential    energy:     -4.3300322957 au
         -----------------------------------------
           Two-electron energy:      0.7586560200 au
           Hartree      energy:      1.5173120401 au
           Exchange     energy:     -0.7586560200 au
         -----------------------------------------
           Electronic   energy:     -2.1217704885 au
           Nuclear   repulsion:      1.0583544214 au
           RHF          energy:     -1.0634160671 au
         -----------------------------------------
           HF HOMO      energy:        -18.546117 eV
           HF LUMO      energy:          5.192329 eV
           HF HOMO-LUMO gap   :         23.738446 eV
         -----------------------------------------
          Dipole moment (Debye)    
                   X         Y         Z      Tot.
           -0.000000 -0.000000 -0.000000  0.000000
         -----------------------------------------

           ---------------------------------------
                 MO coefficients
           ---------------------------------------
                 1              2              3              4              5
      1     0.92676166    -0.21468101     0.10167296    -0.18494061     0.00000000
      2    -0.18475203     2.36998511     0.87359856    -9.24742185     0.00000000
      3    -0.26371709    -3.83320739    -0.95106125     3.70204064     0.00000000
      4     0.00000000     0.00000000     0.00000000     0.00000000     0.01901136
      5     0.00000000     0.00000000     0.00000000     0.00000000     0.05015996
      6     0.01319463     0.01011683     0.00565282     0.00460222     0.00000000
      7     0.00000000     0.00000000     0.00000000     0.00000000    -0.19527391
      8     0.00000000     0.00000000     0.00000000     0.00000000    -0.51521464
      9     0.00982604     0.52565735    -0.07674652    -1.85145963     0.00000000
     10    -0.00372679    -0.03289965    -0.07424391     0.11257935     0.00000000
     11     0.00000000     0.00000000     0.00000000     0.00000000     0.00000000
     12     0.00000000     0.00000000     0.00000000     0.00000000    -0.00102002
     13    -0.00372679    -0.03289965    -0.07424391     0.11257935     0.00000000
     14     0.00000000     0.00000000     0.00000000     0.00000000    -0.00269125
     15    -0.00483985    -0.01180470    -0.12003041     0.03973234     0.00000000
     16     0.92676166     0.21468101     0.10167296     0.18494061     0.00000000
     17    -0.18475203    -2.36998511     0.87359856     9.24742185     0.00000000
     18    -0.26371709     3.83320739    -0.95106125    -3.70204064     0.00000000
     19     0.00000000     0.00000000     0.00000000     0.00000000     0.01901136
     20     0.00000000     0.00000000     0.00000000     0.00000000     0.05015996
     21    -0.01319463     0.01011683    -0.00565282     0.00460222     0.00000000
     22     0.00000000     0.00000000     0.00000000     0.00000000    -0.19527391
     23     0.00000000     0.00000000     0.00000000     0.00000000    -0.51521464
     24    -0.00982604     0.52565735     0.07674652    -1.85145963     0.00000000
     25    -0.00372679     0.03289965    -0.07424391    -0.11257935     0.00000000
     26     0.00000000     0.00000000     0.00000000     0.00000000     0.00000000
     27     0.00000000     0.00000000     0.00000000     0.00000000     0.00102002
     28    -0.00372679     0.03289965    -0.07424391    -0.11257935     0.00000000
     29     0.00000000     0.00000000     0.00000000     0.00000000     0.00269125
     30    -0.00483985     0.01180470    -0.12003041    -0.03973234     0.00000000
                 6              7              8              9             10
      1     0.00000000    -0.23407807     0.00000000     0.00000000    -3.50713466
      2     0.00000000    -0.74305211     0.00000000     0.00000000     3.69125115
      3     0.00000000     0.51892742     0.00000000     0.00000000     0.81938963
      4    -0.05015996     0.00000000     0.13766257    -0.03485577     0.00000000
      5     0.01901136     0.00000000     0.03485577     0.13766257     0.00000000
      6     0.00000000    -0.02325501     0.00000000     0.00000000    -0.08189626
      7     0.51521464     0.00000000     2.10596919    -0.53322532     0.00000000
      8    -0.19527391     0.00000000     0.53322532     2.10596919     0.00000000
      9     0.00000000     1.53248524     0.00000000     0.00000000     0.68369816
     10     0.00000000    -0.03877961     0.00000000     0.00000000    -0.44709601
     11     0.00000000     0.00000000     0.00000000     0.00000000     0.00000000
     12     0.00269125     0.00000000     0.28987546    -0.07339563     0.00000000
     13     0.00000000    -0.03877961     0.00000000     0.00000000    -0.44709601
     14    -0.00102002     0.00000000     0.07339563     0.28987546     0.00000000
     15     0.00000000     0.24006828     0.00000000     0.00000000    -0.55950266
     16     0.00000000    -0.23407807     0.00000000     0.00000000    -3.50713466
     17     0.00000000    -0.74305211     0.00000000     0.00000000     3.69125115
     18     0.00000000     0.51892742     0.00000000     0.00000000     0.81938963
     19    -0.05015996     0.00000000    -0.13766257     0.03485577     0.00000000
     20     0.01901136     0.00000000    -0.03485577    -0.13766257     0.00000000
     21     0.00000000     0.02325501     0.00000000     0.00000000     0.08189626
     22     0.51521464     0.00000000    -2.10596919     0.53322532     0.00000000
     23    -0.19527391     0.00000000    -0.53322532    -2.10596919     0.00000000
     24     0.00000000    -1.53248524     0.00000000     0.00000000    -0.68369816
     25     0.00000000    -0.03877961     0.00000000     0.00000000    -0.44709601
     26     0.00000000     0.00000000     0.00000000     0.00000000     0.00000000
     27    -0.00269125     0.00000000     0.28987546    -0.07339563     0.00000000
     28     0.00000000    -0.03877961     0.00000000     0.00000000    -0.44709601
     29     0.00102002     0.00000000     0.07339563     0.28987546     0.00000000
     30     0.00000000     0.24006828     0.00000000     0.00000000    -0.55950266
                11             12             13             14             15
      1    -0.10111352     3.30725206     0.00000000     0.00000000     0.00000000
      2   -29.97222878    11.63576592     0.00000000     0.00000000     0.00000000
      3     2.62561408    -0.62834173     0.00000000     0.00000000     0.00000000
      4     0.00000000     0.00000000     0.00000000     0.00000000    -0.70317966
      5     0.00000000     0.00000000     0.00000000     0.00000000     0.05007917
      6     0.22979096    -0.74413101     0.00000000     0.00000000     0.00000000
      7     0.00000000     0.00000000     0.00000000     0.00000000     0.38988734
      8     0.00000000     0.00000000     0.00000000     0.00000000    -0.02776706
      9    -8.86835692     5.18038960     0.00000000     0.00000000     0.00000000
     10    -0.08247812     0.78991822     0.00185037     0.48054927     0.00000000
     11     0.00000000     0.00000000    -0.55489051     0.00213662     0.00000000
     12     0.00000000     0.00000000     0.00000000     0.00000000    -0.07377395
     13    -0.08247812     0.78991822    -0.00185037    -0.48054927     0.00000000
     14     0.00000000     0.00000000     0.00000000     0.00000000     0.00525405
     15    -0.14476534     0.36417231     0.00000000     0.00000000     0.00000000
     16     0.10111352    -3.30725206     0.00000000     0.00000000     0.00000000
     17    29.97222878   -11.63576592     0.00000000     0.00000000     0.00000000
     18    -2.62561408     0.62834173     0.00000000     0.00000000     0.00000000
     19     0.00000000     0.00000000     0.00000000     0.00000000    -0.70317966
     20     0.00000000     0.00000000     0.00000000     0.00000000     0.05007917
     21     0.22979096    -0.74413101     0.00000000     0.00000000     0.00000000
     22     0.00000000     0.00000000     0.00000000     0.00000000     0.38988734
     23     0.00000000     0.00000000     0.00000000     0.00000000    -0.02776706
     24    -8.86835692     5.18038960     0.00000000     0.00000000     0.00000000
     25     0.08247812    -0.78991822     0.00185037     0.48054927     0.00000000
     26     0.00000000     0.00000000    -0.55489051     0.00213662     0.00000000
     27     0.00000000     0.00000000     0.00000000     0.00000000     0.07377395
     28     0.08247812    -0.78991822    -0.00185037    -0.48054927     0.00000000
     29     0.00000000     0.00000000     0.00000000     0.00000000    -0.00525405
     30     0.14476534    -0.36417231     0.00000000     0.00000000     0.00000000
                16             17             18             19             20
      1     0.00000000     0.00000000     0.00000000    -2.93211127     0.00000000
      2     0.00000000     0.00000000     0.00000000     1.01472645     0.00000000
      3     0.00000000     0.00000000     0.00000000     1.31998928     0.00000000
      4    -0.05007917     0.49007504     0.07339761     0.00000000     0.00000000
      5    -0.70317966     0.07339761    -0.49007504     0.00000000     0.00000000
      6     0.00000000     0.00000000     0.00000000    -0.37689290     0.00000000
      7     0.02776706     1.76111642     0.26375906     0.00000000     0.00000000
      8     0.38988734     0.26375906    -1.76111642     0.00000000     0.00000000
      9     0.00000000     0.00000000     0.00000000     1.32938597     0.00000000
     10     0.00000000     0.00000000     0.00000000    -0.17251373     0.00004848
     11     0.00000000     0.00000000     0.00000000     0.00000000    -1.15295163
     12    -0.00525405     1.35342617     0.20270007     0.00000000     0.00000000
     13     0.00000000     0.00000000     0.00000000    -0.17251373    -0.00004848
     14    -0.07377395     0.20270007    -1.35342617     0.00000000     0.00000000
     15     0.00000000     0.00000000     0.00000000     1.07138945     0.00000000
     16     0.00000000     0.00000000     0.00000000    -2.93211127     0.00000000
     17     0.00000000     0.00000000     0.00000000     1.01472645     0.00000000
     18     0.00000000     0.00000000     0.00000000     1.31998928     0.00000000
     19    -0.05007917    -0.49007504    -0.07339761     0.00000000     0.00000000
     20    -0.70317966    -0.07339761     0.49007504     0.00000000     0.00000000
     21     0.00000000     0.00000000     0.00000000     0.37689290     0.00000000
     22     0.02776706    -1.76111642    -0.26375906     0.00000000     0.00000000
     23     0.38988734    -0.26375906     1.76111642     0.00000000     0.00000000
     24     0.00000000     0.00000000     0.00000000    -1.32938597     0.00000000
     25     0.00000000     0.00000000     0.00000000    -0.17251373    -0.00004848
     26     0.00000000     0.00000000     0.00000000     0.00000000     1.15295163
     27     0.00525405     1.35342617     0.20270007     0.00000000     0.00000000
     28     0.00000000     0.00000000     0.00000000    -0.17251373     0.00004848
     29     0.07377395     0.20270007    -1.35342617     0.00000000     0.00000000
     30     0.00000000     0.00000000     0.00000000     1.07138945     0.00000000
                21             22             23             24             25
      1     0.00000000     0.00000000     0.00000000    -0.46072788     0.62647581
      2     0.00000000     0.00000000     0.00000000     1.86257824    10.54598752
      3     0.00000000     0.00000000     0.00000000    -0.12736409    -1.59851030
      4     0.00000000    -0.49393980     0.04803985     0.00000000     0.00000000
      5     0.00000000     0.04803985     0.49393980     0.00000000     0.00000000
      6     0.00000000     0.00000000     0.00000000     0.02553404    -0.62752579
      7     0.00000000     0.14808428    -0.01440246     0.00000000     0.00000000
      8     0.00000000    -0.01440246    -0.14808428     0.00000000     0.00000000
      9     0.00000000     0.00000000     0.00000000     0.61409339     2.79791156
     10    -0.99848541     0.00000000     0.00000000    -0.97437361    -1.05733249
     11    -0.00005598     0.00000000     0.00000000     0.00000000     0.00000000
     12     0.00000000     0.84693481    -0.08237162     0.00000000     0.00000000
     13     0.99848541     0.00000000     0.00000000    -0.97437361    -1.05733249
     14     0.00000000    -0.08237162    -0.84693481     0.00000000     0.00000000
     15     0.00000000     0.00000000     0.00000000    -0.29929107    -0.22037961
     16     0.00000000     0.00000000     0.00000000    -0.46072788    -0.62647581
     17     0.00000000     0.00000000     0.00000000     1.86257824   -10.54598752
     18     0.00000000     0.00000000     0.00000000    -0.12736409     1.59851030
     19     0.00000000    -0.49393980     0.04803985     0.00000000     0.00000000
     20     0.00000000     0.04803985     0.49393980     0.00000000     0.00000000
     21     0.00000000     0.00000000     0.00000000    -0.02553404    -0.62752579
     22     0.00000000     0.14808428    -0.01440246     0.00000000     0.00000000
     23     0.00000000    -0.01440246    -0.14808428     0.00000000     0.00000000
     24     0.00000000     0.00000000     0.00000000    -0.61409339     2.79791156
     25     0.99848541     0.00000000     0.00000000    -0.97437361     1.05733249
     26     0.00005598     0.00000000     0.00000000     0.00000000     0.00000000
     27     0.00000000    -0.84693481     0.08237162     0.00000000     0.00000000
     28    -0.99848541     0.00000000     0.00000000    -0.97437361     1.05733249
     29     0.00000000     0.08237162     0.84693481     0.00000000     0.00000000
     30     0.00000000     0.00000000     0.00000000    -0.29929107     0.22037961
                26             27             28             29             30
      1    -2.49212908     0.00000000     0.00000000    -8.41794553   -24.04824695
      2   -14.83923340     0.00000000     0.00000000     4.08475686     1.83503759
      3     0.98063401     0.00000000     0.00000000     3.30940188     8.95190971
      4     0.00000000    -2.75655618     0.07851994     0.00000000     0.00000000
      5     0.00000000     0.07851994     2.75655618     0.00000000     0.00000000
      6     0.84956306     0.00000000     0.00000000     1.13735132    -2.97625112
      7     0.00000000    -1.00082653     0.02850834     0.00000000     0.00000000
      8     0.00000000     0.02850834     1.00082653     0.00000000     0.00000000
      9    -6.03181084     0.00000000     0.00000000     1.04738255    -4.23017419
     10    -0.73006531     0.00000000     0.00000000    -0.25392024    -0.82010819
     11     0.00000000     0.00000000     0.00000000     0.00000000     0.00000000
     12     0.00000000    -1.89219853     0.05389889     0.00000000     0.00000000
     13    -0.73006531     0.00000000     0.00000000    -0.25392024    -0.82010819
     14     0.00000000     0.05389889     1.89219853     0.00000000     0.00000000
     15    -1.62123223     0.00000000     0.00000000     1.98553244    -2.33132030
     16     2.49212908     0.00000000     0.00000000    -8.41794553    24.04824695
     17    14.83923340     0.00000000     0.00000000     4.08475686    -1.83503759
     18    -0.98063401     0.00000000     0.00000000     3.30940188    -8.95190971
     19     0.00000000     2.75655618    -0.07851994     0.00000000     0.00000000
     20     0.00000000    -0.07851994    -2.75655618     0.00000000     0.00000000
     21     0.84956306     0.00000000     0.00000000    -1.13735132    -2.97625112
     22     0.00000000     1.00082653    -0.02850834     0.00000000     0.00000000
     23     0.00000000    -0.02850834    -1.00082653     0.00000000     0.00000000
     24    -6.03181084     0.00000000     0.00000000    -1.04738255    -4.23017419
     25     0.73006531     0.00000000     0.00000000    -0.25392024     0.82010819
     26     0.00000000     0.00000000     0.00000000     0.00000000     0.00000000
     27     0.00000000    -1.89219853     0.05389889     0.00000000     0.00000000
     28     0.73006531     0.00000000     0.00000000    -0.25392024     0.82010819
     29     0.00000000     0.05389889     1.89219853     0.00000000     0.00000000
     30     1.62123223     0.00000000     0.00000000     1.98553244     2.33132030

           ---------------------------------------
                     MO energies
           ---------------------------------------
                 1
      1    -0.68155723
      2     0.19081459
      3     0.26098286
      4     0.69086503
      5     0.72420549
      6     0.72420549
      7     1.13802220
      8     1.13803648
      9     1.13803648
     10     1.52893620
     11     1.58320534
     12     2.40110556
     13     3.25474991
     14     3.25474991
     15     3.51862431
     16     3.51862431
     17     3.63495683
     18     3.63495683
     19     3.66479494
     20     4.33530101
     21     4.33530101
     22     4.36527678
     23     4.36527678
     24     4.42403727
     25     4.94257968
     26     5.55664709
     27     6.90379469
     28     6.90379469
     29     7.56237540
     30    13.87586742

                                        Total CPU time for RHF =      0.521 seconds


 AO to MO transformation... Please be patient

                    Total CPU time for AO to MO transformation =      1.588 seconds


 ******************************************************
 | Configuration Interaction with Singles and Doubles |
 ******************************************************

 nS =          116
 nD =         1653
 nH =         1770

 00 block  done...
 0S blocks done...
 0D blocks done...
 SS block  done...
 SD blocks done...
 DD block  done...

 Diagonalizing CISD matrix...

 CISD energies (au)
                 1
      1    -2.15944158
      2    -1.63172314
      3    -1.63172314
      4    -1.63172314
      5    -1.57305306
      6    -1.56124963
      7    -1.56124963
      8    -1.56124963
      9    -1.48468143
     10    -1.29542181
     11    -1.29542181
     12    -1.29542181
     13    -1.29542181
     14    -1.29542181
     15    -1.29542181
     16    -1.24174426
     17    -1.24174426
     18    -1.24174426
     19    -1.15320621
     20    -1.15320621
     21    -1.12098204
     22    -0.81106013
     23    -0.80950404
     24    -0.80950404
     25    -0.80950404
     26    -0.79029180
     27    -0.79029180
     28    -0.79029180
     29    -0.79029180
     30    -0.79029180
     31    -0.79029180
     32    -0.78929931
     33    -0.78929931
     34    -0.69753162
     35    -0.69753162
     36    -0.69753162
     37    -0.68002168
     38    -0.63411632
     39    -0.55067366
     40    -0.49983557
     41    -0.49983557
     42    -0.49983557
     43    -0.49983557
     44    -0.49983557
     45    -0.49983557
     46    -0.47805002
     47    -0.47805002
     48    -0.47805002
     49    -0.45230362
     50    -0.45230362
     51    -0.41693912

 CISD excitation energies (eV)
                 1
      1    14.35995026
      2    14.35995026
      3    14.35995026
      4    15.95644435
      5    16.27763196
      6    16.27763196
      7    16.27763196
      8    18.36115896
      9    23.51117540
     10    23.51117540
     11    23.51117540
     12    23.51117540
     13    23.51117540
     14    23.51117540
     15    24.97181601
     16    24.97181601
     17    24.97181601
     18    27.38105914
     19    27.38105914
     20    28.25792342
     21    36.69132818
     22    36.73367165
     23    36.73367165
     24    36.73367165
     25    37.25646319
     26    37.25646319
     27    37.25646319
     28    37.25646319
     29    37.25646319
     30    37.25646319
     31    37.28347014
     32    37.28347014
     33    39.78059627
     34    39.78059627
     35    39.78059627
     36    40.25706592
     37    41.50621435
     38    43.77680486
     39    45.16017977
     40    45.16017977
     41    45.16017977
     42    45.16017977
     43    45.16017977
     44    45.16017977
     45    45.75299472
     46    45.75299472
     47    45.75299472
     48    46.45359001
     49    46.45359001
     50    47.41590700

                                       Total CPU time for CISD =     11.679 seconds


 ************************************************
 |          One-shot G0W0 calculation           |
 ************************************************


 -------------------------------------------------------------
   RPA@HF       calculation: singlet        manifold
 -------------------------------------------------------------
 | State |  Excitation energy (au) |  Excitation energy (eV) |
 -------------------------------------------------------------
 |     1 |                0.904560 |               24.614338 |
 |     2 |                1.016082 |               27.648988 |
 |     3 |                1.504549 |               40.940871 |
 |     4 |                1.559992 |               42.449546 |
 |     5 |                1.559992 |               42.449546 |
 |     6 |                1.862963 |               50.693817 |
 |     7 |                1.862963 |               50.693817 |
 |     8 |                1.898082 |               51.649437 |
 |     9 |                2.338720 |               63.639819 |
 |    10 |                2.348640 |               63.909762 |
 |    11 |                3.217422 |               87.550509 |
 |    12 |                4.045455 |              110.082447 |
 |    13 |                4.045455 |              110.082447 |
 |    14 |                4.391542 |              119.499951 |
 |    15 |                4.391542 |              119.499951 |
 |    16 |                4.408982 |              119.974506 |
 |    17 |                4.408982 |              119.974506 |
 |    18 |                4.468050 |              121.581842 |
 |    19 |                5.074734 |              138.090558 |
 |    20 |                5.074734 |              138.090558 |
 -------------------------------------------------------------

  *** Quasiparticle energies obtained by linearization *** 

 -------------------------------------------------------------------------------
   One-shot G0W0 calculation
 -------------------------------------------------------------------------------
 |   # |       e_HF (eV) |      Sig_c (eV) |               Z |       e_QP (eV) |
 -------------------------------------------------------------------------------
 |   1 |      -18.546117 |       -0.110054 |        0.955134 |      -18.651233 |
 |   2 |        5.192329 |       -0.172822 |        0.995497 |        5.020285 |
 |   3 |        7.101705 |       -0.187680 |        0.994479 |        6.915061 |
 |   4 |       18.799395 |       -0.696934 |        0.981376 |       18.115441 |
 |   5 |       19.706635 |       -0.700080 |        0.983973 |       19.017775 |
 |   6 |       19.706635 |       -0.700080 |        0.983973 |       19.017775 |
 |   7 |       30.967162 |       -0.397644 |        0.653998 |       30.707103 |
 |   8 |       30.967550 |       -0.731386 |        0.975216 |       30.254290 |
 |   9 |       30.967550 |       -0.731386 |        0.975216 |       30.254290 |
 |  10 |       41.604473 |       -1.165872 |        0.935834 |       40.513411 |
 |  11 |       43.081212 |       -1.190038 |        0.869502 |       42.046471 |
 |  12 |       65.337410 |       -2.308567 |        0.760625 |       63.581456 |
 |  13 |       88.566256 |       -0.830486 |        0.941053 |       87.784725 |
 |  14 |       88.566256 |       -0.830486 |        0.941053 |       87.784725 |
 |  15 |       95.746644 |       -1.577714 |        0.817524 |       94.456826 |
 |  16 |       95.746644 |       -1.577714 |        0.817524 |       94.456826 |
 |  17 |       98.912213 |       -1.225385 |        0.863810 |       97.853713 |
 |  18 |       98.912213 |       -1.225385 |        0.863810 |       97.853713 |
 |  19 |       99.724150 |       -1.314592 |        0.762340 |       98.721984 |
 |  20 |      117.969549 |       -1.495612 |        0.845488 |      116.705027 |
 |  21 |      117.969549 |       -1.495612 |        0.845488 |      116.705027 |
 |  22 |      118.785232 |        0.587474 |        0.087240 |      118.836483 |
 |  23 |      118.785232 |        0.587474 |        0.087240 |      118.836483 |
 |  24 |      120.384186 |       -1.808651 |        0.904750 |      118.747809 |
 |  25 |      134.494444 |       -1.133998 |        0.707584 |      133.692045 |
 |  26 |      151.204069 |       -0.076176 |        0.259480 |      151.184303 |
 |  27 |      187.861822 |        2.355717 |        0.398031 |      188.799471 |
 |  28 |      187.861822 |        2.355717 |        0.398031 |      188.799471 |
 |  29 |      205.782716 |       -2.142563 |        0.828261 |      204.008115 |
 |  30 |      377.581585 |       -4.227806 |        0.252160 |      376.515502 |
 -------------------------------------------------------------------------------
          G0W0 HOMO      energy:     -18.651233 eV
          G0W0 LUMO      energy:       5.020285 eV
          G0W0 HOMO-LUMO gap   :      23.671519 eV
 -------------------------------------------------------------------------------
    RPA@G0W0 total energy      :      -1.118925 au
    RPA@G0W0 correlation energy:      -0.055509 au
    GM@G0W0  total energy      :      -1.166970 au
    GM@G0W0  correlation energy:      -0.103554 au
 -------------------------------------------------------------------------------


 -------------------------------------------------------------
   BSE@GW       calculation: singlet        manifold
 -------------------------------------------------------------
 | State |  Excitation energy (au) |  Excitation energy (eV) |
 -------------------------------------------------------------
 |     1 |                0.598785 |               16.293759 |
 |     2 |                0.693937 |               18.882988 |
 |     3 |                1.026521 |               27.933066 |
 |     4 |                1.026521 |               27.933066 |
 |     5 |                1.046631 |               28.480275 |
 |     6 |                1.400152 |               38.100085 |
 |     7 |                1.400152 |               38.100085 |
 |     8 |                1.440416 |               39.195714 |
 |     9 |                1.811918 |               49.304793 |
 |    10 |                1.861594 |               50.656543 |
 |    11 |                2.605798 |               70.907377 |
 |    12 |                3.391759 |               92.294463 |
 |    13 |                3.391759 |               92.294463 |
 |    14 |                3.677797 |              100.077952 |
 |    15 |                3.677797 |              100.077952 |
 |    16 |                3.792311 |              103.194028 |
 |    17 |                3.792311 |              103.194028 |
 |    18 |                3.837053 |              104.411522 |
 |    19 |                4.439970 |              120.817745 |
 |    20 |                4.439970 |              120.817745 |
 -------------------------------------------------------------

 ---------------------------------------------------------------
                 Transition dipole moment (au)                  
 ---------------------------------------------------------------
  #           X           Y           Z   dip. str.   osc. str.
 ---------------------------------------------------------------
  1   -0.000000    0.000000   -0.931395    0.867497    0.346296
  2    0.000000    0.000000   -0.000000    0.000000    0.000000
  3    0.932608    0.390281    0.000000    1.022077    0.699456
  4    0.390281   -0.932608    0.000000    1.022077    0.699456
  5    0.000000   -0.000000   -0.611929    0.374457    0.261279
  6   -0.000000    0.000000    0.000000    0.000000    0.000000
  7    0.000000    0.000000    0.000000    0.000000    0.000000
  8    0.000000    0.000000   -0.000000    0.000000    0.000000
  9    0.000000   -0.000000   -0.000000    0.000000    0.000000
 10   -0.000000    0.000000   -0.174237    0.030359    0.037677
 ---------------------------------------------------------------

 -------------------------------------------------------------
 Excitation n.   1:  16.293759 eV  f = 0.3463  <S**2> = 0.0000
 -------------------------------------------------------------
  1 ->   2 =  -0.705469

 -------------------------------------------------------------
 Excitation n.   2:  18.882988 eV  f = 0.0000  <S**2> = 0.0000
 -------------------------------------------------------------
  1 ->   3 =   0.707969

 -------------------------------------------------------------
 Excitation n.   3:  27.933066 eV  f = 0.6995  <S**2> = 0.0000
 -------------------------------------------------------------
  1 ->   5 =  -0.487087
  1 ->   6 =   0.513895

 -------------------------------------------------------------
 Excitation n.   4:  27.933066 eV  f = 0.6995  <S**2> = 0.0000
 -------------------------------------------------------------
  1 ->   5 =   0.513895
  1 ->   6 =   0.487087

 -------------------------------------------------------------
 Excitation n.   5:  28.480275 eV  f = 0.2613  <S**2> = 0.0000
 -------------------------------------------------------------
  1 ->   4 =  -0.706233

 -------------------------------------------------------------
 Excitation n.   6:  38.100085 eV  f = 0.0000  <S**2> = 0.0000
 -------------------------------------------------------------
  1 ->   8 =   0.685702
  1 ->   9 =  -0.172472

 -------------------------------------------------------------
 Excitation n.   7:  38.100085 eV  f = 0.0000  <S**2> = 0.0000
 -------------------------------------------------------------
  1 ->   8 =  -0.172472
  1 ->   9 =  -0.685702

 -------------------------------------------------------------
 Excitation n.   8:  39.195714 eV  f = 0.0000  <S**2> = 0.0000
 -------------------------------------------------------------
  1 ->   7 =  -0.702837
  1 ->  10 =  -0.079360

 -------------------------------------------------------------
 Excitation n.   9:  49.304793 eV  f = 0.0000  <S**2> = 0.0000
 -------------------------------------------------------------
  1 ->   7 =   0.080117
  1 ->  10 =  -0.703072

 -------------------------------------------------------------
 Excitation n.  10:  50.656543 eV  f = 0.0377  <S**2> = 0.0000
 -------------------------------------------------------------
  1 ->  11 =   0.707238

Thomas-Reiche-Kuhn sum rule =   2.044163


 *** dynamical TDA activated ***

 ---------------------------------------------------------------------------------------------------
  First-order dynamical correction to static Bethe-Salpeter excitation energies                     
 ---------------------------------------------------------------------------------------------------
  BSE neutral excitation must be lower than the GW gap =  23.671519 eV
 ---------------------------------------------------------------------------------------------------
      #          Static (eV)         Dynamic (eV)      Correction (eV)         Renorm. (eV)
 ---------------------------------------------------------------------------------------------------
      1           16.293759           16.249276           -0.044482            1.004268
      2           18.882988           18.823116           -0.059873            1.007867
      3           27.933066           27.703428           -0.229638            1.018227
      4           27.933066           27.703428           -0.229638            1.018227
      5           28.480275           28.311176           -0.169098            1.014495
      6           38.100085           37.966008           -0.134078            1.008747
      7           38.100085           37.966008           -0.134078            1.008747
      8           39.195714           39.039149           -0.156565            1.011694
      9           49.304793           49.038575           -0.266218            1.021912
     10           50.656543           50.550090           -0.106453            1.149586
 ---------------------------------------------------------------------------------------------------


 -------------------------------------------------------------
   BSE@GW       calculation: triplet        manifold
 -------------------------------------------------------------
 | State |  Excitation energy (au) |  Excitation energy (eV) |
 -------------------------------------------------------------
 |     1 |                0.524936 |               14.284247 |
 |     2 |                0.592794 |               16.130734 |
 |     3 |                0.856365 |               23.302870 |
 |     4 |                0.856365 |               23.302870 |
 |     5 |                0.914275 |               24.878691 |
 |     6 |                1.353587 |               36.832988 |
 |     7 |                1.353587 |               36.832988 |
 |     8 |                1.359110 |               36.983256 |
 |     9 |                1.674283 |               45.559563 |
 |    10 |                1.787523 |               48.640982 |
 |    11 |                2.485196 |               67.625629 |
 |    12 |                3.281180 |               89.285455 |
 |    13 |                3.281180 |               89.285455 |
 |    14 |                3.470539 |               94.438171 |
 |    15 |                3.470539 |               94.438171 |
 |    16 |                3.714038 |              101.064118 |
 |    17 |                3.716385 |              101.127999 |
 |    18 |                3.716385 |              101.127999 |
 |    19 |                4.381768 |              119.233971 |
 |    20 |                4.381768 |              119.233971 |
 -------------------------------------------------------------

 -------------------------------------------------------------
 Excitation n.   1:  14.284247 eV  f = 0.0000  <S**2> = 2.0000
 -------------------------------------------------------------
  1 ->   2 =  -0.675951
  1 ->   4 =  -0.207724

 -------------------------------------------------------------
 Excitation n.   2:  16.130734 eV  f = 0.0000  <S**2> = 2.0000
 -------------------------------------------------------------
  1 ->   3 =   0.702674

 -------------------------------------------------------------
 Excitation n.   3:  23.302870 eV  f = 0.0000  <S**2> = 2.0000
 -------------------------------------------------------------
  1 ->   5 =  -0.634971
  1 ->   6 =  -0.311414

 -------------------------------------------------------------
 Excitation n.   4:  23.302870 eV  f = 0.0000  <S**2> = 2.0000
 -------------------------------------------------------------
  1 ->   5 =   0.311414
  1 ->   6 =  -0.634971

 -------------------------------------------------------------
 Excitation n.   5:  24.878691 eV  f = 0.0000  <S**2> = 2.0000
 -------------------------------------------------------------
  1 ->   2 =   0.208801
  1 ->   4 =  -0.670689
  1 ->  11 =   0.071892

 -------------------------------------------------------------
 Excitation n.   6:  36.832988 eV  f = 0.0000  <S**2> = 2.0000
 -------------------------------------------------------------
  1 ->   8 =   0.667518
  1 ->   9 =  -0.232287

 -------------------------------------------------------------
 Excitation n.   7:  36.832988 eV  f = 0.0000  <S**2> = 2.0000
 -------------------------------------------------------------
  1 ->   8 =   0.232287
  1 ->   9 =   0.667518

 -------------------------------------------------------------
 Excitation n.   8:  36.983256 eV  f = 0.0000  <S**2> = 2.0000
 -------------------------------------------------------------
  1 ->   7 =   0.704054

 -------------------------------------------------------------
 Excitation n.   9:  45.559563 eV  f = 0.0000  <S**2> = 2.0000
 -------------------------------------------------------------
  1 ->  10 =  -0.703815

 -------------------------------------------------------------
 Excitation n.  10:  48.640982 eV  f = 0.0000  <S**2> = 2.0000
 -------------------------------------------------------------
  1 ->   4 =  -0.080371
  1 ->  11 =  -0.699637

Thomas-Reiche-Kuhn sum rule =   0.000000


 *** dynamical TDA activated ***

 ---------------------------------------------------------------------------------------------------
  First-order dynamical correction to static Bethe-Salpeter excitation energies                     
 ---------------------------------------------------------------------------------------------------
  BSE neutral excitation must be lower than the GW gap =  23.671519 eV
 ---------------------------------------------------------------------------------------------------
      #          Static (eV)         Dynamic (eV)      Correction (eV)         Renorm. (eV)
 ---------------------------------------------------------------------------------------------------
      1           14.284247           14.135375           -0.148872            1.006869
      2           16.130734           15.979855           -0.150879            1.008775
      3           23.302870           22.958884           -0.343986            1.015273
      4           23.302870           22.958884           -0.343986            1.015273
      5           24.878691           24.614214           -0.264476            1.009680
      6           36.832988           36.679849           -0.153139            1.008354
      7           36.832988           36.679849           -0.153139            1.008354
      8           36.983256           36.752734           -0.230522            1.009387
      9           45.559563           45.137502           -0.422061            1.005057
     10           48.640982           48.369685           -0.271297            1.004623
 ---------------------------------------------------------------------------------------------------


 -------------------------------------------------------------------------------
          Tr@BSE@G0W0 correlation energy (singlet) =       -0.0291898340
          Tr@BSE@G0W0 correlation energy (triplet) =       -0.0139918535
          Tr@BSE@G0W0 correlation energy           =       -0.0431816875
          Tr@BSE@G0W0 total energy                 =       -1.1065977546
 -------------------------------------------------------------------------------

                                       Total CPU time for G0W0 =      0.014 seconds


 ************************************************
 |          One-shot G0T0 calculation           |
 ************************************************


 -------------------------------------------------------------
   pp-RPA (N+2) calculation: alpha-beta     manifold
 -------------------------------------------------------------
 | State |  Excitation energy (au) |  Excitation energy (eV) |
 -------------------------------------------------------------
 |     1 |                0.637107 |               17.336555 |
 |     2 |                0.655136 |               17.827157 |
 |     3 |                0.749394 |               20.392057 |
 |     4 |                0.799185 |               21.746938 |
 |     5 |                1.135016 |               30.885357 |
 |     6 |                1.191298 |               32.416882 |
 |     7 |                1.191707 |               32.427997 |
 |     8 |                1.191707 |               32.427997 |
 |     9 |                1.199264 |               32.633643 |
 |    10 |                1.199264 |               32.633643 |
 |    11 |                1.227962 |               33.414548 |
 |    12 |                1.239363 |               33.724783 |
 |    13 |                1.285996 |               34.993729 |
 |    14 |                1.285996 |               34.993729 |
 |    15 |                1.299189 |               35.352732 |
 |    16 |                1.299189 |               35.352732 |
 |    17 |                1.599033 |               43.511898 |
 |    18 |                1.599033 |               43.511898 |
 |    19 |                1.599766 |               43.531853 |
 |    20 |                1.641076 |               44.655963 |
 -------------------------------------------------------------


 -------------------------------------------------------------
   pp-RPA (N-2) calculation: alpha-beta     manifold
 -------------------------------------------------------------
 | State |  Excitation energy (au) |  Excitation energy (eV) |
 -------------------------------------------------------------
 |     1 |               -2.100303 |              -57.152156 |
 -------------------------------------------------------------


 -------------------------------------------------------------
   pp-RPA (N+2) calculation: alpha-alpha    manifold
 -------------------------------------------------------------
 | State |  Excitation energy (au) |  Excitation energy (eV) |
 -------------------------------------------------------------
 |     1 |                0.655136 |               17.827157 |
 |     2 |                1.135016 |               30.885357 |
 |     3 |                1.191707 |               32.427997 |
 |     4 |                1.191707 |               32.427997 |
 |     5 |                1.227962 |               33.414548 |
 |     6 |                1.285996 |               34.993729 |
 |     7 |                1.285996 |               34.993729 |
 |     8 |                1.599033 |               43.511898 |
 |     9 |                1.599033 |               43.511898 |
 |    10 |                1.599766 |               43.531853 |
 |    11 |                1.680316 |               45.723739 |
 |    12 |                1.686874 |               45.902186 |
 |    13 |                1.686874 |               45.902186 |
 |    14 |                1.799352 |               48.962870 |
 |    15 |                1.799352 |               48.962870 |
 |    16 |                1.885107 |               51.296375 |
 |    17 |                1.981485 |               53.918945 |
 |    18 |                2.036821 |               55.424725 |
 |    19 |                2.088256 |               56.824351 |
 |    20 |                2.119555 |               57.676023 |
 -------------------------------------------------------------


 -------------------------------------------------------------
   pp-RPA (N-2) calculation: alpha-alpha    manifold
 -------------------------------------------------------------
 | State |  Excitation energy (au) |  Excitation energy (eV) |
 -------------------------------------------------------------
 -------------------------------------------------------------

 -------------------------------------------------------------------------------
   One-shot G0T0 calculation (T-matrix self-energy)  
 -------------------------------------------------------------------------------
 |   # |       e_HF (eV) |    Sigma_T (eV) |               Z |       e_QP (eV) |
 -------------------------------------------------------------------------------
 |   1 |      -18.546117 |       -0.004756 |        0.987594 |      -18.550814 |
 |   2 |        5.192329 |       -0.181520 |        0.996510 |        5.011443 |
 |   3 |        7.101705 |       -0.129238 |        0.997400 |        6.972803 |
 |   4 |       18.799395 |       -0.537428 |        0.990038 |       18.267321 |
 |   5 |       19.706635 |       -0.622552 |        0.989124 |       19.090854 |
 |   6 |       19.706635 |       -0.622552 |        0.989124 |       19.090854 |
 |   7 |       30.967162 |       -0.634084 |        0.969868 |       30.352183 |
 |   8 |       30.967550 |       -0.445612 |        0.990261 |       30.526277 |
 |   9 |       30.967550 |       -0.445612 |        0.990261 |       30.526277 |
 |  10 |       41.604473 |       -0.364665 |        0.771657 |       41.323077 |
 |  11 |       43.081212 |       -0.548340 |        0.968817 |       42.549970 |
 |  12 |       65.337410 |       -0.308647 |        0.660371 |       65.133589 |
 |  13 |       88.566256 |       -0.797532 |        0.909461 |       87.840931 |
 |  14 |       88.566256 |       -0.797532 |        0.909461 |       87.840931 |
 |  15 |       95.746644 |        0.860874 |        0.366468 |       96.062127 |
 |  16 |       95.746644 |        0.860874 |        0.366468 |       96.062127 |
 |  17 |       98.912213 |       -0.855930 |        0.872121 |       98.165739 |
 |  18 |       98.912213 |       -0.855930 |        0.872121 |       98.165739 |
 |  19 |       99.724150 |       -0.908016 |        0.582439 |       99.195286 |
 |  20 |      117.969549 |       -1.428286 |        0.813416 |      116.807759 |
 |  21 |      117.969549 |       -1.428286 |        0.813416 |      116.807759 |
 |  22 |      118.785232 |       -1.277114 |        0.948465 |      117.573934 |
 |  23 |      118.785232 |       -1.277114 |        0.948465 |      117.573934 |
 |  24 |      120.384186 |       -0.971156 |        0.913201 |      119.497325 |
 |  25 |      134.494444 |       -1.839440 |        0.799234 |      133.024300 |
 |  26 |      151.204069 |        5.807074 |        0.057219 |      151.536345 |
 |  27 |      187.861822 |       -1.685124 |        0.863241 |      186.407154 |
 |  28 |      187.861822 |       -1.685124 |        0.863241 |      186.407154 |
 |  29 |      205.782716 |       -1.058916 |        0.737819 |      205.001428 |
 |  30 |      377.581585 |       -0.996991 |        0.181668 |      377.400464 |
 -------------------------------------------------------------------------------
             G0T0 HOMO      energy (eV)            =     -18.550814 eV
             G0T0 LUMO      energy (eV)            =       5.011443 eV
             G0T0 HOMO-LUMO gap    (eV)            =      23.562257 eV
 -------------------------------------------------------------------------------
        Tr@ppRPA@G0T0 correlation energy (singlet) =       -0.0215695193 au
        Tr@ppRPA@G0T0 correlation energy (triplet) =        0.0000000000 au
        Tr@ppRPA@G0T0 correlation energy           =       -0.0215695193 au
        Tr@ppRPA@G0T0 total energy                 =       -1.0849855864 au
              GM@G0T0 correlation energy           =       -0.0363410596 au
              GM@G0T0 total energy                 =       -1.0997571266 au
 -------------------------------------------------------------------------------


 -------------------------------------------------------------
   BSE@GT       calculation: singlet        manifold
 -------------------------------------------------------------
 | State |  Excitation energy (au) |  Excitation energy (eV) |
 -------------------------------------------------------------
 |     1 |                0.595190 |               16.195932 |
 |     2 |                0.669116 |               18.207579 |
 |     3 |                0.999139 |               27.187958 |
 |     4 |                0.999139 |               27.187958 |
 |     5 |                1.025390 |               27.902295 |
 |     6 |                1.387237 |               37.748649 |
 |     7 |                1.387237 |               37.748649 |
 |     8 |                1.395401 |               37.970806 |
 |     9 |                1.781138 |               48.467225 |
 |    10 |                1.848965 |               50.312897 |
 |    11 |                2.602094 |               70.806589 |
 |    12 |                3.315823 |               90.228130 |
 |    13 |                3.315823 |               90.228130 |
 |    14 |                3.620703 |               98.524337 |
 |    15 |                3.620703 |               98.524337 |
 |    16 |                3.747195 |              101.966357 |
 |    17 |                3.747195 |              101.966357 |
 |    18 |                3.776411 |              102.761365 |
 |    19 |                4.384706 |              119.313930 |
 |    20 |                4.384706 |              119.313930 |
 -------------------------------------------------------------

 ---------------------------------------------------------------
                 Transition dipole moment (au)                  
 ---------------------------------------------------------------
  #           X           Y           Z   dip. str.   osc. str.
 ---------------------------------------------------------------
  1    0.000000   -0.000000    0.978791    0.958031    0.380140
  2   -0.000000   -0.000000    0.000000    0.000000    0.000000
  3    0.390746    0.969711    0.000000    1.093021    0.728054
  4    0.969711   -0.390746    0.000000    1.093021    0.728054
  5   -0.000000   -0.000000    0.647070    0.418700    0.286221
  6    0.000000    0.000000   -0.000000    0.000000    0.000000
  7   -0.000000    0.000000    0.000000    0.000000    0.000000
  8   -0.000000   -0.000000    0.000000    0.000000    0.000000
  9   -0.000000   -0.000000   -0.000000    0.000000    0.000000
 10   -0.000000    0.000000   -0.175500    0.030800    0.037966
 ---------------------------------------------------------------

 -------------------------------------------------------------
 Excitation n.   1:  16.195932 eV  f = 0.3801  <S**2> = 0.0000
 -------------------------------------------------------------
  1 ->   2 =   0.704112

 -------------------------------------------------------------
 Excitation n.   2:  18.207579 eV  f = 0.0000  <S**2> = 0.0000
 -------------------------------------------------------------
  1 ->   3 =  -0.706851

 -------------------------------------------------------------
 Excitation n.   3:  27.187958 eV  f = 0.7281  <S**2> = 0.0000
 -------------------------------------------------------------
  1 ->   5 =  -0.707077

 -------------------------------------------------------------
 Excitation n.   4:  27.187958 eV  f = 0.7281  <S**2> = 0.0000
 -------------------------------------------------------------
  1 ->   6 =   0.707077

 -------------------------------------------------------------
 Excitation n.   5:  27.902295 eV  f = 0.2862  <S**2> = 0.0000
 -------------------------------------------------------------
  1 ->   4 =   0.703772

 -------------------------------------------------------------
 Excitation n.   6:  37.748649 eV  f = 0.0000  <S**2> = 0.0000
 -------------------------------------------------------------
  1 ->   8 =  -0.694385
  1 ->   9 =  -0.132566

 -------------------------------------------------------------
 Excitation n.   7:  37.748649 eV  f = 0.0000  <S**2> = 0.0000
 -------------------------------------------------------------
  1 ->   8 =   0.132566
  1 ->   9 =  -0.694385

 -------------------------------------------------------------
 Excitation n.   8:  37.970806 eV  f = 0.0000  <S**2> = 0.0000
 -------------------------------------------------------------
  1 ->   7 =   0.705373

 -------------------------------------------------------------
 Excitation n.   9:  48.467225 eV  f = 0.0000  <S**2> = 0.0000
 -------------------------------------------------------------
  1 ->  10 =  -0.705297

 -------------------------------------------------------------
 Excitation n.  10:  50.312897 eV  f = 0.0380  <S**2> = 0.0000
 -------------------------------------------------------------
  1 ->  11 =   0.706418

Thomas-Reiche-Kuhn sum rule =   2.160434


 *** dynamical TDA activated ***

 ---------------------------------------------------------------------------------------------------
  First-order dynamical correction to static Bethe-Salpeter excitation energies                     
 ---------------------------------------------------------------------------------------------------
  BSE neutral excitation must be lower than the GT gap =  23.562257 eV
 ---------------------------------------------------------------------------------------------------
      #          Static (eV)         Dynamic (eV)      Correction (eV)         Renorm. (eV)
 ---------------------------------------------------------------------------------------------------
      1           16.195932           16.133416           -0.062516            1.001628
      2           18.207579           18.213020            0.005441            0.994467
      3           27.187958           27.159208           -0.028751            1.002310
      4           27.187958           27.159208           -0.028751            1.002310
      5           27.902295           27.903770            0.001475            0.999935
      6           37.748649           37.747674           -0.000975            0.998465
      7           37.748649           37.747674           -0.000975            0.998465
      8           37.970806           37.988504            0.017698            0.995847
      9           48.467225           48.476292            0.009066            0.990833
     10           50.312897           50.279056           -0.033841            0.994907
 ---------------------------------------------------------------------------------------------------


 -------------------------------------------------------------
   BSE@GT       calculation: triplet        manifold
 -------------------------------------------------------------
 | State |  Excitation energy (au) |  Excitation energy (eV) |
 -------------------------------------------------------------
 |     1 |                0.515714 |               14.033302 |
 |     2 |                0.590161 |               16.059091 |
 |     3 |                0.832994 |               22.666914 |
 |     4 |                0.832994 |               22.666914 |
 |     5 |                0.901276 |               24.524969 |
 |     6 |                1.332515 |               36.259576 |
 |     7 |                1.351216 |               36.768469 |
 |     8 |                1.351216 |               36.768469 |
 |     9 |                1.678137 |               45.664440 |
 |    10 |                1.786387 |               48.610060 |
 |    11 |                2.507824 |               68.241369 |
 |    12 |                3.225871 |               87.780420 |
 |    13 |                3.225871 |               87.780420 |
 |    14 |                3.446601 |               93.786797 |
 |    15 |                3.446601 |               93.786797 |
 |    16 |                3.679783 |              100.131992 |
 |    17 |                3.688069 |              100.357466 |
 |    18 |                3.688069 |              100.357466 |
 |    19 |                4.337373 |              118.025925 |
 |    20 |                4.337373 |              118.025925 |
 -------------------------------------------------------------

 -------------------------------------------------------------
 Excitation n.   1:  14.033302 eV  f = 0.0000  <S**2> = 2.0000
 -------------------------------------------------------------
  1 ->   2 =  -0.670644
  1 ->   4 =  -0.221425

 -------------------------------------------------------------
 Excitation n.   2:  16.059091 eV  f = 0.0000  <S**2> = 2.0000
 -------------------------------------------------------------
  1 ->   3 =  -0.701593

 -------------------------------------------------------------
 Excitation n.   3:  22.666914 eV  f = 0.0000  <S**2> = 2.0000
 -------------------------------------------------------------
  1 ->   5 =   0.668952
  1 ->   6 =   0.227482

 -------------------------------------------------------------
 Excitation n.   4:  22.666914 eV  f = 0.0000  <S**2> = 2.0000
 -------------------------------------------------------------
  1 ->   5 =   0.227482
  1 ->   6 =  -0.668952

 -------------------------------------------------------------
 Excitation n.   5:  24.524969 eV  f = 0.0000  <S**2> = 2.0000
 -------------------------------------------------------------
  1 ->   2 =   0.224342
  1 ->   4 =  -0.664022
  1 ->  11 =   0.078756

 -------------------------------------------------------------
 Excitation n.   6:  36.259576 eV  f = 0.0000  <S**2> = 2.0000
 -------------------------------------------------------------
  1 ->   7 =  -0.703138

 -------------------------------------------------------------
 Excitation n.   7:  36.768469 eV  f = 0.0000  <S**2> = 2.0000
 -------------------------------------------------------------
  1 ->   8 =  -0.704367

 -------------------------------------------------------------
 Excitation n.   8:  36.768469 eV  f = 0.0000  <S**2> = 2.0000
 -------------------------------------------------------------
  1 ->   9 =  -0.704367

 -------------------------------------------------------------
 Excitation n.   9:  45.664440 eV  f = 0.0000  <S**2> = 2.0000
 -------------------------------------------------------------
  1 ->  10 =   0.702842

 -------------------------------------------------------------
 Excitation n.  10:  48.610060 eV  f = 0.0000  <S**2> = 2.0000
 -------------------------------------------------------------
  1 ->   4 =   0.090705
  1 ->  11 =   0.697179
  1 ->  12 =   0.072072

Thomas-Reiche-Kuhn sum rule =   0.000000


 *** dynamical TDA activated ***

 ---------------------------------------------------------------------------------------------------
  First-order dynamical correction to static Bethe-Salpeter excitation energies                     
 ---------------------------------------------------------------------------------------------------
  BSE neutral excitation must be lower than the GT gap =  23.562257 eV
 ---------------------------------------------------------------------------------------------------
      #          Static (eV)         Dynamic (eV)      Correction (eV)         Renorm. (eV)
 ---------------------------------------------------------------------------------------------------
      1           14.033302           13.958978           -0.074323            1.002169
      2           16.059091           15.988203           -0.070888            1.006595
      3           22.666914           22.601413           -0.065501            1.003624
      4           22.666914           22.601413           -0.065501            1.003624
      5           24.524969           24.473699           -0.051270            1.003210
      6           36.259576           36.223402           -0.036174            1.006359
      7           36.768469           36.767049           -0.001420            1.004234
      8           36.768469           36.767049           -0.001420            1.004234
      9           45.664440           45.664540            0.000100            1.009991
     10           48.610060           48.670104            0.060044            1.007701
 ---------------------------------------------------------------------------------------------------


 -------------------------------------------------------------------------------
          Tr@BSE@G0T0 correlation energy (singlet) =       -0.0040614101 au
          Tr@BSE@G0T0 correlation energy (triplet) =       -0.0049039864 au
          Tr@BSE@G0T0 correlation energy           =       -0.0089653965 au
          Tr@BSE@G0T0 total energy                 =       -1.0723814636 au
 -------------------------------------------------------------------------------

                                       Total CPU time for G0T0 =     11.334 seconds

                                      Total CPU time for QuAcK =     25.180 seconds

