21 significant shell pairs computed in 0.000043 seconds
0
Computed Electron repulsion integrals Integrals in parallel in 0.070402 seconds

 ******************************************************************************************
 *            QuAcK                       QuAcK                         QuAcK             *
 *   __        __        __       __        __        __       __        __        __     *
 * <(o )___  <(o )___  <(o )___ <(o )___  <(o )___  <(o )___ <(o )___  <(o )___  <(o )___ *
 * ( ._> /   ( ._> /   ( ._> /  ( ._> /   ( ._> /   ( ._> /  ( ._> /   ( ._> /   ( ._> /  *
 *|--------------------------------------------------------------------------------------|*
 ******************************************************************************************

      ----------------------
             Number of atoms                1
      ----------------------

      ----------------------
Number of spin-up   electron                2
Number of spin-down electron                2
    Total number of electron                4
      ----------------------

      ----------------------
Number of core      electron                0
Number of Rydberg   electron                0
      ----------------------

          ------------------
          Molecular geometry
          ------------------
                    Atom n.                 1
                        Z =      4.0000000000
           Atom coordinates:     0.0000000000    0.0000000000    0.0000000000

          ------------------
 Nuclear repulsion energy =      0.0000000000
          ------------------

          Gaussian basis set
          ------------------
                    Atom n.                 1
           number of shells                 6
          ------------------
      s-type shell with K =                 9
                                    Exponents     Contraction
                              2940.0000000000    0.0006800000
                               441.2000000000    0.0052360000
                               100.5000000000    0.0266060000
                                28.4300000000    0.0999930000
                                 9.1690000000    0.2697020000
                                 3.1960000000    0.4514690000
                                 1.1590000000    0.2950740000
                                 0.1811000000    0.0125870000
                                 0.0589000000   -0.0037560000
      s-type shell with K =                 9
                                    Exponents     Contraction
                              2940.0000000000   -0.0001230000
                               441.2000000000   -0.0009660000
                               100.5000000000   -0.0048310000
                                28.4300000000   -0.0193140000
                                 9.1690000000   -0.0532800000
                                 3.1960000000   -0.1207230000
                                 1.1590000000   -0.1334350000
                                 0.1811000000    0.5307670000
                                 0.0589000000    0.5801170000
      s-type shell with K =                 1
                                    Exponents     Contraction
                                 0.0589000000    1.0000000000
      p-type shell with K =                 4
                                    Exponents     Contraction
                                 3.6190000000    0.0291110000
                                 0.7110000000    0.1693650000
                                 0.1951000000    0.5134580000
                                 0.0601800000    0.4793380000
      p-type shell with K =                 1
                                    Exponents     Contraction
                                 0.0601800000    1.0000000000
      d-type shell with K =                 1
                                    Exponents     Contraction
                                 0.2354000000    1.0000000000
          ------------------
            Number of shells                6
          ------------------

          ------------------
   Number of basis functions               15
          ------------------

 Scaling integrals by    1.0000000000000000     

                          Total CPU time for reading integrals =      0.002 seconds


 ************************************************
 |    Restricted Hartree-Fock calculation       |
 ************************************************


 ----------------------------------------------------
 | RHF calculation                                  |
 ----------------------------------------------------
 |   # |        HF energy |       Conv |     HL Gap |
 ----------------------------------------------------
 |   1 |   -14.6459208238 |   0.039270 |   0.363161 |
 |   2 |   -14.5878322776 |   0.006277 |   0.366894 |
 |   3 |   -14.5753850560 |   0.001015 |   0.367211 |
 |   4 |   -14.5729688748 |   0.000216 |   0.367267 |
 |   5 |   -14.5724894470 |   0.000048 |   0.367280 |
 |   6 |   -14.5723906160 |   0.000011 |   0.367283 |
 |   7 |   -14.5723694459 |   0.000003 |   0.367284 |
 |   8 |   -14.5723647509 |   0.000001 |   0.367284 |
 |   9 |   -14.5723636786 |   0.000000 |   0.367284 |
 |  10 |   -14.5723634278 |   0.000000 |   0.367284 |
 ----------------------------------------------------

         -----------------------------------------
           Summary              
         -----------------------------------------
           One-electron energy:    -19.0610110088 au
           Kinetic      energy:     14.5596302821 au
           Potential    energy:    -33.6206412909 au
         -----------------------------------------
           Two-electron energy:      4.4886475810 au
           Hartree      energy:      7.1542498773 au
           Exchange     energy:     -2.6656022963 au
         -----------------------------------------
           Electronic   energy:    -14.5723634278 au
           Nuclear   repulsion:      0.0000000000 au
           RHF          energy:    -14.5723634278 au
         -----------------------------------------
           HF HOMO      energy:         -8.410031 eV
           HF LUMO      energy:          1.584285 eV
           HF HOMO-LUMO gap   :          9.994316 eV
         -----------------------------------------
          Dipole moment (Debye)    
                   X         Y         Z      Tot.
           -0.000000 -0.000000 -0.000000  0.000000
         -----------------------------------------

           ---------------------------------------
                 MO coefficients
           ---------------------------------------
                 1              2              3              4              5
      1    -1.00057605     0.00024672     0.00000000     0.00000000     0.00000000
      2    -0.00566093     1.00335945     0.00000000     0.00000000     0.00000000
      3     0.00125682     0.00010624     0.00000000     0.00000000     0.00000000
      4     0.00000000     0.00000000     0.07906694     0.33794616     0.31516386
      5     0.00000000     0.00000000     0.44176732    -0.14908124     0.04902924
      6     0.00000000     0.00000000     0.13556365     0.28871200    -0.34359180
      7     0.00000000     0.00000000     0.09590051     0.40989583     0.38226310
      8     0.00000000     0.00000000     0.53582079    -0.18082105     0.05946770
      9     0.00000000     0.00000000     0.16442552     0.35017958    -0.41674343
     10     0.00210751    -0.00163661     0.00000000     0.00000000     0.00000000
     11     0.00000000     0.00000000     0.00000000     0.00000000     0.00000000
     12     0.00000000     0.00000000     0.00000000     0.00000000     0.00000000
     13     0.00210751    -0.00163661     0.00000000     0.00000000     0.00000000
     14     0.00000000     0.00000000     0.00000000     0.00000000     0.00000000
     15     0.00210751    -0.00163661     0.00000000     0.00000000     0.00000000
                 6              7              8              9             10
      1    -0.55146587     0.00000000     0.00000000     0.00000000     0.00000000
      2    -2.77139995     0.00000000     0.00000000     0.00000000     0.00000000
      3     3.44284882     0.00000000     0.00000000     0.00000000     0.00000000
      4     0.00000000    -0.41880601     0.00197314    -1.83537276     0.00000000
      5     0.00000000    -0.15527291    -1.87583830     0.03341443     0.00000000
      6     0.00000000    -1.82879397     0.15881532     0.41747556     0.00000000
      7     0.00000000     0.41264218    -0.00194410     1.80836043     0.00000000
      8     0.00000000     0.15298766     1.84823041    -0.03292265     0.00000000
      9     0.00000000     1.80187846    -0.15647794    -0.41133131     0.00000000
     10    -0.22953523     0.00000000     0.00000000     0.00000000     0.01155627
     11     0.00000000     0.00000000     0.00000000     0.00000000    -0.35723365
     12     0.00000000     0.00000000     0.00000000     0.00000000    -0.01229214
     13    -0.22953523     0.00000000     0.00000000     0.00000000    -0.01462896
     14     0.00000000     0.00000000     0.00000000     0.00000000     0.93380674
     15    -0.22953523     0.00000000     0.00000000     0.00000000     0.00307270
                11             12             13             14             15
      1     0.00000000     0.00000000     0.00000000     0.00000000    -0.49395488
      2     0.00000000     0.00000000     0.00000000     0.00000000    -4.41243675
      3     0.00000000     0.00000000     0.00000000     0.00000000     1.44686908
      4     0.00000000     0.00000000     0.00000000     0.00000000     0.00000000
      5     0.00000000     0.00000000     0.00000000     0.00000000     0.00000000
      6     0.00000000     0.00000000     0.00000000     0.00000000     0.00000000
      7     0.00000000     0.00000000     0.00000000     0.00000000     0.00000000
      8     0.00000000     0.00000000     0.00000000     0.00000000     0.00000000
      9     0.00000000     0.00000000     0.00000000     0.00000000     0.00000000
     10    -0.00268317    -0.00032026     0.41237774    -0.91093565     1.43991030
     11     0.45462261    -0.81587886    -0.00179018    -0.00639458     0.00000000
     12     0.87115604     0.49083729    -0.00146468    -0.00355755     0.00000000
     13     0.00364618     0.00079022     0.58276071     0.81250355     1.43991030
     14     0.18544851    -0.30564655     0.00416298     0.01329220     0.00000000
     15    -0.00096301    -0.00046997    -0.99513845     0.09843209     1.43991030

           ---------------------------------------
                     MO energies
           ---------------------------------------
                 1
      1    -4.73279497
      2    -0.30906295
      3     0.05822140
      4     0.05822140
      5     0.05822140
      6     0.27655748
      7     0.35013390
      8     0.35013390
      9     0.35013390
     10     0.64424146
     11     0.64424146
     12     0.64424146
     13     0.64424146
     14     0.64424146
     15     1.17281184

                                        Total CPU time for RHF =      0.012 seconds


 AO to MO transformation... Please be patient

                    Total CPU time for AO to MO transformation =      0.058 seconds


 ************************************************
 |      Configuration Interaction Singles       |
 ************************************************


 -------------------------------------------------------------
   CIS          calculation: singlet        manifold
 -------------------------------------------------------------
 | State |  Excitation energy (au) |  Excitation energy (eV) |
 -------------------------------------------------------------
 |     1 |                0.194572 |                5.294575 |
 |     2 |                0.194572 |                5.294575 |
 |     3 |                0.194572 |                5.294575 |
 |     4 |                0.403565 |               10.981554 |
 |     5 |                0.403768 |               10.987075 |
 |     6 |                0.403768 |               10.987075 |
 |     7 |                0.403768 |               10.987075 |
 |     8 |                0.682275 |               18.565646 |
 |     9 |                0.682275 |               18.565646 |
 |    10 |                0.682275 |               18.565646 |
 |    11 |                0.682275 |               18.565646 |
 |    12 |                0.682275 |               18.565646 |
 |    13 |                1.194615 |               32.507142 |
 |    14 |                4.358321 |              118.595963 |
 |    15 |                4.358321 |              118.595963 |
 |    16 |                4.358321 |              118.595963 |
 |    17 |                4.687957 |              127.565814 |
 |    18 |                4.702864 |              127.971436 |
 |    19 |                4.702864 |              127.971436 |
 |    20 |                4.702864 |              127.971436 |
 -------------------------------------------------------------

 ---------------------------------------------------------------
                 Transition dipole moment (au)                  
 ---------------------------------------------------------------
  #           X           Y           Z   dip. str.   osc. str.
 ---------------------------------------------------------------
  1    0.274537    1.786775    1.467674    5.422003    0.703314
  2   -0.887483    1.446209   -1.594634    5.422003    0.703314
  3    2.135183    0.371373   -0.851515    5.422003    0.703314
  4   -0.000000   -0.000000    0.000000    0.000000    0.000000
  5   -0.018617    0.265671   -0.113384    0.083784    0.022553
  6    0.058966    0.114723    0.259124    0.083784    0.022553
  7   -0.282772    0.006431    0.061500    0.083784    0.022553
  8    0.000000   -0.000000    0.000000    0.000000    0.000000
  9   -0.000000    0.000000   -0.000000    0.000000    0.000000
 10   -0.000000    0.000000    0.000000    0.000000    0.000000
 ---------------------------------------------------------------

 -------------------------------------------------------------
 Excitation n.   1:   5.294575 eV  f = 0.7033  <S**2> = 0.0000
 -------------------------------------------------------------
  2 ->   3 =   0.651258
  2 ->   4 =   0.161291
  2 ->   5 =  -0.212884

 -------------------------------------------------------------
 Excitation n.   2:   5.294575 eV  f = 0.7033  <S**2> = 0.0000
 -------------------------------------------------------------
  2 ->   3 =   0.227321
  2 ->   4 =  -0.629273
  2 ->   5 =   0.218658

 -------------------------------------------------------------
 Excitation n.   3:   5.294575 eV  f = 0.7033  <S**2> = 0.0000
 -------------------------------------------------------------
  2 ->   3 =   0.140211
  2 ->   4 =   0.271056
  2 ->   5 =   0.634303

 -------------------------------------------------------------
 Excitation n.   4:  10.981554 eV  f = 0.0000  <S**2> = 0.0000
 -------------------------------------------------------------
  2 ->   6 =  -0.707049

 -------------------------------------------------------------
 Excitation n.   5:  10.987075 eV  f = 0.0226  <S**2> = 0.0000
 -------------------------------------------------------------
  2 ->   7 =  -0.224636
  2 ->   8 =   0.667054

 -------------------------------------------------------------
 Excitation n.   6:  10.987075 eV  f = 0.0226  <S**2> = 0.0000
 -------------------------------------------------------------
  2 ->   7 =   0.667046
  2 ->   8 =   0.224674

 -------------------------------------------------------------
 Excitation n.   7:  10.987075 eV  f = 0.0226  <S**2> = 0.0000
 -------------------------------------------------------------
  2 ->   9 =  -0.703846

 -------------------------------------------------------------
 Excitation n.   8:  18.565646 eV  f = 0.0000  <S**2> = 0.0000
 -------------------------------------------------------------
  2 ->  10 =   0.329891
  2 ->  11 =   0.165745
  2 ->  12 =   0.603051

 -------------------------------------------------------------
 Excitation n.   9:  18.565646 eV  f = 0.0000  <S**2> = 0.0000
 -------------------------------------------------------------
  2 ->  10 =  -0.618457
  2 ->  11 =   0.188008
  2 ->  12 =   0.286606

 -------------------------------------------------------------
 Excitation n.  10:  18.565646 eV  f = 0.0000  <S**2> = 0.0000
 -------------------------------------------------------------
  2 ->  10 =   0.093170
  2 ->  11 =   0.661179
  2 ->  12 =  -0.232711

Thomas-Reiche-Kuhn sum rule =   2.177599

 ---------------------------------------------------------------------------------------------------
  CIS(D) correction 
 ---------------------------------------------------------------------------------------------------
      #             CIS (eV)          CIS(D) (eV)      Correction (eV)
 ---------------------------------------------------------------------------------------------------
      1            5.294575            5.451595            0.157020
      2            5.294575            5.451595            0.157020
      3            5.294575            5.451595            0.157020
      4           10.981554           11.000216            0.018662
      5           10.987075           11.047598            0.060523
      6           10.987075           11.047598            0.060523
      7           10.987075           11.047598            0.060523
      8           18.565646           15.177382           -3.388264
      9           18.565646           15.177382           -3.388264
     10           18.565646           15.177382           -3.388264
 ---------------------------------------------------------------------------------------------------


 -------------------------------------------------------------
   CIS          calculation: triplet        manifold
 -------------------------------------------------------------
 | State |  Excitation energy (au) |  Excitation energy (eV) |
 -------------------------------------------------------------
 |     1 |                0.062882 |                1.711114 |
 |     2 |                0.062882 |                1.711114 |
 |     3 |                0.062882 |                1.711114 |
 |     4 |                0.324664 |                8.834554 |
 |     5 |                0.356053 |                9.688697 |
 |     6 |                0.356053 |                9.688697 |
 |     7 |                0.356053 |                9.688697 |
 |     8 |                0.612422 |               16.664859 |
 |     9 |                0.612422 |               16.664859 |
 |    10 |                0.612422 |               16.664859 |
 |    11 |                0.612422 |               16.664859 |
 |    12 |                0.612422 |               16.664859 |
 |    13 |                1.126113 |               30.643084 |
 |    14 |                4.326249 |              117.723219 |
 |    15 |                4.326249 |              117.723219 |
 |    16 |                4.326249 |              117.723219 |
 |    17 |                4.647062 |              126.453003 |
 |    18 |                4.688127 |              127.570422 |
 |    19 |                4.688127 |              127.570422 |
 |    20 |                4.688127 |              127.570422 |
 -------------------------------------------------------------

 -------------------------------------------------------------
 Excitation n.   1:   1.711114 eV  f = 0.0000  <S**2> = 2.0000
 -------------------------------------------------------------
  2 ->   3 =   0.652975
  2 ->   4 =  -0.166848
  2 ->   8 =  -0.202411

 -------------------------------------------------------------
 Excitation n.   2:   1.711114 eV  f = 0.0000  <S**2> = 2.0000
 -------------------------------------------------------------
  2 ->   3 =   0.171427
  2 ->   4 =   0.614936
  2 ->   5 =   0.220179
  2 ->   7 =  -0.123099
  2 ->   9 =  -0.169475

 -------------------------------------------------------------
 Excitation n.   3:   1.711114 eV  f = 0.0000  <S**2> = 2.0000
 -------------------------------------------------------------
  2 ->   4 =   0.223668
  2 ->   5 =  -0.636974
  2 ->   7 =  -0.162376
  2 ->   9 =   0.121311

 -------------------------------------------------------------
 Excitation n.   4:   8.834554 eV  f = 0.0000  <S**2> = 2.0000
 -------------------------------------------------------------
  2 ->   6 =   0.705320

 -------------------------------------------------------------
 Excitation n.   5:   9.688697 eV  f = 0.0000  <S**2> = 2.0000
 -------------------------------------------------------------
  2 ->   3 =   0.085194
  2 ->   5 =  -0.188975
  2 ->   7 =   0.370380
  2 ->   8 =   0.188186
  2 ->   9 =  -0.532368

 -------------------------------------------------------------
 Excitation n.   6:   9.688697 eV  f = 0.0000  <S**2> = 2.0000
 -------------------------------------------------------------
  2 ->   4 =  -0.201345
  2 ->   7 =  -0.562858
  2 ->   8 =   0.072361
  2 ->   9 =  -0.366014

 -------------------------------------------------------------
 Excitation n.   7:   9.688697 eV  f = 0.0000  <S**2> = 2.0000
 -------------------------------------------------------------
  2 ->   3 =   0.182598
  2 ->   5 =   0.090642
  2 ->   8 =   0.644485
  2 ->   9 =   0.196543

 -------------------------------------------------------------
 Excitation n.   8:  16.664859 eV  f = 0.0000  <S**2> = 2.0000
 -------------------------------------------------------------
  2 ->  10 =  -0.703415

 -------------------------------------------------------------
 Excitation n.   9:  16.664859 eV  f = 0.0000  <S**2> = 2.0000
 -------------------------------------------------------------
  2 ->  11 =  -0.693035
  2 ->  12 =  -0.125972

 -------------------------------------------------------------
 Excitation n.  10:  16.664859 eV  f = 0.0000  <S**2> = 2.0000
 -------------------------------------------------------------
  2 ->  11 =  -0.123091
  2 ->  12 =   0.695328

Thomas-Reiche-Kuhn sum rule =   0.000000

 ---------------------------------------------------------------------------------------------------
  CIS(D) correction 
 ---------------------------------------------------------------------------------------------------
      #             CIS (eV)          CIS(D) (eV)      Correction (eV)
 ---------------------------------------------------------------------------------------------------
      1            1.711114            2.323434            0.612321
      2            1.711114            2.323434            0.612321
      3            1.711114            2.323434            0.612321
      4            8.834554            9.409812            0.575258
      5            9.688697           10.350822            0.662125
      6            9.688697           10.350822            0.662125
      7            9.688697           10.350822            0.662125
      8           16.664859           17.368136            0.703277
      9           16.664859           17.368136            0.703277
     10           16.664859           17.368136            0.703277
 ---------------------------------------------------------------------------------------------------

                                        Total CPU time for CIS =      0.093 seconds


 ***********************************************************
 |  Random phase approximation calculation with exchange   |
 ***********************************************************


 -------------------------------------------------------------
   RPAx@HF      calculation: singlet        manifold
 -------------------------------------------------------------
 | State |  Excitation energy (au) |  Excitation energy (eV) |
 -------------------------------------------------------------
 |     1 |                0.183474 |                4.992589 |
 |     2 |                0.183474 |                4.992589 |
 |     3 |                0.183474 |                4.992589 |
 |     4 |                0.401261 |               10.918859 |
 |     5 |                0.401261 |               10.918859 |
 |     6 |                0.401261 |               10.918859 |
 |     7 |                0.401418 |               10.923153 |
 |     8 |                0.681380 |               18.541287 |
 |     9 |                0.681380 |               18.541287 |
 |    10 |                0.681380 |               18.541287 |
 |    11 |                0.681380 |               18.541287 |
 |    12 |                0.681380 |               18.541287 |
 |    13 |                1.193702 |               32.482280 |
 |    14 |                4.358212 |              118.593001 |
 |    15 |                4.358212 |              118.593001 |
 |    16 |                4.358212 |              118.593001 |
 |    17 |                4.687793 |              127.561347 |
 |    18 |                4.702777 |              127.969087 |
 |    19 |                4.702777 |              127.969087 |
 |    20 |                4.702777 |              127.969087 |
 -------------------------------------------------------------

 ---------------------------------------------------------------
                 Transition dipole moment (au)                  
 ---------------------------------------------------------------
  #           X           Y           Z   dip. str.   osc. str.
 ---------------------------------------------------------------
  1    1.644010   -0.606719    0.942727    3.959613    0.484325
  2    0.622289    1.885705    0.128398    3.959613    0.484325
  3    0.932523   -0.188736   -1.747682    3.959613    0.484325
  4    0.010128   -0.415873   -0.124174    0.188472    0.050418
  5   -0.129135    0.115695   -0.398009    0.188472    0.050418
  6    0.414359    0.046222   -0.121004    0.188472    0.050418
  7    0.000000    0.000000   -0.000000    0.000000    0.000000
  8   -0.000000   -0.000000    0.000000    0.000000    0.000000
  9   -0.000000    0.000000    0.000000    0.000000    0.000000
 10   -0.000000    0.000000    0.000000    0.000000    0.000000
 ---------------------------------------------------------------

 -------------------------------------------------------------
 Excitation n.   1:   4.992589 eV  f = 0.4843  <S**2> = 0.0000
 -------------------------------------------------------------
  2 ->   4 =   0.700596
  2 ->   5 =   0.125492
  2 <-   4 =  -0.108754

 -------------------------------------------------------------
 Excitation n.   2:   4.992589 eV  f = 0.4843  <S**2> = 0.0000
 -------------------------------------------------------------
  2 ->   3 =   0.686432
  2 ->   5 =   0.186523
  2 ->   8 =  -0.082860
  2 <-   3 =  -0.106556

 -------------------------------------------------------------
 Excitation n.   3:   4.992589 eV  f = 0.4843  <S**2> = 0.0000
 -------------------------------------------------------------
  2 ->   3 =  -0.188131
  2 ->   4 =  -0.123069
  2 ->   5 =   0.675355
  2 <-   5 =  -0.104836

 -------------------------------------------------------------
 Excitation n.   4:  10.918859 eV  f = 0.0504  <S**2> = 0.0000
 -------------------------------------------------------------
  2 ->   3 =  -0.079125
  2 ->   7 =  -0.247492
  2 ->   8 =  -0.654772
  2 ->   9 =   0.072611

 -------------------------------------------------------------
 Excitation n.   5:  10.918859 eV  f = 0.0504  <S**2> = 0.0000
 -------------------------------------------------------------
  2 ->   7 =  -0.657859
  2 ->   8 =   0.241524

 -------------------------------------------------------------
 Excitation n.   6:  10.918859 eV  f = 0.0504  <S**2> = 0.0000
 -------------------------------------------------------------
  2 ->   8 =   0.090503
  2 ->   9 =   0.697022

 -------------------------------------------------------------
 Excitation n.   7:  10.923153 eV  f = 0.0000  <S**2> = 0.0000
 -------------------------------------------------------------
  2 ->   6 =  -0.707899

 -------------------------------------------------------------
 Excitation n.   8:  18.541287 eV  f = 0.0000  <S**2> = 0.0000
 -------------------------------------------------------------
  2 ->  10 =  -0.095565
  2 ->  11 =   0.612097
  2 ->  12 =   0.341141

 -------------------------------------------------------------
 Excitation n.   9:  18.541287 eV  f = 0.0000  <S**2> = 0.0000
 -------------------------------------------------------------
  2 ->  10 =   0.692983
  2 ->  11 =   0.133999

 -------------------------------------------------------------
 Excitation n.  10:  18.541287 eV  f = 0.0000  <S**2> = 0.0000
 -------------------------------------------------------------
  2 ->  10 =  -0.104729
  2 ->  11 =   0.328063
  2 ->  12 =  -0.617834

Thomas-Reiche-Kuhn sum rule =   1.604227

 You may have instabilities in linear response: negative excitations!!

 -------------------------------------------------------------
   RPAx@HF      calculation: triplet        manifold
 -------------------------------------------------------------
 | State |  Excitation energy (au) |  Excitation energy (eV) |
 -------------------------------------------------------------
 |     1 |                     NaN |                     NaN |
 |     2 |                     NaN |                     NaN |
 |     3 |                     NaN |                     NaN |
 |     4 |                0.321704 |                8.754023 |
 |     5 |                0.354455 |                9.645204 |
 |     6 |                0.354455 |                9.645204 |
 |     7 |                0.354455 |                9.645204 |
 |     8 |                0.611425 |               16.637714 |
 |     9 |                0.611425 |               16.637714 |
 |    10 |                0.611425 |               16.637714 |
 |    11 |                0.611425 |               16.637714 |
 |    12 |                0.611425 |               16.637714 |
 |    13 |                1.125221 |               30.618826 |
 |    14 |                4.326111 |              117.719465 |
 |    15 |                4.326111 |              117.719465 |
 |    16 |                4.326111 |              117.719465 |
 |    17 |                4.646829 |              126.446671 |
 |    18 |                4.688105 |              127.569839 |
 |    19 |                4.688105 |              127.569839 |
 |    20 |                4.688105 |              127.569839 |
 -------------------------------------------------------------

 -------------------------------------------------------------
 Excitation n.   1:        NaN eV  f = 0.0000  <S**2> = 2.0000
 -------------------------------------------------------------

 -------------------------------------------------------------
 Excitation n.   2:        NaN eV  f = 0.0000  <S**2> = 2.0000
 -------------------------------------------------------------

 -------------------------------------------------------------
 Excitation n.   3:        NaN eV  f = 0.0000  <S**2> = 2.0000
 -------------------------------------------------------------

 -------------------------------------------------------------
 Excitation n.   4:   8.754023 eV  f = 0.0000  <S**2> = 2.0000
 -------------------------------------------------------------
  2 ->   6 =  -0.706698

 -------------------------------------------------------------
 Excitation n.   5:   9.645204 eV  f = 0.0000  <S**2> = 2.0000
 -------------------------------------------------------------
  2 ->   3 =  -0.187908
  2 ->   5 =  -0.105825
  2 ->   8 =  -0.626555
  2 ->   9 =  -0.243234

 -------------------------------------------------------------
 Excitation n.   6:   9.645204 eV  f = 0.0000  <S**2> = 2.0000
 -------------------------------------------------------------
  2 ->   3 =  -0.077877
  2 ->   4 =  -0.194502
  2 ->   7 =  -0.642361
  2 ->   9 =  -0.198944

 -------------------------------------------------------------
 Excitation n.   7:   9.645204 eV  f = 0.0000  <S**2> = 2.0000
 -------------------------------------------------------------
  2 ->   3 =  -0.082034
  2 ->   4 =   0.093153
  2 ->   5 =   0.180823
  2 ->   7 =  -0.197753
  2 ->   8 =  -0.244204
  2 ->   9 =   0.595558

 -------------------------------------------------------------
 Excitation n.   8:  16.637714 eV  f = 0.0000  <S**2> = 2.0000
 -------------------------------------------------------------
  2 ->  10 =   0.590527
  2 ->  11 =  -0.385432

 -------------------------------------------------------------
 Excitation n.   9:  16.637714 eV  f = 0.0000  <S**2> = 2.0000
 -------------------------------------------------------------
  2 ->  10 =  -0.379623
  2 ->  11 =  -0.548131
  2 ->  12 =   0.235402

 -------------------------------------------------------------
 Excitation n.  10:  16.637714 eV  f = 0.0000  <S**2> = 2.0000
 -------------------------------------------------------------
  2 ->  10 =   0.086867
  2 ->  11 =   0.225864
  2 ->  12 =   0.664493

Thomas-Reiche-Kuhn sum rule =   0.000000


 -------------------------------------------------------------------------------
              Tr@RPAx correlation energy (singlet) =       -0.0124330864
              Tr@RPAx correlation energy (triplet) =                 NaN
              Tr@RPAx correlation energy           =                 NaN
              Tr@RPAx total energy                 =                 NaN
 -------------------------------------------------------------------------------

                                       Total CPU time for RPAx =      0.001 seconds


 ************************************************
 |          One-shot G0W0 calculation           |
 ************************************************


 -------------------------------------------------------------
   RPA@HF       calculation: singlet        manifold
 -------------------------------------------------------------
 | State |  Excitation energy (au) |  Excitation energy (eV) |
 -------------------------------------------------------------
 |     1 |                0.449628 |               12.235007 |
 |     2 |                0.449628 |               12.235007 |
 |     3 |                0.449628 |               12.235007 |
 |     4 |                0.653413 |               17.780268 |
 |     5 |                0.735363 |               20.010236 |
 |     6 |                0.735363 |               20.010236 |
 |     7 |                0.735363 |               20.010236 |
 |     8 |                1.020769 |               27.776526 |
 |     9 |                1.020769 |               27.776526 |
 |    10 |                1.020769 |               27.776526 |
 |    11 |                1.020769 |               27.776526 |
 |    12 |                1.020769 |               27.776526 |
 |    13 |                1.553386 |               42.269777 |
 |    14 |                4.795868 |              130.502224 |
 |    15 |                4.795868 |              130.502224 |
 |    16 |                4.795868 |              130.502224 |
 |    17 |                5.022371 |              136.665677 |
 |    18 |                5.124164 |              139.435597 |
 |    19 |                5.124164 |              139.435597 |
 |    20 |                5.124164 |              139.435597 |
 -------------------------------------------------------------

  *** Quasiparticle energies obtained by linearization *** 

 -------------------------------------------------------------------------------
   One-shot G0W0 calculation
 -------------------------------------------------------------------------------
 |   # |       e_HF (eV) |      Sig_c (eV) |               Z |       e_QP (eV) |
 -------------------------------------------------------------------------------
 |   1 |     -128.785911 |        3.688177 |        0.892635 |     -125.493714 |
 |   2 |       -8.410031 |       -0.624638 |        0.949149 |       -9.002906 |
 |   3 |        1.584285 |       -0.393453 |        0.971984 |        1.201855 |
 |   4 |        1.584285 |       -0.393453 |        0.971984 |        1.201855 |
 |   5 |        1.584285 |       -0.393453 |        0.971984 |        1.201855 |
 |   6 |        7.525512 |       -0.678330 |        0.951855 |        6.879841 |
 |   7 |        9.527629 |       -1.112888 |        0.929259 |        8.493468 |
 |   8 |        9.527629 |       -1.112888 |        0.929259 |        8.493468 |
 |   9 |        9.527629 |       -1.112888 |        0.929259 |        8.493468 |
 |  10 |       17.530703 |       -0.600948 |        0.699118 |       17.110570 |
 |  11 |       17.530703 |       -0.600948 |        0.699118 |       17.110570 |
 |  12 |       17.530703 |       -0.600948 |        0.699118 |       17.110570 |
 |  13 |       17.530703 |       -0.600948 |        0.699118 |       17.110570 |
 |  14 |       17.530703 |       -0.600948 |        0.699118 |       17.110570 |
 |  15 |       31.913836 |        0.448509 |        0.684358 |       32.220776 |
 -------------------------------------------------------------------------------
          G0W0 HOMO      energy:      -9.002906 eV
          G0W0 LUMO      energy:       1.201855 eV
          G0W0 HOMO-LUMO gap   :      10.204761 eV
 -------------------------------------------------------------------------------
    RPA@G0W0 total energy      :     -14.615916 au
    RPA@G0W0 correlation energy:      -0.043553 au
    GM@G0W0  total energy      :     -14.651454 au
    GM@G0W0  correlation energy:      -0.079091 au
 -------------------------------------------------------------------------------


 -------------------------------------------------------------
   BSE@GW       calculation: singlet        manifold
 -------------------------------------------------------------
 | State |  Excitation energy (au) |  Excitation energy (eV) |
 -------------------------------------------------------------
 |     1 |                0.200729 |                5.462104 |
 |     2 |                0.200729 |                5.462104 |
 |     3 |                0.200729 |                5.462104 |
 |     4 |                0.410229 |               11.162895 |
 |     5 |                0.410229 |               11.162895 |
 |     6 |                0.410229 |               11.162895 |
 |     7 |                0.412053 |               11.212541 |
 |     8 |                0.713013 |               19.402062 |
 |     9 |                0.713013 |               19.402062 |
 |    10 |                0.713013 |               19.402062 |
 |    11 |                0.713013 |               19.402062 |
 |    12 |                0.713013 |               19.402062 |
 |    13 |                1.260814 |               34.308487 |
 |    14 |                4.300078 |              117.011087 |
 |    15 |                4.300078 |              117.011087 |
 |    16 |                4.300078 |              117.011087 |
 |    17 |                4.579367 |              124.610929 |
 |    18 |                4.579367 |              124.610929 |
 |    19 |                4.579367 |              124.610929 |
 |    20 |                4.585546 |              124.779052 |
 -------------------------------------------------------------

 ---------------------------------------------------------------
                 Transition dipole moment (au)                  
 ---------------------------------------------------------------
  #           X           Y           Z   dip. str.   osc. str.
 ---------------------------------------------------------------
  1    1.894691   -0.208256    0.345114    3.752328    0.502133
  2   -0.385441   -1.421334    1.258400    3.752328    0.502133
  3    0.117936   -1.299525   -1.431661    3.752328    0.502133
  4    0.296203   -0.097255   -0.173018    0.127130    0.034768
  5   -0.142051   -0.320953   -0.062778    0.127130    0.034768
  6   -0.138619    0.121083   -0.305375    0.127130    0.034768
  7    0.000000    0.000000   -0.000000    0.000000    0.000000
  8    0.000000    0.000000   -0.000000    0.000000    0.000000
  9    0.000000   -0.000000   -0.000000    0.000000    0.000000
 10    0.000000    0.000000    0.000000    0.000000    0.000000
 ---------------------------------------------------------------

 -------------------------------------------------------------
 Excitation n.   1:   5.462104 eV  f = 0.5021  <S**2> = 0.0000
 -------------------------------------------------------------
  2 ->   3 =   0.082989
  2 ->   4 =   0.611743
  2 ->   5 =   0.371613
  2 <-   4 =  -0.115880

 -------------------------------------------------------------
 Excitation n.   2:   5.462104 eV  f = 0.5021  <S**2> = 0.0000
 -------------------------------------------------------------
  2 ->   3 =  -0.387031
  2 ->   4 =   0.353048
  2 ->   5 =  -0.494749
  2 <-   3 =   0.073314
  2 <-   5 =   0.093719

 -------------------------------------------------------------
 Excitation n.   3:   5.462104 eV  f = 0.5021  <S**2> = 0.0000
 -------------------------------------------------------------
  2 ->   3 =  -0.602107
  2 ->   4 =  -0.142620
  2 ->   5 =   0.369242
  2 <-   3 =   0.114055

 -------------------------------------------------------------
 Excitation n.   4:  11.162895 eV  f = 0.0348  <S**2> = 0.0000
 -------------------------------------------------------------
  2 ->   7 =  -0.218994
  2 ->   8 =  -0.164187
  2 ->   9 =   0.653537

 -------------------------------------------------------------
 Excitation n.   5:  11.162895 eV  f = 0.0348  <S**2> = 0.0000
 -------------------------------------------------------------
  2 ->   7 =  -0.236594
  2 ->   8 =  -0.624699
  2 ->   9 =  -0.236222

 -------------------------------------------------------------
 Excitation n.   6:  11.162895 eV  f = 0.0348  <S**2> = 0.0000
 -------------------------------------------------------------
  2 ->   7 =  -0.630945
  2 ->   8 =   0.291239
  2 ->   9 =  -0.138256

 -------------------------------------------------------------
 Excitation n.   7:  11.212541 eV  f = 0.0000  <S**2> = 0.0000
 -------------------------------------------------------------
  2 ->   6 =  -0.708313

 -------------------------------------------------------------
 Excitation n.   8:  19.402062 eV  f = 0.0000  <S**2> = 0.0000
 -------------------------------------------------------------
  2 ->  10 =  -0.388139
  2 ->  11 =   0.578943
  2 ->  12 =   0.116804

 -------------------------------------------------------------
 Excitation n.   9:  19.402062 eV  f = 0.0000  <S**2> = 0.0000
 -------------------------------------------------------------
  2 ->  10 =  -0.207822
  2 ->  11 =  -0.264029
  2 ->  12 =   0.622256

 -------------------------------------------------------------
 Excitation n.  10:  19.402062 eV  f = 0.0000  <S**2> = 0.0000
 -------------------------------------------------------------
  2 ->  10 =   0.553640
  2 ->  11 =   0.306613
  2 ->  12 =   0.315484

Thomas-Reiche-Kuhn sum rule =   1.610704


 *** dynamical TDA activated ***

 ---------------------------------------------------------------------------------------------------
  First-order dynamical correction to static Bethe-Salpeter excitation energies                     
 ---------------------------------------------------------------------------------------------------
  BSE neutral excitation must be lower than the GW gap =  10.204761 eV
 ---------------------------------------------------------------------------------------------------
      #          Static (eV)         Dynamic (eV)      Correction (eV)         Renorm. (eV)
 ---------------------------------------------------------------------------------------------------
      1            5.462104            5.350678           -0.111426            1.016771
      2            5.462104            5.350678           -0.111426            1.016771
      3            5.462104            5.350678           -0.111426            1.016771
      4           11.162895           10.960344           -0.202551            1.022163
      5           11.162895           10.960344           -0.202551            1.022163
      6           11.162895           10.960344           -0.202551            1.022163
      7           11.212541           11.138663           -0.073878            1.012572
      8           19.402062           19.212287           -0.189775            1.020613
      9           19.402062           19.212287           -0.189775            1.020613
     10           19.402062           19.212287           -0.189775            1.020613
 ---------------------------------------------------------------------------------------------------


 -------------------------------------------------------------
   BSE@GW       calculation: triplet        manifold
 -------------------------------------------------------------
 | State |  Excitation energy (au) |  Excitation energy (eV) |
 -------------------------------------------------------------
 |     1 |                0.084385 |                2.296235 |
 |     2 |                0.084385 |                2.296235 |
 |     3 |                0.084385 |                2.296235 |
 |     4 |                0.336154 |                9.147214 |
 |     5 |                0.361056 |                9.824830 |
 |     6 |                0.361056 |                9.824830 |
 |     7 |                0.361056 |                9.824830 |
 |     8 |                0.643525 |               17.511208 |
 |     9 |                0.643525 |               17.511208 |
 |    10 |                0.643525 |               17.511208 |
 |    11 |                0.643525 |               17.511208 |
 |    12 |                0.643525 |               17.511208 |
 |    13 |                1.191570 |               32.424282 |
 |    14 |                4.271805 |              116.241723 |
 |    15 |                4.271805 |              116.241723 |
 |    16 |                4.271805 |              116.241723 |
 |    17 |                4.554055 |              123.922138 |
 |    18 |                4.561076 |              124.113201 |
 |    19 |                4.561076 |              124.113201 |
 |    20 |                4.561076 |              124.113201 |
 -------------------------------------------------------------

 -------------------------------------------------------------
 Excitation n.   1:   2.296235 eV  f = 0.0000  <S**2> = 2.0000
 -------------------------------------------------------------
  2 ->   3 =   0.589356
  2 ->   4 =  -0.335755
  2 ->   5 =   0.169804
  2 ->   8 =  -0.192943
  2 <-   3 =   0.128137
  2 <-   4 =  -0.073000

 -------------------------------------------------------------
 Excitation n.   2:   2.296235 eV  f = 0.0000  <S**2> = 2.0000
 -------------------------------------------------------------
  2 ->   3 =   0.167695
  2 ->   4 =   0.516888
  2 ->   5 =   0.440013
  2 ->   9 =  -0.186699
  2 <-   4 =   0.112381
  2 <-   5 =   0.095667

 -------------------------------------------------------------
 Excitation n.   3:   2.296235 eV  f = 0.0000  <S**2> = 2.0000
 -------------------------------------------------------------
  2 ->   3 =  -0.336814
  2 ->   4 =  -0.330153
  2 ->   5 =   0.516198
  2 ->   7 =   0.184578
  2 <-   3 =  -0.073230
  2 <-   4 =  -0.071782
  2 <-   5 =   0.112232

 -------------------------------------------------------------
 Excitation n.   4:   9.147214 eV  f = 0.0000  <S**2> = 2.0000
 -------------------------------------------------------------
  2 ->   6 =   0.706851

 -------------------------------------------------------------
 Excitation n.   5:   9.824830 eV  f = 0.0000  <S**2> = 2.0000
 -------------------------------------------------------------
  2 ->   3 =  -0.146516
  2 ->   5 =  -0.108099
  2 ->   7 =   0.102966
  2 ->   8 =  -0.607349
  2 ->   9 =  -0.294535

 -------------------------------------------------------------
 Excitation n.   6:   9.824830 eV  f = 0.0000  <S**2> = 2.0000
 -------------------------------------------------------------
  2 ->   4 =  -0.163076
  2 ->   5 =  -0.085401
  2 ->   7 =  -0.231574
  2 ->   8 =   0.248076
  2 ->   9 =  -0.592502

 -------------------------------------------------------------
 Excitation n.   7:   9.824830 eV  f = 0.0000  <S**2> = 2.0000
 -------------------------------------------------------------
  2 ->   3 =  -0.111446
  2 ->   4 =  -0.080984
  2 ->   5 =   0.124295
  2 ->   7 =  -0.634033
  2 ->   8 =  -0.189240
  2 ->   9 =   0.168573

 -------------------------------------------------------------
 Excitation n.   8:  17.511208 eV  f = 0.0000  <S**2> = 2.0000
 -------------------------------------------------------------
  2 ->  10 =  -0.663778
  2 ->  11 =  -0.195679
  2 ->  12 =   0.145948

 -------------------------------------------------------------
 Excitation n.   9:  17.511208 eV  f = 0.0000  <S**2> = 2.0000
 -------------------------------------------------------------
  2 ->  10 =  -0.230888
  2 ->  11 =   0.366757
  2 ->  12 =  -0.558830

 -------------------------------------------------------------
 Excitation n.  10:  17.511208 eV  f = 0.0000  <S**2> = 2.0000
 -------------------------------------------------------------
  2 ->  10 =  -0.079367
  2 ->  11 =   0.570937
  2 ->  12 =   0.406229

Thomas-Reiche-Kuhn sum rule =   0.000000


 *** dynamical TDA activated ***

 ---------------------------------------------------------------------------------------------------
  First-order dynamical correction to static Bethe-Salpeter excitation energies                     
 ---------------------------------------------------------------------------------------------------
  BSE neutral excitation must be lower than the GW gap =  10.204761 eV
 ---------------------------------------------------------------------------------------------------
      #          Static (eV)         Dynamic (eV)      Correction (eV)         Renorm. (eV)
 ---------------------------------------------------------------------------------------------------
      1            2.296235            2.055443           -0.240792            1.016961
      2            2.296235            2.055443           -0.240792            1.016961
      3            2.296235            2.055443           -0.240792            1.016961
      4            9.147214            9.033547           -0.113667            1.011145
      5            9.824830            9.640082           -0.184748            1.012904
      6            9.824830            9.640082           -0.184748            1.012904
      7            9.824830            9.640082           -0.184748            1.012904
      8           17.511208           17.285930           -0.225278            1.017746
      9           17.511208           17.285930           -0.225278            1.017746
     10           17.511208           17.285930           -0.225278            1.017746
 ---------------------------------------------------------------------------------------------------


 -------------------------------------------------------------------------------
          Tr@BSE@G0W0 correlation energy (singlet) =       -0.0418387370
          Tr@BSE@G0W0 correlation energy (triplet) =       -0.0185178507
          Tr@BSE@G0W0 correlation energy           =       -0.0603565877
          Tr@BSE@G0W0 total energy                 =      -14.6327200155
 -------------------------------------------------------------------------------

                                       Total CPU time for G0W0 =      0.005 seconds


 ************************************************
 |          One-shot G0T0 calculation           |
 ************************************************


 -------------------------------------------------------------
   pp-RPA (N+2) calculation: alpha-beta     manifold
 -------------------------------------------------------------
 | State |  Excitation energy (au) |  Excitation energy (eV) |
 -------------------------------------------------------------
 |     1 |                0.321552 |                8.749864 |
 |     2 |                0.321552 |                8.749864 |
 |     3 |                0.321552 |                8.749864 |
 |     4 |                0.347678 |                9.460791 |
 |     5 |                0.347678 |                9.460791 |
 |     6 |                0.347678 |                9.460791 |
 |     7 |                0.347678 |                9.460791 |
 |     8 |                0.347678 |                9.460791 |
 |     9 |                0.376927 |               10.256705 |
 |    10 |                0.529965 |               14.421085 |
 |    11 |                0.529965 |               14.421085 |
 |    12 |                0.529965 |               14.421085 |
 |    13 |                0.569533 |               15.497783 |
 |    14 |                0.569533 |               15.497783 |
 |    15 |                0.569533 |               15.497783 |
 |    16 |                0.618173 |               16.821335 |
 |    17 |                0.618173 |               16.821335 |
 |    18 |                0.618173 |               16.821335 |
 |    19 |                0.626298 |               17.042445 |
 |    20 |                0.626298 |               17.042445 |
 -------------------------------------------------------------


 -------------------------------------------------------------
   pp-RPA (N-2) calculation: alpha-beta     manifold
 -------------------------------------------------------------
 | State |  Excitation energy (au) |  Excitation energy (eV) |
 -------------------------------------------------------------
 |     1 |              -11.748047 |             -319.680655 |
 |     2 |               -5.536228 |             -150.648447 |
 |     3 |               -5.497600 |             -149.597306 |
 |     4 |               -0.947820 |              -25.791488 |
 -------------------------------------------------------------


 -------------------------------------------------------------
   pp-RPA (N+2) calculation: alpha-alpha    manifold
 -------------------------------------------------------------
 | State |  Excitation energy (au) |  Excitation energy (eV) |
 -------------------------------------------------------------
 |     1 |                0.321552 |                8.749864 |
 |     2 |                0.321552 |                8.749864 |
 |     3 |                0.321552 |                8.749864 |
 |     4 |                0.529965 |               14.421085 |
 |     5 |                0.529965 |               14.421085 |
 |     6 |                0.529965 |               14.421085 |
 |     7 |                0.626298 |               17.042445 |
 |     8 |                0.626298 |               17.042445 |
 |     9 |                0.626298 |               17.042445 |
 |    10 |                0.626298 |               17.042445 |
 |    11 |                0.626298 |               17.042445 |
 |    12 |                0.643929 |               17.522206 |
 |    13 |                0.660256 |               17.966483 |
 |    14 |                0.660256 |               17.966483 |
 |    15 |                0.660256 |               17.966483 |
 |    16 |                0.838381 |               22.813508 |
 |    17 |                0.838381 |               22.813508 |
 |    18 |                0.838381 |               22.813508 |
 |    19 |                0.921902 |               25.086224 |
 |    20 |                0.921902 |               25.086224 |
 -------------------------------------------------------------


 -------------------------------------------------------------
   pp-RPA (N-2) calculation: alpha-alpha    manifold
 -------------------------------------------------------------
 | State |  Excitation energy (au) |  Excitation energy (eV) |
 -------------------------------------------------------------
 |     1 |               -5.497600 |             -149.597306 |
 -------------------------------------------------------------

 -------------------------------------------------------------------------------
   One-shot G0T0 calculation (T-matrix self-energy)  
 -------------------------------------------------------------------------------
 |   # |       e_HF (eV) |    Sigma_T (eV) |               Z |       e_QP (eV) |
 -------------------------------------------------------------------------------
 |   1 |     -128.785911 |        2.218280 |        0.948286 |     -126.682348 |
 |   2 |       -8.410031 |       -0.167898 |        0.987361 |       -8.575807 |
 |   3 |        1.584285 |       -0.356923 |        0.986002 |        1.232359 |
 |   4 |        1.584285 |       -0.356923 |        0.986002 |        1.232359 |
 |   5 |        1.584285 |       -0.356923 |        0.986002 |        1.232359 |
 |   6 |        7.525512 |       -0.414539 |        0.977860 |        7.120152 |
 |   7 |        9.527629 |       -0.591055 |        0.974570 |        8.951604 |
 |   8 |        9.527629 |       -0.591055 |        0.974570 |        8.951604 |
 |   9 |        9.527629 |       -0.591055 |        0.974570 |        8.951604 |
 |  10 |       17.530703 |       -5.315200 |        0.065918 |       17.180336 |
 |  11 |       17.530703 |       -5.315200 |        0.065918 |       17.180336 |
 |  12 |       17.530703 |       -5.315200 |        0.065918 |       17.180336 |
 |  13 |       17.530703 |       -5.315200 |        0.065918 |       17.180336 |
 |  14 |       17.530703 |       -5.315200 |        0.065918 |       17.180336 |
 |  15 |       31.913836 |       -0.438504 |        0.922378 |       31.509369 |
 -------------------------------------------------------------------------------
             G0T0 HOMO      energy (eV)            =      -8.575807 eV
             G0T0 LUMO      energy (eV)            =       1.232359 eV
             G0T0 HOMO-LUMO gap    (eV)            =       9.808166 eV
 -------------------------------------------------------------------------------
        Tr@ppRPA@G0T0 correlation energy (singlet) =       -0.0149835436 au
        Tr@ppRPA@G0T0 correlation energy (triplet) =       -0.0000599132 au
        Tr@ppRPA@G0T0 correlation energy           =       -0.0150434568 au
        Tr@ppRPA@G0T0 total energy                 =      -14.5874068846 au
              GM@G0T0 correlation energy           =       -0.0231890740 au
              GM@G0T0 total energy                 =      -14.5955525018 au
 -------------------------------------------------------------------------------


 -------------------------------------------------------------
   BSE@GT       calculation: singlet        manifold
 -------------------------------------------------------------
 | State |  Excitation energy (au) |  Excitation energy (eV) |
 -------------------------------------------------------------
 |     1 |                0.187229 |                5.094760 |
 |     2 |                0.187229 |                5.094760 |
 |     3 |                0.187229 |                5.094760 |
 |     4 |                0.381080 |               10.369709 |
 |     5 |                0.381080 |               10.369709 |
 |     6 |                0.381080 |               10.369709 |
 |     7 |                0.386045 |               10.504832 |
 |     8 |                0.665074 |               18.097587 |
 |     9 |                0.665074 |               18.097587 |
 |    10 |                0.665074 |               18.097587 |
 |    11 |                0.665074 |               18.097587 |
 |    12 |                0.665074 |               18.097587 |
 |    13 |                1.181083 |               32.138893 |
 |    14 |                4.266345 |              116.093161 |
 |    15 |                4.266345 |              116.093161 |
 |    16 |                4.266345 |              116.093161 |
 |    17 |                4.596456 |              125.075944 |
 |    18 |                4.607371 |              125.372944 |
 |    19 |                4.607371 |              125.372944 |
 |    20 |                4.607371 |              125.372944 |
 -------------------------------------------------------------

 ---------------------------------------------------------------
                 Transition dipole moment (au)                  
 ---------------------------------------------------------------
  #           X           Y           Z   dip. str.   osc. str.
 ---------------------------------------------------------------
  1    0.568230   -1.388709    1.683128    5.084319    0.634621
  2    0.645715    1.768379    1.241051    5.084319    0.634621
  3    2.084343   -0.169244   -0.843320    5.084319    0.634621
  4    0.166504   -0.345374    0.115896    0.160439    0.040760
  5   -0.257247   -0.201695   -0.231478    0.160439    0.040760
  6    0.257952    0.021790   -0.305655    0.160439    0.040760
  7    0.000000    0.000000   -0.000000    0.000000    0.000000
  8    0.000000   -0.000000   -0.000000    0.000000    0.000000
  9   -0.000000   -0.000000    0.000000    0.000000    0.000000
 10    0.000000    0.000000   -0.000000    0.000000    0.000000
 ---------------------------------------------------------------

 -------------------------------------------------------------
 Excitation n.   1:   5.094760 eV  f = 0.6346  <S**2> = 0.0000
 -------------------------------------------------------------
  2 ->   3 =  -0.225834
  2 ->   4 =   0.587164
  2 ->   5 =  -0.310043

 -------------------------------------------------------------
 Excitation n.   2:   5.094760 eV  f = 0.6346  <S**2> = 0.0000
 -------------------------------------------------------------
  2 ->   3 =   0.663798
  2 ->   4 =   0.207591
  2 ->   5 =  -0.090368

 -------------------------------------------------------------
 Excitation n.   3:   5.094760 eV  f = 0.6346  <S**2> = 0.0000
 -------------------------------------------------------------
  2 ->   4 =   0.322542
  2 ->   5 =   0.622572
  2 ->   9 =  -0.091346

 -------------------------------------------------------------
 Excitation n.   4:  10.369709 eV  f = 0.0408  <S**2> = 0.0000
 -------------------------------------------------------------
  2 ->   7 =   0.212045
  2 ->   8 =  -0.619800
  2 ->   9 =   0.249885

 -------------------------------------------------------------
 Excitation n.   5:  10.369709 eV  f = 0.0408  <S**2> = 0.0000
 -------------------------------------------------------------
  2 ->   7 =  -0.522896
  2 ->   8 =  -0.317131
  2 ->   9 =  -0.342878

 -------------------------------------------------------------
 Excitation n.   6:  10.369709 eV  f = 0.0408  <S**2> = 0.0000
 -------------------------------------------------------------
  2 ->   5 =   0.092160
  2 ->   7 =  -0.416142
  2 ->   8 =   0.082667
  2 ->   9 =   0.558166

 -------------------------------------------------------------
 Excitation n.   7:  10.504832 eV  f = 0.0000  <S**2> = 0.0000
 -------------------------------------------------------------
  2 ->   6 =   0.707107

 -------------------------------------------------------------
 Excitation n.   8:  18.097587 eV  f = 0.0000  <S**2> = 0.0000
 -------------------------------------------------------------
  2 ->  10 =  -0.662841
  2 ->  11 =  -0.244984

 -------------------------------------------------------------
 Excitation n.   9:  18.097587 eV  f = 0.0000  <S**2> = 0.0000
 -------------------------------------------------------------
  2 ->  10 =  -0.244436
  2 ->  11 =   0.645313
  2 ->  12 =  -0.154337

 -------------------------------------------------------------
 Excitation n.  10:  18.097587 eV  f = 0.0000  <S**2> = 0.0000
 -------------------------------------------------------------
  2 ->  11 =   0.153533
  2 ->  12 =   0.689551

Thomas-Reiche-Kuhn sum rule =   2.026144


 *** dynamical TDA activated ***

 ---------------------------------------------------------------------------------------------------
  First-order dynamical correction to static Bethe-Salpeter excitation energies                     
 ---------------------------------------------------------------------------------------------------
  BSE neutral excitation must be lower than the GT gap =   9.808166 eV
 ---------------------------------------------------------------------------------------------------
      #          Static (eV)         Dynamic (eV)      Correction (eV)         Renorm. (eV)
 ---------------------------------------------------------------------------------------------------
      1            5.094760            5.076710           -0.018050            1.000355
      2            5.094760            5.076710           -0.018050            1.000355
      3            5.094760            5.076710           -0.018050            1.000355
      4           10.369709           10.408278            0.038570            0.995495
      5           10.369709           10.408278            0.038570            0.995495
      6           10.369709           10.408278            0.038570            0.995495
      7           10.504832           10.542758            0.037927            0.994120
      8           18.097587           18.074648           -0.022939            0.973413
      9           18.097587           18.074648           -0.022939            0.973413
     10           18.097587           18.074648           -0.022939            0.973413
 ---------------------------------------------------------------------------------------------------


 -------------------------------------------------------------
   BSE@GT       calculation: triplet        manifold
 -------------------------------------------------------------
 | State |  Excitation energy (au) |  Excitation energy (eV) |
 -------------------------------------------------------------
 |     1 |                0.072523 |                1.973443 |
 |     2 |                0.072523 |                1.973443 |
 |     3 |                0.072523 |                1.973443 |
 |     4 |                0.333472 |                9.074228 |
 |     5 |                0.352347 |                9.587843 |
 |     6 |                0.352347 |                9.587843 |
 |     7 |                0.352347 |                9.587843 |
 |     8 |                0.621766 |               16.919117 |
 |     9 |                0.621766 |               16.919117 |
 |    10 |                0.621766 |               16.919117 |
 |    11 |                0.621766 |               16.919117 |
 |    12 |                0.621766 |               16.919117 |
 |    13 |                1.125895 |               30.637174 |
 |    14 |                4.233732 |              115.205707 |
 |    15 |                4.233732 |              115.205707 |
 |    16 |                4.233732 |              115.205707 |
 |    17 |                4.565626 |              124.237004 |
 |    18 |                4.592889 |              124.978873 |
 |    19 |                4.592889 |              124.978873 |
 |    20 |                4.592889 |              124.978873 |
 -------------------------------------------------------------

 -------------------------------------------------------------
 Excitation n.   1:   1.973443 eV  f = 0.0000  <S**2> = 2.0000
 -------------------------------------------------------------
  2 ->   3 =   0.582920
  2 ->   4 =   0.248756
  2 ->   5 =   0.255386
  2 ->   7 =  -0.076739
  2 ->   8 =  -0.136514
  2 ->   9 =  -0.112813

 -------------------------------------------------------------
 Excitation n.   2:   1.973443 eV  f = 0.0000  <S**2> = 2.0000
 -------------------------------------------------------------
  2 ->   3 =  -0.303335
  2 ->   4 =   0.088878
  2 ->   5 =   0.605793
  2 ->   7 =   0.110317
  2 ->   9 =  -0.146839

 -------------------------------------------------------------
 Excitation n.   3:   1.973443 eV  f = 0.0000  <S**2> = 2.0000
 -------------------------------------------------------------
  2 ->   3 =   0.187322
  2 ->   4 =  -0.630173
  2 ->   5 =   0.186252
  2 ->   7 =   0.138539
  2 ->   8 =  -0.122863

 -------------------------------------------------------------
 Excitation n.   4:   9.074228 eV  f = 0.0000  <S**2> = 2.0000
 -------------------------------------------------------------
  2 ->   6 =  -0.705956

 -------------------------------------------------------------
 Excitation n.   5:   9.587843 eV  f = 0.0000  <S**2> = 2.0000
 -------------------------------------------------------------
  2 ->   5 =   0.172945
  2 ->   7 =  -0.367765
  2 ->   8 =   0.381291
  2 ->   9 =   0.427706

 -------------------------------------------------------------
 Excitation n.   6:   9.587843 eV  f = 0.0000  <S**2> = 2.0000
 -------------------------------------------------------------
  2 ->   3 =  -0.145990
  2 ->   4 =  -0.121167
  2 ->   7 =  -0.569164
  2 ->   8 =  -0.301716
  2 ->   9 =  -0.220425

 -------------------------------------------------------------
 Excitation n.   7:   9.587843 eV  f = 0.0000  <S**2> = 2.0000
 -------------------------------------------------------------
  2 ->   3 =  -0.103741
  2 ->   4 =   0.140441
  2 ->   5 =   0.078003
  2 ->   8 =  -0.476604
  2 ->   9 =   0.481713

 -------------------------------------------------------------
 Excitation n.   8:  16.919117 eV  f = 0.0000  <S**2> = 2.0000
 -------------------------------------------------------------
  2 ->  10 =   0.584781
  2 ->  11 =   0.320682
  2 ->  12 =  -0.234767

 -------------------------------------------------------------
 Excitation n.   9:  16.919117 eV  f = 0.0000  <S**2> = 2.0000
 -------------------------------------------------------------
  2 ->  10 =  -0.087200
  2 ->  11 =   0.510759
  2 ->  12 =   0.481031

 -------------------------------------------------------------
 Excitation n.  10:  16.919117 eV  f = 0.0000  <S**2> = 2.0000
 -------------------------------------------------------------
  2 ->  10 =  -0.387817
  2 ->  11 =   0.368960
  2 ->  12 =  -0.462055

Thomas-Reiche-Kuhn sum rule =   0.000000


 *** dynamical TDA activated ***

 ---------------------------------------------------------------------------------------------------
  First-order dynamical correction to static Bethe-Salpeter excitation energies                     
 ---------------------------------------------------------------------------------------------------
  BSE neutral excitation must be lower than the GT gap =   9.808166 eV
 ---------------------------------------------------------------------------------------------------
      #          Static (eV)         Dynamic (eV)      Correction (eV)         Renorm. (eV)
 ---------------------------------------------------------------------------------------------------
      1            1.973443            1.796507           -0.176937            1.007346
      2            1.973443            1.796507           -0.176937            1.007346
      3            1.973443            1.796507           -0.176937            1.007346
      4            9.074228            8.945987           -0.128241            1.012188
      5            9.587843            9.516515           -0.071329            1.007004
      6            9.587843            9.516515           -0.071329            1.007004
      7            9.587843            9.516515           -0.071329            1.007004
      8           16.919117           16.912732           -0.006384            1.027116
      9           16.919117           16.912732           -0.006384            1.027116
     10           16.919117           16.912732           -0.006384            1.027116
 ---------------------------------------------------------------------------------------------------


 -------------------------------------------------------------------------------
          Tr@BSE@G0T0 correlation energy (singlet) =       -0.0015616621 au
          Tr@BSE@G0T0 correlation energy (triplet) =       -0.0028414354 au
          Tr@BSE@G0T0 correlation energy           =       -0.0044030975 au
          Tr@BSE@G0T0 total energy                 =      -14.5767665252 au
 -------------------------------------------------------------------------------

                                       Total CPU time for G0T0 =      0.132 seconds

                                      Total CPU time for QuAcK =      0.304 seconds

