55 significant shell pairs computed in 0.000088 seconds
0
Computed Electron repulsion integrals Integrals in parallel in 0.429203 seconds

 ******************************************************************************************
 *            QuAcK                       QuAcK                         QuAcK             *
 *   __        __        __       __        __        __       __        __        __     *
 * <(o )___  <(o )___  <(o )___ <(o )___  <(o )___  <(o )___ <(o )___  <(o )___  <(o )___ *
 * ( ._> /   ( ._> /   ( ._> /  ( ._> /   ( ._> /   ( ._> /  ( ._> /   ( ._> /   ( ._> /  *
 *|--------------------------------------------------------------------------------------|*
 ******************************************************************************************

      ----------------------
             Number of atoms                1
      ----------------------

      ----------------------
Number of spin-up   electron                2
Number of spin-down electron                2
    Total number of electron                4
      ----------------------

      ----------------------
Number of core      electron                0
Number of Rydberg   electron                0
      ----------------------

          ------------------
          Molecular geometry
          ------------------
                    Atom n.                 1
                        Z =      4.0000000000
           Atom coordinates:     0.0000000000    0.0000000000    0.0000000000

          ------------------
 Nuclear repulsion energy =      0.0000000000
          ------------------

          Gaussian basis set
          ------------------
                    Atom n.                 1
           number of shells                10
          ------------------
      s-type shell with K =                11
                                    Exponents     Contraction
                              6863.0000000000    0.0002360000
                              1030.0000000000    0.0018260000
                               234.7000000000    0.0094520000
                                66.5600000000    0.0379570000
                                21.6900000000    0.1199650000
                                 7.7340000000    0.2821620000
                                 2.9160000000    0.4274040000
                                 1.1300000000    0.2662780000
                                 0.2577000000    0.0181930000
                                 0.1101000000   -0.0072750000
                                 0.0440900000    0.0019030000
      s-type shell with K =                11
                                    Exponents     Contraction
                              6863.0000000000   -0.0000430000
                              1030.0000000000   -0.0003330000
                               234.7000000000   -0.0017360000
                                66.5600000000   -0.0070120000
                                21.6900000000   -0.0231260000
                                 7.7340000000   -0.0581380000
                                 2.9160000000   -0.1145560000
                                 1.1300000000   -0.1359080000
                                 0.2577000000    0.2280260000
                                 0.1101000000    0.5774410000
                                 0.0440900000    0.3178730000
      s-type shell with K =                 1
                                    Exponents     Contraction
                                 0.2577000000    1.0000000000
      s-type shell with K =                 1
                                    Exponents     Contraction
                                 0.0440900000    1.0000000000
      p-type shell with K =                 5
                                    Exponents     Contraction
                                 7.4360000000    0.0107360000
                                 1.5770000000    0.0628540000
                                 0.4352000000    0.2481800000
                                 0.1438000000    0.5236990000
                                 0.0499400000    0.3534250000
      p-type shell with K =                 1
                                    Exponents     Contraction
                                 0.1438000000    1.0000000000
      p-type shell with K =                 1
                                    Exponents     Contraction
                                 0.0499400000    1.0000000000
      d-type shell with K =                 1
                                    Exponents     Contraction
                                 0.3493000000    1.0000000000
      d-type shell with K =                 1
                                    Exponents     Contraction
                                 0.1724000000    1.0000000000
      f-type shell with K =                 1
                                    Exponents     Contraction
                                 0.3423000000    1.0000000000
          ------------------
            Number of shells               10
          ------------------

          ------------------
   Number of basis functions               35
          ------------------

 Scaling integrals by    1.0000000000000000     

                          Total CPU time for reading integrals =      0.040 seconds


 ************************************************
 |    Restricted Hartree-Fock calculation       |
 ************************************************


 ----------------------------------------------------
 | RHF calculation                                  |
 ----------------------------------------------------
 |   # |        HF energy |       Conv |     HL Gap |
 ----------------------------------------------------
 |   1 |   -14.4189774461 |   0.274001 |   0.337422 |
 |   2 |   -14.5287793837 |   0.052268 |   0.356578 |
 |   3 |   -14.5617670724 |   0.011581 |   0.357955 |
 |   4 |   -14.5700383787 |   0.002759 |   0.358031 |
 |   5 |   -14.5721266799 |   0.000695 |   0.358023 |
 |   6 |   -14.5726705148 |   0.000184 |   0.358017 |
 |   7 |   -14.5728173525 |   0.000051 |   0.358015 |
 |   8 |   -14.5728583077 |   0.000014 |   0.358014 |
 |   9 |   -14.5728700279 |   0.000004 |   0.358014 |
 ----------------------------------------------------

         -----------------------------------------
           Summary              
         -----------------------------------------
           One-electron energy:    -19.0620652340 au
           Kinetic      energy:     14.5746753920 au
           Potential    energy:    -33.6367406260 au
         -----------------------------------------
           Two-electron energy:      4.4891952062 au
           Hartree      energy:      7.1561219684 au
           Exchange     energy:     -2.6669267622 au
         -----------------------------------------
           Electronic   energy:    -14.5728700279 au
           Nuclear   repulsion:      0.0000000000 au
           RHF          energy:    -14.5728700279 au
         -----------------------------------------
           HF HOMO      energy:         -8.415253 eV
           HF LUMO      energy:          1.326798 eV
           HF HOMO-LUMO gap   :          9.742051 eV
         -----------------------------------------
          Dipole moment (Debye)    
                   X         Y         Z      Tot.
            0.000000 -0.000000 -0.000000  0.000000
         -----------------------------------------

           ---------------------------------------
                 MO coefficients
           ---------------------------------------
                 1              2              3              4              5
      1     1.00203801    -0.00023744     0.00000000     0.00000000     0.00000000
      2     0.00872132     0.99880619     0.00000000     0.00000000     0.00000000
      3    -0.00280324     0.00013041     0.00000000     0.00000000     0.00000000
      4    -0.00344929     0.00078069     0.00000000     0.00000000     0.00000000
      5     0.00000000     0.00000000    -0.00494969     0.36746556     0.53534440
      6     0.00000000     0.00000000     0.00171413     0.53536548    -0.36746419
      7     0.00000000     0.00000000     0.64932398     0.00138783     0.00505090
      8     0.00000000     0.00000000     0.00321018    -0.23832380    -0.34720344
      9     0.00000000     0.00000000    -0.00111172    -0.34721711     0.23832290
     10     0.00000000     0.00000000    -0.42112614    -0.00090009    -0.00327582
     11     0.00000000     0.00000000    -0.00519001     0.38530667     0.56133632
     12     0.00000000     0.00000000     0.00179736     0.56135842    -0.38530523
     13     0.00000000     0.00000000     0.68084981     0.00145522     0.00529614
     14    -0.00076652     0.00027077     0.00000000     0.00000000     0.00000000
     15     0.00000000     0.00000000     0.00000000     0.00000000     0.00000000
     16     0.00000000     0.00000000     0.00000000     0.00000000     0.00000000
     17    -0.00076652     0.00027077     0.00000000     0.00000000     0.00000000
     18     0.00000000     0.00000000     0.00000000     0.00000000     0.00000000
     19    -0.00076652     0.00027077     0.00000000     0.00000000     0.00000000
     20    -0.00091903    -0.00007599     0.00000000     0.00000000     0.00000000
     21     0.00000000     0.00000000     0.00000000     0.00000000     0.00000000
     22     0.00000000     0.00000000     0.00000000     0.00000000     0.00000000
     23    -0.00091903    -0.00007599     0.00000000     0.00000000     0.00000000
     24     0.00000000     0.00000000     0.00000000     0.00000000     0.00000000
     25    -0.00091903    -0.00007599     0.00000000     0.00000000     0.00000000
     26     0.00000000     0.00000000    -0.00067827     0.05035488     0.07335981
     27     0.00000000     0.00000000     0.00010505     0.03280880    -0.02251930
     28     0.00000000     0.00000000     0.03979251     0.00008505     0.00030953
     29     0.00000000     0.00000000    -0.00030333     0.02251939     0.03280750
     30     0.00000000     0.00000000     0.00000000     0.00000000     0.00000000
     31     0.00000000     0.00000000    -0.00030333     0.02251939     0.03280750
     32     0.00000000     0.00000000     0.00023489     0.07336270    -0.05035469
     33     0.00000000     0.00000000     0.03979251     0.00008505     0.00030953
     34     0.00000000     0.00000000     0.00010505     0.03280880    -0.02251930
     35     0.00000000     0.00000000     0.08897877     0.00019018     0.00069214
                 6              7              8              9             10
      1    -0.17733487     0.00000000     0.00000000     0.00000000     0.00000000
      2    -1.38762425     0.00000000     0.00000000     0.00000000     0.00000000
      3    -0.39450437     0.00000000     0.00000000     0.00000000     0.00000000
      4     2.54662682     0.00000000     0.00000000     0.00000000     0.00000000
      5     0.00000000     0.01150952     0.13160034    -0.20865482     0.00000000
      6     0.00000000     0.01285138     0.20827829     0.13207175     0.00000000
      7     0.00000000     0.24635406    -0.01701340     0.00285854     0.00000000
      8     0.00000000     0.08863751     1.01348518    -1.60689978     0.00000000
      9     0.00000000     0.09897146     1.60400006     1.01711563     0.00000000
     10     0.00000000     1.89723056    -0.13102416     0.02201429     0.00000000
     11     0.00000000    -0.06577637    -0.75208989     1.19245264     0.00000000
     12     0.00000000    -0.07344502    -1.19030080    -0.75478398     0.00000000
     13     0.00000000    -1.40790210     0.09723077    -0.01633642     0.00000000
     14     0.15489574     0.00000000     0.00000000     0.00000000     0.00188643
     15     0.00000000     0.00000000     0.00000000     0.00000000    -0.00056619
     16     0.00000000     0.00000000     0.00000000     0.00000000     0.00004469
     17     0.15489574     0.00000000     0.00000000     0.00000000     0.25821828
     18     0.00000000     0.00000000     0.00000000     0.00000000    -0.00027492
     19     0.15489574     0.00000000     0.00000000     0.00000000    -0.26010470
     20    -0.44075381     0.00000000     0.00000000     0.00000000    -0.00772804
     21     0.00000000     0.00000000     0.00000000     0.00000000     0.00231950
     22     0.00000000     0.00000000     0.00000000     0.00000000    -0.00018307
     23    -0.44075381     0.00000000     0.00000000     0.00000000    -1.05783203
     24     0.00000000     0.00000000     0.00000000     0.00000000     0.00112627
     25    -0.44075381     0.00000000     0.00000000     0.00000000     1.06556007
     26     0.00000000    -0.01868106    -0.21360011     0.33866698     0.00000000
     27     0.00000000    -0.00932844    -0.15118317    -0.09586706     0.00000000
     28     0.00000000    -0.17882127     0.01234953    -0.00207493     0.00000000
     29     0.00000000    -0.00835443    -0.09552487     0.15145648     0.00000000
     30     0.00000000     0.00000000     0.00000000     0.00000000     0.00000000
     31     0.00000000    -0.00835443    -0.09552487     0.15145648     0.00000000
     32     0.00000000    -0.02085903    -0.33805584    -0.21436526     0.00000000
     33     0.00000000    -0.17882127     0.01234953    -0.00207493     0.00000000
     34     0.00000000    -0.00932844    -0.15118317    -0.09586706     0.00000000
     35     0.00000000    -0.39985652     0.02761439    -0.00463969     0.00000000
                11             12             13             14             15
      1     0.00000000     0.00000000     0.00000000     0.00000000    -0.49600459
      2     0.00000000     0.00000000     0.00000000     0.00000000    -1.01085878
      3     0.00000000     0.00000000     0.00000000     0.00000000     0.42125490
      4     0.00000000     0.00000000     0.00000000     0.00000000     1.71309897
      5     0.00000000     0.00000000     0.00000000     0.00000000     0.00000000
      6     0.00000000     0.00000000     0.00000000     0.00000000     0.00000000
      7     0.00000000     0.00000000     0.00000000     0.00000000     0.00000000
      8     0.00000000     0.00000000     0.00000000     0.00000000     0.00000000
      9     0.00000000     0.00000000     0.00000000     0.00000000     0.00000000
     10     0.00000000     0.00000000     0.00000000     0.00000000     0.00000000
     11     0.00000000     0.00000000     0.00000000     0.00000000     0.00000000
     12     0.00000000     0.00000000     0.00000000     0.00000000     0.00000000
     13     0.00000000     0.00000000     0.00000000     0.00000000     0.00000000
     14    -0.29925336    -0.00007124    -0.00079136    -0.00030608     0.66546561
     15    -0.00002569     0.25888573     0.04092136    -0.14443046     0.00000000
     16    -0.00063221    -0.08609907     0.27633696    -0.07603483     0.00000000
     17     0.15125996     0.00056917     0.00051670     0.00012745     0.66546561
     18    -0.00057138     0.12296993     0.10732913     0.25082925     0.00000000
     19     0.14799341    -0.00049794     0.00027465     0.00017862     0.66546561
     20     1.22593876     0.00029183     0.00324192     0.00125389    -1.06183702
     21     0.00010522    -1.06056637    -0.16764083     0.59168224     0.00000000
     22     0.00258995     0.35271846    -1.13205807     0.31148870     0.00000000
     23    -0.61966035    -0.00233170    -0.00211676    -0.00052213    -1.06183702
     24     0.00234075    -0.50376576    -0.43969078    -1.02756171     0.00000000
     25    -0.60627842     0.00203987    -0.00112516    -0.00073176    -1.06183702
     26     0.00000000     0.00000000     0.00000000     0.00000000     0.00000000
     27     0.00000000     0.00000000     0.00000000     0.00000000     0.00000000
     28     0.00000000     0.00000000     0.00000000     0.00000000     0.00000000
     29     0.00000000     0.00000000     0.00000000     0.00000000     0.00000000
     30     0.00000000     0.00000000     0.00000000     0.00000000     0.00000000
     31     0.00000000     0.00000000     0.00000000     0.00000000     0.00000000
     32     0.00000000     0.00000000     0.00000000     0.00000000     0.00000000
     33     0.00000000     0.00000000     0.00000000     0.00000000     0.00000000
     34     0.00000000     0.00000000     0.00000000     0.00000000     0.00000000
     35     0.00000000     0.00000000     0.00000000     0.00000000     0.00000000
                16             17             18             19             20
      1     0.00000000     0.00000000     0.00000000     0.00000000     0.00000000
      2     0.00000000     0.00000000     0.00000000     0.00000000     0.00000000
      3     0.00000000     0.00000000     0.00000000     0.00000000     0.00000000
      4     0.00000000     0.00000000     0.00000000     0.00000000     0.00000000
      5    -0.60040844    -0.05862879     4.13457789     0.00000000     0.00000000
      6    -4.13455218    -0.05253033    -0.60114959     0.00000000     0.00000000
      7     0.06041500    -4.17761478    -0.05046581     0.00000000     0.00000000
      8     0.82163708     0.08023136    -5.65801921     0.00000000     0.00000000
      9     5.65798402     0.07188584     0.82265132     0.00000000     0.00000000
     10    -0.08267573     5.71691361     0.06906062     0.00000000     0.00000000
     11     0.07324359     0.00715210    -0.50437553     0.00000000     0.00000000
     12     0.50437239     0.00640815     0.07333400     0.00000000     0.00000000
     13    -0.00737000     0.50962558     0.00615630     0.00000000     0.00000000
     14     0.00000000     0.00000000     0.00000000    -1.51587377    -0.69804866
     15     0.00000000     0.00000000     0.00000000    -0.00127323     0.00056809
     16     0.00000000     0.00000000     0.00000000     0.00086082     0.00066785
     17     0.00000000     0.00000000     0.00000000     1.36246452    -0.96376121
     18     0.00000000     0.00000000     0.00000000    -0.00005153     0.00002096
     19     0.00000000     0.00000000     0.00000000     0.15340925     1.66180987
     20     0.00000000     0.00000000     0.00000000     1.06382338     0.48988280
     21     0.00000000     0.00000000     0.00000000     0.00089354    -0.00039868
     22     0.00000000     0.00000000     0.00000000    -0.00060411    -0.00046869
     23     0.00000000     0.00000000     0.00000000    -0.95616247     0.67635691
     24     0.00000000     0.00000000     0.00000000     0.00003616    -0.00001471
     25     0.00000000     0.00000000     0.00000000    -0.10766091    -1.16623971
     26    -0.19451111    -0.01899366     1.33945710     0.00000000     0.00000000
     27    -0.59901970    -0.00761067    -0.08709539     0.00000000     0.00000000
     28     0.00875301    -0.60525867    -0.00731156     0.00000000     0.00000000
     29    -0.08698801    -0.00849422     0.59902342     0.00000000     0.00000000
     30     0.00000000     0.00000000     0.00000000     0.00000000     0.00000000
     31    -0.08698801    -0.00849422     0.59902342     0.00000000     0.00000000
     32    -1.33944877    -0.01701797    -0.19475122     0.00000000     0.00000000
     33     0.00875301    -0.60525867    -0.00731156     0.00000000     0.00000000
     34    -0.59901970    -0.00761067    -0.08709539     0.00000000     0.00000000
     35     0.01957233    -1.35339953    -0.01634914     0.00000000     0.00000000
                21             22             23             24             25
      1     0.00000000     0.00000000     0.00000000     0.00000000     0.00000000
      2     0.00000000     0.00000000     0.00000000     0.00000000     0.00000000
      3     0.00000000     0.00000000     0.00000000     0.00000000     0.00000000
      4     0.00000000     0.00000000     0.00000000     0.00000000     0.00000000
      5     0.00000000     0.00000000     0.00000000     0.00000000     0.00000000
      6     0.00000000     0.00000000     0.00000000     0.00000000     0.00000000
      7     0.00000000     0.00000000     0.00000000     0.00000000     0.00000000
      8     0.00000000     0.00000000     0.00000000     0.00000000     0.00000000
      9     0.00000000     0.00000000     0.00000000     0.00000000     0.00000000
     10     0.00000000     0.00000000     0.00000000     0.00000000     0.00000000
     11     0.00000000     0.00000000     0.00000000     0.00000000     0.00000000
     12     0.00000000     0.00000000     0.00000000     0.00000000     0.00000000
     13     0.00000000     0.00000000     0.00000000     0.00000000     0.00000000
     14    -0.00076995     0.00084078     0.00081993     0.00000000     0.00000000
     15     0.66628620     0.25718671    -1.50833118     0.00000000     0.00000000
     16    -0.68297931     1.52213931    -0.04215680     0.00000000     0.00000000
     17     0.00063130    -0.00009905    -0.00125111     0.00000000     0.00000000
     18    -1.36921455    -0.63410825    -0.71295542     0.00000000     0.00000000
     19     0.00013865    -0.00074173     0.00043118     0.00000000     0.00000000
     20     0.00054034    -0.00059005    -0.00057542     0.00000000     0.00000000
     21    -0.46759226    -0.18049077     1.05853008     0.00000000     0.00000000
     22     0.47930729    -1.06822047     0.02958517     0.00000000     0.00000000
     23    -0.00044304     0.00006951     0.00087801     0.00000000     0.00000000
     24     0.96089957     0.44501013     0.50034420     0.00000000     0.00000000
     25    -0.00009731     0.00052054    -0.00030259     0.00000000     0.00000000
     26     0.00000000     0.00000000     0.00000000     0.00263383    -0.00047112
     27     0.00000000     0.00000000     0.00000000    -0.24752023    -0.80407460
     28     0.00000000     0.00000000     0.00000000    -0.22757770    -0.13860838
     29     0.00000000     0.00000000     0.00000000     0.79680118    -0.28736430
     30     0.00000000     0.00000000     0.00000000    -0.00137729     0.00116640
     31     0.00000000     0.00000000     0.00000000    -0.80033483     0.28799638
     32     0.00000000     0.00000000     0.00000000     0.00141346    -0.00166102
     33     0.00000000     0.00000000     0.00000000     0.22621727     0.13638712
     34     0.00000000     0.00000000     0.00000000     0.24562387     0.80630309
     35     0.00000000     0.00000000     0.00000000     0.00101401     0.00165563
                26             27             28             29             30
      1     0.00000000     0.00000000     0.00000000     0.00000000     0.00000000
      2     0.00000000     0.00000000     0.00000000     0.00000000     0.00000000
      3     0.00000000     0.00000000     0.00000000     0.00000000     0.00000000
      4     0.00000000     0.00000000     0.00000000     0.00000000     0.00000000
      5     0.00000000     0.00000000     0.00000000     0.00000000     0.00000000
      6     0.00000000     0.00000000     0.00000000     0.00000000     0.00000000
      7     0.00000000     0.00000000     0.00000000     0.00000000     0.00000000
      8     0.00000000     0.00000000     0.00000000     0.00000000     0.00000000
      9     0.00000000     0.00000000     0.00000000     0.00000000     0.00000000
     10     0.00000000     0.00000000     0.00000000     0.00000000     0.00000000
     11     0.00000000     0.00000000     0.00000000     0.00000000     0.00000000
     12     0.00000000     0.00000000     0.00000000     0.00000000     0.00000000
     13     0.00000000     0.00000000     0.00000000     0.00000000     0.00000000
     14     0.00000000     0.00000000     0.00000000     0.00000000     0.00000000
     15     0.00000000     0.00000000     0.00000000     0.00000000     0.00000000
     16     0.00000000     0.00000000     0.00000000     0.00000000     0.00000000
     17     0.00000000     0.00000000     0.00000000     0.00000000     0.00000000
     18     0.00000000     0.00000000     0.00000000     0.00000000     0.00000000
     19     0.00000000     0.00000000     0.00000000     0.00000000     0.00000000
     20     0.00000000     0.00000000     0.00000000     0.00000000     0.00000000
     21     0.00000000     0.00000000     0.00000000     0.00000000     0.00000000
     22     0.00000000     0.00000000     0.00000000     0.00000000     0.00000000
     23     0.00000000     0.00000000     0.00000000     0.00000000     0.00000000
     24     0.00000000     0.00000000     0.00000000     0.00000000     0.00000000
     25     0.00000000     0.00000000     0.00000000     0.00000000     0.00000000
     26    -0.00277434     0.02374676     0.00858063    -0.86199389    -0.50627476
     27     0.20100799     0.00732428    -0.02506775    -0.34090140     0.57870352
     28    -0.82438113    -0.00284354    -0.66976107     0.01070749    -0.02625308
     29    -0.16994356    -0.01774538    -0.00616145     0.57987794     0.34210749
     30     0.00192218    -0.99964980     0.00177747    -0.02616834    -0.00232237
     31     0.17366572    -0.01411424    -0.00535067     0.57660822     0.33713138
     32     0.00171532    -0.01117636     0.03965907     0.50607233    -0.86150179
     33     0.82438118     0.00013561    -0.67077016     0.00624489    -0.02546249
     34    -0.20330933     0.00767038    -0.02814047    -0.33806588     0.57712243
     35    -0.00000004     0.00201837     0.99917299    -0.01263556     0.03854651
                31             32             33             34             35
      1     0.00000000     0.00000000     0.00000000    -1.99132515   -10.33270468
      2     0.00000000     0.00000000     0.00000000   -11.49649055   -39.43127426
      3     0.00000000     0.00000000     0.00000000     1.35617194    16.59245487
      4     0.00000000     0.00000000     0.00000000     4.89394519    14.70465588
      5    -0.03045080    -0.24808180    -2.13832674     0.00000000     0.00000000
      6     1.88658671    -1.03298540     0.09297775     0.00000000     0.00000000
      7     1.03671425     1.87251427    -0.23200640     0.00000000     0.00000000
      8    -0.02916387    -0.23759723    -2.04795555     0.00000000     0.00000000
      9     1.80685470    -0.98932877     0.08904827     0.00000000     0.00000000
     10     0.99290004     1.79337699    -0.22220121     0.00000000     0.00000000
     11     0.01928490     0.15711351     1.35423077     0.00000000     0.00000000
     12    -1.19480046     0.65420339    -0.05888404     0.00000000     0.00000000
     13    -0.65656493    -1.18588819     0.14693274     0.00000000     0.00000000
     14     0.00000000     0.00000000     0.00000000     2.20469362     1.34180515
     15     0.00000000     0.00000000     0.00000000     0.00000000     0.00000000
     16     0.00000000     0.00000000     0.00000000     0.00000000     0.00000000
     17     0.00000000     0.00000000     0.00000000     2.20469362     1.34180515
     18     0.00000000     0.00000000     0.00000000     0.00000000     0.00000000
     19     0.00000000     0.00000000     0.00000000     2.20469362     1.34180515
     20     0.00000000     0.00000000     0.00000000     0.76308229     5.17150744
     21     0.00000000     0.00000000     0.00000000     0.00000000     0.00000000
     22     0.00000000     0.00000000     0.00000000     0.00000000     0.00000000
     23     0.00000000     0.00000000     0.00000000     0.76308229     5.17150744
     24     0.00000000     0.00000000     0.00000000     0.00000000     0.00000000
     25     0.00000000     0.00000000     0.00000000     0.76308229     5.17150744
     26     0.03208405     0.26138780     2.25301703     0.00000000     0.00000000
     27    -0.88895991     0.48674286    -0.04381113     0.00000000     0.00000000
     28    -0.48849989    -0.88232897     0.10932145     0.00000000     0.00000000
     29     0.01434842     0.11689618     1.00757985     0.00000000     0.00000000
     30     0.00000000     0.00000000     0.00000000     0.00000000     0.00000000
     31     0.01434842     0.11689618     1.00757985     0.00000000     0.00000000
     32    -1.98777478     1.08839011    -0.09796466     0.00000000     0.00000000
     33    -0.48849989    -0.88232897     0.10932145     0.00000000     0.00000000
     34    -0.88895991     0.48674286    -0.04381113     0.00000000     0.00000000
     35    -1.09231897    -1.97294756     0.24445019     0.00000000     0.00000000

           ---------------------------------------
                     MO energies
           ---------------------------------------
                 1
      1    -4.73258256
      2    -0.30925485
      3     0.04875894
      4     0.04875894
      5     0.04875894
      6     0.14123618
      7     0.23077077
      8     0.23077077
      9     0.23077077
     10     0.45792003
     11     0.45792003
     12     0.45792003
     13     0.45792003
     14     0.45792003
     15     0.70819553
     16     0.74395058
     17     0.74395058
     18     0.74395058
     19     1.35899889
     20     1.35899889
     21     1.35899889
     22     1.35899889
     23     1.35899889
     24     1.36728943
     25     1.36728943
     26     1.36728943
     27     1.36728943
     28     1.36728943
     29     1.36728943
     30     1.36728943
     31     1.70169504
     32     1.70169504
     33     1.70169504
     34     2.07518165
     35     9.02638607

                                        Total CPU time for RHF =      0.311 seconds


 AO to MO transformation... Please be patient

                    Total CPU time for AO to MO transformation =      3.654 seconds


 ************************************************
 |      Configuration Interaction Singles       |
 ************************************************


 -------------------------------------------------------------
   CIS          calculation: singlet        manifold
 -------------------------------------------------------------
 | State |  Excitation energy (au) |  Excitation energy (eV) |
 -------------------------------------------------------------
 |     1 |                0.189008 |                5.143166 |
 |     2 |                0.189008 |                5.143166 |
 |     3 |                0.189008 |                5.143166 |
 |     4 |                0.291226 |                7.924676 |
 |     5 |                0.336448 |                9.155229 |
 |     6 |                0.336448 |                9.155229 |
 |     7 |                0.336448 |                9.155229 |
 |     8 |                0.525833 |               14.308645 |
 |     9 |                0.525833 |               14.308645 |
 |    10 |                0.525833 |               14.308645 |
 |    11 |                0.525833 |               14.308645 |
 |    12 |                0.525833 |               14.308645 |
 |    13 |                0.777464 |               21.155873 |
 |    14 |                0.777464 |               21.155873 |
 |    15 |                0.777464 |               21.155873 |
 |    16 |                0.783000 |               21.306524 |
 |    17 |                1.352045 |               36.791018 |
 |    18 |                1.352045 |               36.791018 |
 |    19 |                1.352045 |               36.791018 |
 |    20 |                1.352045 |               36.791018 |
 -------------------------------------------------------------

 ---------------------------------------------------------------
                 Transition dipole moment (au)                  
 ---------------------------------------------------------------
  #           X           Y           Z   dip. str.   osc. str.
 ---------------------------------------------------------------
  1    0.670112    2.214961    0.014867    5.355322    0.674799
  2    0.120119   -0.020830   -2.310943    5.355322    0.674799
  3   -2.211751    0.669953   -0.121002    5.355322    0.674799
  4    0.000000   -0.000000   -0.000000    0.000000    0.000000
  5   -0.008461    0.008851    0.035434    0.001405    0.000315
  6   -0.018996   -0.032132    0.003490    0.001405    0.000315
  7   -0.031194    0.017167   -0.011737    0.001405    0.000315
  8    0.000000    0.000000   -0.000000    0.000000    0.000000
  9    0.000000    0.000000    0.000000    0.000000    0.000000
 10    0.000000   -0.000000   -0.000000    0.000000    0.000000
 ---------------------------------------------------------------

 -------------------------------------------------------------
 Excitation n.   1:   5.143166 eV  f = 0.6748  <S**2> = 0.0000
 -------------------------------------------------------------
  2 ->   4 =   0.667965
  2 ->   5 =  -0.212274
  2 ->   8 =   0.086970

 -------------------------------------------------------------
 Excitation n.   2:   5.143166 eV  f = 0.6748  <S**2> = 0.0000
 -------------------------------------------------------------
  2 ->   3 =  -0.700198
  2 ->   7 =  -0.089968

 -------------------------------------------------------------
 Excitation n.   3:   5.143166 eV  f = 0.6748  <S**2> = 0.0000
 -------------------------------------------------------------
  2 ->   4 =  -0.211872
  2 ->   5 =  -0.667390
  2 ->   9 =   0.087028

 -------------------------------------------------------------
 Excitation n.   4:   7.924676 eV  f = 0.0000  <S**2> = 0.0000
 -------------------------------------------------------------
  2 ->   6 =  -0.706882

 -------------------------------------------------------------
 Excitation n.   5:   9.155229 eV  f = 0.0003  <S**2> = 0.0000
 -------------------------------------------------------------
  2 ->   3 =  -0.087427
  2 ->   7 =   0.657832
  2 ->   9 =   0.228336
  2 ->  17 =  -0.075022

 -------------------------------------------------------------
 Excitation n.   6:   9.155229 eV  f = 0.0003  <S**2> = 0.0000
 -------------------------------------------------------------
  2 ->   4 =   0.091644
  2 ->   8 =  -0.695891
  2 ->  16 =   0.073232

 -------------------------------------------------------------
 Excitation n.   7:   9.155229 eV  f = 0.0003  <S**2> = 0.0000
 -------------------------------------------------------------
  2 ->   5 =   0.087433
  2 ->   7 =  -0.227891
  2 ->   9 =   0.657587

 -------------------------------------------------------------
 Excitation n.   8:  14.308645 eV  f = 0.0000  <S**2> = 0.0000
 -------------------------------------------------------------
  2 ->  10 =  -0.706775

 -------------------------------------------------------------
 Excitation n.   9:  14.308645 eV  f = 0.0000  <S**2> = 0.0000
 -------------------------------------------------------------
  2 ->  11 =  -0.706764

 -------------------------------------------------------------
 Excitation n.  10:  14.308645 eV  f = 0.0000  <S**2> = 0.0000
 -------------------------------------------------------------
  2 ->  12 =  -0.696927
  2 ->  13 =   0.083425
  2 ->  14 =   0.083716

Thomas-Reiche-Kuhn sum rule =   2.025342

 ---------------------------------------------------------------------------------------------------
  CIS(D) correction 
 ---------------------------------------------------------------------------------------------------
      #             CIS (eV)          CIS(D) (eV)      Correction (eV)
 ---------------------------------------------------------------------------------------------------
      1            5.143166            5.260553            0.117387
      2            5.143166            5.260553            0.117387
      3            5.143166            5.260553            0.117387
      4            7.924676            8.121405            0.196729
      5            9.155229            9.232981            0.077752
      6            9.155229            9.232981            0.077752
      7            9.155229            9.232981            0.077752
      8           14.308645           13.687161           -0.621484
      9           14.308645           13.687161           -0.621484
     10           14.308645           13.687161           -0.621484
 ---------------------------------------------------------------------------------------------------


 -------------------------------------------------------------
   CIS          calculation: triplet        manifold
 -------------------------------------------------------------
 | State |  Excitation energy (au) |  Excitation energy (eV) |
 -------------------------------------------------------------
 |     1 |                0.062560 |                1.702354 |
 |     2 |                0.062560 |                1.702354 |
 |     3 |                0.062560 |                1.702354 |
 |     4 |                0.235430 |                6.406367 |
 |     5 |                0.297511 |                8.095686 |
 |     6 |                0.297511 |                8.095686 |
 |     7 |                0.297511 |                8.095686 |
 |     8 |                0.473220 |               12.876982 |
 |     9 |                0.473220 |               12.876982 |
 |    10 |                0.473220 |               12.876982 |
 |    11 |                0.473220 |               12.876982 |
 |    12 |                0.473220 |               12.876982 |
 |    13 |                0.719177 |               19.569816 |
 |    14 |                0.749065 |               20.383088 |
 |    15 |                0.749065 |               20.383088 |
 |    16 |                0.749065 |               20.383088 |
 |    17 |                1.304951 |               35.509518 |
 |    18 |                1.304951 |               35.509518 |
 |    19 |                1.304951 |               35.509518 |
 |    20 |                1.304951 |               35.509518 |
 -------------------------------------------------------------

 -------------------------------------------------------------
 Excitation n.   1:   1.702354 eV  f = 0.0000  <S**2> = 2.0000
 -------------------------------------------------------------
  2 ->   3 =   0.642465
  2 ->   7 =   0.289768

 -------------------------------------------------------------
 Excitation n.   2:   1.702354 eV  f = 0.0000  <S**2> = 2.0000
 -------------------------------------------------------------
  2 ->   4 =  -0.624952
  2 ->   5 =   0.149155
  2 ->   8 =  -0.284455

 -------------------------------------------------------------
 Excitation n.   3:   1.702354 eV  f = 0.0000  <S**2> = 2.0000
 -------------------------------------------------------------
  2 ->   4 =   0.149345
  2 ->   5 =   0.625040
  2 ->   9 =  -0.284544

 -------------------------------------------------------------
 Excitation n.   4:   6.406367 eV  f = 0.0000  <S**2> = 2.0000
 -------------------------------------------------------------
  2 ->   6 =   0.701662
  2 ->  15 =  -0.087465

 -------------------------------------------------------------
 Excitation n.   5:   8.095686 eV  f = 0.0000  <S**2> = 2.0000
 -------------------------------------------------------------
  2 ->   3 =   0.192796
  2 ->   4 =  -0.084195
  2 ->   5 =   0.206578
  2 ->   7 =  -0.408596
  2 ->   8 =   0.227221
  2 ->   9 =   0.429698

 -------------------------------------------------------------
 Excitation n.   6:   8.095686 eV  f = 0.0000  <S**2> = 2.0000
 -------------------------------------------------------------
  2 ->   3 =   0.223038
  2 ->   5 =  -0.180578
  2 ->   7 =  -0.482954
  2 ->   8 =  -0.126252
  2 ->   9 =  -0.392475
  2 ->  17 =   0.074637

 -------------------------------------------------------------
 Excitation n.   7:   8.095686 eV  f = 0.0000  <S**2> = 2.0000
 -------------------------------------------------------------
  2 ->   4 =   0.274346
  2 ->   5 =   0.107938
  2 ->   8 =  -0.579354
  2 ->   9 =   0.254054
  2 ->  18 =  -0.073184

 -------------------------------------------------------------
 Excitation n.   8:  12.876982 eV  f = 0.0000  <S**2> = 2.0000
 -------------------------------------------------------------
  2 ->  10 =  -0.110458
  2 ->  11 =  -0.697313

 -------------------------------------------------------------
 Excitation n.   9:  12.876982 eV  f = 0.0000  <S**2> = 2.0000
 -------------------------------------------------------------
  2 ->  10 =  -0.697313
  2 ->  11 =   0.110454

 -------------------------------------------------------------
 Excitation n.  10:  12.876982 eV  f = 0.0000  <S**2> = 2.0000
 -------------------------------------------------------------
  2 ->  13 =  -0.523152
  2 ->  14 =  -0.472421

Thomas-Reiche-Kuhn sum rule =   0.000000

 ---------------------------------------------------------------------------------------------------
  CIS(D) correction 
 ---------------------------------------------------------------------------------------------------
      #             CIS (eV)          CIS(D) (eV)      Correction (eV)
 ---------------------------------------------------------------------------------------------------
      1            1.702354            2.365909            0.663555
      2            1.702354            2.365909            0.663555
      3            1.702354            2.365909            0.663555
      4            6.406367            7.040873            0.634505
      5            8.095686            8.709293            0.613607
      6            8.095686            8.709293            0.613607
      7            8.095686            8.709293            0.613607
      8           12.876982           13.535599            0.658617
      9           12.876982           13.535599            0.658617
     10           12.876982           13.535599            0.658617
 ---------------------------------------------------------------------------------------------------

                                        Total CPU time for CIS =      3.516 seconds


 ***********************************************************
 |  Random phase approximation calculation with exchange   |
 ***********************************************************


 -------------------------------------------------------------
   RPAx@HF      calculation: singlet        manifold
 -------------------------------------------------------------
 | State |  Excitation energy (au) |  Excitation energy (eV) |
 -------------------------------------------------------------
 |     1 |                0.178862 |                4.867075 |
 |     2 |                0.178862 |                4.867075 |
 |     3 |                0.178862 |                4.867075 |
 |     4 |                0.289553 |                7.879134 |
 |     5 |                0.333030 |                9.062204 |
 |     6 |                0.333030 |                9.062204 |
 |     7 |                0.333030 |                9.062204 |
 |     8 |                0.525105 |               14.288829 |
 |     9 |                0.525105 |               14.288829 |
 |    10 |                0.525105 |               14.288829 |
 |    11 |                0.525105 |               14.288829 |
 |    12 |                0.525105 |               14.288829 |
 |    13 |                0.777182 |               21.148186 |
 |    14 |                0.777182 |               21.148186 |
 |    15 |                0.777182 |               21.148186 |
 |    16 |                0.781625 |               21.269095 |
 |    17 |                1.351743 |               36.782806 |
 |    18 |                1.351743 |               36.782806 |
 |    19 |                1.351743 |               36.782806 |
 |    20 |                1.351743 |               36.782806 |
 -------------------------------------------------------------

 ---------------------------------------------------------------
                 Transition dipole moment (au)                  
 ---------------------------------------------------------------
  #           X           Y           Z   dip. str.   osc. str.
 ---------------------------------------------------------------
  1   -0.565675   -1.913542    0.027311    3.982377    0.474863
  2   -1.853286    0.540650   -0.505377    3.982377    0.474863
  3    0.477199   -0.168619   -1.930343    3.982377    0.474863
  4    0.000000   -0.000000   -0.000000    0.000000    0.000000
  5    0.081803   -0.152151    0.032133    0.030874    0.006855
  6   -0.009580    0.031308    0.172633    0.030874    0.006855
  7    0.155211    0.082122   -0.006280    0.030874    0.006855
  8    0.000000    0.000000   -0.000000    0.000000    0.000000
  9    0.000000   -0.000000    0.000000    0.000000    0.000000
 10   -0.000000    0.000000    0.000000    0.000000    0.000000
 ---------------------------------------------------------------

 -------------------------------------------------------------
 Excitation n.   1:   4.867075 eV  f = 0.4749  <S**2> = 0.0000
 -------------------------------------------------------------
  2 ->   4 =  -0.670724
  2 ->   5 =   0.217973
  2 ->   8 =  -0.117747
  2 <-   4 =   0.093055

 -------------------------------------------------------------
 Excitation n.   2:   4.867075 eV  f = 0.4749  <S**2> = 0.0000
 -------------------------------------------------------------
  2 ->   3 =  -0.173116
  2 ->   4 =  -0.213515
  2 ->   5 =  -0.649549
  2 ->   9 =   0.113569
  2 <-   5 =   0.090117

 -------------------------------------------------------------
 Excitation n.   3:   4.867075 eV  f = 0.4749  <S**2> = 0.0000
 -------------------------------------------------------------
  2 ->   3 =  -0.683677
  2 ->   5 =   0.167468
  2 ->   7 =  -0.117440
  2 <-   3 =   0.094852

 -------------------------------------------------------------
 Excitation n.   4:   7.879134 eV  f = 0.0000  <S**2> = 0.0000
 -------------------------------------------------------------
  2 ->   6 =  -0.707677

 -------------------------------------------------------------
 Excitation n.   5:   9.062204 eV  f = 0.0069  <S**2> = 0.0000
 -------------------------------------------------------------
  2 ->   5 =   0.101031
  2 ->   7 =  -0.110517
  2 ->   8 =   0.343789
  2 ->   9 =   0.593578

 -------------------------------------------------------------
 Excitation n.   6:   9.062204 eV  f = 0.0069  <S**2> = 0.0000
 -------------------------------------------------------------
  2 ->   3 =   0.113505
  2 ->   7 =  -0.685636
  2 ->   9 =  -0.106115
  2 ->  17 =   0.078864

 -------------------------------------------------------------
 Excitation n.   7:   9.062204 eV  f = 0.0069  <S**2> = 0.0000
 -------------------------------------------------------------
  2 ->   4 =   0.102170
  2 ->   8 =  -0.602632
  2 ->   9 =   0.345174

 -------------------------------------------------------------
 Excitation n.   8:  14.288829 eV  f = 0.0000  <S**2> = 0.0000
 -------------------------------------------------------------
  2 ->  10 =   0.123834
  2 ->  11 =   0.696157

 -------------------------------------------------------------
 Excitation n.   9:  14.288829 eV  f = 0.0000  <S**2> = 0.0000
 -------------------------------------------------------------
  2 ->  10 =   0.696104
  2 ->  11 =  -0.123856

 -------------------------------------------------------------
 Excitation n.  10:  14.288829 eV  f = 0.0000  <S**2> = 0.0000
 -------------------------------------------------------------
  2 ->  12 =  -0.129528
  2 ->  13 =   0.641534
  2 ->  14 =   0.267559

Thomas-Reiche-Kuhn sum rule =   1.445154

 You may have instabilities in linear response: negative excitations!!

 -------------------------------------------------------------
   RPAx@HF      calculation: triplet        manifold
 -------------------------------------------------------------
 | State |  Excitation energy (au) |  Excitation energy (eV) |
 -------------------------------------------------------------
 |     1 |                     NaN |                     NaN |
 |     2 |                     NaN |                     NaN |
 |     3 |                     NaN |                     NaN |
 |     4 |                0.232728 |                6.332855 |
 |     5 |                0.295932 |                8.052730 |
 |     6 |                0.295932 |                8.052730 |
 |     7 |                0.295932 |                8.052730 |
 |     8 |                0.472375 |               12.853971 |
 |     9 |                0.472375 |               12.853971 |
 |    10 |                0.472375 |               12.853971 |
 |    11 |                0.472375 |               12.853971 |
 |    12 |                0.472375 |               12.853971 |
 |    13 |                0.717746 |               19.530874 |
 |    14 |                0.748766 |               20.374971 |
 |    15 |                0.748766 |               20.374971 |
 |    16 |                0.748766 |               20.374971 |
 |    17 |                1.304651 |               35.501353 |
 |    18 |                1.304651 |               35.501353 |
 |    19 |                1.304651 |               35.501353 |
 |    20 |                1.304651 |               35.501353 |
 -------------------------------------------------------------

 -------------------------------------------------------------
 Excitation n.   1:        NaN eV  f = 0.0000  <S**2> = 2.0000
 -------------------------------------------------------------

 -------------------------------------------------------------
 Excitation n.   2:        NaN eV  f = 0.0000  <S**2> = 2.0000
 -------------------------------------------------------------

 -------------------------------------------------------------
 Excitation n.   3:        NaN eV  f = 0.0000  <S**2> = 2.0000
 -------------------------------------------------------------

 -------------------------------------------------------------
 Excitation n.   4:   6.332855 eV  f = 0.0000  <S**2> = 2.0000
 -------------------------------------------------------------
  2 ->   6 =   0.702952
  2 ->  15 =  -0.091283

 -------------------------------------------------------------
 Excitation n.   5:   8.052730 eV  f = 0.0000  <S**2> = 2.0000
 -------------------------------------------------------------
  2 ->   3 =   0.203908
  2 ->   4 =  -0.090033
  2 ->   5 =   0.211946
  2 ->   7 =  -0.410867
  2 ->   8 =   0.230187
  2 ->   9 =   0.419012

 -------------------------------------------------------------
 Excitation n.   6:   8.052730 eV  f = 0.0000  <S**2> = 2.0000
 -------------------------------------------------------------
  2 ->   3 =  -0.229980
  2 ->   4 =  -0.093982
  2 ->   5 =   0.181335
  2 ->   7 =   0.477599
  2 ->   8 =   0.172949
  2 ->   9 =   0.373304
  2 ->  17 =  -0.073984

 -------------------------------------------------------------
 Excitation n.   7:   8.052730 eV  f = 0.0000  <S**2> = 2.0000
 -------------------------------------------------------------
  2 ->   4 =  -0.278688
  2 ->   5 =  -0.129623
  2 ->   8 =   0.560777
  2 ->   9 =  -0.287126
  2 ->  18 =   0.077173

 -------------------------------------------------------------
 Excitation n.   8:  12.853971 eV  f = 0.0000  <S**2> = 2.0000
 -------------------------------------------------------------
  2 ->  10 =   0.463481
  2 ->  11 =  -0.530597

 -------------------------------------------------------------
 Excitation n.   9:  12.853971 eV  f = 0.0000  <S**2> = 2.0000
 -------------------------------------------------------------
  2 ->  10 =   0.530424
  2 ->  11 =   0.463967

 -------------------------------------------------------------
 Excitation n.  10:  12.853971 eV  f = 0.0000  <S**2> = 2.0000
 -------------------------------------------------------------
  2 ->  12 =  -0.220194
  2 ->  13 =  -0.236599
  2 ->  14 =  -0.626190

Thomas-Reiche-Kuhn sum rule =   0.000000


 -------------------------------------------------------------------------------
              Tr@RPAx correlation energy (singlet) =       -0.0168070038
              Tr@RPAx correlation energy (triplet) =                 NaN
              Tr@RPAx correlation energy           =                 NaN
              Tr@RPAx total energy                 =                 NaN
 -------------------------------------------------------------------------------

                                       Total CPU time for RPAx =      0.003 seconds


 ************************************************
 |          One-shot G0W0 calculation           |
 ************************************************


 -------------------------------------------------------------
   RPA@HF       calculation: singlet        manifold
 -------------------------------------------------------------
 | State |  Excitation energy (au) |  Excitation energy (eV) |
 -------------------------------------------------------------
 |     1 |                0.415270 |               11.300081 |
 |     2 |                0.415270 |               11.300081 |
 |     3 |                0.415270 |               11.300081 |
 |     4 |                0.492292 |               13.395955 |
 |     5 |                0.619811 |               16.865903 |
 |     6 |                0.619811 |               16.865903 |
 |     7 |                0.619811 |               16.865903 |
 |     8 |                0.815273 |               22.184721 |
 |     9 |                0.815273 |               22.184721 |
 |    10 |                0.815273 |               22.184721 |
 |    11 |                0.815273 |               22.184721 |
 |    12 |                0.815273 |               22.184721 |
 |    13 |                1.084616 |               29.513915 |
 |    14 |                1.088093 |               29.608511 |
 |    15 |                1.088093 |               29.608511 |
 |    16 |                1.088093 |               29.608511 |
 |    17 |                1.717116 |               46.725112 |
 |    18 |                1.717116 |               46.725112 |
 |    19 |                1.717116 |               46.725112 |
 |    20 |                1.717116 |               46.725112 |
 -------------------------------------------------------------

  *** Quasiparticle energies obtained by linearization *** 

 -------------------------------------------------------------------------------
   One-shot G0W0 calculation
 -------------------------------------------------------------------------------
 |   # |       e_HF (eV) |      Sig_c (eV) |               Z |       e_QP (eV) |
 -------------------------------------------------------------------------------
 |   1 |     -128.780131 |        4.663309 |        0.862154 |     -124.759639 |
 |   2 |       -8.415253 |       -0.699821 |        0.941096 |       -9.073851 |
 |   3 |        1.326798 |       -0.465468 |        0.970290 |        0.875159 |
 |   4 |        1.326798 |       -0.465468 |        0.970290 |        0.875159 |
 |   5 |        1.326798 |       -0.465468 |        0.970290 |        0.875159 |
 |   6 |        3.843232 |       -0.428772 |        0.973023 |        3.426028 |
 |   7 |        6.279592 |       -0.885102 |        0.945882 |        5.442391 |
 |   8 |        6.279592 |       -0.885102 |        0.945882 |        5.442391 |
 |   9 |        6.279592 |       -0.885102 |        0.945882 |        5.442391 |
 |  10 |       12.460639 |       -9.153906 |        0.020195 |       12.275780 |
 |  11 |       12.460639 |       -9.153906 |        0.020195 |       12.275780 |
 |  12 |       12.460639 |       -9.153906 |        0.020195 |       12.275780 |
 |  13 |       12.460639 |       -9.153906 |        0.020195 |       12.275780 |
 |  14 |       12.460639 |       -9.153906 |        0.020195 |       12.275780 |
 |  15 |       19.270982 |       -1.131264 |        0.814053 |       18.350072 |
 |  16 |       20.243927 |       -0.493182 |        0.173036 |       20.158588 |
 |  17 |       20.243927 |       -0.493182 |        0.173036 |       20.158588 |
 |  18 |       20.243927 |       -0.493182 |        0.173036 |       20.158588 |
 |  19 |       36.980243 |      -24.254975 |        0.005382 |       36.849713 |
 |  20 |       36.980243 |      -24.254975 |        0.005382 |       36.849713 |
 |  21 |       36.980243 |      -24.254975 |        0.005382 |       36.849713 |
 |  22 |       36.980243 |      -24.254975 |        0.005382 |       36.849713 |
 |  23 |       36.980243 |      -24.254975 |        0.005382 |       36.849713 |
 |  24 |       37.205840 |       -0.239301 |        0.870754 |       36.997468 |
 |  25 |       37.205840 |       -0.239301 |        0.870754 |       36.997468 |
 |  26 |       37.205840 |       -0.239301 |        0.870754 |       36.997468 |
 |  27 |       37.205840 |       -0.239301 |        0.870754 |       36.997468 |
 |  28 |       37.205840 |       -0.239301 |        0.870754 |       36.997468 |
 |  29 |       37.205840 |       -0.239301 |        0.870754 |       36.997468 |
 |  30 |       37.205840 |       -0.239301 |        0.870754 |       36.997468 |
 |  31 |       46.305481 |       -1.827688 |        0.735235 |       44.961701 |
 |  32 |       46.305481 |       -1.827688 |        0.735235 |       44.961701 |
 |  33 |       46.305481 |       -1.827688 |        0.735235 |       44.961701 |
 |  34 |       56.468569 |       -6.786710 |        0.123750 |       55.628711 |
 |  35 |      245.620476 |      -13.860531 |        0.044562 |      245.002824 |
 -------------------------------------------------------------------------------
          G0W0 HOMO      energy:      -9.073851 eV
          G0W0 LUMO      energy:       0.875159 eV
          G0W0 HOMO-LUMO gap   :       9.949011 eV
 -------------------------------------------------------------------------------
    RPA@G0W0 total energy      :     -14.643311 au
    RPA@G0W0 correlation energy:      -0.070440 au
    GM@G0W0  total energy      :     -14.702976 au
    GM@G0W0  correlation energy:      -0.130106 au
 -------------------------------------------------------------------------------


 -------------------------------------------------------------
   BSE@GW       calculation: singlet        manifold
 -------------------------------------------------------------
 | State |  Excitation energy (au) |  Excitation energy (eV) |
 -------------------------------------------------------------
 |     1 |                0.197330 |                5.369618 |
 |     2 |                0.197330 |                5.369618 |
 |     3 |                0.197330 |                5.369618 |
 |     4 |                0.306191 |                8.331890 |
 |     5 |                0.344335 |                9.369824 |
 |     6 |                0.344335 |                9.369824 |
 |     7 |                0.344335 |                9.369824 |
 |     8 |                0.559455 |               15.223558 |
 |     9 |                0.559455 |               15.223558 |
 |    10 |                0.559455 |               15.223558 |
 |    11 |                0.559455 |               15.223558 |
 |    12 |                0.559455 |               15.223558 |
 |    13 |                0.795911 |               21.657849 |
 |    14 |                0.824234 |               22.428547 |
 |    15 |                0.824234 |               22.428547 |
 |    16 |                0.824234 |               22.428547 |
 |    17 |                1.409095 |               38.343439 |
 |    18 |                1.409095 |               38.343439 |
 |    19 |                1.409095 |               38.343439 |
 |    20 |                1.409095 |               38.343439 |
 -------------------------------------------------------------

 ---------------------------------------------------------------
                 Transition dipole moment (au)                  
 ---------------------------------------------------------------
  #           X           Y           Z   dip. str.   osc. str.
 ---------------------------------------------------------------
  1    0.428945    1.894881   -0.034175    3.775735    0.496710
  2   -0.148619    0.068564    1.936220    3.775735    0.496710
  3    1.889353   -0.424806    0.160064    3.775735    0.496710
  4    0.000000   -0.000000    0.000000    0.000000    0.000000
  5    0.021316    0.040288   -0.020151    0.002484    0.000570
  6   -0.044587    0.022047   -0.003087    0.002484    0.000570
  7    0.006419    0.019349    0.045475    0.002484    0.000570
  8    0.000000   -0.000000   -0.000000    0.000000    0.000000
  9    0.000000    0.000000   -0.000000    0.000000    0.000000
 10   -0.000000   -0.000000   -0.000000    0.000000    0.000000
 ---------------------------------------------------------------

 -------------------------------------------------------------
 Excitation n.   1:   5.369618 eV  f = 0.4967  <S**2> = 0.0000
 -------------------------------------------------------------
  2 ->   4 =   0.665497
  2 ->   5 =  -0.265079
  2 ->   8 =   0.071575
  2 <-   4 =  -0.109341

 -------------------------------------------------------------
 Excitation n.   2:   5.369618 eV  f = 0.4967  <S**2> = 0.0000
 -------------------------------------------------------------
  2 ->   3 =   0.714362
  2 ->   7 =   0.075453
  2 <-   3 =  -0.117370
  2 <-   7 =  -0.072043

 -------------------------------------------------------------
 Excitation n.   3:   5.369618 eV  f = 0.4967  <S**2> = 0.0000
 -------------------------------------------------------------
  2 ->   4 =   0.265208
  2 ->   5 =   0.663416
  2 ->   9 =  -0.071286
  2 <-   5 =  -0.108999

 -------------------------------------------------------------
 Excitation n.   4:   8.331890 eV  f = 0.0000  <S**2> = 0.0000
 -------------------------------------------------------------
  2 ->   6 =  -0.708185

 -------------------------------------------------------------
 Excitation n.   5:   9.369824 eV  f = 0.0006  <S**2> = 0.0000
 -------------------------------------------------------------
  2 ->   7 =   0.241139
  2 ->   8 =  -0.662330

 -------------------------------------------------------------
 Excitation n.   6:   9.369824 eV  f = 0.0006  <S**2> = 0.0000
 -------------------------------------------------------------
  2 ->   9 =  -0.700613

 -------------------------------------------------------------
 Excitation n.   7:   9.369824 eV  f = 0.0006  <S**2> = 0.0000
 -------------------------------------------------------------
  2 ->   7 =  -0.661545
  2 ->   8 =  -0.235391
  2 ->   9 =  -0.077264

 -------------------------------------------------------------
 Excitation n.   8:  15.223558 eV  f = 0.0000  <S**2> = 0.0000
 -------------------------------------------------------------
  2 ->  10 =   0.694025
  2 ->  11 =  -0.135922

 -------------------------------------------------------------
 Excitation n.   9:  15.223558 eV  f = 0.0000  <S**2> = 0.0000
 -------------------------------------------------------------
  2 ->  10 =   0.135770
  2 ->  11 =   0.693587

 -------------------------------------------------------------
 Excitation n.  10:  15.223558 eV  f = 0.0000  <S**2> = 0.0000
 -------------------------------------------------------------
  2 ->  12 =   0.540190
  2 ->  13 =  -0.391899
  2 ->  14 =  -0.233637

Thomas-Reiche-Kuhn sum rule =   1.491841


 *** dynamical TDA activated ***

 ---------------------------------------------------------------------------------------------------
  First-order dynamical correction to static Bethe-Salpeter excitation energies                     
 ---------------------------------------------------------------------------------------------------
  BSE neutral excitation must be lower than the GW gap =   9.949011 eV
 ---------------------------------------------------------------------------------------------------
      #          Static (eV)         Dynamic (eV)      Correction (eV)         Renorm. (eV)
 ---------------------------------------------------------------------------------------------------
      1            5.369618            5.243378           -0.126240            1.018502
      2            5.369618            5.243378           -0.126240            1.018502
      3            5.369618            5.243378           -0.126240            1.018502
      4            8.331890            8.283575           -0.048314            1.008935
      5            9.369824            9.207470           -0.162354            1.018744
      6            9.369824            9.207470           -0.162354            1.018744
      7            9.369824            9.207470           -0.162354            1.018744
      8           15.223558           15.082611           -0.140947            1.015761
      9           15.223558           15.082611           -0.140947            1.015761
     10           15.223558           15.082611           -0.140947            1.015761
 ---------------------------------------------------------------------------------------------------


 -------------------------------------------------------------
   BSE@GW       calculation: triplet        manifold
 -------------------------------------------------------------
 | State |  Excitation energy (au) |  Excitation energy (eV) |
 -------------------------------------------------------------
 |     1 |                0.087068 |                2.369230 |
 |     2 |                0.087068 |                2.369230 |
 |     3 |                0.087068 |                2.369230 |
 |     4 |                0.253631 |                6.901662 |
 |     5 |                0.304880 |                8.296218 |
 |     6 |                0.304880 |                8.296218 |
 |     7 |                0.304880 |                8.296218 |
 |     8 |                0.507838 |               13.818979 |
 |     9 |                0.507838 |               13.818979 |
 |    10 |                0.507838 |               13.818979 |
 |    11 |                0.507838 |               13.818979 |
 |    12 |                0.507838 |               13.818979 |
 |    13 |                0.732061 |               19.920399 |
 |    14 |                0.794381 |               21.616205 |
 |    15 |                0.794381 |               21.616205 |
 |    16 |                0.794381 |               21.616205 |
 |    17 |                1.361398 |               37.045530 |
 |    18 |                1.361398 |               37.045530 |
 |    19 |                1.361398 |               37.045530 |
 |    20 |                1.361398 |               37.045530 |
 -------------------------------------------------------------

 -------------------------------------------------------------
 Excitation n.   1:   2.369230 eV  f = 0.0000  <S**2> = 2.0000
 -------------------------------------------------------------
  2 ->   3 =   0.667806
  2 ->   7 =   0.276529
  2 <-   3 =   0.135435
  2 <-   7 =   0.079742

 -------------------------------------------------------------
 Excitation n.   2:   2.369230 eV  f = 0.0000  <S**2> = 2.0000
 -------------------------------------------------------------
  2 ->   4 =  -0.215691
  2 ->   5 =  -0.632237
  2 ->   8 =  -0.078504
  2 ->   9 =   0.265352
  2 <-   5 =  -0.128221
  2 <-   9 =   0.076519

 -------------------------------------------------------------
 Excitation n.   3:   2.369230 eV  f = 0.0000  <S**2> = 2.0000
 -------------------------------------------------------------
  2 ->   4 =  -0.632549
  2 ->   5 =   0.215220
  2 ->   8 =  -0.265636
  2 ->   9 =  -0.079357
  2 <-   4 =  -0.128284
  2 <-   8 =  -0.076601

 -------------------------------------------------------------
 Excitation n.   4:   6.901662 eV  f = 0.0000  <S**2> = 2.0000
 -------------------------------------------------------------
  2 ->   6 =   0.704029
  2 ->  15 =  -0.074003

 -------------------------------------------------------------
 Excitation n.   5:   8.296218 eV  f = 0.0000  <S**2> = 2.0000
 -------------------------------------------------------------
  2 ->   3 =   0.115564
  2 ->   4 =  -0.200540
  2 ->   5 =   0.135479
  2 ->   7 =  -0.250252
  2 ->   8 =   0.517179
  2 ->   9 =   0.304713

 -------------------------------------------------------------
 Excitation n.   6:   8.296218 eV  f = 0.0000  <S**2> = 2.0000
 -------------------------------------------------------------
  2 ->   3 =   0.241415
  2 ->   4 =   0.106076
  2 ->   7 =  -0.600227
  2 ->   8 =  -0.219552
  2 ->   9 =  -0.120311

 -------------------------------------------------------------
 Excitation n.   7:   8.296218 eV  f = 0.0000  <S**2> = 2.0000
 -------------------------------------------------------------
  2 ->   4 =   0.143029
  2 ->   5 =   0.226228
  2 ->   8 =  -0.327525
  2 ->   9 =   0.561805
  2 ->  18 =  -0.075792

 -------------------------------------------------------------
 Excitation n.   8:  13.818979 eV  f = 0.0000  <S**2> = 2.0000
 -------------------------------------------------------------
  2 ->  10 =   0.654030
  2 ->  11 =  -0.267489

 -------------------------------------------------------------
 Excitation n.   9:  13.818979 eV  f = 0.0000  <S**2> = 2.0000
 -------------------------------------------------------------
  2 ->  10 =  -0.267487
  2 ->  11 =  -0.654033

 -------------------------------------------------------------
 Excitation n.  10:  13.818979 eV  f = 0.0000  <S**2> = 2.0000
 -------------------------------------------------------------
  2 ->  12 =  -0.332793
  2 ->  13 =   0.321328
  2 ->  14 =  -0.534141

Thomas-Reiche-Kuhn sum rule =   0.000000


 *** dynamical TDA activated ***

 ---------------------------------------------------------------------------------------------------
  First-order dynamical correction to static Bethe-Salpeter excitation energies                     
 ---------------------------------------------------------------------------------------------------
  BSE neutral excitation must be lower than the GW gap =   9.949011 eV
 ---------------------------------------------------------------------------------------------------
      #          Static (eV)         Dynamic (eV)      Correction (eV)         Renorm. (eV)
 ---------------------------------------------------------------------------------------------------
      1            2.369230            2.076388           -0.292843            1.019954
      2            2.369230            2.076388           -0.292843            1.019954
      3            2.369230            2.076388           -0.292843            1.019954
      4            6.901662            6.813961           -0.087701            1.009039
      5            8.296218            8.173294           -0.122924            1.007605
      6            8.296218            8.173294           -0.122924            1.007605
      7            8.296218            8.173294           -0.122924            1.007605
      8           13.818979           13.648138           -0.170841            1.014063
      9           13.818979           13.648138           -0.170841            1.014063
     10           13.818979           13.648138           -0.170841            1.014063
 ---------------------------------------------------------------------------------------------------


 -------------------------------------------------------------------------------
          Tr@BSE@G0W0 correlation energy (singlet) =       -0.0526071249
          Tr@BSE@G0W0 correlation energy (triplet) =       -0.0239979104
          Tr@BSE@G0W0 correlation energy           =       -0.0766050354
          Tr@BSE@G0W0 total energy                 =      -14.6494750632
 -------------------------------------------------------------------------------

                                       Total CPU time for G0W0 =      0.072 seconds


 ************************************************
 |          One-shot G0T0 calculation           |
 ************************************************


 -------------------------------------------------------------
   pp-RPA (N+2) calculation: alpha-beta     manifold
 -------------------------------------------------------------
 | State |  Excitation energy (au) |  Excitation energy (eV) |
 -------------------------------------------------------------
 |     1 |                0.271715 |                7.393741 |
 |     2 |                0.271715 |                7.393741 |
 |     3 |                0.271715 |                7.393741 |
 |     4 |                0.290891 |                7.915534 |
 |     5 |                0.290891 |                7.915534 |
 |     6 |                0.290891 |                7.915534 |
 |     7 |                0.290891 |                7.915534 |
 |     8 |                0.290891 |                7.915534 |
 |     9 |                0.308902 |                8.405650 |
 |    10 |                0.342573 |                9.321875 |
 |    11 |                0.342573 |                9.321875 |
 |    12 |                0.342573 |                9.321875 |
 |    13 |                0.383010 |               10.422244 |
 |    14 |                0.383010 |               10.422244 |
 |    15 |                0.383010 |               10.422244 |
 |    16 |                0.432753 |               11.775816 |
 |    17 |                0.443964 |               12.080863 |
 |    18 |                0.443964 |               12.080863 |
 |    19 |                0.443964 |               12.080863 |
 |    20 |                0.450351 |               12.254675 |
 -------------------------------------------------------------


 -------------------------------------------------------------
   pp-RPA (N-2) calculation: alpha-beta     manifold
 -------------------------------------------------------------
 | State |  Excitation energy (au) |  Excitation energy (eV) |
 -------------------------------------------------------------
 |     1 |              -11.740135 |             -319.465338 |
 |     2 |               -5.535015 |             -150.615418 |
 |     3 |               -5.497200 |             -149.586432 |
 |     4 |               -0.946746 |              -25.762263 |
 -------------------------------------------------------------


 -------------------------------------------------------------
   pp-RPA (N+2) calculation: alpha-alpha    manifold
 -------------------------------------------------------------
 | State |  Excitation energy (au) |  Excitation energy (eV) |
 -------------------------------------------------------------
 |     1 |                0.271715 |                7.393741 |
 |     2 |                0.271715 |                7.393741 |
 |     3 |                0.271715 |                7.393741 |
 |     4 |                0.342573 |                9.321875 |
 |     5 |                0.342573 |                9.321875 |
 |     6 |                0.342573 |                9.321875 |
 |     7 |                0.450351 |               12.254675 |
 |     8 |                0.450351 |               12.254675 |
 |     9 |                0.450351 |               12.254675 |
 |    10 |                0.450351 |               12.254675 |
 |    11 |                0.450351 |               12.254675 |
 |    12 |                0.465067 |               12.655130 |
 |    13 |                0.483918 |               13.168077 |
 |    14 |                0.483918 |               13.168077 |
 |    15 |                0.483918 |               13.168077 |
 |    16 |                0.530563 |               14.437360 |
 |    17 |                0.530563 |               14.437360 |
 |    18 |                0.530563 |               14.437360 |
 |    19 |                0.679445 |               18.488642 |
 |    20 |                0.679445 |               18.488642 |
 -------------------------------------------------------------


 -------------------------------------------------------------
   pp-RPA (N-2) calculation: alpha-alpha    manifold
 -------------------------------------------------------------
 | State |  Excitation energy (au) |  Excitation energy (eV) |
 -------------------------------------------------------------
 |     1 |               -5.497200 |             -149.586432 |
 -------------------------------------------------------------

 -------------------------------------------------------------------------------
   One-shot G0T0 calculation (T-matrix self-energy)  
 -------------------------------------------------------------------------------
 |   # |       e_HF (eV) |    Sigma_T (eV) |               Z |       e_QP (eV) |
 -------------------------------------------------------------------------------
 |   1 |     -128.780131 |        2.789996 |        0.938962 |     -126.160432 |
 |   2 |       -8.415253 |       -0.200398 |        0.986161 |       -8.612878 |
 |   3 |        1.326798 |       -0.375550 |        0.984857 |        0.956935 |
 |   4 |        1.326798 |       -0.375550 |        0.984857 |        0.956935 |
 |   5 |        1.326798 |       -0.375550 |        0.984857 |        0.956935 |
 |   6 |        3.843232 |       -0.286595 |        0.985728 |        3.560728 |
 |   7 |        6.279592 |       -0.500088 |        0.980786 |        5.789113 |
 |   8 |        6.279592 |       -0.500088 |        0.980786 |        5.789113 |
 |   9 |        6.279592 |       -0.500088 |        0.980786 |        5.789113 |
 |  10 |       12.460639 |       -0.763853 |        0.929198 |       11.750868 |
 |  11 |       12.460639 |       -0.763853 |        0.929198 |       11.750868 |
 |  12 |       12.460639 |       -0.763853 |        0.929198 |       11.750868 |
 |  13 |       12.460639 |       -0.763853 |        0.929198 |       11.750868 |
 |  14 |       12.460639 |       -0.763853 |        0.929198 |       11.750868 |
 |  15 |       19.270982 |       -0.796101 |        0.905733 |       18.549927 |
 |  16 |       20.243927 |       -0.980423 |        0.870892 |       19.390085 |
 |  17 |       20.243927 |       -0.980423 |        0.870892 |       19.390085 |
 |  18 |       20.243927 |       -0.980423 |        0.870892 |       19.390085 |
 |  19 |       36.980243 |       -0.078919 |        0.454072 |       36.944408 |
 |  20 |       36.980243 |       -0.078919 |        0.454072 |       36.944408 |
 |  21 |       36.980243 |       -0.078919 |        0.454072 |       36.944408 |
 |  22 |       36.980243 |       -0.078919 |        0.454072 |       36.944408 |
 |  23 |       36.980243 |       -0.078919 |        0.454072 |       36.944408 |
 |  24 |       37.205840 |        0.788737 |        0.627649 |       37.700891 |
 |  25 |       37.205840 |        0.788737 |        0.627649 |       37.700891 |
 |  26 |       37.205840 |        0.788737 |        0.627649 |       37.700891 |
 |  27 |       37.205840 |        0.788737 |        0.627649 |       37.700891 |
 |  28 |       37.205840 |        0.788737 |        0.627649 |       37.700891 |
 |  29 |       37.205840 |        0.788737 |        0.627649 |       37.700891 |
 |  30 |       37.205840 |        0.788737 |        0.627649 |       37.700891 |
 |  31 |       46.305481 |       -0.859798 |        0.925338 |       45.509877 |
 |  32 |       46.305481 |       -0.859798 |        0.925338 |       45.509877 |
 |  33 |       46.305481 |       -0.859798 |        0.925338 |       45.509877 |
 |  34 |       56.468569 |       -1.917513 |        0.828069 |       54.880736 |
 |  35 |      245.620476 |       -1.722077 |        0.903642 |      244.064334 |
 -------------------------------------------------------------------------------
             G0T0 HOMO      energy (eV)            =      -8.612878 eV
             G0T0 LUMO      energy (eV)            =       0.956935 eV
             G0T0 HOMO-LUMO gap    (eV)            =       9.569813 eV
 -------------------------------------------------------------------------------
        Tr@ppRPA@G0T0 correlation energy (singlet) =       -0.0263795789 au
        Tr@ppRPA@G0T0 correlation energy (triplet) =       -0.0006217557 au
        Tr@ppRPA@G0T0 correlation energy           =       -0.0270013346 au
        Tr@ppRPA@G0T0 total energy                 =      -14.5998713625 au
              GM@G0T0 correlation energy           =       -0.0445599377 au
              GM@G0T0 total energy                 =      -14.6174299656 au
 -------------------------------------------------------------------------------


 -------------------------------------------------------------
   BSE@GT       calculation: singlet        manifold
 -------------------------------------------------------------
 | State |  Excitation energy (au) |  Excitation energy (eV) |
 -------------------------------------------------------------
 |     1 |                0.182733 |                4.972414 |
 |     2 |                0.182733 |                4.972414 |
 |     3 |                0.182733 |                4.972414 |
 |     4 |                0.282889 |                7.697802 |
 |     5 |                0.319101 |                8.683170 |
 |     6 |                0.319101 |                8.683170 |
 |     7 |                0.319101 |                8.683170 |
 |     8 |                0.500026 |               13.606392 |
 |     9 |                0.500026 |               13.606392 |
 |    10 |                0.500026 |               13.606392 |
 |    11 |                0.500026 |               13.606392 |
 |    12 |                0.500026 |               13.606392 |
 |    13 |                0.754227 |               20.523556 |
 |    14 |                0.754227 |               20.523556 |
 |    15 |                0.754227 |               20.523556 |
 |    16 |                0.758957 |               20.652270 |
 |    17 |                1.354905 |               36.868834 |
 |    18 |                1.354905 |               36.868834 |
 |    19 |                1.354905 |               36.868834 |
 |    20 |                1.354905 |               36.868834 |
 -------------------------------------------------------------

 ---------------------------------------------------------------
                 Transition dipole moment (au)                  
 ---------------------------------------------------------------
  #           X           Y           Z   dip. str.   osc. str.
 ---------------------------------------------------------------
  1   -2.087942    0.595563   -0.609533    5.085727    0.619553
  2    0.573636   -0.210635   -2.170784    5.085727    0.619553
  3   -0.630213   -2.164870    0.043526    5.085727    0.619553
  4   -0.000000    0.000000   -0.000000    0.000000    0.000000
  5    0.037868   -0.067335    0.089280    0.013939    0.002965
  6    0.105612    0.052518   -0.005186    0.013939    0.002965
  7    0.036756   -0.081528   -0.077079    0.013939    0.002965
  8   -0.000000    0.000000    0.000000    0.000000    0.000000
  9    0.000000   -0.000000   -0.000000    0.000000    0.000000
 10    0.000000    0.000000    0.000000    0.000000    0.000000
 ---------------------------------------------------------------

 -------------------------------------------------------------
 Excitation n.   1:   4.972414 eV  f = 0.6196  <S**2> = 0.0000
 -------------------------------------------------------------
  2 ->   3 =  -0.182598
  2 ->   4 =  -0.213386
  2 ->   5 =  -0.636334
  2 ->   9 =   0.115508

 -------------------------------------------------------------
 Excitation n.   2:   4.972414 eV  f = 0.6196  <S**2> = 0.0000
 -------------------------------------------------------------
  2 ->   3 =  -0.671031
  2 ->   5 =   0.177421
  2 ->   7 =  -0.119634

 -------------------------------------------------------------
 Excitation n.   3:   4.972414 eV  f = 0.6196  <S**2> = 0.0000
 -------------------------------------------------------------
  2 ->   4 =  -0.660474
  2 ->   5 =   0.217710
  2 ->   8 =  -0.120465

 -------------------------------------------------------------
 Excitation n.   4:   7.697802 eV  f = 0.0000  <S**2> = 0.0000
 -------------------------------------------------------------
  2 ->   6 =   0.706666

 -------------------------------------------------------------
 Excitation n.   5:   8.683170 eV  f = 0.0030  <S**2> = 0.0000
 -------------------------------------------------------------
  2 ->   3 =   0.095997
  2 ->   5 =   0.075686
  2 ->   7 =  -0.510572
  2 ->   8 =   0.250018
  2 ->   9 =   0.391583

 -------------------------------------------------------------
 Excitation n.   6:   8.683170 eV  f = 0.0030  <S**2> = 0.0000
 -------------------------------------------------------------
  2 ->   4 =   0.111394
  2 ->   8 =  -0.590128
  2 ->   9 =   0.357867

 -------------------------------------------------------------
 Excitation n.   7:   8.683170 eV  f = 0.0030  <S**2> = 0.0000
 -------------------------------------------------------------
  2 ->   3 =  -0.083849
  2 ->   5 =   0.081978
  2 ->   7 =   0.464366
  2 ->   8 =   0.256457
  2 ->   9 =   0.441729

 -------------------------------------------------------------
 Excitation n.   8:  13.606392 eV  f = 0.0000  <S**2> = 0.0000
 -------------------------------------------------------------
  2 ->  10 =  -0.452923
  2 ->  11 =   0.541540

 -------------------------------------------------------------
 Excitation n.   9:  13.606392 eV  f = 0.0000  <S**2> = 0.0000
 -------------------------------------------------------------
  2 ->  10 =   0.541626
  2 ->  11 =   0.451962

 -------------------------------------------------------------
 Excitation n.  10:  13.606392 eV  f = 0.0000  <S**2> = 0.0000
 -------------------------------------------------------------
  2 ->  12 =   0.606953
  2 ->  13 =   0.175847
  2 ->  14 =  -0.313144

Thomas-Reiche-Kuhn sum rule =   1.867554


 *** dynamical TDA activated ***

 ---------------------------------------------------------------------------------------------------
  First-order dynamical correction to static Bethe-Salpeter excitation energies                     
 ---------------------------------------------------------------------------------------------------
  BSE neutral excitation must be lower than the GT gap =   9.569813 eV
 ---------------------------------------------------------------------------------------------------
      #          Static (eV)         Dynamic (eV)      Correction (eV)         Renorm. (eV)
 ---------------------------------------------------------------------------------------------------
      1            4.972414            4.931515           -0.040899            1.000906
      2            4.972414            4.931515           -0.040899            1.000906
      3            4.972414            4.931515           -0.040899            1.000906
      4            7.697802            7.704092            0.006290            0.995833
      5            8.683170            8.730432            0.047262            0.996403
      6            8.683170            8.730432            0.047262            0.996403
      7            8.683170            8.730432            0.047262            0.996403
      8           13.606392           13.652405            0.046013            0.990731
      9           13.606392           13.652405            0.046013            0.990731
     10           13.606392           13.652405            0.046013            0.990731
 ---------------------------------------------------------------------------------------------------


 -------------------------------------------------------------
   BSE@GT       calculation: triplet        manifold
 -------------------------------------------------------------
 | State |  Excitation energy (au) |  Excitation energy (eV) |
 -------------------------------------------------------------
 |     1 |                0.076384 |                2.078507 |
 |     2 |                0.076384 |                2.078507 |
 |     3 |                0.076384 |                2.078507 |
 |     4 |                0.247160 |                6.725561 |
 |     5 |                0.296583 |                8.070438 |
 |     6 |                0.296583 |                8.070438 |
 |     7 |                0.296583 |                8.070438 |
 |     8 |                0.471708 |               12.835819 |
 |     9 |                0.471708 |               12.835819 |
 |    10 |                0.471708 |               12.835819 |
 |    11 |                0.471708 |               12.835819 |
 |    12 |                0.471708 |               12.835819 |
 |    13 |                0.714636 |               19.446242 |
 |    14 |                0.738705 |               20.101188 |
 |    15 |                0.738705 |               20.101188 |
 |    16 |                0.738705 |               20.101188 |
 |    17 |                1.326538 |               36.096939 |
 |    18 |                1.326538 |               36.096939 |
 |    19 |                1.326538 |               36.096939 |
 |    20 |                1.326538 |               36.096939 |
 -------------------------------------------------------------

 -------------------------------------------------------------
 Excitation n.   1:   2.078507 eV  f = 0.0000  <S**2> = 2.0000
 -------------------------------------------------------------
  2 ->   4 =  -0.629113
  2 ->   5 =   0.180327
  2 ->   8 =  -0.262363

 -------------------------------------------------------------
 Excitation n.   2:   2.078507 eV  f = 0.0000  <S**2> = 2.0000
 -------------------------------------------------------------
  2 ->   3 =  -0.632072
  2 ->   5 =  -0.160671
  2 ->   7 =  -0.263334

 -------------------------------------------------------------
 Excitation n.   3:   2.078507 eV  f = 0.0000  <S**2> = 2.0000
 -------------------------------------------------------------
  2 ->   3 =  -0.169663
  2 ->   4 =   0.171894
  2 ->   5 =   0.608319
  2 ->   9 =  -0.255259

 -------------------------------------------------------------
 Excitation n.   4:   6.725561 eV  f = 0.0000  <S**2> = 2.0000
 -------------------------------------------------------------
  2 ->   6 =   0.703038
  2 ->  15 =  -0.077353

 -------------------------------------------------------------
 Excitation n.   5:   8.070438 eV  f = 0.0000  <S**2> = 2.0000
 -------------------------------------------------------------
  2 ->   3 =   0.138108
  2 ->   4 =   0.121371
  2 ->   5 =  -0.200811
  2 ->   7 =  -0.339521
  2 ->   8 =  -0.282297
  2 ->   9 =  -0.471873

 -------------------------------------------------------------
 Excitation n.   6:   8.070438 eV  f = 0.0000  <S**2> = 2.0000
 -------------------------------------------------------------
  2 ->   4 =   0.239172
  2 ->   5 =   0.127802
  2 ->   8 =  -0.558264
  2 ->   9 =   0.325309
  2 ->  18 =  -0.074259

 -------------------------------------------------------------
 Excitation n.   7:   8.070438 eV  f = 0.0000  <S**2> = 2.0000
 -------------------------------------------------------------
  2 ->   3 =  -0.233372
  2 ->   5 =  -0.132180
  2 ->   7 =   0.549736
  2 ->   8 =  -0.162110
  2 ->   9 =  -0.298563
  2 ->  17 =  -0.078724

 -------------------------------------------------------------
 Excitation n.   8:  12.835819 eV  f = 0.0000  <S**2> = 2.0000
 -------------------------------------------------------------
  2 ->  10 =  -0.204366
  2 ->  11 =  -0.673902

 -------------------------------------------------------------
 Excitation n.   9:  12.835819 eV  f = 0.0000  <S**2> = 2.0000
 -------------------------------------------------------------
  2 ->  10 =   0.668268
  2 ->  11 =  -0.204771
  2 ->  12 =  -0.100648

 -------------------------------------------------------------
 Excitation n.  10:  12.835819 eV  f = 0.0000  <S**2> = 2.0000
 -------------------------------------------------------------
  2 ->  10 =  -0.082360
  2 ->  12 =  -0.652764
  2 ->  13 =  -0.167931
  2 ->  14 =   0.193110

Thomas-Reiche-Kuhn sum rule =   0.000000


 *** dynamical TDA activated ***

 ---------------------------------------------------------------------------------------------------
  First-order dynamical correction to static Bethe-Salpeter excitation energies                     
 ---------------------------------------------------------------------------------------------------
  BSE neutral excitation must be lower than the GT gap =   9.569813 eV
 ---------------------------------------------------------------------------------------------------
      #          Static (eV)         Dynamic (eV)      Correction (eV)         Renorm. (eV)
 ---------------------------------------------------------------------------------------------------
      1            2.078507            1.862075           -0.216432            1.008354
      2            2.078507            1.862075           -0.216432            1.008354
      3            2.078507            1.862075           -0.216432            1.008354
      4            6.725561            6.605202           -0.120359            1.009854
      5            8.070438            7.997302           -0.073136            1.005198
      6            8.070438            7.997302           -0.073136            1.005198
      7            8.070438            7.997302           -0.073136            1.005198
      8           12.835819           12.750959           -0.084860            1.014638
      9           12.835819           12.750959           -0.084860            1.014638
     10           12.835819           12.750959           -0.084860            1.014638
 ---------------------------------------------------------------------------------------------------


 -------------------------------------------------------------------------------
          Tr@BSE@G0T0 correlation energy (singlet) =       -0.0052525410 au
          Tr@BSE@G0T0 correlation energy (triplet) =       -0.0062679128 au
          Tr@BSE@G0T0 correlation energy           =       -0.0115204538 au
          Tr@BSE@G0T0 total energy                 =      -14.5843904817 au
 -------------------------------------------------------------------------------

                                       Total CPU time for G0T0 =     33.173 seconds

                                      Total CPU time for QuAcK =     40.770 seconds

