78 significant shell pairs computed in 0.000090 seconds
0
Computed Electron repulsion integrals Integrals in parallel in 0.241945 seconds

 ******************************************************************************************
 *            QuAcK                       QuAcK                         QuAcK             *
 *   __        __        __       __        __        __       __        __        __     *
 * <(o )___  <(o )___  <(o )___ <(o )___  <(o )___  <(o )___ <(o )___  <(o )___  <(o )___ *
 * ( ._> /   ( ._> /   ( ._> /  ( ._> /   ( ._> /   ( ._> /  ( ._> /   ( ._> /   ( ._> /  *
 *|--------------------------------------------------------------------------------------|*
 ******************************************************************************************

      ----------------------
             Number of atoms                3
      ----------------------

      ----------------------
Number of spin-up   electron                3
Number of spin-down electron                3
    Total number of electron                6
      ----------------------

      ----------------------
Number of core      electron                0
Number of Rydberg   electron                0
      ----------------------

          ------------------
          Molecular geometry
          ------------------
                    Atom n.                 1
                        Z =      4.0000000000
           Atom coordinates:     0.0000000000    0.0000000000    0.0000000000
                    Atom n.                 2
                        Z =      1.0000000000
           Atom coordinates:     0.0000000000    0.0000000000    2.5065327328
                    Atom n.                 3
                        Z =      1.0000000000
           Atom coordinates:     0.0000000000    0.0000000000   -2.5065327328

          ------------------
 Nuclear repulsion energy =      3.3911386390
          ------------------

          Gaussian basis set
          ------------------
                    Atom n.                 1
           number of shells                 6
          ------------------
      s-type shell with K =                 9
                                    Exponents     Contraction
                              2940.0000000000    0.0006800000
                               441.2000000000    0.0052360000
                               100.5000000000    0.0266060000
                                28.4300000000    0.0999930000
                                 9.1690000000    0.2697020000
                                 3.1960000000    0.4514690000
                                 1.1590000000    0.2950740000
                                 0.1811000000    0.0125870000
                                 0.0589000000   -0.0037560000
      s-type shell with K =                 9
                                    Exponents     Contraction
                              2940.0000000000   -0.0001230000
                               441.2000000000   -0.0009660000
                               100.5000000000   -0.0048310000
                                28.4300000000   -0.0193140000
                                 9.1690000000   -0.0532800000
                                 3.1960000000   -0.1207230000
                                 1.1590000000   -0.1334350000
                                 0.1811000000    0.5307670000
                                 0.0589000000    0.5801170000
      s-type shell with K =                 1
                                    Exponents     Contraction
                                 0.0589000000    1.0000000000
      p-type shell with K =                 4
                                    Exponents     Contraction
                                 3.6190000000    0.0291110000
                                 0.7110000000    0.1693650000
                                 0.1951000000    0.5134580000
                                 0.0601800000    0.4793380000
      p-type shell with K =                 1
                                    Exponents     Contraction
                                 0.0601800000    1.0000000000
      d-type shell with K =                 1
                                    Exponents     Contraction
                                 0.2354000000    1.0000000000
          ------------------
                    Atom n.                 2
           number of shells                 3
          ------------------
      s-type shell with K =                 4
                                    Exponents     Contraction
                                13.0100000000    0.0196850000
                                 1.9620000000    0.1379770000
                                 0.4446000000    0.4781480000
                                 0.1220000000    0.5012400000
      s-type shell with K =                 1
                                    Exponents     Contraction
                                 0.1220000000    1.0000000000
      p-type shell with K =                 1
                                    Exponents     Contraction
                                 0.7270000000    1.0000000000
          ------------------
                    Atom n.                 3
           number of shells                 3
          ------------------
      s-type shell with K =                 4
                                    Exponents     Contraction
                                13.0100000000    0.0196850000
                                 1.9620000000    0.1379770000
                                 0.4446000000    0.4781480000
                                 0.1220000000    0.5012400000
      s-type shell with K =                 1
                                    Exponents     Contraction
                                 0.1220000000    1.0000000000
      p-type shell with K =                 1
                                    Exponents     Contraction
                                 0.7270000000    1.0000000000
          ------------------
            Number of shells               12
          ------------------

          ------------------
   Number of basis functions               25
          ------------------

 Scaling integrals by    1.0000000000000000     

                          Total CPU time for reading integrals =      0.022 seconds


 ************************************************
 |    Restricted Hartree-Fock calculation       |
 ************************************************


 ----------------------------------------------------
 | RHF calculation                                  |
 ----------------------------------------------------
 |   # |        HF energy |       Conv |     HL Gap |
 ----------------------------------------------------
 |   1 |   -16.0989779960 |   0.228593 |   0.528021 |
 |   2 |   -15.8034520642 |   0.018776 |   0.521373 |
 |   3 |   -15.7731364815 |   0.003724 |   0.517846 |
 |   4 |   -15.7684342359 |   0.000882 |   0.517325 |
 |   5 |   -15.7675704135 |   0.000224 |   0.517249 |
 |   6 |   -15.7673945680 |   0.000059 |   0.517237 |
 |   7 |   -15.7673560362 |   0.000016 |   0.517236 |
 |   8 |   -15.7673471296 |   0.000004 |   0.517235 |
 |   9 |   -15.7673449908 |   0.000001 |   0.517236 |
 |  10 |   -15.7673444630 |   0.000000 |   0.517236 |
 |  11 |   -15.7673443302 |   0.000000 |   0.517236 |
 ----------------------------------------------------

         -----------------------------------------
           Summary              
         -----------------------------------------
           One-electron energy:    -27.0850817078 au
           Kinetic      energy:     15.7532139763 au
           Potential    energy:    -42.8382956841 au
         -----------------------------------------
           Two-electron energy:      7.9265987387 au
           Hartree      energy:     11.3769786082 au
           Exchange     energy:     -3.4503798695 au
         -----------------------------------------
           Electronic   energy:    -19.1584829692 au
           Nuclear   repulsion:      3.3911386390 au
           RHF          energy:    -15.7673443302 au
         -----------------------------------------
           HF HOMO      energy:        -12.166231 eV
           HF LUMO      energy:          1.908465 eV
           HF HOMO-LUMO gap   :         14.074696 eV
         -----------------------------------------
          Dipole moment (Debye)    
                   X         Y         Z      Tot.
            0.000000  0.000000  0.000000  0.000000
         -----------------------------------------

           ---------------------------------------
                 MO coefficients
           ---------------------------------------
                 1              2              3              4              5
      1     1.00098212    -0.04176354     0.00000000     0.00000000     0.00000000
      2     0.01293103     0.68566554     0.00000000     0.00000000     0.00000000
      3    -0.00496073    -0.23818654     0.00000000     0.00000000     0.00000000
      4     0.00000000     0.00000000     0.00000000    -0.17922787    -0.35159521
      5     0.00000000     0.00000000     0.00000000     0.35159521    -0.17922787
      6     0.00000000     0.00000000     0.63207055     0.00000000     0.00000000
      7     0.00000000     0.00000000     0.00000000    -0.28920788    -0.56734537
      8     0.00000000     0.00000000     0.00000000     0.56734537    -0.28920788
      9     0.00000000     0.00000000    -0.17372009     0.00000000     0.00000000
     10    -0.00339628    -0.02077538     0.00000000     0.00000000     0.00000000
     11     0.00000000     0.00000000     0.00000000     0.00000000     0.00000000
     12     0.00000000     0.00000000     0.00000000     0.00000000     0.00000000
     13    -0.00339628    -0.02077538     0.00000000     0.00000000     0.00000000
     14     0.00000000     0.00000000     0.00000000     0.00000000     0.00000000
     15    -0.00402483     0.02929102     0.00000000     0.00000000     0.00000000
     16     0.00373945     0.47132753     0.52687339     0.00000000     0.00000000
     17    -0.00159347    -0.06318444    -0.14014296     0.00000000     0.00000000
     18     0.00000000     0.00000000     0.00000000    -0.00509062    -0.00998637
     19     0.00000000     0.00000000     0.00000000     0.00998637    -0.00509062
     20    -0.00104763    -0.01985659    -0.01462172     0.00000000     0.00000000
     21     0.00373945     0.47132753    -0.52687339     0.00000000     0.00000000
     22    -0.00159347    -0.06318444     0.14014296     0.00000000     0.00000000
     23     0.00000000     0.00000000     0.00000000    -0.00509062    -0.00998637
     24     0.00000000     0.00000000     0.00000000     0.00998637    -0.00509062
     25     0.00104763     0.01985659    -0.01462172     0.00000000     0.00000000
                 6              7              8              9             10
      1    -0.10899784     0.00000000    -0.56503038     0.00000000     0.00000000
      2    -0.32929611     0.00000000    -2.89685630     0.00000000     0.00000000
      3     2.60284906     0.00000000     2.36466007     0.00000000     0.00000000
      4     0.00000000     0.00000000     0.00000000     0.55944653    -1.79695536
      5     0.00000000     0.00000000     0.00000000    -1.79695536    -0.55944653
      6     0.00000000     0.30712361     0.00000000     0.00000000     0.00000000
      7     0.00000000     0.00000000     0.00000000    -0.54312812     1.74454024
      8     0.00000000     0.00000000     0.00000000     1.74454024     0.54312812
      9     0.00000000    -2.51560764     0.00000000     0.00000000     0.00000000
     10    -0.09049249     0.00000000    -0.24992833     0.00000000     0.00000000
     11     0.00000000     0.00000000     0.00000000     0.00000000     0.00000000
     12     0.00000000     0.00000000     0.00000000     0.00000000     0.00000000
     13    -0.09049249     0.00000000    -0.24992833     0.00000000     0.00000000
     14     0.00000000     0.00000000     0.00000000     0.00000000     0.00000000
     15     0.03979643     0.00000000    -0.20240251     0.00000000     0.00000000
     16    -0.28690914     0.08144725     0.09909594     0.00000000     0.00000000
     17    -0.97183483     1.32423169     0.65584011     0.00000000     0.00000000
     18     0.00000000     0.00000000     0.00000000     0.00721547    -0.02317627
     19     0.00000000     0.00000000     0.00000000    -0.02317627    -0.00721547
     20     0.02892587    -0.01973794    -0.00154128     0.00000000     0.00000000
     21    -0.28690914    -0.08144725     0.09909594     0.00000000     0.00000000
     22    -0.97183483    -1.32423169     0.65584011     0.00000000     0.00000000
     23     0.00000000     0.00000000     0.00000000     0.00721547    -0.02317627
     24     0.00000000     0.00000000     0.00000000    -0.02317627    -0.00721547
     25    -0.02892587    -0.01973794     0.00154128     0.00000000     0.00000000
                11             12             13             14             15
      1     0.00000000    -0.25050440     0.00000000     0.00000000     0.00000000
      2     0.00000000    -0.79490469     0.00000000     0.00000000     0.00000000
      3     0.00000000    -1.52550951     0.00000000     0.00000000     0.00000000
      4     0.00000000     0.00000000     0.00000000     0.00000000     0.00000000
      5     0.00000000     0.00000000     0.00000000     0.00000000     0.00000000
      6     2.21503953     0.00000000     0.00000000     0.00000000     0.00000000
      7     0.00000000     0.00000000     0.00000000     0.00000000     0.00000000
      8     0.00000000     0.00000000     0.00000000     0.00000000     0.00000000
      9     0.76932929     0.00000000     0.00000000     0.00000000     0.00000000
     10     0.00000000     0.50663676     0.00000000     0.00000000     0.86602536
     11     0.00000000     0.00000000     0.00000000     0.00000000    -0.00030749
     12     0.00000000     0.00000000     0.78234983    -0.58845194     0.00000000
     13     0.00000000     0.50663676     0.00000000     0.00000000    -0.86602536
     14     0.00000000     0.00000000     0.58845194     0.78234983     0.00000000
     15     0.00000000    -1.05521526     0.00000000     0.00000000     0.00000000
     16     0.13295452    -0.57648748     0.00000000     0.00000000     0.00000000
     17    -2.56122128     2.22987467     0.00000000     0.00000000     0.00000000
     18     0.00000000     0.00000000     0.02001403    -0.01505375     0.00000000
     19     0.00000000     0.00000000     0.01505375     0.02001403     0.00000000
     20    -0.02694593    -0.10990624     0.00000000     0.00000000     0.00000000
     21    -0.13295452    -0.57648748     0.00000000     0.00000000     0.00000000
     22     2.56122128     2.22987467     0.00000000     0.00000000     0.00000000
     23     0.00000000     0.00000000    -0.02001403     0.01505375     0.00000000
     24     0.00000000     0.00000000    -0.01505375    -0.02001403     0.00000000
     25    -0.02694593     0.10990624     0.00000000     0.00000000     0.00000000
                16             17             18             19             20
      1     0.00000000     0.00000000    -0.37932544     0.00000000     0.00000000
      2     0.00000000     0.00000000    -3.84244839     0.00000000     0.00000000
      3     0.00000000     0.00000000     1.47489401     0.00000000     0.00000000
      4     0.00000000     0.00000000     0.00000000     0.23010041     0.46650407
      5     0.00000000     0.00000000     0.00000000     0.46650407    -0.23010041
      6     0.00000000    -0.76634090     0.00000000     0.00000000     0.00000000
      7     0.00000000     0.00000000     0.00000000    -0.09840091    -0.19949735
      8     0.00000000     0.00000000     0.00000000    -0.19949735     0.09840091
      9     0.00000000     1.89275846     0.00000000     0.00000000     0.00000000
     10    -0.00026629     0.00000000     1.38242770     0.00000000     0.00000000
     11    -0.99999995     0.00000000     0.00000000     0.00000000     0.00000000
     12     0.00000000     0.00000000     0.00000000     0.00000000     0.00000000
     13     0.00026629     0.00000000     1.38242770     0.00000000     0.00000000
     14     0.00000000     0.00000000     0.00000000     0.00000000     0.00000000
     15     0.00000000     0.00000000     1.21826821     0.00000000     0.00000000
     16     0.00000000     1.96598890     0.26863919     0.00000000     0.00000000
     17     0.00000000    -2.91853423    -0.47286112     0.00000000     0.00000000
     18     0.00000000     0.00000000     0.00000000    -0.32794542    -0.66487438
     19     0.00000000     0.00000000     0.00000000    -0.66487438     0.32794542
     20     0.00000000     0.08470823     0.13992386     0.00000000     0.00000000
     21     0.00000000    -1.96598890     0.26863919     0.00000000     0.00000000
     22     0.00000000     2.91853423    -0.47286112     0.00000000     0.00000000
     23     0.00000000     0.00000000     0.00000000    -0.32794542    -0.66487438
     24     0.00000000     0.00000000     0.00000000    -0.66487438     0.32794542
     25     0.00000000     0.08470823    -0.13992386     0.00000000     0.00000000
                21             22             23             24             25
      1    -0.15955882     0.00000000     0.00000000     0.85054624     0.00000000
      2    -1.44247311     0.00000000     0.00000000     4.06828035     0.00000000
      3     0.51390745     0.00000000     0.00000000    -1.54107593     0.00000000
      4     0.00000000     0.00000000     0.00000000     0.00000000     0.00000000
      5     0.00000000     0.00000000     0.00000000     0.00000000     0.00000000
      6     0.00000000     0.00000000     0.00000000     0.00000000    -2.67115544
      7     0.00000000     0.00000000     0.00000000     0.00000000     0.00000000
      8     0.00000000     0.00000000     0.00000000     0.00000000     0.00000000
      9     0.00000000     0.00000000     0.00000000     0.00000000     0.59255911
     10     0.09899661     0.00000000     0.00000000    -0.89086894     0.00000000
     11     0.00000000     0.00000000     0.00000000     0.00000000     0.00000000
     12     0.00000000    -0.59797047     0.44495487     0.00000000     0.00000000
     13     0.09899661     0.00000000     0.00000000    -0.89086894     0.00000000
     14     0.00000000    -0.44495487    -0.59797047     0.00000000     0.00000000
     15     2.22555125     0.00000000     0.00000000     2.08415545     0.00000000
     16    -2.03994658     0.00000000     0.00000000    -2.22510762     0.50000397
     17     1.07406108     0.00000000     0.00000000     0.00569154     1.08537913
     18     0.00000000     0.69774043    -0.51919454     0.00000000     0.00000000
     19     0.00000000     0.51919454     0.69774043     0.00000000     0.00000000
     20    -0.27710095     0.00000000     0.00000000     0.99544215    -0.98345715
     21    -2.03994658     0.00000000     0.00000000    -2.22510762    -0.50000397
     22     1.07406108     0.00000000     0.00000000     0.00569154    -1.08537913
     23     0.00000000    -0.69774043     0.51919454     0.00000000     0.00000000
     24     0.00000000    -0.51919454    -0.69774043     0.00000000     0.00000000
     25     0.27710095     0.00000000     0.00000000    -0.99544215    -0.98345715

           ---------------------------------------
                     MO energies
           ---------------------------------------
                 1
      1    -4.67948365
      2    -0.48935771
      3    -0.44710076
      4     0.07013478
      5     0.07013478
      6     0.15193824
      7     0.18213612
      8     0.31689241
      9     0.36389336
     10     0.36389336
     11     0.53721706
     12     0.60510415
     13     0.61140298
     14     0.61140298
     15     0.64878448
     16     0.64878448
     17     1.08886418
     18     1.15788650
     19     1.67147166
     20     1.67147166
     21     1.67242597
     22     2.02791303
     23     2.02791303
     24     2.39233245
     25     2.39735552

                                        Total CPU time for RHF =      0.097 seconds


 AO to MO transformation... Please be patient

                    Total CPU time for AO to MO transformation =      0.682 seconds


 ************************************************
 |      Configuration Interaction Singles       |
 ************************************************


 -------------------------------------------------------------
   CIS          calculation: singlet        manifold
 -------------------------------------------------------------
 | State |  Excitation energy (au) |  Excitation energy (eV) |
 -------------------------------------------------------------
 |     1 |                0.261265 |                7.109394 |
 |     2 |                0.261265 |                7.109394 |
 |     3 |                0.343731 |                9.353409 |
 |     4 |                0.343731 |                9.353409 |
 |     5 |                0.406777 |               11.068959 |
 |     6 |                0.436799 |               11.885898 |
 |     7 |                0.453975 |               12.353302 |
 |     8 |                0.462683 |               12.590247 |
 |     9 |                0.528072 |               14.369573 |
 |    10 |                0.528072 |               14.369573 |
 |    11 |                0.528400 |               14.378502 |
 |    12 |                0.583756 |               15.884816 |
 |    13 |                0.583756 |               15.884816 |
 |    14 |                0.585036 |               15.919633 |
 |    15 |                0.738373 |               20.092143 |
 |    16 |                0.750270 |               20.415875 |
 |    17 |                0.794166 |               21.610366 |
 |    18 |                0.794166 |               21.610366 |
 |    19 |                0.795230 |               21.639323 |
 |    20 |                0.795230 |               21.639323 |
 -------------------------------------------------------------

 ---------------------------------------------------------------
                 Transition dipole moment (au)                  
 ---------------------------------------------------------------
  #           X           Y           Z   dip. str.   osc. str.
 ---------------------------------------------------------------
  1   -0.000000   -0.000000    0.000000    0.000000    0.000000
  2   -0.000000    0.000000   -0.000000    0.000000    0.000000
  3    0.739490    1.322273    0.000000    2.295251    0.525967
  4   -1.322273    0.739490   -0.000000    2.295251    0.525967
  5   -0.000000   -0.000000    1.049754    1.101983    0.298841
  6   -0.000000   -0.000000    0.000000    0.000000    0.000000
  7   -0.000000   -0.000000   -0.000000    0.000000    0.000000
  8   -0.000000   -0.000000   -1.361662    1.854125    0.571915
  9   -0.000000    0.000000   -0.000000    0.000000    0.000000
 10   -0.000000   -0.000000   -0.000000    0.000000    0.000000
 ---------------------------------------------------------------

 -------------------------------------------------------------
 Excitation n.   1:   7.109394 eV  f = 0.0000  <S**2> = 0.0000
 -------------------------------------------------------------
  3 ->   4 =   0.501450
  3 ->   5 =  -0.468961
  3 ->   9 =  -0.138288
  3 ->  10 =  -0.091063

 -------------------------------------------------------------
 Excitation n.   2:   7.109394 eV  f = 0.0000  <S**2> = 0.0000
 -------------------------------------------------------------
  3 ->   4 =  -0.468961
  3 ->   5 =  -0.501450
  3 ->   9 =   0.091063
  3 ->  10 =  -0.138288

 -------------------------------------------------------------
 Excitation n.   3:   9.353409 eV  f = 0.5260  <S**2> = 0.0000
 -------------------------------------------------------------
  2 ->   4 =   0.388528
  2 ->   5 =  -0.580965
  2 ->   9 =  -0.073385
  2 ->  10 =  -0.077357

 -------------------------------------------------------------
 Excitation n.   4:   9.353409 eV  f = 0.5260  <S**2> = 0.0000
 -------------------------------------------------------------
  2 ->   4 =   0.580965
  2 ->   5 =   0.388528
  2 ->   9 =  -0.077357
  2 ->  10 =   0.073385

 -------------------------------------------------------------
 Excitation n.   5:  11.068959 eV  f = 0.2988  <S**2> = 0.0000
 -------------------------------------------------------------
  3 ->   6 =  -0.701074
  3 ->   8 =   0.081530

 -------------------------------------------------------------
 Excitation n.   6:  11.885898 eV  f = 0.0000  <S**2> = 0.0000
 -------------------------------------------------------------
  2 ->   6 =   0.675830
  3 ->   7 =  -0.192940

 -------------------------------------------------------------
 Excitation n.   7:  12.353302 eV  f = 0.0000  <S**2> = 0.0000
 -------------------------------------------------------------
  2 ->   6 =   0.184310
  2 ->   8 =  -0.076340
  3 ->   7 =   0.676625

 -------------------------------------------------------------
 Excitation n.   8:  12.590247 eV  f = 0.5719  <S**2> = 0.0000
 -------------------------------------------------------------
  2 ->   7 =   0.575381
  2 ->  11 =   0.102102
  3 ->   8 =  -0.396278

 -------------------------------------------------------------
 Excitation n.   9:  14.369573 eV  f = 0.0000  <S**2> = 0.0000
 -------------------------------------------------------------
  3 ->   4 =   0.166848
  3 ->   9 =   0.673872
  3 ->  10 =  -0.131808

 -------------------------------------------------------------
 Excitation n.  10:  14.369573 eV  f = 0.0000  <S**2> = 0.0000
 -------------------------------------------------------------
  3 ->   5 =   0.166848
  3 ->   9 =  -0.131808
  3 ->  10 =  -0.673872

Thomas-Reiche-Kuhn sum rule =   1.922689

 ---------------------------------------------------------------------------------------------------
  CIS(D) correction 
 ---------------------------------------------------------------------------------------------------
      #             CIS (eV)          CIS(D) (eV)      Correction (eV)
 ---------------------------------------------------------------------------------------------------
      1            7.109394            6.822648           -0.286745
      2            7.109394            6.822648           -0.286745
      3            9.353409            9.005383           -0.348026
      4            9.353409            9.005383           -0.348026
      5           11.068959           10.813614           -0.255345
      6           11.885898           11.597452           -0.288447
      7           12.353302           12.191921           -0.161381
      8           12.590247           12.582251           -0.007996
      9           14.369573           14.182496           -0.187077
     10           14.369573           14.182496           -0.187077
 ---------------------------------------------------------------------------------------------------


 -------------------------------------------------------------
   CIS          calculation: triplet        manifold
 -------------------------------------------------------------
 | State |  Excitation energy (au) |  Excitation energy (eV) |
 -------------------------------------------------------------
 |     1 |                0.226975 |                6.176315 |
 |     2 |                0.226975 |                6.176315 |
 |     3 |                0.259224 |                7.053849 |
 |     4 |                0.259224 |                7.053849 |
 |     5 |                0.316271 |                8.606183 |
 |     6 |                0.353182 |                9.610575 |
 |     7 |                0.389215 |               10.591067 |
 |     8 |                0.405245 |               11.027283 |
 |     9 |                0.507831 |               13.818778 |
 |    10 |                0.514397 |               13.997453 |
 |    11 |                0.514397 |               13.997453 |
 |    12 |                0.517842 |               14.091204 |
 |    13 |                0.548719 |               14.931398 |
 |    14 |                0.548719 |               14.931398 |
 |    15 |                0.668474 |               18.190110 |
 |    16 |                0.697991 |               18.993305 |
 |    17 |                0.709921 |               19.317927 |
 |    18 |                0.709921 |               19.317927 |
 |    19 |                0.750658 |               20.426435 |
 |    20 |                0.750658 |               20.426435 |
 -------------------------------------------------------------

 -------------------------------------------------------------
 Excitation n.   1:   6.176315 eV  f = 0.0000  <S**2> = 2.0000
 -------------------------------------------------------------
  2 ->  14 =   0.096643
  3 ->   4 =   0.631420
  3 ->   5 =   0.226709
  3 ->   9 =  -0.174043
  3 ->  10 =   0.098341

 -------------------------------------------------------------
 Excitation n.   2:   6.176315 eV  f = 0.0000  <S**2> = 2.0000
 -------------------------------------------------------------
  2 ->  13 =  -0.096643
  3 ->   4 =  -0.226709
  3 ->   5 =   0.631420
  3 ->   9 =   0.098341
  3 ->  10 =   0.174043

 -------------------------------------------------------------
 Excitation n.   3:   7.053849 eV  f = 0.0000  <S**2> = 2.0000
 -------------------------------------------------------------
  2 ->   4 =   0.625352
  2 ->   5 =  -0.226206
  2 ->   9 =  -0.207231
  3 ->  14 =   0.099615

 -------------------------------------------------------------
 Excitation n.   4:   7.053849 eV  f = 0.0000  <S**2> = 2.0000
 -------------------------------------------------------------
  2 ->   4 =   0.226206
  2 ->   5 =   0.625352
  2 ->  10 =   0.207231
  3 ->  13 =  -0.099615

 -------------------------------------------------------------
 Excitation n.   5:   8.606183 eV  f = 0.0000  <S**2> = 2.0000
 -------------------------------------------------------------
  2 ->   7 =   0.108211
  2 ->  11 =  -0.080139
  2 ->  17 =   0.071187
  3 ->   6 =  -0.642112
  3 ->   8 =   0.212955
  3 ->  12 =  -0.134220

 -------------------------------------------------------------
 Excitation n.   6:   9.610575 eV  f = 0.0000  <S**2> = 2.0000
 -------------------------------------------------------------
  2 ->   6 =   0.609632
  2 ->   8 =  -0.150411
  2 ->  12 =   0.140768
  3 ->   7 =  -0.274403
  3 ->  17 =  -0.081527

 -------------------------------------------------------------
 Excitation n.   7:  10.591067 eV  f = 0.0000  <S**2> = 2.0000
 -------------------------------------------------------------
  2 ->   6 =  -0.141817
  2 ->   8 =   0.351057
  3 ->   7 =  -0.547261
  3 ->  11 =  -0.233037

 -------------------------------------------------------------
 Excitation n.   8:  11.027283 eV  f = 0.0000  <S**2> = 2.0000
 -------------------------------------------------------------
  2 ->   7 =   0.475218
  2 ->  11 =   0.203230
  3 ->   6 =  -0.087015
  3 ->   8 =  -0.466483
  3 ->  12 =  -0.071450

 -------------------------------------------------------------
 Excitation n.   9:  13.818778 eV  f = 0.0000  <S**2> = 2.0000
 -------------------------------------------------------------
  2 ->   7 =   0.485073
  3 ->   6 =   0.252644
  3 ->   8 =   0.436500
  3 ->  12 =  -0.072962

 -------------------------------------------------------------
 Excitation n.  10:  13.997453 eV  f = 0.0000  <S**2> = 2.0000
 -------------------------------------------------------------
  3 ->   4 =  -0.194106
  3 ->   5 =   0.084094
  3 ->   9 =  -0.650816
  3 ->  10 =  -0.158729

Thomas-Reiche-Kuhn sum rule =   0.000000

 ---------------------------------------------------------------------------------------------------
  CIS(D) correction 
 ---------------------------------------------------------------------------------------------------
      #             CIS (eV)          CIS(D) (eV)      Correction (eV)
 ---------------------------------------------------------------------------------------------------
      1            6.176315            6.302812            0.126497
      2            6.176315            6.302812            0.126497
      3            7.053849            7.236673            0.182824
      4            7.053849            7.236673            0.182824
      5            8.606183            8.827035            0.220851
      6            9.610575            9.942205            0.331630
      7           10.591067           10.916316            0.325249
      8           11.027283           11.425412            0.398129
      9           13.818778           13.636800           -0.181978
     10           13.997453           14.024365            0.026912
 ---------------------------------------------------------------------------------------------------

                                        Total CPU time for CIS =      1.014 seconds


 ***********************************************************
 |  Random phase approximation calculation with exchange   |
 ***********************************************************


 -------------------------------------------------------------
   RPAx@HF      calculation: singlet        manifold
 -------------------------------------------------------------
 | State |  Excitation energy (au) |  Excitation energy (eV) |
 -------------------------------------------------------------
 |     1 |                0.260690 |                7.093726 |
 |     2 |                0.260690 |                7.093726 |
 |     3 |                0.339348 |                9.234136 |
 |     4 |                0.339348 |                9.234136 |
 |     5 |                0.403756 |               10.986760 |
 |     6 |                0.434135 |               11.813408 |
 |     7 |                0.452046 |               12.300806 |
 |     8 |                0.461945 |               12.570160 |
 |     9 |                0.527225 |               14.346522 |
 |    10 |                0.527955 |               14.366383 |
 |    11 |                0.527955 |               14.366383 |
 |    12 |                0.581129 |               15.813339 |
 |    13 |                0.582526 |               15.851350 |
 |    14 |                0.582526 |               15.851350 |
 |    15 |                0.733399 |               19.956800 |
 |    16 |                0.749036 |               20.382303 |
 |    17 |                0.789148 |               21.473823 |
 |    18 |                0.789148 |               21.473823 |
 |    19 |                0.795215 |               21.638899 |
 |    20 |                0.795215 |               21.638899 |
 -------------------------------------------------------------

 ---------------------------------------------------------------
                 Transition dipole moment (au)                  
 ---------------------------------------------------------------
  #           X           Y           Z   dip. str.   osc. str.
 ---------------------------------------------------------------
  1    0.000000   -0.000000   -0.000000    0.000000    0.000000
  2   -0.000000    0.000000   -0.000000    0.000000    0.000000
  3   -1.143724    0.805551   -0.000000    1.957018    0.442740
  4   -0.805551   -1.143724   -0.000000    1.957018    0.442740
  5    0.000000    0.000000    0.987416    0.974991    0.262439
  6    0.000000   -0.000000   -0.000000    0.000000    0.000000
  7   -0.000000    0.000000    0.000000    0.000000    0.000000
  8    0.000000    0.000000   -1.347878    1.816776    0.559500
  9   -0.000000    0.000000   -0.838811    0.703604    0.247305
 10   -0.000000    0.000000   -0.000000    0.000000    0.000000
 ---------------------------------------------------------------

 -------------------------------------------------------------
 Excitation n.   1:   7.093726 eV  f = 0.0000  <S**2> = 0.0000
 -------------------------------------------------------------
  3 ->   4 =  -0.108692
  3 ->   5 =   0.677965
  3 ->  10 =   0.157439

 -------------------------------------------------------------
 Excitation n.   2:   7.093726 eV  f = 0.0000  <S**2> = 0.0000
 -------------------------------------------------------------
  3 ->   4 =  -0.677965
  3 ->   5 =  -0.108692
  3 ->   9 =   0.157439

 -------------------------------------------------------------
 Excitation n.   3:   9.234136 eV  f = 0.4427  <S**2> = 0.0000
 -------------------------------------------------------------
  2 ->   4 =   0.618548
  2 ->   5 =   0.326560
  2 ->   9 =  -0.090797

 -------------------------------------------------------------
 Excitation n.   4:   9.234136 eV  f = 0.4427  <S**2> = 0.0000
 -------------------------------------------------------------
  2 ->   4 =  -0.326560
  2 ->   5 =   0.618548
  2 ->  10 =   0.090797

 -------------------------------------------------------------
 Excitation n.   5:  10.986760 eV  f = 0.2624  <S**2> = 0.0000
 -------------------------------------------------------------
  3 ->   6 =  -0.701036
  3 ->   8 =   0.086751

 -------------------------------------------------------------
 Excitation n.   6:  11.813408 eV  f = 0.0000  <S**2> = 0.0000
 -------------------------------------------------------------
  2 ->   6 =  -0.672980
  2 ->   8 =   0.070784
  3 ->   7 =   0.203074

 -------------------------------------------------------------
 Excitation n.   7:  12.300806 eV  f = 0.0000  <S**2> = 0.0000
 -------------------------------------------------------------
  2 ->   6 =  -0.191755
  2 ->   8 =   0.090550
  3 ->   7 =  -0.672911

 -------------------------------------------------------------
 Excitation n.   8:  12.570160 eV  f = 0.5595  <S**2> = 0.0000
 -------------------------------------------------------------
  2 ->   7 =   0.575036
  2 ->  11 =   0.104148
  3 ->   8 =  -0.396911

 -------------------------------------------------------------
 Excitation n.   9:  14.346522 eV  f = 0.2473  <S**2> = 0.0000
 -------------------------------------------------------------
  2 ->   7 =  -0.403938
  3 ->   6 =  -0.088279
  3 ->   8 =  -0.571670

 -------------------------------------------------------------
 Excitation n.  10:  14.366383 eV  f = 0.0000  <S**2> = 0.0000
 -------------------------------------------------------------
  3 ->   5 =   0.167466
  3 ->   9 =  -0.109938
  3 ->  10 =  -0.677658

Thomas-Reiche-Kuhn sum rule =   1.954725


 -------------------------------------------------------------
   RPAx@HF      calculation: triplet        manifold
 -------------------------------------------------------------
 | State |  Excitation energy (au) |  Excitation energy (eV) |
 -------------------------------------------------------------
 |     1 |                0.223244 |                6.074786 |
 |     2 |                0.223244 |                6.074786 |
 |     3 |                0.253407 |                6.895565 |
 |     4 |                0.253407 |                6.895565 |
 |     5 |                0.306229 |                8.332910 |
 |     6 |                0.345581 |                9.403731 |
 |     7 |                0.384470 |               10.461952 |
 |     8 |                0.400410 |               10.895713 |
 |     9 |                0.506770 |               13.789923 |
 |    10 |                0.513784 |               13.980767 |
 |    11 |                0.513784 |               13.980767 |
 |    12 |                0.515734 |               14.033825 |
 |    13 |                0.547756 |               14.905212 |
 |    14 |                0.547756 |               14.905212 |
 |    15 |                0.666629 |               18.139896 |
 |    16 |                0.695909 |               18.936648 |
 |    17 |                0.707494 |               19.251880 |
 |    18 |                0.707494 |               19.251880 |
 |    19 |                0.747314 |               20.335458 |
 |    20 |                0.747632 |               20.344091 |
 -------------------------------------------------------------

 -------------------------------------------------------------
 Excitation n.   1:   6.074786 eV  f = 0.0000  <S**2> = 2.0000
 -------------------------------------------------------------
  2 ->  14 =   0.099084
  3 ->   4 =   0.663809
  3 ->   5 =  -0.096704
  3 ->   9 =  -0.203632

 -------------------------------------------------------------
 Excitation n.   2:   6.074786 eV  f = 0.0000  <S**2> = 2.0000
 -------------------------------------------------------------
  2 ->  13 =  -0.099084
  3 ->   4 =   0.096704
  3 ->   5 =   0.663809
  3 ->  10 =   0.203632

 -------------------------------------------------------------
 Excitation n.   3:   6.895565 eV  f = 0.0000  <S**2> = 2.0000
 -------------------------------------------------------------
  2 ->   4 =   0.598325
  2 ->   5 =  -0.291460
  2 ->   9 =  -0.208109
  3 ->  13 =   0.071488
  3 ->  14 =   0.098719

 -------------------------------------------------------------
 Excitation n.   4:   6.895565 eV  f = 0.0000  <S**2> = 2.0000
 -------------------------------------------------------------
  2 ->   4 =   0.291460
  2 ->   5 =   0.598325
  2 ->  10 =   0.208109
  3 ->  13 =  -0.098719
  3 ->  14 =   0.071488

 -------------------------------------------------------------
 Excitation n.   5:   8.332910 eV  f = 0.0000  <S**2> = 2.0000
 -------------------------------------------------------------
  2 ->   7 =   0.109033
  2 ->  11 =  -0.087462
  2 ->  17 =   0.079938
  3 ->   6 =  -0.638615
  3 ->   8 =   0.225098
  3 ->  12 =  -0.145023

 -------------------------------------------------------------
 Excitation n.   6:   9.403731 eV  f = 0.0000  <S**2> = 2.0000
 -------------------------------------------------------------
  2 ->   6 =   0.609787
  2 ->   8 =  -0.169402
  2 ->  12 =   0.148260
  3 ->   7 =  -0.261298
  3 ->  17 =  -0.090293

 -------------------------------------------------------------
 Excitation n.   7:  10.461952 eV  f = 0.0000  <S**2> = 2.0000
 -------------------------------------------------------------
  2 ->   6 =   0.115552
  2 ->   8 =  -0.355141
  3 ->   7 =   0.548899
  3 ->  11 =   0.241709

 -------------------------------------------------------------
 Excitation n.   8:  10.895713 eV  f = 0.0000  <S**2> = 2.0000
 -------------------------------------------------------------
  2 ->   7 =   0.470978
  2 ->  11 =   0.209459
  3 ->   6 =  -0.097233
  3 ->   8 =  -0.467821
  3 ->  12 =  -0.075750

 -------------------------------------------------------------
 Excitation n.   9:  13.789923 eV  f = 0.0000  <S**2> = 2.0000
 -------------------------------------------------------------
  2 ->   7 =  -0.487967
  3 ->   6 =  -0.261220
  3 ->   8 =  -0.428093
  3 ->  12 =   0.075512

 -------------------------------------------------------------
 Excitation n.  10:  13.980767 eV  f = 0.0000  <S**2> = 2.0000
 -------------------------------------------------------------
  2 ->  14 =  -0.075615
  3 ->   4 =   0.206921
  3 ->   9 =   0.664884

Thomas-Reiche-Kuhn sum rule =   0.000000


 -------------------------------------------------------------------------------
              Tr@RPAx correlation energy (singlet) =       -0.0195042524
              Tr@RPAx correlation energy (triplet) =       -0.0731005621
              Tr@RPAx correlation energy           =       -0.0926048146
              Tr@RPAx total energy                 =      -15.8599491448
 -------------------------------------------------------------------------------

                                       Total CPU time for RPAx =      0.004 seconds


 ************************************************
 |          One-shot G0W0 calculation           |
 ************************************************


 -------------------------------------------------------------
   RPA@HF       calculation: singlet        manifold
 -------------------------------------------------------------
 | State |  Excitation energy (au) |  Excitation energy (eV) |
 -------------------------------------------------------------
 |     1 |                0.532044 |               14.477652 |
 |     2 |                0.532044 |               14.477652 |
 |     3 |                0.599040 |               16.300716 |
 |     4 |                0.599040 |               16.300716 |
 |     5 |                0.630552 |               17.158201 |
 |     6 |                0.640729 |               17.435129 |
 |     7 |                0.683839 |               18.608202 |
 |     8 |                0.690261 |               18.782969 |
 |     9 |                0.797611 |               21.704110 |
 |    10 |                0.825558 |               22.464585 |
 |    11 |                0.825558 |               22.464585 |
 |    12 |                0.851335 |               23.166002 |
 |    13 |                0.892548 |               24.287462 |
 |    14 |                0.892548 |               24.287462 |
 |    15 |                1.075712 |               29.271602 |
 |    16 |                1.080307 |               29.396653 |
 |    17 |                1.105803 |               30.090422 |
 |    18 |                1.105803 |               30.090422 |
 |    19 |                1.130774 |               30.769917 |
 |    20 |                1.153175 |               31.379484 |
 -------------------------------------------------------------

  *** Quasiparticle energies obtained by linearization *** 

 -------------------------------------------------------------------------------
   One-shot G0W0 calculation
 -------------------------------------------------------------------------------
 |   # |       e_HF (eV) |      Sig_c (eV) |               Z |       e_QP (eV) |
 -------------------------------------------------------------------------------
 |   1 |     -127.335236 |        3.850792 |        0.911556 |     -123.825025 |
 |   2 |      -13.316101 |        0.068797 |        0.943770 |      -13.251173 |
 |   3 |      -12.166231 |        0.079031 |        0.943374 |      -12.091676 |
 |   4 |        1.908465 |       -0.369072 |        0.984085 |        1.545266 |
 |   5 |        1.908465 |       -0.369072 |        0.984085 |        1.545266 |
 |   6 |        4.134450 |       -0.344731 |        0.982804 |        3.795647 |
 |   7 |        4.956176 |       -0.098723 |        0.994787 |        4.857968 |
 |   8 |        8.623082 |       -0.568995 |        0.972912 |        8.069500 |
 |   9 |        9.902043 |       -0.936286 |        0.960935 |        9.002333 |
 |  10 |        9.902043 |       -0.936286 |        0.960935 |        9.002333 |
 |  11 |       14.618421 |       -0.611901 |        0.962819 |       14.029271 |
 |  12 |       16.465722 |       -1.056955 |        0.888178 |       15.526958 |
 |  13 |       16.637122 |       -0.640631 |        0.941444 |       16.034004 |
 |  14 |       16.637122 |       -0.640631 |        0.941444 |       16.034004 |
 |  15 |       17.654325 |       -3.069820 |        0.198505 |       17.044950 |
 |  16 |       17.654325 |       -3.069820 |        0.198505 |       17.044950 |
 |  17 |       29.629503 |       -2.640260 |        0.732002 |       27.696827 |
 |  18 |       31.507697 |       -2.742149 |        0.160569 |       31.067393 |
 |  19 |       45.483061 |       -3.088946 |        0.307371 |       44.533608 |
 |  20 |       45.483061 |       -3.088946 |        0.307371 |       44.533608 |
 |  21 |       45.509029 |       -1.577912 |        0.029001 |       45.463268 |
 |  22 |       55.182324 |       -2.294128 |        0.666545 |       53.653185 |
 |  23 |       55.182324 |       -2.294128 |        0.666545 |       53.653185 |
 |  24 |       65.098682 |       -0.447836 |        0.718324 |       64.776990 |
 |  25 |       65.235366 |       -0.352693 |        0.447541 |       65.077522 |
 -------------------------------------------------------------------------------
          G0W0 HOMO      energy:     -12.091676 eV
          G0W0 LUMO      energy:       1.545266 eV
          G0W0 HOMO-LUMO gap   :      13.636941 eV
 -------------------------------------------------------------------------------
    RPA@G0W0 total energy      :     -15.856528 au
    RPA@G0W0 correlation energy:      -0.089183 au
    GM@G0W0  total energy      :     -15.929144 au
    GM@G0W0  correlation energy:      -0.161800 au
 -------------------------------------------------------------------------------


 -------------------------------------------------------------
   BSE@GW       calculation: singlet        manifold
 -------------------------------------------------------------
 | State |  Excitation energy (au) |  Excitation energy (eV) |
 -------------------------------------------------------------
 |     1 |                0.259902 |                7.072291 |
 |     2 |                0.259902 |                7.072291 |
 |     3 |                0.336562 |                9.158328 |
 |     4 |                0.336562 |                9.158328 |
 |     5 |                0.398409 |               10.841272 |
 |     6 |                0.430680 |               11.719388 |
 |     7 |                0.451053 |               12.273779 |
 |     8 |                0.466146 |               12.684474 |
 |     9 |                0.511266 |               13.912252 |
 |    10 |                0.511266 |               13.912252 |
 |    11 |                0.518181 |               14.100423 |
 |    12 |                0.568714 |               15.475490 |
 |    13 |                0.568714 |               15.475490 |
 |    14 |                0.571250 |               15.544509 |
 |    15 |                0.736724 |               20.047291 |
 |    16 |                0.749574 |               20.396942 |
 |    17 |                0.786542 |               21.402905 |
 |    18 |                0.786542 |               21.402905 |
 |    19 |                0.791234 |               21.530570 |
 |    20 |                0.791234 |               21.530570 |
 -------------------------------------------------------------

 ---------------------------------------------------------------
                 Transition dipole moment (au)                  
 ---------------------------------------------------------------
  #           X           Y           Z   dip. str.   osc. str.
 ---------------------------------------------------------------
  1    0.000000   -0.000000    0.000000    0.000000    0.000000
  2   -0.000000   -0.000000    0.000000    0.000000    0.000000
  3    1.172951   -0.683119   -0.000000    1.842466    0.413403
  4    0.683119    1.172951    0.000000    1.842466    0.413403
  5    0.000000    0.000000    0.916636    0.840221    0.223168
  6   -0.000000   -0.000000    0.000000    0.000000    0.000000
  7   -0.000000    0.000000   -0.000000    0.000000    0.000000
  8    0.000000    0.000000   -1.295373    1.677991    0.521459
  9    0.000000   -0.000000   -0.000000    0.000000    0.000000
 10    0.000000   -0.000000   -0.000000    0.000000    0.000000
 ---------------------------------------------------------------

 -------------------------------------------------------------
 Excitation n.   1:   7.072291 eV  f = 0.0000  <S**2> = 0.0000
 -------------------------------------------------------------
  3 ->   4 =   0.688895
  3 ->   5 =   0.074737
  3 ->   9 =  -0.135649

 -------------------------------------------------------------
 Excitation n.   2:   7.072291 eV  f = 0.0000  <S**2> = 0.0000
 -------------------------------------------------------------
  3 ->   4 =   0.074737
  3 ->   5 =  -0.688895
  3 ->  10 =  -0.135649

 -------------------------------------------------------------
 Excitation n.   3:   9.158328 eV  f = 0.4134  <S**2> = 0.0000
 -------------------------------------------------------------
  2 ->   4 =  -0.592124
  2 ->   5 =  -0.381207

 -------------------------------------------------------------
 Excitation n.   4:   9.158328 eV  f = 0.4134  <S**2> = 0.0000
 -------------------------------------------------------------
  2 ->   4 =   0.381207
  2 ->   5 =  -0.592124

 -------------------------------------------------------------
 Excitation n.   5:  10.841272 eV  f = 0.2232  <S**2> = 0.0000
 -------------------------------------------------------------
  3 ->   6 =  -0.705193

 -------------------------------------------------------------
 Excitation n.   6:  11.719388 eV  f = 0.0000  <S**2> = 0.0000
 -------------------------------------------------------------
  2 ->   6 =   0.702792
  2 ->   8 =  -0.073665

 -------------------------------------------------------------
 Excitation n.   7:  12.273779 eV  f = 0.0000  <S**2> = 0.0000
 -------------------------------------------------------------
  3 ->   7 =   0.705061

 -------------------------------------------------------------
 Excitation n.   8:  12.684474 eV  f = 0.5215  <S**2> = 0.0000
 -------------------------------------------------------------
  2 ->   7 =   0.575167
  2 ->  11 =   0.071577
  3 ->   8 =  -0.403903

 -------------------------------------------------------------
 Excitation n.   9:  13.912252 eV  f = 0.0000  <S**2> = 0.0000
 -------------------------------------------------------------
  3 ->   4 =  -0.136720
  3 ->   9 =  -0.690282

 -------------------------------------------------------------
 Excitation n.  10:  13.912252 eV  f = 0.0000  <S**2> = 0.0000
 -------------------------------------------------------------
  3 ->   5 =  -0.136720
  3 ->  10 =   0.690282

Thomas-Reiche-Kuhn sum rule =   1.571433


 *** dynamical TDA activated ***

 ---------------------------------------------------------------------------------------------------
  First-order dynamical correction to static Bethe-Salpeter excitation energies                     
 ---------------------------------------------------------------------------------------------------
  BSE neutral excitation must be lower than the GW gap =  13.636941 eV
 ---------------------------------------------------------------------------------------------------
      #          Static (eV)         Dynamic (eV)      Correction (eV)         Renorm. (eV)
 ---------------------------------------------------------------------------------------------------
      1            7.072291            6.959037           -0.113254            1.010553
      2            7.072291            6.959037           -0.113254            1.010553
      3            9.158328            9.075926           -0.082402            1.010323
      4            9.158328            9.075926           -0.082402            1.010323
      5           10.841272           10.790994           -0.050278            1.008236
      6           11.719388           11.663374           -0.056013            1.008259
      7           12.273779           12.241248           -0.032531            1.005089
      8           12.684474           12.583447           -0.101027            1.010758
      9           13.912252           13.779108           -0.133145            1.011604
     10           13.912252           13.779108           -0.133145            1.011604
 ---------------------------------------------------------------------------------------------------


 -------------------------------------------------------------
   BSE@GW       calculation: triplet        manifold
 -------------------------------------------------------------
 | State |  Excitation energy (au) |  Excitation energy (eV) |
 -------------------------------------------------------------
 |     1 |                0.228665 |                6.222289 |
 |     2 |                0.228665 |                6.222289 |
 |     3 |                0.262572 |                7.144939 |
 |     4 |                0.262572 |                7.144939 |
 |     5 |                0.322806 |                8.784001 |
 |     6 |                0.361266 |                9.830559 |
 |     7 |                0.397980 |               10.829579 |
 |     8 |                0.414353 |               11.275129 |
 |     9 |                0.497347 |               13.533501 |
 |    10 |                0.497347 |               13.533501 |
 |    11 |                0.498674 |               13.569620 |
 |    12 |                0.510570 |               13.893322 |
 |    13 |                0.533400 |               14.514558 |
 |    14 |                0.533400 |               14.514558 |
 |    15 |                0.663588 |               18.057159 |
 |    16 |                0.694555 |               18.899801 |
 |    17 |                0.710866 |               19.343661 |
 |    18 |                0.710866 |               19.343661 |
 |    19 |                0.739949 |               20.135039 |
 |    20 |                0.751767 |               20.456622 |
 -------------------------------------------------------------

 -------------------------------------------------------------
 Excitation n.   1:   6.222289 eV  f = 0.0000  <S**2> = 2.0000
 -------------------------------------------------------------
  2 ->  13 =   0.080530
  3 ->   4 =  -0.076403
  3 ->   5 =  -0.675476
  3 ->  10 =  -0.178070

 -------------------------------------------------------------
 Excitation n.   2:   6.222289 eV  f = 0.0000  <S**2> = 2.0000
 -------------------------------------------------------------
  2 ->  14 =   0.080530
  3 ->   4 =   0.675476
  3 ->   5 =  -0.076403
  3 ->   9 =  -0.178070

 -------------------------------------------------------------
 Excitation n.   3:   7.144939 eV  f = 0.0000  <S**2> = 2.0000
 -------------------------------------------------------------
  2 ->   4 =   0.119070
  2 ->   5 =  -0.665069
  2 ->  10 =  -0.177814
  3 ->  13 =   0.098927

 -------------------------------------------------------------
 Excitation n.   4:   7.144939 eV  f = 0.0000  <S**2> = 2.0000
 -------------------------------------------------------------
  2 ->   4 =  -0.665069
  2 ->   5 =  -0.119070
  2 ->   9 =   0.177814
  3 ->  14 =  -0.098927

 -------------------------------------------------------------
 Excitation n.   5:   8.784001 eV  f = 0.0000  <S**2> = 2.0000
 -------------------------------------------------------------
  2 ->   7 =  -0.092669
  3 ->   6 =   0.660429
  3 ->   8 =  -0.194246
  3 ->  12 =   0.111445

 -------------------------------------------------------------
 Excitation n.   6:   9.830559 eV  f = 0.0000  <S**2> = 2.0000
 -------------------------------------------------------------
  2 ->   6 =   0.632028
  2 ->   8 =  -0.142809
  2 ->  12 =   0.116857
  3 ->   7 =  -0.248524

 -------------------------------------------------------------
 Excitation n.   7:  10.829579 eV  f = 0.0000  <S**2> = 2.0000
 -------------------------------------------------------------
  2 ->   6 =   0.143478
  2 ->   8 =  -0.326807
  3 ->   7 =   0.578588
  3 ->  11 =   0.193149

 -------------------------------------------------------------
 Excitation n.   8:  11.275129 eV  f = 0.0000  <S**2> = 2.0000
 -------------------------------------------------------------
  2 ->   7 =  -0.468375
  2 ->  11 =  -0.173686
  3 ->   6 =   0.086058
  3 ->   8 =   0.489343

 -------------------------------------------------------------
 Excitation n.   9:  13.533501 eV  f = 0.0000  <S**2> = 2.0000
 -------------------------------------------------------------
  3 ->   5 =  -0.179158
  3 ->  10 =   0.675130

 -------------------------------------------------------------
 Excitation n.  10:  13.533501 eV  f = 0.0000  <S**2> = 2.0000
 -------------------------------------------------------------
  3 ->   4 =   0.179158
  3 ->   9 =   0.675130

Thomas-Reiche-Kuhn sum rule =   0.000000


 *** dynamical TDA activated ***

 ---------------------------------------------------------------------------------------------------
  First-order dynamical correction to static Bethe-Salpeter excitation energies                     
 ---------------------------------------------------------------------------------------------------
  BSE neutral excitation must be lower than the GW gap =  13.636941 eV
 ---------------------------------------------------------------------------------------------------
      #          Static (eV)         Dynamic (eV)      Correction (eV)         Renorm. (eV)
 ---------------------------------------------------------------------------------------------------
      1            6.222289            6.056253           -0.166036            1.011679
      2            6.222289            6.056253           -0.166036            1.011679
      3            7.144939            6.959790           -0.185149            1.012836
      4            7.144939            6.959790           -0.185149            1.012836
      5            8.784001            8.578350           -0.205651            1.013316
      6            9.830559            9.635658           -0.194901            1.013243
      7           10.829579           10.650725           -0.178854            1.011644
      8           11.275129           11.061135           -0.213994            1.014442
      9           13.533501           13.395723           -0.137778            1.010228
     10           13.533501           13.395723           -0.137778            1.010228
 ---------------------------------------------------------------------------------------------------


 -------------------------------------------------------------------------------
          Tr@BSE@G0W0 correlation energy (singlet) =       -0.0575513589
          Tr@BSE@G0W0 correlation energy (triplet) =       -0.0231795651
          Tr@BSE@G0W0 correlation energy           =       -0.0807309240
          Tr@BSE@G0W0 total energy                 =      -15.8480752542
 -------------------------------------------------------------------------------

                                       Total CPU time for G0W0 =      0.058 seconds


 ************************************************
 |          One-shot G0T0 calculation           |
 ************************************************


 -------------------------------------------------------------
   pp-RPA (N+2) calculation: alpha-beta     manifold
 -------------------------------------------------------------
 | State |  Excitation energy (au) |  Excitation energy (eV) |
 -------------------------------------------------------------
 |     1 |                0.341005 |                9.279206 |
 |     2 |                0.363445 |                9.889847 |
 |     3 |                0.363445 |                9.889847 |
 |     4 |                0.365438 |                9.944070 |
 |     5 |                0.391273 |               10.647079 |
 |     6 |                0.391273 |               10.647079 |
 |     7 |                0.421580 |               11.471767 |
 |     8 |                0.421580 |               11.471767 |
 |     9 |                0.438996 |               11.945697 |
 |    10 |                0.438996 |               11.945697 |
 |    11 |                0.468969 |               12.761293 |
 |    12 |                0.468969 |               12.761293 |
 |    13 |                0.491538 |               13.375420 |
 |    14 |                0.512343 |               13.941555 |
 |    15 |                0.519068 |               14.124569 |
 |    16 |                0.541974 |               14.747868 |
 |    17 |                0.597154 |               16.249380 |
 |    18 |                0.597154 |               16.249380 |
 |    19 |                0.607388 |               16.527856 |
 |    20 |                0.607388 |               16.527856 |
 -------------------------------------------------------------


 -------------------------------------------------------------
   pp-RPA (N-2) calculation: alpha-beta     manifold
 -------------------------------------------------------------
 | State |  Excitation energy (au) |  Excitation energy (eV) |
 -------------------------------------------------------------
 |     1 |              -11.635297 |             -316.612557 |
 |     2 |               -5.644591 |             -153.597154 |
 |     3 |               -5.614296 |             -152.772776 |
 |     4 |               -5.573924 |             -151.674210 |
 |     5 |               -5.563392 |             -151.387613 |
 |     6 |               -1.488636 |              -40.507859 |
 |     7 |               -1.484219 |              -40.387665 |
 |     8 |               -1.173152 |              -31.923100 |
 |     9 |               -1.172627 |              -31.908818 |
 -------------------------------------------------------------


 -------------------------------------------------------------
   pp-RPA (N+2) calculation: alpha-alpha    manifold
 -------------------------------------------------------------
 | State |  Excitation energy (au) |  Excitation energy (eV) |
 -------------------------------------------------------------
 |     1 |                0.341005 |                9.279206 |
 |     2 |                0.391273 |               10.647079 |
 |     3 |                0.391273 |               10.647079 |
 |     4 |                0.421580 |               11.471767 |
 |     5 |                0.421580 |               11.471767 |
 |     6 |                0.491538 |               13.375420 |
 |     7 |                0.597154 |               16.249380 |
 |     8 |                0.597154 |               16.249380 |
 |     9 |                0.636114 |               17.309556 |
 |    10 |                0.650867 |               17.710985 |
 |    11 |                0.650867 |               17.710985 |
 |    12 |                0.665068 |               18.097418 |
 |    13 |                0.681512 |               18.544895 |
 |    14 |                0.690274 |               18.783323 |
 |    15 |                0.723845 |               19.696815 |
 |    16 |                0.723845 |               19.696815 |
 |    17 |                0.725345 |               19.737652 |
 |    18 |                0.725345 |               19.737652 |
 |    19 |                0.826208 |               22.482259 |
 |    20 |                0.826208 |               22.482259 |
 -------------------------------------------------------------


 -------------------------------------------------------------
   pp-RPA (N-2) calculation: alpha-alpha    manifold
 -------------------------------------------------------------
 | State |  Excitation energy (au) |  Excitation energy (eV) |
 -------------------------------------------------------------
 |     1 |               -5.614296 |             -152.772776 |
 |     2 |               -5.563392 |             -151.387613 |
 |     3 |               -1.172627 |              -31.908818 |
 -------------------------------------------------------------

 -------------------------------------------------------------------------------
   One-shot G0T0 calculation (T-matrix self-energy)  
 -------------------------------------------------------------------------------
 |   # |       e_HF (eV) |    Sigma_T (eV) |               Z |       e_QP (eV) |
 -------------------------------------------------------------------------------
 |   1 |     -127.335236 |        2.780749 |        0.940672 |     -124.719464 |
 |   2 |      -13.316101 |        0.136084 |        0.981257 |      -13.182568 |
 |   3 |      -12.166231 |        0.146965 |        0.980310 |      -12.022160 |
 |   4 |        1.908465 |       -0.376755 |        0.988970 |        1.535865 |
 |   5 |        1.908465 |       -0.376755 |        0.988970 |        1.535865 |
 |   6 |        4.134450 |       -0.274715 |        0.991038 |        3.862197 |
 |   7 |        4.956176 |       -0.083568 |        0.997063 |        4.872853 |
 |   8 |        8.623082 |       -0.509716 |        0.983906 |        8.121569 |
 |   9 |        9.902043 |       -0.694330 |        0.978496 |        9.222644 |
 |  10 |        9.902043 |       -0.694330 |        0.978496 |        9.222644 |
 |  11 |       14.618421 |       -0.533516 |        0.980943 |       14.095072 |
 |  12 |       16.465722 |       -0.570396 |        0.978626 |       15.907518 |
 |  13 |       16.637122 |       -0.569888 |        0.975794 |       16.081029 |
 |  14 |       16.637122 |       -0.569888 |        0.975794 |       16.081029 |
 |  15 |       17.654325 |       -0.655052 |        0.961062 |       17.024779 |
 |  16 |       17.654325 |       -0.655052 |        0.961062 |       17.024779 |
 |  17 |       29.629503 |       -1.625800 |        0.573667 |       28.696837 |
 |  18 |       31.507697 |        0.102342 |        0.188573 |       31.526996 |
 |  19 |       45.483061 |       -1.486089 |        0.429023 |       44.845494 |
 |  20 |       45.483061 |       -1.486089 |        0.429023 |       44.845494 |
 |  21 |       45.509029 |       -1.780992 |        0.516339 |       44.589433 |
 |  22 |       55.182324 |       -0.719214 |        0.504634 |       54.819385 |
 |  23 |       55.182324 |       -0.719214 |        0.504634 |       54.819385 |
 |  24 |       65.098682 |       -1.296106 |        0.366796 |       64.623275 |
 |  25 |       65.235366 |      -10.432762 |        0.010674 |       65.124005 |
 -------------------------------------------------------------------------------
             G0T0 HOMO      energy (eV)            =     -12.022160 eV
             G0T0 LUMO      energy (eV)            =       1.535865 eV
             G0T0 HOMO-LUMO gap    (eV)            =      13.558025 eV
 -------------------------------------------------------------------------------
        Tr@ppRPA@G0T0 correlation energy (singlet) =       -0.0338260673 au
        Tr@ppRPA@G0T0 correlation energy (triplet) =       -0.0019050533 au
        Tr@ppRPA@G0T0 correlation energy           =       -0.0357311206 au
        Tr@ppRPA@G0T0 total energy                 =      -15.8030754508 au
              GM@G0T0 correlation energy           =       -0.0589556795 au
              GM@G0T0 total energy                 =      -15.8263000097 au
 -------------------------------------------------------------------------------


 -------------------------------------------------------------
   BSE@GT       calculation: singlet        manifold
 -------------------------------------------------------------
 | State |  Excitation energy (au) |  Excitation energy (eV) |
 -------------------------------------------------------------
 |     1 |                0.248966 |                6.774706 |
 |     2 |                0.248966 |                6.774706 |
 |     3 |                0.325958 |                8.869780 |
 |     4 |                0.325958 |                8.869780 |
 |     5 |                0.386914 |               10.528459 |
 |     6 |                0.413886 |               11.262402 |
 |     7 |                0.442508 |               12.041260 |
 |     8 |                0.455146 |               12.385153 |
 |     9 |                0.501013 |               13.633257 |
 |    10 |                0.501013 |               13.633257 |
 |    11 |                0.514805 |               14.008566 |
 |    12 |                0.550835 |               14.988993 |
 |    13 |                0.550835 |               14.988993 |
 |    14 |                0.559062 |               15.212861 |
 |    15 |                0.711075 |               19.349341 |
 |    16 |                0.727008 |               19.782906 |
 |    17 |                0.768436 |               20.910222 |
 |    18 |                0.768436 |               20.910222 |
 |    19 |                0.770494 |               20.966223 |
 |    20 |                0.770494 |               20.966223 |
 -------------------------------------------------------------

 ---------------------------------------------------------------
                 Transition dipole moment (au)                  
 ---------------------------------------------------------------
  #           X           Y           Z   dip. str.   osc. str.
 ---------------------------------------------------------------
  1   -0.000000   -0.000000   -0.000000    0.000000    0.000000
  2   -0.000000    0.000000    0.000000    0.000000    0.000000
  3   -0.591705    1.348901   -0.000000    2.169648    0.471477
  4    1.348901    0.591705   -0.000000    2.169648    0.471477
  5   -0.000000   -0.000000    0.885834    0.784702    0.202408
  6    0.000000    0.000000   -0.000000    0.000000    0.000000
  7    0.000000   -0.000000   -0.000000    0.000000    0.000000
  8    0.000000    0.000000    1.469313    2.158882    0.655071
  9   -0.000000   -0.000000    0.000000    0.000000    0.000000
 10   -0.000000   -0.000000   -0.000000    0.000000    0.000000
 ---------------------------------------------------------------

 -------------------------------------------------------------
 Excitation n.   1:   6.774706 eV  f = 0.0000  <S**2> = 0.0000
 -------------------------------------------------------------
  3 ->   4 =   0.450988
  3 ->   5 =  -0.518291
  3 ->   9 =  -0.127109
  3 ->  10 =  -0.103869

 -------------------------------------------------------------
 Excitation n.   2:   6.774706 eV  f = 0.0000  <S**2> = 0.0000
 -------------------------------------------------------------
  3 ->   4 =  -0.518291
  3 ->   5 =  -0.450988
  3 ->   9 =   0.103869
  3 ->  10 =  -0.127109

 -------------------------------------------------------------
 Excitation n.   3:   8.869780 eV  f = 0.4715  <S**2> = 0.0000
 -------------------------------------------------------------
  2 ->   4 =   0.695680
  2 ->   9 =  -0.119879

 -------------------------------------------------------------
 Excitation n.   4:   8.869780 eV  f = 0.4715  <S**2> = 0.0000
 -------------------------------------------------------------
  2 ->   5 =  -0.695680
  2 ->  10 =  -0.119879

 -------------------------------------------------------------
 Excitation n.   5:  10.528459 eV  f = 0.2024  <S**2> = 0.0000
 -------------------------------------------------------------
  2 ->   7 =   0.080193
  3 ->   6 =  -0.700480

 -------------------------------------------------------------
 Excitation n.   6:  11.262402 eV  f = 0.0000  <S**2> = 0.0000
 -------------------------------------------------------------
  2 ->   6 =  -0.668064
  3 ->   7 =   0.214545

 -------------------------------------------------------------
 Excitation n.   7:  12.041260 eV  f = 0.0000  <S**2> = 0.0000
 -------------------------------------------------------------
  2 ->   6 =   0.202286
  2 ->   8 =  -0.105207
  3 ->   7 =   0.667158

 -------------------------------------------------------------
 Excitation n.   8:  12.385153 eV  f = 0.6551  <S**2> = 0.0000
 -------------------------------------------------------------
  2 ->   7 =  -0.565055
  2 ->  11 =  -0.103422
  3 ->   8 =   0.410192

 -------------------------------------------------------------
 Excitation n.   9:  13.633257 eV  f = 0.0000  <S**2> = 0.0000
 -------------------------------------------------------------
  3 ->   5 =   0.163982
  3 ->  10 =  -0.686441

 -------------------------------------------------------------
 Excitation n.  10:  13.633257 eV  f = 0.0000  <S**2> = 0.0000
 -------------------------------------------------------------
  3 ->   4 =   0.163982
  3 ->   9 =   0.686441

Thomas-Reiche-Kuhn sum rule =   1.800432


 *** dynamical TDA activated ***

 ---------------------------------------------------------------------------------------------------
  First-order dynamical correction to static Bethe-Salpeter excitation energies                     
 ---------------------------------------------------------------------------------------------------
  BSE neutral excitation must be lower than the GT gap =  13.558025 eV
 ---------------------------------------------------------------------------------------------------
      #          Static (eV)         Dynamic (eV)      Correction (eV)         Renorm. (eV)
 ---------------------------------------------------------------------------------------------------
      1            6.774706            6.694822           -0.079883            1.002624
      2            6.774706            6.694822           -0.079883            1.002624
      3            8.869780            8.839039           -0.030741            1.000608
      4            8.869780            8.839039           -0.030741            1.000608
      5           10.528459           10.522411           -0.006049            0.996793
      6           11.262402           11.294365            0.031962            0.995061
      7           12.041260           12.042459            0.001199            0.998447
      8           12.385153           12.331062           -0.054091            1.003468
      9           13.633257           13.616246           -0.017012            1.001242
     10           13.633257           13.616246           -0.017012            1.001242
 ---------------------------------------------------------------------------------------------------


 -------------------------------------------------------------
   BSE@GT       calculation: triplet        manifold
 -------------------------------------------------------------
 | State |  Excitation energy (au) |  Excitation energy (eV) |
 -------------------------------------------------------------
 |     1 |                0.214656 |                5.841077 |
 |     2 |                0.214656 |                5.841077 |
 |     3 |                0.250491 |                6.816195 |
 |     4 |                0.250491 |                6.816195 |
 |     5 |                0.314673 |                8.562679 |
 |     6 |                0.355999 |                9.687237 |
 |     7 |                0.382698 |               10.413748 |
 |     8 |                0.397185 |               10.807967 |
 |     9 |                0.490477 |               13.346556 |
 |    10 |                0.490477 |               13.346556 |
 |    11 |                0.496278 |               13.504401 |
 |    12 |                0.505314 |               13.750290 |
 |    13 |                0.527205 |               14.345985 |
 |    14 |                0.527205 |               14.345985 |
 |    15 |                0.652639 |               17.759213 |
 |    16 |                0.681213 |               18.536741 |
 |    17 |                0.689727 |               18.768430 |
 |    18 |                0.689727 |               18.768430 |
 |    19 |                0.729749 |               19.857474 |
 |    20 |                0.729749 |               19.857474 |
 -------------------------------------------------------------

 -------------------------------------------------------------
 Excitation n.   1:   5.841077 eV  f = 0.0000  <S**2> = 2.0000
 -------------------------------------------------------------
  2 ->  14 =   0.089022
  3 ->   4 =   0.656567
  3 ->   5 =  -0.146675
  3 ->   9 =  -0.194989

 -------------------------------------------------------------
 Excitation n.   2:   5.841077 eV  f = 0.0000  <S**2> = 2.0000
 -------------------------------------------------------------
  2 ->  13 =  -0.089022
  3 ->   4 =   0.146675
  3 ->   5 =   0.656567
  3 ->  10 =   0.194989

 -------------------------------------------------------------
 Excitation n.   3:   6.816195 eV  f = 0.0000  <S**2> = 2.0000
 -------------------------------------------------------------
  2 ->   4 =  -0.644205
  2 ->   5 =   0.175486
  2 ->   9 =   0.202673
  3 ->  14 =  -0.102594

 -------------------------------------------------------------
 Excitation n.   4:   6.816195 eV  f = 0.0000  <S**2> = 2.0000
 -------------------------------------------------------------
  2 ->   4 =  -0.175486
  2 ->   5 =  -0.644205
  2 ->  10 =  -0.202673
  3 ->  13 =   0.102594

 -------------------------------------------------------------
 Excitation n.   5:   8.562679 eV  f = 0.0000  <S**2> = 2.0000
 -------------------------------------------------------------
  2 ->  11 =  -0.094269
  3 ->   6 =  -0.642330
  3 ->   8 =   0.237772
  3 ->  12 =  -0.114547

 -------------------------------------------------------------
 Excitation n.   6:   9.687237 eV  f = 0.0000  <S**2> = 2.0000
 -------------------------------------------------------------
  2 ->   6 =   0.629629
  2 ->   8 =  -0.194743
  2 ->  12 =   0.119814
  3 ->   7 =  -0.191962
  3 ->  11 =   0.094024
  3 ->  17 =  -0.073908

 -------------------------------------------------------------
 Excitation n.   7:  10.413748 eV  f = 0.0000  <S**2> = 2.0000
 -------------------------------------------------------------
  2 ->   8 =  -0.337940
  3 ->   7 =   0.575074
  3 ->  11 =   0.222899

 -------------------------------------------------------------
 Excitation n.   8:  10.807967 eV  f = 0.0000  <S**2> = 2.0000
 -------------------------------------------------------------
  2 ->   7 =   0.455225
  2 ->  11 =   0.195686
  3 ->   6 =  -0.144783
  3 ->   8 =  -0.476139

 -------------------------------------------------------------
 Excitation n.   9:  13.346556 eV  f = 0.0000  <S**2> = 2.0000
 -------------------------------------------------------------
  3 ->   4 =   0.198547
  3 ->   9 =   0.668890

 -------------------------------------------------------------
 Excitation n.  10:  13.346556 eV  f = 0.0000  <S**2> = 2.0000
 -------------------------------------------------------------
  3 ->   5 =  -0.198547
  3 ->  10 =   0.668890

Thomas-Reiche-Kuhn sum rule =   0.000000


 *** dynamical TDA activated ***

 ---------------------------------------------------------------------------------------------------
  First-order dynamical correction to static Bethe-Salpeter excitation energies                     
 ---------------------------------------------------------------------------------------------------
  BSE neutral excitation must be lower than the GT gap =  13.558025 eV
 ---------------------------------------------------------------------------------------------------
      #          Static (eV)         Dynamic (eV)      Correction (eV)         Renorm. (eV)
 ---------------------------------------------------------------------------------------------------
      1            5.841077            5.757924           -0.083153            1.002695
      2            5.841077            5.757924           -0.083153            1.002695
      3            6.816195            6.691803           -0.124392            1.003665
      4            6.816195            6.691803           -0.124392            1.003665
      5            8.562679            8.472073           -0.090606            1.006421
      6            9.687237            9.559348           -0.127889            1.007822
      7           10.413748           10.357636           -0.056112            1.003685
      8           10.807967           10.750238           -0.057729            1.004323
      9           13.346556           13.307732           -0.038824            1.002580
     10           13.346556           13.307732           -0.038824            1.002580
 ---------------------------------------------------------------------------------------------------


 -------------------------------------------------------------------------------
          Tr@BSE@G0T0 correlation energy (singlet) =       -0.0078553115 au
          Tr@BSE@G0T0 correlation energy (triplet) =       -0.0081148745 au
          Tr@BSE@G0T0 correlation energy           =       -0.0159701860 au
          Tr@BSE@G0T0 total energy                 =      -15.7833145162 au
 -------------------------------------------------------------------------------

                                       Total CPU time for G0T0 =      2.581 seconds

                                      Total CPU time for QuAcK =      4.459 seconds

