78 significant shell pairs computed in 0.000157 seconds
0
Computed Electron repulsion integrals Integrals in parallel in 0.798210 seconds

 ******************************************************************************************
 *            QuAcK                       QuAcK                         QuAcK             *
 *   __        __        __       __        __        __       __        __        __     *
 * <(o )___  <(o )___  <(o )___ <(o )___  <(o )___  <(o )___ <(o )___  <(o )___  <(o )___ *
 * ( ._> /   ( ._> /   ( ._> /  ( ._> /   ( ._> /   ( ._> /  ( ._> /   ( ._> /   ( ._> /  *
 *|--------------------------------------------------------------------------------------|*
 ******************************************************************************************

      ----------------------
             Number of atoms                2
      ----------------------

      ----------------------
Number of spin-up   electron                6
Number of spin-down electron                6
    Total number of electron               12
      ----------------------

      ----------------------
Number of core      electron                0
Number of Rydberg   electron                0
      ----------------------

          ------------------
          Molecular geometry
          ------------------
                    Atom n.                 1
                        Z =      4.0000000000
           Atom coordinates:     0.0000000000    0.0000000000    0.0000000000
                    Atom n.                 2
                        Z =      8.0000000000
           Atom coordinates:     0.0000000000    0.0000000000    2.5150365004

          ------------------
 Nuclear repulsion energy =     12.7234733949
          ------------------

          Gaussian basis set
          ------------------
                    Atom n.                 1
           number of shells                 6
          ------------------
      s-type shell with K =                 9
                                    Exponents     Contraction
                              2940.0000000000    0.0006800000
                               441.2000000000    0.0052360000
                               100.5000000000    0.0266060000
                                28.4300000000    0.0999930000
                                 9.1690000000    0.2697020000
                                 3.1960000000    0.4514690000
                                 1.1590000000    0.2950740000
                                 0.1811000000    0.0125870000
                                 0.0589000000   -0.0037560000
      s-type shell with K =                 9
                                    Exponents     Contraction
                              2940.0000000000   -0.0001230000
                               441.2000000000   -0.0009660000
                               100.5000000000   -0.0048310000
                                28.4300000000   -0.0193140000
                                 9.1690000000   -0.0532800000
                                 3.1960000000   -0.1207230000
                                 1.1590000000   -0.1334350000
                                 0.1811000000    0.5307670000
                                 0.0589000000    0.5801170000
      s-type shell with K =                 1
                                    Exponents     Contraction
                                 0.0589000000    1.0000000000
      p-type shell with K =                 4
                                    Exponents     Contraction
                                 3.6190000000    0.0291110000
                                 0.7110000000    0.1693650000
                                 0.1951000000    0.5134580000
                                 0.0601800000    0.4793380000
      p-type shell with K =                 1
                                    Exponents     Contraction
                                 0.0601800000    1.0000000000
      d-type shell with K =                 1
                                    Exponents     Contraction
                                 0.2354000000    1.0000000000
          ------------------
                    Atom n.                 2
           number of shells                 6
          ------------------
      s-type shell with K =                 9
                                    Exponents     Contraction
                             11720.0000000000    0.0007100000
                              1759.0000000000    0.0054700000
                               400.8000000000    0.0278370000
                               113.7000000000    0.1048000000
                                37.0300000000    0.2830620000
                                13.2700000000    0.4487190000
                                 5.0250000000    0.2709520000
                                 1.0130000000    0.0154580000
                                 0.3023000000   -0.0025850000
      s-type shell with K =                 9
                                    Exponents     Contraction
                             11720.0000000000   -0.0001600000
                              1759.0000000000   -0.0012630000
                               400.8000000000   -0.0062670000
                               113.7000000000   -0.0257160000
                                37.0300000000   -0.0709240000
                                13.2700000000   -0.1654110000
                                 5.0250000000   -0.1169550000
                                 1.0130000000    0.5573680000
                                 0.3023000000    0.5727590000
      s-type shell with K =                 1
                                    Exponents     Contraction
                                 0.3023000000    1.0000000000
      p-type shell with K =                 4
                                    Exponents     Contraction
                                17.7000000000    0.0430180000
                                 3.8540000000    0.2289130000
                                 1.0460000000    0.5087280000
                                 0.2753000000    0.4605310000
      p-type shell with K =                 1
                                    Exponents     Contraction
                                 0.2753000000    1.0000000000
      d-type shell with K =                 1
                                    Exponents     Contraction
                                 1.1850000000    1.0000000000
          ------------------
            Number of shells               12
          ------------------

          ------------------
   Number of basis functions               30
          ------------------

 Scaling integrals by    1.0000000000000000     

                          Total CPU time for reading integrals =      0.039 seconds


 ************************************************
 |    Restricted Hartree-Fock calculation       |
 ************************************************


 ----------------------------------------------------
 | RHF calculation                                  |
 ----------------------------------------------------
 |   # |        HF energy |       Conv |     HL Gap |
 ----------------------------------------------------
 |   1 |   -90.3847545189 |   0.352516 |   1.218609 |
 |   2 |   -89.1488906054 |   0.162547 |   1.170204 |
 |   3 |   -89.2779385939 |   0.112199 |   1.237643 |
 |   4 |   -89.3249702553 |   0.079519 |   1.272722 |
 |   5 |   -89.3524915929 |   0.056731 |   1.293588 |
 |   6 |   -89.3702933626 |   0.040791 |   1.306495 |
 |   7 |   -89.3824380759 |   0.029581 |   1.314675 |
 |   8 |   -89.3908900406 |   0.021651 |   1.319936 |
 |   9 |   -89.3968282713 |   0.016003 |   1.323354 |
 |  10 |   -89.4010259747 |   0.011948 |   1.325590 |
 |  11 |   -89.4040085361 |   0.009067 |   1.327056 |
 |  12 |   -89.4061378046 |   0.006964 |   1.328015 |
 |  13 |   -89.4076646964 |   0.005387 |   1.328640 |
 |  14 |   -89.4087641217 |   0.004200 |   1.329040 |
 |  15 |   -89.4095586516 |   0.003643 |   1.329291 |
 |  16 |   -89.4101346538 |   0.003355 |   1.329440 |
 |  17 |   -89.4105533282 |   0.003068 |   1.329523 |
 |  18 |   -89.4108582798 |   0.002790 |   1.329561 |
 |  19 |   -89.4110807385 |   0.002528 |   1.329569 |
 |  20 |   -89.4112431779 |   0.002283 |   1.329558 |
 |  21 |   -89.4113618400 |   0.002057 |   1.329536 |
 |  22 |   -89.4114485071 |   0.001850 |   1.329507 |
 |  23 |   -89.4115117542 |   0.001661 |   1.329474 |
 |  24 |   -89.4115578394 |   0.001490 |   1.329440 |
 |  25 |   -89.4115913407 |   0.001335 |   1.329406 |
 |  26 |   -89.4116156128 |   0.001195 |   1.329374 |
 |  27 |   -89.4116331182 |   0.001069 |   1.329343 |
 |  28 |   -89.4116456662 |   0.000955 |   1.329314 |
 |  29 |   -89.4116545875 |   0.000854 |   1.329287 |
 |  30 |   -89.4116608607 |   0.000762 |   1.329262 |
 |  31 |   -89.4116652060 |   0.000681 |   1.329240 |
 |  32 |   -89.4116681530 |   0.000608 |   1.329219 |
 |  33 |   -89.4116700908 |   0.000542 |   1.329201 |
 |  34 |   -89.4116713053 |   0.000484 |   1.329184 |
 |  35 |   -89.4116720057 |   0.000431 |   1.329169 |
 |  36 |   -89.4116723452 |   0.000385 |   1.329155 |
 |  37 |   -89.4116724352 |   0.000343 |   1.329143 |
 |  38 |   -89.4116723567 |   0.000306 |   1.329132 |
 |  39 |   -89.4116721681 |   0.000273 |   1.329122 |
 |  40 |   -89.4116719113 |   0.000243 |   1.329114 |
 |  41 |   -89.4116716160 |   0.000217 |   1.329106 |
 |  42 |   -89.4116713031 |   0.000193 |   1.329099 |
 |  43 |   -89.4116709869 |   0.000172 |   1.329092 |
 |  44 |   -89.4116706772 |   0.000153 |   1.329087 |
 |  45 |   -89.4116703802 |   0.000137 |   1.329082 |
 |  46 |   -89.4116700997 |   0.000122 |   1.329077 |
 |  47 |   -89.4116698378 |   0.000109 |   1.329073 |
 |  48 |   -89.4116695955 |   0.000097 |   1.329070 |
 |  49 |   -89.4116693728 |   0.000086 |   1.329067 |
 |  50 |   -89.4116691693 |   0.000077 |   1.329064 |
 |  51 |   -89.4116689841 |   0.000068 |   1.329061 |
 |  52 |   -89.4116688162 |   0.000061 |   1.329059 |
 |  53 |   -89.4116686644 |   0.000054 |   1.329057 |
 |  54 |   -89.4116685274 |   0.000048 |   1.329055 |
 |  55 |   -89.4116684041 |   0.000043 |   1.329054 |
 |  56 |   -89.4116682933 |   0.000038 |   1.329052 |
 |  57 |   -89.4116681938 |   0.000034 |   1.329051 |
 |  58 |   -89.4116681046 |   0.000031 |   1.329050 |
 |  59 |   -89.4116680247 |   0.000027 |   1.329049 |
 |  60 |   -89.4116679531 |   0.000024 |   1.329048 |
 |  61 |   -89.4116678892 |   0.000022 |   1.329047 |
 |  62 |   -89.4116678320 |   0.000019 |   1.329047 |
 |  63 |   -89.4116677809 |   0.000017 |   1.329046 |
 |  64 |   -89.4116677352 |   0.000015 |   1.329045 |
 |  65 |   -89.4116676945 |   0.000014 |   1.329045 |
 |  66 |   -89.4116676581 |   0.000012 |   1.329045 |
 |  67 |   -89.4116676257 |   0.000011 |   1.329044 |
 |  68 |   -89.4116675967 |   0.000010 |   1.329044 |
 |  69 |   -89.4116675709 |   0.000009 |   1.329043 |
 |  70 |   -89.4116675478 |   0.000008 |   1.329043 |
 |  71 |   -89.4116675273 |   0.000007 |   1.329043 |
 |  72 |   -89.4116675090 |   0.000006 |   1.329043 |
 |  73 |   -89.4116674926 |   0.000005 |   1.329043 |
 |  74 |   -89.4116674781 |   0.000005 |   1.329042 |
 |  75 |   -89.4116674651 |   0.000004 |   1.329042 |
 |  76 |   -89.4116674535 |   0.000004 |   1.329042 |
 |  77 |   -89.4116674432 |   0.000003 |   1.329042 |
 |  78 |   -89.4116674340 |   0.000003 |   1.329042 |
 |  79 |   -89.4116674258 |   0.000003 |   1.329042 |
 |  80 |   -89.4116674185 |   0.000002 |   1.329042 |
 |  81 |   -89.4116674120 |   0.000002 |   1.329042 |
 |  82 |   -89.4116674062 |   0.000002 |   1.329041 |
 |  83 |   -89.4116674011 |   0.000002 |   1.329041 |
 |  84 |   -89.4116673965 |   0.000002 |   1.329041 |
 |  85 |   -89.4116673924 |   0.000001 |   1.329041 |
 |  86 |   -89.4116673887 |   0.000001 |   1.329041 |
 |  87 |   -89.4116673855 |   0.000001 |   1.329041 |
 |  88 |   -89.4116673826 |   0.000001 |   1.329041 |
 |  89 |   -89.4116673800 |   0.000001 |   1.329041 |
 |  90 |   -89.4116673777 |   0.000001 |   1.329041 |
 |  91 |   -89.4116673756 |   0.000001 |   1.329041 |
 |  92 |   -89.4116673738 |   0.000001 |   1.329041 |
 |  93 |   -89.4116673722 |   0.000001 |   1.329041 |
 |  94 |   -89.4116673707 |   0.000000 |   1.329041 |
 |  95 |   -89.4116673694 |   0.000000 |   1.329041 |
 |  96 |   -89.4116673683 |   0.000000 |   1.329041 |
 |  97 |   -89.4116673672 |   0.000000 |   1.329041 |
 |  98 |   -89.4116673663 |   0.000000 |   1.329041 |
 |  99 |   -89.4116673655 |   0.000000 |   1.329041 |
 | 100 |   -89.4116673648 |   0.000000 |   1.329041 |
 | 101 |   -89.4116673641 |   0.000000 |   1.329041 |
 | 102 |   -89.4116673635 |   0.000000 |   1.329041 |
 | 103 |   -89.4116673630 |   0.000000 |   1.329041 |
 | 104 |   -89.4116673626 |   0.000000 |   1.329041 |
 | 105 |   -89.4116673622 |   0.000000 |   1.329041 |
 | 106 |   -89.4116673618 |   0.000000 |   1.329041 |
 | 107 |   -89.4116673615 |   0.000000 |   1.329041 |
 | 108 |   -89.4116673916 |   0.000000 |   0.329041 |
 ----------------------------------------------------

         -----------------------------------------
           Summary              
         -----------------------------------------
           One-electron energy:   -149.1197597214 au
           Kinetic      energy:     89.2135077616 au
           Potential    energy:   -238.3332674830 au
         -----------------------------------------
           Two-electron energy:     46.9846189349 au
           Hartree      energy:     57.9741812388 au
           Exchange     energy:    -10.9895623039 au
         -----------------------------------------
           Electronic   energy:   -102.1351407865 au
           Nuclear   repulsion:     12.7234733949 au
           RHF          energy:    -89.4116673916 au
         -----------------------------------------
           HF HOMO      energy:        -10.477373 eV
           HF LUMO      energy:         -1.523714 eV
           HF HOMO-LUMO gap   :          8.953659 eV
         -----------------------------------------
          Dipole moment (Debye)    
                   X         Y         Z      Tot.
           -0.000000 -0.000000 -7.022851  7.022851
         -----------------------------------------

           ---------------------------------------
                 MO coefficients
           ---------------------------------------
                 1              2              3              4              5
      1    -0.00065047    -0.99278634    -0.01745090     0.00923147     0.00000000
      2    -0.00241537     0.01418618     0.34575398     0.67100228     0.00000000
      3     0.00132040    -0.01244454    -0.17521185    -0.38220208     0.00000000
      4     0.00000000     0.00000000     0.00000000     0.00000000    -0.12387054
      5     0.00000000     0.00000000     0.00000000     0.00000000    -0.40443679
      6    -0.00142613     0.03461612     0.27935111     0.46387335     0.00000000
      7     0.00000000     0.00000000     0.00000000     0.00000000     0.02747227
      8     0.00000000     0.00000000     0.00000000     0.00000000     0.08969684
      9     0.00052457    -0.01952703    -0.13987994    -0.32389128     0.00000000
     10     0.00006541     0.00110310    -0.03261795    -0.02795173     0.00000000
     11     0.00000000     0.00000000     0.00000000     0.00000000     0.00000000
     12     0.00000000     0.00000000     0.00000000     0.00000000    -0.01659540
     13     0.00006541     0.00110310    -0.03261795    -0.02795173     0.00000000
     14     0.00000000     0.00000000     0.00000000     0.00000000    -0.05418390
     15    -0.00022452     0.01291802     0.04875639     0.06045186     0.00000000
     16    -1.00052714     0.00270072    -0.00229357     0.01150561     0.00000000
     17    -0.00387024     0.00033015     0.92509247    -0.18263893     0.00000000
     18     0.00237697    -0.02876639    -0.14877427    -0.29396898     0.00000000
     19     0.00000000     0.00000000     0.00000000     0.00000000    -0.23142022
     20     0.00000000     0.00000000     0.00000000     0.00000000    -0.75558603
     21     0.00137490     0.00671075    -0.10792657    -0.84646981     0.00000000
     22     0.00000000     0.00000000     0.00000000     0.00000000    -0.00873934
     23     0.00000000     0.00000000     0.00000000     0.00000000    -0.02853392
     24    -0.00169236     0.00991358     0.06445450     0.07136518     0.00000000
     25     0.00118646     0.00199503     0.00102401     0.00274064     0.00000000
     26     0.00000000     0.00000000     0.00000000     0.00000000     0.00000000
     27     0.00000000     0.00000000     0.00000000     0.00000000     0.00634973
     28     0.00118646     0.00199503     0.00102401     0.00274064     0.00000000
     29     0.00000000     0.00000000     0.00000000     0.00000000     0.02073184
     30     0.00110770    -0.00149065     0.01842464     0.03115879     0.00000000
                 6              7              8              9             10
      1     0.00000000    -0.06496011     0.00000000     0.00000000    -0.01411898
      2     0.00000000     0.30283373     0.00000000     0.00000000     0.28992006
      3     0.00000000     0.55903797     0.00000000     0.00000000     0.20471423
      4     0.40443679     0.00000000     0.21335348     0.00845932     0.00000000
      5    -0.12387054     0.00000000     0.00845932    -0.21335348     0.00000000
      6     0.00000000    -0.44484638     0.00000000     0.00000000    -0.48923600
      7    -0.08969684     0.00000000     0.80656246     0.03197964     0.00000000
      8     0.02747227     0.00000000     0.03197964    -0.80656246     0.00000000
      9     0.00000000    -0.11987777     0.00000000     0.00000000     1.41416880
     10     0.00000000    -0.02677028     0.00000000     0.00000000     0.08037827
     11     0.00000000     0.00000000     0.00000000     0.00000000     0.00000000
     12     0.05418390     0.00000000    -0.12340065    -0.00489275     0.00000000
     13     0.00000000    -0.02677028     0.00000000     0.00000000     0.08037827
     14    -0.01659540     0.00000000    -0.00489275     0.12340065     0.00000000
     15     0.00000000     0.04098209     0.00000000     0.00000000    -0.04408232
     16     0.00000000    -0.00181272     0.00000000     0.00000000     0.03149847
     17     0.00000000    -0.06110809     0.00000000     0.00000000    -0.15507168
     18     0.00000000    -0.00337552     0.00000000     0.00000000    -0.46294148
     19     0.75558603     0.00000000    -0.34452829    -0.01366031     0.00000000
     20    -0.23142022     0.00000000    -0.01366031     0.34452829     0.00000000
     21     0.00000000     0.16506435     0.00000000     0.00000000     0.05192253
     22     0.02853392     0.00000000    -0.13918694    -0.00551867     0.00000000
     23    -0.00873934     0.00000000    -0.00551867     0.13918694     0.00000000
     24     0.00000000     0.03148633     0.00000000     0.00000000    -0.12735081
     25     0.00000000     0.00230423     0.00000000     0.00000000     0.02807820
     26     0.00000000     0.00000000     0.00000000     0.00000000     0.00000000
     27    -0.02073184     0.00000000    -0.00107174    -0.00004249     0.00000000
     28     0.00000000     0.00230423     0.00000000     0.00000000     0.02807820
     29     0.00634973     0.00000000    -0.00004249     0.00107174     0.00000000
     30     0.00000000    -0.00672272     0.00000000     0.00000000     0.02610297
                11             12             13             14             15
      1    -0.44326381     0.00000000     0.00000000    -0.05998608     0.00000000
      2    -2.22478706     0.00000000     0.00000000    -0.41160183     0.00000000
      3     2.94770343     0.00000000     0.00000000     0.94261138     0.00000000
      4     0.00000000    -0.01310809    -1.83203556     0.00000000     0.00000000
      5     0.00000000    -1.83203556     0.01310809     0.00000000     0.00000000
      6     0.97622841     0.00000000     0.00000000    -0.23995556     0.00000000
      7     0.00000000     0.01243311     1.73769780     0.00000000     0.00000000
      8     0.00000000     1.73769780    -0.01243311     0.00000000     0.00000000
      9    -0.66429638     0.00000000     0.00000000     0.67243291     0.00000000
     10    -0.15599352     0.00000000     0.00000000    -0.63502677    -0.00041298
     11     0.00000000     0.00000000     0.00000000     0.00000000    -0.99805238
     12     0.00000000     0.00162971     0.22777404     0.00000000     0.00000000
     13    -0.15599352     0.00000000     0.00000000    -0.63502677     0.00041298
     14     0.00000000     0.22777404    -0.00162971     0.00000000     0.00000000
     15    -0.33263465     0.00000000     0.00000000     0.95755213     0.00000000
     16     0.02774261     0.00000000     0.00000000     0.04874080     0.00000000
     17    -0.01413373     0.00000000     0.00000000     0.22982664     0.00000000
     18    -0.23827798     0.00000000     0.00000000    -1.07140437     0.00000000
     19     0.00000000     0.00142559     0.19924572     0.00000000     0.00000000
     20     0.00000000     0.19924572    -0.00142559     0.00000000     0.00000000
     21    -0.05701780     0.00000000     0.00000000    -0.39661088     0.00000000
     22     0.00000000    -0.00007519    -0.01050910     0.00000000     0.00000000
     23     0.00000000    -0.01050910     0.00007519     0.00000000     0.00000000
     24     0.03008446     0.00000000     0.00000000     0.21646647     0.00000000
     25     0.02240993     0.00000000     0.00000000     0.02334225    -0.00000725
     26     0.00000000     0.00000000     0.00000000     0.00000000    -0.01753178
     27     0.00000000     0.00013978     0.01953662     0.00000000     0.00000000
     28     0.02240993     0.00000000     0.00000000     0.02334225     0.00000725
     29     0.00000000     0.01953662    -0.00013978     0.00000000     0.00000000
     30     0.01143479     0.00000000     0.00000000     0.01637068     0.00000000
                16             17             18             19             20
      1     0.00000000     0.00000000     0.00000000    -0.36742902    -1.14669135
      2     0.00000000     0.00000000     0.00000000    -3.71070766    -4.99754504
      3     0.00000000     0.00000000     0.00000000     1.14305723     3.35465572
      4     0.00000000    -0.27613979    -0.67820264     0.00000000     0.00000000
      5     0.00000000    -0.67820264     0.27613979     0.00000000     0.00000000
      6     0.00000000     0.00000000     0.00000000     0.85105145    -3.36850431
      7     0.00000000     0.10395362     0.25531134     0.00000000     0.00000000
      8     0.00000000     0.25531134    -0.10395362     0.00000000     0.00000000
      9     0.00000000     0.00000000     0.00000000    -0.31917739     1.99880782
     10     0.86433871     0.00000000     0.00000000     1.18235780     0.61765063
     11    -0.00047686     0.00000000     0.00000000     0.00000000     0.00000000
     12     0.00000000    -0.47216161    -1.15963457     0.00000000     0.00000000
     13    -0.86433871     0.00000000     0.00000000     1.18235780     0.61765063
     14     0.00000000    -1.15963457     0.47216161     0.00000000     0.00000000
     15     0.00000000     0.00000000     0.00000000     1.95196847    -0.99218893
     16     0.00000000     0.00000000     0.00000000    -0.03196095     0.12978027
     17     0.00000000     0.00000000     0.00000000    -0.15839461     0.97311862
     18     0.00000000     0.00000000     0.00000000    -0.67958210     1.17206026
     19     0.00000000     0.12878371     0.31629432     0.00000000     0.00000000
     20     0.00000000     0.31629432    -0.12878371     0.00000000     0.00000000
     21     0.00000000     0.00000000     0.00000000     0.21255740    -0.05096161
     22     0.00000000     0.22964675     0.56401518     0.00000000     0.00000000
     23     0.00000000     0.56401518    -0.22964675     0.00000000     0.00000000
     24     0.00000000     0.00000000     0.00000000    -0.14267723    -1.60809354
     25     0.01518297     0.00000000     0.00000000    -0.00289817     0.09535764
     26    -0.00000838     0.00000000     0.00000000     0.00000000     0.00000000
     27     0.00000000     0.00291373     0.00715615     0.00000000     0.00000000
     28    -0.01518297     0.00000000     0.00000000    -0.00289817     0.09535764
     29     0.00000000     0.00715615    -0.00291373     0.00000000     0.00000000
     30     0.00000000     0.00000000     0.00000000    -0.05152636     0.06259028
                21             22             23             24             25
      1     0.00000000     0.00000000    -0.09167946    -1.19390635     0.00000000
      2     0.00000000     0.00000000     0.61140083    -4.17418439     0.00000000
      3     0.00000000     0.00000000     0.18891165     2.58742141     0.00000000
      4     0.02710811    -0.44741806     0.00000000     0.00000000     0.00000000
      5     0.44741806     0.02710811     0.00000000     0.00000000     0.00000000
      6     0.00000000     0.00000000     0.53274510    -3.28862853     0.00000000
      7    -0.00003069     0.00050656     0.00000000     0.00000000     0.00000000
      8    -0.00050656    -0.00003069     0.00000000     0.00000000     0.00000000
      9     0.00000000     0.00000000    -0.02053477     1.41294923     0.00000000
     10     0.00000000     0.00000000    -0.58895490     0.17466632     0.10424405
     11     0.00000000     0.00000000     0.00000000     0.00000000     0.00102691
     12     0.02212411    -0.36515743     0.00000000     0.00000000     0.00000000
     13     0.00000000     0.00000000    -0.58895490     0.17466632    -0.10424405
     14     0.36515743     0.02212411     0.00000000     0.00000000     0.00000000
     15     0.00000000     0.00000000     0.34037772    -1.08343373     0.00000000
     16     0.00000000     0.00000000     0.07368045    -0.78676314     0.00000000
     17     0.00000000     0.00000000     0.24836916    -2.93499609     0.00000000
     18     0.00000000     0.00000000    -1.02565545     6.48470847     0.00000000
     19     0.08598733    -1.41921670     0.00000000     0.00000000     0.00000000
     20     1.41921670     0.08598733     0.00000000     0.00000000     0.00000000
     21     0.00000000     0.00000000     1.44064338     0.10976648     0.00000000
     22    -0.12424445     2.05064861     0.00000000     0.00000000     0.00000000
     23    -2.05064861    -0.12424445     0.00000000     0.00000000     0.00000000
     24     0.00000000     0.00000000    -1.60706177    -1.76654890     0.00000000
     25     0.00000000     0.00000000     0.04448892    -0.11521512    -0.87043870
     26     0.00000000     0.00000000     0.00000000     0.00000000    -0.00857467
     27    -0.00327529     0.05405842     0.00000000     0.00000000     0.00000000
     28     0.00000000     0.00000000     0.04448892    -0.11521512     0.87043870
     29    -0.05405842    -0.00327529     0.00000000     0.00000000     0.00000000
     30     0.00000000     0.00000000     0.02205436    -0.58849843     0.00000000
                26             27             28             29             30
      1     0.00000000     0.00000000     0.00000000    -1.38266203    -0.65300578
      2     0.00000000     0.00000000     0.00000000    -5.68194387    -2.33990139
      3     0.00000000     0.00000000     0.00000000     3.35416047     1.25821321
      4     0.00000000     0.50126893     0.01129640     0.00000000     0.00000000
      5     0.00000000    -0.01129640     0.50126893     0.00000000     0.00000000
      6     0.00000000     0.00000000     0.00000000    -3.39108731    -1.47078925
      7     0.00000000    -0.25552007    -0.00575830     0.00000000     0.00000000
      8     0.00000000     0.00575830    -0.25552007     0.00000000     0.00000000
      9     0.00000000     0.00000000     0.00000000     1.79035019     0.55127632
     10    -0.00088933     0.00000000     0.00000000     0.64695649     0.16647315
     11     0.12037066     0.00000000     0.00000000     0.00000000     0.00000000
     12     0.00000000     0.37057029     0.00835102     0.00000000     0.00000000
     13     0.00088933     0.00000000     0.00000000     0.64695649     0.16647315
     14     0.00000000    -0.00835102     0.37057029     0.00000000     0.00000000
     15     0.00000000     0.00000000     0.00000000    -0.54747802    -0.31460515
     16     0.00000000     0.00000000     0.00000000    -0.54300523     0.14491005
     17     0.00000000     0.00000000     0.00000000    -2.13004071     2.67855851
     18     0.00000000     0.00000000     0.00000000     4.70235796     1.79940037
     19     0.00000000     0.15591827     0.00351371     0.00000000     0.00000000
     20     0.00000000    -0.00351371     0.15591827     0.00000000     0.00000000
     21     0.00000000     0.00000000     0.00000000     0.11243819     0.08056381
     22     0.00000000    -0.48495278    -0.01092870     0.00000000     0.00000000
     23     0.00000000     0.01092870    -0.48495278     0.00000000     0.00000000
     24     0.00000000     0.00000000     0.00000000    -1.78500160    -0.87066741
     25     0.00742588     0.00000000     0.00000000    -0.52067314    -1.61142919
     26    -1.00509604     0.00000000     0.00000000     0.00000000     0.00000000
     27     0.00000000     1.04100523     0.02345968     0.00000000     0.00000000
     28    -0.00742588     0.00000000     0.00000000    -0.52067314    -1.61142919
     29     0.00000000    -0.02345968     1.04100523     0.00000000     0.00000000
     30     0.00000000     0.00000000     0.00000000     1.06906791    -1.29037911

           ---------------------------------------
                     MO energies
           ---------------------------------------
                 1
      1   -20.46451448
      2    -4.72882752
      3    -1.15278204
      4    -0.45906414
      5    -0.38503637
      6    -0.38503637
      7    -0.05599546
      8     0.11655454
      9     0.11655454
     10     0.19527590
     11     0.26176442
     12     0.34588618
     13     0.34588618
     14     0.56361230
     15     0.62208163
     16     0.62208163
     17     0.76806233
     18     0.76806233
     19     1.13820968
     20     1.20092290
     21     1.43599312
     22     1.43599312
     23     1.54301876
     24     2.19554917
     25     3.09869900
     26     3.09869900
     27     3.25830743
     28     3.25830743
     29     3.77949262
     30     6.12715779

                                        Total CPU time for RHF =      1.735 seconds


 AO to MO transformation... Please be patient

                    Total CPU time for AO to MO transformation =      1.597 seconds


 ************************************************
 |      Configuration Interaction Singles       |
 ************************************************


 -------------------------------------------------------------
   CIS          calculation: singlet        manifold
 -------------------------------------------------------------
 | State |  Excitation energy (au) |  Excitation energy (eV) |
 -------------------------------------------------------------
 |     1 |                0.089553 |                2.436856 |
 |     2 |                0.089553 |                2.436856 |
 |     3 |                0.167026 |                4.545008 |
 |     4 |                0.214864 |                5.846734 |
 |     5 |                0.224234 |                6.101728 |
 |     6 |                0.224234 |                6.101728 |
 |     7 |                0.291993 |                7.945530 |
 |     8 |                0.291993 |                7.945530 |
 |     9 |                0.340561 |                9.267138 |
 |    10 |                0.340561 |                9.267138 |
 |    11 |                0.373896 |               10.174238 |
 |    12 |                0.406307 |               11.056178 |
 |    13 |                0.429422 |               11.685169 |
 |    14 |                0.429422 |               11.685169 |
 |    15 |                0.452752 |               12.320018 |
 |    16 |                0.452752 |               12.320018 |
 |    17 |                0.453961 |               12.352915 |
 |    18 |                0.505961 |               13.767901 |
 |    19 |                0.514424 |               13.998179 |
 |    20 |                0.531831 |               14.471852 |
 -------------------------------------------------------------

 ---------------------------------------------------------------
                 Transition dipole moment (au)                  
 ---------------------------------------------------------------
  #           X           Y           Z   dip. str.   osc. str.
 ---------------------------------------------------------------
  1   -0.613942    0.185102    0.000000    0.411188    0.024549
  2    0.185102    0.613942    0.000000    0.411188    0.024549
  3   -0.000000    0.000000   -0.366640    0.134425    0.014968
  4    0.000000    0.000000    0.000000    0.000000    0.000000
  5   -0.000000    0.000000    0.000000    0.000000    0.000000
  6   -0.000000   -0.000000   -0.000000    0.000000    0.000000
  7    0.118710    0.398134   -0.000000    0.172603    0.033599
  8    0.398134   -0.118710    0.000000    0.172603    0.033599
  9    0.454270    0.628022   -0.000000    0.600773    0.136400
 10   -0.628022    0.454270   -0.000000    0.600773    0.136400
 ---------------------------------------------------------------

 -------------------------------------------------------------
 Excitation n.   1:   2.436856 eV  f = 0.0245  <S**2> = 0.0000
 -------------------------------------------------------------
  6 ->   7 =  -0.694776
  6 ->  10 =  -0.094253
  6 ->  11 =   0.076989

 -------------------------------------------------------------
 Excitation n.   2:   2.436856 eV  f = 0.0245  <S**2> = 0.0000
 -------------------------------------------------------------
  5 ->   7 =  -0.694776
  5 ->  10 =  -0.094253
  5 ->  11 =   0.076989

 -------------------------------------------------------------
 Excitation n.   3:   4.545008 eV  f = 0.0150  <S**2> = 0.0000
 -------------------------------------------------------------
  4 ->   7 =   0.674209
  4 ->  10 =   0.114284
  4 ->  11 =  -0.072329
  5 ->   9 =  -0.098764
  6 ->   8 =  -0.098764

 -------------------------------------------------------------
 Excitation n.   4:   5.846734 eV  f = 0.0000  <S**2> = 0.0000
 -------------------------------------------------------------
  5 ->   8 =  -0.448051
  5 ->   9 =  -0.156899
  5 ->  13 =   0.137542
  6 ->   8 =  -0.156899
  6 ->   9 =   0.448051
  6 ->  12 =   0.137542

 -------------------------------------------------------------
 Excitation n.   5:   6.101728 eV  f = 0.0000  <S**2> = 0.0000
 -------------------------------------------------------------
  5 ->   8 =   0.298340
  5 ->   9 =   0.373460
  5 ->  12 =   0.101296
  5 ->  13 =  -0.088991
  6 ->   8 =  -0.373460
  6 ->   9 =   0.298340
  6 ->  12 =   0.088991
  6 ->  13 =   0.101296

 -------------------------------------------------------------
 Excitation n.   6:   6.101728 eV  f = 0.0000  <S**2> = 0.0000
 -------------------------------------------------------------
  5 ->   8 =   0.373460
  5 ->   9 =  -0.298340
  5 ->  12 =  -0.088991
  5 ->  13 =  -0.101296
  6 ->   8 =   0.298340
  6 ->   9 =   0.373460
  6 ->  12 =   0.101296
  6 ->  13 =  -0.088991

 -------------------------------------------------------------
 Excitation n.   7:   7.945530 eV  f = 0.0336  <S**2> = 0.0000
 -------------------------------------------------------------
  4 ->   8 =   0.217309
  4 ->   9 =  -0.635675
  4 ->  12 =  -0.183940

 -------------------------------------------------------------
 Excitation n.   8:   7.945530 eV  f = 0.0336  <S**2> = 0.0000
 -------------------------------------------------------------
  4 ->   8 =   0.635675
  4 ->   9 =   0.217309
  4 ->  13 =  -0.183940

 -------------------------------------------------------------
 Excitation n.   9:   9.267138 eV  f = 0.1364  <S**2> = 0.0000
 -------------------------------------------------------------
  5 ->  10 =  -0.637073
  5 ->  11 =  -0.177535
  6 ->  10 =   0.217508

 -------------------------------------------------------------
 Excitation n.  10:   9.267138 eV  f = 0.1364  <S**2> = 0.0000
 -------------------------------------------------------------
  5 ->  10 =  -0.217508
  6 ->  10 =  -0.637073
  6 ->  11 =  -0.177535

Thomas-Reiche-Kuhn sum rule =   0.404064

 ---------------------------------------------------------------------------------------------------
  CIS(D) correction 
 ---------------------------------------------------------------------------------------------------
      #             CIS (eV)          CIS(D) (eV)      Correction (eV)
 ---------------------------------------------------------------------------------------------------
      1            2.436856           -0.028811           -2.465667
      2            2.436856           -0.028811           -2.465667
      3            4.545008            0.326342           -4.218665
      4            5.846734            5.705652           -0.141082
      5            6.101728            5.747350           -0.354377
      6            6.101728            5.747350           -0.354377
      7            7.945530            6.309622           -1.635908
      8            7.945530            6.309622           -1.635908
      9            9.267138            7.997340           -1.269798
     10            9.267138            7.997340           -1.269798
 ---------------------------------------------------------------------------------------------------


 -------------------------------------------------------------
   CIS          calculation: triplet        manifold
 -------------------------------------------------------------
 | State |  Excitation energy (au) |  Excitation energy (eV) |
 -------------------------------------------------------------
 |     1 |                0.070271 |                1.912181 |
 |     2 |                0.070271 |                1.912181 |
 |     3 |                0.135261 |                3.680631 |
 |     4 |                0.176449 |                4.801429 |
 |     5 |                0.191368 |                5.207392 |
 |     6 |                0.191368 |                5.207392 |
 |     7 |                0.214864 |                5.846734 |
 |     8 |                0.264172 |                7.188495 |
 |     9 |                0.264172 |                7.188495 |
 |    10 |                0.315353 |                8.581200 |
 |    11 |                0.315353 |                8.581200 |
 |    12 |                0.387556 |               10.545935 |
 |    13 |                0.424787 |               11.559035 |
 |    14 |                0.424787 |               11.559035 |
 |    15 |                0.430011 |               11.701196 |
 |    16 |                0.442725 |               12.047156 |
 |    17 |                0.442725 |               12.047156 |
 |    18 |                0.453961 |               12.352915 |
 |    19 |                0.503510 |               13.701201 |
 |    20 |                0.514954 |               14.012625 |
 -------------------------------------------------------------

 -------------------------------------------------------------
 Excitation n.   1:   1.912181 eV  f = 0.0000  <S**2> = 2.0000
 -------------------------------------------------------------
  6 ->   7 =  -0.685822
  6 ->  10 =  -0.131970

 -------------------------------------------------------------
 Excitation n.   2:   1.912181 eV  f = 0.0000  <S**2> = 2.0000
 -------------------------------------------------------------
  5 ->   7 =  -0.685822
  5 ->  10 =  -0.131970

 -------------------------------------------------------------
 Excitation n.   3:   3.680631 eV  f = 0.0000  <S**2> = 2.0000
 -------------------------------------------------------------
  4 ->   7 =   0.587405
  4 ->  10 =   0.116583
  4 ->  14 =  -0.073074
  5 ->   8 =  -0.075834
  5 ->   9 =   0.216557
  5 ->  12 =   0.089410
  6 ->   8 =   0.216557
  6 ->   9 =   0.075834
  6 ->  13 =  -0.089410

 -------------------------------------------------------------
 Excitation n.   4:   4.801429 eV  f = 0.0000  <S**2> = 2.0000
 -------------------------------------------------------------
  4 ->   7 =  -0.352364
  5 ->   8 =  -0.132891
  5 ->   9 =   0.379493
  5 ->  12 =   0.127614
  6 ->   8 =   0.379493
  6 ->   9 =   0.132891
  6 ->  13 =  -0.127614

 -------------------------------------------------------------
 Excitation n.   5:   5.207392 eV  f = 0.0000  <S**2> = 2.0000
 -------------------------------------------------------------
  5 ->   8 =  -0.193746
  5 ->   9 =  -0.427627
  5 ->  12 =  -0.137020
  6 ->   8 =   0.427627
  6 ->   9 =  -0.193746
  6 ->  13 =  -0.137020

 -------------------------------------------------------------
 Excitation n.   6:   5.207392 eV  f = 0.0000  <S**2> = 2.0000
 -------------------------------------------------------------
  5 ->   8 =  -0.427627
  5 ->   9 =   0.193746
  5 ->  13 =   0.137020
  6 ->   8 =  -0.193746
  6 ->   9 =  -0.427627
  6 ->  12 =  -0.137020

 -------------------------------------------------------------
 Excitation n.   7:   5.846734 eV  f = 0.0000  <S**2> = 2.0000
 -------------------------------------------------------------
  5 ->   8 =   0.448051
  5 ->   9 =   0.156899
  5 ->  13 =  -0.137542
  6 ->   8 =   0.156899
  6 ->   9 =  -0.448051
  6 ->  12 =  -0.137542

 -------------------------------------------------------------
 Excitation n.   8:   7.188495 eV  f = 0.0000  <S**2> = 2.0000
 -------------------------------------------------------------
  4 ->   8 =  -0.608162
  4 ->   9 =  -0.241432
  4 ->  12 =  -0.074547
  4 ->  13 =   0.216845
  4 ->  18 =   0.102073

 -------------------------------------------------------------
 Excitation n.   9:   7.188495 eV  f = 0.0000  <S**2> = 2.0000
 -------------------------------------------------------------
  4 ->   8 =  -0.241432
  4 ->   9 =   0.608162
  4 ->  12 =   0.216845
  4 ->  13 =   0.074547
  4 ->  17 =   0.102073

 -------------------------------------------------------------
 Excitation n.  10:   8.581200 eV  f = 0.0000  <S**2> = 2.0000
 -------------------------------------------------------------
  6 ->   7 =  -0.111094
  6 ->  10 =   0.660472
  6 ->  11 =   0.204054

Thomas-Reiche-Kuhn sum rule =   0.000000

 ---------------------------------------------------------------------------------------------------
  CIS(D) correction 
 ---------------------------------------------------------------------------------------------------
      #             CIS (eV)          CIS(D) (eV)      Correction (eV)
 ---------------------------------------------------------------------------------------------------
      1            1.912181            0.044875           -1.867306
      2            1.912181            0.044875           -1.867306
      3            3.680631            1.328049           -2.352582
      4            4.801429            3.814702           -0.986726
      5            5.207392            5.350187            0.142795
      6            5.207392            5.350187            0.142795
      7            5.846734            5.649581           -0.197153
      8            7.188495            6.047774           -1.140720
      9            7.188495            6.047774           -1.140720
     10            8.581200            7.517486           -1.063714
 ---------------------------------------------------------------------------------------------------

                                        Total CPU time for CIS =      3.492 seconds


 ***********************************************************
 |  Random phase approximation calculation with exchange   |
 ***********************************************************


 -------------------------------------------------------------
   RPAx@HF      calculation: singlet        manifold
 -------------------------------------------------------------
 | State |  Excitation energy (au) |  Excitation energy (eV) |
 -------------------------------------------------------------
 |     1 |                0.087332 |                2.376414 |
 |     2 |                0.087332 |                2.376414 |
 |     3 |                0.164858 |                4.486027 |
 |     4 |                0.202721 |                5.516330 |
 |     5 |                0.217907 |                5.929556 |
 |     6 |                0.217907 |                5.929556 |
 |     7 |                0.286804 |                7.804334 |
 |     8 |                0.286804 |                7.804334 |
 |     9 |                0.339704 |                9.243827 |
 |    10 |                0.339704 |                9.243827 |
 |    11 |                0.345147 |                9.391919 |
 |    12 |                0.405063 |               11.022316 |
 |    13 |                0.429370 |               11.683754 |
 |    14 |                0.429370 |               11.683754 |
 |    15 |                0.452270 |               12.306882 |
 |    16 |                0.452270 |               12.306882 |
 |    17 |                0.453174 |               12.331488 |
 |    18 |                0.501844 |               13.655874 |
 |    19 |                0.506256 |               13.775939 |
 |    20 |                0.530942 |               14.447678 |
 -------------------------------------------------------------

 ---------------------------------------------------------------
                 Transition dipole moment (au)                  
 ---------------------------------------------------------------
  #           X           Y           Z   dip. str.   osc. str.
 ---------------------------------------------------------------
  1    0.583984   -0.172504    0.000000    0.370796    0.021588
  2    0.172504    0.583984   -0.000000    0.370796    0.021588
  3   -0.000000    0.000000   -0.344045    0.118367    0.013009
  4   -0.000000   -0.000000    0.000000    0.000000    0.000000
  5    0.000000    0.000000   -0.000000    0.000000    0.000000
  6   -0.000000    0.000000   -0.000000    0.000000    0.000000
  7   -0.121597   -0.400212    0.000000    0.174955    0.033452
  8    0.400212   -0.121597    0.000000    0.174955    0.033452
  9   -0.272544   -0.686896   -0.000000    0.546106    0.123676
 10   -0.686896    0.272544    0.000000    0.546106    0.123676
 ---------------------------------------------------------------

 -------------------------------------------------------------
 Excitation n.   1:   2.376414 eV  f = 0.0216  <S**2> = 0.0000
 -------------------------------------------------------------
  6 ->   7 =   0.696288
  6 ->  10 =   0.095600
  6 ->  11 =  -0.077351

 -------------------------------------------------------------
 Excitation n.   2:   2.376414 eV  f = 0.0216  <S**2> = 0.0000
 -------------------------------------------------------------
  5 ->   7 =  -0.696288
  5 ->  10 =  -0.095600
  5 ->  11 =   0.077351

 -------------------------------------------------------------
 Excitation n.   3:   4.486027 eV  f = 0.0130  <S**2> = 0.0000
 -------------------------------------------------------------
  4 ->   7 =   0.679606
  4 ->  10 =   0.114902
  4 ->  11 =  -0.073551
  5 ->   9 =  -0.085170
  6 ->   8 =  -0.085170

 -------------------------------------------------------------
 Excitation n.   4:   5.516330 eV  f = 0.0000  <S**2> = 0.0000
 -------------------------------------------------------------
  5 ->   8 =   0.451267
  5 ->   9 =   0.158025
  5 ->  13 =  -0.144967
  6 ->   8 =   0.158025
  6 ->   9 =  -0.451267
  6 ->  12 =  -0.144967

 -------------------------------------------------------------
 Excitation n.   5:   5.929556 eV  f = 0.0000  <S**2> = 0.0000
 -------------------------------------------------------------
  5 ->   8 =  -0.477750
  5 ->  13 =   0.137832
  6 ->   9 =  -0.477750
  6 ->  12 =  -0.137832

 -------------------------------------------------------------
 Excitation n.   6:   5.929556 eV  f = 0.0000  <S**2> = 0.0000
 -------------------------------------------------------------
  5 ->   9 =  -0.477750
  5 ->  12 =  -0.137832
  6 ->   8 =   0.477750
  6 ->  13 =  -0.137832

 -------------------------------------------------------------
 Excitation n.   7:   7.804334 eV  f = 0.0335  <S**2> = 0.0000
 -------------------------------------------------------------
  4 ->   8 =  -0.220783
  4 ->   9 =   0.635035
  4 ->  12 =   0.188097
  4 ->  17 =   0.074125

 -------------------------------------------------------------
 Excitation n.   8:   7.804334 eV  f = 0.0335  <S**2> = 0.0000
 -------------------------------------------------------------
  4 ->   8 =   0.635035
  4 ->   9 =   0.220783
  4 ->  13 =  -0.188097
  4 ->  18 =  -0.074125

 -------------------------------------------------------------
 Excitation n.   9:   9.243827 eV  f = 0.1237  <S**2> = 0.0000
 -------------------------------------------------------------
  5 ->   7 =  -0.072979
  5 ->  10 =   0.671365
  5 ->  11 =   0.187584

 -------------------------------------------------------------
 Excitation n.  10:   9.243827 eV  f = 0.1237  <S**2> = 0.0000
 -------------------------------------------------------------
  6 ->   7 =   0.072979
  6 ->  10 =  -0.671365
  6 ->  11 =  -0.187584

Thomas-Reiche-Kuhn sum rule =   0.370442


 -------------------------------------------------------------
   RPAx@HF      calculation: triplet        manifold
 -------------------------------------------------------------
 | State |  Excitation energy (au) |  Excitation energy (eV) |
 -------------------------------------------------------------
 |     1 |                0.060910 |                1.657443 |
 |     2 |                0.060910 |                1.657443 |
 |     3 |                0.088170 |                2.399218 |
 |     4 |                0.158012 |                4.299727 |
 |     5 |                0.164800 |                4.484442 |
 |     6 |                0.164800 |                4.484442 |
 |     7 |                0.202721 |                5.516330 |
 |     8 |                0.251954 |                6.856020 |
 |     9 |                0.251954 |                6.856020 |
 |    10 |                0.312111 |                8.492982 |
 |    11 |                0.312111 |                8.492982 |
 |    12 |                0.385127 |               10.479842 |
 |    13 |                0.424620 |               11.554490 |
 |    14 |                0.424620 |               11.554490 |
 |    15 |                0.427632 |               11.636465 |
 |    16 |                0.441085 |               12.002536 |
 |    17 |                0.441085 |               12.002536 |
 |    18 |                0.453174 |               12.331488 |
 |    19 |                0.503348 |               13.696794 |
 |    20 |                0.513496 |               13.972940 |
 -------------------------------------------------------------

 -------------------------------------------------------------
 Excitation n.   1:   1.657443 eV  f = 0.0000  <S**2> = 2.0000
 -------------------------------------------------------------
  5 ->   7 =  -0.310793
  6 ->   7 =  -0.619498
  6 ->  10 =  -0.127115
  6 ->  14 =   0.070878
  6 <-   7 =  -0.081335

 -------------------------------------------------------------
 Excitation n.   2:   1.657443 eV  f = 0.0000  <S**2> = 2.0000
 -------------------------------------------------------------
  5 ->   7 =  -0.619498
  5 ->  10 =  -0.127115
  5 ->  14 =   0.070878
  6 ->   7 =   0.310793
  5 <-   7 =  -0.081335

 -------------------------------------------------------------
 Excitation n.   3:   2.399218 eV  f = 0.0000  <S**2> = 2.0000
 -------------------------------------------------------------
  4 ->   7 =  -0.377434
  4 ->  10 =  -0.090470
  4 ->  14 =   0.085850
  5 ->   8 =   0.143180
  5 ->   9 =  -0.408874
  5 ->  12 =  -0.177291
  5 ->  17 =  -0.097837
  6 ->   8 =  -0.408874
  6 ->   9 =  -0.143180
  6 ->  13 =   0.177291
  6 ->  18 =   0.097837
  4 <-   7 =  -0.105317
  5 <-   9 =  -0.194051
  5 <-  12 =  -0.100015
  6 <-   8 =  -0.194051
  6 <-  13 =   0.100015

 -------------------------------------------------------------
 Excitation n.   4:   4.299727 eV  f = 0.0000  <S**2> = 2.0000
 -------------------------------------------------------------
  4 ->   7 =  -0.580760
  4 ->  10 =  -0.102076
  5 ->   8 =  -0.086384
  5 ->   9 =   0.246684
  5 ->  12 =   0.083124
  6 ->   8 =   0.246684
  6 ->   9 =   0.086384
  6 ->  13 =  -0.083124

 -------------------------------------------------------------
 Excitation n.   5:   4.484442 eV  f = 0.0000  <S**2> = 2.0000
 -------------------------------------------------------------
  5 ->   9 =   0.475819
  5 ->  12 =   0.169688
  5 ->  17 =   0.073836
  6 ->   8 =  -0.475819
  6 ->  13 =   0.169688
  6 ->  18 =   0.073836
  5 <-   9 =   0.108025
  6 <-   8 =  -0.108025

 -------------------------------------------------------------
 Excitation n.   6:   4.484442 eV  f = 0.0000  <S**2> = 2.0000
 -------------------------------------------------------------
  5 ->   8 =  -0.475819
  5 ->  13 =   0.169688
  5 ->  18 =   0.073836
  6 ->   9 =  -0.475819
  6 ->  12 =  -0.169688
  6 ->  17 =  -0.073836
  5 <-   8 =  -0.108025
  6 <-   9 =  -0.108025

 -------------------------------------------------------------
 Excitation n.   7:   5.516330 eV  f = 0.0000  <S**2> = 2.0000
 -------------------------------------------------------------
  5 ->   8 =   0.451267
  5 ->   9 =   0.158025
  5 ->  13 =  -0.144967
  6 ->   8 =   0.158025
  6 ->   9 =  -0.451267
  6 ->  12 =  -0.144967

 -------------------------------------------------------------
 Excitation n.   8:   6.856020 eV  f = 0.0000  <S**2> = 2.0000
 -------------------------------------------------------------
  4 ->   8 =  -0.211973
  4 ->   9 =   0.619088
  4 ->  12 =   0.229012
  4 ->  17 =   0.110102
  5 ->   7 =  -0.075254
  5 <-   7 =   0.075856

 -------------------------------------------------------------
 Excitation n.   9:   6.856020 eV  f = 0.0000  <S**2> = 2.0000
 -------------------------------------------------------------
  4 ->   8 =  -0.619088
  4 ->   9 =  -0.211973
  4 ->  13 =   0.229012
  4 ->  18 =   0.110102
  6 ->   7 =   0.075254
  6 <-   7 =  -0.075856

 -------------------------------------------------------------
 Excitation n.  10:   8.492982 eV  f = 0.0000  <S**2> = 2.0000
 -------------------------------------------------------------
  5 ->   7 =  -0.114587
  5 ->  10 =   0.653633
  5 ->  11 =   0.204260
  6 ->  10 =  -0.082977

Thomas-Reiche-Kuhn sum rule =   0.000000


 -------------------------------------------------------------------------------
              Tr@RPAx correlation energy (singlet) =       -0.1183487699
              Tr@RPAx correlation energy (triplet) =       -0.2877038580
              Tr@RPAx correlation energy           =       -0.4060526279
              Tr@RPAx total energy                 =      -89.8177200195
 -------------------------------------------------------------------------------

                                       Total CPU time for RPAx =      0.027 seconds


 ************************************************
 |          One-shot G0W0 calculation           |
 ************************************************


 -------------------------------------------------------------
   RPA@HF       calculation: singlet        manifold
 -------------------------------------------------------------
 | State |  Excitation energy (au) |  Excitation energy (eV) |
 -------------------------------------------------------------
 |     1 |                0.338974 |                9.223964 |
 |     2 |                0.338974 |                9.223964 |
 |     3 |                0.413966 |               11.264602 |
 |     4 |                0.501591 |               13.648984 |
 |     5 |                0.518899 |               14.119974 |
 |     6 |                0.518899 |               14.119974 |
 |     7 |                0.585758 |               15.939276 |
 |     8 |                0.585758 |               15.939276 |
 |     9 |                0.597958 |               16.271279 |
 |    10 |                0.597958 |               16.271279 |
 |    11 |                0.600816 |               16.349047 |
 |    12 |                0.652343 |               17.751157 |
 |    13 |                0.652343 |               17.751157 |
 |    14 |                0.664293 |               18.076329 |
 |    15 |                0.723455 |               19.686214 |
 |    16 |                0.730923 |               19.889416 |
 |    17 |                0.744506 |               20.259050 |
 |    18 |                0.744506 |               20.259050 |
 |    19 |                0.819861 |               22.309560 |
 |    20 |                0.819861 |               22.309560 |
 -------------------------------------------------------------

  *** Quasiparticle energies obtained by linearization *** 

 -------------------------------------------------------------------------------
   One-shot G0W0 calculation
 -------------------------------------------------------------------------------
 |   # |       e_HF (eV) |      Sig_c (eV) |               Z |       e_QP (eV) |
 -------------------------------------------------------------------------------
 |   1 |     -556.867803 |       17.412538 |        0.745144 |     -543.892960 |
 |   2 |     -128.677951 |        3.290083 |        0.923748 |     -125.638743 |
 |   3 |      -31.368797 |        5.340333 |        0.536767 |      -28.502282 |
 |   4 |      -12.491771 |        2.030951 |        0.891241 |      -10.681705 |
 |   5 |      -10.477373 |        1.106311 |        0.906555 |       -9.474442 |
 |   6 |      -10.477373 |        1.106311 |        0.906555 |       -9.474442 |
 |   7 |       -1.523714 |       -0.421186 |        0.979994 |       -1.936474 |
 |   8 |        3.171611 |       -0.214077 |        0.973534 |        2.963199 |
 |   9 |        3.171611 |       -0.214077 |        0.973534 |        2.963199 |
 |  10 |        5.313728 |       -0.256063 |        0.987149 |        5.060955 |
 |  11 |        7.122973 |       -0.486286 |        0.976783 |        6.647977 |
 |  12 |        9.412042 |       -0.585452 |        0.941106 |        8.861070 |
 |  13 |        9.412042 |       -0.585452 |        0.941106 |        8.861070 |
 |  14 |       15.336672 |       -0.437936 |        0.646081 |       15.053730 |
 |  15 |       16.927703 |       -0.665431 |        0.879697 |       16.342326 |
 |  16 |       16.927703 |       -0.665431 |        0.879697 |       16.342326 |
 |  17 |       20.900041 |       -0.261033 |        0.315048 |       20.817803 |
 |  18 |       20.900041 |       -0.261033 |        0.315048 |       20.817803 |
 |  19 |       30.972263 |       -0.591412 |        0.419374 |       30.724240 |
 |  20 |       32.678777 |       -1.182253 |        0.422889 |       32.178815 |
 |  21 |       39.075363 |       -2.663009 |        0.340758 |       38.167922 |
 |  22 |       39.075363 |       -2.663009 |        0.340758 |       38.167922 |
 |  23 |       41.987679 |       -2.835843 |        0.549199 |       40.430237 |
 |  24 |       59.743936 |       -3.713917 |        0.080033 |       59.446699 |
 |  25 |       84.319895 |       -3.313626 |        0.482131 |       82.722293 |
 |  26 |       84.319895 |       -3.313626 |        0.482131 |       82.722293 |
 |  27 |       88.663061 |       -3.281482 |        0.250457 |       87.841192 |
 |  28 |       88.663061 |       -3.281482 |        0.250457 |       87.841192 |
 |  29 |      102.845233 |       -7.291044 |        0.048034 |      102.495014 |
 |  30 |      166.728456 |       -2.671720 |        0.557409 |      165.239216 |
 -------------------------------------------------------------------------------
          G0W0 HOMO      energy:      -9.474442 eV
          G0W0 LUMO      energy:      -1.936474 eV
          G0W0 HOMO-LUMO gap   :       7.537968 eV
 -------------------------------------------------------------------------------
    RPA@G0W0 total energy      :     -89.673672 au
    RPA@G0W0 correlation energy:      -0.262005 au
    GM@G0W0  total energy      :     -89.852770 au
    GM@G0W0  correlation energy:      -0.441103 au
 -------------------------------------------------------------------------------


 -------------------------------------------------------------
   BSE@GW       calculation: singlet        manifold
 -------------------------------------------------------------
 | State |  Excitation energy (au) |  Excitation energy (eV) |
 -------------------------------------------------------------
 |     1 |                0.028958 |                0.787992 |
 |     2 |                0.028958 |                0.787992 |
 |     3 |                0.076499 |                2.081634 |
 |     4 |                0.202593 |                5.512832 |
 |     5 |                0.211696 |                5.760540 |
 |     6 |                0.211696 |                5.760540 |
 |     7 |                0.253004 |                6.884599 |
 |     8 |                0.253004 |                6.884599 |
 |     9 |                0.300689 |                8.182159 |
 |    10 |                0.312349 |                8.499438 |
 |    11 |                0.312349 |                8.499438 |
 |    12 |                0.350384 |                9.534441 |
 |    13 |                0.365412 |                9.943370 |
 |    14 |                0.365412 |                9.943370 |
 |    15 |                0.400333 |               10.893620 |
 |    16 |                0.400333 |               10.893620 |
 |    17 |                0.401825 |               10.934220 |
 |    18 |                0.409851 |               11.152614 |
 |    19 |                0.445308 |               12.117453 |
 |    20 |                0.447702 |               12.182604 |
 -------------------------------------------------------------

 ---------------------------------------------------------------
                 Transition dipole moment (au)                  
 ---------------------------------------------------------------
  #           X           Y           Z   dip. str.   osc. str.
 ---------------------------------------------------------------
  1    0.472226   -0.143754   -0.000000    0.243662    0.004704
  2   -0.143754   -0.472226    0.000000    0.243662    0.004704
  3   -0.000000   -0.000000    0.397681    0.158150    0.008066
  4    0.000000   -0.000000   -0.000000    0.000000    0.000000
  5    0.000000    0.000000    0.000000    0.000000    0.000000
  6    0.000000    0.000000    0.000000    0.000000    0.000000
  7    0.162526    0.326996    0.000000    0.133341    0.022491
  8   -0.326996    0.162526   -0.000000    0.133341    0.022491
  9   -0.000000   -0.000000   -1.082881    1.172631    0.235065
 10   -0.664725    0.207212    0.000000    0.484796    0.100950
 ---------------------------------------------------------------

 -------------------------------------------------------------
 Excitation n.   1:   0.787992 eV  f = 0.0047  <S**2> = 0.0000
 -------------------------------------------------------------
  6 ->   7 =   0.704694
  6 ->  10 =   0.073856
  6 ->  11 =  -0.088873
  6 <-   7 =  -0.098175

 -------------------------------------------------------------
 Excitation n.   2:   0.787992 eV  f = 0.0047  <S**2> = 0.0000
 -------------------------------------------------------------
  5 ->   7 =   0.704694
  5 ->  10 =   0.073856
  5 ->  11 =  -0.088873
  5 <-   7 =  -0.098175

 -------------------------------------------------------------
 Excitation n.   3:   2.081634 eV  f = 0.0081  <S**2> = 0.0000
 -------------------------------------------------------------
  4 ->   7 =  -0.695056
  4 ->  10 =  -0.087569
  4 ->  11 =   0.089104

 -------------------------------------------------------------
 Excitation n.   4:   5.512832 eV  f = 0.0000  <S**2> = 0.0000
 -------------------------------------------------------------
  5 ->   8 =   0.454443
  5 ->   9 =   0.159137
  5 ->  13 =  -0.127957
  6 ->   8 =   0.159137
  6 ->   9 =  -0.454443
  6 ->  12 =  -0.127957

 -------------------------------------------------------------
 Excitation n.   5:   5.760540 eV  f = 0.0000  <S**2> = 0.0000
 -------------------------------------------------------------
  5 ->   8 =  -0.369200
  5 ->   9 =  -0.313744
  5 ->  12 =  -0.074553
  5 ->  13 =   0.096540
  6 ->   8 =   0.313744
  6 ->   9 =  -0.369200
  6 ->  12 =  -0.096540
  6 ->  13 =  -0.074553

 -------------------------------------------------------------
 Excitation n.   6:   5.760540 eV  f = 0.0000  <S**2> = 0.0000
 -------------------------------------------------------------
  5 ->   8 =   0.313744
  5 ->   9 =  -0.369200
  5 ->  12 =  -0.096540
  5 ->  13 =  -0.074553
  6 ->   8 =   0.369200
  6 ->   9 =   0.313744
  6 ->  12 =   0.074553
  6 ->  13 =  -0.096540

 -------------------------------------------------------------
 Excitation n.   7:   6.884599 eV  f = 0.0225  <S**2> = 0.0000
 -------------------------------------------------------------
  4 ->   8 =   0.327892
  4 ->   9 =  -0.598926
  4 ->  12 =  -0.159536
  4 ->  13 =  -0.077875

 -------------------------------------------------------------
 Excitation n.   8:   6.884599 eV  f = 0.0225  <S**2> = 0.0000
 -------------------------------------------------------------
  4 ->   8 =  -0.598926
  4 ->   9 =  -0.327892
  4 ->  12 =  -0.077875
  4 ->  13 =   0.159536

 -------------------------------------------------------------
 Excitation n.   9:   8.182159 eV  f = 0.2351  <S**2> = 0.0000
 -------------------------------------------------------------
  4 ->   7 =   0.078286
  5 ->   8 =  -0.166760
  5 ->   9 =   0.476212
  6 ->   8 =   0.476212
  6 ->   9 =   0.166760
  5 <-   9 =  -0.081343
  6 <-   8 =  -0.081343

 -------------------------------------------------------------
 Excitation n.  10:   8.499438 eV  f = 0.1010  <S**2> = 0.0000
 -------------------------------------------------------------
  6 ->  10 =  -0.689718
  6 ->  11 =  -0.133656

Thomas-Reiche-Kuhn sum rule =   0.398470


 *** dynamical TDA activated ***

 ---------------------------------------------------------------------------------------------------
  First-order dynamical correction to static Bethe-Salpeter excitation energies                     
 ---------------------------------------------------------------------------------------------------
  BSE neutral excitation must be lower than the GW gap =   7.537968 eV
 ---------------------------------------------------------------------------------------------------
      #          Static (eV)         Dynamic (eV)      Correction (eV)         Renorm. (eV)
 ---------------------------------------------------------------------------------------------------
      1            0.787992            0.851754            0.063762            0.992328
      2            0.787992            0.851754            0.063762            0.992328
      3            2.081634            2.151438            0.069803            0.991080
      4            5.512832            5.345284           -0.167547            1.013520
      5            5.760540            5.614840           -0.145700            1.012958
      6            5.760540            5.614840           -0.145700            1.012958
      7            6.884599            6.719020           -0.165578            1.014071
      8            6.884599            6.719020           -0.165578            1.014071
      9            8.182159            8.152416           -0.029743            1.008737
     10            8.499438            8.389211           -0.110227            1.011325
 ---------------------------------------------------------------------------------------------------


 -------------------------------------------------------------
   BSE@GW       calculation: triplet        manifold
 -------------------------------------------------------------
 | State |  Excitation energy (au) |  Excitation energy (eV) |
 -------------------------------------------------------------
 |     1 |                0.010519 |                0.286228 |
 |     2 |                0.010519 |                0.286228 |
 |     3 |                0.054528 |                1.483793 |
 |     4 |                0.158267 |                4.306673 |
 |     5 |                0.180715 |                4.917507 |
 |     6 |                0.180715 |                4.917507 |
 |     7 |                0.202593 |                5.512832 |
 |     8 |                0.230053 |                6.260050 |
 |     9 |                0.230053 |                6.260050 |
 |    10 |                0.289673 |                7.882400 |
 |    11 |                0.289673 |                7.882400 |
 |    12 |                0.335429 |                9.127486 |
 |    13 |                0.360777 |                9.817233 |
 |    14 |                0.360777 |                9.817233 |
 |    15 |                0.376781 |               10.252727 |
 |    16 |                0.390098 |               10.615109 |
 |    17 |                0.390098 |               10.615109 |
 |    18 |                0.401825 |               10.934220 |
 |    19 |                0.409185 |               11.134488 |
 |    20 |                0.433056 |               11.784045 |
 -------------------------------------------------------------

 -------------------------------------------------------------
 Excitation n.   1:   0.286228 eV  f = 0.0000  <S**2> = 2.0000
 -------------------------------------------------------------
  5 ->   7 =  -0.736847
  5 ->  10 =  -0.112139
  5 ->  11 =   0.089446
  5 <-   7 =  -0.255034

 -------------------------------------------------------------
 Excitation n.   2:   0.286228 eV  f = 0.0000  <S**2> = 2.0000
 -------------------------------------------------------------
  6 ->   7 =  -0.736847
  6 ->  10 =  -0.112139
  6 ->  11 =   0.089446
  6 <-   7 =  -0.255034

 -------------------------------------------------------------
 Excitation n.   3:   1.483793 eV  f = 0.0000  <S**2> = 2.0000
 -------------------------------------------------------------
  4 ->   7 =  -0.686485
  4 ->  10 =  -0.100337
  4 ->  11 =   0.091001
  5 ->   9 =  -0.075858
  6 ->   8 =  -0.075858
  4 <-   7 =  -0.071264

 -------------------------------------------------------------
 Excitation n.   4:   4.306673 eV  f = 0.0000  <S**2> = 2.0000
 -------------------------------------------------------------
  4 ->   7 =   0.119900
  5 ->   8 =   0.154979
  5 ->   9 =  -0.442569
  5 ->  12 =  -0.150922
  6 ->   8 =  -0.442569
  6 ->   9 =  -0.154979
  6 ->  13 =   0.150922

 -------------------------------------------------------------
 Excitation n.   5:   4.917507 eV  f = 0.0000  <S**2> = 2.0000
 -------------------------------------------------------------
  5 ->   9 =  -0.475843
  5 ->  12 =  -0.145874
  6 ->   8 =   0.475843
  6 ->  13 =  -0.145874

 -------------------------------------------------------------
 Excitation n.   6:   4.917507 eV  f = 0.0000  <S**2> = 2.0000
 -------------------------------------------------------------
  5 ->   8 =   0.475843
  5 ->  13 =  -0.145874
  6 ->   9 =   0.475843
  6 ->  12 =   0.145874

 -------------------------------------------------------------
 Excitation n.   7:   5.512832 eV  f = 0.0000  <S**2> = 2.0000
 -------------------------------------------------------------
  5 ->   8 =   0.454443
  5 ->   9 =   0.159137
  5 ->  13 =  -0.127957
  6 ->   8 =   0.159137
  6 ->   9 =  -0.454443
  6 ->  12 =  -0.127957

 -------------------------------------------------------------
 Excitation n.   8:   6.260050 eV  f = 0.0000  <S**2> = 2.0000
 -------------------------------------------------------------
  4 ->   8 =  -0.486067
  4 ->   9 =  -0.457957
  4 ->  12 =  -0.142660
  4 ->  13 =   0.166362

 -------------------------------------------------------------
 Excitation n.   9:   6.260050 eV  f = 0.0000  <S**2> = 2.0000
 -------------------------------------------------------------
  4 ->   8 =   0.457957
  4 ->   9 =  -0.486067
  4 ->  12 =  -0.166362
  4 ->  13 =  -0.142660

 -------------------------------------------------------------
 Excitation n.  10:   7.882400 eV  f = 0.0000  <S**2> = 2.0000
 -------------------------------------------------------------
  5 ->   7 =   0.077083
  5 ->  10 =  -0.656514
  5 ->  11 =  -0.163905
  6 ->  10 =  -0.162609

Thomas-Reiche-Kuhn sum rule =   0.000000


 *** dynamical TDA activated ***

 ---------------------------------------------------------------------------------------------------
  First-order dynamical correction to static Bethe-Salpeter excitation energies                     
 ---------------------------------------------------------------------------------------------------
  BSE neutral excitation must be lower than the GW gap =   7.537968 eV
 ---------------------------------------------------------------------------------------------------
      #          Static (eV)         Dynamic (eV)      Correction (eV)         Renorm. (eV)
 ---------------------------------------------------------------------------------------------------
      1            0.286228            0.331731            0.045503            0.993056
      2            0.286228            0.331731            0.045503            0.993056
      3            1.483793            1.513191            0.029398            0.993509
      4            4.306673            4.056576           -0.250097            1.014146
      5            4.917507            4.707346           -0.210161            1.014105
      6            4.917507            4.707346           -0.210161            1.014105
      7            5.512832            5.345284           -0.167547            1.013520
      8            6.260050            6.032024           -0.228025            1.015298
      9            6.260050            6.032024           -0.228025            1.015298
     10            7.882400            7.736614           -0.145786            1.011059
 ---------------------------------------------------------------------------------------------------


 -------------------------------------------------------------------------------
          Tr@BSE@G0W0 correlation energy (singlet) =       -0.2322564350
          Tr@BSE@G0W0 correlation energy (triplet) =       -0.0469115378
          Tr@BSE@G0W0 correlation energy           =       -0.2791679729
          Tr@BSE@G0W0 total energy                 =      -89.6908353645
 -------------------------------------------------------------------------------

                                       Total CPU time for G0W0 =      0.539 seconds


 ************************************************
 |          One-shot G0T0 calculation           |
 ************************************************


 -------------------------------------------------------------
   pp-RPA (N+2) calculation: alpha-beta     manifold
 -------------------------------------------------------------
 | State |  Excitation energy (au) |  Excitation energy (eV) |
 -------------------------------------------------------------
 |     1 |                0.176416 |                4.800535 |
 |     2 |                0.257173 |                6.998044 |
 |     3 |                0.257173 |                6.998044 |
 |     4 |                0.318186 |                8.658272 |
 |     5 |                0.318186 |                8.658272 |
 |     6 |                0.323900 |                8.813757 |
 |     7 |                0.351464 |                9.563832 |
 |     8 |                0.428549 |               11.661409 |
 |     9 |                0.439184 |               11.950811 |
 |    10 |                0.447880 |               12.187444 |
 |    11 |                0.447880 |               12.187444 |
 |    12 |                0.472457 |               12.856208 |
 |    13 |                0.496322 |               13.505605 |
 |    14 |                0.496322 |               13.505605 |
 |    15 |                0.517910 |               14.093052 |
 |    16 |                0.517910 |               14.093052 |
 |    17 |                0.530578 |               14.437772 |
 |    18 |                0.553997 |               15.075015 |
 |    19 |                0.553997 |               15.075015 |
 |    20 |                0.557592 |               15.172852 |
 -------------------------------------------------------------


 -------------------------------------------------------------
   pp-RPA (N-2) calculation: alpha-beta     manifold
 -------------------------------------------------------------
 | State |  Excitation energy (au) |  Excitation energy (eV) |
 -------------------------------------------------------------
 |     1 |              -45.684854 |            -1243.148194 |
 |     2 |              -25.590876 |             -696.363212 |
 |     3 |              -25.590846 |             -696.362385 |
 |     4 |              -22.750394 |             -619.069741 |
 |     5 |              -22.628509 |             -615.753085 |
 |     6 |              -21.933862 |             -596.850799 |
 |     7 |              -21.878798 |             -595.352405 |
 |     8 |              -21.754079 |             -591.958641 |
 |     9 |              -21.754079 |             -591.958641 |
 |    10 |              -21.709063 |             -590.733688 |
 |    11 |              -21.709063 |             -590.733688 |
 |    12 |              -11.727054 |             -319.109398 |
 |    13 |               -6.347777 |             -172.731813 |
 |    14 |               -6.331508 |             -172.289110 |
 |    15 |               -5.606895 |             -152.571390 |
 |    16 |               -5.590967 |             -152.137972 |
 |    17 |               -5.517797 |             -150.146914 |
 |    18 |               -5.517797 |             -150.146914 |
 |    19 |               -5.513344 |             -150.025722 |
 |    20 |               -5.513344 |             -150.025722 |
 -------------------------------------------------------------


 -------------------------------------------------------------
   pp-RPA (N+2) calculation: alpha-alpha    manifold
 -------------------------------------------------------------
 | State |  Excitation energy (au) |  Excitation energy (eV) |
 -------------------------------------------------------------
 |     1 |                0.257173 |                6.998044 |
 |     2 |                0.257173 |                6.998044 |
 |     3 |                0.323900 |                8.813757 |
 |     4 |                0.428549 |               11.661409 |
 |     5 |                0.439184 |               11.950811 |
 |     6 |                0.496322 |               13.505605 |
 |     7 |                0.496322 |               13.505605 |
 |     8 |                0.557592 |               15.172852 |
 |     9 |                0.557592 |               15.172852 |
 |    10 |                0.581987 |               15.836663 |
 |    11 |                0.581987 |               15.836663 |
 |    12 |                0.634811 |               17.274076 |
 |    13 |                0.680002 |               18.503809 |
 |    14 |                0.680002 |               18.503809 |
 |    15 |                0.694199 |               18.890130 |
 |    16 |                0.698026 |               18.994264 |
 |    17 |                0.752485 |               20.476149 |
 |    18 |                0.752485 |               20.476149 |
 |    19 |                0.772858 |               21.030536 |
 |    20 |                0.835319 |               22.730198 |
 -------------------------------------------------------------


 -------------------------------------------------------------
   pp-RPA (N-2) calculation: alpha-alpha    manifold
 -------------------------------------------------------------
 | State |  Excitation energy (au) |  Excitation energy (eV) |
 -------------------------------------------------------------
 |     1 |              -25.590846 |             -696.362385 |
 |     2 |              -22.628509 |             -615.753085 |
 |     3 |              -21.878798 |             -595.352405 |
 |     4 |              -21.709063 |             -590.733688 |
 |     5 |              -21.709063 |             -590.733688 |
 |     6 |               -6.331508 |             -172.289110 |
 |     7 |               -5.590967 |             -152.137972 |
 |     8 |               -5.513344 |             -150.025722 |
 |     9 |               -5.513344 |             -150.025722 |
 |    10 |               -2.168865 |              -59.017810 |
 |    11 |               -2.065603 |              -56.207914 |
 |    12 |               -2.065603 |              -56.207914 |
 |    13 |               -1.397420 |              -38.025728 |
 |    14 |               -1.397420 |              -38.025728 |
 |    15 |               -1.289572 |              -35.091048 |
 -------------------------------------------------------------

 -------------------------------------------------------------------------------
   One-shot G0T0 calculation (T-matrix self-energy)  
 -------------------------------------------------------------------------------
 |   # |       e_HF (eV) |    Sigma_T (eV) |               Z |       e_QP (eV) |
 -------------------------------------------------------------------------------
 |   1 |     -556.867803 |       22.747139 |        0.725702 |     -540.360158 |
 |   2 |     -128.677951 |        2.276142 |        0.693258 |     -127.099997 |
 |   3 |      -31.368797 |        4.457293 |        0.885180 |      -27.423293 |
 |   4 |      -12.491771 |        2.779928 |        0.908574 |       -9.966002 |
 |   5 |      -10.477373 |        1.542461 |        0.929576 |       -9.043539 |
 |   6 |      -10.477373 |        1.542461 |        0.929576 |       -9.043539 |
 |   7 |       -1.523714 |       -0.371420 |        0.987720 |       -1.890574 |
 |   8 |        3.171611 |       -0.213258 |        0.985541 |        2.961436 |
 |   9 |        3.171611 |       -0.213258 |        0.985541 |        2.961436 |
 |  10 |        5.313728 |       -0.309203 |        0.989019 |        5.007920 |
 |  11 |        7.122973 |       -0.414056 |        0.986740 |        6.714407 |
 |  12 |        9.412042 |       -0.488035 |        0.983109 |        8.932251 |
 |  13 |        9.412042 |       -0.488035 |        0.983109 |        8.932251 |
 |  14 |       15.336672 |       -0.754570 |        0.917760 |       14.644158 |
 |  15 |       16.927703 |       -0.499765 |        0.856914 |       16.499448 |
 |  16 |       16.927703 |       -0.499765 |        0.856914 |       16.499448 |
 |  17 |       20.900041 |       -1.283952 |        0.433392 |       20.343586 |
 |  18 |       20.900041 |       -1.283952 |        0.433392 |       20.343586 |
 |  19 |       30.972263 |       -0.143651 |        0.026459 |       30.968462 |
 |  20 |       32.678777 |       -1.704973 |        0.709691 |       31.468772 |
 |  21 |       39.075363 |       -4.560449 |        0.071785 |       38.747990 |
 |  22 |       39.075363 |       -4.560449 |        0.071785 |       38.747990 |
 |  23 |       41.987679 |       -4.297741 |        0.479249 |       39.927989 |
 |  24 |       59.743936 |       -5.301339 |        0.170352 |       58.840840 |
 |  25 |       84.319895 |       -5.223407 |        0.795131 |       80.166603 |
 |  26 |       84.319895 |       -5.223407 |        0.795131 |       80.166603 |
 |  27 |       88.663061 |       -4.719639 |        0.747984 |       85.132846 |
 |  28 |       88.663061 |       -4.719639 |        0.747984 |       85.132846 |
 |  29 |      102.845233 |       -3.187574 |        0.121850 |      102.456827 |
 |  30 |      166.728456 |       -7.073202 |        0.462298 |      163.458526 |
 -------------------------------------------------------------------------------
             G0T0 HOMO      energy (eV)            =      -9.043539 eV
             G0T0 LUMO      energy (eV)            =      -1.890574 eV
             G0T0 HOMO-LUMO gap    (eV)            =       7.152965 eV
 -------------------------------------------------------------------------------
        Tr@ppRPA@G0T0 correlation energy (singlet) =       -0.1072972595 au
        Tr@ppRPA@G0T0 correlation energy (triplet) =       -0.0794794661 au
        Tr@ppRPA@G0T0 correlation energy           =       -0.1867767256 au
        Tr@ppRPA@G0T0 total energy                 =      -89.5984441173 au
              GM@G0T0 correlation energy           =       -0.3059333723 au
              GM@G0T0 total energy                 =      -89.7176007639 au
 -------------------------------------------------------------------------------


 -------------------------------------------------------------
   BSE@GT       calculation: singlet        manifold
 -------------------------------------------------------------
 | State |  Excitation energy (au) |  Excitation energy (eV) |
 -------------------------------------------------------------
 |     1 |                0.028346 |                0.771330 |
 |     2 |                0.028346 |                0.771330 |
 |     3 |                0.065107 |                1.771650 |
 |     4 |                0.168730 |                4.591381 |
 |     5 |                0.170538 |                4.640589 |
 |     6 |                0.170538 |                4.640589 |
 |     7 |                0.204656 |                5.568967 |
 |     8 |                0.204656 |                5.568967 |
 |     9 |                0.281031 |                7.647250 |
 |    10 |                0.281031 |                7.647250 |
 |    11 |                0.289025 |                7.864782 |
 |    12 |                0.302482 |                8.230949 |
 |    13 |                0.363140 |                9.881545 |
 |    14 |                0.363140 |                9.881545 |
 |    15 |                0.383898 |               10.446387 |
 |    16 |                0.383898 |               10.446387 |
 |    17 |                0.386522 |               10.517794 |
 |    18 |                0.399189 |               10.862493 |
 |    19 |                0.423078 |               11.512526 |
 |    20 |                0.423078 |               11.512526 |
 -------------------------------------------------------------

 ---------------------------------------------------------------
                 Transition dipole moment (au)                  
 ---------------------------------------------------------------
  #           X           Y           Z   dip. str.   osc. str.
 ---------------------------------------------------------------
  1   -0.222153   -0.596162   -0.000000    0.404762    0.007649
  2    0.596162   -0.222153    0.000000    0.404762    0.007649
  3   -0.000000    0.000000   -0.487746    0.237896    0.010326
  4    0.000000   -0.000000    0.000000    0.000000    0.000000
  5   -0.000000    0.000000   -0.000000    0.000000    0.000000
  6   -0.000000   -0.000000    0.000000    0.000000    0.000000
  7   -0.406904    0.037760   -0.000000    0.166997    0.022785
  8   -0.037760   -0.406904    0.000000    0.166997    0.022785
  9    0.219165    0.720717   -0.000000    0.567467    0.106317
 10    0.720717   -0.219165    0.000000    0.567467    0.106317
 ---------------------------------------------------------------

 -------------------------------------------------------------
 Excitation n.   1:   0.771330 eV  f = 0.0076  <S**2> = 0.0000
 -------------------------------------------------------------
  5 ->   7 =   0.694420
  5 ->  10 =   0.089097
  5 ->  11 =  -0.078408

 -------------------------------------------------------------
 Excitation n.   2:   0.771330 eV  f = 0.0076  <S**2> = 0.0000
 -------------------------------------------------------------
  6 ->   7 =   0.694420
  6 ->  10 =   0.089097
  6 ->  11 =  -0.078408

 -------------------------------------------------------------
 Excitation n.   3:   1.771650 eV  f = 0.0103  <S**2> = 0.0000
 -------------------------------------------------------------
  4 ->   7 =   0.683620
  4 ->  10 =   0.110182
  4 ->  11 =  -0.073565
  5 ->   9 =  -0.072640
  6 ->   8 =  -0.072640

 -------------------------------------------------------------
 Excitation n.   4:   4.591381 eV  f = 0.0000  <S**2> = 0.0000
 -------------------------------------------------------------
  5 ->   8 =   0.448720
  5 ->   9 =   0.157133
  5 ->  13 =  -0.140326
  6 ->   8 =   0.157133
  6 ->   9 =  -0.448720
  6 ->  12 =  -0.140326

 -------------------------------------------------------------
 Excitation n.   5:   4.640589 eV  f = 0.0000  <S**2> = 0.0000
 -------------------------------------------------------------
  5 ->   8 =  -0.466307
  5 ->   9 =  -0.102273
  5 ->  13 =   0.138693
  6 ->   8 =   0.102273
  6 ->   9 =  -0.466307
  6 ->  12 =  -0.138693

 -------------------------------------------------------------
 Excitation n.   6:   4.640589 eV  f = 0.0000  <S**2> = 0.0000
 -------------------------------------------------------------
  5 ->   8 =  -0.102273
  5 ->   9 =   0.466307
  5 ->  12 =   0.138693
  6 ->   8 =  -0.466307
  6 ->   9 =  -0.102273
  6 ->  13 =   0.138693

 -------------------------------------------------------------
 Excitation n.   7:   5.568967 eV  f = 0.0228  <S**2> = 0.0000
 -------------------------------------------------------------
  4 ->   8 =  -0.665925
  4 ->   9 =  -0.088526
  4 ->  13 =   0.194978

 -------------------------------------------------------------
 Excitation n.   8:   5.568967 eV  f = 0.0228  <S**2> = 0.0000
 -------------------------------------------------------------
  4 ->   8 =  -0.088526
  4 ->   9 =   0.665925
  4 ->  12 =   0.194978

 -------------------------------------------------------------
 Excitation n.   9:   7.647250 eV  f = 0.1063  <S**2> = 0.0000
 -------------------------------------------------------------
  5 ->  10 =  -0.673982
  5 ->  11 =  -0.183859

 -------------------------------------------------------------
 Excitation n.  10:   7.647250 eV  f = 0.1063  <S**2> = 0.0000
 -------------------------------------------------------------
  6 ->  10 =   0.673982
  6 ->  11 =   0.183859

Thomas-Reiche-Kuhn sum rule =   0.283827


 *** dynamical TDA activated ***

 ---------------------------------------------------------------------------------------------------
  First-order dynamical correction to static Bethe-Salpeter excitation energies                     
 ---------------------------------------------------------------------------------------------------
  BSE neutral excitation must be lower than the GT gap =   7.152965 eV
 ---------------------------------------------------------------------------------------------------
      #          Static (eV)         Dynamic (eV)      Correction (eV)         Renorm. (eV)
 ---------------------------------------------------------------------------------------------------
      1            0.771330            0.745578           -0.025752            1.002903
      2            0.771330            0.745578           -0.025752            1.002903
      3            1.771650            1.741917           -0.029733            1.001010
      4            4.591381            4.506592           -0.084790            1.008148
      5            4.640589            4.609004           -0.031584            1.005650
      6            4.640589            4.609004           -0.031584            1.005650
      7            5.568967            5.507385           -0.061582            1.007971
      8            5.568967            5.507385           -0.061582            1.007971
      9            7.647250            7.607014           -0.040236            1.002603
     10            7.647250            7.607014           -0.040236            1.002603
 ---------------------------------------------------------------------------------------------------


 -------------------------------------------------------------
   BSE@GT       calculation: triplet        manifold
 -------------------------------------------------------------
 | State |  Excitation energy (au) |  Excitation energy (eV) |
 -------------------------------------------------------------
 |     1 |                0.013103 |                0.356551 |
 |     2 |                0.013103 |                0.356551 |
 |     3 |                0.045086 |                1.226858 |
 |     4 |                0.132465 |                3.604559 |
 |     5 |                0.150251 |                4.088541 |
 |     6 |                0.150251 |                4.088541 |
 |     7 |                0.165257 |                4.496875 |
 |     8 |                0.182068 |                4.954328 |
 |     9 |                0.182068 |                4.954328 |
 |    10 |                0.256262 |                6.973252 |
 |    11 |                0.256262 |                6.973252 |
 |    12 |                0.288597 |                7.853122 |
 |    13 |                0.360396 |                9.806884 |
 |    14 |                0.360396 |                9.806884 |
 |    15 |                0.363888 |                9.901884 |
 |    16 |                0.376667 |               10.249625 |
 |    17 |                0.376667 |               10.249625 |
 |    18 |                0.385680 |               10.494898 |
 |    19 |                0.398423 |               10.841631 |
 |    20 |                0.408193 |               11.107510 |
 -------------------------------------------------------------

 -------------------------------------------------------------
 Excitation n.   1:   0.356551 eV  f = 0.0000  <S**2> = 2.0000
 -------------------------------------------------------------
  5 ->   7 =  -0.689571
  5 ->  10 =  -0.128864

 -------------------------------------------------------------
 Excitation n.   2:   0.356551 eV  f = 0.0000  <S**2> = 2.0000
 -------------------------------------------------------------
  6 ->   7 =   0.689571
  6 ->  10 =   0.128864

 -------------------------------------------------------------
 Excitation n.   3:   1.226858 eV  f = 0.0000  <S**2> = 2.0000
 -------------------------------------------------------------
  4 ->   7 =   0.673768
  4 ->  10 =   0.128525
  4 ->  11 =  -0.073472
  5 ->   9 =   0.077140
  6 ->   8 =   0.077140

 -------------------------------------------------------------
 Excitation n.   4:   3.604559 eV  f = 0.0000  <S**2> = 2.0000
 -------------------------------------------------------------
  4 ->   7 =  -0.134574
  5 ->   8 =  -0.151684
  5 ->   9 =   0.433159
  5 ->  12 =   0.153500
  5 ->  17 =   0.071641
  6 ->   8 =   0.433159
  6 ->   9 =   0.151684
  6 ->  13 =  -0.153500
  6 ->  18 =  -0.071641

 -------------------------------------------------------------
 Excitation n.   5:   4.088541 eV  f = 0.0000  <S**2> = 2.0000
 -------------------------------------------------------------
  5 ->   8 =  -0.245908
  5 ->   9 =  -0.402349
  5 ->  12 =  -0.129062
  5 ->  13 =   0.087424
  6 ->   8 =   0.402349
  6 ->   9 =  -0.245908
  6 ->  12 =  -0.087424
  6 ->  13 =  -0.129062

 -------------------------------------------------------------
 Excitation n.   6:   4.088541 eV  f = 0.0000  <S**2> = 2.0000
 -------------------------------------------------------------
  5 ->   8 =  -0.402349
  5 ->   9 =   0.245908
  5 ->  12 =   0.087424
  5 ->  13 =   0.129062
  6 ->   8 =  -0.245908
  6 ->   9 =  -0.402349
  6 ->  12 =  -0.129062
  6 ->  13 =   0.087424

 -------------------------------------------------------------
 Excitation n.   7:   4.496875 eV  f = 0.0000  <S**2> = 2.0000
 -------------------------------------------------------------
  5 ->   8 =   0.448425
  5 ->   9 =   0.157030
  5 ->  13 =  -0.141561
  6 ->   8 =   0.157030
  6 ->   9 =  -0.448425
  6 ->  12 =  -0.141561

 -------------------------------------------------------------
 Excitation n.   8:   4.954328 eV  f = 0.0000  <S**2> = 2.0000
 -------------------------------------------------------------
  4 ->   8 =  -0.605068
  4 ->   9 =  -0.249261
  4 ->  12 =  -0.079292
  4 ->  13 =   0.221345
  4 ->  18 =   0.096742

 -------------------------------------------------------------
 Excitation n.   9:   4.954328 eV  f = 0.0000  <S**2> = 2.0000
 -------------------------------------------------------------
  4 ->   8 =  -0.249261
  4 ->   9 =   0.605068
  4 ->  12 =   0.221345
  4 ->  13 =   0.079292
  4 ->  17 =   0.096742

 -------------------------------------------------------------
 Excitation n.  10:   6.973252 eV  f = 0.0000  <S**2> = 2.0000
 -------------------------------------------------------------
  6 ->   7 =  -0.107189
  6 ->  10 =   0.661139
  6 ->  11 =   0.203448

Thomas-Reiche-Kuhn sum rule =   0.000000


 *** dynamical TDA activated ***

 ---------------------------------------------------------------------------------------------------
  First-order dynamical correction to static Bethe-Salpeter excitation energies                     
 ---------------------------------------------------------------------------------------------------
  BSE neutral excitation must be lower than the GT gap =   7.152965 eV
 ---------------------------------------------------------------------------------------------------
      #          Static (eV)         Dynamic (eV)      Correction (eV)         Renorm. (eV)
 ---------------------------------------------------------------------------------------------------
      1            0.356551            0.278104           -0.078447            1.004382
      2            0.356551            0.278104           -0.078447            1.004382
      3            1.226858            1.167667           -0.059191            1.004827
      4            3.604559            3.441808           -0.162752            1.012398
      5            4.088541            3.957619           -0.130922            1.010645
      6            4.088541            3.957619           -0.130922            1.010645
      7            4.496875            4.442912           -0.053964            1.007750
      8            4.954328            4.862061           -0.092267            1.010025
      9            4.954328            4.862061           -0.092267            1.010025
     10            6.973252            6.934636           -0.038616            1.002529
 ---------------------------------------------------------------------------------------------------


 -------------------------------------------------------------------------------
          Tr@BSE@G0T0 correlation energy (singlet) =       -0.0601455425 au
          Tr@BSE@G0T0 correlation energy (triplet) =       -0.0342129327 au
          Tr@BSE@G0T0 correlation energy           =       -0.0943584752 au
          Tr@BSE@G0T0 total energy                 =      -89.5060258668 au
 -------------------------------------------------------------------------------

                                       Total CPU time for G0T0 =      6.403 seconds

                                      Total CPU time for QuAcK =     13.834 seconds

