78 significant shell pairs computed in 0.000161 seconds
0
Computed Electron repulsion integrals Integrals in parallel in 0.817802 seconds

 ******************************************************************************************
 *            QuAcK                       QuAcK                         QuAcK             *
 *   __        __        __       __        __        __       __        __        __     *
 * <(o )___  <(o )___  <(o )___ <(o )___  <(o )___  <(o )___ <(o )___  <(o )___  <(o )___ *
 * ( ._> /   ( ._> /   ( ._> /  ( ._> /   ( ._> /   ( ._> /  ( ._> /   ( ._> /   ( ._> /  *
 *|--------------------------------------------------------------------------------------|*
 ******************************************************************************************

      ----------------------
             Number of atoms                2
      ----------------------

      ----------------------
Number of spin-up   electron                7
Number of spin-down electron                7
    Total number of electron               14
      ----------------------

      ----------------------
Number of core      electron                0
Number of Rydberg   electron                0
      ----------------------

          ------------------
          Molecular geometry
          ------------------
                    Atom n.                 1
                        Z =      5.0000000000
           Atom coordinates:     0.0000000000    0.0000000000    0.0000000000
                    Atom n.                 2
                        Z =      9.0000000000
           Atom coordinates:     0.0000000000    0.0000000000    2.3940940283

          ------------------
 Nuclear repulsion energy =     18.7962542273
          ------------------

          Gaussian basis set
          ------------------
                    Atom n.                 1
           number of shells                 6
          ------------------
      s-type shell with K =                 9
                                    Exponents     Contraction
                              4570.0000000000    0.0006960000
                               685.9000000000    0.0053530000
                               156.5000000000    0.0271340000
                                44.4700000000    0.1013800000
                                14.4800000000    0.2720550000
                                 5.1310000000    0.4484030000
                                 1.8980000000    0.2901230000
                                 0.3329000000    0.0143220000
                                 0.1043000000   -0.0034860000
      s-type shell with K =                 9
                                    Exponents     Contraction
                              4570.0000000000   -0.0001390000
                               685.9000000000   -0.0010970000
                               156.5000000000   -0.0054440000
                                44.4700000000   -0.0219160000
                                14.4800000000   -0.0597510000
                                 5.1310000000   -0.1387320000
                                 1.8980000000   -0.1314820000
                                 0.3329000000    0.5395260000
                                 0.1043000000    0.5807740000
      s-type shell with K =                 1
                                    Exponents     Contraction
                                 0.1043000000    1.0000000000
      p-type shell with K =                 4
                                    Exponents     Contraction
                                 6.0010000000    0.0354810000
                                 1.2410000000    0.1980720000
                                 0.3364000000    0.5052300000
                                 0.0953800000    0.4794990000
      p-type shell with K =                 1
                                    Exponents     Contraction
                                 0.0953800000    1.0000000000
      d-type shell with K =                 1
                                    Exponents     Contraction
                                 0.3430000000    1.0000000000
          ------------------
                    Atom n.                 2
           number of shells                 6
          ------------------
      s-type shell with K =                 9
                                    Exponents     Contraction
                             14710.0000000000    0.0007210000
                              2207.0000000000    0.0055530000
                               502.8000000000    0.0282670000
                               142.6000000000    0.1064440000
                                46.4700000000    0.2868140000
                                16.7000000000    0.4486410000
                                 6.3560000000    0.2647610000
                                 1.3160000000    0.0153330000
                                 0.3897000000   -0.0023320000
      s-type shell with K =                 9
                                    Exponents     Contraction
                             14710.0000000000   -0.0001650000
                              2207.0000000000   -0.0013080000
                               502.8000000000   -0.0064950000
                               142.6000000000   -0.0266910000
                                46.4700000000   -0.0736900000
                                16.7000000000   -0.1707760000
                                 6.3560000000   -0.1123270000
                                 1.3160000000    0.5628140000
                                 0.3897000000    0.5687780000
      s-type shell with K =                 1
                                    Exponents     Contraction
                                 0.3897000000    1.0000000000
      p-type shell with K =                 4
                                    Exponents     Contraction
                                22.6700000000    0.0448780000
                                 4.9770000000    0.2357180000
                                 1.3470000000    0.5085210000
                                 0.3471000000    0.4581200000
      p-type shell with K =                 1
                                    Exponents     Contraction
                                 0.3471000000    1.0000000000
      d-type shell with K =                 1
                                    Exponents     Contraction
                                 1.6400000000    1.0000000000
          ------------------
            Number of shells               12
          ------------------

          ------------------
   Number of basis functions               30
          ------------------

 Scaling integrals by    1.0000000000000000     

                          Total CPU time for reading integrals =      0.041 seconds


 ************************************************
 |    Restricted Hartree-Fock calculation       |
 ************************************************


 ----------------------------------------------------
 | RHF calculation                                  |
 ----------------------------------------------------
 |   # |        HF energy |       Conv |     HL Gap |
 ----------------------------------------------------
 |   1 |  -128.7463459197 |   0.616764 |   0.456654 |
 |   2 |  -121.6668320333 |   0.279356 |   0.516075 |
 |   3 |  -125.7107538518 |   0.191153 |   0.489412 |
 |   4 |  -123.0465890709 |   0.126817 |   0.514716 |
 |   5 |  -124.8280623897 |   0.085340 |   0.499908 |
 |   6 |  -123.6275437275 |   0.057546 |   0.511011 |
 |   7 |  -124.4329215051 |   0.038690 |   0.504060 |
 |   8 |  -123.8911194253 |   0.025973 |   0.508946 |
 |   9 |  -124.2545626308 |   0.017467 |   0.505764 |
 |  10 |  -124.0103952908 |   0.011708 |   0.507941 |
 |  11 |  -124.1742110462 |   0.007871 |   0.506498 |
 |  12 |  -124.0642190910 |   0.005276 |   0.507474 |
 |  13 |  -124.1380267163 |   0.003545 |   0.506822 |
 |  14 |  -124.0884809265 |   0.002377 |   0.507261 |
 |  15 |  -124.1217308992 |   0.001597 |   0.506967 |
 |  16 |  -124.0994129314 |   0.001071 |   0.507165 |
 |  17 |  -124.1143912258 |   0.000719 |   0.507032 |
 |  18 |  -124.1043379602 |   0.000483 |   0.507121 |
 |  19 |  -124.1110852018 |   0.000324 |   0.507061 |
 |  20 |  -124.1065566152 |   0.000217 |   0.507102 |
 |  21 |  -124.1095960107 |   0.000146 |   0.507075 |
 |  22 |  -124.1075560594 |   0.000098 |   0.507093 |
 |  23 |  -124.1089251963 |   0.000066 |   0.507081 |
 |  24 |  -124.1080062763 |   0.000044 |   0.507089 |
 |  25 |  -124.1086230218 |   0.000030 |   0.507083 |
 |  26 |  -124.1082090832 |   0.000020 |   0.507087 |
 |  27 |  -124.1084869040 |   0.000013 |   0.507084 |
 |  28 |  -124.1083004402 |   0.000009 |   0.507086 |
 |  29 |  -124.1084255881 |   0.000006 |   0.507085 |
 |  30 |  -124.1083415932 |   0.000004 |   0.507086 |
 |  31 |  -124.1083979676 |   0.000003 |   0.507085 |
 |  32 |  -124.1083601311 |   0.000002 |   0.507086 |
 |  33 |  -124.1083855257 |   0.000001 |   0.507085 |
 |  34 |  -124.1083684817 |   0.000001 |   0.507086 |
 |  35 |  -124.1083799210 |   0.000001 |   0.507085 |
 |  36 |  -124.1083722434 |   0.000000 |   0.507086 |
 |  37 |  -124.1083773963 |   0.000000 |   0.507085 |
 |  38 |  -124.1083739378 |   0.000000 |   0.507085 |
 |  39 |  -124.1083762591 |   0.000000 |   0.507085 |
 |  40 |  -124.1083747011 |   0.000000 |   0.507085 |
 ----------------------------------------------------

         -----------------------------------------
           Summary              
         -----------------------------------------
           One-electron energy:   -208.7294691868 au
           Kinetic      energy:    124.0528545446 au
           Potential    energy:   -332.7823237314 au
         -----------------------------------------
           Two-electron energy:     65.8248402584 au
           Hartree      energy:     79.7369255483 au
           Exchange     energy:    -13.9120852899 au
         -----------------------------------------
           Electronic   energy:   -142.9046289284 au
           Nuclear   repulsion:     18.7962542273 au
           RHF          energy:   -124.1083747011 au
         -----------------------------------------
           HF HOMO      energy:        -10.966969 eV
           HF LUMO      energy:          2.831530 eV
           HF HOMO-LUMO gap   :         13.798499 eV
         -----------------------------------------
          Dipole moment (Debye)    
                   X         Y         Z      Tot.
           -0.000000 -0.000000  0.863723  0.863723
         -----------------------------------------

           ---------------------------------------
                 MO coefficients
           ---------------------------------------
                 1              2              3              4              5
      1    -0.00026236     1.00149066     0.01906775     0.00059402     0.00000000
      2    -0.00085407     0.00941341    -0.20251392     0.49114387     0.00000000
      3     0.00008602    -0.00192322     0.09424335    -0.25100616     0.00000000
      4     0.00000000     0.00000000     0.00000000     0.00000000    -0.20648230
      5     0.00000000     0.00000000     0.00000000     0.00000000    -0.01427599
      6    -0.00074435     0.01016059    -0.18887765     0.35101557     0.00000000
      7     0.00000000     0.00000000     0.00000000     0.00000000     0.05452267
      8     0.00000000     0.00000000     0.00000000     0.00000000     0.00376965
      9    -0.00002017    -0.00505813     0.08874950    -0.20124113     0.00000000
     10     0.00000308    -0.00286980     0.02122019    -0.02454942     0.00000000
     11     0.00000000     0.00000000     0.00000000     0.00000000     0.00000000
     12     0.00000000     0.00000000     0.00000000     0.00000000    -0.04904714
     13     0.00000308    -0.00286980     0.02122019    -0.02454942     0.00000000
     14     0.00000000     0.00000000     0.00000000     0.00000000    -0.00339107
     15    -0.00015934     0.00167437    -0.04266451     0.06777697     0.00000000
     16    -1.00061670     0.00032913     0.00177575     0.00132494     0.00000000
     17    -0.00409597     0.00307501    -0.94058442    -0.23651444     0.00000000
     18     0.00245725    -0.00843790     0.08182088    -0.16181277     0.00000000
     19     0.00000000     0.00000000     0.00000000     0.00000000    -0.92543954
     20     0.00000000     0.00000000     0.00000000     0.00000000    -0.06398401
     21     0.00122086    -0.00242696     0.11853967    -0.86907844     0.00000000
     22     0.00000000     0.00000000     0.00000000     0.00000000    -0.00032451
     23     0.00000000     0.00000000     0.00000000     0.00000000    -0.00002244
     24    -0.00132235     0.00465266    -0.04259665     0.08751254     0.00000000
     25     0.00104531     0.00042323     0.00088866    -0.00281847     0.00000000
     26     0.00000000     0.00000000     0.00000000     0.00000000     0.00000000
     27     0.00000000     0.00000000     0.00000000     0.00000000     0.01805603
     28     0.00104531     0.00042323     0.00088866    -0.00281847     0.00000000
     29     0.00000000     0.00000000     0.00000000     0.00000000     0.00124838
     30     0.00106646     0.00100114    -0.01705060     0.02967024     0.00000000
                 6              7              8              9             10
      1     0.00000000     0.01164174     0.00000000     0.00000000    -0.09378435
      2     0.00000000    -0.74349500     0.00000000     0.00000000    -0.21431022
      3     0.00000000    -0.18670127     0.00000000     0.00000000     0.94800966
      4    -0.01427599     0.00000000     0.60959321    -0.10128126     0.00000000
      5     0.20648230     0.00000000    -0.10128126    -0.60959321     0.00000000
      6     0.00000000     0.53269452     0.00000000     0.00000000     0.17639582
      7     0.00376965     0.00000000     0.47364699    -0.07869438     0.00000000
      8    -0.05452267     0.00000000    -0.07869438    -0.47364699     0.00000000
      9     0.00000000    -0.12043943     0.00000000     0.00000000     1.09653919
     10     0.00000000    -0.01626604     0.00000000     0.00000000    -0.03720510
     11     0.00000000     0.00000000     0.00000000     0.00000000     0.00000000
     12    -0.00339107     0.00000000     0.00550672    -0.00091492     0.00000000
     13     0.00000000    -0.01626604     0.00000000     0.00000000    -0.03720510
     14     0.04904714     0.00000000    -0.00091492    -0.00550672     0.00000000
     15     0.00000000     0.05730076     0.00000000     0.00000000     0.00287607
     16     0.00000000     0.00237984     0.00000000     0.00000000     0.03474738
     17     0.00000000     0.09909878     0.00000000     0.00000000    -0.19515751
     18     0.00000000    -0.00143944     0.00000000     0.00000000    -0.77694379
     19    -0.06398401     0.00000000    -0.30566180     0.05078438     0.00000000
     20     0.92543954     0.00000000     0.05078438     0.30566180     0.00000000
     21     0.00000000    -0.22178554     0.00000000     0.00000000     0.08368005
     22    -0.00002244     0.00000000    -0.12729141     0.02114891     0.00000000
     23     0.00032451     0.00000000     0.02114891     0.12729141     0.00000000
     24     0.00000000     0.01560884     0.00000000     0.00000000     0.08607559
     25     0.00000000    -0.00248682     0.00000000     0.00000000     0.03002935
     26     0.00000000     0.00000000     0.00000000     0.00000000     0.00000000
     27     0.00124838     0.00000000    -0.00633848     0.00105311     0.00000000
     28     0.00000000    -0.00248682     0.00000000     0.00000000     0.03002935
     29    -0.01805603     0.00000000     0.00105311     0.00633848     0.00000000
     30     0.00000000     0.00721406     0.00000000     0.00000000     0.01789962
                11             12             13             14             15
      1    -0.57098437     0.00000000     0.00000000    -0.22838018     0.00000000
      2    -2.49966508     0.00000000     0.00000000    -1.19118957     0.00000000
      3     3.37299199     0.00000000     0.00000000     1.35202562     0.00000000
      4     0.00000000     1.70017561    -0.10275997     0.00000000     0.00000000
      5     0.00000000    -0.10275997    -1.70017561     0.00000000     0.00000000
      6     0.68911610     0.00000000     0.00000000    -1.20359187     0.00000000
      7     0.00000000    -1.75581938     0.10612312     0.00000000     0.00000000
      8     0.00000000     0.10612312     1.75581938     0.00000000     0.00000000
      9    -0.75104696     0.00000000     0.00000000     1.23921995     0.00000000
     10    -0.31307283     0.00000000     0.00000000    -0.37439993    -0.00067176
     11     0.00000000     0.00000000     0.00000000     0.00000000    -0.99788989
     12     0.00000000     0.00334947    -0.00020244     0.00000000     0.00000000
     13    -0.31307283     0.00000000     0.00000000    -0.37439993     0.00067176
     14     0.00000000    -0.00020244    -0.00334947     0.00000000     0.00000000
     15    -0.32638163     0.00000000     0.00000000     0.57851356     0.00000000
     16     0.00449663     0.00000000     0.00000000     0.05036591     0.00000000
     17    -0.02183039     0.00000000     0.00000000     0.29645020     0.00000000
     18    -0.06192314     0.00000000     0.00000000    -0.64015094     0.00000000
     19     0.00000000    -0.10022206     0.00605750     0.00000000     0.00000000
     20     0.00000000     0.00605750     0.10022206     0.00000000     0.00000000
     21    -0.09375960     0.00000000     0.00000000    -0.57617950     0.00000000
     22     0.00000000     0.02885877    -0.00174425     0.00000000     0.00000000
     23     0.00000000    -0.00174425    -0.02885877     0.00000000     0.00000000
     24     0.00673183     0.00000000     0.00000000     0.18006496     0.00000000
     25     0.00573077     0.00000000     0.00000000     0.03440986    -0.00001647
     26     0.00000000     0.00000000     0.00000000     0.00000000    -0.02446726
     27     0.00000000    -0.02199249     0.00132924     0.00000000     0.00000000
     28     0.00573077     0.00000000     0.00000000     0.03440986     0.00001647
     29     0.00000000     0.00132924     0.02199249     0.00000000     0.00000000
     30     0.00926757     0.00000000     0.00000000    -0.01474416     0.00000000
                16             17             18             19             20
      1     0.00000000     0.00000000     0.00000000    -0.58766549     0.00000000
      2     0.00000000     0.00000000     0.00000000    -2.79721610     0.00000000
      3     0.00000000     0.00000000     0.00000000     1.39744570     0.00000000
      4     0.00000000     0.07395092    -0.02454973     0.00000000     0.02147009
      5     0.00000000    -0.02454973    -0.07395092     0.00000000     0.24405192
      6     0.00000000     0.00000000     0.00000000    -1.94824940     0.00000000
      7     0.00000000     0.10675926    -0.03544122     0.00000000     0.01802103
      8     0.00000000    -0.03544122    -0.10675926     0.00000000     0.20484628
      9     0.00000000     0.00000000     0.00000000     0.95103201     0.00000000
     10    -0.86419800     0.00000000     0.00000000     0.62755329     0.00000000
     11     0.00077569     0.00000000     0.00000000     0.00000000     0.00000000
     12     0.00000000     1.07981115    -0.35846848     0.00000000     0.03783699
     13     0.86419800     0.00000000     0.00000000     0.62755329     0.00000000
     14     0.00000000    -0.35846848    -1.07981115     0.00000000     0.43009549
     15     0.00000000     0.00000000     0.00000000    -0.87217996     0.00000000
     16     0.00000000     0.00000000     0.00000000     0.03788088     0.00000000
     17     0.00000000     0.00000000     0.00000000     0.49012760     0.00000000
     18     0.00000000     0.00000000     0.00000000     0.92841216     0.00000000
     19     0.00000000    -0.36847428     0.12232363     0.00000000     0.11432188
     20     0.00000000     0.12232363     0.36847428     0.00000000     1.29950430
     21     0.00000000     0.00000000     0.00000000     0.17331013     0.00000000
     22     0.00000000    -0.18820581     0.06247931     0.00000000    -0.17316863
     23     0.00000000     0.06247931     0.18820581     0.00000000    -1.96841916
     24     0.00000000     0.00000000     0.00000000    -1.52513959     0.00000000
     25    -0.02118927     0.00000000     0.00000000     0.04554778     0.00000000
     26     0.00001902     0.00000000     0.00000000     0.00000000     0.00000000
     27     0.00000000    -0.02664748     0.00884625     0.00000000    -0.00414557
     28     0.02118927     0.00000000     0.00000000     0.04554778     0.00000000
     29     0.00000000     0.00884625     0.02664748     0.00000000    -0.04712299
     30     0.00000000     0.00000000     0.00000000    -0.03981384     0.00000000
                21             22             23             24             25
      1     0.00000000    -0.02764360     0.21968101     0.43243442     0.00000000
      2     0.00000000    -1.53106152    -0.42482919     1.18455916     0.00000000
      3     0.00000000    -0.40122747    -1.05525469    -0.49683494     0.00000000
      4    -0.24405192     0.00000000     0.00000000     0.00000000     0.00000000
      5     0.02147009     0.00000000     0.00000000     0.00000000     0.00000000
      6     0.00000000     0.95360722     0.27243100     1.66372851     0.00000000
      7    -0.20484628     0.00000000     0.00000000     0.00000000     0.00000000
      8     0.01802103     0.00000000     0.00000000     0.00000000     0.00000000
      9     0.00000000    -0.27080896    -0.44329973    -0.22970693     0.00000000
     10     0.00000000     0.76026884     0.99112986     0.12358624     0.08541730
     11     0.00000000     0.00000000     0.00000000     0.00000000    -0.00152629
     12    -0.43009549     0.00000000     0.00000000     0.00000000     0.00000000
     13     0.00000000     0.76026884     0.99112986     0.12358624    -0.08541730
     14     0.03783699     0.00000000     0.00000000     0.00000000     0.00000000
     15     0.00000000     2.02282601     0.27370040     0.94714482     0.00000000
     16     0.00000000    -0.07468117    -0.09178955     0.73948345     0.00000000
     17     0.00000000    -0.40129024    -0.37315957     2.87485577     0.00000000
     18     0.00000000    -0.61289572     0.70829569    -5.32713954     0.00000000
     19    -1.29950430     0.00000000     0.00000000     0.00000000     0.00000000
     20     0.11432188     0.00000000     0.00000000     0.00000000     0.00000000
     21     0.00000000     0.68101904    -1.12876391    -0.08722469     0.00000000
     22     1.96841916     0.00000000     0.00000000     0.00000000     0.00000000
     23    -0.17316863     0.00000000     0.00000000     0.00000000     0.00000000
     24     0.00000000    -0.22310066     1.55578770     1.21135305     0.00000000
     25     0.00000000    -0.01293228    -0.04348149     0.17776398    -0.86804785
     26     0.00000000     0.00000000     0.00000000     0.00000000     0.01551079
     27     0.04712299     0.00000000     0.00000000     0.00000000     0.00000000
     28     0.00000000    -0.01293228    -0.04348149     0.17776398     0.86804785
     29    -0.00414557     0.00000000     0.00000000     0.00000000     0.00000000
     30     0.00000000    -0.08038570    -0.03822076     0.42301040     0.00000000
                26             27             28             29             30
      1     0.00000000     0.00000000     0.00000000    -0.44342409     0.17195644
      2     0.00000000     0.00000000     0.00000000    -1.88045365     0.52194689
      3     0.00000000     0.00000000     0.00000000     1.00317128    -0.02365565
      4     0.00000000     0.01028058     0.28577694     0.00000000     0.00000000
      5     0.00000000    -0.28577694     0.01028058     0.00000000     0.00000000
      6     0.00000000     0.00000000     0.00000000    -1.48824593     0.48654515
      7     0.00000000    -0.00343080    -0.09536849     0.00000000     0.00000000
      8     0.00000000     0.09536849    -0.00343080     0.00000000     0.00000000
      9     0.00000000     0.00000000     0.00000000     0.65650464     0.04636680
     10     0.00132180     0.00000000     0.00000000     0.18861291    -0.02215775
     11     0.09863141     0.00000000     0.00000000     0.00000000     0.00000000
     12     0.00000000     0.01214747     0.33767233     0.00000000     0.00000000
     13    -0.00132180     0.00000000     0.00000000     0.18861291    -0.02215775
     14     0.00000000    -0.33767233     0.01214747     0.00000000     0.00000000
     15     0.00000000     0.00000000     0.00000000    -0.43700869     0.17328102
     16     0.00000000     0.00000000     0.00000000    -0.28470623    -0.39340585
     17     0.00000000     0.00000000     0.00000000    -1.11193671    -3.57571184
     18     0.00000000     0.00000000     0.00000000     2.20534747    -0.11971987
     19     0.00000000     0.00397119     0.11039011     0.00000000     0.00000000
     20     0.00000000    -0.11039011     0.00397119     0.00000000     0.00000000
     21     0.00000000     0.00000000     0.00000000     0.08547500    -0.05606828
     22     0.00000000    -0.01257719    -0.34961768     0.00000000     0.00000000
     23     0.00000000     0.34961768    -0.01257719     0.00000000     0.00000000
     24     0.00000000     0.00000000     0.00000000    -0.95774549     0.42195797
     25    -0.01343274     0.00000000     0.00000000    -0.53032882     1.55285202
     26    -1.00233532     0.00000000     0.00000000     0.00000000     0.00000000
     27     0.00000000     0.03702648     1.02925265     0.00000000     0.00000000
     28     0.01343274     0.00000000     0.00000000    -0.53032882     1.55285202
     29     0.00000000    -1.02925265     0.03702648     0.00000000     0.00000000
     30     0.00000000     0.00000000     0.00000000     1.04906016     1.39159324

           ---------------------------------------
                     MO energies
           ---------------------------------------
                 1
      1   -26.38221713
      2    -7.71935431
      3    -1.70151842
      4    -0.85245398
      5    -0.74066092
      6    -0.74066092
      7    -0.40302867
      8     0.10405682
      9     0.10405682
     10     0.24102759
     11     0.44987784
     12     0.47367890
     13     0.47367890
     14     0.71814574
     15     0.88109740
     16     0.88109740
     17     1.03113637
     18     1.03113637
     19     1.16838514
     20     1.52586251
     21     1.52586251
     22     1.67701012
     23     1.69507618
     24     2.29414168
     25     3.91528783
     26     3.91528783
     27     4.10099758
     28     4.10099758
     29     4.48325468
     30     8.05437538

                                        Total CPU time for RHF =      0.667 seconds


 AO to MO transformation... Please be patient

                    Total CPU time for AO to MO transformation =      1.650 seconds


 ************************************************
 |      Configuration Interaction Singles       |
 ************************************************


 -------------------------------------------------------------
   CIS          calculation: singlet        manifold
 -------------------------------------------------------------
 | State |  Excitation energy (au) |  Excitation energy (eV) |
 -------------------------------------------------------------
 |     1 |                0.246952 |                6.719910 |
 |     2 |                0.246952 |                6.719910 |
 |     3 |                0.410436 |               11.168522 |
 |     4 |                0.502893 |               13.684407 |
 |     5 |                0.507985 |               13.822985 |
 |     6 |                0.507985 |               13.822985 |
 |     7 |                0.540000 |               14.694148 |
 |     8 |                0.540000 |               14.694148 |
 |     9 |                0.592768 |               16.130048 |
 |    10 |                0.625528 |               17.021488 |
 |    11 |                0.625528 |               17.021488 |
 |    12 |                0.629038 |               17.116990 |
 |    13 |                0.670641 |               18.249079 |
 |    14 |                0.670641 |               18.249079 |
 |    15 |                0.780131 |               21.228457 |
 |    16 |                0.795271 |               21.640417 |
 |    17 |                0.904090 |               24.601537 |
 |    18 |                0.904090 |               24.601537 |
 |    19 |                0.907253 |               24.687614 |
 |    20 |                0.927494 |               25.238405 |
 -------------------------------------------------------------

 ---------------------------------------------------------------
                 Transition dipole moment (au)                  
 ---------------------------------------------------------------
  #           X           Y           Z   dip. str.   osc. str.
 ---------------------------------------------------------------
  1   -1.416594    0.192582   -0.000000    2.043826    0.336485
  2    0.192582    1.416594   -0.000000    2.043826    0.336485
  3   -0.000000    0.000000   -1.240687    1.539304    0.421190
  4    0.000000   -0.000000   -0.000000    0.000000    0.000000
  5    0.000000    0.000000    0.000000    0.000000    0.000000
  6   -0.000000    0.000000    0.000000    0.000000    0.000000
  7    0.635244   -0.013906   -0.000000    0.403728    0.145342
  8   -0.013906   -0.635244   -0.000000    0.403728    0.145342
  9    0.000000    0.000000   -0.991330    0.982734    0.388356
 10    0.343909   -0.228954    0.000000    0.170694    0.071182
 ---------------------------------------------------------------

 -------------------------------------------------------------
 Excitation n.   1:   6.719910 eV  f = 0.3365  <S**2> = 0.0000
 -------------------------------------------------------------
  7 ->   8 =   0.691004
  7 ->  12 =   0.127654

 -------------------------------------------------------------
 Excitation n.   2:   6.719910 eV  f = 0.3365  <S**2> = 0.0000
 -------------------------------------------------------------
  7 ->   9 =   0.691004
  7 ->  13 =   0.127654

 -------------------------------------------------------------
 Excitation n.   3:  11.168522 eV  f = 0.4212  <S**2> = 0.0000
 -------------------------------------------------------------
  7 ->  10 =   0.699784

 -------------------------------------------------------------
 Excitation n.   4:  13.684407 eV  f = 0.0000  <S**2> = 0.0000
 -------------------------------------------------------------
  5 ->   8 =   0.112938
  5 ->   9 =   0.474491
  5 ->  13 =   0.094137
  6 ->   8 =  -0.474491
  6 ->   9 =   0.112938
  6 ->  12 =  -0.094137

 -------------------------------------------------------------
 Excitation n.   5:  13.822985 eV  f = 0.0000  <S**2> = 0.0000
 -------------------------------------------------------------
  5 ->   8 =  -0.482290
  5 ->   9 =  -0.078400
  5 ->  12 =  -0.089242
  6 ->   8 =  -0.078400
  6 ->   9 =   0.482290
  6 ->  13 =   0.089242

 -------------------------------------------------------------
 Excitation n.   6:  13.822985 eV  f = 0.0000  <S**2> = 0.0000
 -------------------------------------------------------------
  5 ->   8 =  -0.078400
  5 ->   9 =   0.482290
  5 ->  13 =   0.089242
  6 ->   8 =   0.482290
  6 ->   9 =   0.078400
  6 ->  12 =   0.089242

 -------------------------------------------------------------
 Excitation n.   7:  14.694148 eV  f = 0.1453  <S**2> = 0.0000
 -------------------------------------------------------------
  7 ->   8 =  -0.133285
  7 ->  12 =   0.690387

 -------------------------------------------------------------
 Excitation n.   8:  14.694148 eV  f = 0.1453  <S**2> = 0.0000
 -------------------------------------------------------------
  7 ->   9 =  -0.133285
  7 ->  13 =   0.690387

 -------------------------------------------------------------
 Excitation n.   9:  16.130048 eV  f = 0.3884  <S**2> = 0.0000
 -------------------------------------------------------------
  5 ->   8 =  -0.303821
  5 ->   9 =   0.072315
  6 ->   8 =  -0.072315
  6 ->   9 =  -0.303821
  7 ->  11 =  -0.533925

 -------------------------------------------------------------
 Excitation n.  10:  17.021488 eV  f = 0.0712  <S**2> = 0.0000
 -------------------------------------------------------------
  4 ->   8 =   0.618981
  4 ->   9 =   0.278441
  4 ->  12 =   0.109111
  5 ->  10 =   0.083862

Thomas-Reiche-Kuhn sum rule =   1.844383

 ---------------------------------------------------------------------------------------------------
  CIS(D) correction 
 ---------------------------------------------------------------------------------------------------
      #             CIS (eV)          CIS(D) (eV)      Correction (eV)
 ---------------------------------------------------------------------------------------------------
      1            6.719910            6.735454            0.015544
      2            6.719910            6.735454            0.015544
      3           11.168522           10.915416           -0.253106
      4           13.684407           11.659920           -2.024487
      5           13.822985           11.630718           -2.192267
      6           13.822985           11.630718           -2.192267
      7           14.694148           14.671948           -0.022200
      8           14.694148           14.671948           -0.022200
      9           16.130048           14.492265           -1.637783
     10           17.021488           14.766411           -2.255077
 ---------------------------------------------------------------------------------------------------


 -------------------------------------------------------------
   CIS          calculation: triplet        manifold
 -------------------------------------------------------------
 | State |  Excitation energy (au) |  Excitation energy (eV) |
 -------------------------------------------------------------
 |     1 |                0.103015 |                2.803180 |
 |     2 |                0.103015 |                2.803180 |
 |     3 |                0.345686 |                9.406590 |
 |     4 |                0.460347 |               12.526669 |
 |     5 |                0.471203 |               12.822081 |
 |     6 |                0.482050 |               13.117255 |
 |     7 |                0.482050 |               13.117255 |
 |     8 |                0.499493 |               13.591883 |
 |     9 |                0.499493 |               13.591883 |
 |    10 |                0.502893 |               13.684407 |
 |    11 |                0.586998 |               15.973035 |
 |    12 |                0.586998 |               15.973035 |
 |    13 |                0.636698 |               17.325427 |
 |    14 |                0.636698 |               17.325427 |
 |    15 |                0.706872 |               19.234972 |
 |    16 |                0.752354 |               20.472594 |
 |    17 |                0.867670 |               23.610500 |
 |    18 |                0.867670 |               23.610500 |
 |    19 |                0.889605 |               24.207376 |
 |    20 |                0.899675 |               24.481401 |
 -------------------------------------------------------------

 -------------------------------------------------------------
 Excitation n.   1:   2.803180 eV  f = 0.0000  <S**2> = 2.0000
 -------------------------------------------------------------
  7 ->   8 =   0.454550
  7 ->   9 =   0.500165
  7 ->  12 =   0.119378
  7 ->  13 =   0.162572

 -------------------------------------------------------------
 Excitation n.   2:   2.803180 eV  f = 0.0000  <S**2> = 2.0000
 -------------------------------------------------------------
  7 ->   8 =  -0.500165
  7 ->   9 =   0.454550
  7 ->  12 =  -0.162572
  7 ->  13 =   0.119378

 -------------------------------------------------------------
 Excitation n.   3:   9.406590 eV  f = 0.0000  <S**2> = 2.0000
 -------------------------------------------------------------
  7 ->  10 =   0.685166
  7 ->  14 =  -0.164248

 -------------------------------------------------------------
 Excitation n.   4:  12.526669 eV  f = 0.0000  <S**2> = 2.0000
 -------------------------------------------------------------
  5 ->   8 =   0.462228
  5 ->   9 =  -0.110019
  5 ->  12 =   0.101080
  6 ->   8 =   0.110019
  6 ->   9 =   0.462228
  6 ->  13 =   0.101080
  7 ->  11 =  -0.110029

 -------------------------------------------------------------
 Excitation n.   5:  12.822081 eV  f = 0.0000  <S**2> = 2.0000
 -------------------------------------------------------------
  5 ->   8 =  -0.074655
  6 ->   9 =  -0.074655
  7 ->  11 =  -0.684352
  7 ->  14 =   0.111537

 -------------------------------------------------------------
 Excitation n.   6:  13.117255 eV  f = 0.0000  <S**2> = 2.0000
 -------------------------------------------------------------
  5 ->   8 =  -0.165538
  5 ->   9 =   0.456187
  5 ->  13 =   0.088322
  6 ->   8 =   0.456187
  6 ->   9 =   0.165538
  6 ->  12 =   0.088322

 -------------------------------------------------------------
 Excitation n.   7:  13.117255 eV  f = 0.0000  <S**2> = 2.0000
 -------------------------------------------------------------
  5 ->   8 =   0.456187
  5 ->   9 =   0.165538
  5 ->  12 =   0.088322
  6 ->   8 =   0.165538
  6 ->   9 =  -0.456187
  6 ->  13 =  -0.088322

 -------------------------------------------------------------
 Excitation n.   8:  13.591883 eV  f = 0.0000  <S**2> = 2.0000
 -------------------------------------------------------------
  7 ->   8 =  -0.199617
  7 ->  12 =   0.671276

 -------------------------------------------------------------
 Excitation n.   9:  13.591883 eV  f = 0.0000  <S**2> = 2.0000
 -------------------------------------------------------------
  7 ->   9 =  -0.199617
  7 ->  13 =   0.671276

 -------------------------------------------------------------
 Excitation n.  10:  13.684407 eV  f = 0.0000  <S**2> = 2.0000
 -------------------------------------------------------------
  5 ->   8 =   0.112938
  5 ->   9 =   0.474491
  5 ->  13 =   0.094137
  6 ->   8 =  -0.474491
  6 ->   9 =   0.112938
  6 ->  12 =  -0.094137

Thomas-Reiche-Kuhn sum rule =   0.000000

 ---------------------------------------------------------------------------------------------------
  CIS(D) correction 
 ---------------------------------------------------------------------------------------------------
      #             CIS (eV)          CIS(D) (eV)      Correction (eV)
 ---------------------------------------------------------------------------------------------------
      1            2.803180            3.506090            0.702910
      2            2.803180            3.506090            0.702910
      3            9.406590            9.592023            0.185433
      4           12.526669           11.058841           -1.467827
      5           12.822081           13.406851            0.584770
      6           13.117255           11.373549           -1.743706
      7           13.117255           11.373549           -1.743706
      8           13.591883           14.036453            0.444569
      9           13.591883           14.036453            0.444569
     10           13.684407           11.617472           -2.066935
 ---------------------------------------------------------------------------------------------------

                                        Total CPU time for CIS =      3.972 seconds


 ***********************************************************
 |  Random phase approximation calculation with exchange   |
 ***********************************************************


 -------------------------------------------------------------
   RPAx@HF      calculation: singlet        manifold
 -------------------------------------------------------------
 | State |  Excitation energy (au) |  Excitation energy (eV) |
 -------------------------------------------------------------
 |     1 |                0.234036 |                6.368434 |
 |     2 |                0.234036 |                6.368434 |
 |     3 |                0.408273 |               11.109687 |
 |     4 |                0.499170 |               13.583110 |
 |     5 |                0.505875 |               13.765573 |
 |     6 |                0.505875 |               13.765573 |
 |     7 |                0.538950 |               14.665579 |
 |     8 |                0.538950 |               14.665579 |
 |     9 |                0.584637 |               15.908787 |
 |    10 |                0.615138 |               16.738763 |
 |    11 |                0.621371 |               16.908370 |
 |    12 |                0.621371 |               16.908370 |
 |    13 |                0.668610 |               18.193810 |
 |    14 |                0.668610 |               18.193810 |
 |    15 |                0.779112 |               21.200706 |
 |    16 |                0.789453 |               21.482115 |
 |    17 |                0.903979 |               24.598516 |
 |    18 |                0.903979 |               24.598516 |
 |    19 |                0.907129 |               24.684248 |
 |    20 |                0.924063 |               25.145035 |
 -------------------------------------------------------------

 ---------------------------------------------------------------
                 Transition dipole moment (au)                  
 ---------------------------------------------------------------
  #           X           Y           Z   dip. str.   osc. str.
 ---------------------------------------------------------------
  1    0.435789   -1.136479    0.000000    1.481497    0.231149
  2    1.136479    0.435789    0.000000    1.481497    0.231149
  3   -0.000000   -0.000000   -1.193160    1.423631    0.387487
  4    0.000000    0.000000    0.000000    0.000000    0.000000
  5   -0.000000   -0.000000    0.000000    0.000000    0.000000
  6    0.000000    0.000000    0.000000    0.000000    0.000000
  7   -0.592678    0.299358    0.000000    0.440882    0.158409
  8    0.299358    0.592678   -0.000000    0.440882    0.158409
  9    0.000000    0.000000    0.971489    0.943792    0.367850
 10    0.000000    0.000000   -0.069269    0.004798    0.001968
 ---------------------------------------------------------------

 -------------------------------------------------------------
 Excitation n.   1:   6.368434 eV  f = 0.2311  <S**2> = 0.0000
 -------------------------------------------------------------
  7 ->   8 =  -0.353192
  7 ->   9 =  -0.601692
  7 ->  13 =  -0.126340
  7 <-   9 =   0.074196

 -------------------------------------------------------------
 Excitation n.   2:   6.368434 eV  f = 0.2311  <S**2> = 0.0000
 -------------------------------------------------------------
  7 ->   8 =  -0.601692
  7 ->   9 =   0.353192
  7 ->  12 =  -0.126340
  7 <-   8 =   0.074196

 -------------------------------------------------------------
 Excitation n.   3:  11.109687 eV  f = 0.3875  <S**2> = 0.0000
 -------------------------------------------------------------
  7 ->  10 =   0.700978

 -------------------------------------------------------------
 Excitation n.   4:  13.583110 eV  f = 0.0000  <S**2> = 0.0000
 -------------------------------------------------------------
  5 ->   8 =  -0.113018
  5 ->   9 =  -0.474830
  5 ->  13 =  -0.094821
  6 ->   8 =   0.474830
  6 ->   9 =  -0.113018
  6 ->  12 =   0.094821

 -------------------------------------------------------------
 Excitation n.   5:  13.765573 eV  f = 0.0000  <S**2> = 0.0000
 -------------------------------------------------------------
  5 ->   9 =  -0.483677
  5 ->  13 =  -0.092850
  6 ->   8 =  -0.483677
  6 ->  12 =  -0.092850

 -------------------------------------------------------------
 Excitation n.   6:  13.765573 eV  f = 0.0000  <S**2> = 0.0000
 -------------------------------------------------------------
  5 ->   8 =   0.483677
  5 ->  12 =   0.092850
  6 ->   9 =  -0.483677
  6 ->  13 =  -0.092850

 -------------------------------------------------------------
 Excitation n.   7:  14.665579 eV  f = 0.1584  <S**2> = 0.0000
 -------------------------------------------------------------
  7 ->   8 =   0.133587
  7 ->  12 =  -0.634160
  7 ->  13 =  -0.273628

 -------------------------------------------------------------
 Excitation n.   8:  14.665579 eV  f = 0.1584  <S**2> = 0.0000
 -------------------------------------------------------------
  7 ->   9 =   0.133587
  7 ->  12 =   0.273628
  7 ->  13 =  -0.634160

 -------------------------------------------------------------
 Excitation n.   9:  15.908787 eV  f = 0.3679  <S**2> = 0.0000
 -------------------------------------------------------------
  5 ->   8 =   0.364191
  5 ->   9 =  -0.086684
  6 ->   8 =   0.086684
  6 ->   9 =   0.364191
  7 ->  11 =   0.446999
  7 ->  14 =  -0.073383

 -------------------------------------------------------------
 Excitation n.  10:  16.738763 eV  f = 0.0020  <S**2> = 0.0000
 -------------------------------------------------------------
  4 ->  14 =   0.093017
  5 ->   8 =  -0.295980
  6 ->   9 =  -0.295980
  7 ->  10 =   0.078814
  7 ->  11 =   0.542257

Thomas-Reiche-Kuhn sum rule =   1.536421


 -------------------------------------------------------------
   RPAx@HF      calculation: triplet        manifold
 -------------------------------------------------------------
 | State |  Excitation energy (au) |  Excitation energy (eV) |
 -------------------------------------------------------------
 |     1 |                0.056577 |                1.539551 |
 |     2 |                0.056577 |                1.539551 |
 |     3 |                0.340448 |                9.264053 |
 |     4 |                0.446895 |               12.160630 |
 |     5 |                0.463895 |               12.623215 |
 |     6 |                0.473748 |               12.891339 |
 |     7 |                0.473748 |               12.891339 |
 |     8 |                0.497861 |               13.547478 |
 |     9 |                0.497861 |               13.547478 |
 |    10 |                0.499170 |               13.583110 |
 |    11 |                0.580909 |               15.807339 |
 |    12 |                0.580909 |               15.807339 |
 |    13 |                0.633261 |               17.231916 |
 |    14 |                0.633261 |               17.231916 |
 |    15 |                0.703660 |               19.147557 |
 |    16 |                0.749193 |               20.386585 |
 |    17 |                0.866483 |               23.578209 |
 |    18 |                0.866483 |               23.578209 |
 |    19 |                0.889059 |               24.192519 |
 |    20 |                0.899391 |               24.473680 |
 -------------------------------------------------------------

 -------------------------------------------------------------
 Excitation n.   1:   1.539551 eV  f = 0.0000  <S**2> = 2.0000
 -------------------------------------------------------------
  7 ->   8 =  -0.780558
  7 ->   9 =   0.111848
  7 ->  12 =  -0.256401
  7 <-   8 =  -0.403886
  7 <-  12 =  -0.150608

 -------------------------------------------------------------
 Excitation n.   2:   1.539551 eV  f = 0.0000  <S**2> = 2.0000
 -------------------------------------------------------------
  7 ->   8 =  -0.111848
  7 ->   9 =  -0.780558
  7 ->  13 =  -0.256401
  7 <-   9 =  -0.403886
  7 <-  13 =  -0.150608

 -------------------------------------------------------------
 Excitation n.   3:   9.264053 eV  f = 0.0000  <S**2> = 2.0000
 -------------------------------------------------------------
  7 ->  10 =  -0.682910
  7 ->  14 =   0.175033

 -------------------------------------------------------------
 Excitation n.   4:  12.160630 eV  f = 0.0000  <S**2> = 2.0000
 -------------------------------------------------------------
  5 ->   8 =  -0.464432
  5 ->   9 =   0.110544
  5 ->  12 =  -0.102921
  6 ->   8 =  -0.110544
  6 ->   9 =  -0.464432
  6 ->  13 =  -0.102921
  7 ->  11 =   0.089564

 -------------------------------------------------------------
 Excitation n.   5:  12.623215 eV  f = 0.0000  <S**2> = 2.0000
 -------------------------------------------------------------
  7 ->  10 =  -0.077212
  7 ->  11 =   0.688081
  7 ->  14 =  -0.114056

 -------------------------------------------------------------
 Excitation n.   6:  12.891339 eV  f = 0.0000  <S**2> = 2.0000
 -------------------------------------------------------------
  5 ->   9 =  -0.485786
  5 ->  13 =  -0.098956
  6 ->   8 =  -0.485786
  6 ->  12 =  -0.098956

 -------------------------------------------------------------
 Excitation n.   7:  12.891339 eV  f = 0.0000  <S**2> = 2.0000
 -------------------------------------------------------------
  5 ->   8 =  -0.485786
  5 ->  12 =  -0.098956
  6 ->   9 =   0.485786
  6 ->  13 =   0.098956

 -------------------------------------------------------------
 Excitation n.   8:  13.547478 eV  f = 0.0000  <S**2> = 2.0000
 -------------------------------------------------------------
  7 ->   8 =  -0.161240
  7 ->   9 =   0.133911
  7 ->  12 =   0.558135
  7 ->  13 =  -0.372726

 -------------------------------------------------------------
 Excitation n.   9:  13.547478 eV  f = 0.0000  <S**2> = 2.0000
 -------------------------------------------------------------
  7 ->   8 =  -0.133911
  7 ->   9 =  -0.161240
  7 ->  12 =   0.372726
  7 ->  13 =   0.558135

 -------------------------------------------------------------
 Excitation n.  10:  13.583110 eV  f = 0.0000  <S**2> = 2.0000
 -------------------------------------------------------------
  5 ->   8 =   0.113018
  5 ->   9 =   0.474830
  5 ->  13 =   0.094821
  6 ->   8 =  -0.474830
  6 ->   9 =   0.113018
  6 ->  12 =  -0.094821

Thomas-Reiche-Kuhn sum rule =   0.000000


 -------------------------------------------------------------------------------
              Tr@RPAx correlation energy (singlet) =       -0.1213039015
              Tr@RPAx correlation energy (triplet) =       -0.2766276395
              Tr@RPAx correlation energy           =       -0.3979315409
              Tr@RPAx total energy                 =     -124.5063062421
 -------------------------------------------------------------------------------

                                       Total CPU time for RPAx =      0.034 seconds


 ************************************************
 |          One-shot G0W0 calculation           |
 ************************************************


 -------------------------------------------------------------
   RPA@HF       calculation: singlet        manifold
 -------------------------------------------------------------
 | State |  Excitation energy (au) |  Excitation energy (eV) |
 -------------------------------------------------------------
 |     1 |                0.597967 |               16.271504 |
 |     2 |                0.597967 |               16.271504 |
 |     3 |                0.682932 |               18.583524 |
 |     4 |                0.844718 |               22.985940 |
 |     5 |                0.859252 |               23.381434 |
 |     6 |                0.859252 |               23.381434 |
 |     7 |                0.927752 |               25.245411 |
 |     8 |                0.930909 |               25.331332 |
 |     9 |                0.930909 |               25.331332 |
 |    10 |                0.955266 |               25.994103 |
 |    11 |                0.978166 |               26.617266 |
 |    12 |                0.978166 |               26.617266 |
 |    13 |                1.003166 |               27.297527 |
 |    14 |                1.003166 |               27.297527 |
 |    15 |                1.105328 |               30.077511 |
 |    16 |                1.193031 |               32.464020 |
 |    17 |                1.193031 |               32.464020 |
 |    18 |                1.214340 |               33.043870 |
 |    19 |                1.220206 |               33.203499 |
 |    20 |                1.220206 |               33.203499 |
 -------------------------------------------------------------

  *** Quasiparticle energies obtained by linearization *** 

 -------------------------------------------------------------------------------
   One-shot G0W0 calculation
 -------------------------------------------------------------------------------
 |   # |       e_HF (eV) |      Sig_c (eV) |               Z |       e_QP (eV) |
 -------------------------------------------------------------------------------
 |   1 |     -717.896694 |       18.349994 |        0.804706 |     -703.130340 |
 |   2 |     -210.054330 |        5.589491 |        0.895950 |     -205.046423 |
 |   3 |      -46.300674 |        7.332230 |        0.169821 |      -45.055507 |
 |   4 |      -23.196454 |        2.018554 |        0.928179 |      -21.322875 |
 |   5 |      -20.154410 |        1.924037 |        0.927966 |      -18.368969 |
 |   6 |      -20.154410 |        1.924037 |        0.927966 |      -18.368969 |
 |   7 |      -10.966969 |       -0.161229 |        0.949688 |      -11.120085 |
 |   8 |        2.831530 |       -0.524690 |        0.971497 |        2.321795 |
 |   9 |        2.831530 |       -0.524690 |        0.971497 |        2.321795 |
 |  10 |        6.558695 |       -0.333138 |        0.987171 |        6.229830 |
 |  11 |       12.241800 |       -0.775509 |        0.960420 |       11.496985 |
 |  12 |       12.889459 |       -1.333923 |        0.951069 |       11.620807 |
 |  13 |       12.889459 |       -1.333923 |        0.951069 |       11.620807 |
 |  14 |       19.541741 |       -0.325471 |        0.260889 |       19.456829 |
 |  15 |       23.975881 |       -0.575372 |        0.785581 |       23.523880 |
 |  16 |       23.975881 |       -0.575372 |        0.785581 |       23.523880 |
 |  17 |       28.058650 |      -16.189921 |        0.001222 |       28.038861 |
 |  18 |       28.058650 |      -16.189921 |        0.001222 |       28.038861 |
 |  19 |       31.793379 |      -34.477298 |        0.000320 |       31.782342 |
 |  20 |       41.520834 |       -1.872038 |        0.920153 |       39.798273 |
 |  21 |       41.520834 |       -1.872038 |        0.920153 |       39.798273 |
 |  22 |       45.633770 |        0.480795 |        0.023091 |       45.644872 |
 |  23 |       46.125372 |       -1.378322 |        0.310095 |       45.697961 |
 |  24 |       62.426775 |       -2.418251 |        0.338664 |       61.607799 |
 |  25 |      106.540408 |       -3.707378 |        0.638769 |      104.172248 |
 |  26 |      106.540408 |       -3.707378 |        0.638769 |      104.172248 |
 |  27 |      111.593828 |       -7.657924 |        0.046042 |      111.241239 |
 |  28 |      111.593828 |       -7.657924 |        0.046042 |      111.241239 |
 |  29 |      121.995574 |      -12.448363 |        0.001420 |      121.977895 |
 |  30 |      219.170718 |       -3.487139 |        0.745960 |      216.569452 |
 -------------------------------------------------------------------------------
          G0W0 HOMO      energy:     -11.120085 eV
          G0W0 LUMO      energy:       2.321795 eV
          G0W0 HOMO-LUMO gap   :      13.441880 eV
 -------------------------------------------------------------------------------
    RPA@G0W0 total energy      :    -124.408789 au
    RPA@G0W0 correlation energy:      -0.300414 au
    GM@G0W0  total energy      :    -124.631110 au
    GM@G0W0  correlation energy:      -0.522735 au
 -------------------------------------------------------------------------------


 -------------------------------------------------------------
   BSE@GW       calculation: singlet        manifold
 -------------------------------------------------------------
 | State |  Excitation energy (au) |  Excitation energy (eV) |
 -------------------------------------------------------------
 |     1 |                0.250951 |                6.828713 |
 |     2 |                0.250951 |                6.828713 |
 |     3 |                0.411444 |               11.195950 |
 |     4 |                0.446075 |               12.138312 |
 |     5 |                0.451593 |               12.288465 |
 |     6 |                0.451593 |               12.288465 |
 |     7 |                0.528337 |               14.376792 |
 |     8 |                0.535585 |               14.574013 |
 |     9 |                0.535585 |               14.574013 |
 |    10 |                0.569746 |               15.503576 |
 |    11 |                0.569746 |               15.503576 |
 |    12 |                0.615000 |               16.735012 |
 |    13 |                0.619315 |               16.852417 |
 |    14 |                0.619315 |               16.852417 |
 |    15 |                0.725013 |               19.728616 |
 |    16 |                0.798158 |               21.718995 |
 |    17 |                0.798158 |               21.718995 |
 |    18 |                0.801188 |               21.801438 |
 |    19 |                0.818883 |               22.282934 |
 |    20 |                0.843587 |               22.955173 |
 -------------------------------------------------------------

 ---------------------------------------------------------------
                 Transition dipole moment (au)                  
 ---------------------------------------------------------------
  #           X           Y           Z   dip. str.   osc. str.
 ---------------------------------------------------------------
  1   -0.999125    0.665962   -0.000000    1.441755    0.241206
  2    0.665962    0.999125   -0.000000    1.441755    0.241206
  3    0.000000   -0.000000   -1.125051    1.265740    0.347187
  4    0.000000   -0.000000    0.000000    0.000000    0.000000
  5    0.000000    0.000000   -0.000000    0.000000    0.000000
  6   -0.000000   -0.000000   -0.000000    0.000000    0.000000
  7    0.000000    0.000000    0.959834    0.921280    0.324498
  8    0.552047    0.359616   -0.000000    0.434079    0.154991
  9   -0.359616    0.552047   -0.000000    0.434079    0.154991
 10    0.183105    0.051914    0.000000    0.036222    0.013758
 ---------------------------------------------------------------

 -------------------------------------------------------------
 Excitation n.   1:   6.828713 eV  f = 0.2412  <S**2> = 0.0000
 -------------------------------------------------------------
  7 ->   8 =   0.646740
  7 ->   9 =   0.291362
  7 ->  12 =   0.073307
  7 <-   8 =  -0.100129

 -------------------------------------------------------------
 Excitation n.   2:   6.828713 eV  f = 0.2412  <S**2> = 0.0000
 -------------------------------------------------------------
  7 ->   8 =  -0.291362
  7 ->   9 =   0.646740
  7 ->  13 =   0.073307
  7 <-   9 =  -0.100129

 -------------------------------------------------------------
 Excitation n.   3:  11.195950 eV  f = 0.3472  <S**2> = 0.0000
 -------------------------------------------------------------
  7 ->  10 =   0.700313

 -------------------------------------------------------------
 Excitation n.   4:  12.138312 eV  f = 0.0000  <S**2> = 0.0000
 -------------------------------------------------------------
  5 ->   8 =  -0.113651
  5 ->   9 =  -0.477489
  5 ->  13 =  -0.090441
  6 ->   8 =   0.477489
  6 ->   9 =  -0.113651
  6 ->  12 =   0.090441

 -------------------------------------------------------------
 Excitation n.   5:  12.288465 eV  f = 0.0000  <S**2> = 0.0000
 -------------------------------------------------------------
  5 ->   8 =  -0.236065
  5 ->   9 =  -0.431060
  5 ->  13 =  -0.081292
  6 ->   8 =  -0.431060
  6 ->   9 =   0.236065
  6 ->  12 =  -0.081292

 -------------------------------------------------------------
 Excitation n.   6:  12.288465 eV  f = 0.0000  <S**2> = 0.0000
 -------------------------------------------------------------
  5 ->   8 =  -0.431060
  5 ->   9 =   0.236065
  5 ->  12 =  -0.081292
  6 ->   8 =   0.236065
  6 ->   9 =   0.431060
  6 ->  13 =   0.081292

 -------------------------------------------------------------
 Excitation n.   7:  14.376792 eV  f = 0.3245  <S**2> = 0.0000
 -------------------------------------------------------------
  5 ->   8 =   0.468678
  5 ->   9 =  -0.111554
  6 ->   8 =   0.111554
  6 ->   9 =   0.468678
  7 ->  10 =  -0.091812
  7 ->  11 =   0.125797

 -------------------------------------------------------------
 Excitation n.   8:  14.574013 eV  f = 0.1550  <S**2> = 0.0000
 -------------------------------------------------------------
  4 ->   8 =   0.168428
  4 ->   9 =  -0.154414
  7 ->  12 =   0.530396
  7 ->  13 =  -0.393045

 -------------------------------------------------------------
 Excitation n.   9:  14.574013 eV  f = 0.1550  <S**2> = 0.0000
 -------------------------------------------------------------
  4 ->   8 =  -0.154414
  4 ->   9 =  -0.168428
  7 ->  12 =  -0.393045
  7 ->  13 =  -0.530396

 -------------------------------------------------------------
 Excitation n.  10:  15.503576 eV  f = 0.0138  <S**2> = 0.0000
 -------------------------------------------------------------
  4 ->   8 =   0.588784
  4 ->   9 =  -0.277843
  4 ->  12 =   0.099690
  5 ->  10 =   0.085647
  7 ->  12 =  -0.224693
  7 ->  13 =   0.078633

Thomas-Reiche-Kuhn sum rule =   1.477838


 *** dynamical TDA activated ***

 ---------------------------------------------------------------------------------------------------
  First-order dynamical correction to static Bethe-Salpeter excitation energies                     
 ---------------------------------------------------------------------------------------------------
  BSE neutral excitation must be lower than the GW gap =  13.441880 eV
 ---------------------------------------------------------------------------------------------------
      #          Static (eV)         Dynamic (eV)      Correction (eV)         Renorm. (eV)
 ---------------------------------------------------------------------------------------------------
      1            6.828713            6.649869           -0.178844            1.019837
      2            6.828713            6.649869           -0.178844            1.019837
      3           11.195950           11.148198           -0.047752            1.005742
      4           12.138312           11.993684           -0.144628            1.009498
      5           12.288465           12.152853           -0.135612            1.009327
      6           12.288465           12.152853           -0.135612            1.009327
      7           14.376792           14.309656           -0.067135            1.007841
      8           14.574013           14.354189           -0.219824            1.017771
      9           14.574013           14.354189           -0.219824            1.017771
     10           15.503576           15.333698           -0.169878            1.014607
 ---------------------------------------------------------------------------------------------------


 -------------------------------------------------------------
   BSE@GW       calculation: triplet        manifold
 -------------------------------------------------------------
 | State |  Excitation energy (au) |  Excitation energy (eV) |
 -------------------------------------------------------------
 |     1 |                0.127017 |                3.456316 |
 |     2 |                0.127017 |                3.456316 |
 |     3 |                0.355934 |                9.685449 |
 |     4 |                0.409287 |               11.137255 |
 |     5 |                0.427954 |               11.645233 |
 |     6 |                0.427954 |               11.645233 |
 |     7 |                0.446075 |               12.138312 |
 |     8 |                0.490193 |               13.338841 |
 |     9 |                0.494950 |               13.468262 |
 |    10 |                0.494950 |               13.468262 |
 |    11 |                0.533559 |               14.518886 |
 |    12 |                0.533559 |               14.518886 |
 |    13 |                0.591359 |               16.091704 |
 |    14 |                0.591359 |               16.091704 |
 |    15 |                0.703707 |               19.148856 |
 |    16 |                0.749456 |               20.393742 |
 |    17 |                0.785635 |               21.378215 |
 |    18 |                0.793070 |               21.580526 |
 |    19 |                0.793070 |               21.580526 |
 |    20 |                0.801188 |               21.801438 |
 -------------------------------------------------------------

 -------------------------------------------------------------
 Excitation n.   1:   3.456316 eV  f = 0.0000  <S**2> = 2.0000
 -------------------------------------------------------------
  7 ->   8 =  -0.430521
  7 ->   9 =  -0.549375
  7 ->  12 =  -0.088453
  7 ->  13 =  -0.140953
  7 <-   8 =  -0.073502
  7 <-   9 =  -0.093794

 -------------------------------------------------------------
 Excitation n.   2:   3.456316 eV  f = 0.0000  <S**2> = 2.0000
 -------------------------------------------------------------
  7 ->   8 =   0.549375
  7 ->   9 =  -0.430521
  7 ->  12 =   0.140953
  7 ->  13 =  -0.088453
  7 <-   8 =   0.093794
  7 <-   9 =  -0.073502

 -------------------------------------------------------------
 Excitation n.   3:   9.685449 eV  f = 0.0000  <S**2> = 2.0000
 -------------------------------------------------------------
  7 ->  10 =  -0.694916
  7 ->  14 =   0.113522

 -------------------------------------------------------------
 Excitation n.   4:  11.137255 eV  f = 0.0000  <S**2> = 2.0000
 -------------------------------------------------------------
  5 ->   8 =  -0.472335
  5 ->   9 =   0.112425
  5 ->  12 =  -0.098011
  6 ->   8 =  -0.112425
  6 ->   9 =  -0.472335
  6 ->  13 =  -0.098011

 -------------------------------------------------------------
 Excitation n.   5:  11.645233 eV  f = 0.0000  <S**2> = 2.0000
 -------------------------------------------------------------
  5 ->   9 =   0.488948
  5 ->  13 =   0.095108
  6 ->   8 =   0.488948
  6 ->  12 =   0.095108

 -------------------------------------------------------------
 Excitation n.   6:  11.645233 eV  f = 0.0000  <S**2> = 2.0000
 -------------------------------------------------------------
  5 ->   8 =   0.488948
  5 ->  12 =   0.095108
  6 ->   9 =  -0.488948
  6 ->  13 =  -0.095108

 -------------------------------------------------------------
 Excitation n.   7:  12.138312 eV  f = 0.0000  <S**2> = 2.0000
 -------------------------------------------------------------
  5 ->   8 =  -0.113651
  5 ->   9 =  -0.477489
  5 ->  13 =  -0.090441
  6 ->   8 =   0.477489
  6 ->   9 =  -0.113651
  6 ->  12 =   0.090441

 -------------------------------------------------------------
 Excitation n.   8:  13.338841 eV  f = 0.0000  <S**2> = 2.0000
 -------------------------------------------------------------
  7 ->  11 =  -0.702451
  7 ->  14 =   0.074073

 -------------------------------------------------------------
 Excitation n.   9:  13.468262 eV  f = 0.0000  <S**2> = 2.0000
 -------------------------------------------------------------
  4 ->   9 =  -0.076498
  7 ->   9 =  -0.160789
  7 ->  13 =   0.682512

 -------------------------------------------------------------
 Excitation n.  10:  13.468262 eV  f = 0.0000  <S**2> = 2.0000
 -------------------------------------------------------------
  4 ->   8 =   0.076498
  7 ->   8 =   0.160789
  7 ->  12 =  -0.682512

Thomas-Reiche-Kuhn sum rule =   0.000000


 *** dynamical TDA activated ***

 ---------------------------------------------------------------------------------------------------
  First-order dynamical correction to static Bethe-Salpeter excitation energies                     
 ---------------------------------------------------------------------------------------------------
  BSE neutral excitation must be lower than the GW gap =  13.441880 eV
 ---------------------------------------------------------------------------------------------------
      #          Static (eV)         Dynamic (eV)      Correction (eV)         Renorm. (eV)
 ---------------------------------------------------------------------------------------------------
      1            3.456316            3.111964           -0.344351            1.020867
      2            3.456316            3.111964           -0.344351            1.020867
      3            9.685449            9.571076           -0.114374            1.007805
      4           11.137255           10.932355           -0.204901            1.010402
      5           11.645233           11.468106           -0.177128            1.010183
      6           11.645233           11.468106           -0.177128            1.010183
      7           12.138312           11.993684           -0.144628            1.009498
      8           13.338841           13.056764           -0.282077            1.020469
      9           13.468262           13.220697           -0.247565            1.016302
     10           13.468262           13.220697           -0.247565            1.016302
 ---------------------------------------------------------------------------------------------------


 -------------------------------------------------------------------------------
          Tr@BSE@G0W0 correlation energy (singlet) =       -0.2520362175
          Tr@BSE@G0W0 correlation energy (triplet) =       -0.0571934797
          Tr@BSE@G0W0 correlation energy           =       -0.3092296972
          Tr@BSE@G0W0 total energy                 =     -124.4176043984
 -------------------------------------------------------------------------------

                                       Total CPU time for G0W0 =      0.718 seconds


 ************************************************
 |          One-shot G0T0 calculation           |
 ************************************************


 -------------------------------------------------------------
   pp-RPA (N+2) calculation: alpha-beta     manifold
 -------------------------------------------------------------
 | State |  Excitation energy (au) |  Excitation energy (eV) |
 -------------------------------------------------------------
 |     1 |                0.479245 |               13.040917 |
 |     2 |                0.509855 |               13.873874 |
 |     3 |                0.509855 |               13.873874 |
 |     4 |                0.531311 |               14.457718 |
 |     5 |                0.581605 |               15.826265 |
 |     6 |                0.581605 |               15.826265 |
 |     7 |                0.614559 |               16.722995 |
 |     8 |                0.614559 |               16.722995 |
 |     9 |                0.735049 |               20.001705 |
 |    10 |                0.811038 |               22.069458 |
 |    11 |                0.811038 |               22.069458 |
 |    12 |                0.845012 |               22.993958 |
 |    13 |                0.854745 |               23.258788 |
 |    14 |                0.854745 |               23.258788 |
 |    15 |                0.858027 |               23.348107 |
 |    16 |                0.858027 |               23.348107 |
 |    17 |                0.864962 |               23.536811 |
 |    18 |                0.905905 |               24.650935 |
 |    19 |                0.909018 |               24.735630 |
 |    20 |                0.929592 |               25.295500 |
 -------------------------------------------------------------


 -------------------------------------------------------------
   pp-RPA (N-2) calculation: alpha-beta     manifold
 -------------------------------------------------------------
 | State |  Excitation energy (au) |  Excitation energy (eV) |
 -------------------------------------------------------------
 |     1 |              -58.137181 |            -1581.993271 |
 |     2 |              -34.519552 |             -939.324863 |
 |     3 |              -34.519548 |             -939.324758 |
 |     4 |              -29.403408 |             -800.107483 |
 |     5 |              -29.253448 |             -796.026861 |
 |     6 |              -28.436030 |             -773.783797 |
 |     7 |              -28.364369 |             -771.833797 |
 |     8 |              -28.327421 |             -770.828374 |
 |     9 |              -28.327421 |             -770.828374 |
 |    10 |              -28.255557 |             -768.872879 |
 |    11 |              -28.255557 |             -768.872879 |
 |    12 |              -27.091271 |             -737.191044 |
 |    13 |              -27.089397 |             -737.140032 |
 |    14 |              -18.340919 |             -499.081820 |
 |    15 |               -9.913206 |             -269.752078 |
 |    16 |               -9.901764 |             -269.440721 |
 |    17 |               -9.045556 |             -246.142119 |
 |    18 |               -9.024860 |             -245.578940 |
 |    19 |               -8.877187 |             -241.560554 |
 |    20 |               -8.877187 |             -241.560554 |
 -------------------------------------------------------------


 -------------------------------------------------------------
   pp-RPA (N+2) calculation: alpha-alpha    manifold
 -------------------------------------------------------------
 | State |  Excitation energy (au) |  Excitation energy (eV) |
 -------------------------------------------------------------
 |     1 |                0.479245 |               13.040917 |
 |     2 |                0.581605 |               15.826265 |
 |     3 |                0.581605 |               15.826265 |
 |     4 |                0.811038 |               22.069458 |
 |     5 |                0.811038 |               22.069458 |
 |     6 |                0.854745 |               23.258788 |
 |     7 |                0.854745 |               23.258788 |
 |     8 |                0.864962 |               23.536811 |
 |     9 |                0.905905 |               24.650935 |
 |    10 |                0.909018 |               24.735630 |
 |    11 |                0.967100 |               26.316120 |
 |    12 |                0.967100 |               26.316120 |
 |    13 |                1.137340 |               30.948598 |
 |    14 |                1.137340 |               30.948598 |
 |    15 |                1.199448 |               32.638648 |
 |    16 |                1.199448 |               32.638648 |
 |    17 |                1.220324 |               33.206706 |
 |    18 |                1.264809 |               34.417215 |
 |    19 |                1.264809 |               34.417215 |
 |    20 |                1.312928 |               35.726590 |
 -------------------------------------------------------------


 -------------------------------------------------------------
   pp-RPA (N-2) calculation: alpha-alpha    manifold
 -------------------------------------------------------------
 | State |  Excitation energy (au) |  Excitation energy (eV) |
 -------------------------------------------------------------
 |     1 |              -34.519548 |             -939.324758 |
 |     2 |              -29.253448 |             -796.026861 |
 |     3 |              -28.364369 |             -771.833797 |
 |     4 |              -28.255557 |             -768.872879 |
 |     5 |              -28.255557 |             -768.872879 |
 |     6 |              -27.089397 |             -737.140032 |
 |     7 |               -9.901764 |             -269.440721 |
 |     8 |               -9.024860 |             -245.578940 |
 |     9 |               -8.875390 |             -241.511667 |
 |    10 |               -8.875390 |             -241.511667 |
 |    11 |               -8.711578 |             -237.054106 |
 |    12 |               -3.207879 |              -87.290836 |
 |    13 |               -3.106738 |              -84.538656 |
 |    14 |               -3.106738 |              -84.538656 |
 |    15 |               -2.416920 |              -65.767754 |
 |    16 |               -2.301392 |              -62.624059 |
 |    17 |               -2.301392 |              -62.624059 |
 |    18 |               -2.191727 |              -59.639922 |
 |    19 |               -1.551017 |              -42.205320 |
 |    20 |               -1.440602 |              -39.200784 |
 -------------------------------------------------------------

 -------------------------------------------------------------------------------
   One-shot G0T0 calculation (T-matrix self-energy)  
 -------------------------------------------------------------------------------
 |   # |       e_HF (eV) |    Sigma_T (eV) |               Z |       e_QP (eV) |
 -------------------------------------------------------------------------------
 |   1 |     -717.896694 |       21.799518 |        0.794868 |     -700.568954 |
 |   2 |     -210.054330 |        4.600819 |        0.921455 |     -205.814881 |
 |   3 |      -46.300674 |        3.985934 |        0.871252 |      -42.827921 |
 |   4 |      -23.196454 |        2.498944 |        0.938903 |      -20.850189 |
 |   5 |      -20.154410 |        2.255068 |        0.942642 |      -18.028688 |
 |   6 |      -20.154410 |        2.255068 |        0.942642 |      -18.028688 |
 |   7 |      -10.966969 |        0.176141 |        0.978297 |      -10.794650 |
 |   8 |        2.831530 |       -0.596110 |        0.981127 |        2.246671 |
 |   9 |        2.831530 |       -0.596110 |        0.981127 |        2.246671 |
 |  10 |        6.558695 |       -0.400385 |        0.990222 |        6.162225 |
 |  11 |       12.241800 |       -0.579790 |        0.978755 |       11.674327 |
 |  12 |       12.889459 |       -0.991611 |        0.973940 |       11.923690 |
 |  13 |       12.889459 |       -0.991611 |        0.973940 |       11.923690 |
 |  14 |       19.541741 |       -1.382130 |        0.954907 |       18.221935 |
 |  15 |       23.975881 |       -3.417136 |        0.243985 |       23.142153 |
 |  16 |       23.975881 |       -3.417136 |        0.243985 |       23.142153 |
 |  17 |       28.058650 |        1.367665 |        0.136283 |       28.245040 |
 |  18 |       28.058650 |        1.367665 |        0.136283 |       28.245040 |
 |  19 |       31.793379 |       -1.179168 |        0.852165 |       30.788534 |
 |  20 |       41.520834 |       -2.485946 |        0.552717 |       40.146808 |
 |  21 |       41.520834 |       -2.485946 |        0.552717 |       40.146808 |
 |  22 |       45.633770 |        0.931229 |        0.071090 |       45.699971 |
 |  23 |       46.125372 |       -2.732450 |        0.567345 |       44.575131 |
 |  24 |       62.426775 |       -4.832054 |        0.074335 |       62.067586 |
 |  25 |      106.540408 |       -3.991715 |        0.311587 |      105.296643 |
 |  26 |      106.540408 |       -3.991715 |        0.311587 |      105.296643 |
 |  27 |      111.593828 |       -2.410359 |        0.009724 |      111.570390 |
 |  28 |      111.593828 |       -2.410359 |        0.009724 |      111.570390 |
 |  29 |      121.995574 |       -6.065672 |        0.055297 |      121.660159 |
 |  30 |      219.170718 |       -5.727448 |        0.401783 |      216.869525 |
 -------------------------------------------------------------------------------
             G0T0 HOMO      energy (eV)            =     -10.794650 eV
             G0T0 LUMO      energy (eV)            =       2.246671 eV
             G0T0 HOMO-LUMO gap    (eV)            =      13.041321 eV
 -------------------------------------------------------------------------------
        Tr@ppRPA@G0T0 correlation energy (singlet) =       -0.1193195040 au
        Tr@ppRPA@G0T0 correlation energy (triplet) =       -0.0800356345 au
        Tr@ppRPA@G0T0 correlation energy           =       -0.1993551384 au
        Tr@ppRPA@G0T0 total energy                 =     -124.3077298396 au
              GM@G0T0 correlation energy           =       -0.3376260891 au
              GM@G0T0 total energy                 =     -124.4460007903 au
 -------------------------------------------------------------------------------


 -------------------------------------------------------------
   BSE@GT       calculation: singlet        manifold
 -------------------------------------------------------------
 | State |  Excitation energy (au) |  Excitation energy (eV) |
 -------------------------------------------------------------
 |     1 |                0.220189 |                5.991644 |
 |     2 |                0.220189 |                5.991644 |
 |     3 |                0.387696 |               10.549756 |
 |     4 |                0.412795 |               11.232719 |
 |     5 |                0.413527 |               11.252648 |
 |     6 |                0.413527 |               11.252648 |
 |     7 |                0.496292 |               13.504780 |
 |     8 |                0.496292 |               13.504780 |
 |     9 |                0.502900 |               13.684600 |
 |    10 |                0.522502 |               14.218016 |
 |    11 |                0.522502 |               14.218016 |
 |    12 |                0.569355 |               15.492944 |
 |    13 |                0.582064 |               15.838776 |
 |    14 |                0.582064 |               15.838776 |
 |    15 |                0.682838 |               18.580969 |
 |    16 |                0.735284 |               20.008087 |
 |    17 |                0.791994 |               21.551256 |
 |    18 |                0.791994 |               21.551256 |
 |    19 |                0.795837 |               21.655837 |
 |    20 |                0.811179 |               22.073294 |
 -------------------------------------------------------------

 ---------------------------------------------------------------
                 Transition dipole moment (au)                  
 ---------------------------------------------------------------
  #           X           Y           Z   dip. str.   osc. str.
 ---------------------------------------------------------------
  1   -1.338280   -0.199752    0.000000    1.830894    0.268762
  2   -0.199752    1.338280    0.000000    1.830894    0.268762
  3    0.000000    0.000000    1.065366    1.135004    0.293358
  4   -0.000000   -0.000000    0.000000    0.000000    0.000000
  5    0.000000    0.000000   -0.000000    0.000000    0.000000
  6   -0.000000    0.000000    0.000000    0.000000    0.000000
  7    0.662290   -0.129238    0.000000    0.455331    0.150651
  8    0.129238    0.662290   -0.000000    0.455331    0.150651
  9    0.000000   -0.000000   -1.116750    1.247131    0.418121
 10   -0.383702    0.057085   -0.000000    0.150486    0.052419
 ---------------------------------------------------------------

 -------------------------------------------------------------
 Excitation n.   1:   5.991644 eV  f = 0.2688  <S**2> = 0.0000
 -------------------------------------------------------------
  7 ->   8 =   0.655137
  7 ->   9 =  -0.211889
  7 ->  12 =   0.140046

 -------------------------------------------------------------
 Excitation n.   2:   5.991644 eV  f = 0.2688  <S**2> = 0.0000
 -------------------------------------------------------------
  7 ->   8 =   0.211889
  7 ->   9 =   0.655137
  7 ->  13 =   0.140046

 -------------------------------------------------------------
 Excitation n.   3:  10.549756 eV  f = 0.2934  <S**2> = 0.0000
 -------------------------------------------------------------
  5 ->   8 =  -0.112254
  6 ->   9 =  -0.112254
  7 ->  10 =  -0.684426

 -------------------------------------------------------------
 Excitation n.   4:  11.232719 eV  f = 0.0000  <S**2> = 0.0000
 -------------------------------------------------------------
  5 ->   8 =   0.113017
  5 ->   9 =   0.474824
  5 ->  13 =   0.096019
  6 ->   8 =  -0.474824
  6 ->   9 =   0.113017
  6 ->  12 =  -0.096019

 -------------------------------------------------------------
 Excitation n.   5:  11.252648 eV  f = 0.0000  <S**2> = 0.0000
 -------------------------------------------------------------
  5 ->   8 =   0.488523
  5 ->  12 =   0.094819
  6 ->   9 =  -0.488523
  6 ->  13 =  -0.094819

 -------------------------------------------------------------
 Excitation n.   6:  11.252648 eV  f = 0.0000  <S**2> = 0.0000
 -------------------------------------------------------------
  5 ->   9 =   0.488523
  5 ->  13 =   0.094819
  6 ->   8 =   0.488523
  6 ->  12 =   0.094819

 -------------------------------------------------------------
 Excitation n.   7:  13.504780 eV  f = 0.1507  <S**2> = 0.0000
 -------------------------------------------------------------
  4 ->   8 =   0.079886
  7 ->   8 =  -0.150511
  7 ->  12 =   0.679790
  7 ->  13 =   0.090499

 -------------------------------------------------------------
 Excitation n.   8:  13.504780 eV  f = 0.1507  <S**2> = 0.0000
 -------------------------------------------------------------
  4 ->   9 =  -0.079886
  7 ->   9 =   0.150511
  7 ->  12 =   0.090499
  7 ->  13 =  -0.679790

 -------------------------------------------------------------
 Excitation n.   9:  13.684600 eV  f = 0.4181  <S**2> = 0.0000
 -------------------------------------------------------------
  4 ->  14 =   0.096779
  5 ->   8 =  -0.447922
  5 ->   9 =   0.106614
  6 ->   8 =  -0.106614
  6 ->   9 =  -0.447922
  7 ->  10 =   0.166434
  7 ->  11 =  -0.141020
  7 ->  14 =   0.085003

 -------------------------------------------------------------
 Excitation n.  10:  14.218016 eV  f = 0.0524  <S**2> = 0.0000
 -------------------------------------------------------------
  4 ->   8 =  -0.677992
  4 ->  12 =  -0.132225
  5 ->  10 =  -0.085758
  7 ->  12 =   0.089918

Thomas-Reiche-Kuhn sum rule =   1.602724


 *** dynamical TDA activated ***

 ---------------------------------------------------------------------------------------------------
  First-order dynamical correction to static Bethe-Salpeter excitation energies                     
 ---------------------------------------------------------------------------------------------------
  BSE neutral excitation must be lower than the GT gap =  13.041321 eV
 ---------------------------------------------------------------------------------------------------
      #          Static (eV)         Dynamic (eV)      Correction (eV)         Renorm. (eV)
 ---------------------------------------------------------------------------------------------------
      1            5.991644            5.945302           -0.046341            1.001379
      2            5.991644            5.945302           -0.046341            1.001379
      3           10.549756           10.543511           -0.006245            0.999571
      4           11.232719           11.206982           -0.025737            1.003931
      5           11.252648           11.234719           -0.017929            1.002653
      6           11.252648           11.234719           -0.017929            1.002653
      7           13.504780           13.509492            0.004712            0.999001
      8           13.504780           13.509492            0.004712            0.999001
      9           13.684600           13.564805           -0.119795            0.994364
     10           14.218016           14.222868            0.004852            1.002045
 ---------------------------------------------------------------------------------------------------


 -------------------------------------------------------------
   BSE@GT       calculation: triplet        manifold
 -------------------------------------------------------------
 | State |  Excitation energy (au) |  Excitation energy (eV) |
 -------------------------------------------------------------
 |     1 |                0.092161 |                2.507840 |
 |     2 |                0.092161 |                2.507840 |
 |     3 |                0.331389 |                9.017564 |
 |     4 |                0.378735 |               10.305905 |
 |     5 |                0.395872 |               10.772217 |
 |     6 |                0.395872 |               10.772217 |
 |     7 |                0.410755 |               11.177202 |
 |     8 |                0.465609 |               12.669856 |
 |     9 |                0.468775 |               12.756016 |
 |    10 |                0.468775 |               12.756016 |
 |    11 |                0.492257 |               13.395002 |
 |    12 |                0.492257 |               13.395002 |
 |    13 |                0.551869 |               15.017124 |
 |    14 |                0.551869 |               15.017124 |
 |    15 |                0.657469 |               17.890644 |
 |    16 |                0.667868 |               18.173623 |
 |    17 |                0.779897 |               21.222071 |
 |    18 |                0.788257 |               21.449572 |
 |    19 |                0.788257 |               21.449572 |
 |    20 |                0.795405 |               21.644061 |
 -------------------------------------------------------------

 -------------------------------------------------------------
 Excitation n.   1:   2.507840 eV  f = 0.0000  <S**2> = 2.0000
 -------------------------------------------------------------
  7 ->   8 =  -0.208680
  7 ->   9 =  -0.649778
  7 ->  13 =  -0.187749

 -------------------------------------------------------------
 Excitation n.   2:   2.507840 eV  f = 0.0000  <S**2> = 2.0000
 -------------------------------------------------------------
  7 ->   8 =   0.649778
  7 ->   9 =  -0.208680
  7 ->  12 =   0.187749

 -------------------------------------------------------------
 Excitation n.   3:   9.017564 eV  f = 0.0000  <S**2> = 2.0000
 -------------------------------------------------------------
  7 ->  10 =  -0.684003
  7 ->  14 =   0.159304

 -------------------------------------------------------------
 Excitation n.   4:  10.305905 eV  f = 0.0000  <S**2> = 2.0000
 -------------------------------------------------------------
  5 ->   8 =   0.467833
  5 ->   9 =  -0.111353
  5 ->  12 =   0.100750
  6 ->   8 =   0.111353
  6 ->   9 =   0.467833
  6 ->  13 =   0.100750
  7 ->  10 =  -0.077908

 -------------------------------------------------------------
 Excitation n.   5:  10.772217 eV  f = 0.0000  <S**2> = 2.0000
 -------------------------------------------------------------
  5 ->   9 =   0.485621
  5 ->  13 =   0.099384
  6 ->   8 =   0.485621
  6 ->  12 =   0.099384

 -------------------------------------------------------------
 Excitation n.   6:  10.772217 eV  f = 0.0000  <S**2> = 2.0000
 -------------------------------------------------------------
  5 ->   8 =  -0.485621
  5 ->  12 =  -0.099384
  6 ->   9 =   0.485621
  6 ->  13 =   0.099384

 -------------------------------------------------------------
 Excitation n.   7:  11.177202 eV  f = 0.0000  <S**2> = 2.0000
 -------------------------------------------------------------
  5 ->   8 =  -0.112984
  5 ->   9 =  -0.474686
  5 ->  13 =  -0.096563
  6 ->   8 =   0.474686
  6 ->   9 =  -0.112984
  6 ->  12 =   0.096563

 -------------------------------------------------------------
 Excitation n.   8:  12.669856 eV  f = 0.0000  <S**2> = 2.0000
 -------------------------------------------------------------
  7 ->  11 =  -0.693502
  7 ->  14 =   0.124147

 -------------------------------------------------------------
 Excitation n.   9:  12.756016 eV  f = 0.0000  <S**2> = 2.0000
 -------------------------------------------------------------
  4 ->   9 =   0.147143
  7 ->   9 =   0.176674
  7 ->  12 =  -0.172240
  7 ->  13 =  -0.636744

 -------------------------------------------------------------
 Excitation n.  10:  12.756016 eV  f = 0.0000  <S**2> = 2.0000
 -------------------------------------------------------------
  4 ->   8 =  -0.147143
  7 ->   8 =  -0.176674
  7 ->  12 =   0.636744
  7 ->  13 =  -0.172240

Thomas-Reiche-Kuhn sum rule =   0.000000


 *** dynamical TDA activated ***

 ---------------------------------------------------------------------------------------------------
  First-order dynamical correction to static Bethe-Salpeter excitation energies                     
 ---------------------------------------------------------------------------------------------------
  BSE neutral excitation must be lower than the GT gap =  13.041321 eV
 ---------------------------------------------------------------------------------------------------
      #          Static (eV)         Dynamic (eV)      Correction (eV)         Renorm. (eV)
 ---------------------------------------------------------------------------------------------------
      1            2.507840            2.325122           -0.182718            1.006506
      2            2.507840            2.325122           -0.182718            1.006506
      3            9.017564            8.953519           -0.064044            1.003886
      4           10.305905           10.240635           -0.065269            1.006386
      5           10.772217           10.725979           -0.046238            1.005312
      6           10.772217           10.725979           -0.046238            1.005312
      7           11.177202           11.152317           -0.024885            1.003499
      8           12.669856           12.512403           -0.157454            1.011418
      9           12.756016           12.684195           -0.071821            1.005625
     10           12.756016           12.684195           -0.071821            1.005625
 ---------------------------------------------------------------------------------------------------


 -------------------------------------------------------------------------------
          Tr@BSE@G0T0 correlation energy (singlet) =       -0.0775563569 au
          Tr@BSE@G0T0 correlation energy (triplet) =       -0.0399769815 au
          Tr@BSE@G0T0 correlation energy           =       -0.1175333384 au
          Tr@BSE@G0T0 total energy                 =     -124.2259080395 au
 -------------------------------------------------------------------------------

                                       Total CPU time for G0T0 =      4.997 seconds

                                      Total CPU time for QuAcK =     12.080 seconds

