45 significant shell pairs computed in 0.000063 seconds
0
Computed Electron repulsion integrals Integrals in parallel in 0.142845 seconds

 ******************************************************************************************
 *            QuAcK                       QuAcK                         QuAcK             *
 *   __        __        __       __        __        __       __        __        __     *
 * <(o )___  <(o )___  <(o )___ <(o )___  <(o )___  <(o )___ <(o )___  <(o )___  <(o )___ *
 * ( ._> /   ( ._> /   ( ._> /  ( ._> /   ( ._> /   ( ._> /  ( ._> /   ( ._> /   ( ._> /  *
 *|--------------------------------------------------------------------------------------|*
 ******************************************************************************************

      ----------------------
             Number of atoms                2
      ----------------------

      ----------------------
Number of spin-up   electron                3
Number of spin-down electron                3
    Total number of electron                6
      ----------------------

      ----------------------
Number of core      electron                0
Number of Rydberg   electron                0
      ----------------------

          ------------------
          Molecular geometry
          ------------------
                    Atom n.                 1
                        Z =      5.0000000000
           Atom coordinates:     0.0000000000    0.0000000000    0.0000000000
                    Atom n.                 2
                        Z =      1.0000000000
           Atom coordinates:     0.0000000000    0.0000000000    2.3281425866

          ------------------
 Nuclear repulsion energy =      2.1476347835
          ------------------

          Gaussian basis set
          ------------------
                    Atom n.                 1
           number of shells                 6
          ------------------
      s-type shell with K =                 9
                                    Exponents     Contraction
                              4570.0000000000    0.0006960000
                               685.9000000000    0.0053530000
                               156.5000000000    0.0271340000
                                44.4700000000    0.1013800000
                                14.4800000000    0.2720550000
                                 5.1310000000    0.4484030000
                                 1.8980000000    0.2901230000
                                 0.3329000000    0.0143220000
                                 0.1043000000   -0.0034860000
      s-type shell with K =                 9
                                    Exponents     Contraction
                              4570.0000000000   -0.0001390000
                               685.9000000000   -0.0010970000
                               156.5000000000   -0.0054440000
                                44.4700000000   -0.0219160000
                                14.4800000000   -0.0597510000
                                 5.1310000000   -0.1387320000
                                 1.8980000000   -0.1314820000
                                 0.3329000000    0.5395260000
                                 0.1043000000    0.5807740000
      s-type shell with K =                 1
                                    Exponents     Contraction
                                 0.1043000000    1.0000000000
      p-type shell with K =                 4
                                    Exponents     Contraction
                                 6.0010000000    0.0354810000
                                 1.2410000000    0.1980720000
                                 0.3364000000    0.5052300000
                                 0.0953800000    0.4794990000
      p-type shell with K =                 1
                                    Exponents     Contraction
                                 0.0953800000    1.0000000000
      d-type shell with K =                 1
                                    Exponents     Contraction
                                 0.3430000000    1.0000000000
          ------------------
                    Atom n.                 2
           number of shells                 3
          ------------------
      s-type shell with K =                 4
                                    Exponents     Contraction
                                13.0100000000    0.0196850000
                                 1.9620000000    0.1379770000
                                 0.4446000000    0.4781480000
                                 0.1220000000    0.5012400000
      s-type shell with K =                 1
                                    Exponents     Contraction
                                 0.1220000000    1.0000000000
      p-type shell with K =                 1
                                    Exponents     Contraction
                                 0.7270000000    1.0000000000
          ------------------
            Number of shells                9
          ------------------

          ------------------
   Number of basis functions               20
          ------------------

 Scaling integrals by    1.0000000000000000     

                          Total CPU time for reading integrals =      0.008 seconds


 ************************************************
 |    Restricted Hartree-Fock calculation       |
 ************************************************


 ----------------------------------------------------
 | RHF calculation                                  |
 ----------------------------------------------------
 |   # |        HF energy |       Conv |     HL Gap |
 ----------------------------------------------------
 |   1 |   -25.5984873235 |   0.303429 |   0.374810 |
 |   2 |   -25.1358534809 |   0.021785 |   0.403100 |
 |   3 |   -25.1278587044 |   0.003450 |   0.403749 |
 |   4 |   -25.1258342871 |   0.000771 |   0.403722 |
 |   5 |   -25.1255324028 |   0.000298 |   0.403691 |
 |   6 |   -25.1254841627 |   0.000115 |   0.403677 |
 |   7 |   -25.1254753820 |   0.000044 |   0.403672 |
 |   8 |   -25.1254734584 |   0.000017 |   0.403670 |
 |   9 |   -25.1254729342 |   0.000007 |   0.403669 |
 |  10 |   -25.1254727613 |   0.000003 |   0.403669 |
 |  11 |   -25.1254726968 |   0.000001 |   0.403669 |
 |  12 |   -25.1254726711 |   0.000000 |   0.403669 |
 |  13 |   -25.1254726605 |   0.000000 |   0.403669 |
 |  14 |   -25.1254726561 |   0.000000 |   0.403669 |
 ----------------------------------------------------

         -----------------------------------------
           Summary              
         -----------------------------------------
           One-electron energy:    -37.1873022628 au
           Kinetic      energy:     25.0899682504 au
           Potential    energy:    -62.2772705132 au
         -----------------------------------------
           Two-electron energy:      9.9141948231 au
           Hartree      energy:     14.0476847997 au
           Exchange     energy:     -4.1334899766 au
         -----------------------------------------
           Electronic   energy:    -27.2731074397 au
           Nuclear   repulsion:      2.1476347835 au
           RHF          energy:    -25.1254726561 au
         -----------------------------------------
           HF HOMO      energy:         -9.392120 eV
           HF LUMO      energy:          1.592262 eV
           HF HOMO-LUMO gap   :         10.984382 eV
         -----------------------------------------
          Dipole moment (Debye)    
                   X         Y         Z      Tot.
           -0.000000  0.000000  1.679464  1.679464
         -----------------------------------------

           ---------------------------------------
                 MO coefficients
           ---------------------------------------
                 1              2              3              4              5
      1    -1.00020161     0.00583949     0.00742368     0.00000000     0.00000000
      2    -0.00428264    -0.73432820    -0.57363030     0.00000000     0.00000000
      3    -0.00072024     0.16999204    -0.24613705     0.00000000     0.00000000
      4     0.00000000     0.00000000     0.00000000     0.58128021    -0.18237750
      5     0.00000000     0.00000000     0.00000000    -0.18237750    -0.58128021
      6    -0.00376592    -0.30264546     0.64509905     0.00000000     0.00000000
      7     0.00000000     0.00000000     0.00000000     0.41000329    -0.12863912
      8     0.00000000     0.00000000     0.00000000    -0.12863912    -0.41000329
      9     0.00255910     0.11483050    -0.09103568     0.00000000     0.00000000
     10     0.00265462     0.01184775    -0.01445759     0.00000000     0.00000000
     11     0.00000000     0.00000000     0.00000000     0.00000000     0.00000000
     12     0.00000000     0.00000000     0.00000000     0.02921077    -0.00916492
     13     0.00265462     0.01184775    -0.01445759     0.00000000     0.00000000
     14     0.00000000     0.00000000     0.00000000    -0.00916492    -0.02921077
     15     0.00076258    -0.03073230     0.05343286     0.00000000     0.00000000
     16     0.00093344    -0.62062273     0.37950447     0.00000000     0.00000000
     17    -0.00070581     0.16669165     0.03592586     0.00000000     0.00000000
     18     0.00000000     0.00000000     0.00000000     0.01139727    -0.00357591
     19     0.00000000     0.00000000     0.00000000    -0.00357591    -0.01139727
     20    -0.00043924     0.02871819    -0.00410888     0.00000000     0.00000000
                 6              7              8              9             10
      1    -0.01049920    -0.34729458    -0.53491845     0.00000000     0.00000000
      2    -0.39118371    -1.41157260    -2.27156030     0.00000000     0.00000000
      3    -1.62478746     2.37882483     3.59050673     0.00000000     0.00000000
      4     0.00000000     0.00000000     0.00000000    -1.69819532     0.08480611
      5     0.00000000     0.00000000     0.00000000    -0.08480611    -1.69819532
      6    -0.42671285    -0.83112975     0.96736135     0.00000000     0.00000000
      7     0.00000000     0.00000000     0.00000000     1.76362096    -0.08807340
      8     0.00000000     0.00000000     0.00000000     0.08807340     1.76362096
      9    -1.52317798     1.62329695    -0.64307096     0.00000000     0.00000000
     10    -0.00817727    -0.13396617    -0.26045062     0.00000000     0.00000000
     11     0.00000000     0.00000000     0.00000000     0.00000000     0.00000000
     12     0.00000000     0.00000000     0.00000000    -0.02190604     0.00109396
     13    -0.00817727    -0.13396617    -0.26045062     0.00000000     0.00000000
     14     0.00000000     0.00000000     0.00000000    -0.00109396    -0.02190604
     15    -0.07974813    -0.22833832    -0.36785218     0.00000000     0.00000000
     16     0.13537079    -0.68518454     0.05895038     0.00000000     0.00000000
     17     2.76185303    -0.03288173    -0.79073589     0.00000000     0.00000000
     18     0.00000000     0.00000000     0.00000000    -0.03835786     0.00191555
     19     0.00000000     0.00000000     0.00000000    -0.00191555    -0.03835786
     20    -0.02668846     0.01214589    -0.05517548     0.00000000     0.00000000
                11             12             13             14             15
      1     0.32680287     0.00000000     0.00000000     0.00000000     0.00000000
      2     1.55792762     0.00000000     0.00000000     0.00000000     0.00000000
      3    -3.34335539     0.00000000     0.00000000     0.00000000     0.00000000
      4     0.00000000    -0.11888706    -0.03845723     0.00000000     0.00000000
      5     0.00000000    -0.03845723     0.11888706     0.00000000     0.00000000
      6     0.71952375     0.00000000     0.00000000     0.00000000     0.00000000
      7     0.00000000     0.05199371     0.01681877     0.00000000     0.00000000
      8     0.00000000     0.01681877    -0.05199371     0.00000000     0.00000000
      9    -1.77980282     0.00000000     0.00000000     0.00000000     0.00000000
     10     0.34987382     0.00000000     0.00000000     0.00001185     0.86602540
     11     0.00000000     0.00000000     0.00000000    -1.00000000     0.00001369
     12     0.00000000     0.88344902     0.28577541     0.00000000     0.00000000
     13     0.34987382     0.00000000     0.00000000    -0.00001185    -0.86602540
     14     0.00000000     0.28577541    -0.88344902     0.00000000     0.00000000
     15    -0.53961284     0.00000000     0.00000000     0.00000000     0.00000000
     16    -1.37071559     0.00000000     0.00000000     0.00000000     0.00000000
     17     3.43878247     0.00000000     0.00000000     0.00000000     0.00000000
     18     0.00000000     0.13454413     0.04352193     0.00000000     0.00000000
     19     0.00000000     0.04352193    -0.13454413     0.00000000     0.00000000
     20    -0.19559992     0.00000000     0.00000000     0.00000000     0.00000000
                16             17             18             19             20
      1    -0.02062089     0.05872880     0.00000000     0.00000000    -0.28626591
      2     0.54828122     2.09415917     0.00000000     0.00000000    -1.44631325
      3     0.65208223     0.96639362     0.00000000     0.00000000     0.04055874
      4     0.00000000     0.00000000    -0.25685375    -0.13311669     0.00000000
      5     0.00000000     0.00000000    -0.13311669     0.25685375     0.00000000
      6     0.40060331    -0.48349266     0.00000000     0.00000000    -1.81252767
      7     0.00000000     0.00000000     0.00667181     0.00345772     0.00000000
      8     0.00000000     0.00000000     0.00345772    -0.00667181     0.00000000
      9     0.28933028     0.44330230     0.00000000     0.00000000     0.36885511
     10    -0.86572556    -1.18221884     0.00000000     0.00000000     0.39304383
     11     0.00000000     0.00000000     0.00000000     0.00000000     0.00000000
     12     0.00000000     0.00000000    -0.55864538    -0.28952283     0.00000000
     13    -0.86572556    -1.18221884     0.00000000     0.00000000     0.39304383
     14     0.00000000     0.00000000    -0.28952283     0.55864538     0.00000000
     15     0.78400517    -1.75804989     0.00000000     0.00000000    -0.96567052
     16    -1.93982200     1.40548712     0.00000000     0.00000000     1.91619611
     17     0.85233889    -1.41382473     0.00000000     0.00000000     0.10021783
     18     0.00000000     0.00000000     1.01728776     0.52721823     0.00000000
     19     0.00000000     0.00000000     0.52721823    -1.01728776     0.00000000
     20    -0.18606188    -0.06854235     0.00000000     0.00000000    -1.51910735

           ---------------------------------------
                     MO energies
           ---------------------------------------
                 1
      1    -7.68715398
      2    -0.64714828
      3    -0.34515405
      4     0.05851456
      5     0.05851456
      6     0.25571626
      7     0.38347541
      8     0.47791918
      9     0.49665323
     10     0.49665323
     11     0.79314068
     12     0.86948794
     13     0.86948794
     14     0.90271413
     15     0.90271413
     16     1.34636921
     17     1.71267770
     18     1.83927292
     19     1.83927292
     20     2.43383369

                                        Total CPU time for RHF =      0.051 seconds


 AO to MO transformation... Please be patient

                    Total CPU time for AO to MO transformation =      0.229 seconds


 ************************************************
 |      Configuration Interaction Singles       |
 ************************************************


 -------------------------------------------------------------
   CIS          calculation: singlet        manifold
 -------------------------------------------------------------
 | State |  Excitation energy (au) |  Excitation energy (eV) |
 -------------------------------------------------------------
 |     1 |                0.106439 |                2.896355 |
 |     2 |                0.106439 |                2.896355 |
 |     3 |                0.370165 |               10.072701 |
 |     4 |                0.427277 |               11.626792 |
 |     5 |                0.427277 |               11.626792 |
 |     6 |                0.470517 |               12.803411 |
 |     7 |                0.507853 |               13.819376 |
 |     8 |                0.507853 |               13.819376 |
 |     9 |                0.576932 |               15.699115 |
 |    10 |                0.653236 |               17.775470 |
 |    11 |                0.768648 |               20.915981 |
 |    12 |                0.809939 |               22.039573 |
 |    13 |                0.809939 |               22.039573 |
 |    14 |                0.849862 |               23.125910 |
 |    15 |                0.869678 |               23.665139 |
 |    16 |                0.899605 |               24.479500 |
 |    17 |                0.899605 |               24.479500 |
 |    18 |                0.911959 |               24.815680 |
 |    19 |                0.911959 |               24.815680 |
 |    20 |                1.132704 |               30.822444 |
 -------------------------------------------------------------

 ---------------------------------------------------------------
                 Transition dipole moment (au)                  
 ---------------------------------------------------------------
  #           X           Y           Z   dip. str.   osc. str.
 ---------------------------------------------------------------
  1   -0.087266   -0.824919    0.000000    0.688106    0.048828
  2   -0.824919    0.087266   -0.000000    0.688106    0.048828
  3    0.000000   -0.000000   -1.849532    3.420768    0.844166
  4   -1.084344   -0.754648    0.000000    1.745297    0.497150
  5    0.754648   -1.084344    0.000000    1.745297    0.497150
  6   -0.000000   -0.000000   -0.500654    0.250654    0.078625
  7    0.212470    0.017435    0.000000    0.045447    0.015387
  8    0.017435   -0.212470    0.000000    0.045447    0.015387
  9    0.000000   -0.000000    0.363482    0.132119    0.050816
 10    0.000000    0.000000    0.595245    0.354317    0.154302
 ---------------------------------------------------------------

 -------------------------------------------------------------
 Excitation n.   1:   2.896355 eV  f = 0.0488  <S**2> = 0.0000
 -------------------------------------------------------------
  2 ->   5 =   0.082971
  3 ->   4 =  -0.136150
  3 ->   5 =  -0.676408
  3 ->  10 =  -0.120031

 -------------------------------------------------------------
 Excitation n.   2:   2.896355 eV  f = 0.0488  <S**2> = 0.0000
 -------------------------------------------------------------
  2 ->   4 =  -0.082971
  3 ->   4 =   0.676408
  3 ->   5 =  -0.136150
  3 ->   9 =  -0.120031

 -------------------------------------------------------------
 Excitation n.   3:  10.072701 eV  f = 0.8442  <S**2> = 0.0000
 -------------------------------------------------------------
  3 ->   6 =  -0.692524
  3 ->   7 =  -0.109640

 -------------------------------------------------------------
 Excitation n.   4:  11.626792 eV  f = 0.4971  <S**2> = 0.0000
 -------------------------------------------------------------
  2 ->   4 =   0.421200
  2 ->   5 =  -0.544090
  2 ->   9 =  -0.083250
  3 ->   5 =  -0.078292

 -------------------------------------------------------------
 Excitation n.   5:  11.626792 eV  f = 0.4971  <S**2> = 0.0000
 -------------------------------------------------------------
  2 ->   4 =  -0.544090
  2 ->   5 =  -0.421200
  2 ->  10 =  -0.083250
  3 ->   4 =  -0.078292

 -------------------------------------------------------------
 Excitation n.   6:  12.803411 eV  f = 0.0786  <S**2> = 0.0000
 -------------------------------------------------------------
  3 ->   6 =  -0.112910
  3 ->   7 =   0.695516

 -------------------------------------------------------------
 Excitation n.   7:  13.819376 eV  f = 0.0154  <S**2> = 0.0000
 -------------------------------------------------------------
  2 ->   4 =   0.079593
  3 ->   4 =  -0.103833
  3 ->   9 =  -0.692003

 -------------------------------------------------------------
 Excitation n.   8:  13.819376 eV  f = 0.0154  <S**2> = 0.0000
 -------------------------------------------------------------
  2 ->   5 =   0.079593
  3 ->   5 =  -0.103833
  3 ->  10 =   0.692003

 -------------------------------------------------------------
 Excitation n.   9:  15.699115 eV  f = 0.0508  <S**2> = 0.0000
 -------------------------------------------------------------
  2 ->   6 =  -0.262544
  2 ->   7 =  -0.143762
  3 ->   8 =   0.631757

 -------------------------------------------------------------
 Excitation n.  10:  17.775470 eV  f = 0.1543  <S**2> = 0.0000
 -------------------------------------------------------------
  2 ->   6 =  -0.641023
  2 ->   8 =   0.101970
  3 ->   8 =  -0.277634

Thomas-Reiche-Kuhn sum rule =   2.250637

 ---------------------------------------------------------------------------------------------------
  CIS(D) correction 
 ---------------------------------------------------------------------------------------------------
      #             CIS (eV)          CIS(D) (eV)      Correction (eV)
 ---------------------------------------------------------------------------------------------------
      1            2.896355            2.924477            0.028122
      2            2.896355            2.924477            0.028122
      3           10.072701            9.958718           -0.113983
      4           11.626792           11.336497           -0.290295
      5           11.626792           11.336497           -0.290295
      6           12.803411           12.872211            0.068800
      7           13.819376           13.775698           -0.043677
      8           13.819376           13.775698           -0.043677
      9           15.699115           15.820693            0.121577
     10           17.775470           17.473629           -0.301841
 ---------------------------------------------------------------------------------------------------


 -------------------------------------------------------------
   CIS          calculation: triplet        manifold
 -------------------------------------------------------------
 | State |  Excitation energy (au) |  Excitation energy (eV) |
 -------------------------------------------------------------
 |     1 |                0.019265 |                0.524221 |
 |     2 |                0.019265 |                0.524221 |
 |     3 |                0.290635 |                7.908583 |
 |     4 |                0.306999 |                8.353866 |
 |     5 |                0.306999 |                8.353866 |
 |     6 |                0.409139 |               11.133252 |
 |     7 |                0.454297 |               12.362056 |
 |     8 |                0.475454 |               12.937764 |
 |     9 |                0.475454 |               12.937764 |
 |    10 |                0.531524 |               14.463499 |
 |    11 |                0.672516 |               18.300100 |
 |    12 |                0.777024 |               21.143900 |
 |    13 |                0.777024 |               21.143900 |
 |    14 |                0.786647 |               21.405750 |
 |    15 |                0.805822 |               21.927526 |
 |    16 |                0.805822 |               21.927526 |
 |    17 |                0.839306 |               22.838671 |
 |    18 |                0.850121 |               23.132962 |
 |    19 |                0.850121 |               23.132962 |
 |    20 |                1.003084 |               27.295318 |
 -------------------------------------------------------------

 -------------------------------------------------------------
 Excitation n.   1:   0.524221 eV  f = 0.0000  <S**2> = 2.0000
 -------------------------------------------------------------
  3 ->   4 =  -0.595325
  3 ->   5 =   0.335635
  3 ->   9 =   0.163614

 -------------------------------------------------------------
 Excitation n.   2:   0.524221 eV  f = 0.0000  <S**2> = 2.0000
 -------------------------------------------------------------
  3 ->   4 =  -0.335635
  3 ->   5 =  -0.595325
  3 ->  10 =  -0.163614

 -------------------------------------------------------------
 Excitation n.   3:   7.908583 eV  f = 0.0000  <S**2> = 2.0000
 -------------------------------------------------------------
  2 ->   6 =  -0.094790
  3 ->   6 =   0.681282
  3 ->  11 =  -0.126803

 -------------------------------------------------------------
 Excitation n.   4:   8.353866 eV  f = 0.0000  <S**2> = 2.0000
 -------------------------------------------------------------
  2 ->   4 =  -0.632916
  2 ->   5 =   0.237779
  2 ->   9 =   0.170940

 -------------------------------------------------------------
 Excitation n.   5:   8.353866 eV  f = 0.0000  <S**2> = 2.0000
 -------------------------------------------------------------
  2 ->   4 =   0.237779
  2 ->   5 =   0.632916
  2 ->  10 =   0.170940

 -------------------------------------------------------------
 Excitation n.   6:  11.133252 eV  f = 0.0000  <S**2> = 2.0000
 -------------------------------------------------------------
  2 ->   6 =  -0.135663
  2 ->   7 =  -0.075288
  3 ->   6 =  -0.099419
  3 ->   7 =   0.505570
  3 ->   8 =  -0.453443

 -------------------------------------------------------------
 Excitation n.   7:  12.362056 eV  f = 0.0000  <S**2> = 2.0000
 -------------------------------------------------------------
  2 ->   6 =   0.077704
  2 ->   7 =   0.106998
  3 ->   7 =  -0.444199
  3 ->   8 =  -0.521863
  3 ->  11 =  -0.074061

 -------------------------------------------------------------
 Excitation n.   8:  12.937764 eV  f = 0.0000  <S**2> = 2.0000
 -------------------------------------------------------------
  3 ->   4 =  -0.159793
  3 ->   9 =  -0.678685
  3 ->  10 =   0.080693

 -------------------------------------------------------------
 Excitation n.   9:  12.937764 eV  f = 0.0000  <S**2> = 2.0000
 -------------------------------------------------------------
  3 ->   5 =  -0.159793
  3 ->   9 =   0.080693
  3 ->  10 =   0.678685

 -------------------------------------------------------------
 Excitation n.  10:  14.463499 eV  f = 0.0000  <S**2> = 2.0000
 -------------------------------------------------------------
  2 ->   6 =   0.614329
  2 ->   7 =   0.189822
  2 ->   8 =  -0.103639
  2 ->  11 =  -0.155338
  3 ->   6 =   0.097037
  3 ->   7 =   0.191415

Thomas-Reiche-Kuhn sum rule =   0.000000

 ---------------------------------------------------------------------------------------------------
  CIS(D) correction 
 ---------------------------------------------------------------------------------------------------
      #             CIS (eV)          CIS(D) (eV)      Correction (eV)
 ---------------------------------------------------------------------------------------------------
      1            0.524221            1.008458            0.484237
      2            0.524221            1.008458            0.484237
      3            7.908583            8.198027            0.289444
      4            8.353866            8.530683            0.176817
      5            8.353866            8.530683            0.176817
      6           11.133252           11.743234            0.609982
      7           12.362056           12.707451            0.345395
      8           12.937764           13.291955            0.354191
      9           12.937764           13.291955            0.354191
     10           14.463499           14.846741            0.383242
 ---------------------------------------------------------------------------------------------------

                                        Total CPU time for CIS =      0.333 seconds


 ***********************************************************
 |  Random phase approximation calculation with exchange   |
 ***********************************************************


 -------------------------------------------------------------
   RPAx@HF      calculation: singlet        manifold
 -------------------------------------------------------------
 | State |  Excitation energy (au) |  Excitation energy (eV) |
 -------------------------------------------------------------
 |     1 |                0.098383 |                2.677132 |
 |     2 |                0.098383 |                2.677132 |
 |     3 |                0.367646 |               10.004157 |
 |     4 |                0.418810 |               11.396394 |
 |     5 |                0.418810 |               11.396394 |
 |     6 |                0.469031 |               12.762981 |
 |     7 |                0.506583 |               13.784813 |
 |     8 |                0.506583 |               13.784813 |
 |     9 |                0.573059 |               15.593739 |
 |    10 |                0.644547 |               17.539029 |
 |    11 |                0.764396 |               20.800283 |
 |    12 |                0.809283 |               22.021699 |
 |    13 |                0.809283 |               22.021699 |
 |    14 |                0.848250 |               23.082052 |
 |    15 |                0.866638 |               23.582409 |
 |    16 |                0.899181 |               24.467957 |
 |    17 |                0.899181 |               24.467957 |
 |    18 |                0.904198 |               24.604490 |
 |    19 |                0.904198 |               24.604490 |
 |    20 |                1.126200 |               30.645471 |
 -------------------------------------------------------------

 ---------------------------------------------------------------
                 Transition dipole moment (au)                  
 ---------------------------------------------------------------
  #           X           Y           Z   dip. str.   osc. str.
 ---------------------------------------------------------------
  1   -0.067931    0.654771    0.000000    0.433340    0.028422
  2    0.654771    0.067931    0.000000    0.433340    0.028422
  3    0.000000    0.000000   -1.763866    3.111225    0.762553
  4    0.782641   -0.846240    0.000000    1.328649    0.370968
  5    0.846240    0.782641    0.000000    1.328649    0.370968
  6    0.000000    0.000000   -0.475277    0.225888    0.070632
  7    0.296961   -0.036576    0.000000    0.089524    0.030234
  8   -0.036576   -0.296961   -0.000000    0.089524    0.030234
  9   -0.000000   -0.000000    0.368016    0.135436    0.051742
 10    0.000000   -0.000000    0.573643    0.329067    0.141399
 ---------------------------------------------------------------

 -------------------------------------------------------------
 Excitation n.   1:   2.677132 eV  f = 0.0284  <S**2> = 0.0000
 -------------------------------------------------------------
  3 ->   4 =   0.278332
  3 ->   5 =   0.644963
  3 ->  10 =   0.128891
  3 <-   5 =  -0.107318

 -------------------------------------------------------------
 Excitation n.   2:   2.677132 eV  f = 0.0284  <S**2> = 0.0000
 -------------------------------------------------------------
  3 ->   4 =  -0.644963
  3 ->   5 =   0.278332
  3 ->   9 =   0.128891
  3 <-   4 =   0.107318

 -------------------------------------------------------------
 Excitation n.   3:  10.004157 eV  f = 0.7626  <S**2> = 0.0000
 -------------------------------------------------------------
  3 ->   6 =  -0.694072
  3 ->   7 =  -0.108877

 -------------------------------------------------------------
 Excitation n.   4:  11.396394 eV  f = 0.3710  <S**2> = 0.0000
 -------------------------------------------------------------
  2 ->   4 =  -0.602658
  2 ->   5 =  -0.345378
  2 ->  10 =  -0.081286
  3 ->   4 =  -0.074131

 -------------------------------------------------------------
 Excitation n.   5:  11.396394 eV  f = 0.3710  <S**2> = 0.0000
 -------------------------------------------------------------
  2 ->   4 =  -0.345378
  2 ->   5 =   0.602658
  2 ->   9 =   0.081286
  3 ->   5 =   0.074131

 -------------------------------------------------------------
 Excitation n.   6:  12.762981 eV  f = 0.0706  <S**2> = 0.0000
 -------------------------------------------------------------
  3 ->   6 =  -0.111935
  3 ->   7 =   0.696330

 -------------------------------------------------------------
 Excitation n.   7:  13.784813 eV  f = 0.0302  <S**2> = 0.0000
 -------------------------------------------------------------
  3 ->   4 =  -0.116254
  3 ->   9 =  -0.684072
  3 ->  10 =   0.119151

 -------------------------------------------------------------
 Excitation n.   8:  13.784813 eV  f = 0.0302  <S**2> = 0.0000
 -------------------------------------------------------------
  3 ->   5 =  -0.116254
  3 ->   9 =   0.119151
  3 ->  10 =   0.684072

 -------------------------------------------------------------
 Excitation n.   9:  15.593739 eV  f = 0.0517  <S**2> = 0.0000
 -------------------------------------------------------------
  2 ->   6 =  -0.228957
  2 ->   7 =  -0.135315
  3 ->   8 =   0.648570

 -------------------------------------------------------------
 Excitation n.  10:  17.539029 eV  f = 0.1414  <S**2> = 0.0000
 -------------------------------------------------------------
  2 ->   6 =  -0.652930
  2 ->   8 =   0.099189
  3 ->   8 =  -0.252067

Thomas-Reiche-Kuhn sum rule =   1.885574

 You may have instabilities in linear response: negative excitations!!

 -------------------------------------------------------------
   RPAx@HF      calculation: triplet        manifold
 -------------------------------------------------------------
 | State |  Excitation energy (au) |  Excitation energy (eV) |
 -------------------------------------------------------------
 |     1 |                     NaN |                     NaN |
 |     2 |                     NaN |                     NaN |
 |     3 |                0.281150 |                7.650470 |
 |     4 |                0.295931 |                8.052679 |
 |     5 |                0.295931 |                8.052679 |
 |     6 |                0.402355 |               10.948644 |
 |     7 |                0.448949 |               12.216531 |
 |     8 |                0.474494 |               12.911634 |
 |     9 |                0.474494 |               12.911634 |
 |    10 |                0.524560 |               14.274002 |
 |    11 |                0.668989 |               18.204106 |
 |    12 |                0.775985 |               21.115624 |
 |    13 |                0.775985 |               21.115624 |
 |    14 |                0.783256 |               21.313481 |
 |    15 |                0.802600 |               21.839858 |
 |    16 |                0.802600 |               21.839858 |
 |    17 |                0.838140 |               22.806947 |
 |    18 |                0.849576 |               23.118133 |
 |    19 |                0.849576 |               23.118133 |
 |    20 |                0.999690 |               27.202951 |
 -------------------------------------------------------------

 -------------------------------------------------------------
 Excitation n.   1:        NaN eV  f = 0.0000  <S**2> = 2.0000
 -------------------------------------------------------------

 -------------------------------------------------------------
 Excitation n.   2:        NaN eV  f = 0.0000  <S**2> = 2.0000
 -------------------------------------------------------------

 -------------------------------------------------------------
 Excitation n.   3:   7.650470 eV  f = 0.0000  <S**2> = 2.0000
 -------------------------------------------------------------
  2 ->   6 =  -0.111770
  3 ->   6 =   0.678270
  3 ->   8 =  -0.074735
  3 ->  11 =  -0.138305

 -------------------------------------------------------------
 Excitation n.   4:   8.052679 eV  f = 0.0000  <S**2> = 2.0000
 -------------------------------------------------------------
  2 ->   4 =  -0.674134
  2 ->   5 =   0.079876
  2 ->   9 =   0.172139
  3 ->   4 =   0.088186

 -------------------------------------------------------------
 Excitation n.   5:   8.052679 eV  f = 0.0000  <S**2> = 2.0000
 -------------------------------------------------------------
  2 ->   4 =  -0.079876
  2 ->   5 =  -0.674134
  2 ->  10 =  -0.172139
  3 ->   5 =   0.088186

 -------------------------------------------------------------
 Excitation n.   6:  10.948644 eV  f = 0.0000  <S**2> = 2.0000
 -------------------------------------------------------------
  2 ->   6 =   0.131840
  2 ->   7 =   0.070717
  3 ->   6 =   0.119028
  3 ->   7 =  -0.468189
  3 ->   8 =   0.492425

 -------------------------------------------------------------
 Excitation n.   7:  12.216531 eV  f = 0.0000  <S**2> = 2.0000
 -------------------------------------------------------------
  2 ->   6 =  -0.092802
  2 ->   7 =  -0.119137
  3 ->   7 =   0.479411
  3 ->   8 =   0.486925
  3 ->  11 =   0.074137

 -------------------------------------------------------------
 Excitation n.   8:  12.911634 eV  f = 0.0000  <S**2> = 2.0000
 -------------------------------------------------------------
  3 ->   4 =  -0.160816
  3 ->   9 =  -0.541467
  3 ->  10 =   0.415006

 -------------------------------------------------------------
 Excitation n.   9:  12.911634 eV  f = 0.0000  <S**2> = 2.0000
 -------------------------------------------------------------
  3 ->   5 =   0.160816
  3 ->   9 =  -0.415006
  3 ->  10 =  -0.541467

 -------------------------------------------------------------
 Excitation n.  10:  14.274002 eV  f = 0.0000  <S**2> = 2.0000
 -------------------------------------------------------------
  2 ->   6 =   0.610165
  2 ->   7 =   0.185751
  2 ->   8 =  -0.105015
  2 ->  11 =  -0.164016
  3 ->   6 =   0.111158
  3 ->   7 =   0.199785

Thomas-Reiche-Kuhn sum rule =   0.000000


 -------------------------------------------------------------------------------
              Tr@RPAx correlation energy (singlet) =       -0.0271312767
              Tr@RPAx correlation energy (triplet) =                 NaN
              Tr@RPAx correlation energy           =                 NaN
              Tr@RPAx total energy                 =                 NaN
 -------------------------------------------------------------------------------

                                       Total CPU time for RPAx =      0.002 seconds


 ************************************************
 |          One-shot G0W0 calculation           |
 ************************************************


 -------------------------------------------------------------
   RPA@HF       calculation: singlet        manifold
 -------------------------------------------------------------
 | State |  Excitation energy (au) |  Excitation energy (eV) |
 -------------------------------------------------------------
 |     1 |                0.456425 |               12.419952 |
 |     2 |                0.456425 |               12.419952 |
 |     3 |                0.651336 |               17.723747 |
 |     4 |                0.749147 |               20.385317 |
 |     5 |                0.771201 |               20.985440 |
 |     6 |                0.771201 |               20.985440 |
 |     7 |                0.881787 |               23.994639 |
 |     8 |                0.881787 |               23.994639 |
 |     9 |                0.918372 |               24.990177 |
 |    10 |                0.969043 |               26.368993 |
 |    11 |                1.125969 |               30.639164 |
 |    12 |                1.144792 |               31.151369 |
 |    13 |                1.187189 |               32.305065 |
 |    14 |                1.187189 |               32.305065 |
 |    15 |                1.226055 |               33.362653 |
 |    16 |                1.290081 |               35.104904 |
 |    17 |                1.290081 |               35.104904 |
 |    18 |                1.335190 |               36.332361 |
 |    19 |                1.335190 |               36.332361 |
 |    20 |                1.556460 |               42.353445 |
 -------------------------------------------------------------

  *** Quasiparticle energies obtained by linearization *** 

 -------------------------------------------------------------------------------
   One-shot G0W0 calculation
 -------------------------------------------------------------------------------
 |   # |       e_HF (eV) |      Sig_c (eV) |               Z |       e_QP (eV) |
 -------------------------------------------------------------------------------
 |   1 |     -209.178114 |        5.827066 |        0.875554 |     -204.076201 |
 |   2 |      -17.609802 |        0.219335 |        0.937633 |      -17.404146 |
 |   3 |       -9.392120 |       -0.208163 |        0.949185 |       -9.589706 |
 |   4 |        1.592262 |       -0.662567 |        0.970224 |        0.949424 |
 |   5 |        1.592262 |       -0.662567 |        0.970224 |        0.949424 |
 |   6 |        6.958394 |       -0.395243 |        0.980654 |        6.570797 |
 |   7 |       10.434897 |       -0.463365 |        0.971520 |        9.984729 |
 |   8 |       13.004843 |       -0.879298 |        0.891441 |       12.221001 |
 |   9 |       13.514623 |       -1.557049 |        0.936143 |       12.057002 |
 |  10 |       13.514623 |       -1.557049 |        0.936143 |       12.057002 |
 |  11 |       21.582457 |       -2.010379 |        0.677861 |       20.219700 |
 |  12 |       23.659972 |       -0.776519 |        0.849721 |       23.000147 |
 |  13 |       23.659972 |       -0.776519 |        0.849721 |       23.000147 |
 |  14 |       24.564103 |       -0.635129 |        0.390451 |       24.316116 |
 |  15 |       24.564103 |       -0.635129 |        0.390451 |       24.316116 |
 |  16 |       36.636572 |       -3.980124 |        0.103027 |       36.226512 |
 |  17 |       46.604334 |        0.383824 |        0.297692 |       46.718596 |
 |  18 |       50.049165 |      -13.318052 |        0.000125 |       50.047500 |
 |  19 |       50.049165 |      -13.318052 |        0.000125 |       50.047500 |
 |  20 |       66.227988 |       -0.433628 |        0.280642 |       66.106294 |
 -------------------------------------------------------------------------------
          G0W0 HOMO      energy:      -9.589706 eV
          G0W0 LUMO      energy:       0.949424 eV
          G0W0 HOMO-LUMO gap   :      10.539129 eV
 -------------------------------------------------------------------------------
    RPA@G0W0 total energy      :     -25.223303 au
    RPA@G0W0 correlation energy:      -0.097830 au
    GM@G0W0  total energy      :     -25.300261 au
    GM@G0W0  correlation energy:      -0.174788 au
 -------------------------------------------------------------------------------


 -------------------------------------------------------------
   BSE@GW       calculation: singlet        manifold
 -------------------------------------------------------------
 | State |  Excitation energy (au) |  Excitation energy (eV) |
 -------------------------------------------------------------
 |     1 |                0.112412 |                3.058884 |
 |     2 |                0.112412 |                3.058884 |
 |     3 |                0.372593 |               10.138769 |
 |     4 |                0.418048 |               11.375677 |
 |     5 |                0.418048 |               11.375677 |
 |     6 |                0.475010 |               12.925683 |
 |     7 |                0.500432 |               13.617459 |
 |     8 |                0.500432 |               13.617459 |
 |     9 |                0.588044 |               16.001494 |
 |    10 |                0.643379 |               17.507226 |
 |    11 |                0.765230 |               20.822979 |
 |    12 |                0.785639 |               21.378335 |
 |    13 |                0.785639 |               21.378335 |
 |    14 |                0.829655 |               22.576073 |
 |    15 |                0.852512 |               23.198032 |
 |    16 |                0.928363 |               25.262040 |
 |    17 |                0.928363 |               25.262040 |
 |    18 |                0.932647 |               25.378621 |
 |    19 |                0.932647 |               25.378621 |
 |    20 |                1.115935 |               30.366143 |
 -------------------------------------------------------------

 ---------------------------------------------------------------
                 Transition dipole moment (au)                  
 ---------------------------------------------------------------
  #           X           Y           Z   dip. str.   osc. str.
 ---------------------------------------------------------------
  1   -0.601509    0.198373    0.000000    0.401166    0.030064
  2    0.198373    0.601509   -0.000000    0.401166    0.030064
  3   -0.000000   -0.000000   -1.724448    2.973722    0.738658
  4   -1.069035    0.371133    0.000000    1.280576    0.356895
  5   -0.371133   -1.069035    0.000000    1.280576    0.356895
  6   -0.000000    0.000000   -0.401324    0.161061    0.051004
  7    0.185200    0.020417   -0.000000    0.034716    0.011582
  8    0.020417   -0.185200   -0.000000    0.034716    0.011582
  9    0.000000    0.000000   -0.421584    0.177733    0.069677
 10    0.000000    0.000000    0.506515    0.256558    0.110043
 ---------------------------------------------------------------

 -------------------------------------------------------------
 Excitation n.   1:   3.058884 eV  f = 0.0301  <S**2> = 0.0000
 -------------------------------------------------------------
  3 ->   4 =   0.712708
  3 ->   9 =  -0.084008
  3 <-   4 =  -0.136651

 -------------------------------------------------------------
 Excitation n.   2:   3.058884 eV  f = 0.0301  <S**2> = 0.0000
 -------------------------------------------------------------
  3 ->   5 =   0.712708
  3 ->  10 =   0.084008
  3 <-   5 =  -0.136651

 -------------------------------------------------------------
 Excitation n.   3:  10.138769 eV  f = 0.7387  <S**2> = 0.0000
 -------------------------------------------------------------
  3 ->   6 =  -0.699903
  3 ->   7 =  -0.085796

 -------------------------------------------------------------
 Excitation n.   4:  11.375677 eV  f = 0.3569  <S**2> = 0.0000
 -------------------------------------------------------------
  2 ->   4 =   0.693647
  3 ->   4 =   0.091378
  3 ->   9 =   0.095761

 -------------------------------------------------------------
 Excitation n.   5:  11.375677 eV  f = 0.3569  <S**2> = 0.0000
 -------------------------------------------------------------
  2 ->   5 =  -0.693647
  3 ->   5 =  -0.091378
  3 ->  10 =   0.095761

 -------------------------------------------------------------
 Excitation n.   6:  12.925683 eV  f = 0.0510  <S**2> = 0.0000
 -------------------------------------------------------------
  3 ->   6 =  -0.089770
  3 ->   7 =   0.699236

 -------------------------------------------------------------
 Excitation n.   7:  13.617459 eV  f = 0.0116  <S**2> = 0.0000
 -------------------------------------------------------------
  2 ->   4 =   0.106479
  3 ->   9 =  -0.693205

 -------------------------------------------------------------
 Excitation n.   8:  13.617459 eV  f = 0.0116  <S**2> = 0.0000
 -------------------------------------------------------------
  2 ->   5 =   0.106479
  3 ->  10 =   0.693205

 -------------------------------------------------------------
 Excitation n.   9:  16.001494 eV  f = 0.0697  <S**2> = 0.0000
 -------------------------------------------------------------
  2 ->   6 =   0.270812
  2 ->   7 =   0.119629
  3 ->   8 =  -0.638712

 -------------------------------------------------------------
 Excitation n.  10:  17.507226 eV  f = 0.1100  <S**2> = 0.0000
 -------------------------------------------------------------
  2 ->   6 =  -0.647432
  2 ->   8 =   0.085327
  3 ->   8 =  -0.272741

Thomas-Reiche-Kuhn sum rule =   1.766463


 *** dynamical TDA activated ***

 ---------------------------------------------------------------------------------------------------
  First-order dynamical correction to static Bethe-Salpeter excitation energies                     
 ---------------------------------------------------------------------------------------------------
  BSE neutral excitation must be lower than the GW gap =  10.539129 eV
 ---------------------------------------------------------------------------------------------------
      #          Static (eV)         Dynamic (eV)      Correction (eV)         Renorm. (eV)
 ---------------------------------------------------------------------------------------------------
      1            3.058884            2.824858           -0.234026            1.021455
      2            3.058884            2.824858           -0.234026            1.021455
      3           10.138769           10.073396           -0.065373            1.007267
      4           11.375677           11.180076           -0.195601            1.020324
      5           11.375677           11.180076           -0.195601            1.020324
      6           12.925683           12.845806           -0.079877            1.009092
      7           13.617459           13.350825           -0.266634            1.023027
      8           13.617459           13.350825           -0.266634            1.023027
      9           16.001494           15.811155           -0.190338            1.022873
     10           17.507226           17.400757           -0.106469            1.016423
 ---------------------------------------------------------------------------------------------------


 -------------------------------------------------------------
   BSE@GW       calculation: triplet        manifold
 -------------------------------------------------------------
 | State |  Excitation energy (au) |  Excitation energy (eV) |
 -------------------------------------------------------------
 |     1 |                0.031356 |                0.853245 |
 |     2 |                0.031356 |                0.853245 |
 |     3 |                0.300087 |                8.165771 |
 |     4 |                0.316413 |                8.610047 |
 |     5 |                0.316413 |                8.610047 |
 |     6 |                0.428098 |               11.649134 |
 |     7 |                0.465553 |               12.668350 |
 |     8 |                0.465571 |               12.668840 |
 |     9 |                0.465571 |               12.668840 |
 |    10 |                0.542569 |               14.764046 |
 |    11 |                0.676979 |               18.421528 |
 |    12 |                0.749070 |               20.383221 |
 |    13 |                0.749070 |               20.383221 |
 |    14 |                0.769636 |               20.942863 |
 |    15 |                0.816919 |               22.229500 |
 |    16 |                0.826752 |               22.497064 |
 |    17 |                0.826752 |               22.497064 |
 |    18 |                0.884646 |               24.072457 |
 |    19 |                0.884646 |               24.072457 |
 |    20 |                0.992271 |               27.001070 |
 -------------------------------------------------------------

 -------------------------------------------------------------
 Excitation n.   1:   0.853245 eV  f = 0.0000  <S**2> = 2.0000
 -------------------------------------------------------------
  3 ->   4 =  -0.199811
  3 ->   5 =   0.734365
  3 ->   9 =   0.086102
  3 ->  10 =   0.120713
  3 <-   4 =  -0.082090
  3 <-   5 =   0.301703

 -------------------------------------------------------------
 Excitation n.   2:   0.853245 eV  f = 0.0000  <S**2> = 2.0000
 -------------------------------------------------------------
  3 ->   4 =  -0.734365
  3 ->   5 =  -0.199811
  3 ->   9 =   0.120713
  3 ->  10 =  -0.086102
  3 <-   4 =  -0.301703
  3 <-   5 =  -0.082090

 -------------------------------------------------------------
 Excitation n.   3:   8.165771 eV  f = 0.0000  <S**2> = 2.0000
 -------------------------------------------------------------
  2 ->   6 =   0.077274
  3 ->   6 =  -0.692856
  3 ->  11 =   0.104492

 -------------------------------------------------------------
 Excitation n.   4:   8.610047 eV  f = 0.0000  <S**2> = 2.0000
 -------------------------------------------------------------
  2 ->   4 =   0.474560
  2 ->   5 =  -0.499250
  2 ->   9 =  -0.127310

 -------------------------------------------------------------
 Excitation n.   5:   8.610047 eV  f = 0.0000  <S**2> = 2.0000
 -------------------------------------------------------------
  2 ->   4 =   0.499250
  2 ->   5 =   0.474560
  2 ->  10 =   0.127310

 -------------------------------------------------------------
 Excitation n.   6:  11.649134 eV  f = 0.0000  <S**2> = 2.0000
 -------------------------------------------------------------
  2 ->   6 =   0.144406
  2 ->   7 =   0.086098
  3 ->   7 =  -0.580197
  3 ->   8 =   0.362317

 -------------------------------------------------------------
 Excitation n.   7:  12.668350 eV  f = 0.0000  <S**2> = 2.0000
 -------------------------------------------------------------
  3 ->   7 =   0.363719
  3 ->   8 =   0.596107

 -------------------------------------------------------------
 Excitation n.   8:  12.668840 eV  f = 0.0000  <S**2> = 2.0000
 -------------------------------------------------------------
  3 ->   5 =  -0.112078
  3 ->   9 =  -0.105277
  3 ->  10 =   0.685299

 -------------------------------------------------------------
 Excitation n.   9:  12.668840 eV  f = 0.0000  <S**2> = 2.0000
 -------------------------------------------------------------
  3 ->   4 =  -0.112078
  3 ->   9 =  -0.685299
  3 ->  10 =  -0.105277

 -------------------------------------------------------------
 Excitation n.  10:  14.764046 eV  f = 0.0000  <S**2> = 2.0000
 -------------------------------------------------------------
  2 ->   6 =   0.640445
  2 ->   7 =   0.170039
  2 ->   8 =  -0.091518
  2 ->  11 =  -0.127661
  3 ->   6 =   0.081543
  3 ->   7 =   0.157936

Thomas-Reiche-Kuhn sum rule =   0.000000


 *** dynamical TDA activated ***

 ---------------------------------------------------------------------------------------------------
  First-order dynamical correction to static Bethe-Salpeter excitation energies                     
 ---------------------------------------------------------------------------------------------------
  BSE neutral excitation must be lower than the GW gap =  10.539129 eV
 ---------------------------------------------------------------------------------------------------
      #          Static (eV)         Dynamic (eV)      Correction (eV)         Renorm. (eV)
 ---------------------------------------------------------------------------------------------------
      1            0.853245            0.422586           -0.430659            1.026227
      2            0.853245            0.422586           -0.430659            1.026227
      3            8.165771            8.012091           -0.153681            1.009513
      4            8.610047            8.251956           -0.358091            1.021802
      5            8.610047            8.251956           -0.358091            1.021802
      6           11.649134           11.415484           -0.233650            1.017546
      7           12.668350           12.430258           -0.238092            1.017098
      8           12.668840           12.391239           -0.277601            1.017901
      9           12.668840           12.391239           -0.277601            1.017901
     10           14.764046           14.470688           -0.293357            1.015630
 ---------------------------------------------------------------------------------------------------


 -------------------------------------------------------------------------------
          Tr@BSE@G0W0 correlation energy (singlet) =       -0.0788881172
          Tr@BSE@G0W0 correlation energy (triplet) =       -0.0353577245
          Tr@BSE@G0W0 correlation energy           =       -0.1142458417
          Tr@BSE@G0W0 total energy                 =      -25.2397184978
 -------------------------------------------------------------------------------

                                       Total CPU time for G0W0 =      0.024 seconds


 ************************************************
 |          One-shot G0T0 calculation           |
 ************************************************


 -------------------------------------------------------------
   pp-RPA (N+2) calculation: alpha-beta     manifold
 -------------------------------------------------------------
 | State |  Excitation energy (au) |  Excitation energy (eV) |
 -------------------------------------------------------------
 |     1 |                0.395093 |               10.751030 |
 |     2 |                0.426572 |               11.607623 |
 |     3 |                0.426572 |               11.607623 |
 |     4 |                0.449345 |               12.227303 |
 |     5 |                0.550421 |               14.977728 |
 |     6 |                0.550421 |               14.977728 |
 |     7 |                0.567591 |               15.444933 |
 |     8 |                0.567591 |               15.444933 |
 |     9 |                0.692418 |               18.841649 |
 |    10 |                0.692418 |               18.841649 |
 |    11 |                0.729178 |               19.841935 |
 |    12 |                0.729178 |               19.841935 |
 |    13 |                0.776567 |               21.131465 |
 |    14 |                0.803319 |               21.859413 |
 |    15 |                0.803319 |               21.859413 |
 |    16 |                0.824809 |               22.444184 |
 |    17 |                0.834798 |               22.715997 |
 |    18 |                0.834798 |               22.715997 |
 |    19 |                0.841677 |               22.903196 |
 |    20 |                0.844071 |               22.968352 |
 -------------------------------------------------------------


 -------------------------------------------------------------
   pp-RPA (N-2) calculation: alpha-beta     manifold
 -------------------------------------------------------------
 | State |  Excitation energy (au) |  Excitation energy (eV) |
 -------------------------------------------------------------
 |     1 |              -18.276953 |             -497.341235 |
 |     2 |               -8.946276 |             -243.440560 |
 |     3 |               -8.899433 |             -242.165896 |
 |     4 |               -8.617900 |             -234.504999 |
 |     5 |               -8.589949 |             -233.744407 |
 |     6 |               -1.878216 |              -51.108851 |
 |     7 |               -1.419130 |              -38.616508 |
 |     8 |               -1.313136 |              -35.732243 |
 |     9 |               -1.122105 |              -30.534035 |
 -------------------------------------------------------------


 -------------------------------------------------------------
   pp-RPA (N+2) calculation: alpha-alpha    manifold
 -------------------------------------------------------------
 | State |  Excitation energy (au) |  Excitation energy (eV) |
 -------------------------------------------------------------
 |     1 |                0.395093 |               10.751030 |
 |     2 |                0.550421 |               14.977728 |
 |     3 |                0.550421 |               14.977728 |
 |     4 |                0.692418 |               18.841649 |
 |     5 |                0.692418 |               18.841649 |
 |     6 |                0.803319 |               21.859413 |
 |     7 |                0.803319 |               21.859413 |
 |     8 |                0.834798 |               22.715997 |
 |     9 |                0.834798 |               22.715997 |
 |    10 |                0.841677 |               22.903196 |
 |    11 |                0.866032 |               23.565919 |
 |    12 |                0.899481 |               24.476111 |
 |    13 |                0.948808 |               25.818386 |
 |    14 |                0.997726 |               27.149509 |
 |    15 |                0.997726 |               27.149509 |
 |    16 |                1.092169 |               29.719426 |
 |    17 |                1.130508 |               30.762700 |
 |    18 |                1.130508 |               30.762700 |
 |    19 |                1.162812 |               31.641725 |
 |    20 |                1.162812 |               31.641725 |
 -------------------------------------------------------------


 -------------------------------------------------------------
   pp-RPA (N-2) calculation: alpha-alpha    manifold
 -------------------------------------------------------------
 | State |  Excitation energy (au) |  Excitation energy (eV) |
 -------------------------------------------------------------
 |     1 |               -8.899433 |             -242.165896 |
 |     2 |               -8.589949 |             -233.744407 |
 |     3 |               -1.313136 |              -35.732243 |
 -------------------------------------------------------------

 -------------------------------------------------------------------------------
   One-shot G0T0 calculation (T-matrix self-energy)  
 -------------------------------------------------------------------------------
 |   # |       e_HF (eV) |    Sigma_T (eV) |               Z |       e_QP (eV) |
 -------------------------------------------------------------------------------
 |   1 |     -209.178114 |        4.651895 |        0.911395 |     -204.938401 |
 |   2 |      -17.609802 |        0.258627 |        0.975234 |      -17.357580 |
 |   3 |       -9.392120 |        0.122121 |        0.978668 |       -9.272604 |
 |   4 |        1.592262 |       -0.737627 |        0.980033 |        0.869364 |
 |   5 |        1.592262 |       -0.737627 |        0.980033 |        0.869364 |
 |   6 |        6.958394 |       -0.412858 |        0.988285 |        6.550373 |
 |   7 |       10.434897 |       -0.376222 |        0.986564 |       10.063731 |
 |   8 |       13.004843 |       -0.599202 |        0.974117 |       12.421150 |
 |   9 |       13.514623 |       -1.168205 |        0.964126 |       12.388326 |
 |  10 |       13.514623 |       -1.168205 |        0.964126 |       12.388326 |
 |  11 |       21.582457 |       -2.133030 |        0.032832 |       21.512426 |
 |  12 |       23.659972 |       -1.343899 |        0.600384 |       22.853116 |
 |  13 |       23.659972 |       -1.343899 |        0.600384 |       22.853116 |
 |  14 |       24.564103 |       -0.874410 |        0.830012 |       23.838332 |
 |  15 |       24.564103 |       -0.874410 |        0.830012 |       23.838332 |
 |  16 |       36.636572 |       -1.212452 |        0.634779 |       35.866932 |
 |  17 |       46.604334 |       -8.197847 |        0.010955 |       46.514525 |
 |  18 |       50.049165 |       -0.300176 |        0.339818 |       49.947160 |
 |  19 |       50.049165 |       -0.300176 |        0.339818 |       49.947160 |
 |  20 |       66.227988 |       -0.902980 |        0.182905 |       66.062828 |
 -------------------------------------------------------------------------------
             G0T0 HOMO      energy (eV)            =      -9.272604 eV
             G0T0 LUMO      energy (eV)            =       0.869364 eV
             G0T0 HOMO-LUMO gap    (eV)            =      10.141968 eV
 -------------------------------------------------------------------------------
        Tr@ppRPA@G0T0 correlation energy (singlet) =       -0.0365519892 au
        Tr@ppRPA@G0T0 correlation energy (triplet) =       -0.0048128165 au
        Tr@ppRPA@G0T0 correlation energy           =       -0.0413648057 au
        Tr@ppRPA@G0T0 total energy                 =      -25.1668374618 au
              GM@G0T0 correlation energy           =       -0.0673477197 au
              GM@G0T0 total energy                 =      -25.1928203759 au
 -------------------------------------------------------------------------------


 -------------------------------------------------------------
   BSE@GT       calculation: singlet        manifold
 -------------------------------------------------------------
 | State |  Excitation energy (au) |  Excitation energy (eV) |
 -------------------------------------------------------------
 |     1 |                0.083155 |                2.262769 |
 |     2 |                0.083155 |                2.262769 |
 |     3 |                0.361510 |                9.837196 |
 |     4 |                0.392828 |               10.689401 |
 |     5 |                0.392828 |               10.689401 |
 |     6 |                0.453229 |               12.332976 |
 |     7 |                0.462224 |               12.577758 |
 |     8 |                0.462224 |               12.577758 |
 |     9 |                0.538962 |               14.665895 |
 |    10 |                0.620089 |               16.873469 |
 |    11 |                0.735146 |               20.004341 |
 |    12 |                0.757706 |               20.618234 |
 |    13 |                0.757706 |               20.618234 |
 |    14 |                0.822819 |               22.390041 |
 |    15 |                0.859506 |               23.388352 |
 |    16 |                0.864984 |               23.537427 |
 |    17 |                0.864984 |               23.537427 |
 |    18 |                0.874985 |               23.809555 |
 |    19 |                0.874985 |               23.809555 |
 |    20 |                1.106488 |               30.109063 |
 -------------------------------------------------------------

 ---------------------------------------------------------------
                 Transition dipole moment (au)                  
 ---------------------------------------------------------------
  #           X           Y           Z   dip. str.   osc. str.
 ---------------------------------------------------------------
  1   -0.474869   -0.659944    0.000000    0.661027    0.036645
  2   -0.659944    0.474869   -0.000000    0.661027    0.036645
  3    0.000000    0.000000   -1.811243    3.280599    0.790647
  4    1.218400   -0.305687    0.000000    1.577942    0.413240
  5    0.305687    1.218400    0.000000    1.577942    0.413240
  6   -0.000000   -0.000000    0.426127    0.181584    0.054866
  7   -0.291629    0.071071   -0.000000    0.090099    0.027764
  8   -0.071071   -0.291629   -0.000000    0.090099    0.027764
  9   -0.000000    0.000000    0.337524    0.113923    0.040933
 10    0.000000   -0.000000   -0.670405    0.449443    0.185796
 ---------------------------------------------------------------

 -------------------------------------------------------------
 Excitation n.   1:   2.262769 eV  f = 0.0366  <S**2> = 0.0000
 -------------------------------------------------------------
  2 ->   5 =   0.072849
  3 ->   4 =   0.217184
  3 ->   5 =  -0.656016
  3 ->   9 =  -0.077006
  3 ->  10 =  -0.096477

 -------------------------------------------------------------
 Excitation n.   2:   2.262769 eV  f = 0.0366  <S**2> = 0.0000
 -------------------------------------------------------------
  2 ->   4 =  -0.072849
  3 ->   4 =   0.656016
  3 ->   5 =   0.217184
  3 ->   9 =  -0.096477
  3 ->  10 =   0.077006

 -------------------------------------------------------------
 Excitation n.   3:   9.837196 eV  f = 0.7906  <S**2> = 0.0000
 -------------------------------------------------------------
  3 ->   6 =  -0.697732
  3 ->   7 =  -0.088188

 -------------------------------------------------------------
 Excitation n.   4:  10.689401 eV  f = 0.4132  <S**2> = 0.0000
 -------------------------------------------------------------
  2 ->   4 =  -0.690666
  2 ->   9 =   0.104849
  3 ->   4 =  -0.084338

 -------------------------------------------------------------
 Excitation n.   5:  10.689401 eV  f = 0.4132  <S**2> = 0.0000
 -------------------------------------------------------------
  2 ->   5 =   0.690666
  2 ->  10 =   0.104849
  3 ->   5 =   0.084338

 -------------------------------------------------------------
 Excitation n.   6:  12.332976 eV  f = 0.0549  <S**2> = 0.0000
 -------------------------------------------------------------
  3 ->   6 =   0.090455
  3 ->   7 =  -0.699439

 -------------------------------------------------------------
 Excitation n.   7:  12.577758 eV  f = 0.0278  <S**2> = 0.0000
 -------------------------------------------------------------
  3 ->   4 =   0.119134
  3 ->   9 =   0.666370
  3 ->  10 =  -0.198085

 -------------------------------------------------------------
 Excitation n.   8:  12.577758 eV  f = 0.0278  <S**2> = 0.0000
 -------------------------------------------------------------
  3 ->   5 =  -0.119134
  3 ->   9 =   0.198085
  3 ->  10 =   0.666370

 -------------------------------------------------------------
 Excitation n.   9:  14.665895 eV  f = 0.0409  <S**2> = 0.0000
 -------------------------------------------------------------
  2 ->   6 =  -0.182814
  2 ->   7 =  -0.121460
  3 ->   8 =   0.665826

 -------------------------------------------------------------
 Excitation n.  10:  16.873469 eV  f = 0.1858  <S**2> = 0.0000
 -------------------------------------------------------------
  2 ->   6 =   0.666462
  2 ->   8 =  -0.099440
  3 ->   8 =   0.203701

Thomas-Reiche-Kuhn sum rule =   2.027541


 *** dynamical TDA activated ***

 ---------------------------------------------------------------------------------------------------
  First-order dynamical correction to static Bethe-Salpeter excitation energies                     
 ---------------------------------------------------------------------------------------------------
  BSE neutral excitation must be lower than the GT gap =  10.141968 eV
 ---------------------------------------------------------------------------------------------------
      #          Static (eV)         Dynamic (eV)      Correction (eV)         Renorm. (eV)
 ---------------------------------------------------------------------------------------------------
      1            2.262769            2.177436           -0.085333            1.003017
      2            2.262769            2.177436           -0.085333            1.003017
      3            9.837196            9.785895           -0.051301            1.005771
      4           10.689401           10.650089           -0.039312            1.000701
      5           10.689401           10.650089           -0.039312            1.000701
      6           12.332976           12.328769           -0.004207            1.000315
      7           12.577758           12.581007            0.003248            1.000153
      8           12.577758           12.581007            0.003248            1.000153
      9           14.665895           14.727977            0.062082            0.992488
     10           16.873469           16.883557            0.010088            0.995623
 ---------------------------------------------------------------------------------------------------

 You may have instabilities in linear response: negative excitations!!

 -------------------------------------------------------------
   BSE@GT       calculation: triplet        manifold
 -------------------------------------------------------------
 | State |  Excitation energy (au) |  Excitation energy (eV) |
 -------------------------------------------------------------
 |     1 |                     NaN |                     NaN |
 |     2 |                     NaN |                     NaN |
 |     3 |                0.280661 |                7.637187 |
 |     4 |                0.286664 |                7.800537 |
 |     5 |                0.286664 |                7.800537 |
 |     6 |                0.401728 |               10.931566 |
 |     7 |                0.440787 |               11.994430 |
 |     8 |                0.440787 |               11.994430 |
 |     9 |                0.449065 |               12.219693 |
 |    10 |                0.521843 |               14.200084 |
 |    11 |                0.667231 |               18.156290 |
 |    12 |                0.737293 |               20.062771 |
 |    13 |                0.737293 |               20.062771 |
 |    14 |                0.779314 |               21.206214 |
 |    15 |                0.779314 |               21.206214 |
 |    16 |                0.787424 |               21.426903 |
 |    17 |                0.816150 |               22.208563 |
 |    18 |                0.831842 |               22.635566 |
 |    19 |                0.831842 |               22.635566 |
 |    20 |                1.003461 |               27.305568 |
 -------------------------------------------------------------

 -------------------------------------------------------------
 Excitation n.   1:        NaN eV  f = 0.0000  <S**2> = 2.0000
 -------------------------------------------------------------

 -------------------------------------------------------------
 Excitation n.   2:        NaN eV  f = 0.0000  <S**2> = 2.0000
 -------------------------------------------------------------

 -------------------------------------------------------------
 Excitation n.   3:   7.637187 eV  f = 0.0000  <S**2> = 2.0000
 -------------------------------------------------------------
  2 ->   6 =  -0.095417
  3 ->   6 =   0.686137
  3 ->  11 =  -0.113198

 -------------------------------------------------------------
 Excitation n.   4:   7.800537 eV  f = 0.0000  <S**2> = 2.0000
 -------------------------------------------------------------
  2 ->   4 =  -0.102777
  2 ->   5 =   0.671705
  2 ->   9 =   0.078804
  2 ->  10 =   0.142297

 -------------------------------------------------------------
 Excitation n.   5:   7.800537 eV  f = 0.0000  <S**2> = 2.0000
 -------------------------------------------------------------
  2 ->   4 =   0.671705
  2 ->   5 =   0.102777
  2 ->   9 =  -0.142297
  2 ->  10 =   0.078804

 -------------------------------------------------------------
 Excitation n.   6:  10.931566 eV  f = 0.0000  <S**2> = 2.0000
 -------------------------------------------------------------
  2 ->   6 =   0.165050
  2 ->   7 =   0.082890
  3 ->   6 =   0.076728
  3 ->   7 =  -0.543958
  3 ->   8 =   0.401102

 -------------------------------------------------------------
 Excitation n.   7:  11.994430 eV  f = 0.0000  <S**2> = 2.0000
 -------------------------------------------------------------
  3 ->   4 =   0.138179
  3 ->   9 =   0.682439
  3 ->  10 =   0.073459

 -------------------------------------------------------------
 Excitation n.   8:  11.994430 eV  f = 0.0000  <S**2> = 2.0000
 -------------------------------------------------------------
  3 ->   5 =   0.138179
  3 ->   9 =   0.073459
  3 ->  10 =  -0.682439

 -------------------------------------------------------------
 Excitation n.   9:  12.219693 eV  f = 0.0000  <S**2> = 2.0000
 -------------------------------------------------------------
  2 ->   7 =   0.089271
  3 ->   7 =  -0.397245
  3 ->   8 =  -0.567193

 -------------------------------------------------------------
 Excitation n.  10:  14.200084 eV  f = 0.0000  <S**2> = 2.0000
 -------------------------------------------------------------
  2 ->   6 =  -0.612887
  2 ->   7 =  -0.194933
  2 ->   8 =   0.111139
  2 ->  11 =   0.136666
  3 ->   6 =  -0.099893
  3 ->   7 =  -0.198280

Thomas-Reiche-Kuhn sum rule =   0.000000


 *** dynamical TDA activated ***

 ---------------------------------------------------------------------------------------------------
  First-order dynamical correction to static Bethe-Salpeter excitation energies                     
 ---------------------------------------------------------------------------------------------------
  BSE neutral excitation must be lower than the GT gap =  10.141968 eV
 ---------------------------------------------------------------------------------------------------
      #          Static (eV)         Dynamic (eV)      Correction (eV)         Renorm. (eV)
 ---------------------------------------------------------------------------------------------------
      1                 NaN                 NaN                 NaN                 NaN
      2                 NaN                 NaN                 NaN                 NaN
      3            7.637187            7.575919           -0.061268            1.004160
      4            7.800537            7.595077           -0.205460            1.004040
      5            7.800537            7.595077           -0.205460            1.004040
      6           10.931566           10.841769           -0.089797            1.006613
      7           11.994430           11.948525           -0.045906            1.005672
      8           11.994430           11.948525           -0.045906            1.005672
      9           12.219693           12.101785           -0.117908            1.009601
     10           14.200084           14.108407           -0.091677            1.005762
 ---------------------------------------------------------------------------------------------------


 -------------------------------------------------------------------------------
          Tr@BSE@G0T0 correlation energy (singlet) =       -0.0097563430 au
          Tr@BSE@G0T0 correlation energy (triplet) =                 NaN au
          Tr@BSE@G0T0 correlation energy           =                 NaN au
          Tr@BSE@G0T0 total energy                 =                 NaN au
 -------------------------------------------------------------------------------

                                       Total CPU time for G0T0 =      0.645 seconds

                                      Total CPU time for QuAcK =      1.293 seconds

