78 significant shell pairs computed in 0.000162 seconds
0
Computed Electron repulsion integrals Integrals in parallel in 0.819868 seconds

 ******************************************************************************************
 *            QuAcK                       QuAcK                         QuAcK             *
 *   __        __        __       __        __        __       __        __        __     *
 * <(o )___  <(o )___  <(o )___ <(o )___  <(o )___  <(o )___ <(o )___  <(o )___  <(o )___ *
 * ( ._> /   ( ._> /   ( ._> /  ( ._> /   ( ._> /   ( ._> /  ( ._> /   ( ._> /   ( ._> /  *
 *|--------------------------------------------------------------------------------------|*
 ******************************************************************************************

      ----------------------
             Number of atoms                2
      ----------------------

      ----------------------
Number of spin-up   electron                6
Number of spin-down electron                6
    Total number of electron               12
      ----------------------

      ----------------------
Number of core      electron                0
Number of Rydberg   electron                0
      ----------------------

          ------------------
          Molecular geometry
          ------------------
                    Atom n.                 1
                        Z =      5.0000000000
           Atom coordinates:     0.0000000000    0.0000000000    0.0000000000
                    Atom n.                 2
                        Z =      7.0000000000
           Atom coordinates:     0.0000000000    0.0000000000    2.5038871162

          ------------------
 Nuclear repulsion energy =     13.9782659424
          ------------------

          Gaussian basis set
          ------------------
                    Atom n.                 1
           number of shells                 6
          ------------------
      s-type shell with K =                 9
                                    Exponents     Contraction
                              4570.0000000000    0.0006960000
                               685.9000000000    0.0053530000
                               156.5000000000    0.0271340000
                                44.4700000000    0.1013800000
                                14.4800000000    0.2720550000
                                 5.1310000000    0.4484030000
                                 1.8980000000    0.2901230000
                                 0.3329000000    0.0143220000
                                 0.1043000000   -0.0034860000
      s-type shell with K =                 9
                                    Exponents     Contraction
                              4570.0000000000   -0.0001390000
                               685.9000000000   -0.0010970000
                               156.5000000000   -0.0054440000
                                44.4700000000   -0.0219160000
                                14.4800000000   -0.0597510000
                                 5.1310000000   -0.1387320000
                                 1.8980000000   -0.1314820000
                                 0.3329000000    0.5395260000
                                 0.1043000000    0.5807740000
      s-type shell with K =                 1
                                    Exponents     Contraction
                                 0.1043000000    1.0000000000
      p-type shell with K =                 4
                                    Exponents     Contraction
                                 6.0010000000    0.0354810000
                                 1.2410000000    0.1980720000
                                 0.3364000000    0.5052300000
                                 0.0953800000    0.4794990000
      p-type shell with K =                 1
                                    Exponents     Contraction
                                 0.0953800000    1.0000000000
      d-type shell with K =                 1
                                    Exponents     Contraction
                                 0.3430000000    1.0000000000
          ------------------
                    Atom n.                 2
           number of shells                 6
          ------------------
      s-type shell with K =                 9
                                    Exponents     Contraction
                              9046.0000000000    0.0007000000
                              1357.0000000000    0.0053890000
                               309.3000000000    0.0274060000
                                87.7300000000    0.1032070000
                                28.5600000000    0.2787230000
                                10.2100000000    0.4485400000
                                 3.8380000000    0.2782380000
                                 0.7466000000    0.0154400000
                                 0.2248000000   -0.0028640000
      s-type shell with K =                 9
                                    Exponents     Contraction
                              9046.0000000000   -0.0001530000
                              1357.0000000000   -0.0012080000
                               309.3000000000   -0.0059920000
                                87.7300000000   -0.0245440000
                                28.5600000000   -0.0674590000
                                10.2100000000   -0.1580780000
                                 3.8380000000   -0.1218310000
                                 0.7466000000    0.5490030000
                                 0.2248000000    0.5788150000
      s-type shell with K =                 1
                                    Exponents     Contraction
                                 0.2248000000    1.0000000000
      p-type shell with K =                 4
                                    Exponents     Contraction
                                13.5500000000    0.0399190000
                                 2.9170000000    0.2171690000
                                 0.7973000000    0.5103190000
                                 0.2185000000    0.4622140000
      p-type shell with K =                 1
                                    Exponents     Contraction
                                 0.2185000000    1.0000000000
      d-type shell with K =                 1
                                    Exponents     Contraction
                                 0.8170000000    1.0000000000
          ------------------
            Number of shells               12
          ------------------

          ------------------
   Number of basis functions               30
          ------------------

 Scaling integrals by    1.0000000000000000     

                          Total CPU time for reading integrals =      0.041 seconds


 ************************************************
 |    Restricted Hartree-Fock calculation       |
 ************************************************


 ----------------------------------------------------
 | RHF calculation                                  |
 ----------------------------------------------------
 |   # |        HF energy |       Conv |     HL Gap |
 ----------------------------------------------------
 |   1 |   -79.1716105550 |   0.325894 |   1.001986 |
 |   2 |   -78.8545827860 |   0.202148 |   1.183163 |
 |   3 |   -78.8775415089 |   0.105587 |   1.268581 |
 |   4 |   -78.8732171964 |   0.057055 |   1.299289 |
 |   5 |   -78.8718333326 |   0.032653 |   1.312226 |
 |   6 |   -78.8736751636 |   0.018912 |   1.318297 |
 |   7 |   -78.8760867725 |   0.011586 |   1.321254 |
 |   8 |   -78.8781375523 |   0.007632 |   1.322681 |
 |   9 |   -78.8796532781 |   0.005694 |   1.323320 |
 |  10 |   -78.8807036085 |   0.004539 |   1.323538 |
 |  11 |   -78.8814066310 |   0.003786 |   1.323530 |
 |  12 |   -78.8818674480 |   0.003334 |   1.323400 |
 |  13 |   -78.8821651841 |   0.003234 |   1.323205 |
 |  14 |   -78.8823552560 |   0.003208 |   1.322978 |
 |  15 |   -78.8824750609 |   0.003137 |   1.322737 |
 |  16 |   -78.8825493159 |   0.003039 |   1.322493 |
 |  17 |   -78.8825941606 |   0.002926 |   1.322252 |
 |  18 |   -78.8826200587 |   0.002806 |   1.322017 |
 |  19 |   -78.8826337674 |   0.002684 |   1.321791 |
 |  20 |   -78.8826396427 |   0.002562 |   1.321574 |
 |  21 |   -78.8826404919 |   0.002442 |   1.321366 |
 |  22 |   -78.8826381266 |   0.002325 |   1.321168 |
 |  23 |   -78.8826337189 |   0.002212 |   1.320980 |
 |  24 |   -78.8826280299 |   0.002104 |   1.320800 |
 |  25 |   -78.8826215563 |   0.002000 |   1.320630 |
 |  26 |   -78.8826146246 |   0.001901 |   1.320468 |
 |  27 |   -78.8826074510 |   0.001806 |   1.320315 |
 |  28 |   -78.8826001797 |   0.001716 |   1.320169 |
 |  29 |   -78.8825929084 |   0.001630 |   1.320031 |
 |  30 |   -78.8825857034 |   0.001548 |   1.319900 |
 |  31 |   -78.8825786105 |   0.001471 |   1.319775 |
 |  32 |   -78.8825716611 |   0.001397 |   1.319657 |
 |  33 |   -78.8825648774 |   0.001326 |   1.319545 |
 |  34 |   -78.8825582744 |   0.001260 |   1.319438 |
 |  35 |   -78.8825518623 |   0.001196 |   1.319337 |
 |  36 |   -78.8825456477 |   0.001136 |   1.319242 |
 |  37 |   -78.8825396346 |   0.001078 |   1.319151 |
 |  38 |   -78.8825338250 |   0.001024 |   1.319064 |
 |  39 |   -78.8825282190 |   0.000972 |   1.318983 |
 |  40 |   -78.8825228159 |   0.000923 |   1.318905 |
 |  41 |   -78.8825176135 |   0.000876 |   1.318831 |
 |  42 |   -78.8825126091 |   0.000832 |   1.318761 |
 |  43 |   -78.8825077994 |   0.000790 |   1.318695 |
 |  44 |   -78.8825031804 |   0.000750 |   1.318632 |
 |  45 |   -78.8824987478 |   0.000712 |   1.318572 |
 |  46 |   -78.8824944968 |   0.000676 |   1.318516 |
 |  47 |   -78.8824904227 |   0.000642 |   1.318462 |
 |  48 |   -78.8824865203 |   0.000609 |   1.318411 |
 |  49 |   -78.8824827844 |   0.000578 |   1.318362 |
 |  50 |   -78.8824792097 |   0.000549 |   1.318316 |
 |  51 |   -78.8824757909 |   0.000521 |   1.318273 |
 |  52 |   -78.8824725225 |   0.000495 |   1.318231 |
 |  53 |   -78.8824693993 |   0.000470 |   1.318192 |
 |  54 |   -78.8824664160 |   0.000446 |   1.318155 |
 |  55 |   -78.8824635673 |   0.000423 |   1.318119 |
 |  56 |   -78.8824608480 |   0.000402 |   1.318086 |
 |  57 |   -78.8824582531 |   0.000381 |   1.318054 |
 |  58 |   -78.8824557777 |   0.000362 |   1.318024 |
 |  59 |   -78.8824534170 |   0.000344 |   1.317995 |
 |  60 |   -78.8824511661 |   0.000326 |   1.317968 |
 |  61 |   -78.8824490205 |   0.000310 |   1.317942 |
 |  62 |   -78.8824469759 |   0.000294 |   1.317917 |
 |  63 |   -78.8824450278 |   0.000279 |   1.317894 |
 |  64 |   -78.8824431720 |   0.000265 |   1.317872 |
 |  65 |   -78.8824414046 |   0.000251 |   1.317851 |
 |  66 |   -78.8824397217 |   0.000239 |   1.317831 |
 |  67 |   -78.8824381195 |   0.000227 |   1.317812 |
 |  68 |   -78.8824365943 |   0.000215 |   1.317794 |
 |  69 |   -78.8824351428 |   0.000204 |   1.317777 |
 |  70 |   -78.8824337615 |   0.000194 |   1.317761 |
 |  71 |   -78.8824324472 |   0.000184 |   1.317746 |
 |  72 |   -78.8824311968 |   0.000175 |   1.317731 |
 |  73 |   -78.8824300075 |   0.000166 |   1.317717 |
 |  74 |   -78.8824288762 |   0.000157 |   1.317704 |
 |  75 |   -78.8824278004 |   0.000149 |   1.317692 |
 |  76 |   -78.8824267774 |   0.000142 |   1.317680 |
 |  77 |   -78.8824258047 |   0.000134 |   1.317669 |
 |  78 |   -78.8824248799 |   0.000128 |   1.317658 |
 |  79 |   -78.8824240007 |   0.000121 |   1.317648 |
 |  80 |   -78.8824231650 |   0.000115 |   1.317638 |
 |  81 |   -78.8824223707 |   0.000109 |   1.317629 |
 |  82 |   -78.8824216157 |   0.000104 |   1.317621 |
 |  83 |   -78.8824208982 |   0.000098 |   1.317613 |
 |  84 |   -78.8824202164 |   0.000093 |   1.317605 |
 |  85 |   -78.8824195685 |   0.000089 |   1.317597 |
 |  86 |   -78.8824189529 |   0.000084 |   1.317590 |
 |  87 |   -78.8824183680 |   0.000080 |   1.317584 |
 |  88 |   -78.8824178123 |   0.000076 |   1.317577 |
 |  89 |   -78.8824172844 |   0.000072 |   1.317571 |
 |  90 |   -78.8824167829 |   0.000068 |   1.317566 |
 |  91 |   -78.8824163064 |   0.000065 |   1.317560 |
 |  92 |   -78.8824158539 |   0.000061 |   1.317555 |
 |  93 |   -78.8824154240 |   0.000058 |   1.317550 |
 |  94 |   -78.8824150158 |   0.000055 |   1.317546 |
 |  95 |   -78.8824146280 |   0.000053 |   1.317541 |
 |  96 |   -78.8824142597 |   0.000050 |   1.317537 |
 |  97 |   -78.8824139099 |   0.000047 |   1.317533 |
 |  98 |   -78.8824135778 |   0.000045 |   1.317530 |
 |  99 |   -78.8824132623 |   0.000043 |   1.317526 |
 | 100 |   -78.8824129627 |   0.000041 |   1.317523 |
 | 101 |   -78.8824126783 |   0.000038 |   1.317519 |
 | 102 |   -78.8824124082 |   0.000036 |   1.317516 |
 | 103 |   -78.8824121517 |   0.000035 |   1.317514 |
 | 104 |   -78.8824119081 |   0.000033 |   1.317511 |
 | 105 |   -78.8824116768 |   0.000031 |   1.317508 |
 | 106 |   -78.8824114573 |   0.000030 |   1.317506 |
 | 107 |   -78.8824112488 |   0.000028 |   1.317503 |
 | 108 |   -78.8824110508 |   0.000027 |   1.317501 |
 | 109 |   -78.8824108629 |   0.000025 |   1.317499 |
 | 110 |   -78.8824106844 |   0.000024 |   1.317497 |
 | 111 |   -78.8824105150 |   0.000023 |   1.317495 |
 | 112 |   -78.8824103542 |   0.000022 |   1.317493 |
 | 113 |   -78.8824102015 |   0.000021 |   1.317492 |
 | 114 |   -78.8824100565 |   0.000020 |   1.317490 |
 | 115 |   -78.8824099189 |   0.000019 |   1.317488 |
 | 116 |   -78.8824097882 |   0.000018 |   1.317487 |
 | 117 |   -78.8824096642 |   0.000017 |   1.317486 |
 | 118 |   -78.8824095464 |   0.000016 |   1.317484 |
 | 119 |   -78.8824094347 |   0.000015 |   1.317483 |
 | 120 |   -78.8824093285 |   0.000014 |   1.317482 |
 | 121 |   -78.8824092278 |   0.000014 |   1.317481 |
 | 122 |   -78.8824091322 |   0.000013 |   1.317480 |
 | 123 |   -78.8824090414 |   0.000012 |   1.317479 |
 | 124 |   -78.8824089552 |   0.000012 |   1.317478 |
 | 125 |   -78.8824088734 |   0.000011 |   1.317477 |
 | 126 |   -78.8824087958 |   0.000010 |   1.317476 |
 | 127 |   -78.8824087221 |   0.000010 |   1.317475 |
 | 128 |   -78.8824086521 |   0.000009 |   1.317474 |
 | 129 |   -78.8824085857 |   0.000009 |   1.317474 |
 | 130 |   -78.8824085226 |   0.000008 |   1.317473 |
 | 131 |   -78.8824084628 |   0.000008 |   1.317472 |
 | 132 |   -78.8824084060 |   0.000008 |   1.317472 |
 | 133 |   -78.8824083521 |   0.000007 |   1.317471 |
 | 134 |   -78.8824083009 |   0.000007 |   1.317470 |
 | 135 |   -78.8824082523 |   0.000007 |   1.317470 |
 | 136 |   -78.8824082062 |   0.000006 |   1.317469 |
 | 137 |   -78.8824081624 |   0.000006 |   1.317469 |
 | 138 |   -78.8824081208 |   0.000006 |   1.317468 |
 | 139 |   -78.8824080814 |   0.000005 |   1.317468 |
 | 140 |   -78.8824080440 |   0.000005 |   1.317468 |
 | 141 |   -78.8824080084 |   0.000005 |   1.317467 |
 | 142 |   -78.8824079747 |   0.000005 |   1.317467 |
 | 143 |   -78.8824079427 |   0.000004 |   1.317466 |
 | 144 |   -78.8824079123 |   0.000004 |   1.317466 |
 | 145 |   -78.8824078834 |   0.000004 |   1.317466 |
 | 146 |   -78.8824078561 |   0.000004 |   1.317465 |
 | 147 |   -78.8824078301 |   0.000003 |   1.317465 |
 | 148 |   -78.8824078054 |   0.000003 |   1.317465 |
 | 149 |   -78.8824077820 |   0.000003 |   1.317465 |
 | 150 |   -78.8824077598 |   0.000003 |   1.317464 |
 | 151 |   -78.8824077387 |   0.000003 |   1.317464 |
 | 152 |   -78.8824077187 |   0.000003 |   1.317464 |
 | 153 |   -78.8824076997 |   0.000003 |   1.317464 |
 | 154 |   -78.8824076816 |   0.000002 |   1.317464 |
 | 155 |   -78.8824076645 |   0.000002 |   1.317463 |
 | 156 |   -78.8824076483 |   0.000002 |   1.317463 |
 | 157 |   -78.8824076328 |   0.000002 |   1.317463 |
 | 158 |   -78.8824076182 |   0.000002 |   1.317463 |
 | 159 |   -78.8824076043 |   0.000002 |   1.317463 |
 | 160 |   -78.8824075911 |   0.000002 |   1.317462 |
 | 161 |   -78.8824075786 |   0.000002 |   1.317462 |
 | 162 |   -78.8824075667 |   0.000002 |   1.317462 |
 | 163 |   -78.8824075554 |   0.000002 |   1.317462 |
 | 164 |   -78.8824075447 |   0.000001 |   1.317462 |
 | 165 |   -78.8824075346 |   0.000001 |   1.317462 |
 | 166 |   -78.8824075249 |   0.000001 |   1.317462 |
 | 167 |   -78.8824075158 |   0.000001 |   1.317462 |
 | 168 |   -78.8824075071 |   0.000001 |   1.317462 |
 | 169 |   -78.8824074988 |   0.000001 |   1.317461 |
 | 170 |   -78.8824074910 |   0.000001 |   1.317461 |
 | 171 |   -78.8824074836 |   0.000001 |   1.317461 |
 | 172 |   -78.8824074765 |   0.000001 |   1.317461 |
 | 173 |   -78.8824074698 |   0.000001 |   1.317461 |
 | 174 |   -78.8824074635 |   0.000001 |   1.317461 |
 | 175 |   -78.8824074575 |   0.000001 |   1.317461 |
 | 176 |   -78.8824074517 |   0.000001 |   1.317461 |
 | 177 |   -78.8824074463 |   0.000001 |   1.317461 |
 | 178 |   -78.8824074412 |   0.000001 |   1.317461 |
 | 179 |   -78.8824074363 |   0.000001 |   1.317461 |
 | 180 |   -78.8824074316 |   0.000001 |   1.317461 |
 | 181 |   -78.8824074272 |   0.000001 |   1.317461 |
 | 182 |   -78.8824074230 |   0.000001 |   1.317461 |
 | 183 |   -78.8824074191 |   0.000001 |   1.317461 |
 | 184 |   -78.8824074153 |   0.000001 |   1.317461 |
 | 185 |   -78.8824074117 |   0.000000 |   1.317460 |
 | 186 |   -78.8824074083 |   0.000000 |   1.317460 |
 | 187 |   -78.8824074051 |   0.000000 |   1.317460 |
 | 188 |   -78.8824074020 |   0.000000 |   1.317460 |
 | 189 |   -78.8824073991 |   0.000000 |   1.317460 |
 | 190 |   -78.8824073964 |   0.000000 |   1.317460 |
 | 191 |   -78.8824073938 |   0.000000 |   1.317460 |
 | 192 |   -78.8824073913 |   0.000000 |   1.317460 |
 | 193 |   -78.8824073889 |   0.000000 |   1.317460 |
 | 194 |   -78.8824073867 |   0.000000 |   1.317460 |
 | 195 |   -78.8824073846 |   0.000000 |   1.317460 |
 | 196 |   -78.8824073826 |   0.000000 |   1.317460 |
 | 197 |   -78.8824073806 |   0.000000 |   1.317460 |
 | 198 |   -78.8824073788 |   0.000000 |   1.317460 |
 | 199 |   -78.8824073771 |   0.000000 |   1.317460 |
 | 200 |   -78.8824073755 |   0.000000 |   1.317460 |
 | 201 |   -78.8824073739 |   0.000000 |   1.317460 |
 | 202 |   -78.8824073724 |   0.000000 |   1.317460 |
 | 203 |   -78.8824073710 |   0.000000 |   1.317460 |
 | 204 |   -78.8824073697 |   0.000000 |   1.317460 |
 | 205 |   -78.8824073685 |   0.000000 |   1.317460 |
 | 206 |   -78.8824073673 |   0.000000 |   1.317460 |
 | 207 |   -78.8824073661 |   0.000000 |   1.317460 |
 | 208 |   -78.8824073651 |   0.000000 |   1.317460 |
 | 209 |   -78.8824073640 |   0.000000 |   1.317460 |
 | 210 |   -78.8824073631 |   0.000000 |   1.317460 |
 | 211 |   -78.8824073621 |   0.000000 |   1.317460 |
 | 212 |   -78.8824073613 |   0.000000 |   1.317460 |
 | 213 |   -78.8824073604 |   0.000000 |   1.317460 |
 | 214 |   -78.8824073596 |   0.000000 |   1.317460 |
 | 215 |   -78.8824073589 |   0.000000 |   1.317460 |
 | 216 |   -78.8824074529 |   0.000000 |   0.317460 |
 ----------------------------------------------------

         -----------------------------------------
           Summary              
         -----------------------------------------
           One-electron energy:   -134.2090816689 au
           Kinetic      energy:     78.5070303444 au
           Potential    energy:   -212.7161120133 au
         -----------------------------------------
           Two-electron energy:     41.3484082736 au
           Hartree      energy:     51.5755634955 au
           Exchange     energy:    -10.2271552219 au
         -----------------------------------------
           Electronic   energy:    -92.8606733953 au
           Nuclear   repulsion:     13.9782659424 au
           RHF          energy:    -78.8824074529 au
         -----------------------------------------
           HF HOMO      energy:        -11.340929 eV
           HF LUMO      energy:         -2.702405 eV
           HF HOMO-LUMO gap   :          8.638524 eV
         -----------------------------------------
          Dipole moment (Debye)    
                   X         Y         Z      Tot.
            0.000000 -0.000000 -3.961797  3.961797
         -----------------------------------------

           ---------------------------------------
                 MO coefficients
           ---------------------------------------
                 1              2              3              4              5
      1    -0.00002045     0.99863687     0.01166645     0.00866155     0.00000000
      2    -0.00019959     0.00075741    -0.45830771     0.77890466     0.00000000
      3    -0.00070691     0.00179826     0.16277166    -0.16289170     0.00000000
      4     0.00000000     0.00000000     0.00000000     0.00000000    -0.35649361
      5     0.00000000     0.00000000     0.00000000     0.00000000    -0.41764040
      6     0.00057808    -0.00874925    -0.27397945     0.08146089     0.00000000
      7     0.00000000     0.00000000     0.00000000     0.00000000     0.05039705
      8     0.00000000     0.00000000     0.00000000     0.00000000     0.05904130
      9    -0.00067278     0.00358252     0.11612584    -0.11618472     0.00000000
     10    -0.00013221    -0.00261367     0.01579286    -0.00126655     0.00000000
     11     0.00000000     0.00000000     0.00000000     0.00000000     0.00000000
     12     0.00000000     0.00000000     0.00000000     0.00000000    -0.02870983
     13    -0.00013221    -0.00261367     0.01579286    -0.00126655     0.00000000
     14     0.00000000     0.00000000     0.00000000     0.00000000    -0.03363422
     15     0.00063403    -0.00536382    -0.03858581     0.01403430     0.00000000
     16    -1.00029442    -0.00061851     0.00441936    -0.00292391     0.00000000
     17    -0.00255773     0.00028805    -0.86419960    -0.43526864     0.00000000
     18     0.00033216     0.00669570     0.16629729    -0.15697495     0.00000000
     19     0.00000000     0.00000000     0.00000000     0.00000000    -0.45915392
     20     0.00000000     0.00000000     0.00000000     0.00000000    -0.53790931
     21     0.00214680    -0.00259770     0.15438032    -0.57206140     0.00000000
     22     0.00000000     0.00000000     0.00000000     0.00000000    -0.00317146
     23     0.00000000     0.00000000     0.00000000     0.00000000    -0.00371544
     24    -0.00147501    -0.00298829    -0.07433363     0.03008716     0.00000000
     25     0.00114702    -0.00052484     0.00372094    -0.00200411     0.00000000
     26     0.00000000     0.00000000     0.00000000     0.00000000     0.00000000
     27     0.00000000     0.00000000     0.00000000     0.00000000     0.02003522
     28     0.00114702    -0.00052484     0.00372094    -0.00200411     0.00000000
     29     0.00000000     0.00000000     0.00000000     0.00000000     0.02347171
     30     0.00093059     0.00199453    -0.01945764     0.02406516     0.00000000
                 6              7              8              9             10
      1     0.00000000     0.03076454     0.00000000     0.00000000     0.03888720
      2     0.00000000    -0.23010967     0.00000000     0.00000000     0.31749014
      3     0.00000000    -0.45896883     0.00000000     0.00000000     0.95537463
      4     0.41764040     0.00000000     0.42204684    -0.31238942     0.00000000
      5    -0.35649361     0.00000000     0.31238942     0.42204684     0.00000000
      6     0.00000000     0.64145173     0.00000000     0.00000000    -0.11348953
      7    -0.05904130     0.00000000     0.43326764    -0.32069480     0.00000000
      8     0.05039705     0.00000000     0.32069480     0.43326764     0.00000000
      9     0.00000000    -0.03719227     0.00000000     0.00000000     1.70157563
     10     0.00000000     0.01844041     0.00000000     0.00000000     0.00147487
     11     0.00000000     0.00000000     0.00000000     0.00000000     0.00000000
     12     0.03363422     0.00000000    -0.05716706     0.04231375     0.00000000
     13     0.00000000     0.01844041     0.00000000     0.00000000     0.00147487
     14    -0.02870983     0.00000000    -0.04231375    -0.05716706     0.00000000
     15     0.00000000    -0.00980105     0.00000000     0.00000000     0.08528820
     16     0.00000000     0.00839307     0.00000000     0.00000000     0.08951540
     17     0.00000000     0.02340438     0.00000000     0.00000000    -0.05402052
     18     0.00000000    -0.13047968     0.00000000     0.00000000    -1.69691045
     19     0.53790931     0.00000000    -0.41150884     0.30458943     0.00000000
     20    -0.45915392     0.00000000    -0.30458943    -0.41150884     0.00000000
     21     0.00000000    -0.47959177     0.00000000     0.00000000     0.12842182
     22     0.00371544     0.00000000    -0.23599139     0.17467543     0.00000000
     23    -0.00317146     0.00000000    -0.17467543    -0.23599139     0.00000000
     24     0.00000000    -0.04750849     0.00000000     0.00000000     0.34137173
     25     0.00000000     0.00011199     0.00000000     0.00000000     0.06351563
     26     0.00000000     0.00000000     0.00000000     0.00000000     0.00000000
     27    -0.02347171     0.00000000    -0.00654710     0.00484601     0.00000000
     28     0.00000000     0.00011199     0.00000000     0.00000000     0.06351563
     29     0.02003522     0.00000000    -0.00484601    -0.00654710     0.00000000
     30     0.00000000     0.02668280     0.00000000     0.00000000     0.01631744
                11             12             13             14             15
      1    -0.52830367     0.00000000     0.00000000     0.19345616     0.00000000
      2    -2.33880045     0.00000000     0.00000000     1.07284229     0.00000000
      3     3.44973222     0.00000000     0.00000000    -1.58318080     0.00000000
      4     0.00000000    -0.38212795     1.58083629     0.00000000     0.00000000
      5     0.00000000    -1.58083629    -0.38212795     0.00000000     0.00000000
      6     0.86930132     0.00000000     0.00000000     0.67392330     0.00000000
      7     0.00000000     0.41835873    -1.73072044     0.00000000     0.00000000
      8     0.00000000     1.73072044     0.41835873     0.00000000     0.00000000
      9    -0.54078599     0.00000000     0.00000000    -1.06799612     0.00000000
     10    -0.25532578     0.00000000     0.00000000     0.46348346     0.85541505
     11     0.00000000     0.00000000     0.00000000     0.00000000    -0.00068784
     12     0.00000000     0.01487868    -0.06155204     0.00000000     0.00000000
     13    -0.25532578     0.00000000     0.00000000     0.46348346    -0.85541505
     14     0.00000000     0.06155204     0.01487868     0.00000000     0.00000000
     15    -0.37347083     0.00000000     0.00000000    -0.79262982     0.00000000
     16     0.03416186     0.00000000     0.00000000    -0.01798483     0.00000000
     17    -0.02076011     0.00000000     0.00000000    -0.27070946     0.00000000
     18    -0.47231171     0.00000000     0.00000000     1.05837786     0.00000000
     19     0.00000000     0.02846960    -0.11777670     0.00000000     0.00000000
     20     0.00000000     0.11777670     0.02846960     0.00000000     0.00000000
     21    -0.12236962     0.00000000     0.00000000     0.62103897     0.00000000
     22     0.00000000    -0.01842725     0.07623225     0.00000000     0.00000000
     23     0.00000000    -0.07623225    -0.01842725     0.00000000     0.00000000
     24     0.16100105     0.00000000     0.00000000    -0.41059499     0.00000000
     25     0.02261939     0.00000000     0.00000000    -0.04039150     0.05554649
     26     0.00000000     0.00000000     0.00000000     0.00000000    -0.00004466
     27     0.00000000     0.01139984    -0.04716034     0.00000000     0.00000000
     28     0.02261939     0.00000000     0.00000000    -0.04039150    -0.05554649
     29     0.00000000     0.04716034     0.01139984     0.00000000     0.00000000
     30     0.01108098     0.00000000     0.00000000     0.10158490     0.00000000
                16             17             18             19             20
      1     0.00000000    -0.57262511     0.00000000     0.00000000     0.00000000
      2     0.00000000    -2.31290230     0.00000000     0.00000000     0.00000000
      3     0.00000000     1.17122565     0.00000000     0.00000000     0.00000000
      4     0.00000000     0.00000000     0.15286985     0.01195046     0.01676408
      5     0.00000000     0.00000000    -0.01195046     0.15286985    -0.00185423
      6     0.00000000    -1.39691729     0.00000000     0.00000000     0.00000000
      7     0.00000000     0.00000000     0.39371208     0.03077807    -0.25257857
      8     0.00000000     0.00000000    -0.03077807     0.39371208     0.02793699
      9     0.00000000     0.63142878     0.00000000     0.00000000     0.00000000
     10    -0.00059568     0.10036524     0.00000000     0.00000000     0.00000000
     11    -0.98774822     0.00000000     0.00000000     0.00000000     0.00000000
     12     0.00000000     0.00000000     1.11209441     0.08693694     0.36735901
     13     0.00059568     0.10036524     0.00000000     0.00000000     0.00000000
     14     0.00000000     0.00000000    -0.08693694     1.11209441    -0.04063253
     15     0.00000000    -0.41046736     0.00000000     0.00000000     0.00000000
     16     0.00000000     0.09478079     0.00000000     0.00000000     0.00000000
     17     0.00000000     0.62201890     0.00000000     0.00000000     0.00000000
     18     0.00000000     0.40627343     0.00000000     0.00000000     0.00000000
     19     0.00000000     0.00000000     0.33624247     0.02628544    -1.47850732
     20     0.00000000     0.00000000    -0.02628544     0.33624247     0.16353346
     21     0.00000000     0.60194951     0.00000000     0.00000000     0.00000000
     22     0.00000000     0.00000000    -1.27769108    -0.09988231     1.59432867
     23     0.00000000     0.00000000     0.09988231    -1.27769108    -0.17634413
     24     0.00000000    -1.98610894     0.00000000     0.00000000     0.00000000
     25    -0.00003868     0.09706690     0.00000000     0.00000000     0.00000000
     26    -0.06413956     0.00000000     0.00000000     0.00000000     0.00000000
     27     0.00000000     0.00000000    -0.04316678    -0.00337452     0.00772112
     28     0.00003868     0.09706690     0.00000000     0.00000000     0.00000000
     29     0.00000000     0.00000000     0.00337452    -0.04316678    -0.00085401
     30     0.00000000     0.02675884     0.00000000     0.00000000     0.00000000
                21             22             23             24             25
      1     0.00000000     0.27991520     0.13737678     0.07122225     0.00000000
      2     0.00000000     1.25873987    -1.00638763    -1.08046197     0.00000000
      3     0.00000000     1.01642254    -0.19075564    -0.53296192     0.00000000
      4     0.00185423     0.00000000     0.00000000     0.00000000     0.00000000
      5     0.01676408     0.00000000     0.00000000     0.00000000     0.00000000
      6     0.00000000     1.12311960    -0.11744615     1.34953891     0.00000000
      7    -0.02793699     0.00000000     0.00000000     0.00000000     0.00000000
      8    -0.25257857     0.00000000     0.00000000     0.00000000     0.00000000
      9     0.00000000     0.60106567     0.21681312    -0.37553864     0.00000000
     10     0.00000000    -0.35036626     1.17588984     0.73281787    -0.00040488
     11     0.00000000     0.00000000     0.00000000     0.00000000    -0.22479916
     12     0.04063253     0.00000000     0.00000000     0.00000000     0.00000000
     13     0.00000000    -0.35036626     1.17588984     0.73281787     0.00040488
     14     0.36735901     0.00000000     0.00000000     0.00000000     0.00000000
     15     0.00000000     0.47295910     0.22074118     2.10311539     0.00000000
     16     0.00000000     0.70098757     0.43818315    -0.33389366     0.00000000
     17     0.00000000     2.68870657     1.80129407    -1.33374944     0.00000000
     18     0.00000000    -5.79074615    -2.35599076     0.19227569     0.00000000
     19    -0.16353346     0.00000000     0.00000000     0.00000000     0.00000000
     20    -1.47850732     0.00000000     0.00000000     0.00000000     0.00000000
     21     0.00000000     0.60412430    -1.01481292     1.00385892     0.00000000
     22     0.17634413     0.00000000     0.00000000     0.00000000     0.00000000
     23     1.59432867     0.00000000     0.00000000     0.00000000     0.00000000
     24     0.00000000     0.54248724     1.40214184    -0.17126479     0.00000000
     25     0.00000000     0.18907925     0.14313948    -0.08705886     0.00182082
     26     0.00000000     0.00000000     0.00000000     0.00000000     1.01097161
     27     0.00085401     0.00000000     0.00000000     0.00000000     0.00000000
     28     0.00000000     0.18907925     0.14313948    -0.08705886    -0.00182082
     29     0.00772112     0.00000000     0.00000000     0.00000000     0.00000000
     30     0.00000000     0.43594756     0.12210642    -0.14831218     0.00000000
                26             27             28             29             30
      1     0.00000000     0.00000000     0.00000000     0.75505634     0.06234275
      2     0.00000000     0.00000000     0.00000000     3.06583249     0.10172403
      3     0.00000000     0.00000000     0.00000000    -1.08527991     0.73905404
      4     0.00000000    -0.59635516     0.00707022     0.00000000     0.00000000
      5     0.00000000     0.00707022     0.59635516     0.00000000     0.00000000
      6     0.00000000     0.00000000     0.00000000     2.06768236    -0.15577376
      7     0.00000000     0.11938938    -0.00141545     0.00000000     0.00000000
      8     0.00000000    -0.00141545    -0.11938938     0.00000000     0.00000000
      9     0.00000000     0.00000000     0.00000000    -0.62746516     0.59567044
     10     0.19468179     0.00000000     0.00000000    -0.21529741     0.03541475
     11    -0.00046751     0.00000000     0.00000000     0.00000000     0.00000000
     12     0.00000000    -0.64021005     0.00759015     0.00000000     0.00000000
     13    -0.19468179     0.00000000     0.00000000    -0.21529741     0.03541475
     14     0.00000000     0.00759015     0.64021005     0.00000000     0.00000000
     15     0.00000000     0.00000000     0.00000000     0.41541822    -0.16779669
     16     0.00000000     0.00000000     0.00000000     0.29257977    -0.02743313
     17     0.00000000     0.00000000     0.00000000     1.04131445    -2.22604654
     18     0.00000000     0.00000000     0.00000000    -3.09709990    -1.65424854
     19     0.00000000    -0.03447254     0.00040870     0.00000000     0.00000000
     20     0.00000000     0.00040870     0.03447254     0.00000000     0.00000000
     21     0.00000000     0.00000000     0.00000000     0.32201208    -0.24871476
     22     0.00000000     0.55284833    -0.00655442     0.00000000     0.00000000
     23     0.00000000    -0.00655442    -0.55284833     0.00000000     0.00000000
     24     0.00000000     0.00000000     0.00000000     1.24034970     0.51148447
     25    -0.87552710     0.00000000     0.00000000     0.65362925     1.54902047
     26     0.00210250     0.00000000     0.00000000     0.00000000     0.00000000
     27     0.00000000    -1.14776144     0.01360754     0.00000000     0.00000000
     28     0.87552710     0.00000000     0.00000000     0.65362925     1.54902047
     29     0.00000000     0.01360754     1.14776144     0.00000000     0.00000000
     30     0.00000000     0.00000000     0.00000000    -1.23746782     1.49200391

           ---------------------------------------
                     MO energies
           ---------------------------------------
                 1
      1   -15.61996873
      2    -7.74202152
      3    -1.06507786
      4    -0.49552156
      5    -0.41677145
      6    -0.41677145
      7    -0.09931155
      8     0.13719751
      9     0.13719751
     10     0.25351862
     11     0.40853100
     12     0.44139768
     13     0.44139768
     14     0.76695204
     15     0.86083922
     16     0.86083922
     17     0.88858213
     18     0.99343437
     19     0.99343437
     20     1.09834531
     21     1.09834531
     22     1.38135526
     23     1.61534294
     24     1.68231895
     25     2.15191666
     26     2.15191666
     27     2.47751018
     28     2.47751018
     29     2.88449494
     30     4.23054015

                                        Total CPU time for RHF =      3.438 seconds


 AO to MO transformation... Please be patient

                    Total CPU time for AO to MO transformation =      1.599 seconds


 ************************************************
 |      Configuration Interaction Singles       |
 ************************************************


 -------------------------------------------------------------
   CIS          calculation: singlet        manifold
 -------------------------------------------------------------
 | State |  Excitation energy (au) |  Excitation energy (eV) |
 -------------------------------------------------------------
 |     1 |               -0.027369 |               -0.744760 |
 |     2 |               -0.027369 |               -0.744760 |
 |     3 |                0.116824 |                3.178948 |
 |     4 |                0.196339 |                5.342654 |
 |     5 |                0.212111 |                5.771836 |
 |     6 |                0.212111 |                5.771836 |
 |     7 |                0.331838 |                9.029783 |
 |     8 |                0.331838 |                9.029783 |
 |     9 |                0.421331 |               11.465011 |
 |    10 |                0.421331 |               11.465011 |
 |    11 |                0.489639 |               13.323742 |
 |    12 |                0.522820 |               14.226649 |
 |    13 |                0.553306 |               15.056234 |
 |    14 |                0.553306 |               15.056234 |
 |    15 |                0.554084 |               15.077405 |
 |    16 |                0.566094 |               15.404202 |
 |    17 |                0.566094 |               15.404202 |
 |    18 |                0.625887 |               17.031265 |
 |    19 |                0.633672 |               17.243093 |
 |    20 |                0.648011 |               17.633281 |
 -------------------------------------------------------------

 ---------------------------------------------------------------
                 Transition dipole moment (au)                  
 ---------------------------------------------------------------
  #           X           Y           Z   dip. str.   osc. str.
 ---------------------------------------------------------------
  1    0.379013   -0.323345    0.000000    0.248203   -0.004529
  2    0.323345    0.379013   -0.000000    0.248203   -0.004529
  3    0.000000   -0.000000   -0.902410    0.814343    0.063423
  4    0.000000    0.000000   -0.000000    0.000000    0.000000
  5   -0.000000    0.000000   -0.000000    0.000000    0.000000
  6    0.000000    0.000000   -0.000000    0.000000    0.000000
  7    0.698039   -0.594962    0.000000    0.841238    0.186103
  8    0.594962    0.698039    0.000000    0.841238    0.186103
  9    0.211270    0.848891   -0.000000    0.765251    0.214949
 10   -0.848891    0.211270    0.000000    0.765251    0.214949
 ---------------------------------------------------------------

 -------------------------------------------------------------
 Excitation n.   1:  -0.744760 eV  f = -.0045  <S**2> = 0.0000
 -------------------------------------------------------------
  6 ->   7 =  -0.700398

 -------------------------------------------------------------
 Excitation n.   2:  -0.744760 eV  f = -.0045  <S**2> = 0.0000
 -------------------------------------------------------------
  5 ->   7 =   0.700398

 -------------------------------------------------------------
 Excitation n.   3:   3.178948 eV  f = 0.0634  <S**2> = 0.0000
 -------------------------------------------------------------
  4 ->   7 =  -0.626598
  5 ->   8 =   0.212756
  6 ->   9 =   0.212756

 -------------------------------------------------------------
 Excitation n.   4:   5.342654 eV  f = 0.0000  <S**2> = 0.0000
 -------------------------------------------------------------
  5 ->   8 =  -0.109739
  5 ->   9 =   0.475020
  5 ->  13 =  -0.090090
  6 ->   8 =  -0.475020
  6 ->   9 =  -0.109739
  6 ->  12 =   0.090090

 -------------------------------------------------------------
 Excitation n.   5:   5.771836 eV  f = 0.0000  <S**2> = 0.0000
 -------------------------------------------------------------
  5 ->   8 =   0.378975
  5 ->   9 =   0.309467
  5 ->  12 =  -0.094094
  6 ->   8 =   0.309467
  6 ->   9 =  -0.378975
  6 ->  13 =   0.094094

 -------------------------------------------------------------
 Excitation n.   6:   5.771836 eV  f = 0.0000  <S**2> = 0.0000
 -------------------------------------------------------------
  5 ->   8 =   0.309467
  5 ->   9 =  -0.378975
  5 ->  13 =   0.094094
  6 ->   8 =  -0.378975
  6 ->   9 =  -0.309467
  6 ->  12 =   0.094094

 -------------------------------------------------------------
 Excitation n.   7:   9.029783 eV  f = 0.1861  <S**2> = 0.0000
 -------------------------------------------------------------
  4 ->   8 =   0.155442
  4 ->   9 =  -0.670627
  4 ->  13 =   0.087971
  6 ->  10 =  -0.087081

 -------------------------------------------------------------
 Excitation n.   8:   9.029783 eV  f = 0.1861  <S**2> = 0.0000
 -------------------------------------------------------------
  4 ->   8 =   0.670627
  4 ->   9 =   0.155442
  4 ->  12 =  -0.087971
  5 ->  10 =   0.087081

 -------------------------------------------------------------
 Excitation n.   9:  11.465011 eV  f = 0.2149  <S**2> = 0.0000
 -------------------------------------------------------------
  5 ->  10 =  -0.617485
  5 ->  11 =  -0.082599
  6 ->  10 =  -0.307975

 -------------------------------------------------------------
 Excitation n.  10:  11.465011 eV  f = 0.2149  <S**2> = 0.0000
 -------------------------------------------------------------
  5 ->  10 =   0.307975
  6 ->  10 =  -0.617485
  6 ->  11 =  -0.082599

Thomas-Reiche-Kuhn sum rule =   0.856471

 ---------------------------------------------------------------------------------------------------
  CIS(D) correction 
 ---------------------------------------------------------------------------------------------------
      #             CIS (eV)          CIS(D) (eV)      Correction (eV)
 ---------------------------------------------------------------------------------------------------
      1           -0.744760            0.336435            1.081194
      2           -0.744760            0.336435            1.081194
      3            3.178948            3.834197            0.655249
      4            5.342654            6.993692            1.651038
      5            5.771836            7.369101            1.597265
      6            5.771836            7.369101            1.597265
      7            9.029783           10.315620            1.285838
      8            9.029783           10.315620            1.285838
      9           11.465011           11.318826           -0.146185
     10           11.465011           11.318826           -0.146185
 ---------------------------------------------------------------------------------------------------


 -------------------------------------------------------------
   CIS          calculation: triplet        manifold
 -------------------------------------------------------------
 | State |  Excitation energy (au) |  Excitation energy (eV) |
 -------------------------------------------------------------
 |     1 |               -0.063399 |               -1.725163 |
 |     2 |               -0.063399 |               -1.725163 |
 |     3 |               -0.012823 |               -0.348933 |
 |     4 |                0.138612 |                3.771824 |
 |     5 |                0.163347 |                4.444905 |
 |     6 |                0.163347 |                4.444905 |
 |     7 |                0.196339 |                5.342654 |
 |     8 |                0.248702 |                6.767539 |
 |     9 |                0.248702 |                6.767539 |
 |    10 |                0.389084 |               10.587514 |
 |    11 |                0.389084 |               10.587514 |
 |    12 |                0.478438 |               13.018971 |
 |    13 |                0.508944 |               13.849066 |
 |    14 |                0.536635 |               14.602592 |
 |    15 |                0.537245 |               14.619178 |
 |    16 |                0.537245 |               14.619178 |
 |    17 |                0.549600 |               14.955386 |
 |    18 |                0.549600 |               14.955386 |
 |    19 |                0.554084 |               15.077405 |
 |    20 |                0.617350 |               16.798959 |
 -------------------------------------------------------------

 -------------------------------------------------------------
 Excitation n.   1:  -1.725163 eV  f = 0.0000  <S**2> = 2.0000
 -------------------------------------------------------------
  5 ->   7 =  -0.693770
  5 ->  10 =   0.075552

 -------------------------------------------------------------
 Excitation n.   2:  -1.725163 eV  f = 0.0000  <S**2> = 2.0000
 -------------------------------------------------------------
  6 ->   7 =   0.693770
  6 ->  10 =  -0.075552

 -------------------------------------------------------------
 Excitation n.   3:  -0.348933 eV  f = 0.0000  <S**2> = 2.0000
 -------------------------------------------------------------
  4 ->   7 =   0.679080
  5 ->   8 =   0.103110
  6 ->   9 =   0.103110

 -------------------------------------------------------------
 Excitation n.   4:   3.771824 eV  f = 0.0000  <S**2> = 2.0000
 -------------------------------------------------------------
  4 ->   7 =   0.158208
  5 ->   8 =  -0.457626
  5 ->   9 =  -0.105721
  5 ->  12 =   0.097417
  6 ->   8 =   0.105721
  6 ->   9 =  -0.457626
  6 ->  13 =   0.097417

 -------------------------------------------------------------
 Excitation n.   5:   4.444905 eV  f = 0.0000  <S**2> = 2.0000
 -------------------------------------------------------------
  5 ->   8 =   0.312905
  5 ->   9 =  -0.370320
  5 ->  13 =   0.107794
  6 ->   8 =  -0.370320
  6 ->   9 =  -0.312905
  6 ->  12 =   0.107794

 -------------------------------------------------------------
 Excitation n.   6:   4.444905 eV  f = 0.0000  <S**2> = 2.0000
 -------------------------------------------------------------
  5 ->   8 =  -0.370320
  5 ->   9 =  -0.312905
  5 ->  12 =   0.107794
  6 ->   8 =  -0.312905
  6 ->   9 =   0.370320
  6 ->  13 =  -0.107794

 -------------------------------------------------------------
 Excitation n.   7:   5.342654 eV  f = 0.0000  <S**2> = 2.0000
 -------------------------------------------------------------
  5 ->   8 =   0.109739
  5 ->   9 =  -0.475020
  5 ->  13 =   0.090090
  6 ->   8 =   0.475020
  6 ->   9 =   0.109739
  6 ->  12 =  -0.090090

 -------------------------------------------------------------
 Excitation n.   8:   6.767539 eV  f = 0.0000  <S**2> = 2.0000
 -------------------------------------------------------------
  4 ->   8 =  -0.649244
  4 ->   9 =  -0.203668
  4 ->  12 =   0.150588

 -------------------------------------------------------------
 Excitation n.   9:   6.767539 eV  f = 0.0000  <S**2> = 2.0000
 -------------------------------------------------------------
  4 ->   8 =  -0.203668
  4 ->   9 =   0.649244
  4 ->  13 =  -0.150588

 -------------------------------------------------------------
 Excitation n.  10:  10.587514 eV  f = 0.0000  <S**2> = 2.0000
 -------------------------------------------------------------
  5 ->  10 =  -0.682826
  5 ->  11 =  -0.123750
  5 ->  14 =  -0.079179

Thomas-Reiche-Kuhn sum rule =   0.000000

 ---------------------------------------------------------------------------------------------------
  CIS(D) correction 
 ---------------------------------------------------------------------------------------------------
      #             CIS (eV)          CIS(D) (eV)      Correction (eV)
 ---------------------------------------------------------------------------------------------------
      1           -1.725163           -0.328263            1.396901
      2           -1.725163           -0.328263            1.396901
      3           -0.348933            1.170371            1.519304
      4            3.771824            5.531703            1.759879
      5            4.444905            6.270205            1.825301
      6            4.444905            6.270205            1.825301
      7            5.342654            6.980961            1.638307
      8            6.767539            8.532255            1.764716
      9            6.767539            8.532255            1.764716
     10           10.587514           10.635857            0.048344
 ---------------------------------------------------------------------------------------------------

                                        Total CPU time for CIS =      3.441 seconds


 ***********************************************************
 |  Random phase approximation calculation with exchange   |
 ***********************************************************

 You may have instabilities in linear response: A-B is not positive definite!!
 Problem in diagonalize_matrix (dsyev)!!

 -------------------------------------------------------------
   RPAx@HF      calculation: singlet        manifold
 -------------------------------------------------------------
 | State |  Excitation energy (au) |  Excitation energy (eV) |
 -------------------------------------------------------------
 |     1 |                     NaN |                     NaN |
 |     2 |                     NaN |                     NaN |
 |     3 |                     NaN |                     NaN |
 |     4 |                     NaN |                     NaN |
 |     5 |                     NaN |                     NaN |
 |     6 |                     NaN |                     NaN |
 |     7 |                     NaN |                     NaN |
 |     8 |                     NaN |                     NaN |
 |     9 |                     NaN |                     NaN |
 |    10 |                     NaN |                     NaN |
 |    11 |                     NaN |                     NaN |
 |    12 |                     NaN |                     NaN |
 |    13 |                     NaN |                     NaN |
 |    14 |                     NaN |                     NaN |
 |    15 |                     NaN |                     NaN |
 |    16 |                     NaN |                     NaN |
 |    17 |                     NaN |                     NaN |
 |    18 |                     NaN |                     NaN |
 |    19 |                     NaN |                     NaN |
 |    20 |                     NaN |                     NaN |
 -------------------------------------------------------------

 ---------------------------------------------------------------
                 Transition dipole moment (au)                  
 ---------------------------------------------------------------
  #           X           Y           Z   dip. str.   osc. str.
 ---------------------------------------------------------------
  1         NaN         NaN         NaN         NaN         NaN
  2         NaN         NaN         NaN         NaN         NaN
  3         NaN         NaN         NaN         NaN         NaN
  4         NaN         NaN         NaN         NaN         NaN
  5         NaN         NaN         NaN         NaN         NaN
  6         NaN         NaN         NaN         NaN         NaN
  7         NaN         NaN         NaN         NaN         NaN
  8         NaN         NaN         NaN         NaN         NaN
  9         NaN         NaN         NaN         NaN         NaN
 10         NaN         NaN         NaN         NaN         NaN
 ---------------------------------------------------------------

 -------------------------------------------------------------
 Excitation n.   1:        NaN eV  f =    NaN  <S**2> = 0.0000
 -------------------------------------------------------------

 -------------------------------------------------------------
 Excitation n.   2:        NaN eV  f =    NaN  <S**2> = 0.0000
 -------------------------------------------------------------

 -------------------------------------------------------------
 Excitation n.   3:        NaN eV  f =    NaN  <S**2> = 0.0000
 -------------------------------------------------------------

 -------------------------------------------------------------
 Excitation n.   4:        NaN eV  f =    NaN  <S**2> = 0.0000
 -------------------------------------------------------------

 -------------------------------------------------------------
 Excitation n.   5:        NaN eV  f =    NaN  <S**2> = 0.0000
 -------------------------------------------------------------

 -------------------------------------------------------------
 Excitation n.   6:        NaN eV  f =    NaN  <S**2> = 0.0000
 -------------------------------------------------------------

 -------------------------------------------------------------
 Excitation n.   7:        NaN eV  f =    NaN  <S**2> = 0.0000
 -------------------------------------------------------------

 -------------------------------------------------------------
 Excitation n.   8:        NaN eV  f =    NaN  <S**2> = 0.0000
 -------------------------------------------------------------

 -------------------------------------------------------------
 Excitation n.   9:        NaN eV  f =    NaN  <S**2> = 0.0000
 -------------------------------------------------------------

 -------------------------------------------------------------
 Excitation n.  10:        NaN eV  f =    NaN  <S**2> = 0.0000
 -------------------------------------------------------------

Thomas-Reiche-Kuhn sum rule =        NaN

 You may have instabilities in linear response: A-B is not positive definite!!
 Problem in diagonalize_matrix (dsyev)!!

 -------------------------------------------------------------
   RPAx@HF      calculation: triplet        manifold
 -------------------------------------------------------------
 | State |  Excitation energy (au) |  Excitation energy (eV) |
 -------------------------------------------------------------
 |     1 |                     NaN |                     NaN |
 |     2 |                     NaN |                     NaN |
 |     3 |                     NaN |                     NaN |
 |     4 |                     NaN |                     NaN |
 |     5 |                     NaN |                     NaN |
 |     6 |                     NaN |                     NaN |
 |     7 |                     NaN |                     NaN |
 |     8 |                     NaN |                     NaN |
 |     9 |                     NaN |                     NaN |
 |    10 |                     NaN |                     NaN |
 |    11 |                     NaN |                     NaN |
 |    12 |                     NaN |                     NaN |
 |    13 |                     NaN |                     NaN |
 |    14 |                     NaN |                     NaN |
 |    15 |                     NaN |                     NaN |
 |    16 |                     NaN |                     NaN |
 |    17 |                     NaN |                     NaN |
 |    18 |                     NaN |                     NaN |
 |    19 |                     NaN |                     NaN |
 |    20 |                     NaN |                     NaN |
 -------------------------------------------------------------

 -------------------------------------------------------------
 Excitation n.   1:        NaN eV  f = 0.0000  <S**2> = 2.0000
 -------------------------------------------------------------

 -------------------------------------------------------------
 Excitation n.   2:        NaN eV  f = 0.0000  <S**2> = 2.0000
 -------------------------------------------------------------

 -------------------------------------------------------------
 Excitation n.   3:        NaN eV  f = 0.0000  <S**2> = 2.0000
 -------------------------------------------------------------

 -------------------------------------------------------------
 Excitation n.   4:        NaN eV  f = 0.0000  <S**2> = 2.0000
 -------------------------------------------------------------

 -------------------------------------------------------------
 Excitation n.   5:        NaN eV  f = 0.0000  <S**2> = 2.0000
 -------------------------------------------------------------

 -------------------------------------------------------------
 Excitation n.   6:        NaN eV  f = 0.0000  <S**2> = 2.0000
 -------------------------------------------------------------

 -------------------------------------------------------------
 Excitation n.   7:        NaN eV  f = 0.0000  <S**2> = 2.0000
 -------------------------------------------------------------

 -------------------------------------------------------------
 Excitation n.   8:        NaN eV  f = 0.0000  <S**2> = 2.0000
 -------------------------------------------------------------

 -------------------------------------------------------------
 Excitation n.   9:        NaN eV  f = 0.0000  <S**2> = 2.0000
 -------------------------------------------------------------

 -------------------------------------------------------------
 Excitation n.  10:        NaN eV  f = 0.0000  <S**2> = 2.0000
 -------------------------------------------------------------

Thomas-Reiche-Kuhn sum rule =   0.000000


 -------------------------------------------------------------------------------
              Tr@RPAx correlation energy (singlet) =                 NaN
              Tr@RPAx correlation energy (triplet) =                 NaN
              Tr@RPAx correlation energy           =                 NaN
              Tr@RPAx total energy                 =                 NaN
 -------------------------------------------------------------------------------

                                       Total CPU time for RPAx =      0.242 seconds


 ************************************************
 |          One-shot G0W0 calculation           |
 ************************************************


 -------------------------------------------------------------
   RPA@HF       calculation: singlet        manifold
 -------------------------------------------------------------
 | State |  Excitation energy (au) |  Excitation energy (eV) |
 -------------------------------------------------------------
 |     1 |                0.339310 |                9.233087 |
 |     2 |                0.339310 |                9.233087 |
 |     3 |                0.475355 |               12.935078 |
 |     4 |                0.553969 |               15.074263 |
 |     5 |                0.586598 |               15.962136 |
 |     6 |                0.586598 |               15.962136 |
 |     7 |                0.675230 |               18.373954 |
 |     8 |                0.675230 |               18.373954 |
 |     9 |                0.700255 |               19.054908 |
 |    10 |                0.700255 |               19.054908 |
 |    11 |                0.761674 |               20.726209 |
 |    12 |                0.764904 |               20.814087 |
 |    13 |                0.837499 |               22.789519 |
 |    14 |                0.837499 |               22.789519 |
 |    15 |                0.858169 |               23.351971 |
 |    16 |                0.877582 |               23.880223 |
 |    17 |                0.877582 |               23.880223 |
 |    18 |                0.907306 |               24.689044 |
 |    19 |                0.973681 |               26.495220 |
 |    20 |                0.973681 |               26.495220 |
 -------------------------------------------------------------

  *** Quasiparticle energies obtained by linearization *** 

 -------------------------------------------------------------------------------
   One-shot G0W0 calculation
 -------------------------------------------------------------------------------
 |   # |       e_HF (eV) |      Sig_c (eV) |               Z |       e_QP (eV) |
 -------------------------------------------------------------------------------
 |   1 |     -425.040999 |       14.088072 |        0.769589 |     -414.198975 |
 |   2 |     -210.671136 |        6.179608 |        0.872978 |     -205.276474 |
 |   3 |      -28.982245 |        5.912870 |        0.298881 |      -27.214998 |
 |   4 |      -13.483828 |        0.054941 |        0.915631 |      -13.433523 |
 |   5 |      -11.340929 |        0.098421 |        0.929093 |      -11.249487 |
 |   6 |      -11.340929 |        0.098421 |        0.929093 |      -11.249487 |
 |   7 |       -2.702405 |       -0.657951 |        0.944862 |       -3.324078 |
 |   8 |        3.733334 |       -0.520140 |        0.951549 |        3.238396 |
 |   9 |        3.733334 |       -0.520140 |        0.951549 |        3.238396 |
 |  10 |        6.898593 |       -0.464608 |        0.972581 |        6.446724 |
 |  11 |       11.116695 |       -1.149963 |        0.819204 |       10.174641 |
 |  12 |       12.011043 |       -1.143647 |        0.950640 |       10.923846 |
 |  13 |       12.011043 |       -1.143647 |        0.950640 |       10.923846 |
 |  14 |       20.869828 |       -1.743497 |        0.632271 |       19.767465 |
 |  15 |       23.424628 |        0.353255 |        0.311672 |       23.534728 |
 |  16 |       23.424628 |        0.353255 |        0.311672 |       23.534728 |
 |  17 |       24.179551 |       -1.984226 |        0.728801 |       22.733446 |
 |  18 |       27.032726 |       -0.943537 |        0.696423 |       26.375626 |
 |  19 |       27.032726 |       -0.943537 |        0.696423 |       26.375626 |
 |  20 |       29.887498 |       -2.882677 |        0.266507 |       29.119244 |
 |  21 |       29.887498 |       -2.882677 |        0.266507 |       29.119244 |
 |  22 |       37.588591 |       -2.347196 |        0.370510 |       36.718931 |
 |  23 |       43.955720 |       -1.595738 |        0.161771 |       43.697577 |
 |  24 |       45.778230 |       -2.795506 |        0.014881 |       45.736630 |
 |  25 |       58.556635 |       -3.169175 |        0.414513 |       57.242972 |
 |  26 |       58.556635 |       -3.169175 |        0.414513 |       57.242972 |
 |  27 |       67.416486 |       -2.897890 |        0.213711 |       66.797176 |
 |  28 |       67.416486 |       -2.897890 |        0.213711 |       66.797176 |
 |  29 |       78.491105 |        1.173670 |        0.074028 |       78.577990 |
 |  30 |      115.118861 |        4.928495 |        0.028704 |      115.260329 |
 -------------------------------------------------------------------------------
          G0W0 HOMO      energy:     -11.249487 eV
          G0W0 LUMO      energy:      -3.324078 eV
          G0W0 HOMO-LUMO gap   :       7.925409 eV
 -------------------------------------------------------------------------------
    RPA@G0W0 total energy      :     -79.175651 au
    RPA@G0W0 correlation energy:      -0.293244 au
    GM@G0W0  total energy      :     -79.369431 au
    GM@G0W0  correlation energy:      -0.487023 au
 -------------------------------------------------------------------------------

 You may have instabilities in linear response: A-B is not positive definite!!
 Problem in diagonalize_matrix (dsyev)!!

 -------------------------------------------------------------
   BSE@GW       calculation: singlet        manifold
 -------------------------------------------------------------
 | State |  Excitation energy (au) |  Excitation energy (eV) |
 -------------------------------------------------------------
 |     1 |                     NaN |                     NaN |
 |     2 |                     NaN |                     NaN |
 |     3 |                     NaN |                     NaN |
 |     4 |                     NaN |                     NaN |
 |     5 |                     NaN |                     NaN |
 |     6 |                     NaN |                     NaN |
 |     7 |                     NaN |                     NaN |
 |     8 |                     NaN |                     NaN |
 |     9 |                     NaN |                     NaN |
 |    10 |                     NaN |                     NaN |
 |    11 |                     NaN |                     NaN |
 |    12 |                     NaN |                     NaN |
 |    13 |                     NaN |                     NaN |
 |    14 |                     NaN |                     NaN |
 |    15 |                     NaN |                     NaN |
 |    16 |                     NaN |                     NaN |
 |    17 |                     NaN |                     NaN |
 |    18 |                     NaN |                     NaN |
 |    19 |                     NaN |                     NaN |
 |    20 |                     NaN |                     NaN |
 -------------------------------------------------------------

 ---------------------------------------------------------------
                 Transition dipole moment (au)                  
 ---------------------------------------------------------------
  #           X           Y           Z   dip. str.   osc. str.
 ---------------------------------------------------------------
  1         NaN         NaN         NaN         NaN         NaN
  2         NaN         NaN         NaN         NaN         NaN
  3         NaN         NaN         NaN         NaN         NaN
  4         NaN         NaN         NaN         NaN         NaN
  5         NaN         NaN         NaN         NaN         NaN
  6         NaN         NaN         NaN         NaN         NaN
  7         NaN         NaN         NaN         NaN         NaN
  8         NaN         NaN         NaN         NaN         NaN
  9         NaN         NaN         NaN         NaN         NaN
 10         NaN         NaN         NaN         NaN         NaN
 ---------------------------------------------------------------

 -------------------------------------------------------------
 Excitation n.   1:        NaN eV  f =    NaN  <S**2> = 0.0000
 -------------------------------------------------------------

 -------------------------------------------------------------
 Excitation n.   2:        NaN eV  f =    NaN  <S**2> = 0.0000
 -------------------------------------------------------------

 -------------------------------------------------------------
 Excitation n.   3:        NaN eV  f =    NaN  <S**2> = 0.0000
 -------------------------------------------------------------

 -------------------------------------------------------------
 Excitation n.   4:        NaN eV  f =    NaN  <S**2> = 0.0000
 -------------------------------------------------------------

 -------------------------------------------------------------
 Excitation n.   5:        NaN eV  f =    NaN  <S**2> = 0.0000
 -------------------------------------------------------------

 -------------------------------------------------------------
 Excitation n.   6:        NaN eV  f =    NaN  <S**2> = 0.0000
 -------------------------------------------------------------

 -------------------------------------------------------------
 Excitation n.   7:        NaN eV  f =    NaN  <S**2> = 0.0000
 -------------------------------------------------------------

 -------------------------------------------------------------
 Excitation n.   8:        NaN eV  f =    NaN  <S**2> = 0.0000
 -------------------------------------------------------------

 -------------------------------------------------------------
 Excitation n.   9:        NaN eV  f =    NaN  <S**2> = 0.0000
 -------------------------------------------------------------

 -------------------------------------------------------------
 Excitation n.  10:        NaN eV  f =    NaN  <S**2> = 0.0000
 -------------------------------------------------------------

Thomas-Reiche-Kuhn sum rule =        NaN


 *** dynamical TDA activated ***

 ---------------------------------------------------------------------------------------------------
  First-order dynamical correction to static Bethe-Salpeter excitation energies                     
 ---------------------------------------------------------------------------------------------------
  BSE neutral excitation must be lower than the GW gap =   7.925409 eV
 ---------------------------------------------------------------------------------------------------
      #          Static (eV)         Dynamic (eV)      Correction (eV)         Renorm. (eV)
 ---------------------------------------------------------------------------------------------------
      1                 NaN                 NaN                 NaN                 NaN
      2                 NaN                 NaN                 NaN                 NaN
      3                 NaN                 NaN                 NaN                 NaN
      4                 NaN                 NaN                 NaN                 NaN
      5                 NaN                 NaN                 NaN                 NaN
      6                 NaN                 NaN                 NaN                 NaN
      7                 NaN                 NaN                 NaN                 NaN
      8                 NaN                 NaN                 NaN                 NaN
      9                 NaN                 NaN                 NaN                 NaN
     10                 NaN                 NaN                 NaN                 NaN
 ---------------------------------------------------------------------------------------------------

 You may have instabilities in linear response: A-B is not positive definite!!
 Problem in diagonalize_matrix (dsyev)!!

 -------------------------------------------------------------
   BSE@GW       calculation: triplet        manifold
 -------------------------------------------------------------
 | State |  Excitation energy (au) |  Excitation energy (eV) |
 -------------------------------------------------------------
 |     1 |                     NaN |                     NaN |
 |     2 |                     NaN |                     NaN |
 |     3 |                     NaN |                     NaN |
 |     4 |                     NaN |                     NaN |
 |     5 |                     NaN |                     NaN |
 |     6 |                     NaN |                     NaN |
 |     7 |                     NaN |                     NaN |
 |     8 |                     NaN |                     NaN |
 |     9 |                     NaN |                     NaN |
 |    10 |                     NaN |                     NaN |
 |    11 |                     NaN |                     NaN |
 |    12 |                     NaN |                     NaN |
 |    13 |                     NaN |                     NaN |
 |    14 |                     NaN |                     NaN |
 |    15 |                     NaN |                     NaN |
 |    16 |                     NaN |                     NaN |
 |    17 |                     NaN |                     NaN |
 |    18 |                     NaN |                     NaN |
 |    19 |                     NaN |                     NaN |
 |    20 |                     NaN |                     NaN |
 -------------------------------------------------------------

 -------------------------------------------------------------
 Excitation n.   1:        NaN eV  f = 0.0000  <S**2> = 2.0000
 -------------------------------------------------------------

 -------------------------------------------------------------
 Excitation n.   2:        NaN eV  f = 0.0000  <S**2> = 2.0000
 -------------------------------------------------------------

 -------------------------------------------------------------
 Excitation n.   3:        NaN eV  f = 0.0000  <S**2> = 2.0000
 -------------------------------------------------------------

 -------------------------------------------------------------
 Excitation n.   4:        NaN eV  f = 0.0000  <S**2> = 2.0000
 -------------------------------------------------------------

 -------------------------------------------------------------
 Excitation n.   5:        NaN eV  f = 0.0000  <S**2> = 2.0000
 -------------------------------------------------------------

 -------------------------------------------------------------
 Excitation n.   6:        NaN eV  f = 0.0000  <S**2> = 2.0000
 -------------------------------------------------------------

 -------------------------------------------------------------
 Excitation n.   7:        NaN eV  f = 0.0000  <S**2> = 2.0000
 -------------------------------------------------------------

 -------------------------------------------------------------
 Excitation n.   8:        NaN eV  f = 0.0000  <S**2> = 2.0000
 -------------------------------------------------------------

 -------------------------------------------------------------
 Excitation n.   9:        NaN eV  f = 0.0000  <S**2> = 2.0000
 -------------------------------------------------------------

 -------------------------------------------------------------
 Excitation n.  10:        NaN eV  f = 0.0000  <S**2> = 2.0000
 -------------------------------------------------------------

Thomas-Reiche-Kuhn sum rule =   0.000000


 *** dynamical TDA activated ***

 ---------------------------------------------------------------------------------------------------
  First-order dynamical correction to static Bethe-Salpeter excitation energies                     
 ---------------------------------------------------------------------------------------------------
  BSE neutral excitation must be lower than the GW gap =   7.925409 eV
 ---------------------------------------------------------------------------------------------------
      #          Static (eV)         Dynamic (eV)      Correction (eV)         Renorm. (eV)
 ---------------------------------------------------------------------------------------------------
      1                 NaN                 NaN                 NaN                 NaN
      2                 NaN                 NaN                 NaN                 NaN
      3                 NaN                 NaN                 NaN                 NaN
      4                 NaN                 NaN                 NaN                 NaN
      5                 NaN                 NaN                 NaN                 NaN
      6                 NaN                 NaN                 NaN                 NaN
      7                 NaN                 NaN                 NaN                 NaN
      8                 NaN                 NaN                 NaN                 NaN
      9                 NaN                 NaN                 NaN                 NaN
     10                 NaN                 NaN                 NaN                 NaN
 ---------------------------------------------------------------------------------------------------


 -------------------------------------------------------------------------------
          Tr@BSE@G0W0 correlation energy (singlet) =                 NaN
          Tr@BSE@G0W0 correlation energy (triplet) =                 NaN
          Tr@BSE@G0W0 correlation energy           =                 NaN
          Tr@BSE@G0W0 total energy                 =                 NaN
 -------------------------------------------------------------------------------

                                       Total CPU time for G0W0 =      0.752 seconds


 ************************************************
 |          One-shot G0T0 calculation           |
 ************************************************


 -------------------------------------------------------------
   pp-RPA (N+2) calculation: alpha-beta     manifold
 -------------------------------------------------------------
 | State |  Excitation energy (au) |  Excitation energy (eV) |
 -------------------------------------------------------------
 |     1 |                0.171961 |                4.679305 |
 |     2 |                0.321039 |                8.735926 |
 |     3 |                0.321039 |                8.735926 |
 |     4 |                0.372509 |               10.136493 |
 |     5 |                0.372509 |               10.136493 |
 |     6 |                0.393118 |               10.697293 |
 |     7 |                0.426983 |               11.618805 |
 |     8 |                0.546545 |               14.872255 |
 |     9 |                0.567902 |               15.453402 |
 |    10 |                0.567902 |               15.453402 |
 |    11 |                0.590087 |               16.057093 |
 |    12 |                0.590440 |               16.066700 |
 |    13 |                0.622211 |               16.931216 |
 |    14 |                0.622211 |               16.931216 |
 |    15 |                0.636520 |               17.320594 |
 |    16 |                0.636520 |               17.320594 |
 |    17 |                0.677574 |               18.437737 |
 |    18 |                0.677574 |               18.437737 |
 |    19 |                0.678608 |               18.465868 |
 |    20 |                0.684843 |               18.635538 |
 -------------------------------------------------------------


 -------------------------------------------------------------
   pp-RPA (N-2) calculation: alpha-beta     manifold
 -------------------------------------------------------------
 | State |  Excitation energy (au) |  Excitation energy (eV) |
 -------------------------------------------------------------
 |     1 |              -35.380161 |             -962.743223 |
 |     2 |              -23.761308 |             -646.578115 |
 |     3 |              -23.761306 |             -646.578058 |
 |     4 |              -18.382937 |             -500.225183 |
 |     5 |              -17.636489 |             -479.913324 |
 |     6 |              -17.539695 |             -477.279424 |
 |     7 |              -16.803894 |             -457.257245 |
 |     8 |              -16.774032 |             -456.444652 |
 |     9 |              -16.755209 |             -455.932459 |
 |    10 |              -16.755209 |             -455.932459 |
 |    11 |              -16.725143 |             -455.114335 |
 |    12 |              -16.725143 |             -455.114335 |
 |    13 |               -9.368988 |             -254.943149 |
 |    14 |               -9.336837 |             -254.068275 |
 |    15 |               -8.694553 |             -236.590841 |
 |    16 |               -8.671603 |             -235.966345 |
 |    17 |               -8.626338 |             -234.734604 |
 |    18 |               -8.626338 |             -234.734604 |
 |    19 |               -8.616613 |             -234.469970 |
 |    20 |               -8.616613 |             -234.469970 |
 -------------------------------------------------------------


 -------------------------------------------------------------
   pp-RPA (N+2) calculation: alpha-alpha    manifold
 -------------------------------------------------------------
 | State |  Excitation energy (au) |  Excitation energy (eV) |
 -------------------------------------------------------------
 |     1 |                0.321039 |                8.735926 |
 |     2 |                0.321039 |                8.735926 |
 |     3 |                0.393118 |               10.697293 |
 |     4 |                0.546545 |               14.872255 |
 |     5 |                0.590087 |               16.057093 |
 |     6 |                0.622211 |               16.931216 |
 |     7 |                0.622211 |               16.931216 |
 |     8 |                0.677574 |               18.437737 |
 |     9 |                0.677574 |               18.437737 |
 |    10 |                0.804386 |               21.888454 |
 |    11 |                0.804386 |               21.888454 |
 |    12 |                0.845597 |               23.009878 |
 |    13 |                0.845597 |               23.009878 |
 |    14 |                0.855453 |               23.278075 |
 |    15 |                0.876148 |               23.841190 |
 |    16 |                0.883525 |               24.041935 |
 |    17 |                0.930942 |               25.332225 |
 |    18 |                0.930942 |               25.332225 |
 |    19 |                0.996969 |               27.128900 |
 |    20 |                1.059413 |               28.828102 |
 -------------------------------------------------------------


 -------------------------------------------------------------
   pp-RPA (N-2) calculation: alpha-alpha    manifold
 -------------------------------------------------------------
 | State |  Excitation energy (au) |  Excitation energy (eV) |
 -------------------------------------------------------------
 |     1 |              -23.761306 |             -646.578058 |
 |     2 |              -17.539695 |             -477.279424 |
 |     3 |              -16.774032 |             -456.444652 |
 |     4 |              -16.725143 |             -455.114335 |
 |     5 |              -16.725143 |             -455.114335 |
 |     6 |               -9.336837 |             -254.068275 |
 |     7 |               -8.671603 |             -235.966345 |
 |     8 |               -8.616613 |             -234.469970 |
 |     9 |               -8.616613 |             -234.469970 |
 |    10 |               -1.977977 |              -53.823504 |
 |    11 |               -1.934140 |              -52.630627 |
 |    12 |               -1.934140 |              -52.630627 |
 |    13 |               -1.325207 |              -36.060727 |
 |    14 |               -1.325207 |              -36.060727 |
 |    15 |               -1.269710 |              -34.550561 |
 -------------------------------------------------------------

 -------------------------------------------------------------------------------
   One-shot G0T0 calculation (T-matrix self-energy)  
 -------------------------------------------------------------------------------
 |   # |       e_HF (eV) |    Sigma_T (eV) |               Z |       e_QP (eV) |
 -------------------------------------------------------------------------------
 |   1 |     -425.040999 |       20.192857 |        0.690104 |     -411.105828 |
 |   2 |     -210.671136 |        6.302522 |        0.864322 |     -205.223728 |
 |   3 |      -28.982245 |        4.109075 |        0.835183 |      -25.550413 |
 |   4 |      -13.483828 |        0.751525 |        0.928002 |      -12.786411 |
 |   5 |      -11.340929 |        0.631240 |        0.933282 |      -10.751803 |
 |   6 |      -11.340929 |        0.631240 |        0.933282 |      -10.751803 |
 |   7 |       -2.702405 |       -0.876712 |        0.958165 |       -3.542440 |
 |   8 |        3.733334 |       -0.663389 |        0.964968 |        3.093185 |
 |   9 |        3.733334 |       -0.663389 |        0.964968 |        3.093185 |
 |  10 |        6.898593 |       -0.586998 |        0.978833 |        6.324020 |
 |  11 |       11.116695 |       -1.240534 |        0.956404 |        9.930242 |
 |  12 |       12.011043 |       -1.023849 |        0.966798 |       11.021188 |
 |  13 |       12.011043 |       -1.023849 |        0.966798 |       11.021188 |
 |  14 |       20.869828 |        0.496237 |        0.108691 |       20.923765 |
 |  15 |       23.424628 |       -1.009670 |        0.930639 |       22.484990 |
 |  16 |       23.424628 |       -1.009670 |        0.930639 |       22.484990 |
 |  17 |       24.179551 |     -176.144541 |        0.000009 |       24.177956 |
 |  18 |       27.032726 |       -0.578749 |        0.131864 |       26.956410 |
 |  19 |       27.032726 |       -0.578749 |        0.131864 |       26.956410 |
 |  20 |       29.887498 |       -2.386133 |        0.122067 |       29.596230 |
 |  21 |       29.887498 |       -2.386133 |        0.122067 |       29.596230 |
 |  22 |       37.588591 |       -3.286028 |        0.503502 |       35.934069 |
 |  23 |       43.955720 |       -9.635283 |        0.016035 |       43.801220 |
 |  24 |       45.778230 |       -0.136689 |        0.229564 |       45.746852 |
 |  25 |       58.556635 |       -2.621296 |        0.248106 |       57.906277 |
 |  26 |       58.556635 |       -2.621296 |        0.248106 |       57.906277 |
 |  27 |       67.416486 |        0.876077 |        0.062759 |       67.471468 |
 |  28 |       67.416486 |        0.876077 |        0.062759 |       67.471468 |
 |  29 |       78.491105 |       -5.019993 |        0.074229 |       78.118478 |
 |  30 |      115.118861 |       -5.061898 |        0.054560 |      114.842682 |
 -------------------------------------------------------------------------------
             G0T0 HOMO      energy (eV)            =     -10.751803 eV
             G0T0 LUMO      energy (eV)            =      -3.542440 eV
             G0T0 HOMO-LUMO gap    (eV)            =       7.209363 eV
 -------------------------------------------------------------------------------
        Tr@ppRPA@G0T0 correlation energy (singlet) =       -0.1201586456 au
        Tr@ppRPA@G0T0 correlation energy (triplet) =       -0.0861366729 au
        Tr@ppRPA@G0T0 correlation energy           =       -0.2062953184 au
        Tr@ppRPA@G0T0 total energy                 =      -79.0887027713 au
              GM@G0T0 correlation energy           =       -0.3292718957 au
              GM@G0T0 total energy                 =      -79.2116793486 au
 -------------------------------------------------------------------------------

 You may have instabilities in linear response: A-B is not positive definite!!
 Problem in diagonalize_matrix (dsyev)!!

 -------------------------------------------------------------
   BSE@GT       calculation: singlet        manifold
 -------------------------------------------------------------
 | State |  Excitation energy (au) |  Excitation energy (eV) |
 -------------------------------------------------------------
 |     1 |                     NaN |                     NaN |
 |     2 |                     NaN |                     NaN |
 |     3 |                     NaN |                     NaN |
 |     4 |                     NaN |                     NaN |
 |     5 |                     NaN |                     NaN |
 |     6 |                     NaN |                     NaN |
 |     7 |                     NaN |                     NaN |
 |     8 |                     NaN |                     NaN |
 |     9 |                     NaN |                     NaN |
 |    10 |                     NaN |                     NaN |
 |    11 |                     NaN |                     NaN |
 |    12 |                     NaN |                     NaN |
 |    13 |                     NaN |                     NaN |
 |    14 |                     NaN |                     NaN |
 |    15 |                     NaN |                     NaN |
 |    16 |                     NaN |                     NaN |
 |    17 |                     NaN |                     NaN |
 |    18 |                     NaN |                     NaN |
 |    19 |                     NaN |                     NaN |
 |    20 |                     NaN |                     NaN |
 -------------------------------------------------------------

 ---------------------------------------------------------------
                 Transition dipole moment (au)                  
 ---------------------------------------------------------------
  #           X           Y           Z   dip. str.   osc. str.
 ---------------------------------------------------------------
  1         NaN         NaN         NaN         NaN         NaN
  2         NaN         NaN         NaN         NaN         NaN
  3         NaN         NaN         NaN         NaN         NaN
  4         NaN         NaN         NaN         NaN         NaN
  5         NaN         NaN         NaN         NaN         NaN
  6         NaN         NaN         NaN         NaN         NaN
  7         NaN         NaN         NaN         NaN         NaN
  8         NaN         NaN         NaN         NaN         NaN
  9         NaN         NaN         NaN         NaN         NaN
 10         NaN         NaN         NaN         NaN         NaN
 ---------------------------------------------------------------

 -------------------------------------------------------------
 Excitation n.   1:        NaN eV  f =    NaN  <S**2> = 0.0000
 -------------------------------------------------------------

 -------------------------------------------------------------
 Excitation n.   2:        NaN eV  f =    NaN  <S**2> = 0.0000
 -------------------------------------------------------------

 -------------------------------------------------------------
 Excitation n.   3:        NaN eV  f =    NaN  <S**2> = 0.0000
 -------------------------------------------------------------

 -------------------------------------------------------------
 Excitation n.   4:        NaN eV  f =    NaN  <S**2> = 0.0000
 -------------------------------------------------------------

 -------------------------------------------------------------
 Excitation n.   5:        NaN eV  f =    NaN  <S**2> = 0.0000
 -------------------------------------------------------------

 -------------------------------------------------------------
 Excitation n.   6:        NaN eV  f =    NaN  <S**2> = 0.0000
 -------------------------------------------------------------

 -------------------------------------------------------------
 Excitation n.   7:        NaN eV  f =    NaN  <S**2> = 0.0000
 -------------------------------------------------------------

 -------------------------------------------------------------
 Excitation n.   8:        NaN eV  f =    NaN  <S**2> = 0.0000
 -------------------------------------------------------------

 -------------------------------------------------------------
 Excitation n.   9:        NaN eV  f =    NaN  <S**2> = 0.0000
 -------------------------------------------------------------

 -------------------------------------------------------------
 Excitation n.  10:        NaN eV  f =    NaN  <S**2> = 0.0000
 -------------------------------------------------------------

Thomas-Reiche-Kuhn sum rule =        NaN


 *** dynamical TDA activated ***

 ---------------------------------------------------------------------------------------------------
  First-order dynamical correction to static Bethe-Salpeter excitation energies                     
 ---------------------------------------------------------------------------------------------------
  BSE neutral excitation must be lower than the GT gap =   7.209363 eV
 ---------------------------------------------------------------------------------------------------
      #          Static (eV)         Dynamic (eV)      Correction (eV)         Renorm. (eV)
 ---------------------------------------------------------------------------------------------------
      1                 NaN                 NaN                 NaN                 NaN
      2                 NaN                 NaN                 NaN                 NaN
      3                 NaN                 NaN                 NaN                 NaN
      4                 NaN                 NaN                 NaN                 NaN
      5                 NaN                 NaN                 NaN                 NaN
      6                 NaN                 NaN                 NaN                 NaN
      7                 NaN                 NaN                 NaN                 NaN
      8                 NaN                 NaN                 NaN                 NaN
      9                 NaN                 NaN                 NaN                 NaN
     10                 NaN                 NaN                 NaN                 NaN
 ---------------------------------------------------------------------------------------------------

 You may have instabilities in linear response: A-B is not positive definite!!
 Problem in diagonalize_matrix (dsyev)!!

 -------------------------------------------------------------
   BSE@GT       calculation: triplet        manifold
 -------------------------------------------------------------
 | State |  Excitation energy (au) |  Excitation energy (eV) |
 -------------------------------------------------------------
 |     1 |                     NaN |                     NaN |
 |     2 |                     NaN |                     NaN |
 |     3 |                     NaN |                     NaN |
 |     4 |                     NaN |                     NaN |
 |     5 |                     NaN |                     NaN |
 |     6 |                     NaN |                     NaN |
 |     7 |                     NaN |                     NaN |
 |     8 |                     NaN |                     NaN |
 |     9 |                     NaN |                     NaN |
 |    10 |                     NaN |                     NaN |
 |    11 |                     NaN |                     NaN |
 |    12 |                     NaN |                     NaN |
 |    13 |                     NaN |                     NaN |
 |    14 |                     NaN |                     NaN |
 |    15 |                     NaN |                     NaN |
 |    16 |                     NaN |                     NaN |
 |    17 |                     NaN |                     NaN |
 |    18 |                     NaN |                     NaN |
 |    19 |                     NaN |                     NaN |
 |    20 |                     NaN |                     NaN |
 -------------------------------------------------------------

 -------------------------------------------------------------
 Excitation n.   1:        NaN eV  f = 0.0000  <S**2> = 2.0000
 -------------------------------------------------------------

 -------------------------------------------------------------
 Excitation n.   2:        NaN eV  f = 0.0000  <S**2> = 2.0000
 -------------------------------------------------------------

 -------------------------------------------------------------
 Excitation n.   3:        NaN eV  f = 0.0000  <S**2> = 2.0000
 -------------------------------------------------------------

 -------------------------------------------------------------
 Excitation n.   4:        NaN eV  f = 0.0000  <S**2> = 2.0000
 -------------------------------------------------------------

 -------------------------------------------------------------
 Excitation n.   5:        NaN eV  f = 0.0000  <S**2> = 2.0000
 -------------------------------------------------------------

 -------------------------------------------------------------
 Excitation n.   6:        NaN eV  f = 0.0000  <S**2> = 2.0000
 -------------------------------------------------------------

 -------------------------------------------------------------
 Excitation n.   7:        NaN eV  f = 0.0000  <S**2> = 2.0000
 -------------------------------------------------------------

 -------------------------------------------------------------
 Excitation n.   8:        NaN eV  f = 0.0000  <S**2> = 2.0000
 -------------------------------------------------------------

 -------------------------------------------------------------
 Excitation n.   9:        NaN eV  f = 0.0000  <S**2> = 2.0000
 -------------------------------------------------------------

 -------------------------------------------------------------
 Excitation n.  10:        NaN eV  f = 0.0000  <S**2> = 2.0000
 -------------------------------------------------------------

Thomas-Reiche-Kuhn sum rule =   0.000000


 *** dynamical TDA activated ***

 ---------------------------------------------------------------------------------------------------
  First-order dynamical correction to static Bethe-Salpeter excitation energies                     
 ---------------------------------------------------------------------------------------------------
  BSE neutral excitation must be lower than the GT gap =   7.209363 eV
 ---------------------------------------------------------------------------------------------------
      #          Static (eV)         Dynamic (eV)      Correction (eV)         Renorm. (eV)
 ---------------------------------------------------------------------------------------------------
      1                 NaN                 NaN                 NaN                 NaN
      2                 NaN                 NaN                 NaN                 NaN
      3                 NaN                 NaN                 NaN                 NaN
      4                 NaN                 NaN                 NaN                 NaN
      5                 NaN                 NaN                 NaN                 NaN
      6                 NaN                 NaN                 NaN                 NaN
      7                 NaN                 NaN                 NaN                 NaN
      8                 NaN                 NaN                 NaN                 NaN
      9                 NaN                 NaN                 NaN                 NaN
     10                 NaN                 NaN                 NaN                 NaN
 ---------------------------------------------------------------------------------------------------


 -------------------------------------------------------------------------------
          Tr@BSE@G0T0 correlation energy (singlet) =                 NaN au
          Tr@BSE@G0T0 correlation energy (triplet) =                 NaN au
          Tr@BSE@G0T0 correlation energy           =                 NaN au
          Tr@BSE@G0T0 total energy                 =                 NaN au
 -------------------------------------------------------------------------------

                                       Total CPU time for G0T0 =      6.598 seconds

                                      Total CPU time for QuAcK =     16.113 seconds

