78 significant shell pairs computed in 0.000158 seconds
0
Computed Electron repulsion integrals Integrals in parallel in 0.784927 seconds

 ******************************************************************************************
 *            QuAcK                       QuAcK                         QuAcK             *
 *   __        __        __       __        __        __       __        __        __     *
 * <(o )___  <(o )___  <(o )___ <(o )___  <(o )___  <(o )___ <(o )___  <(o )___  <(o )___ *
 * ( ._> /   ( ._> /   ( ._> /  ( ._> /   ( ._> /   ( ._> /  ( ._> /   ( ._> /   ( ._> /  *
 *|--------------------------------------------------------------------------------------|*
 ******************************************************************************************

      ----------------------
             Number of atoms                2
      ----------------------

      ----------------------
Number of spin-up   electron                7
Number of spin-down electron                7
    Total number of electron               14
      ----------------------

      ----------------------
Number of core      electron                0
Number of Rydberg   electron                0
      ----------------------

          ------------------
          Molecular geometry
          ------------------
                    Atom n.                 1
                        Z =      6.0000000000
           Atom coordinates:     0.0000000000    0.0000000000    0.0000000000
                    Atom n.                 2
                        Z =      8.0000000000
           Atom coordinates:     0.0000000000    0.0000000000    2.1316110695

          ------------------
 Nuclear repulsion energy =     22.5181791776
          ------------------

          Gaussian basis set
          ------------------
                    Atom n.                 1
           number of shells                 6
          ------------------
      s-type shell with K =                 9
                                    Exponents     Contraction
                              6665.0000000000    0.0006920000
                              1000.0000000000    0.0053290000
                               228.0000000000    0.0270770000
                                64.7100000000    0.1017180000
                                21.0600000000    0.2747400000
                                 7.4950000000    0.4485640000
                                 2.7970000000    0.2850740000
                                 0.5215000000    0.0152040000
                                 0.1596000000   -0.0031910000
      s-type shell with K =                 9
                                    Exponents     Contraction
                              6665.0000000000   -0.0001460000
                              1000.0000000000   -0.0011540000
                               228.0000000000   -0.0057250000
                                64.7100000000   -0.0233120000
                                21.0600000000   -0.0639550000
                                 7.4950000000   -0.1499810000
                                 2.7970000000   -0.1272620000
                                 0.5215000000    0.5445290000
                                 0.1596000000    0.5804960000
      s-type shell with K =                 1
                                    Exponents     Contraction
                                 0.1596000000    1.0000000000
      p-type shell with K =                 4
                                    Exponents     Contraction
                                 9.4390000000    0.0381090000
                                 2.0020000000    0.2094800000
                                 0.5456000000    0.5085570000
                                 0.1517000000    0.4688420000
      p-type shell with K =                 1
                                    Exponents     Contraction
                                 0.1517000000    1.0000000000
      d-type shell with K =                 1
                                    Exponents     Contraction
                                 0.5500000000    1.0000000000
          ------------------
                    Atom n.                 2
           number of shells                 6
          ------------------
      s-type shell with K =                 9
                                    Exponents     Contraction
                             11720.0000000000    0.0007100000
                              1759.0000000000    0.0054700000
                               400.8000000000    0.0278370000
                               113.7000000000    0.1048000000
                                37.0300000000    0.2830620000
                                13.2700000000    0.4487190000
                                 5.0250000000    0.2709520000
                                 1.0130000000    0.0154580000
                                 0.3023000000   -0.0025850000
      s-type shell with K =                 9
                                    Exponents     Contraction
                             11720.0000000000   -0.0001600000
                              1759.0000000000   -0.0012630000
                               400.8000000000   -0.0062670000
                               113.7000000000   -0.0257160000
                                37.0300000000   -0.0709240000
                                13.2700000000   -0.1654110000
                                 5.0250000000   -0.1169550000
                                 1.0130000000    0.5573680000
                                 0.3023000000    0.5727590000
      s-type shell with K =                 1
                                    Exponents     Contraction
                                 0.3023000000    1.0000000000
      p-type shell with K =                 4
                                    Exponents     Contraction
                                17.7000000000    0.0430180000
                                 3.8540000000    0.2289130000
                                 1.0460000000    0.5087280000
                                 0.2753000000    0.4605310000
      p-type shell with K =                 1
                                    Exponents     Contraction
                                 0.2753000000    1.0000000000
      d-type shell with K =                 1
                                    Exponents     Contraction
                                 1.1850000000    1.0000000000
          ------------------
            Number of shells               12
          ------------------

          ------------------
   Number of basis functions               30
          ------------------

 Scaling integrals by    1.0000000000000000     

                          Total CPU time for reading integrals =      0.039 seconds


 ************************************************
 |    Restricted Hartree-Fock calculation       |
 ************************************************


 ----------------------------------------------------
 | RHF calculation                                  |
 ----------------------------------------------------
 |   # |        HF energy |       Conv |     HL Gap |
 ----------------------------------------------------
 |   1 |  -116.7236442343 |   0.433238 |   0.651115 |
 |   2 |  -111.3809845350 |   0.163746 |   0.712554 |
 |   3 |  -113.4952623771 |   0.122228 |   0.677533 |
 |   4 |  -112.1816468023 |   0.110949 |   0.718596 |
 |   5 |  -113.2190338927 |   0.098246 |   0.683340 |
 |   6 |  -112.3469332777 |   0.081405 |   0.716058 |
 |   7 |  -113.0954754146 |   0.073573 |   0.688838 |
 |   8 |  -112.4513288429 |   0.060622 |   0.713419 |
 |   9 |  -113.0066709456 |   0.054516 |   0.692860 |
 |  10 |  -112.5280708883 |   0.045258 |   0.711165 |
 |  11 |  -112.9406433031 |   0.040327 |   0.695751 |
 |  12 |  -112.5850914036 |   0.033763 |   0.709347 |
 |  13 |  -112.8915238628 |   0.029838 |   0.697835 |
 |  14 |  -112.6274692687 |   0.025158 |   0.707924 |
 |  15 |  -112.8550144331 |   0.022091 |   0.699345 |
 |  16 |  -112.6589509193 |   0.018728 |   0.706829 |
 |  17 |  -112.8278930175 |   0.016365 |   0.700444 |
 |  18 |  -112.6823303424 |   0.013931 |   0.705995 |
 |  19 |  -112.8077519921 |   0.012129 |   0.701247 |
 |  20 |  -112.6996893613 |   0.010357 |   0.705365 |
 |  21 |  -112.7927974257 |   0.008993 |   0.701837 |
 |  22 |  -112.7125768708 |   0.007697 |   0.704892 |
 |  23 |  -112.7816948698 |   0.006669 |   0.702271 |
 |  24 |  -112.7221441170 |   0.005718 |   0.704537 |
 |  25 |  -112.7734525820 |   0.004948 |   0.702590 |
 |  26 |  -112.7292462877 |   0.004247 |   0.704272 |
 |  27 |  -112.7673338884 |   0.003671 |   0.702826 |
 |  28 |  -112.7345184414 |   0.003154 |   0.704075 |
 |  29 |  -112.7627917367 |   0.002724 |   0.703001 |
 |  30 |  -112.7384320857 |   0.002342 |   0.703927 |
 |  31 |  -112.7594199515 |   0.002021 |   0.703130 |
 |  32 |  -112.7413372644 |   0.001739 |   0.703818 |
 |  33 |  -112.7569169831 |   0.001500 |   0.703226 |
 |  34 |  -112.7434938342 |   0.001291 |   0.703736 |
 |  35 |  -112.7550589683 |   0.001114 |   0.703297 |
 |  36 |  -112.7450946962 |   0.000959 |   0.703676 |
 |  37 |  -112.7536797217 |   0.000826 |   0.703350 |
 |  38 |  -112.7462830456 |   0.000712 |   0.703631 |
 |  39 |  -112.7526558771 |   0.000613 |   0.703389 |
 |  40 |  -112.7471651795 |   0.000528 |   0.703597 |
 |  41 |  -112.7518958558 |   0.000455 |   0.703418 |
 |  42 |  -112.7478200039 |   0.000392 |   0.703572 |
 |  43 |  -112.7513316765 |   0.000338 |   0.703439 |
 |  44 |  -112.7483060923 |   0.000291 |   0.703554 |
 |  45 |  -112.7509128749 |   0.000251 |   0.703455 |
 |  46 |  -112.7486669249 |   0.000216 |   0.703540 |
 |  47 |  -112.7506019901 |   0.000186 |   0.703467 |
 |  48 |  -112.7489347778 |   0.000160 |   0.703530 |
 |  49 |  -112.7503712141 |   0.000138 |   0.703476 |
 |  50 |  -112.7491336102 |   0.000119 |   0.703523 |
 |  51 |  -112.7501999046 |   0.000103 |   0.703482 |
 |  52 |  -112.7492812072 |   0.000088 |   0.703517 |
 |  53 |  -112.7500727382 |   0.000076 |   0.703487 |
 |  54 |  -112.7493907713 |   0.000066 |   0.703513 |
 |  55 |  -112.7499783401 |   0.000057 |   0.703490 |
 |  56 |  -112.7494721029 |   0.000049 |   0.703510 |
 |  57 |  -112.7499082666 |   0.000042 |   0.703493 |
 |  58 |  -112.7495324769 |   0.000036 |   0.703507 |
 |  59 |  -112.7498562496 |   0.000031 |   0.703495 |
 |  60 |  -112.7495772937 |   0.000027 |   0.703506 |
 |  61 |  -112.7498176364 |   0.000023 |   0.703497 |
 |  62 |  -112.7496105620 |   0.000020 |   0.703504 |
 |  63 |  -112.7497889731 |   0.000017 |   0.703498 |
 |  64 |  -112.7496352578 |   0.000015 |   0.703504 |
 |  65 |  -112.7497676958 |   0.000013 |   0.703499 |
 |  66 |  -112.7496535899 |   0.000011 |   0.703503 |
 |  67 |  -112.7497519012 |   0.000009 |   0.703499 |
 |  68 |  -112.7496671982 |   0.000008 |   0.703502 |
 |  69 |  -112.7497401766 |   0.000007 |   0.703500 |
 |  70 |  -112.7496772999 |   0.000006 |   0.703502 |
 |  71 |  -112.7497314731 |   0.000005 |   0.703500 |
 |  72 |  -112.7496847986 |   0.000004 |   0.703502 |
 |  73 |  -112.7497250124 |   0.000004 |   0.703500 |
 |  74 |  -112.7496903650 |   0.000003 |   0.703501 |
 |  75 |  -112.7497202165 |   0.000003 |   0.703500 |
 |  76 |  -112.7496944970 |   0.000002 |   0.703501 |
 |  77 |  -112.7497166564 |   0.000002 |   0.703500 |
 |  78 |  -112.7496975644 |   0.000002 |   0.703501 |
 |  79 |  -112.7497140137 |   0.000002 |   0.703501 |
 |  80 |  -112.7496998413 |   0.000001 |   0.703501 |
 |  81 |  -112.7497120519 |   0.000001 |   0.703501 |
 |  82 |  -112.7497015315 |   0.000001 |   0.703501 |
 |  83 |  -112.7497105957 |   0.000001 |   0.703501 |
 |  84 |  -112.7497027862 |   0.000001 |   0.703501 |
 |  85 |  -112.7497095147 |   0.000001 |   0.703501 |
 |  86 |  -112.7497037175 |   0.000001 |   0.703501 |
 |  87 |  -112.7497087122 |   0.000000 |   0.703501 |
 |  88 |  -112.7497044089 |   0.000000 |   0.703501 |
 |  89 |  -112.7497081166 |   0.000000 |   0.703501 |
 |  90 |  -112.7497049221 |   0.000000 |   0.703501 |
 |  91 |  -112.7497076744 |   0.000000 |   0.703501 |
 |  92 |  -112.7497053031 |   0.000000 |   0.703501 |
 |  93 |  -112.7497073462 |   0.000000 |   0.703501 |
 |  94 |  -112.7497055859 |   0.000000 |   0.703501 |
 |  95 |  -112.7497071025 |   0.000000 |   0.703501 |
 |  96 |  -112.7497057958 |   0.000000 |   0.703501 |
 |  97 |  -112.7497069216 |   0.000000 |   0.703501 |
 |  98 |  -112.7497059516 |   0.000000 |   0.703501 |
 ----------------------------------------------------

         -----------------------------------------
           Summary              
         -----------------------------------------
           One-electron energy:   -198.1709007154 au
           Kinetic      energy:    112.5184521858 au
           Potential    energy:   -310.6893529012 au
         -----------------------------------------
           Two-electron energy:     62.9030155861 au
           Hartree      energy:     76.2301230993 au
           Exchange     energy:    -13.3271075132 au
         -----------------------------------------
           Electronic   energy:   -135.2678851293 au
           Nuclear   repulsion:     22.5181791776 au
           RHF          energy:   -112.7497059516 au
         -----------------------------------------
           HF HOMO      energy:        -14.938983 eV
           HF LUMO      energy:          4.204250 eV
           HF HOMO-LUMO gap   :         19.143233 eV
         -----------------------------------------
          Dipole moment (Debye)    
                   X         Y         Z      Tot.
            0.000000  0.000000 -0.227789  0.227789
         -----------------------------------------

           ---------------------------------------
                 MO coefficients
           ---------------------------------------
                 1              2              3              4              5
      1    -0.00002282     1.00059956    -0.01495327     0.00906009     0.00000000
      2    -0.00002001     0.00587427     0.43491001     0.59991256     0.00000000
      3    -0.00114150     0.00121446    -0.17366917    -0.20501233     0.00000000
      4     0.00000000     0.00000000     0.00000000     0.00000000     0.04630628
      5     0.00000000     0.00000000     0.00000000     0.00000000     0.43925946
      6     0.00044729     0.00506216     0.31837823     0.19115873     0.00000000
      7     0.00000000     0.00000000     0.00000000     0.00000000    -0.00780746
      8     0.00000000     0.00000000     0.00000000     0.00000000    -0.07406127
      9    -0.00075203    -0.00164463    -0.13373440    -0.12760447     0.00000000
     10    -0.00008856    -0.00243682    -0.02062666    -0.00774339     0.00000000
     11     0.00000000     0.00000000     0.00000000     0.00000000     0.00000000
     12     0.00000000     0.00000000     0.00000000     0.00000000     0.00665299
     13    -0.00008856    -0.00243682    -0.02062666    -0.00774339     0.00000000
     14     0.00000000     0.00000000     0.00000000     0.00000000     0.06310996
     15     0.00066417    -0.00005298     0.04564909     0.01819664     0.00000000
     16    -1.00065793    -0.00030679    -0.00895064    -0.00248204     0.00000000
     17    -0.00457511     0.00131809     0.82054403    -0.47361876     0.00000000
     18     0.00233692    -0.00436518    -0.13867655    -0.12949575     0.00000000
     19     0.00000000     0.00000000     0.00000000     0.00000000     0.08373036
     20     0.00000000     0.00000000     0.00000000     0.00000000     0.79426274
     21     0.00244725    -0.00082580    -0.23419419    -0.72423260     0.00000000
     22     0.00000000     0.00000000     0.00000000     0.00000000    -0.00140025
     23     0.00000000     0.00000000     0.00000000     0.00000000    -0.01328274
     24    -0.00183262     0.00224450     0.08407513     0.07521145     0.00000000
     25     0.00127893     0.00013083    -0.00488926    -0.00709836     0.00000000
     26     0.00000000     0.00000000     0.00000000     0.00000000     0.00000000
     27     0.00000000     0.00000000     0.00000000     0.00000000    -0.00321436
     28     0.00127893     0.00013083    -0.00488926    -0.00709836     0.00000000
     29     0.00000000     0.00000000     0.00000000     0.00000000    -0.03049132
     30     0.00064387     0.00036171     0.02601877     0.02857821     0.00000000
                 6              7              8              9             10
      1     0.00000000     0.00696306     0.00000000     0.00000000    -0.07409546
      2     0.00000000    -0.59036048     0.00000000     0.00000000    -0.17648010
      3     0.00000000    -0.23932511     0.00000000     0.00000000     1.82975566
      4    -0.43925946     0.00000000    -0.66089609    -0.00600695     0.00000000
      5     0.04630628     0.00000000     0.00600695    -0.66089609     0.00000000
      6     0.00000000     0.67756842     0.00000000     0.00000000     0.11847459
      7     0.07406127     0.00000000    -0.46371762    -0.00421478     0.00000000
      8    -0.00780746     0.00000000     0.00421478    -0.46371762     0.00000000
      9     0.00000000    -0.15180490     0.00000000     0.00000000     1.69773297
     10     0.00000000    -0.01381276     0.00000000     0.00000000    -0.04813827
     11     0.00000000     0.00000000     0.00000000     0.00000000     0.00000000
     12    -0.06310996     0.00000000     0.00894883     0.00008134     0.00000000
     13     0.00000000    -0.01381276     0.00000000     0.00000000    -0.04813827
     14     0.00665299     0.00000000    -0.00008134     0.00894883     0.00000000
     15     0.00000000     0.03768710     0.00000000     0.00000000     0.02646542
     16     0.00000000     0.00064351     0.00000000     0.00000000     0.07114144
     17     0.00000000     0.06383653     0.00000000     0.00000000    -0.16255727
     18     0.00000000    -0.03688013     0.00000000     0.00000000    -1.87413905
     19    -0.79426274     0.00000000     0.50694460     0.00460767     0.00000000
     20     0.08373036     0.00000000    -0.00460767     0.50694460     0.00000000
     21     0.00000000    -0.36847446     0.00000000     0.00000000     0.09241018
     22     0.01328274     0.00000000     0.26883484     0.00244347     0.00000000
     23    -0.00140025     0.00000000    -0.00244347     0.26883484     0.00000000
     24     0.00000000     0.02232933     0.00000000     0.00000000     0.54608606
     25     0.00000000    -0.00499308     0.00000000     0.00000000     0.05086271
     26     0.00000000     0.00000000     0.00000000     0.00000000     0.00000000
     27     0.03049132     0.00000000     0.00902312     0.00008201     0.00000000
     28     0.00000000    -0.00499308     0.00000000     0.00000000     0.05086271
     29    -0.00321436     0.00000000    -0.00008201     0.00902312     0.00000000
     30     0.00000000     0.01735254     0.00000000     0.00000000    -0.00082014
                11             12             13             14             15
      1     0.53047545     0.00000000     0.00000000    -0.48104195     0.09847016
      2     2.29079283     0.00000000     0.00000000    -2.04792077     0.09760838
      3    -3.22477783     0.00000000     0.00000000     1.31786881     0.67852522
      4     0.00000000     1.54946158    -0.02059186     0.00000000     0.00000000
      5     0.00000000     0.02059186     1.54946158     0.00000000     0.00000000
      6    -0.71616860     0.00000000     0.00000000    -1.41264173    -0.36809082
      7     0.00000000    -1.74235034     0.02315530     0.00000000     0.00000000
      8     0.00000000    -0.02315530    -1.74235034     0.00000000     0.00000000
      9     0.72956427     0.00000000     0.00000000     0.96295848     0.75685158
     10     0.28209288     0.00000000     0.00000000    -0.15994814    -0.26259337
     11     0.00000000     0.00000000     0.00000000     0.00000000     0.00000000
     12     0.00000000     0.03309078    -0.00043977     0.00000000     0.00000000
     13     0.28209288     0.00000000     0.00000000    -0.15994814    -0.26259337
     14     0.00000000     0.00043977     0.03309078     0.00000000     0.00000000
     15     0.31036279     0.00000000     0.00000000     0.00051236     0.59643445
     16    -0.00730281     0.00000000     0.00000000     0.04422183    -0.01291773
     17     0.03821347     0.00000000     0.00000000     0.50752976    -0.00289639
     18     0.16650164     0.00000000     0.00000000     0.04494301    -0.78493472
     19     0.00000000    -0.00859080     0.00011417     0.00000000     0.00000000
     20     0.00000000    -0.00011417    -0.00859080     0.00000000     0.00000000
     21     0.15804643     0.00000000     0.00000000     0.06012917    -1.04278464
     22     0.00000000     0.01544155    -0.00020521     0.00000000     0.00000000
     23     0.00000000     0.00020521     0.01544155     0.00000000     0.00000000
     24    -0.15375162     0.00000000     0.00000000    -1.33073027     1.52522682
     25    -0.00550346     0.00000000     0.00000000     0.07689290     0.00063039
     26     0.00000000     0.00000000     0.00000000     0.00000000     0.00000000
     27     0.00000000    -0.05081877     0.00067537     0.00000000     0.00000000
     28    -0.00550346     0.00000000     0.00000000     0.07689290     0.00063039
     29     0.00000000    -0.00067537    -0.05081877     0.00000000     0.00000000
     30    -0.01282187     0.00000000     0.00000000    -0.06951711    -0.11322714
                16             17             18             19             20
      1     0.00000000     0.00000000     0.00000000     0.00000000     0.00000000
      2     0.00000000     0.00000000     0.00000000     0.00000000     0.00000000
      3     0.00000000     0.00000000     0.00000000     0.00000000     0.00000000
      4     0.00862963     0.10753869     0.00000000     0.00000000     0.09200442
      5     0.10753869    -0.00862963     0.00000000     0.00000000    -0.01973730
      6     0.00000000     0.00000000     0.00000000     0.00000000     0.00000000
      7    -0.05080783    -0.63314483     0.00000000     0.00000000    -0.27800619
      8    -0.63314483     0.05080783     0.00000000     0.00000000     0.05963943
      9     0.00000000     0.00000000     0.00000000     0.00000000     0.00000000
     10     0.00000000     0.00000000    -0.00112453    -0.85095999     0.00000000
     11     0.00000000     0.00000000     0.98260396    -0.00129850     0.00000000
     12    -0.02332860    -0.29071081     0.00000000     0.00000000    -1.02283671
     13     0.00000000     0.00000000     0.00112453     0.85095999     0.00000000
     14    -0.29071081     0.02332860     0.00000000     0.00000000     0.21942460
     15     0.00000000     0.00000000     0.00000000     0.00000000     0.00000000
     16     0.00000000     0.00000000     0.00000000     0.00000000     0.00000000
     17     0.00000000     0.00000000     0.00000000     0.00000000     0.00000000
     18     0.00000000     0.00000000     0.00000000     0.00000000     0.00000000
     19    -0.10519798    -1.31093099     0.00000000     0.00000000     0.55720558
     20    -1.31093099     0.10519798     0.00000000     0.00000000    -0.11953483
     21     0.00000000     0.00000000     0.00000000     0.00000000     0.00000000
     22     0.15878846     1.97875204     0.00000000     0.00000000    -0.01829453
     23     1.97875204    -0.15878846     0.00000000     0.00000000     0.00392464
     24     0.00000000     0.00000000     0.00000000     0.00000000     0.00000000
     25     0.00000000     0.00000000    -0.00010657    -0.08064698     0.00000000
     26     0.00000000     0.00000000     0.09312311    -0.00012306     0.00000000
     27     0.00251887     0.03138900     0.00000000     0.00000000     0.09687542
     28     0.00000000     0.00000000     0.00010657     0.08064698     0.00000000
     29     0.03138900    -0.00251887     0.00000000     0.00000000    -0.02078225
     30     0.00000000     0.00000000     0.00000000     0.00000000     0.00000000
                21             22             23             24             25
      1     0.00000000     0.18647172     0.03603749    -0.04891244     0.00000000
      2     0.00000000     0.76987017    -0.76994419    -1.96519011     0.00000000
      3     0.00000000     1.74536102    -0.03080006     0.03704984     0.00000000
      4     0.01973730     0.00000000     0.00000000     0.00000000     0.00000000
      5     0.09200442     0.00000000     0.00000000     0.00000000     0.00000000
      6     0.00000000     0.70379082    -0.52018636     0.90865381     0.00000000
      7    -0.05963943     0.00000000     0.00000000     0.00000000     0.00000000
      8    -0.27800619     0.00000000     0.00000000     0.00000000     0.00000000
      9     0.00000000     1.11872368     0.09781304    -0.05728087     0.00000000
     10     0.00000000    -0.29585148     0.94119919     1.05959400     0.20271490
     11     0.00000000     0.00000000     0.00000000     0.00000000    -0.00017748
     12    -0.21942460     0.00000000     0.00000000     0.00000000     0.00000000
     13     0.00000000    -0.29585148     0.94119919     1.05959400    -0.20271490
     14    -1.02283671     0.00000000     0.00000000     0.00000000     0.00000000
     15     0.00000000     0.43591932    -0.70017304     2.01754152     0.00000000
     16     0.00000000     0.75802858     0.44763358    -0.15990080     0.00000000
     17     0.00000000     2.91210803     1.80299174    -0.59585626     0.00000000
     18     0.00000000    -6.19448081    -1.57654077    -0.49713067     0.00000000
     19     0.11953483     0.00000000     0.00000000     0.00000000     0.00000000
     20     0.55720558     0.00000000     0.00000000     0.00000000     0.00000000
     21     0.00000000     0.36785305    -1.17584721     0.66952508     0.00000000
     22    -0.00392464     0.00000000     0.00000000     0.00000000     0.00000000
     23    -0.01829453     0.00000000     0.00000000     0.00000000     0.00000000
     24     0.00000000     0.89619008     1.12806348     0.19307768     0.00000000
     25     0.00000000     0.19044322     0.14068779    -0.00711592    -0.87104716
     26     0.00000000     0.00000000     0.00000000     0.00000000     0.00076260
     27     0.02078225     0.00000000     0.00000000     0.00000000     0.00000000
     28     0.00000000     0.19044322     0.14068779    -0.00711592     0.87104716
     29     0.09687542     0.00000000     0.00000000     0.00000000     0.00000000
     30     0.00000000     0.39048500     0.11238452    -0.15755617     0.00000000
                26             27             28             29             30
      1     0.00000000     0.00000000     0.00000000    -0.55642725     0.04251397
      2     0.00000000     0.00000000     0.00000000    -2.33189071     0.02988660
      3     0.00000000     0.00000000     0.00000000     0.49595066     0.93865170
      4     0.00000000     0.29456401     0.34107517     0.00000000     0.00000000
      5     0.00000000     0.34107517    -0.29456401     0.00000000     0.00000000
      6     0.00000000     0.00000000     0.00000000    -1.61818373    -0.17230249
      7     0.00000000     0.00200463     0.00232115     0.00000000     0.00000000
      8     0.00000000     0.00232115    -0.00200463     0.00000000     0.00000000
      9     0.00000000     0.00000000     0.00000000     0.30297477     0.67693057
     10     0.00015370     0.00000000     0.00000000     0.21622824     0.03695746
     11     0.23407500     0.00000000     0.00000000     0.00000000     0.00000000
     12     0.00000000     0.43359887     0.50206340     0.00000000     0.00000000
     13    -0.00015370     0.00000000     0.00000000     0.21622824     0.03695746
     14     0.00000000     0.50206340    -0.43359887     0.00000000     0.00000000
     15     0.00000000     0.00000000     0.00000000    -0.38639018    -0.16574242
     16     0.00000000     0.00000000     0.00000000    -0.25620933    -0.16280955
     17     0.00000000     0.00000000     0.00000000    -0.87739693    -2.76543052
     18     0.00000000     0.00000000     0.00000000     2.70706883    -1.25922796
     19     0.00000000    -0.02210413    -0.02559434     0.00000000     0.00000000
     20     0.00000000    -0.02559434     0.02210413     0.00000000     0.00000000
     21     0.00000000     0.00000000     0.00000000    -0.39590365    -0.25529449
     22     0.00000000    -0.29441335    -0.34090072     0.00000000     0.00000000
     23     0.00000000    -0.34090072     0.29441335     0.00000000     0.00000000
     24     0.00000000     0.00000000     0.00000000    -0.97217461     0.61110138
     25    -0.00066043     0.00000000     0.00000000    -0.63744294     1.55623571
     26    -1.00579862     0.00000000     0.00000000     0.00000000     0.00000000
     27     0.00000000     0.73947696     0.85623911     0.00000000     0.00000000
     28     0.00066043     0.00000000     0.00000000    -0.63744294     1.55623571
     29     0.00000000     0.85623911    -0.73947696     0.00000000     0.00000000
     30     0.00000000     0.00000000     0.00000000     1.20305147     1.52649472

           ---------------------------------------
                     MO energies
           ---------------------------------------
                 1
      1   -20.67130058
      2   -11.36734211
      3    -1.52312963
      4    -0.80238549
      5    -0.63463972
      6    -0.63463972
      7    -0.54899752
      8     0.15450333
      9     0.15450333
     10     0.37976196
     11     0.65014349
     12     0.67204984
     13     0.67204984
     14     1.00678990
     15     1.05857282
     16     1.22412419
     17     1.22412419
     18     1.34405250
     19     1.34405250
     20     1.55845168
     21     1.55845168
     22     1.83342850
     23     2.27418965
     24     2.68044075
     25     2.93709675
     26     2.93709675
     27     3.42645095
     28     3.42645095
     29     3.87165747
     30     6.03402802

                                        Total CPU time for RHF =      1.543 seconds


 AO to MO transformation... Please be patient

                    Total CPU time for AO to MO transformation =      1.642 seconds


 ************************************************
 |      Configuration Interaction Singles       |
 ************************************************


 -------------------------------------------------------------
   CIS          calculation: singlet        manifold
 -------------------------------------------------------------
 | State |  Excitation energy (au) |  Excitation energy (eV) |
 -------------------------------------------------------------
 |     1 |                0.337562 |                9.185536 |
 |     2 |                0.337562 |                9.185536 |
 |     3 |                0.358667 |                9.759819 |
 |     4 |                0.374731 |               10.196945 |
 |     5 |                0.374731 |               10.196945 |
 |     6 |                0.586233 |               15.952212 |
 |     7 |                0.587420 |               15.984511 |
 |     8 |                0.587420 |               15.984511 |
 |     9 |                0.661819 |               18.009002 |
 |    10 |                0.700083 |               19.050223 |
 |    11 |                0.700083 |               19.050223 |
 |    12 |                0.807073 |               21.961566 |
 |    13 |                0.807073 |               21.961566 |
 |    14 |                0.863028 |               23.484200 |
 |    15 |                0.874514 |               23.796741 |
 |    16 |                0.940567 |               25.594123 |
 |    17 |                0.940567 |               25.594123 |
 |    18 |                0.942369 |               25.643168 |
 |    19 |                0.987592 |               26.873751 |
 |    20 |                0.987592 |               26.873751 |
 -------------------------------------------------------------

 ---------------------------------------------------------------
                 Transition dipole moment (au)                  
 ---------------------------------------------------------------
  #           X           Y           Z   dip. str.   osc. str.
 ---------------------------------------------------------------
  1    0.422736    0.557425    0.000000    0.489429    0.110142
  2   -0.557425    0.422736   -0.000000    0.489429    0.110142
  3   -0.000000    0.000000   -0.000000    0.000000    0.000000
  4    0.000000    0.000000    0.000000    0.000000    0.000000
  5   -0.000000   -0.000000    0.000000    0.000000    0.000000
  6    0.000000   -0.000000    0.763835    0.583444    0.228023
  7   -0.170522   -0.685676    0.000000    0.499230    0.195505
  8   -0.685676    0.170522    0.000000    0.499230    0.195505
  9   -0.000000    0.000000    1.754679    3.078898    1.358448
 10    0.737637   -0.276011   -0.000000    0.620290    0.289503
 ---------------------------------------------------------------

 -------------------------------------------------------------
 Excitation n.   1:   9.185536 eV  f = 0.1101  <S**2> = 0.0000
 -------------------------------------------------------------
  4 ->   8 =   0.071575
  4 ->   9 =   0.096183
  7 ->   8 =   0.407755
  7 ->   9 =   0.547944
  7 ->  13 =  -0.089932

 -------------------------------------------------------------
 Excitation n.   2:   9.185536 eV  f = 0.1101  <S**2> = 0.0000
 -------------------------------------------------------------
  4 ->   8 =  -0.096183
  4 ->   9 =   0.071575
  7 ->   8 =  -0.547944
  7 ->   9 =   0.407755
  7 ->  12 =   0.089932

 -------------------------------------------------------------
 Excitation n.   3:   9.759819 eV  f = 0.0000  <S**2> = 0.0000
 -------------------------------------------------------------
  5 ->   8 =   0.490725
  6 ->   9 =   0.490725

 -------------------------------------------------------------
 Excitation n.   4:  10.196945 eV  f = 0.0000  <S**2> = 0.0000
 -------------------------------------------------------------
  5 ->   8 =  -0.482629
  5 ->   9 =  -0.105025
  6 ->   8 =  -0.105025
  6 ->   9 =   0.482629

 -------------------------------------------------------------
 Excitation n.   5:  10.196945 eV  f = 0.0000  <S**2> = 0.0000
 -------------------------------------------------------------
  5 ->   8 =   0.105025
  5 ->   9 =  -0.482629
  6 ->   8 =  -0.482629
  6 ->   9 =  -0.105025

 -------------------------------------------------------------
 Excitation n.   6:  15.952212 eV  f = 0.2280  <S**2> = 0.0000
 -------------------------------------------------------------
  4 ->  15 =  -0.076412
  5 ->   9 =   0.399249
  6 ->   8 =  -0.399249
  7 ->  10 =   0.385759
  7 ->  15 =  -0.095653

 -------------------------------------------------------------
 Excitation n.   7:  15.984511 eV  f = 0.1955  <S**2> = 0.0000
 -------------------------------------------------------------
  4 ->   8 =   0.158567
  4 ->   9 =   0.663288
  5 ->  10 =   0.081947
  7 ->   9 =  -0.115428

 -------------------------------------------------------------
 Excitation n.   8:  15.984511 eV  f = 0.1955  <S**2> = 0.0000
 -------------------------------------------------------------
  4 ->   8 =   0.663288
  4 ->   9 =  -0.158567
  6 ->  10 =  -0.081947
  7 ->   8 =  -0.115428

 -------------------------------------------------------------
 Excitation n.   9:  18.009002 eV  f = 1.3584  <S**2> = 0.0000
 -------------------------------------------------------------
  5 ->   9 =   0.252230
  6 ->   8 =  -0.252230
  7 ->  10 =  -0.586227
  7 ->  11 =  -0.114757

 -------------------------------------------------------------
 Excitation n.  10:  19.050223 eV  f = 0.2895  <S**2> = 0.0000
 -------------------------------------------------------------
  4 ->   8 =  -0.071576
  5 ->  10 =  -0.174021
  6 ->  10 =  -0.673028

Thomas-Reiche-Kuhn sum rule =   2.487267

 ---------------------------------------------------------------------------------------------------
  CIS(D) correction 
 ---------------------------------------------------------------------------------------------------
      #             CIS (eV)          CIS(D) (eV)      Correction (eV)
 ---------------------------------------------------------------------------------------------------
      1            9.185536            9.121021           -0.064515
      2            9.185536            9.121021           -0.064515
      3            9.759819           10.404866            0.645047
      4           10.196945           10.706419            0.509473
      5           10.196945           10.706419            0.509473
      6           15.952212           14.450335           -1.501878
      7           15.984511           14.341903           -1.642607
      8           15.984511           14.341903           -1.642607
      9           18.009002           16.639510           -1.369493
     10           19.050223           18.756245           -0.293978
 ---------------------------------------------------------------------------------------------------


 -------------------------------------------------------------
   CIS          calculation: triplet        manifold
 -------------------------------------------------------------
 | State |  Excitation energy (au) |  Excitation energy (eV) |
 -------------------------------------------------------------
 |     1 |                0.219686 |                5.977970 |
 |     2 |                0.219686 |                5.977970 |
 |     3 |                0.287117 |                7.812849 |
 |     4 |                0.322438 |                8.773985 |
 |     5 |                0.322438 |                8.773985 |
 |     6 |                0.358667 |                9.759819 |
 |     7 |                0.494446 |               13.454553 |
 |     8 |                0.494446 |               13.454553 |
 |     9 |                0.580997 |               15.809724 |
 |    10 |                0.657328 |               17.886817 |
 |    11 |                0.657328 |               17.886817 |
 |    12 |                0.716923 |               19.508480 |
 |    13 |                0.767597 |               20.887368 |
 |    14 |                0.767597 |               20.887368 |
 |    15 |                0.836415 |               22.760000 |
 |    16 |                0.903428 |               24.583522 |
 |    17 |                0.923670 |               25.134332 |
 |    18 |                0.923670 |               25.134332 |
 |    19 |                0.942369 |               25.643168 |
 |    20 |                0.973337 |               26.485848 |
 -------------------------------------------------------------

 -------------------------------------------------------------
 Excitation n.   1:   5.977970 eV  f = 0.0000  <S**2> = 2.0000
 -------------------------------------------------------------
  7 ->   8 =  -0.603623
  7 ->   9 =   0.332984
  7 ->  12 =   0.122340
  7 ->  13 =  -0.071104

 -------------------------------------------------------------
 Excitation n.   2:   5.977970 eV  f = 0.0000  <S**2> = 2.0000
 -------------------------------------------------------------
  7 ->   8 =  -0.332984
  7 ->   9 =  -0.603623
  7 ->  12 =   0.071104
  7 ->  13 =   0.122340

 -------------------------------------------------------------
 Excitation n.   3:   7.812849 eV  f = 0.0000  <S**2> = 2.0000
 -------------------------------------------------------------
  5 ->   9 =   0.486649
  5 ->  13 =  -0.074834
  6 ->   8 =  -0.486649
  6 ->  12 =   0.074834

 -------------------------------------------------------------
 Excitation n.   4:   8.773985 eV  f = 0.0000  <S**2> = 2.0000
 -------------------------------------------------------------
  5 ->   8 =  -0.483925
  5 ->   9 =   0.084559
  6 ->   8 =   0.084559
  6 ->   9 =   0.483925

 -------------------------------------------------------------
 Excitation n.   5:   8.773985 eV  f = 0.0000  <S**2> = 2.0000
 -------------------------------------------------------------
  5 ->   8 =   0.084559
  5 ->   9 =   0.483925
  6 ->   8 =   0.483925
  6 ->   9 =  -0.084559

 -------------------------------------------------------------
 Excitation n.   6:   9.759819 eV  f = 0.0000  <S**2> = 2.0000
 -------------------------------------------------------------
  5 ->   8 =   0.490725
  6 ->   9 =   0.490725

 -------------------------------------------------------------
 Excitation n.   7:  13.454553 eV  f = 0.0000  <S**2> = 2.0000
 -------------------------------------------------------------
  4 ->   8 =   0.650859
  4 ->   9 =   0.227985
  4 ->  12 =  -0.100255

 -------------------------------------------------------------
 Excitation n.   8:  13.454553 eV  f = 0.0000  <S**2> = 2.0000
 -------------------------------------------------------------
  4 ->   8 =   0.227985
  4 ->   9 =  -0.650859
  4 ->  13 =   0.100255

 -------------------------------------------------------------
 Excitation n.   9:  15.809724 eV  f = 0.0000  <S**2> = 2.0000
 -------------------------------------------------------------
  7 ->  10 =  -0.696634
  7 ->  15 =   0.099069

 -------------------------------------------------------------
 Excitation n.  10:  17.886817 eV  f = 0.0000  <S**2> = 2.0000
 -------------------------------------------------------------
  5 ->  10 =   0.691664

Thomas-Reiche-Kuhn sum rule =   0.000000

 ---------------------------------------------------------------------------------------------------
  CIS(D) correction 
 ---------------------------------------------------------------------------------------------------
      #             CIS (eV)          CIS(D) (eV)      Correction (eV)
 ---------------------------------------------------------------------------------------------------
      1            5.977970            6.686808            0.708838
      2            5.977970            6.686808            0.708838
      3            7.812849            8.715666            0.902817
      4            8.773985            9.619329            0.845344
      5            8.773985            9.619329            0.845344
      6            9.759819           10.331068            0.571249
      7           13.454553           12.511801           -0.942752
      8           13.454553           12.511801           -0.942752
      9           15.809724           15.370813           -0.438912
     10           17.886817           17.951539            0.064722
 ---------------------------------------------------------------------------------------------------

                                        Total CPU time for CIS =      3.968 seconds


 ***********************************************************
 |  Random phase approximation calculation with exchange   |
 ***********************************************************


 -------------------------------------------------------------
   RPAx@HF      calculation: singlet        manifold
 -------------------------------------------------------------
 | State |  Excitation energy (au) |  Excitation energy (eV) |
 -------------------------------------------------------------
 |     1 |                0.326896 |                8.895291 |
 |     2 |                0.326896 |                8.895291 |
 |     3 |                0.345261 |                9.395033 |
 |     4 |                0.367800 |               10.008361 |
 |     5 |                0.367800 |               10.008361 |
 |     6 |                0.554259 |               15.082145 |
 |     7 |                0.578503 |               15.741870 |
 |     8 |                0.578503 |               15.741870 |
 |     9 |                0.646924 |               17.603696 |
 |    10 |                0.696985 |               18.965935 |
 |    11 |                0.696985 |               18.965935 |
 |    12 |                0.806273 |               21.939810 |
 |    13 |                0.806273 |               21.939810 |
 |    14 |                0.861890 |               23.453227 |
 |    15 |                0.870040 |               23.674983 |
 |    16 |                0.940177 |               25.583532 |
 |    17 |                0.940177 |               25.583532 |
 |    18 |                0.941758 |               25.626537 |
 |    19 |                0.986925 |               26.855586 |
 |    20 |                0.986925 |               26.855586 |
 -------------------------------------------------------------

 ---------------------------------------------------------------
                 Transition dipole moment (au)                  
 ---------------------------------------------------------------
  #           X           Y           Z   dip. str.   osc. str.
 ---------------------------------------------------------------
  1    0.563576    0.237441    0.000000    0.373996    0.081505
  2   -0.237441    0.563576   -0.000000    0.373996    0.081505
  3   -0.000000    0.000000    0.000000    0.000000    0.000000
  4   -0.000000    0.000000    0.000000    0.000000    0.000000
  5    0.000000    0.000000   -0.000000    0.000000    0.000000
  6   -0.000000   -0.000000    0.956310    0.914528    0.337923
  7    0.619763   -0.045548    0.000000    0.386181    0.148938
  8   -0.045548   -0.619763    0.000000    0.386181    0.148938
  9    0.000000   -0.000000   -1.397755    1.953720    0.842606
 10    0.702137   -0.048946    0.000000    0.495393    0.230188
 ---------------------------------------------------------------

 -------------------------------------------------------------
 Excitation n.   1:   8.895291 eV  f = 0.0815  <S**2> = 0.0000
 -------------------------------------------------------------
  4 ->   8 =   0.101787
  7 ->   8 =   0.631675
  7 ->   9 =   0.272918
  7 ->  12 =  -0.108867

 -------------------------------------------------------------
 Excitation n.   2:   8.895291 eV  f = 0.0815  <S**2> = 0.0000
 -------------------------------------------------------------
  4 ->   9 =   0.101787
  7 ->   8 =  -0.272918
  7 ->   9 =   0.631675
  7 ->  13 =  -0.108867

 -------------------------------------------------------------
 Excitation n.   3:   9.395033 eV  f = 0.0000  <S**2> = 0.0000
 -------------------------------------------------------------
  5 ->   8 =   0.494486
  6 ->   9 =   0.494486

 -------------------------------------------------------------
 Excitation n.   4:  10.008361 eV  f = 0.0000  <S**2> = 0.0000
 -------------------------------------------------------------
  5 ->   8 =  -0.264907
  5 ->   9 =  -0.418966
  6 ->   8 =  -0.418966
  6 ->   9 =   0.264907

 -------------------------------------------------------------
 Excitation n.   5:  10.008361 eV  f = 0.0000  <S**2> = 0.0000
 -------------------------------------------------------------
  5 ->   8 =   0.418966
  5 ->   9 =  -0.264907
  6 ->   8 =  -0.264907
  6 ->   9 =  -0.418966

 -------------------------------------------------------------
 Excitation n.   6:  15.082145 eV  f = 0.3379  <S**2> = 0.0000
 -------------------------------------------------------------
  5 ->   9 =   0.463724
  6 ->   8 =  -0.463724
  7 ->  10 =   0.232700
  7 ->  15 =  -0.080782

 -------------------------------------------------------------
 Excitation n.   7:  15.741870 eV  f = 0.1489  <S**2> = 0.0000
 -------------------------------------------------------------
  4 ->   8 =  -0.684975
  7 ->   8 =   0.113295

 -------------------------------------------------------------
 Excitation n.   8:  15.741870 eV  f = 0.1489  <S**2> = 0.0000
 -------------------------------------------------------------
  4 ->   9 =   0.684975
  7 ->   9 =  -0.113295

 -------------------------------------------------------------
 Excitation n.   9:  17.603696 eV  f = 0.8426  <S**2> = 0.0000
 -------------------------------------------------------------
  5 ->   9 =  -0.160621
  6 ->   8 =   0.160621
  7 ->  10 =   0.663622
  7 ->  11 =   0.076615

 -------------------------------------------------------------
 Excitation n.  10:  18.965935 eV  f = 0.2302  <S**2> = 0.0000
 -------------------------------------------------------------
  6 ->  10 =  -0.697289

Thomas-Reiche-Kuhn sum rule =   1.871603


 -------------------------------------------------------------
   RPAx@HF      calculation: triplet        manifold
 -------------------------------------------------------------
 | State |  Excitation energy (au) |  Excitation energy (eV) |
 -------------------------------------------------------------
 |     1 |                0.199921 |                5.440134 |
 |     2 |                0.199921 |                5.440134 |
 |     3 |                0.234368 |                6.377468 |
 |     4 |                0.291336 |                7.927649 |
 |     5 |                0.291336 |                7.927649 |
 |     6 |                0.345261 |                9.395033 |
 |     7 |                0.483430 |               13.154805 |
 |     8 |                0.483430 |               13.154805 |
 |     9 |                0.578066 |               15.729984 |
 |    10 |                0.652814 |               17.763969 |
 |    11 |                0.652814 |               17.763969 |
 |    12 |                0.708167 |               19.270215 |
 |    13 |                0.765895 |               20.841071 |
 |    14 |                0.765895 |               20.841071 |
 |    15 |                0.834028 |               22.695060 |
 |    16 |                0.901394 |               24.528190 |
 |    17 |                0.922266 |               25.096125 |
 |    18 |                0.922266 |               25.096125 |
 |    19 |                0.941758 |               25.626537 |
 |    20 |                0.970512 |               26.408982 |
 -------------------------------------------------------------

 -------------------------------------------------------------
 Excitation n.   1:   5.440134 eV  f = 0.0000  <S**2> = 2.0000
 -------------------------------------------------------------
  7 ->   8 =  -0.700509
  7 ->  12 =   0.149293
  7 <-   8 =  -0.122141

 -------------------------------------------------------------
 Excitation n.   2:   5.440134 eV  f = 0.0000  <S**2> = 2.0000
 -------------------------------------------------------------
  7 ->   9 =   0.700509
  7 ->  13 =  -0.149293
  7 <-   9 =   0.122141

 -------------------------------------------------------------
 Excitation n.   3:   6.377468 eV  f = 0.0000  <S**2> = 2.0000
 -------------------------------------------------------------
  5 ->   9 =   0.507552
  5 ->  13 =  -0.083741
  5 ->  16 =  -0.070722
  6 ->   8 =  -0.507552
  6 ->  12 =   0.083741
  6 ->  17 =   0.070722
  5 <-   9 =   0.146711
  6 <-   8 =  -0.146711

 -------------------------------------------------------------
 Excitation n.   4:   7.927649 eV  f = 0.0000  <S**2> = 2.0000
 -------------------------------------------------------------
  5 ->   8 =  -0.500915
  5 ->  12 =   0.077070
  6 ->   9 =   0.500915
  6 ->  13 =  -0.077070
  5 <-   8 =  -0.098741
  6 <-   9 =   0.098741

 -------------------------------------------------------------
 Excitation n.   5:   7.927649 eV  f = 0.0000  <S**2> = 2.0000
 -------------------------------------------------------------
  5 ->   9 =  -0.500915
  5 ->  13 =   0.077070
  6 ->   8 =  -0.500915
  6 ->  12 =   0.077070
  5 <-   9 =  -0.098741
  6 <-   8 =  -0.098741

 -------------------------------------------------------------
 Excitation n.   6:   9.395033 eV  f = 0.0000  <S**2> = 2.0000
 -------------------------------------------------------------
  5 ->   8 =   0.494486
  6 ->   9 =   0.494486

 -------------------------------------------------------------
 Excitation n.   7:  13.154805 eV  f = 0.0000  <S**2> = 2.0000
 -------------------------------------------------------------
  4 ->   8 =   0.687968
  4 ->  12 =  -0.108360
  4 ->  17 =  -0.071067

 -------------------------------------------------------------
 Excitation n.   8:  13.154805 eV  f = 0.0000  <S**2> = 2.0000
 -------------------------------------------------------------
  4 ->   9 =  -0.687968
  4 ->  13 =   0.108360
  4 ->  16 =   0.071067

 -------------------------------------------------------------
 Excitation n.   9:  15.729984 eV  f = 0.0000  <S**2> = 2.0000
 -------------------------------------------------------------
  7 ->  10 =  -0.696495
  7 ->  15 =   0.103710

 -------------------------------------------------------------
 Excitation n.  10:  17.763969 eV  f = 0.0000  <S**2> = 2.0000
 -------------------------------------------------------------
  5 ->  10 =  -0.691570
  5 ->  11 =   0.070719

Thomas-Reiche-Kuhn sum rule =   0.000000


 -------------------------------------------------------------------------------
              Tr@RPAx correlation energy (singlet) =       -0.1410896644
              Tr@RPAx correlation energy (triplet) =       -0.3104380351
              Tr@RPAx correlation energy           =       -0.4515276995
              Tr@RPAx total energy                 =     -113.2012336512
 -------------------------------------------------------------------------------

                                       Total CPU time for RPAx =      0.033 seconds


 ************************************************
 |          One-shot G0W0 calculation           |
 ************************************************


 -------------------------------------------------------------
   RPA@HF       calculation: singlet        manifold
 -------------------------------------------------------------
 | State |  Excitation energy (au) |  Excitation energy (eV) |
 -------------------------------------------------------------
 |     1 |                0.786354 |               21.397770 |
 |     2 |                0.786354 |               21.397770 |
 |     3 |                0.789143 |               21.473676 |
 |     4 |                0.825567 |               22.464833 |
 |     5 |                0.825567 |               22.464833 |
 |     6 |                0.956444 |               26.026155 |
 |     7 |                1.005853 |               27.370663 |
 |     8 |                1.010976 |               27.510046 |
 |     9 |                1.010976 |               27.510046 |
 |    10 |                1.044182 |               28.413631 |
 |    11 |                1.044182 |               28.413631 |
 |    12 |                1.195016 |               32.518033 |
 |    13 |                1.255050 |               34.151657 |
 |    14 |                1.255050 |               34.151657 |
 |    15 |                1.280141 |               34.834406 |
 |    16 |                1.300851 |               35.397947 |
 |    17 |                1.300851 |               35.397947 |
 |    18 |                1.306690 |               35.556834 |
 |    19 |                1.324551 |               36.042873 |
 |    20 |                1.324551 |               36.042873 |
 -------------------------------------------------------------

  *** Quasiparticle energies obtained by linearization *** 

 -------------------------------------------------------------------------------
   One-shot G0W0 calculation
 -------------------------------------------------------------------------------
 |   # |       e_HF (eV) |      Sig_c (eV) |               Z |       e_QP (eV) |
 -------------------------------------------------------------------------------
 |   1 |     -562.494740 |       15.750402 |        0.810985 |     -549.721399 |
 |   2 |     -309.321134 |        8.452360 |        0.874879 |     -301.926345 |
 |   3 |      -41.446468 |        5.457624 |        0.516724 |      -38.626382 |
 |   4 |      -21.834021 |        2.002345 |        0.921686 |      -19.988488 |
 |   5 |      -17.269426 |        0.572986 |        0.941600 |      -16.729904 |
 |   6 |      -17.269426 |        0.572986 |        0.941600 |      -16.729904 |
 |   7 |      -14.938983 |        0.563875 |        0.945776 |      -14.405684 |
 |   8 |        4.204250 |       -0.669802 |        0.965494 |        3.557559 |
 |   9 |        4.204250 |       -0.669802 |        0.965494 |        3.557559 |
 |  10 |       10.333849 |       -0.396892 |        0.988775 |        9.941412 |
 |  11 |       17.691305 |       -1.075661 |        0.962924 |       16.655526 |
 |  12 |       18.287408 |       -1.659236 |        0.954789 |       16.703186 |
 |  13 |       18.287408 |       -1.659236 |        0.954789 |       16.703186 |
 |  14 |       27.396149 |       -1.380000 |        0.926232 |       26.117949 |
 |  15 |       28.805234 |       -1.994167 |        0.892140 |       27.026157 |
 |  16 |       33.310116 |       -1.908087 |        0.811927 |       31.760889 |
 |  17 |       33.310116 |       -1.908087 |        0.811927 |       31.760889 |
 |  18 |       36.573531 |       -1.051447 |        0.805172 |       35.726936 |
 |  19 |       36.573531 |       -1.051447 |        0.805172 |       35.726936 |
 |  20 |       42.407630 |       -2.024651 |        0.552343 |       41.289329 |
 |  21 |       42.407630 |       -2.024651 |        0.552343 |       41.289329 |
 |  22 |       49.890131 |       -1.870038 |        0.760229 |       48.468474 |
 |  23 |       61.883852 |       -1.812283 |        0.141875 |       61.626735 |
 |  24 |       72.938508 |       -1.559949 |        0.505058 |       72.150643 |
 |  25 |       79.922473 |       -1.337157 |        0.033972 |       79.877048 |
 |  26 |       79.922473 |       -1.337157 |        0.033972 |       79.877048 |
 |  27 |       93.238480 |       -4.602287 |        0.056928 |       92.976482 |
 |  28 |       93.238480 |       -4.602287 |        0.056928 |       92.976482 |
 |  29 |      105.353166 |       -0.749606 |        0.089519 |      105.286062 |
 |  30 |      164.194266 |       -2.601573 |        0.353309 |      163.275107 |
 -------------------------------------------------------------------------------
          G0W0 HOMO      energy:     -14.405684 eV
          G0W0 LUMO      energy:       3.557559 eV
          G0W0 HOMO-LUMO gap   :      17.963244 eV
 -------------------------------------------------------------------------------
    RPA@G0W0 total energy      :    -113.076999 au
    RPA@G0W0 correlation energy:      -0.327293 au
    GM@G0W0  total energy      :    -113.309872 au
    GM@G0W0  correlation energy:      -0.560166 au
 -------------------------------------------------------------------------------


 -------------------------------------------------------------
   BSE@GW       calculation: singlet        manifold
 -------------------------------------------------------------
 | State |  Excitation energy (au) |  Excitation energy (eV) |
 -------------------------------------------------------------
 |     1 |                0.342647 |                9.323903 |
 |     2 |                0.342647 |                9.323903 |
 |     3 |                0.367157 |                9.990841 |
 |     4 |                0.384975 |               10.475713 |
 |     5 |                0.384975 |               10.475713 |
 |     6 |                0.537519 |               14.626629 |
 |     7 |                0.540107 |               14.697060 |
 |     8 |                0.540107 |               14.697060 |
 |     9 |                0.627047 |               17.062825 |
 |    10 |                0.686209 |               18.672685 |
 |    11 |                0.686209 |               18.672685 |
 |    12 |                0.794497 |               21.619367 |
 |    13 |                0.794497 |               21.619367 |
 |    14 |                0.803352 |               21.860317 |
 |    15 |                0.849426 |               23.114062 |
 |    16 |                0.880009 |               23.946265 |
 |    17 |                0.880009 |               23.946265 |
 |    18 |                0.881226 |               23.979378 |
 |    19 |                0.927355 |               25.234602 |
 |    20 |                0.927355 |               25.234602 |
 -------------------------------------------------------------

 ---------------------------------------------------------------
                 Transition dipole moment (au)                  
 ---------------------------------------------------------------
  #           X           Y           Z   dip. str.   osc. str.
 ---------------------------------------------------------------
  1   -0.089072   -0.607321    0.000000    0.376772    0.086067
  2   -0.607321    0.089072   -0.000000    0.376772    0.086067
  3    0.000000   -0.000000    0.000000    0.000000    0.000000
  4    0.000000    0.000000    0.000000    0.000000    0.000000
  5    0.000000   -0.000000    0.000000    0.000000    0.000000
  6   -0.000000    0.000000    1.000446    1.000893    0.358666
  7   -0.213581   -0.627622    0.000000    0.439527    0.158261
  8    0.627622   -0.213581    0.000000    0.439527    0.158261
  9   -0.000000    0.000000    1.281284    1.641688    0.686277
 10    0.109249    0.680160    0.000000    0.474554    0.217095
 ---------------------------------------------------------------

 -------------------------------------------------------------
 Excitation n.   1:   9.323903 eV  f = 0.0861  <S**2> = 0.0000
 -------------------------------------------------------------
  4 ->   9 =  -0.117168
  7 ->   8 =  -0.094592
  7 ->   9 =  -0.688481

 -------------------------------------------------------------
 Excitation n.   2:   9.323903 eV  f = 0.0861  <S**2> = 0.0000
 -------------------------------------------------------------
  4 ->   8 =  -0.117168
  7 ->   8 =  -0.688481
  7 ->   9 =   0.094592

 -------------------------------------------------------------
 Excitation n.   3:   9.990841 eV  f = 0.0000  <S**2> = 0.0000
 -------------------------------------------------------------
  5 ->   8 =  -0.493857
  6 ->   9 =  -0.493857

 -------------------------------------------------------------
 Excitation n.   4:  10.475713 eV  f = 0.0000  <S**2> = 0.0000
 -------------------------------------------------------------
  5 ->   8 =   0.358138
  5 ->   9 =  -0.344094
  6 ->   8 =  -0.344094
  6 ->   9 =  -0.358138

 -------------------------------------------------------------
 Excitation n.   5:  10.475713 eV  f = 0.0000  <S**2> = 0.0000
 -------------------------------------------------------------
  5 ->   8 =  -0.344094
  5 ->   9 =  -0.358138
  6 ->   8 =  -0.358138
  6 ->   9 =   0.344094

 -------------------------------------------------------------
 Excitation n.   6:  14.626629 eV  f = 0.3587  <S**2> = 0.0000
 -------------------------------------------------------------
  5 ->   9 =   0.479345
  6 ->   8 =  -0.479345
  7 ->  10 =   0.194577
  5 <-   9 =  -0.081799
  6 <-   8 =   0.081799

 -------------------------------------------------------------
 Excitation n.   7:  14.697060 eV  f = 0.1583  <S**2> = 0.0000
 -------------------------------------------------------------
  4 ->   8 =   0.216872
  4 ->   9 =   0.656804
  7 ->   9 =  -0.117787

 -------------------------------------------------------------
 Excitation n.   8:  14.697060 eV  f = 0.1583  <S**2> = 0.0000
 -------------------------------------------------------------
  4 ->   8 =  -0.656804
  4 ->   9 =   0.216872
  7 ->   8 =   0.117787

 -------------------------------------------------------------
 Excitation n.   9:  17.062825 eV  f = 0.6863  <S**2> = 0.0000
 -------------------------------------------------------------
  5 ->   9 =   0.137024
  6 ->   8 =  -0.137024
  7 ->  10 =  -0.678651

 -------------------------------------------------------------
 Excitation n.  10:  18.672685 eV  f = 0.2171  <S**2> = 0.0000
 -------------------------------------------------------------
  5 ->  10 =   0.701073

Thomas-Reiche-Kuhn sum rule =   1.750693


 *** dynamical TDA activated ***

 ---------------------------------------------------------------------------------------------------
  First-order dynamical correction to static Bethe-Salpeter excitation energies                     
 ---------------------------------------------------------------------------------------------------
  BSE neutral excitation must be lower than the GW gap =  17.963244 eV
 ---------------------------------------------------------------------------------------------------
      #          Static (eV)         Dynamic (eV)      Correction (eV)         Renorm. (eV)
 ---------------------------------------------------------------------------------------------------
      1            9.323903            9.054394           -0.269509            1.022879
      2            9.323903            9.054394           -0.269509            1.022879
      3            9.990841            9.731523           -0.259318            1.017502
      4           10.475713           10.235954           -0.239758            1.017691
      5           10.475713           10.235954           -0.239758            1.017691
      6           14.626629           14.507488           -0.119140            1.017400
      7           14.697060           14.502413           -0.194647            1.016970
      8           14.697060           14.502413           -0.194647            1.016970
      9           17.062825           17.001962           -0.060863            1.006736
     10           18.672685           18.585139           -0.087547            1.007692
 ---------------------------------------------------------------------------------------------------


 -------------------------------------------------------------
   BSE@GW       calculation: triplet        manifold
 -------------------------------------------------------------
 | State |  Excitation energy (au) |  Excitation energy (eV) |
 -------------------------------------------------------------
 |     1 |                0.239150 |                6.507599 |
 |     2 |                0.239150 |                6.507599 |
 |     3 |                0.297585 |                8.097691 |
 |     4 |                0.332907 |                9.058849 |
 |     5 |                0.332907 |                9.058849 |
 |     6 |                0.367157 |                9.990841 |
 |     7 |                0.461735 |               12.564444 |
 |     8 |                0.461735 |               12.564444 |
 |     9 |                0.568381 |               15.466444 |
 |    10 |                0.650367 |               17.697378 |
 |    11 |                0.650367 |               17.697378 |
 |    12 |                0.729321 |               19.845825 |
 |    13 |                0.754342 |               20.526689 |
 |    14 |                0.754342 |               20.526689 |
 |    15 |                0.783588 |               21.322527 |
 |    16 |                0.845990 |               23.020555 |
 |    17 |                0.863192 |               23.488647 |
 |    18 |                0.863192 |               23.488647 |
 |    19 |                0.881226 |               23.979378 |
 |    20 |                0.916195 |               24.930928 |
 -------------------------------------------------------------

 -------------------------------------------------------------
 Excitation n.   1:   6.507599 eV  f = 0.0000  <S**2> = 2.0000
 -------------------------------------------------------------
  7 ->   8 =   0.445496
  7 ->   9 =  -0.542528
  7 ->  13 =   0.075595

 -------------------------------------------------------------
 Excitation n.   2:   6.507599 eV  f = 0.0000  <S**2> = 2.0000
 -------------------------------------------------------------
  7 ->   8 =   0.542528
  7 ->   9 =   0.445496
  7 ->  12 =  -0.075595

 -------------------------------------------------------------
 Excitation n.   3:   8.097691 eV  f = 0.0000  <S**2> = 2.0000
 -------------------------------------------------------------
  5 ->   9 =  -0.494073
  6 ->   8 =   0.494073

 -------------------------------------------------------------
 Excitation n.   4:   9.058849 eV  f = 0.0000  <S**2> = 2.0000
 -------------------------------------------------------------
  5 ->   8 =   0.491017
  6 ->   9 =  -0.491017

 -------------------------------------------------------------
 Excitation n.   5:   9.058849 eV  f = 0.0000  <S**2> = 2.0000
 -------------------------------------------------------------
  5 ->   9 =   0.491017
  6 ->   8 =   0.491017

 -------------------------------------------------------------
 Excitation n.   6:   9.990841 eV  f = 0.0000  <S**2> = 2.0000
 -------------------------------------------------------------
  5 ->   8 =  -0.493857
  6 ->   9 =  -0.493857

 -------------------------------------------------------------
 Excitation n.   7:  12.564444 eV  f = 0.0000  <S**2> = 2.0000
 -------------------------------------------------------------
  4 ->   8 =   0.697108
  4 ->  12 =  -0.098067

 -------------------------------------------------------------
 Excitation n.   8:  12.564444 eV  f = 0.0000  <S**2> = 2.0000
 -------------------------------------------------------------
  4 ->   9 =  -0.697108
  4 ->  13 =   0.098067

 -------------------------------------------------------------
 Excitation n.   9:  15.466444 eV  f = 0.0000  <S**2> = 2.0000
 -------------------------------------------------------------
  7 ->  10 =  -0.701861
  7 ->  15 =   0.074088

 -------------------------------------------------------------
 Excitation n.  10:  17.697378 eV  f = 0.0000  <S**2> = 2.0000
 -------------------------------------------------------------
  6 ->  10 =   0.698294

Thomas-Reiche-Kuhn sum rule =   0.000000


 *** dynamical TDA activated ***

 ---------------------------------------------------------------------------------------------------
  First-order dynamical correction to static Bethe-Salpeter excitation energies                     
 ---------------------------------------------------------------------------------------------------
  BSE neutral excitation must be lower than the GW gap =  17.963244 eV
 ---------------------------------------------------------------------------------------------------
      #          Static (eV)         Dynamic (eV)      Correction (eV)         Renorm. (eV)
 ---------------------------------------------------------------------------------------------------
      1            6.507599            6.089267           -0.418332            1.023764
      2            6.507599            6.089267           -0.418332            1.023764
      3            8.097691            7.721833           -0.375858            1.019103
      4            9.058849            8.737962           -0.320886            1.018304
      5            9.058849            8.737962           -0.320886            1.018304
      6            9.990841            9.731523           -0.259318            1.017502
      7           12.564444           12.242650           -0.321794            1.017792
      8           12.564444           12.242650           -0.321794            1.017792
      9           15.466444           15.342625           -0.123819            1.008057
     10           17.697378           17.558647           -0.138731            1.008591
 ---------------------------------------------------------------------------------------------------


 -------------------------------------------------------------------------------
          Tr@BSE@G0W0 correlation energy (singlet) =       -0.2851508113
          Tr@BSE@G0W0 correlation energy (triplet) =       -0.0592280953
          Tr@BSE@G0W0 correlation energy           =       -0.3443789066
          Tr@BSE@G0W0 total energy                 =     -113.0940848582
 -------------------------------------------------------------------------------

                                       Total CPU time for G0W0 =      0.702 seconds


 ************************************************
 |          One-shot G0T0 calculation           |
 ************************************************


 -------------------------------------------------------------
   pp-RPA (N+2) calculation: alpha-beta     manifold
 -------------------------------------------------------------
 | State |  Excitation energy (au) |  Excitation energy (eV) |
 -------------------------------------------------------------
 |     1 |                0.661909 |               18.011452 |
 |     2 |                0.693469 |               18.870251 |
 |     3 |                0.693469 |               18.870251 |
 |     4 |                0.717097 |               19.513199 |
 |     5 |                0.826591 |               22.492689 |
 |     6 |                0.826591 |               22.492689 |
 |     7 |                0.852555 |               23.199208 |
 |     8 |                0.852555 |               23.199208 |
 |     9 |                1.043922 |               28.406555 |
 |    10 |                1.129336 |               30.730800 |
 |    11 |                1.129336 |               30.730800 |
 |    12 |                1.153460 |               31.387236 |
 |    13 |                1.164702 |               31.693168 |
 |    14 |                1.164702 |               31.693168 |
 |    15 |                1.177033 |               32.028702 |
 |    16 |                1.179083 |               32.084483 |
 |    17 |                1.179083 |               32.084483 |
 |    18 |                1.230669 |               33.488209 |
 |    19 |                1.268644 |               34.521558 |
 |    20 |                1.268644 |               34.521558 |
 -------------------------------------------------------------


 -------------------------------------------------------------
   pp-RPA (N-2) calculation: alpha-beta     manifold
 -------------------------------------------------------------
 | State |  Excitation energy (au) |  Excitation energy (eV) |
 -------------------------------------------------------------
 |     1 |              -46.098374 |            -1254.400647 |
 |     2 |              -32.508014 |             -884.588128 |
 |     3 |              -32.508012 |             -884.588062 |
 |     4 |              -26.255399 |             -714.445791 |
 |     5 |              -23.302958 |             -634.105773 |
 |     6 |              -23.189844 |             -631.027794 |
 |     7 |              -22.533463 |             -613.166766 |
 |     8 |              -22.468596 |             -611.401629 |
 |     9 |              -22.234813 |             -605.040080 |
 |    10 |              -22.234813 |             -605.040080 |
 |    11 |              -22.188935 |             -603.791681 |
 |    12 |              -22.188935 |             -603.791681 |
 |    13 |              -21.588087 |             -587.441758 |
 |    14 |              -21.584939 |             -587.356100 |
 |    15 |              -13.590373 |             -369.812882 |
 |    16 |              -13.550928 |             -368.739537 |
 |    17 |              -12.773783 |             -347.592346 |
 |    18 |              -12.715077 |             -345.994857 |
 |    19 |              -12.576344 |             -342.219741 |
 |    20 |              -12.563339 |             -341.865865 |
 -------------------------------------------------------------


 -------------------------------------------------------------
   pp-RPA (N+2) calculation: alpha-alpha    manifold
 -------------------------------------------------------------
 | State |  Excitation energy (au) |  Excitation energy (eV) |
 -------------------------------------------------------------
 |     1 |                0.661909 |               18.011452 |
 |     2 |                0.826591 |               22.492689 |
 |     3 |                0.826591 |               22.492689 |
 |     4 |                1.129336 |               30.730800 |
 |     5 |                1.129336 |               30.730800 |
 |     6 |                1.164702 |               31.693168 |
 |     7 |                1.164702 |               31.693168 |
 |     8 |                1.177033 |               32.028702 |
 |     9 |                1.230669 |               33.488209 |
 |    10 |                1.289711 |               35.094811 |
 |    11 |                1.338624 |               36.425826 |
 |    12 |                1.338624 |               36.425826 |
 |    13 |                1.495390 |               40.691638 |
 |    14 |                1.495390 |               40.691638 |
 |    15 |                1.605748 |               43.694628 |
 |    16 |                1.605748 |               43.694628 |
 |    17 |                1.649465 |               44.884235 |
 |    18 |                1.649465 |               44.884235 |
 |    19 |                1.657434 |               45.101067 |
 |    20 |                1.700005 |               46.259479 |
 -------------------------------------------------------------


 -------------------------------------------------------------
   pp-RPA (N-2) calculation: alpha-alpha    manifold
 -------------------------------------------------------------
 | State |  Excitation energy (au) |  Excitation energy (eV) |
 -------------------------------------------------------------
 |     1 |              -32.508012 |             -884.588062 |
 |     2 |              -23.189844 |             -631.027794 |
 |     3 |              -22.468596 |             -611.401629 |
 |     4 |              -22.188935 |             -603.791681 |
 |     5 |              -22.188935 |             -603.791681 |
 |     6 |              -21.584939 |             -587.356100 |
 |     7 |              -13.550928 |             -368.739537 |
 |     8 |              -12.715077 |             -345.994857 |
 |     9 |              -12.563339 |             -341.865865 |
 |    10 |              -12.525825 |             -340.845071 |
 |    11 |              -12.525825 |             -340.845071 |
 |    12 |               -2.886514 |              -78.546038 |
 |    13 |               -2.727105 |              -74.208303 |
 |    14 |               -2.727105 |              -74.208303 |
 |    15 |               -2.479172 |              -67.461700 |
 |    16 |               -2.007973 |              -54.639742 |
 |    17 |               -2.007973 |              -54.639742 |
 |    18 |               -1.828090 |              -49.744851 |
 |    19 |               -1.669973 |              -45.442269 |
 |    20 |               -1.557614 |              -42.384823 |
 -------------------------------------------------------------

 -------------------------------------------------------------------------------
   One-shot G0T0 calculation (T-matrix self-energy)  
 -------------------------------------------------------------------------------
 |   # |       e_HF (eV) |    Sigma_T (eV) |               Z |       e_QP (eV) |
 -------------------------------------------------------------------------------
 |   1 |     -562.494740 |       19.680156 |        0.778213 |     -547.179391 |
 |   2 |     -309.321134 |        8.745845 |        0.868045 |     -301.729350 |
 |   3 |      -41.446468 |        3.862184 |        0.871734 |      -38.079671 |
 |   4 |      -21.834021 |        2.642428 |        0.926323 |      -19.386280 |
 |   5 |      -17.269426 |        0.878047 |        0.952421 |      -16.433156 |
 |   6 |      -17.269426 |        0.878047 |        0.952421 |      -16.433156 |
 |   7 |      -14.938983 |        0.960815 |        0.959637 |      -14.016950 |
 |   8 |        4.204250 |       -0.915364 |        0.972097 |        3.314427 |
 |   9 |        4.204250 |       -0.915364 |        0.972097 |        3.314427 |
 |  10 |       10.333849 |       -0.512995 |        0.989428 |        9.826277 |
 |  11 |       17.691305 |       -1.043165 |        0.971282 |       16.678098 |
 |  12 |       18.287408 |       -1.492782 |        0.967189 |       16.843605 |
 |  13 |       18.287408 |       -1.492782 |        0.967189 |       16.843605 |
 |  14 |       27.396149 |       -1.598180 |        0.959588 |       25.862554 |
 |  15 |       28.805234 |       -2.364234 |        0.933056 |       26.599272 |
 |  16 |       33.310116 |       -2.805281 |        0.822001 |       31.004173 |
 |  17 |       33.310116 |       -2.805281 |        0.822001 |       31.004173 |
 |  18 |       36.573531 |       -0.770863 |        0.735063 |       36.006899 |
 |  19 |       36.573531 |       -0.770863 |        0.735063 |       36.006899 |
 |  20 |       42.407630 |       -1.239684 |        0.814888 |       41.397427 |
 |  21 |       42.407630 |       -1.239684 |        0.814888 |       41.397427 |
 |  22 |       49.890131 |       -2.327759 |        0.199452 |       49.425854 |
 |  23 |       61.883852 |       29.529996 |        0.004000 |       62.001983 |
 |  24 |       72.938508 |       -2.111124 |        0.326162 |       72.249941 |
 |  25 |       79.922473 |       -3.296515 |        0.219313 |       79.199503 |
 |  26 |       79.922473 |       -3.296515 |        0.219313 |       79.199503 |
 |  27 |       93.238480 |       -2.781702 |        0.129359 |       92.878641 |
 |  28 |       93.238480 |       -2.781702 |        0.129359 |       92.878641 |
 |  29 |      105.353166 |       -0.692730 |        0.016227 |      105.341925 |
 |  30 |      164.194266 |       -6.386711 |        0.205225 |      162.883550 |
 -------------------------------------------------------------------------------
             G0T0 HOMO      energy (eV)            =     -14.016950 eV
             G0T0 LUMO      energy (eV)            =       3.314427 eV
             G0T0 HOMO-LUMO gap    (eV)            =      17.331377 eV
 -------------------------------------------------------------------------------
        Tr@ppRPA@G0T0 correlation energy (singlet) =       -0.1298433675 au
        Tr@ppRPA@G0T0 correlation energy (triplet) =       -0.0912471561 au
        Tr@ppRPA@G0T0 correlation energy           =       -0.2210905236 au
        Tr@ppRPA@G0T0 total energy                 =     -112.9707964753 au
              GM@G0T0 correlation energy           =       -0.3673550086 au
              GM@G0T0 total energy                 =     -113.1170609602 au
 -------------------------------------------------------------------------------


 -------------------------------------------------------------
   BSE@GT       calculation: singlet        manifold
 -------------------------------------------------------------
 | State |  Excitation energy (au) |  Excitation energy (eV) |
 -------------------------------------------------------------
 |     1 |                0.273950 |                7.454551 |
 |     2 |                0.273950 |                7.454551 |
 |     3 |                0.308473 |                8.393970 |
 |     4 |                0.316507 |                8.612593 |
 |     5 |                0.316507 |                8.612593 |
 |     6 |                0.469352 |               12.771712 |
 |     7 |                0.469352 |               12.771712 |
 |     8 |                0.506111 |               13.771970 |
 |     9 |                0.613154 |               16.684773 |
 |    10 |                0.654385 |               17.806728 |
 |    11 |                0.654385 |               17.806728 |
 |    12 |                0.722910 |               19.671371 |
 |    13 |                0.722910 |               19.671371 |
 |    14 |                0.758399 |               20.637076 |
 |    15 |                0.794881 |               21.629824 |
 |    16 |                0.861112 |               23.432064 |
 |    17 |                0.861112 |               23.432064 |
 |    18 |                0.865473 |               23.550732 |
 |    19 |                0.922681 |               25.107430 |
 |    20 |                0.924992 |               25.170318 |
 -------------------------------------------------------------

 ---------------------------------------------------------------
                 Transition dipole moment (au)                  
 ---------------------------------------------------------------
  #           X           Y           Z   dip. str.   osc. str.
 ---------------------------------------------------------------
  1    0.211311    0.605725   -0.000000    0.411555    0.075164
  2   -0.605725    0.211311    0.000000    0.411555    0.075164
  3    0.000000   -0.000000   -0.000000    0.000000    0.000000
  4   -0.000000    0.000000   -0.000000    0.000000    0.000000
  5    0.000000   -0.000000   -0.000000    0.000000    0.000000
  6    0.683870    0.120408    0.000000    0.482176    0.150873
  7   -0.120408    0.683870    0.000000    0.482176    0.150873
  8    0.000000    0.000000   -0.862726    0.744296    0.251131
  9   -0.000000    0.000000    1.579610    2.495168    1.019948
 10    0.100373    0.711411    0.000000    0.516180    0.225187
 ---------------------------------------------------------------

 -------------------------------------------------------------
 Excitation n.   1:   7.454551 eV  f = 0.0752  <S**2> = 0.0000
 -------------------------------------------------------------
  4 ->   9 =   0.129186
  7 ->   8 =   0.218082
  7 ->   9 =   0.643891
  7 ->  13 =  -0.111332

 -------------------------------------------------------------
 Excitation n.   2:   7.454551 eV  f = 0.0752  <S**2> = 0.0000
 -------------------------------------------------------------
  4 ->   8 =  -0.129186
  7 ->   8 =  -0.643891
  7 ->   9 =   0.218082
  7 ->  12 =   0.111332

 -------------------------------------------------------------
 Excitation n.   3:   8.393970 eV  f = 0.0000  <S**2> = 0.0000
 -------------------------------------------------------------
  5 ->   8 =  -0.491294
  6 ->   9 =  -0.491294

 -------------------------------------------------------------
 Excitation n.   4:   8.612593 eV  f = 0.0000  <S**2> = 0.0000
 -------------------------------------------------------------
  5 ->   8 =   0.113255
  5 ->   9 =  -0.480887
  6 ->   8 =  -0.480887
  6 ->   9 =  -0.113255

 -------------------------------------------------------------
 Excitation n.   5:   8.612593 eV  f = 0.0000  <S**2> = 0.0000
 -------------------------------------------------------------
  5 ->   8 =   0.480887
  5 ->   9 =   0.113255
  6 ->   8 =   0.113255
  6 ->   9 =  -0.480887

 -------------------------------------------------------------
 Excitation n.   6:  12.771712 eV  f = 0.1509  <S**2> = 0.0000
 -------------------------------------------------------------
  4 ->   8 =  -0.669406
  4 ->   9 =  -0.124145
  7 ->   8 =   0.133164

 -------------------------------------------------------------
 Excitation n.   7:  12.771712 eV  f = 0.1509  <S**2> = 0.0000
 -------------------------------------------------------------
  4 ->   8 =   0.124145
  4 ->   9 =  -0.669406
  7 ->   9 =   0.133164

 -------------------------------------------------------------
 Excitation n.   8:  13.771970 eV  f = 0.2511  <S**2> = 0.0000
 -------------------------------------------------------------
  4 ->  15 =   0.071808
  5 ->   9 =  -0.425964
  6 ->   8 =   0.425964
  7 ->  10 =  -0.325729
  7 ->  15 =   0.100254

 -------------------------------------------------------------
 Excitation n.   9:  16.684773 eV  f = 1.0199  <S**2> = 0.0000
 -------------------------------------------------------------
  5 ->   9 =   0.217103
  6 ->   8 =  -0.217103
  7 ->  10 =  -0.623489
  7 ->  11 =  -0.075728

 -------------------------------------------------------------
 Excitation n.  10:  17.806728 eV  f = 0.2252  <S**2> = 0.0000
 -------------------------------------------------------------
  5 ->  10 =   0.696491

Thomas-Reiche-Kuhn sum rule =   1.948340


 *** dynamical TDA activated ***

 ---------------------------------------------------------------------------------------------------
  First-order dynamical correction to static Bethe-Salpeter excitation energies                     
 ---------------------------------------------------------------------------------------------------
  BSE neutral excitation must be lower than the GT gap =  17.331377 eV
 ---------------------------------------------------------------------------------------------------
      #          Static (eV)         Dynamic (eV)      Correction (eV)         Renorm. (eV)
 ---------------------------------------------------------------------------------------------------
      1            7.454551            7.386808           -0.067743            1.002334
      2            7.454551            7.386808           -0.067743            1.002334
      3            8.393970            8.314974           -0.078995            1.004925
      4            8.612593            8.558007           -0.054586            1.002602
      5            8.612593            8.558007           -0.054586            1.002602
      6           12.771712           12.760338           -0.011374            1.002151
      7           12.771712           12.760338           -0.011374            1.002151
      8           13.771970           13.712212           -0.059758            0.990412
      9           16.684773           16.618069           -0.066704            1.003725
     10           17.806728           17.785211           -0.021516            1.001773
 ---------------------------------------------------------------------------------------------------


 -------------------------------------------------------------
   BSE@GT       calculation: triplet        manifold
 -------------------------------------------------------------
 | State |  Excitation energy (au) |  Excitation energy (eV) |
 -------------------------------------------------------------
 |     1 |                0.172065 |                4.682132 |
 |     2 |                0.172065 |                4.682132 |
 |     3 |                0.245017 |                6.667253 |
 |     4 |                0.276074 |                7.512359 |
 |     5 |                0.276074 |                7.512359 |
 |     6 |                0.302887 |                8.241979 |
 |     7 |                0.392879 |               10.690782 |
 |     8 |                0.392879 |               10.690782 |
 |     9 |                0.531462 |               14.461815 |
 |    10 |                0.614734 |               16.727751 |
 |    11 |                0.614734 |               16.727751 |
 |    12 |                0.670193 |               18.236892 |
 |    13 |                0.694174 |               18.889435 |
 |    14 |                0.694174 |               18.889435 |
 |    15 |                0.736422 |               20.039060 |
 |    16 |                0.830488 |               22.598726 |
 |    17 |                0.848936 |               23.100734 |
 |    18 |                0.848936 |               23.100734 |
 |    19 |                0.864556 |               23.525762 |
 |    20 |                0.909716 |               24.754637 |
 -------------------------------------------------------------

 -------------------------------------------------------------
 Excitation n.   1:   4.682132 eV  f = 0.0000  <S**2> = 2.0000
 -------------------------------------------------------------
  7 ->   8 =  -0.358821
  7 ->   9 =   0.592620
  7 ->  13 =  -0.114475

 -------------------------------------------------------------
 Excitation n.   2:   4.682132 eV  f = 0.0000  <S**2> = 2.0000
 -------------------------------------------------------------
  7 ->   8 =  -0.592620
  7 ->   9 =  -0.358821
  7 ->  12 =   0.114475

 -------------------------------------------------------------
 Excitation n.   3:   6.667253 eV  f = 0.0000  <S**2> = 2.0000
 -------------------------------------------------------------
  5 ->   9 =   0.489281
  5 ->  13 =  -0.075767
  6 ->   8 =  -0.489281
  6 ->  12 =   0.075767

 -------------------------------------------------------------
 Excitation n.   4:   7.512359 eV  f = 0.0000  <S**2> = 2.0000
 -------------------------------------------------------------
  5 ->   8 =  -0.298929
  5 ->   9 =  -0.391771
  6 ->   8 =  -0.391771
  6 ->   9 =   0.298929

 -------------------------------------------------------------
 Excitation n.   5:   7.512359 eV  f = 0.0000  <S**2> = 2.0000
 -------------------------------------------------------------
  5 ->   8 =   0.391771
  5 ->   9 =  -0.298929
  6 ->   8 =  -0.298929
  6 ->   9 =  -0.391771

 -------------------------------------------------------------
 Excitation n.   6:   8.241979 eV  f = 0.0000  <S**2> = 2.0000
 -------------------------------------------------------------
  5 ->   8 =  -0.491244
  6 ->   9 =  -0.491244

 -------------------------------------------------------------
 Excitation n.   7:  10.690782 eV  f = 0.0000  <S**2> = 2.0000
 -------------------------------------------------------------
  4 ->   8 =  -0.690818
  4 ->  12 =   0.107231

 -------------------------------------------------------------
 Excitation n.   8:  10.690782 eV  f = 0.0000  <S**2> = 2.0000
 -------------------------------------------------------------
  4 ->   9 =  -0.690818
  4 ->  13 =   0.107231

 -------------------------------------------------------------
 Excitation n.   9:  14.461815 eV  f = 0.0000  <S**2> = 2.0000
 -------------------------------------------------------------
  7 ->  10 =  -0.695117
  7 ->  15 =   0.102511

 -------------------------------------------------------------
 Excitation n.  10:  16.727751 eV  f = 0.0000  <S**2> = 2.0000
 -------------------------------------------------------------
  5 ->  10 =   0.531533
  6 ->  10 =  -0.443124

Thomas-Reiche-Kuhn sum rule =   0.000000


 *** dynamical TDA activated ***

 ---------------------------------------------------------------------------------------------------
  First-order dynamical correction to static Bethe-Salpeter excitation energies                     
 ---------------------------------------------------------------------------------------------------
  BSE neutral excitation must be lower than the GT gap =  17.331377 eV
 ---------------------------------------------------------------------------------------------------
      #          Static (eV)         Dynamic (eV)      Correction (eV)         Renorm. (eV)
 ---------------------------------------------------------------------------------------------------
      1            4.682132            4.522033           -0.160099            1.006799
      2            4.682132            4.522033           -0.160099            1.006799
      3            6.667253            6.508502           -0.158751            1.008019
      4            7.512359            7.392103           -0.120256            1.006560
      5            7.512359            7.392103           -0.120256            1.006560
      6            8.241979            8.168313           -0.073666            1.003546
      7           10.690782           10.598309           -0.092473            1.008760
      8           10.690782           10.598309           -0.092473            1.008760
      9           14.461815           14.434513           -0.027301            1.001563
     10           16.727751           16.684502           -0.043249            1.002704
 ---------------------------------------------------------------------------------------------------


 -------------------------------------------------------------------------------
          Tr@BSE@G0T0 correlation energy (singlet) =       -0.0825530952 au
          Tr@BSE@G0T0 correlation energy (triplet) =       -0.0442751205 au
          Tr@BSE@G0T0 correlation energy           =       -0.1268282157 au
          Tr@BSE@G0T0 total energy                 =     -112.8765341674 au
 -------------------------------------------------------------------------------

                                       Total CPU time for G0T0 =      4.945 seconds

                                      Total CPU time for QuAcK =     12.874 seconds

