78 significant shell pairs computed in 0.000163 seconds
0
Computed Electron repulsion integrals Integrals in parallel in 0.750448 seconds

 ******************************************************************************************
 *            QuAcK                       QuAcK                         QuAcK             *
 *   __        __        __       __        __        __       __        __        __     *
 * <(o )___  <(o )___  <(o )___ <(o )___  <(o )___  <(o )___ <(o )___  <(o )___  <(o )___ *
 * ( ._> /   ( ._> /   ( ._> /  ( ._> /   ( ._> /   ( ._> /  ( ._> /   ( ._> /   ( ._> /  *
 *|--------------------------------------------------------------------------------------|*
 ******************************************************************************************

      ----------------------
             Number of atoms                2
      ----------------------

      ----------------------
Number of spin-up   electron                9
Number of spin-down electron                9
    Total number of electron               18
      ----------------------

      ----------------------
Number of core      electron                0
Number of Rydberg   electron                0
      ----------------------

          ------------------
          Molecular geometry
          ------------------
                    Atom n.                 1
                        Z =      9.0000000000
           Atom coordinates:     0.0000000000    0.0000000000    0.0000000000
                    Atom n.                 2
                        Z =      9.0000000000
           Atom coordinates:     0.0000000000    0.0000000000    2.6682932891

          ------------------
 Nuclear repulsion energy =     30.3564830489
          ------------------

          Gaussian basis set
          ------------------
                    Atom n.                 1
           number of shells                 6
          ------------------
      s-type shell with K =                 9
                                    Exponents     Contraction
                             14710.0000000000    0.0007210000
                              2207.0000000000    0.0055530000
                               502.8000000000    0.0282670000
                               142.6000000000    0.1064440000
                                46.4700000000    0.2868140000
                                16.7000000000    0.4486410000
                                 6.3560000000    0.2647610000
                                 1.3160000000    0.0153330000
                                 0.3897000000   -0.0023320000
      s-type shell with K =                 9
                                    Exponents     Contraction
                             14710.0000000000   -0.0001650000
                              2207.0000000000   -0.0013080000
                               502.8000000000   -0.0064950000
                               142.6000000000   -0.0266910000
                                46.4700000000   -0.0736900000
                                16.7000000000   -0.1707760000
                                 6.3560000000   -0.1123270000
                                 1.3160000000    0.5628140000
                                 0.3897000000    0.5687780000
      s-type shell with K =                 1
                                    Exponents     Contraction
                                 0.3897000000    1.0000000000
      p-type shell with K =                 4
                                    Exponents     Contraction
                                22.6700000000    0.0448780000
                                 4.9770000000    0.2357180000
                                 1.3470000000    0.5085210000
                                 0.3471000000    0.4581200000
      p-type shell with K =                 1
                                    Exponents     Contraction
                                 0.3471000000    1.0000000000
      d-type shell with K =                 1
                                    Exponents     Contraction
                                 1.6400000000    1.0000000000
          ------------------
                    Atom n.                 2
           number of shells                 6
          ------------------
      s-type shell with K =                 9
                                    Exponents     Contraction
                             14710.0000000000    0.0007210000
                              2207.0000000000    0.0055530000
                               502.8000000000    0.0282670000
                               142.6000000000    0.1064440000
                                46.4700000000    0.2868140000
                                16.7000000000    0.4486410000
                                 6.3560000000    0.2647610000
                                 1.3160000000    0.0153330000
                                 0.3897000000   -0.0023320000
      s-type shell with K =                 9
                                    Exponents     Contraction
                             14710.0000000000   -0.0001650000
                              2207.0000000000   -0.0013080000
                               502.8000000000   -0.0064950000
                               142.6000000000   -0.0266910000
                                46.4700000000   -0.0736900000
                                16.7000000000   -0.1707760000
                                 6.3560000000   -0.1123270000
                                 1.3160000000    0.5628140000
                                 0.3897000000    0.5687780000
      s-type shell with K =                 1
                                    Exponents     Contraction
                                 0.3897000000    1.0000000000
      p-type shell with K =                 4
                                    Exponents     Contraction
                                22.6700000000    0.0448780000
                                 4.9770000000    0.2357180000
                                 1.3470000000    0.5085210000
                                 0.3471000000    0.4581200000
      p-type shell with K =                 1
                                    Exponents     Contraction
                                 0.3471000000    1.0000000000
      d-type shell with K =                 1
                                    Exponents     Contraction
                                 1.6400000000    1.0000000000
          ------------------
            Number of shells               12
          ------------------

          ------------------
   Number of basis functions               30
          ------------------

 Scaling integrals by    1.0000000000000000     

                          Total CPU time for reading integrals =      0.042 seconds


 ************************************************
 |    Restricted Hartree-Fock calculation       |
 ************************************************


 ----------------------------------------------------
 | RHF calculation                                  |
 ----------------------------------------------------
 |   # |        HF energy |       Conv |     HL Gap |
 ----------------------------------------------------
 |   1 |  -208.1985484042 |   0.780474 |   0.600154 |
 |   2 |  -195.1053433710 |   0.273759 |   0.774980 |
 |   3 |  -200.0488769107 |   0.110021 |   0.745687 |
 |   4 |  -198.1721051146 |   0.040360 |   0.762731 |
 |   5 |  -198.8812994569 |   0.015557 |   0.757245 |
 |   6 |  -198.6126209529 |   0.005824 |   0.759493 |
 |   7 |  -198.7142758098 |   0.002219 |   0.758675 |
 |   8 |  -198.6757918677 |   0.000836 |   0.758991 |
 |   9 |  -198.6903571380 |   0.000317 |   0.758873 |
 |  10 |  -198.6848439628 |   0.000120 |   0.758918 |
 |  11 |  -198.6869307270 |   0.000045 |   0.758901 |
 |  12 |  -198.6861408838 |   0.000017 |   0.758908 |
 |  13 |  -198.6864398486 |   0.000007 |   0.758905 |
 |  14 |  -198.6863266909 |   0.000002 |   0.758906 |
 |  15 |  -198.6863695226 |   0.000001 |   0.758906 |
 |  16 |  -198.6863533109 |   0.000000 |   0.758906 |
 |  17 |  -198.6863594472 |   0.000000 |   0.758906 |
 |  18 |  -198.6863571246 |   0.000000 |   0.758906 |
 ----------------------------------------------------

         -----------------------------------------
           Summary              
         -----------------------------------------
           One-electron energy:   -338.4503187051 au
           Kinetic      energy:    198.4685816124 au
           Potential    energy:   -536.9189003175 au
         -----------------------------------------
           Two-electron energy:    109.4074785316 au
           Hartree      energy:    129.3609549412 au
           Exchange     energy:    -19.9534764096 au
         -----------------------------------------
           Electronic   energy:   -229.0428401735 au
           Nuclear   repulsion:     30.3564830489 au
           RHF          energy:   -198.6863571246 au
         -----------------------------------------
           HF HOMO      energy:        -18.034698 eV
           HF LUMO      energy:          2.616184 eV
           HF HOMO-LUMO gap   :         20.650881 eV
         -----------------------------------------
          Dipole moment (Debye)    
                   X         Y         Z      Tot.
           -0.000000  0.000000 -0.000000  0.000000
         -----------------------------------------

           ---------------------------------------
                 MO coefficients
           ---------------------------------------
                 1              2              3              4              5
      1     0.70734191     0.70745582    -0.00225145     0.00219392     0.00000000
      2     0.00191386     0.00212632     0.66304030     0.73347022     0.00000000
      3    -0.00020984    -0.00134049    -0.02464639     0.01729091     0.00000000
      4     0.00000000     0.00000000     0.00000000     0.00000000    -0.59345480
      5     0.00000000     0.00000000     0.00000000     0.00000000     0.33543739
      6     0.00105016     0.00078838     0.09660567    -0.08567617     0.00000000
      7     0.00000000     0.00000000     0.00000000     0.00000000     0.00950041
      8     0.00000000     0.00000000     0.00000000     0.00000000    -0.00536990
      9    -0.00070775    -0.00122684    -0.01214878     0.02026478     0.00000000
     10    -0.00064539    -0.00051013    -0.00408876    -0.00008624     0.00000000
     11     0.00000000     0.00000000     0.00000000     0.00000000     0.00000000
     12     0.00000000     0.00000000     0.00000000     0.00000000    -0.00963030
     13    -0.00064539    -0.00051013    -0.00408876    -0.00008624     0.00000000
     14     0.00000000     0.00000000     0.00000000     0.00000000     0.00544332
     15    -0.00099530    -0.00102928     0.01315273    -0.00543026     0.00000000
     16     0.70734191    -0.70745582    -0.00225145    -0.00219392     0.00000000
     17     0.00191386    -0.00212632     0.66304030    -0.73347022     0.00000000
     18    -0.00020984     0.00134049    -0.02464639    -0.01729091     0.00000000
     19     0.00000000     0.00000000     0.00000000     0.00000000    -0.59345480
     20     0.00000000     0.00000000     0.00000000     0.00000000     0.33543739
     21    -0.00105016     0.00078838    -0.09660567    -0.08567617     0.00000000
     22     0.00000000     0.00000000     0.00000000     0.00000000     0.00950041
     23     0.00000000     0.00000000     0.00000000     0.00000000    -0.00536990
     24     0.00070775    -0.00122684     0.01214878     0.02026478     0.00000000
     25    -0.00064539     0.00051013    -0.00408876     0.00008624     0.00000000
     26     0.00000000     0.00000000     0.00000000     0.00000000     0.00000000
     27     0.00000000     0.00000000     0.00000000     0.00000000     0.00963030
     28    -0.00064539     0.00051013    -0.00408876     0.00008624     0.00000000
     29     0.00000000     0.00000000     0.00000000     0.00000000    -0.00544332
     30    -0.00099530     0.00102928     0.01315273     0.00543026     0.00000000
                 6              7              8              9             10
      1     0.00000000    -0.00653981     0.00000000     0.00000000     0.00243657
      2     0.00000000    -0.18481415     0.00000000     0.00000000     0.22652437
      3     0.00000000    -0.04277304     0.00000000     0.00000000     0.15727217
      4    -0.33543739     0.00000000     0.05285746    -0.74239217     0.00000000
      5    -0.59345480     0.00000000    -0.74239217    -0.05285746     0.00000000
      6     0.00000000     0.64220019     0.00000000     0.00000000     0.72724476
      7     0.00536990     0.00000000     0.00033646    -0.00472561     0.00000000
      8     0.00950041     0.00000000    -0.00472561    -0.00033646     0.00000000
      9     0.00000000    -0.00004922     0.00000000     0.00000000     0.23156948
     10     0.00000000    -0.00670026     0.00000000     0.00000000     0.00249190
     11     0.00000000     0.00000000     0.00000000     0.00000000     0.00000000
     12    -0.00544332     0.00000000     0.00003039    -0.00042685     0.00000000
     13     0.00000000    -0.00670026     0.00000000     0.00000000     0.00249190
     14    -0.00963030     0.00000000    -0.00042685    -0.00003039     0.00000000
     15     0.00000000     0.03177348     0.00000000     0.00000000    -0.01227781
     16     0.00000000    -0.00653981     0.00000000     0.00000000    -0.00243657
     17     0.00000000    -0.18481415     0.00000000     0.00000000    -0.22652437
     18     0.00000000    -0.04277304     0.00000000     0.00000000    -0.15727217
     19    -0.33543739     0.00000000    -0.05285746     0.74239217     0.00000000
     20    -0.59345480     0.00000000     0.74239217     0.05285746     0.00000000
     21     0.00000000    -0.64220019     0.00000000     0.00000000     0.72724476
     22     0.00536990     0.00000000    -0.00033646     0.00472561     0.00000000
     23     0.00950041     0.00000000     0.00472561     0.00033646     0.00000000
     24     0.00000000     0.00004922     0.00000000     0.00000000     0.23156948
     25     0.00000000    -0.00670026     0.00000000     0.00000000    -0.00249190
     26     0.00000000     0.00000000     0.00000000     0.00000000     0.00000000
     27     0.00544332     0.00000000     0.00003039    -0.00042685     0.00000000
     28     0.00000000    -0.00670026     0.00000000     0.00000000    -0.00249190
     29     0.00963030     0.00000000    -0.00042685    -0.00003039     0.00000000
     30     0.00000000     0.03177348     0.00000000     0.00000000     0.01227781
                11             12             13             14             15
      1     0.00000000     0.00000000    -0.08094610     0.31049852     0.00000000
      2     0.00000000     0.00000000    -0.47542609     1.37889954     0.00000000
      3     0.00000000     0.00000000     0.18703859    -1.80761230     0.00000000
      4    -0.04967495     0.94717610     0.00000000     0.00000000    -0.01888676
      5     0.94717610     0.04967495     0.00000000     0.00000000    -0.92018453
      6     0.00000000     0.00000000     0.86899805    -0.51967237     0.00000000
      7     0.05654158    -1.07810541     0.00000000     0.00000000     0.02719841
      8    -1.07810541    -0.05654158     0.00000000     0.00000000     1.32513765
      9     0.00000000     0.00000000    -1.44753720     0.67010193     0.00000000
     10     0.00000000     0.00000000    -0.03766209     0.14069270     0.00000000
     11     0.00000000     0.00000000     0.00000000     0.00000000     0.00000000
     12     0.00071327    -0.01360027     0.00000000     0.00000000    -0.00065155
     13     0.00000000     0.00000000    -0.03766209     0.14069270     0.00000000
     14    -0.01360027    -0.00071327     0.00000000     0.00000000    -0.03174426
     15     0.00000000     0.00000000    -0.04463013     0.12971035     0.00000000
     16     0.00000000     0.00000000     0.08094610     0.31049852     0.00000000
     17     0.00000000     0.00000000     0.47542609     1.37889954     0.00000000
     18     0.00000000     0.00000000    -0.18703859    -1.80761230     0.00000000
     19    -0.04967495     0.94717610     0.00000000     0.00000000     0.01888676
     20     0.94717610     0.04967495     0.00000000     0.00000000     0.92018453
     21     0.00000000     0.00000000     0.86899805     0.51967237     0.00000000
     22     0.05654158    -1.07810541     0.00000000     0.00000000    -0.02719841
     23    -1.07810541    -0.05654158     0.00000000     0.00000000    -1.32513765
     24     0.00000000     0.00000000    -1.44753720    -0.67010193     0.00000000
     25     0.00000000     0.00000000     0.03766209     0.14069270     0.00000000
     26     0.00000000     0.00000000     0.00000000     0.00000000     0.00000000
     27    -0.00071327     0.01360027     0.00000000     0.00000000    -0.00065155
     28     0.00000000     0.00000000     0.03766209     0.14069270     0.00000000
     29     0.01360027     0.00071327     0.00000000     0.00000000    -0.03174426
     30     0.00000000     0.00000000     0.04463013     0.12971035     0.00000000
                16             17             18             19             20
      1     0.00000000     0.21035974    -0.50106641    -0.03325863     0.00000000
      2     0.00000000     0.95443975    -1.95313358    -0.26058598     0.00000000
      3     0.00000000    -1.02766603     3.21835142     0.09505474     0.00000000
      4     0.92018453     0.00000000     0.00000000     0.00000000    -0.03649277
      5    -0.01888676     0.00000000     0.00000000     0.00000000     0.00294018
      6     0.00000000     0.88618757    -0.27924902    -0.16276374     0.00000000
      7    -1.32513765     0.00000000     0.00000000     0.00000000     0.08471609
      8     0.02719841     0.00000000     0.00000000     0.00000000    -0.00682548
      9     0.00000000    -0.96412827     1.17025317     0.10874421     0.00000000
     10     0.00000000     0.05481663    -0.13348626    -0.27557233     0.00000000
     11     0.00000000     0.00000000     0.00000000     0.00000000     0.00000000
     12     0.03174426     0.00000000     0.00000000     0.00000000    -0.69569475
     13     0.00000000     0.05481663    -0.13348626    -0.27557233     0.00000000
     14    -0.00065155     0.00000000     0.00000000     0.00000000     0.05605138
     15     0.00000000     0.17997025    -0.25940471     0.73203070     0.00000000
     16     0.00000000     0.21035974     0.50106641    -0.03325863     0.00000000
     17     0.00000000     0.95443975     1.95313358    -0.26058598     0.00000000
     18     0.00000000    -1.02766603    -3.21835142     0.09505474     0.00000000
     19    -0.92018453     0.00000000     0.00000000     0.00000000    -0.03649277
     20     0.01888676     0.00000000     0.00000000     0.00000000     0.00294018
     21     0.00000000    -0.88618757    -0.27924902     0.16276374     0.00000000
     22     1.32513765     0.00000000     0.00000000     0.00000000     0.08471609
     23    -0.02719841     0.00000000     0.00000000     0.00000000    -0.00682548
     24     0.00000000     0.96412827     1.17025317    -0.10874421     0.00000000
     25     0.00000000     0.05481663     0.13348626    -0.27557233     0.00000000
     26     0.00000000     0.00000000     0.00000000     0.00000000     0.00000000
     27     0.03174426     0.00000000     0.00000000     0.00000000     0.69569475
     28     0.00000000     0.05481663     0.13348626    -0.27557233     0.00000000
     29    -0.00065155     0.00000000     0.00000000     0.00000000    -0.05605138
     30     0.00000000     0.17997025     0.25940471     0.73203070     0.00000000
                21             22             23             24             25
      1     0.00000000     0.00000000     0.00000000     0.00000000     0.00000000
      2     0.00000000     0.00000000     0.00000000     0.00000000     0.00000000
      3     0.00000000     0.00000000     0.00000000     0.00000000     0.00000000
      4    -0.00294018     0.00000000     0.00000000     0.00000000     0.00000000
      5    -0.03649277     0.00000000     0.00000000     0.00000000     0.00000000
      6     0.00000000     0.00000000     0.00000000     0.00000000     0.00000000
      7     0.00682548     0.00000000     0.00000000     0.00000000     0.00000000
      8     0.08471609     0.00000000     0.00000000     0.00000000     0.00000000
      9     0.00000000     0.00000000     0.00000000     0.00000000     0.00000000
     10     0.00000000     0.61148215     0.00005573    -0.61326661     0.00009387
     11     0.00000000    -0.00006435     0.70607877     0.00010839     0.70813929
     12    -0.05605138     0.00000000     0.00000000     0.00000000     0.00000000
     13     0.00000000    -0.61148215    -0.00005573     0.61326661    -0.00009387
     14    -0.69569475     0.00000000     0.00000000     0.00000000     0.00000000
     15     0.00000000     0.00000000     0.00000000     0.00000000     0.00000000
     16     0.00000000     0.00000000     0.00000000     0.00000000     0.00000000
     17     0.00000000     0.00000000     0.00000000     0.00000000     0.00000000
     18     0.00000000     0.00000000     0.00000000     0.00000000     0.00000000
     19    -0.00294018     0.00000000     0.00000000     0.00000000     0.00000000
     20    -0.03649277     0.00000000     0.00000000     0.00000000     0.00000000
     21     0.00000000     0.00000000     0.00000000     0.00000000     0.00000000
     22     0.00682548     0.00000000     0.00000000     0.00000000     0.00000000
     23     0.08471609     0.00000000     0.00000000     0.00000000     0.00000000
     24     0.00000000     0.00000000     0.00000000     0.00000000     0.00000000
     25     0.00000000     0.61148215     0.00005573     0.61326661    -0.00009387
     26     0.00000000    -0.00006435     0.70607877    -0.00010839    -0.70813929
     27     0.05605138     0.00000000     0.00000000     0.00000000     0.00000000
     28     0.00000000    -0.61148215    -0.00005573    -0.61326661     0.00009387
     29     0.69569475     0.00000000     0.00000000     0.00000000     0.00000000
     30     0.00000000     0.00000000     0.00000000     0.00000000     0.00000000
                26             27             28             29             30
      1     0.00000000     0.00000000     0.21805030     0.38243980    -0.30251902
      2     0.00000000     0.00000000     0.78617502     2.82786548    -2.60150628
      3     0.00000000     0.00000000    -1.42687706    -0.86961030     0.15509253
      4     0.05943932     0.06770113     0.00000000     0.00000000     0.00000000
      5    -0.06770113     0.05943932     0.00000000     0.00000000     0.00000000
      6     0.00000000     0.00000000     0.09920218    -0.05179576     0.04855995
      7    -0.11922132    -0.13579257     0.00000000     0.00000000     0.00000000
      8     0.13579257    -0.11922132     0.00000000     0.00000000     0.00000000
      9     0.00000000     0.00000000    -0.73432990     0.04239643    -0.38674777
     10     0.00000000     0.00000000     0.43376152    -1.01601541     1.07266679
     11     0.00000000     0.00000000     0.00000000     0.00000000     0.00000000
     12    -0.47601672    -0.54218096     0.00000000     0.00000000     0.00000000
     13     0.00000000     0.00000000     0.43376152    -1.01601541     1.07266679
     14     0.54218096    -0.47601672     0.00000000     0.00000000     0.00000000
     15     0.00000000     0.00000000    -0.74945303    -0.92403809     0.96312401
     16     0.00000000     0.00000000    -0.21805030     0.38243980     0.30251902
     17     0.00000000     0.00000000    -0.78617502     2.82786548     2.60150628
     18     0.00000000     0.00000000     1.42687706    -0.86961030    -0.15509253
     19    -0.05943932    -0.06770113     0.00000000     0.00000000     0.00000000
     20     0.06770113    -0.05943932     0.00000000     0.00000000     0.00000000
     21     0.00000000     0.00000000     0.09920218     0.05179576     0.04855995
     22     0.11922132     0.13579257     0.00000000     0.00000000     0.00000000
     23    -0.13579257     0.11922132     0.00000000     0.00000000     0.00000000
     24     0.00000000     0.00000000    -0.73432990    -0.04239643    -0.38674777
     25     0.00000000     0.00000000    -0.43376152    -1.01601541    -1.07266679
     26     0.00000000     0.00000000     0.00000000     0.00000000     0.00000000
     27    -0.47601672    -0.54218096     0.00000000     0.00000000     0.00000000
     28     0.00000000     0.00000000    -0.43376152    -1.01601541    -1.07266679
     29     0.54218096    -0.47601672     0.00000000     0.00000000     0.00000000
     30     0.00000000     0.00000000     0.74945303    -0.92403809    -0.96312401

           ---------------------------------------
                     MO energies
           ---------------------------------------
                 1
      1   -26.43332621
      2   -26.43307779
      3    -1.76801706
      4    -1.49964096
      5    -0.80677069
      6    -0.80677069
      7    -0.74455157
      8    -0.66276293
      9    -0.66276293
     10     0.09614297
     11     1.30898744
     12     1.30898744
     13     1.34395831
     14     1.49003800
     15     1.49667101
     16     1.49667101
     17     1.74163528
     18     2.15605109
     19     3.46091060
     20     3.67035122
     21     3.67035122
     22     3.87535806
     23     3.87535806
     24     3.92766880
     25     3.92766880
     26     4.16129204
     27     4.16129204
     28     4.99215621
     29     7.52625036
     30     7.96328745

                                        Total CPU time for RHF =      0.314 seconds


 AO to MO transformation... Please be patient

                    Total CPU time for AO to MO transformation =      1.672 seconds


 ************************************************
 |      Configuration Interaction Singles       |
 ************************************************


 -------------------------------------------------------------
   CIS          calculation: singlet        manifold
 -------------------------------------------------------------
 | State |  Excitation energy (au) |  Excitation energy (eV) |
 -------------------------------------------------------------
 |     1 |                0.183708 |                4.998949 |
 |     2 |                0.183708 |                4.998949 |
 |     3 |                0.332969 |                9.060545 |
 |     4 |                0.332969 |                9.060545 |
 |     5 |                0.556137 |               15.133261 |
 |     6 |                1.125491 |               30.626166 |
 |     7 |                1.350625 |               36.752365 |
 |     8 |                1.407612 |               38.303086 |
 |     9 |                1.418041 |               38.586871 |
 |    10 |                1.418041 |               38.586871 |
 |    11 |                1.483046 |               40.355730 |
 |    12 |                1.483046 |               40.355730 |
 |    13 |                1.487273 |               40.470767 |
 |    14 |                1.504122 |               40.929234 |
 |    15 |                1.504122 |               40.929234 |
 |    16 |                1.546626 |               42.085832 |
 |    17 |                1.546626 |               42.085832 |
 |    18 |                1.556742 |               42.361100 |
 |    19 |                1.556742 |               42.361100 |
 |    20 |                1.591742 |               43.313504 |
 -------------------------------------------------------------

 ---------------------------------------------------------------
                 Transition dipole moment (au)                  
 ---------------------------------------------------------------
  #           X           Y           Z   dip. str.   osc. str.
 ---------------------------------------------------------------
  1    0.002488   -0.036708    0.000000    0.001354    0.000166
  2    0.036708    0.002488    0.000000    0.001354    0.000166
  3   -0.000000    0.000000   -0.000000    0.000000    0.000000
  4    0.000000    0.000000   -0.000000    0.000000    0.000000
  5    0.000000    0.000000    1.851370    3.427572    1.270800
  6    0.000000    0.000000    0.000000    0.000000    0.000000
  7   -0.000000    0.000000    0.162689    0.026468    0.023832
  8    0.000000   -0.000000   -0.000000    0.000000    0.000000
  9    0.000000   -0.000000    0.000000    0.000000    0.000000
 10   -0.000000    0.000000   -0.000000    0.000000    0.000000
 ---------------------------------------------------------------

 -------------------------------------------------------------
 Excitation n.   1:   4.998949 eV  f = 0.0002  <S**2> = 0.0000
 -------------------------------------------------------------
  8 ->  10 =   0.702540

 -------------------------------------------------------------
 Excitation n.   2:   4.998949 eV  f = 0.0002  <S**2> = 0.0000
 -------------------------------------------------------------
  9 ->  10 =  -0.702540

 -------------------------------------------------------------
 Excitation n.   3:   9.060545 eV  f = 0.0000  <S**2> = 0.0000
 -------------------------------------------------------------
  5 ->  10 =   0.506430
  6 ->  10 =  -0.486665

 -------------------------------------------------------------
 Excitation n.   4:   9.060545 eV  f = 0.0000  <S**2> = 0.0000
 -------------------------------------------------------------
  5 ->  10 =  -0.486665
  6 ->  10 =  -0.506430

 -------------------------------------------------------------
 Excitation n.   5:  15.133261 eV  f = 1.2708  <S**2> = 0.0000
 -------------------------------------------------------------
  7 ->  10 =  -0.683287
  8 ->  11 =  -0.108074
  9 ->  12 =  -0.108074

 -------------------------------------------------------------
 Excitation n.   6:  30.626166 eV  f = 0.0000  <S**2> = 0.0000
 -------------------------------------------------------------
  4 ->  10 =   0.701537

 -------------------------------------------------------------
 Excitation n.   7:  36.752365 eV  f = 0.0238  <S**2> = 0.0000
 -------------------------------------------------------------
  3 ->  10 =   0.686477
  8 ->  11 =   0.098801
  9 ->  12 =   0.098801

 -------------------------------------------------------------
 Excitation n.   8:  38.303086 eV  f = 0.0000  <S**2> = 0.0000
 -------------------------------------------------------------
  5 ->  15 =  -0.155176
  5 ->  16 =   0.083556
  6 ->  15 =  -0.083556
  6 ->  16 =  -0.155176
  8 ->  12 =  -0.467812
  9 ->  11 =   0.467812

 -------------------------------------------------------------
 Excitation n.   9:  38.586871 eV  f = 0.0000  <S**2> = 0.0000
 -------------------------------------------------------------
  5 ->  15 =   0.084114
  5 ->  16 =   0.149573
  6 ->  15 =   0.149573
  6 ->  16 =  -0.084114
  8 ->  11 =  -0.182898
  8 ->  12 =  -0.432532
  9 ->  11 =  -0.432532
  9 ->  12 =   0.182898

 -------------------------------------------------------------
 Excitation n.  10:  38.586871 eV  f = 0.0000  <S**2> = 0.0000
 -------------------------------------------------------------
  5 ->  15 =  -0.149573
  5 ->  16 =   0.084114
  6 ->  15 =   0.084114
  6 ->  16 =   0.149573
  8 ->  11 =  -0.432532
  8 ->  12 =   0.182898
  9 ->  11 =   0.182898
  9 ->  12 =   0.432532

Thomas-Reiche-Kuhn sum rule =   1.294964

 ---------------------------------------------------------------------------------------------------
  CIS(D) correction 
 ---------------------------------------------------------------------------------------------------
      #             CIS (eV)          CIS(D) (eV)      Correction (eV)
 ---------------------------------------------------------------------------------------------------
      1            4.998949            4.964345           -0.034604
      2            4.998949            4.964345           -0.034604
      3            9.060545            8.492617           -0.567929
      4            9.060545            8.492617           -0.567929
      5           15.133261           16.345359            1.212098
      6           30.626166           27.279751           -3.346415
      7           36.752365           33.304745           -3.447620
      8           38.303086           38.376529            0.073443
      9           38.586871           38.605965            0.019094
     10           38.586871           38.605965            0.019094
 ---------------------------------------------------------------------------------------------------


 -------------------------------------------------------------
   CIS          calculation: triplet        manifold
 -------------------------------------------------------------
 | State |  Excitation energy (au) |  Excitation energy (eV) |
 -------------------------------------------------------------
 |     1 |                0.118956 |                3.236965 |
 |     2 |                0.118956 |                3.236965 |
 |     3 |                0.174373 |                4.744928 |
 |     4 |                0.272234 |                7.407857 |
 |     5 |                0.272234 |                7.407857 |
 |     6 |                0.934415 |               25.426739 |
 |     7 |                1.159606 |               31.554495 |
 |     8 |                1.280952 |               34.856490 |
 |     9 |                1.337475 |               36.394541 |
 |    10 |                1.353439 |               36.828946 |
 |    11 |                1.353439 |               36.828946 |
 |    12 |                1.407612 |               38.303086 |
 |    13 |                1.425137 |               38.779956 |
 |    14 |                1.425137 |               38.779956 |
 |    15 |                1.425651 |               38.793949 |
 |    16 |                1.425651 |               38.793949 |
 |    17 |                1.480381 |               40.283228 |
 |    18 |                1.480381 |               40.283228 |
 |    19 |                1.487273 |               40.470767 |
 |    20 |                1.537182 |               41.828859 |
 -------------------------------------------------------------

 -------------------------------------------------------------
 Excitation n.   1:   3.236965 eV  f = 0.0000  <S**2> = 2.0000
 -------------------------------------------------------------
  8 ->  10 =   0.701619

 -------------------------------------------------------------
 Excitation n.   2:   3.236965 eV  f = 0.0000  <S**2> = 2.0000
 -------------------------------------------------------------
  9 ->  10 =   0.701619

 -------------------------------------------------------------
 Excitation n.   3:   4.744928 eV  f = 0.0000  <S**2> = 2.0000
 -------------------------------------------------------------
  7 ->  10 =   0.701854

 -------------------------------------------------------------
 Excitation n.   4:   7.407857 eV  f = 0.0000  <S**2> = 2.0000
 -------------------------------------------------------------
  5 ->  10 =   0.531792
  6 ->  10 =   0.456783

 -------------------------------------------------------------
 Excitation n.   5:   7.407857 eV  f = 0.0000  <S**2> = 2.0000
 -------------------------------------------------------------
  5 ->  10 =   0.456783
  6 ->  10 =  -0.531792

 -------------------------------------------------------------
 Excitation n.   6:  25.426739 eV  f = 0.0000  <S**2> = 2.0000
 -------------------------------------------------------------
  4 ->  10 =   0.698359

 -------------------------------------------------------------
 Excitation n.   7:  31.554495 eV  f = 0.0000  <S**2> = 2.0000
 -------------------------------------------------------------
  3 ->  10 =  -0.675654
  8 ->  11 =   0.100114
  9 ->  12 =   0.100114

 -------------------------------------------------------------
 Excitation n.   8:  34.856490 eV  f = 0.0000  <S**2> = 2.0000
 -------------------------------------------------------------
  3 ->  10 =  -0.167433
  4 ->  14 =   0.078255
  5 ->  15 =  -0.094340
  5 ->  16 =  -0.175204
  6 ->  15 =   0.175204
  6 ->  16 =  -0.094340
  7 ->  13 =   0.103357
  8 ->  11 =  -0.431087
  9 ->  12 =  -0.431087

 -------------------------------------------------------------
 Excitation n.   9:  36.394541 eV  f = 0.0000  <S**2> = 2.0000
 -------------------------------------------------------------
  5 ->  11 =   0.199617
  5 ->  12 =  -0.313595
  6 ->  11 =  -0.313595
  6 ->  12 =  -0.199617
  7 ->  14 =  -0.093089
  8 ->  15 =   0.316238
  9 ->  16 =  -0.316238

 -------------------------------------------------------------
 Excitation n.  10:  36.828946 eV  f = 0.0000  <S**2> = 2.0000
 -------------------------------------------------------------
  5 ->  15 =   0.101143
  5 ->  16 =  -0.165185
  6 ->  15 =  -0.165185
  6 ->  16 =  -0.101143
  8 ->  11 =   0.458118
  9 ->  12 =  -0.458118

Thomas-Reiche-Kuhn sum rule =   0.000000

 ---------------------------------------------------------------------------------------------------
  CIS(D) correction 
 ---------------------------------------------------------------------------------------------------
      #             CIS (eV)          CIS(D) (eV)      Correction (eV)
 ---------------------------------------------------------------------------------------------------
      1            3.236965            3.580409            0.343444
      2            3.236965            3.580409            0.343444
      3            4.744928            7.275252            2.530325
      4            7.407857            7.448076            0.040219
      5            7.407857            7.448076            0.040219
      6           25.426739           24.935200           -0.491539
      7           31.554495           31.128032           -0.426463
      8           34.856490           35.427740            0.571250
      9           36.394541           37.613867            1.219326
     10           36.828946           37.166692            0.337747
 ---------------------------------------------------------------------------------------------------

                                        Total CPU time for CIS =      5.514 seconds


 ***********************************************************
 |  Random phase approximation calculation with exchange   |
 ***********************************************************


 -------------------------------------------------------------
   RPAx@HF      calculation: singlet        manifold
 -------------------------------------------------------------
 | State |  Excitation energy (au) |  Excitation energy (eV) |
 -------------------------------------------------------------
 |     1 |                0.173441 |                4.719569 |
 |     2 |                0.173441 |                4.719569 |
 |     3 |                0.328763 |                8.946094 |
 |     4 |                0.328763 |                8.946094 |
 |     5 |                0.517699 |               14.087316 |
 |     6 |                1.110111 |               30.207664 |
 |     7 |                1.342460 |               36.530186 |
 |     8 |                1.402982 |               38.177086 |
 |     9 |                1.415666 |               38.522239 |
 |    10 |                1.415666 |               38.522239 |
 |    11 |                1.481466 |               40.312731 |
 |    12 |                1.481466 |               40.312731 |
 |    13 |                1.482629 |               40.344391 |
 |    14 |                1.502097 |               40.874149 |
 |    15 |                1.502097 |               40.874149 |
 |    16 |                1.545142 |               42.045446 |
 |    17 |                1.545142 |               42.045446 |
 |    18 |                1.548970 |               42.149627 |
 |    19 |                1.548970 |               42.149627 |
 |    20 |                1.580050 |               42.995353 |
 -------------------------------------------------------------

 ---------------------------------------------------------------
                 Transition dipole moment (au)                  
 ---------------------------------------------------------------
  #           X           Y           Z   dip. str.   osc. str.
 ---------------------------------------------------------------
  1   -0.001180    0.016612    0.000000    0.000277    0.000032
  2    0.016612    0.001180   -0.000000    0.000277    0.000032
  3    0.000000   -0.000000    0.000000    0.000000    0.000000
  4   -0.000000   -0.000000   -0.000000    0.000000    0.000000
  5    0.000000   -0.000000   -1.685765    2.841803    0.980800
  6    0.000000   -0.000000    0.000000    0.000000    0.000000
  7    0.000000   -0.000000    0.102809    0.010570    0.009460
  8   -0.000000   -0.000000   -0.000000    0.000000    0.000000
  9   -0.000000   -0.000000   -0.000000    0.000000    0.000000
 10    0.000000   -0.000000    0.000000    0.000000    0.000000
 ---------------------------------------------------------------

 -------------------------------------------------------------
 Excitation n.   1:   4.719569 eV  f = 0.0000  <S**2> = 0.0000
 -------------------------------------------------------------
  8 ->  10 =  -0.706339

 -------------------------------------------------------------
 Excitation n.   2:   4.719569 eV  f = 0.0000  <S**2> = 0.0000
 -------------------------------------------------------------
  9 ->  10 =  -0.706339

 -------------------------------------------------------------
 Excitation n.   3:   8.946094 eV  f = 0.0000  <S**2> = 0.0000
 -------------------------------------------------------------
  5 ->  10 =  -0.582683
  6 ->  10 =  -0.393959

 -------------------------------------------------------------
 Excitation n.   4:   8.946094 eV  f = 0.0000  <S**2> = 0.0000
 -------------------------------------------------------------
  5 ->  10 =  -0.393959
  6 ->  10 =   0.582683

 -------------------------------------------------------------
 Excitation n.   5:  14.087316 eV  f = 0.9808  <S**2> = 0.0000
 -------------------------------------------------------------
  7 ->  10 =   0.699411
  8 ->  11 =   0.084198
  9 ->  12 =   0.084198

 -------------------------------------------------------------
 Excitation n.   6:  30.207664 eV  f = 0.0000  <S**2> = 0.0000
 -------------------------------------------------------------
  4 ->  10 =   0.703410

 -------------------------------------------------------------
 Excitation n.   7:  36.530186 eV  f = 0.0095  <S**2> = 0.0000
 -------------------------------------------------------------
  3 ->  10 =   0.688396
  8 ->  11 =   0.095537
  9 ->  12 =   0.095537

 -------------------------------------------------------------
 Excitation n.   8:  38.177086 eV  f = 0.0000  <S**2> = 0.0000
 -------------------------------------------------------------
  5 ->  15 =   0.156542
  5 ->  16 =  -0.084291
  6 ->  15 =   0.084291
  6 ->  16 =   0.156542
  8 ->  12 =   0.467660
  9 ->  11 =  -0.467660

 -------------------------------------------------------------
 Excitation n.   9:  38.522239 eV  f = 0.0000  <S**2> = 0.0000
 -------------------------------------------------------------
  5 ->  15 =   0.154814
  5 ->  16 =  -0.075776
  6 ->  15 =  -0.075776
  6 ->  16 =  -0.154814
  8 ->  11 =   0.421334
  8 ->  12 =  -0.207258
  9 ->  11 =  -0.207258
  9 ->  12 =  -0.421334

 -------------------------------------------------------------
 Excitation n.  10:  38.522239 eV  f = 0.0000  <S**2> = 0.0000
 -------------------------------------------------------------
  5 ->  15 =  -0.075776
  5 ->  16 =  -0.154814
  6 ->  15 =  -0.154814
  6 ->  16 =   0.075776
  8 ->  11 =   0.207258
  8 ->  12 =   0.421334
  9 ->  11 =   0.421334
  9 ->  12 =  -0.207258

Thomas-Reiche-Kuhn sum rule =   0.990323

 You may have instabilities in linear response: negative excitations!!

 -------------------------------------------------------------
   RPAx@HF      calculation: triplet        manifold
 -------------------------------------------------------------
 | State |  Excitation energy (au) |  Excitation energy (eV) |
 -------------------------------------------------------------
 |     1 |                     NaN |                     NaN |
 |     2 |                0.099171 |                2.698570 |
 |     3 |                0.099171 |                2.698570 |
 |     4 |                0.263556 |                7.171719 |
 |     5 |                0.263556 |                7.171719 |
 |     6 |                0.921911 |               25.086476 |
 |     7 |                1.146950 |               31.210087 |
 |     8 |                1.264359 |               34.404948 |
 |     9 |                1.319196 |               35.897142 |
 |    10 |                1.344314 |               36.580635 |
 |    11 |                1.344314 |               36.580635 |
 |    12 |                1.402982 |               38.177086 |
 |    13 |                1.415921 |               38.529171 |
 |    14 |                1.415921 |               38.529171 |
 |    15 |                1.419656 |               38.630802 |
 |    16 |                1.419656 |               38.630802 |
 |    17 |                1.474764 |               40.130362 |
 |    18 |                1.474764 |               40.130362 |
 |    19 |                1.482629 |               40.344391 |
 |    20 |                1.527220 |               41.557785 |
 -------------------------------------------------------------

 -------------------------------------------------------------
 Excitation n.   1:        NaN eV  f = 0.0000  <S**2> = 2.0000
 -------------------------------------------------------------

 -------------------------------------------------------------
 Excitation n.   2:   2.698570 eV  f = 0.0000  <S**2> = 2.0000
 -------------------------------------------------------------
  9 ->  10 =   0.716722
  9 <-  10 =   0.137703

 -------------------------------------------------------------
 Excitation n.   3:   2.698570 eV  f = 0.0000  <S**2> = 2.0000
 -------------------------------------------------------------
  8 ->  10 =   0.716722
  8 <-  10 =   0.137703

 -------------------------------------------------------------
 Excitation n.   4:   7.171719 eV  f = 0.0000  <S**2> = 2.0000
 -------------------------------------------------------------
  5 ->  10 =   0.580052
  6 ->  10 =   0.397368

 -------------------------------------------------------------
 Excitation n.   5:   7.171719 eV  f = 0.0000  <S**2> = 2.0000
 -------------------------------------------------------------
  5 ->  10 =   0.397368
  6 ->  10 =  -0.580052

 -------------------------------------------------------------
 Excitation n.   6:  25.086476 eV  f = 0.0000  <S**2> = 2.0000
 -------------------------------------------------------------
  4 ->  10 =   0.699295

 -------------------------------------------------------------
 Excitation n.   7:  31.210087 eV  f = 0.0000  <S**2> = 2.0000
 -------------------------------------------------------------
  3 ->  10 =  -0.669927
  8 ->  11 =   0.114714
  9 ->  12 =   0.114714

 -------------------------------------------------------------
 Excitation n.   8:  34.404948 eV  f = 0.0000  <S**2> = 2.0000
 -------------------------------------------------------------
  3 ->  10 =  -0.190654
  4 ->  14 =   0.081605
  5 ->  15 =  -0.094837
  5 ->  16 =  -0.176127
  6 ->  15 =   0.176127
  6 ->  16 =  -0.094837
  7 ->  13 =   0.107905
  8 ->  11 =  -0.426397
  9 ->  12 =  -0.426397

 -------------------------------------------------------------
 Excitation n.   9:  35.897142 eV  f = 0.0000  <S**2> = 2.0000
 -------------------------------------------------------------
  5 ->  11 =  -0.199550
  5 ->  12 =   0.313491
  6 ->  11 =   0.313491
  6 ->  12 =   0.199550
  7 ->  14 =   0.096376
  8 ->  15 =  -0.317534
  9 ->  16 =   0.317534

 -------------------------------------------------------------
 Excitation n.  10:  36.580635 eV  f = 0.0000  <S**2> = 2.0000
 -------------------------------------------------------------
  5 ->  16 =   0.184354
  6 ->  15 =   0.184354
  8 ->  11 =  -0.438891
  8 ->  12 =  -0.139876
  9 ->  11 =  -0.139876
  9 ->  12 =   0.438891

Thomas-Reiche-Kuhn sum rule =   0.000000


 -------------------------------------------------------------------------------
              Tr@RPAx correlation energy (singlet) =       -0.1826186543
              Tr@RPAx correlation energy (triplet) =                 NaN
              Tr@RPAx correlation energy           =                 NaN
              Tr@RPAx total energy                 =                 NaN
 -------------------------------------------------------------------------------

                                       Total CPU time for RPAx =      0.056 seconds


 ************************************************
 |          One-shot G0W0 calculation           |
 ************************************************


 -------------------------------------------------------------
   RPA@HF       calculation: singlet        manifold
 -------------------------------------------------------------
 | State |  Excitation energy (au) |  Excitation energy (eV) |
 -------------------------------------------------------------
 |     1 |                0.810477 |               22.054190 |
 |     2 |                0.810477 |               22.054190 |
 |     3 |                0.949688 |               25.842317 |
 |     4 |                0.949688 |               25.842317 |
 |     5 |                1.124203 |               30.591116 |
 |     6 |                1.721203 |               46.836312 |
 |     7 |                1.971750 |               53.654060 |
 |     8 |                1.977734 |               53.816872 |
 |     9 |                2.006872 |               54.609779 |
 |    10 |                2.006872 |               54.609779 |
 |    11 |                2.022712 |               55.040785 |
 |    12 |                2.022712 |               55.040785 |
 |    13 |                2.078251 |               56.552090 |
 |    14 |                2.081833 |               56.649574 |
 |    15 |                2.081833 |               56.649574 |
 |    16 |                2.115758 |               57.572711 |
 |    17 |                2.135317 |               58.104925 |
 |    18 |                2.135317 |               58.104925 |
 |    19 |                2.149046 |               58.478511 |
 |    20 |                2.154943 |               58.638999 |
 -------------------------------------------------------------

  *** Quasiparticle energies obtained by linearization *** 

 -------------------------------------------------------------------------------
   One-shot G0W0 calculation
 -------------------------------------------------------------------------------
 |   # |       e_HF (eV) |      Sig_c (eV) |               Z |       e_QP (eV) |
 -------------------------------------------------------------------------------
 |   1 |     -719.287443 |       17.618994 |        0.819100 |     -704.855727 |
 |   2 |     -719.280683 |       17.616373 |        0.819168 |     -704.849918 |
 |   3 |      -48.110195 |        4.116327 |        0.800390 |      -44.815526 |
 |   4 |      -40.807309 |        3.774388 |        0.444591 |      -39.129251 |
 |   5 |      -21.953349 |        2.553959 |        0.931801 |      -19.573566 |
 |   6 |      -21.953349 |        2.553959 |        0.931801 |      -19.573566 |
 |   7 |      -20.260280 |       -0.234608 |        0.951679 |      -20.483552 |
 |   8 |      -18.034698 |        2.219822 |        0.942168 |      -15.943253 |
 |   9 |      -18.034698 |        2.219822 |        0.942168 |      -15.943253 |
 |  10 |        2.616184 |       -1.026947 |        0.950996 |        1.639560 |
 |  11 |       35.619362 |       -1.158570 |        0.965379 |       34.500903 |
 |  12 |       35.619362 |       -1.158570 |        0.965379 |       34.500903 |
 |  13 |       36.570968 |       -2.559886 |        0.945676 |       34.150145 |
 |  14 |       40.545999 |       -2.057576 |        0.947829 |       38.595768 |
 |  15 |       40.726493 |       -1.304780 |        0.961316 |       39.472186 |
 |  16 |       40.726493 |       -1.304780 |        0.961316 |       39.472186 |
 |  17 |       47.392310 |       -3.406618 |        0.880508 |       44.392756 |
 |  18 |       58.669138 |       -2.127908 |        0.867651 |       56.822856 |
 |  19 |       94.176174 |       -0.637888 |        0.055612 |       94.140700 |
 |  20 |       99.875344 |       -2.561390 |        0.795240 |       97.838425 |
 |  21 |       99.875344 |       -2.561390 |        0.795240 |       97.838425 |
 |  22 |      105.453864 |       -3.173125 |        0.128248 |      105.046918 |
 |  23 |      105.453864 |       -3.173125 |        0.128248 |      105.046918 |
 |  24 |      106.877312 |       -2.833625 |        0.882608 |      104.376331 |
 |  25 |      106.877312 |       -2.833625 |        0.882608 |      104.376331 |
 |  26 |      113.234524 |       -5.712108 |        0.264443 |      111.723995 |
 |  27 |      113.234524 |       -5.712108 |        0.264443 |      111.723995 |
 |  28 |      135.843490 |       -0.992303 |        0.285745 |      135.559944 |
 |  29 |      204.799704 |       -2.517973 |        0.845749 |      202.670130 |
 |  30 |      216.692089 |       -4.509217 |        0.755756 |      213.284219 |
 -------------------------------------------------------------------------------
          G0W0 HOMO      energy:     -15.943253 eV
          G0W0 LUMO      energy:       1.639560 eV
          G0W0 HOMO-LUMO gap   :      17.582814 eV
 -------------------------------------------------------------------------------
    RPA@G0W0 total energy      :    -199.142490 au
    RPA@G0W0 correlation energy:      -0.456133 au
    GM@G0W0  total energy      :    -199.469867 au
    GM@G0W0  correlation energy:      -0.783510 au
 -------------------------------------------------------------------------------


 -------------------------------------------------------------
   BSE@GW       calculation: singlet        manifold
 -------------------------------------------------------------
 | State |  Excitation energy (au) |  Excitation energy (eV) |
 -------------------------------------------------------------
 |     1 |                0.183866 |                5.003256 |
 |     2 |                0.183866 |                5.003256 |
 |     3 |                0.317948 |                8.651810 |
 |     4 |                0.317948 |                8.651810 |
 |     5 |                0.546933 |               14.882817 |
 |     6 |                1.117210 |               30.400820 |
 |     7 |                1.296928 |               35.291201 |
 |     8 |                1.407264 |               38.293592 |
 |     9 |                1.418618 |               38.602563 |
 |    10 |                1.418618 |               38.602563 |
 |    11 |                1.432261 |               38.973796 |
 |    12 |                1.432261 |               38.973796 |
 |    13 |                1.513632 |               41.188025 |
 |    14 |                1.533715 |               41.734514 |
 |    15 |                1.533715 |               41.734514 |
 |    16 |                1.536656 |               41.814540 |
 |    17 |                1.536656 |               41.814540 |
 |    18 |                1.548015 |               42.123626 |
 |    19 |                1.591952 |               43.319210 |
 |    20 |                1.591952 |               43.319210 |
 -------------------------------------------------------------

 ---------------------------------------------------------------
                 Transition dipole moment (au)                  
 ---------------------------------------------------------------
  #           X           Y           Z   dip. str.   osc. str.
 ---------------------------------------------------------------
  1   -0.001979    0.028046   -0.000000    0.000790    0.000097
  2    0.028046    0.001979   -0.000000    0.000790    0.000097
  3    0.000000   -0.000000   -0.000000    0.000000    0.000000
  4   -0.000000   -0.000000   -0.000000    0.000000    0.000000
  5   -0.000000    0.000000    1.531944    2.346851    0.855714
  6   -0.000000    0.000000    0.000000    0.000000    0.000000
  7    0.000000   -0.000000    0.119478    0.014275    0.012342
  8   -0.000000   -0.000000    0.000000    0.000000    0.000000
  9    0.000000   -0.000000    0.000000    0.000000    0.000000
 10   -0.000000    0.000000   -0.000000    0.000000    0.000000
 ---------------------------------------------------------------

 -------------------------------------------------------------
 Excitation n.   1:   5.003256 eV  f = 0.0001  <S**2> = 0.0000
 -------------------------------------------------------------
  8 ->  10 =  -0.709285

 -------------------------------------------------------------
 Excitation n.   2:   5.003256 eV  f = 0.0001  <S**2> = 0.0000
 -------------------------------------------------------------
  9 ->  10 =  -0.709285

 -------------------------------------------------------------
 Excitation n.   3:   8.651810 eV  f = 0.0000  <S**2> = 0.0000
 -------------------------------------------------------------
  5 ->  10 =  -0.419896
  6 ->  10 =   0.568862

 -------------------------------------------------------------
 Excitation n.   4:   8.651810 eV  f = 0.0000  <S**2> = 0.0000
 -------------------------------------------------------------
  5 ->  10 =  -0.568862
  6 ->  10 =  -0.419896

 -------------------------------------------------------------
 Excitation n.   5:  14.882817 eV  f = 0.8557  <S**2> = 0.0000
 -------------------------------------------------------------
  7 ->  10 =  -0.715769
  8 ->  11 =  -0.071820
  9 ->  12 =  -0.071820
  7 <-  10 =   0.149771

 -------------------------------------------------------------
 Excitation n.   6:  30.400820 eV  f = 0.0000  <S**2> = 0.0000
 -------------------------------------------------------------
  4 ->  10 =   0.705874

 -------------------------------------------------------------
 Excitation n.   7:  35.291201 eV  f = 0.0123  <S**2> = 0.0000
 -------------------------------------------------------------
  3 ->  10 =   0.693985
  8 ->  11 =   0.088734
  9 ->  12 =   0.088734

 -------------------------------------------------------------
 Excitation n.   8:  38.293592 eV  f = 0.0000  <S**2> = 0.0000
 -------------------------------------------------------------
  5 ->  15 =   0.083413
  6 ->  16 =   0.083413
  8 ->  12 =   0.490898
  9 ->  11 =  -0.490898

 -------------------------------------------------------------
 Excitation n.   9:  38.602563 eV  f = 0.0000  <S**2> = 0.0000
 -------------------------------------------------------------
  5 ->  16 =  -0.077630
  6 ->  15 =  -0.077630
  8 ->  11 =   0.472810
  8 ->  12 =   0.139664
  9 ->  11 =   0.139664
  9 ->  12 =  -0.472810

 -------------------------------------------------------------
 Excitation n.  10:  38.602563 eV  f = 0.0000  <S**2> = 0.0000
 -------------------------------------------------------------
  5 ->  15 =  -0.077630
  6 ->  16 =   0.077630
  8 ->  11 =  -0.139664
  8 ->  12 =   0.472810
  9 ->  11 =   0.472810
  9 ->  12 =   0.139664

Thomas-Reiche-Kuhn sum rule =   0.868250


 *** dynamical TDA activated ***

 ---------------------------------------------------------------------------------------------------
  First-order dynamical correction to static Bethe-Salpeter excitation energies                     
 ---------------------------------------------------------------------------------------------------
  BSE neutral excitation must be lower than the GW gap =  17.582814 eV
 ---------------------------------------------------------------------------------------------------
      #          Static (eV)         Dynamic (eV)      Correction (eV)         Renorm. (eV)
 ---------------------------------------------------------------------------------------------------
      1            5.003256            4.561183           -0.442072            1.027382
      2            5.003256            4.561183           -0.442072            1.027382
      3            8.651810            8.248699           -0.403110            1.025396
      4            8.651810            8.248699           -0.403110            1.025396
      5           14.882817           14.623607           -0.259210            1.027097
      6           30.400820           30.085998           -0.314822            1.024827
      7           35.291201           34.922348           -0.368854            1.022676
      8           38.293592           37.801982           -0.491610            1.028137
      9           38.602563           38.142304           -0.460258            1.027571
     10           38.602563           38.142304           -0.460258            1.027571
 ---------------------------------------------------------------------------------------------------


 -------------------------------------------------------------
   BSE@GW       calculation: triplet        manifold
 -------------------------------------------------------------
 | State |  Excitation energy (au) |  Excitation energy (eV) |
 -------------------------------------------------------------
 |     1 |                0.122230 |                3.326040 |
 |     2 |                0.122230 |                3.326040 |
 |     3 |                0.229510 |                6.245289 |
 |     4 |                0.261750 |                7.122587 |
 |     5 |                0.261750 |                7.122587 |
 |     6 |                0.955560 |               26.002123 |
 |     7 |                1.137449 |               30.951559 |
 |     8 |                1.299059 |               35.349183 |
 |     9 |                1.361658 |               37.052595 |
 |    10 |                1.361658 |               37.052595 |
 |    11 |                1.376227 |               37.449036 |
 |    12 |                1.390001 |               37.823845 |
 |    13 |                1.390001 |               37.823845 |
 |    14 |                1.407264 |               38.293592 |
 |    15 |                1.454942 |               39.590976 |
 |    16 |                1.454942 |               39.590976 |
 |    17 |                1.475192 |               40.142015 |
 |    18 |                1.475192 |               40.142015 |
 |    19 |                1.513632 |               41.188025 |
 |    20 |                1.549038 |               42.151471 |
 -------------------------------------------------------------

 -------------------------------------------------------------
 Excitation n.   1:   3.326040 eV  f = 0.0000  <S**2> = 2.0000
 -------------------------------------------------------------
  9 ->  10 =   0.710179
  9 <-  10 =   0.078201

 -------------------------------------------------------------
 Excitation n.   2:   3.326040 eV  f = 0.0000  <S**2> = 2.0000
 -------------------------------------------------------------
  8 ->  10 =   0.710179
  8 <-  10 =   0.078201

 -------------------------------------------------------------
 Excitation n.   3:   6.245289 eV  f = 0.0000  <S**2> = 2.0000
 -------------------------------------------------------------
  7 ->  10 =   0.721483
  7 <-  10 =   0.154994

 -------------------------------------------------------------
 Excitation n.   4:   7.122587 eV  f = 0.0000  <S**2> = 2.0000
 -------------------------------------------------------------
  5 ->  10 =   0.650756
  6 ->  10 =   0.275092

 -------------------------------------------------------------
 Excitation n.   5:   7.122587 eV  f = 0.0000  <S**2> = 2.0000
 -------------------------------------------------------------
  5 ->  10 =   0.275092
  6 ->  10 =  -0.650756

 -------------------------------------------------------------
 Excitation n.   6:  26.002123 eV  f = 0.0000  <S**2> = 2.0000
 -------------------------------------------------------------
  4 ->  10 =   0.704487

 -------------------------------------------------------------
 Excitation n.   7:  30.951559 eV  f = 0.0000  <S**2> = 2.0000
 -------------------------------------------------------------
  3 ->  10 =  -0.697660

 -------------------------------------------------------------
 Excitation n.   8:  35.349183 eV  f = 0.0000  <S**2> = 2.0000
 -------------------------------------------------------------
  3 ->  10 =   0.087814
  5 ->  15 =   0.073008
  5 ->  16 =   0.135587
  6 ->  15 =  -0.135587
  6 ->  16 =   0.073008
  7 ->  13 =  -0.093949
  8 ->  11 =   0.464337
  9 ->  12 =   0.464337

 -------------------------------------------------------------
 Excitation n.   9:  37.052595 eV  f = 0.0000  <S**2> = 2.0000
 -------------------------------------------------------------
  5 ->  15 =   0.110988
  6 ->  16 =  -0.110988
  8 ->  11 =   0.441185
  8 ->  12 =  -0.199221
  9 ->  11 =  -0.199221
  9 ->  12 =  -0.441185

 -------------------------------------------------------------
 Excitation n.  10:  37.052595 eV  f = 0.0000  <S**2> = 2.0000
 -------------------------------------------------------------
  5 ->  16 =  -0.110988
  6 ->  15 =  -0.110988
  8 ->  11 =   0.199221
  8 ->  12 =   0.441185
  9 ->  11 =   0.441185
  9 ->  12 =  -0.199221

Thomas-Reiche-Kuhn sum rule =   0.000000


 *** dynamical TDA activated ***

 ---------------------------------------------------------------------------------------------------
  First-order dynamical correction to static Bethe-Salpeter excitation energies                     
 ---------------------------------------------------------------------------------------------------
  BSE neutral excitation must be lower than the GW gap =  17.582814 eV
 ---------------------------------------------------------------------------------------------------
      #          Static (eV)         Dynamic (eV)      Correction (eV)         Renorm. (eV)
 ---------------------------------------------------------------------------------------------------
      1            3.326040            2.794428           -0.531612            1.027154
      2            3.326040            2.794428           -0.531612            1.027154
      3            6.245289            5.711432           -0.533857            1.024675
      4            7.122587            6.632164           -0.490423            1.025519
      5            7.122587            6.632164           -0.490423            1.025519
      6           26.002123           25.457887           -0.544235            1.026531
      7           30.951559           30.327291           -0.624268            1.029866
      8           35.349183           34.531250           -0.817933            1.030986
      9           37.052595           36.434048           -0.618548            1.030795
     10           37.052595           36.434048           -0.618548            1.030795
 ---------------------------------------------------------------------------------------------------


 -------------------------------------------------------------------------------
          Tr@BSE@G0W0 correlation energy (singlet) =       -0.3848107200
          Tr@BSE@G0W0 correlation energy (triplet) =       -0.0824212223
          Tr@BSE@G0W0 correlation energy           =       -0.4672319423
          Tr@BSE@G0W0 total energy                 =     -199.1535890669
 -------------------------------------------------------------------------------

                                       Total CPU time for G0W0 =      1.139 seconds


 ************************************************
 |          One-shot G0T0 calculation           |
 ************************************************


 -------------------------------------------------------------
   pp-RPA (N+2) calculation: alpha-beta     manifold
 -------------------------------------------------------------
 | State |  Excitation energy (au) |  Excitation energy (eV) |
 -------------------------------------------------------------
 |     1 |                0.802660 |               21.841501 |
 |     2 |                1.857133 |               50.535162 |
 |     3 |                1.906601 |               51.881255 |
 |     4 |                1.906601 |               51.881255 |
 |     5 |                1.924397 |               52.365503 |
 |     6 |                1.924397 |               52.365503 |
 |     7 |                2.024485 |               55.089033 |
 |     8 |                2.036189 |               55.407524 |
 |     9 |                2.062858 |               56.133219 |
 |    10 |                2.062858 |               56.133219 |
 |    11 |                2.088031 |               56.818229 |
 |    12 |                2.088031 |               56.818229 |
 |    13 |                2.089136 |               56.848287 |
 |    14 |                2.336317 |               63.574421 |
 |    15 |                2.502547 |               68.097786 |
 |    16 |                2.713777 |               73.845625 |
 |    17 |                2.790610 |               75.936375 |
 |    18 |                3.016479 |               82.082567 |
 |    19 |                3.016479 |               82.082567 |
 |    20 |                3.023491 |               82.273378 |
 -------------------------------------------------------------


 -------------------------------------------------------------
   pp-RPA (N-2) calculation: alpha-beta     manifold
 -------------------------------------------------------------
 | State |  Excitation energy (au) |  Excitation energy (eV) |
 -------------------------------------------------------------
 |     1 |              -58.241048 |            -1584.819627 |
 |     2 |              -58.241044 |            -1584.819523 |
 |     3 |              -53.241210 |            -1448.767113 |
 |     4 |              -53.241210 |            -1448.767112 |
 |     5 |              -29.435949 |             -800.992967 |
 |     6 |              -29.435865 |             -800.990698 |
 |     7 |              -29.281788 |             -796.798030 |
 |     8 |              -29.281715 |             -796.796061 |
 |     9 |              -28.504493 |             -775.646771 |
 |    10 |              -28.504468 |             -775.646090 |
 |    11 |              -28.490106 |             -775.255266 |
 |    12 |              -28.490066 |             -775.254174 |
 |    13 |              -28.477892 |             -774.922918 |
 |    14 |              -28.477892 |             -774.922918 |
 |    15 |              -28.477864 |             -774.922141 |
 |    16 |              -28.477864 |             -774.922141 |
 |    17 |              -28.394851 |             -772.663245 |
 |    18 |              -28.394851 |             -772.663245 |
 |    19 |              -28.394819 |             -772.662382 |
 |    20 |              -28.394819 |             -772.662382 |
 -------------------------------------------------------------


 -------------------------------------------------------------
   pp-RPA (N+2) calculation: alpha-alpha    manifold
 -------------------------------------------------------------
 | State |  Excitation energy (au) |  Excitation energy (eV) |
 -------------------------------------------------------------
 |     1 |                1.857133 |               50.535162 |
 |     2 |                1.906601 |               51.881255 |
 |     3 |                1.906601 |               51.881255 |
 |     4 |                2.024485 |               55.089033 |
 |     5 |                2.062858 |               56.133219 |
 |     6 |                2.062858 |               56.133219 |
 |     7 |                2.336317 |               63.574421 |
 |     8 |                2.713777 |               73.845625 |
 |     9 |                3.016479 |               82.082567 |
 |    10 |                3.016479 |               82.082567 |
 |    11 |                3.025506 |               82.328207 |
 |    12 |                3.071443 |               83.578210 |
 |    13 |                3.082131 |               83.869060 |
 |    14 |                3.082131 |               83.869060 |
 |    15 |                3.111260 |               84.661702 |
 |    16 |                3.111260 |               84.661702 |
 |    17 |                3.116265 |               84.797887 |
 |    18 |                3.304640 |               89.923830 |
 |    19 |                3.304640 |               89.923830 |
 |    20 |                3.349924 |               91.156087 |
 -------------------------------------------------------------


 -------------------------------------------------------------
   pp-RPA (N-2) calculation: alpha-alpha    manifold
 -------------------------------------------------------------
 | State |  Excitation energy (au) |  Excitation energy (eV) |
 -------------------------------------------------------------
 |     1 |              -53.241210 |            -1448.767112 |
 |     2 |              -29.281788 |             -796.798030 |
 |     3 |              -29.281715 |             -796.796061 |
 |     4 |              -28.490106 |             -775.255266 |
 |     5 |              -28.490066 |             -775.254174 |
 |     6 |              -28.394851 |             -772.663245 |
 |     7 |              -28.394851 |             -772.663245 |
 |     8 |              -28.394819 |             -772.662382 |
 |     9 |              -28.394819 |             -772.662382 |
 |    10 |              -27.902723 |             -759.271767 |
 |    11 |              -27.902646 |             -759.269680 |
 |    12 |              -27.524546 |             -748.981036 |
 |    13 |              -27.524546 |             -748.981036 |
 |    14 |              -27.524185 |             -748.971220 |
 |    15 |              -27.524185 |             -748.971220 |
 |    16 |               -3.670325 |              -99.874626 |
 |    17 |               -3.168874 |              -86.229448 |
 |    18 |               -3.168874 |              -86.229448 |
 |    19 |               -3.084453 |              -83.932246 |
 |    20 |               -3.084453 |              -83.932246 |
 -------------------------------------------------------------

 -------------------------------------------------------------------------------
   One-shot G0T0 calculation (T-matrix self-energy)  
 -------------------------------------------------------------------------------
 |   # |       e_HF (eV) |    Sigma_T (eV) |               Z |       e_QP (eV) |
 -------------------------------------------------------------------------------
 |   1 |     -719.287443 |       21.833791 |        0.776489 |     -702.333742 |
 |   2 |     -719.280683 |       21.837626 |        0.776468 |     -702.324475 |
 |   3 |      -48.110195 |        4.593735 |        0.904105 |      -43.956978 |
 |   4 |      -40.807309 |        4.423393 |        0.905087 |      -36.803754 |
 |   5 |      -21.953349 |        3.540922 |        0.919658 |      -18.696911 |
 |   6 |      -21.953349 |        3.540922 |        0.919658 |      -18.696911 |
 |   7 |      -20.260280 |        0.373317 |        0.958888 |      -19.902311 |
 |   8 |      -18.034698 |        3.112694 |        0.932853 |      -15.131013 |
 |   9 |      -18.034698 |        3.112694 |        0.932853 |      -15.131013 |
 |  10 |        2.616184 |       -1.893394 |        0.957317 |        0.803606 |
 |  11 |       35.619362 |       -1.690955 |        0.959781 |       33.996416 |
 |  12 |       35.619362 |       -1.690955 |        0.959781 |       33.996416 |
 |  13 |       36.570968 |       -3.000828 |        0.942012 |       33.744151 |
 |  14 |       40.545999 |       -2.689070 |        0.869098 |       38.208933 |
 |  15 |       40.726493 |       -1.863648 |        0.909647 |       39.031231 |
 |  16 |       40.726493 |       -1.863648 |        0.909647 |       39.031231 |
 |  17 |       47.392310 |       -2.940837 |        0.808337 |       45.015124 |
 |  18 |       58.669138 |       -2.799985 |        0.875747 |       56.217061 |
 |  19 |       94.176174 |       17.486456 |        0.003243 |       94.232890 |
 |  20 |       99.875344 |       -3.655255 |        0.872251 |       96.687042 |
 |  21 |       99.875344 |       -3.655255 |        0.872251 |       96.687042 |
 |  22 |      105.453864 |       -3.901026 |        0.880660 |      102.018386 |
 |  23 |      105.453864 |       -3.901026 |        0.880660 |      102.018386 |
 |  24 |      106.877312 |       -4.065174 |        0.892375 |      103.249653 |
 |  25 |      106.877312 |       -4.065174 |        0.892375 |      103.249653 |
 |  26 |      113.234524 |       -5.269123 |        0.374965 |      111.258789 |
 |  27 |      113.234524 |       -5.269123 |        0.374965 |      111.258789 |
 |  28 |      135.843490 |      -55.260640 |        0.009098 |      135.340743 |
 |  29 |      204.799704 |       -3.841958 |        0.189725 |      204.070786 |
 |  30 |      216.692089 |       -6.836628 |        0.772812 |      211.408660 |
 -------------------------------------------------------------------------------
             G0T0 HOMO      energy (eV)            =     -15.131013 eV
             G0T0 LUMO      energy (eV)            =       0.803606 eV
             G0T0 HOMO-LUMO gap    (eV)            =      15.934619 eV
 -------------------------------------------------------------------------------
        Tr@ppRPA@G0T0 correlation energy (singlet) =       -0.1888391759 au
        Tr@ppRPA@G0T0 correlation energy (triplet) =       -0.1303868695 au
        Tr@ppRPA@G0T0 correlation energy           =       -0.3192260453 au
        Tr@ppRPA@G0T0 total energy                 =     -199.0055831699 au
              GM@G0T0 correlation energy           =       -0.5348092191 au
              GM@G0T0 total energy                 =     -199.2211663437 au
 -------------------------------------------------------------------------------


 -------------------------------------------------------------
   BSE@GT       calculation: singlet        manifold
 -------------------------------------------------------------
 | State |  Excitation energy (au) |  Excitation energy (eV) |
 -------------------------------------------------------------
 |     1 |                0.034443 |                0.937233 |
 |     2 |                0.034443 |                0.937233 |
 |     3 |                0.170739 |                4.646032 |
 |     4 |                0.170739 |                4.646032 |
 |     5 |                0.493381 |               13.425593 |
 |     6 |                0.902259 |               24.551730 |
 |     7 |                1.124583 |               30.601450 |
 |     8 |                1.261529 |               34.327949 |
 |     9 |                1.266100 |               34.452329 |
 |    10 |                1.266100 |               34.452329 |
 |    11 |                1.284093 |               34.941961 |
 |    12 |                1.284093 |               34.941961 |
 |    13 |                1.336437 |               36.366308 |
 |    14 |                1.347111 |               36.656745 |
 |    15 |                1.347111 |               36.656745 |
 |    16 |                1.349591 |               36.724245 |
 |    17 |                1.349591 |               36.724245 |
 |    18 |                1.450654 |               39.474303 |
 |    19 |                1.497576 |               40.751131 |
 |    20 |                1.497576 |               40.751131 |
 -------------------------------------------------------------

 ---------------------------------------------------------------
                 Transition dipole moment (au)                  
 ---------------------------------------------------------------
  #           X           Y           Z   dip. str.   osc. str.
 ---------------------------------------------------------------
  1    0.001605   -0.022256   -0.000000    0.000498    0.000011
  2    0.022256    0.001605    0.000000    0.000498    0.000011
  3   -0.000000   -0.000000   -0.000000    0.000000    0.000000
  4    0.000000   -0.000000    0.000000    0.000000    0.000000
  5   -0.000000    0.000000    1.895298    3.592156    1.181535
  6    0.000000   -0.000000   -0.000000    0.000000    0.000000
  7    0.000000    0.000000   -0.095635    0.009146    0.006857
  8    0.000000   -0.000000    0.000000    0.000000    0.000000
  9    0.000000   -0.000000    0.000000    0.000000    0.000000
 10   -0.000000    0.000000   -0.000000    0.000000    0.000000
 ---------------------------------------------------------------

 -------------------------------------------------------------
 Excitation n.   1:   0.937233 eV  f = 0.0000  <S**2> = 0.0000
 -------------------------------------------------------------
  8 ->  10 =   0.703777

 -------------------------------------------------------------
 Excitation n.   2:   0.937233 eV  f = 0.0000  <S**2> = 0.0000
 -------------------------------------------------------------
  9 ->  10 =  -0.703777

 -------------------------------------------------------------
 Excitation n.   3:   4.646032 eV  f = 0.0000  <S**2> = 0.0000
 -------------------------------------------------------------
  5 ->  10 =   0.574166
  6 ->  10 =   0.406061

 -------------------------------------------------------------
 Excitation n.   4:   4.646032 eV  f = 0.0000  <S**2> = 0.0000
 -------------------------------------------------------------
  5 ->  10 =  -0.406061
  6 ->  10 =   0.574166

 -------------------------------------------------------------
 Excitation n.   5:  13.425593 eV  f = 1.1815  <S**2> = 0.0000
 -------------------------------------------------------------
  7 ->  10 =  -0.690084
  8 ->  11 =  -0.100019
  9 ->  12 =  -0.100019

 -------------------------------------------------------------
 Excitation n.   6:  24.551730 eV  f = 0.0000  <S**2> = 0.0000
 -------------------------------------------------------------
  4 ->  10 =  -0.702708

 -------------------------------------------------------------
 Excitation n.   7:  30.601450 eV  f = 0.0069  <S**2> = 0.0000
 -------------------------------------------------------------
  3 ->  10 =  -0.692590
  8 ->  11 =  -0.080890
  9 ->  12 =  -0.080890

 -------------------------------------------------------------
 Excitation n.   8:  34.327949 eV  f = 0.0000  <S**2> = 0.0000
 -------------------------------------------------------------
  5 ->  15 =  -0.153189
  5 ->  16 =   0.082486
  6 ->  15 =  -0.082486
  6 ->  16 =  -0.153189
  8 ->  12 =  -0.468801
  9 ->  11 =   0.468801

 -------------------------------------------------------------
 Excitation n.   9:  34.452329 eV  f = 0.0000  <S**2> = 0.0000
 -------------------------------------------------------------
  5 ->  16 =  -0.167954
  6 ->  15 =  -0.167954
  8 ->  11 =   0.417227
  8 ->  12 =   0.216475
  9 ->  11 =   0.216475
  9 ->  12 =  -0.417227

 -------------------------------------------------------------
 Excitation n.  10:  34.452329 eV  f = 0.0000  <S**2> = 0.0000
 -------------------------------------------------------------
  5 ->  15 =   0.167954
  6 ->  16 =  -0.167954
  8 ->  11 =   0.216475
  8 ->  12 =  -0.417227
  9 ->  11 =  -0.417227
  9 ->  12 =  -0.216475

Thomas-Reiche-Kuhn sum rule =   1.188415


 *** dynamical TDA activated ***

 ---------------------------------------------------------------------------------------------------
  First-order dynamical correction to static Bethe-Salpeter excitation energies                     
 ---------------------------------------------------------------------------------------------------
  BSE neutral excitation must be lower than the GT gap =  15.934619 eV
 ---------------------------------------------------------------------------------------------------
      #          Static (eV)         Dynamic (eV)      Correction (eV)         Renorm. (eV)
 ---------------------------------------------------------------------------------------------------
      1            0.937233            0.838104           -0.099129            1.009396
      2            0.937233            0.838104           -0.099129            1.009396
      3            4.646032            4.575955           -0.070077            1.010640
      4            4.646032            4.575955           -0.070077            1.010640
      5           13.425593           13.274864           -0.150728            1.010452
      6           24.551730           24.502464           -0.049266            0.992684
      7           30.601450           30.501934           -0.099516            0.995997
      8           34.327949           34.163080           -0.164869            1.004990
      9           34.452329           34.323705           -0.128625            1.003902
     10           34.452329           34.323705           -0.128625            1.003902
 ---------------------------------------------------------------------------------------------------

 You may have instabilities in linear response: A-B is not positive definite!!
 Problem in diagonalize_matrix (dsyev)!!

 -------------------------------------------------------------
   BSE@GT       calculation: triplet        manifold
 -------------------------------------------------------------
 | State |  Excitation energy (au) |  Excitation energy (eV) |
 -------------------------------------------------------------
 |     1 |                     NaN |                     NaN |
 |     2 |                     NaN |                     NaN |
 |     3 |                     NaN |                     NaN |
 |     4 |                     NaN |                     NaN |
 |     5 |                     NaN |                     NaN |
 |     6 |                     NaN |                     NaN |
 |     7 |                     NaN |                     NaN |
 |     8 |                     NaN |                     NaN |
 |     9 |                     NaN |                     NaN |
 |    10 |                     NaN |                     NaN |
 |    11 |                     NaN |                     NaN |
 |    12 |                     NaN |                     NaN |
 |    13 |                     NaN |                     NaN |
 |    14 |                     NaN |                     NaN |
 |    15 |                     NaN |                     NaN |
 |    16 |                     NaN |                     NaN |
 |    17 |                     NaN |                     NaN |
 |    18 |                     NaN |                     NaN |
 |    19 |                     NaN |                     NaN |
 |    20 |                     NaN |                     NaN |
 -------------------------------------------------------------

 -------------------------------------------------------------
 Excitation n.   1:        NaN eV  f = 0.0000  <S**2> = 2.0000
 -------------------------------------------------------------

 -------------------------------------------------------------
 Excitation n.   2:        NaN eV  f = 0.0000  <S**2> = 2.0000
 -------------------------------------------------------------

 -------------------------------------------------------------
 Excitation n.   3:        NaN eV  f = 0.0000  <S**2> = 2.0000
 -------------------------------------------------------------

 -------------------------------------------------------------
 Excitation n.   4:        NaN eV  f = 0.0000  <S**2> = 2.0000
 -------------------------------------------------------------

 -------------------------------------------------------------
 Excitation n.   5:        NaN eV  f = 0.0000  <S**2> = 2.0000
 -------------------------------------------------------------

 -------------------------------------------------------------
 Excitation n.   6:        NaN eV  f = 0.0000  <S**2> = 2.0000
 -------------------------------------------------------------

 -------------------------------------------------------------
 Excitation n.   7:        NaN eV  f = 0.0000  <S**2> = 2.0000
 -------------------------------------------------------------

 -------------------------------------------------------------
 Excitation n.   8:        NaN eV  f = 0.0000  <S**2> = 2.0000
 -------------------------------------------------------------

 -------------------------------------------------------------
 Excitation n.   9:        NaN eV  f = 0.0000  <S**2> = 2.0000
 -------------------------------------------------------------

 -------------------------------------------------------------
 Excitation n.  10:        NaN eV  f = 0.0000  <S**2> = 2.0000
 -------------------------------------------------------------

Thomas-Reiche-Kuhn sum rule =   0.000000


 *** dynamical TDA activated ***

 ---------------------------------------------------------------------------------------------------
  First-order dynamical correction to static Bethe-Salpeter excitation energies                     
 ---------------------------------------------------------------------------------------------------
  BSE neutral excitation must be lower than the GT gap =  15.934619 eV
 ---------------------------------------------------------------------------------------------------
      #          Static (eV)         Dynamic (eV)      Correction (eV)         Renorm. (eV)
 ---------------------------------------------------------------------------------------------------
      1                 NaN                 NaN                 NaN                 NaN
      2                 NaN                 NaN                 NaN                 NaN
      3                 NaN                 NaN                 NaN                 NaN
      4                 NaN                 NaN                 NaN                 NaN
      5                 NaN                 NaN                 NaN                 NaN
      6                 NaN                 NaN                 NaN                 NaN
      7                 NaN                 NaN                 NaN                 NaN
      8                 NaN                 NaN                 NaN                 NaN
      9                 NaN                 NaN                 NaN                 NaN
     10                 NaN                 NaN                 NaN                 NaN
 ---------------------------------------------------------------------------------------------------


 -------------------------------------------------------------------------------
          Tr@BSE@G0T0 correlation energy (singlet) =       -0.1279277711 au
          Tr@BSE@G0T0 correlation energy (triplet) =                 NaN au
          Tr@BSE@G0T0 correlation energy           =                 NaN au
          Tr@BSE@G0T0 total energy                 =                 NaN au
 -------------------------------------------------------------------------------

                                       Total CPU time for G0T0 =      4.436 seconds

                                      Total CPU time for QuAcK =     13.175 seconds

