21 significant shell pairs computed in 0.000014 seconds
0
Computed Electron repulsion integrals Integrals in parallel in 0.003533 seconds

 ******************************************************************************************
 *            QuAcK                       QuAcK                         QuAcK             *
 *   __        __        __       __        __        __       __        __        __     *
 * <(o )___  <(o )___  <(o )___ <(o )___  <(o )___  <(o )___ <(o )___  <(o )___  <(o )___ *
 * ( ._> /   ( ._> /   ( ._> /  ( ._> /   ( ._> /   ( ._> /  ( ._> /   ( ._> /   ( ._> /  *
 *|--------------------------------------------------------------------------------------|*
 ******************************************************************************************

      ----------------------
             Number of atoms                2
      ----------------------

      ----------------------
Number of spin-up   electron                1
Number of spin-down electron                1
    Total number of electron                2
      ----------------------

      ----------------------
Number of core      electron                0
Number of Rydberg   electron                0
      ----------------------

          ------------------
          Molecular geometry
          ------------------
                    Atom n.                 1
                        Z =      1.0000000000
           Atom coordinates:     0.0000000000    0.0000000000    0.0000000000
                    Atom n.                 2
                        Z =      1.0000000000
           Atom coordinates:     0.0000000000    0.0000000000    1.4002870590

          ------------------
 Nuclear repulsion energy =      0.7141392856
          ------------------

          Gaussian basis set
          ------------------
                    Atom n.                 1
           number of shells                 3
          ------------------
      s-type shell with K =                 4
                                    Exponents     Contraction
                                13.0100000000    0.0196850000
                                 1.9620000000    0.1379770000
                                 0.4446000000    0.4781480000
                                 0.1220000000    0.5012400000
      s-type shell with K =                 1
                                    Exponents     Contraction
                                 0.1220000000    1.0000000000
      p-type shell with K =                 1
                                    Exponents     Contraction
                                 0.7270000000    1.0000000000
          ------------------
                    Atom n.                 2
           number of shells                 3
          ------------------
      s-type shell with K =                 4
                                    Exponents     Contraction
                                13.0100000000    0.0196850000
                                 1.9620000000    0.1379770000
                                 0.4446000000    0.4781480000
                                 0.1220000000    0.5012400000
      s-type shell with K =                 1
                                    Exponents     Contraction
                                 0.1220000000    1.0000000000
      p-type shell with K =                 1
                                    Exponents     Contraction
                                 0.7270000000    1.0000000000
          ------------------
            Number of shells                6
          ------------------

          ------------------
   Number of basis functions               10
          ------------------

 Scaling integrals by    1.0000000000000000     

                          Total CPU time for reading integrals =      0.001 seconds


 ************************************************
 |    Restricted Hartree-Fock calculation       |
 ************************************************


 ----------------------------------------------------
 | RHF calculation                                  |
 ----------------------------------------------------
 |   # |        HF energy |       Conv |     HL Gap |
 ----------------------------------------------------
 |   1 |    -1.1864433460 |   0.467449 |   0.798451 |
 |   2 |    -1.1408545213 |   0.057634 |   0.795427 |
 |   3 |    -1.1307711515 |   0.007568 |   0.790424 |
 |   4 |    -1.1290676704 |   0.000999 |   0.789538 |
 |   5 |    -1.1287744260 |   0.000152 |   0.789389 |
 |   6 |    -1.1287225544 |   0.000029 |   0.789363 |
 |   7 |    -1.1287131538 |   0.000005 |   0.789358 |
 |   8 |    -1.1287114151 |   0.000001 |   0.789357 |
 |   9 |    -1.1287110881 |   0.000000 |   0.789357 |
 |  10 |    -1.1287110258 |   0.000000 |   0.789357 |
 ----------------------------------------------------

         -----------------------------------------
           Summary              
         -----------------------------------------
           One-electron energy:     -2.5014829395 au
           Kinetic      energy:      1.0962795418 au
           Potential    energy:     -3.5977624814 au
         -----------------------------------------
           Two-electron energy:      0.6586326281 au
           Hartree      energy:      1.3172652562 au
           Exchange     energy:     -0.6586326281 au
         -----------------------------------------
           Electronic   energy:     -1.8428503114 au
           Nuclear   repulsion:      0.7141392856 au
           RHF          energy:     -1.1287110258 au
         -----------------------------------------
           HF HOMO      energy:        -16.112102 eV
           HF LUMO      energy:          5.367397 eV
           HF HOMO-LUMO gap   :         21.479499 eV
         -----------------------------------------
          Dipole moment (Debye)    
                   X         Y         Z      Tot.
           -0.000000  0.000000  0.000000  0.000000
         -----------------------------------------

           ---------------------------------------
                 MO coefficients
           ---------------------------------------
                 1              2              3              4              5
      1     0.68673408     0.25599089     1.19192992    -1.29662943     0.00000000
      2    -0.17022129     1.82733783    -1.32384904     2.26662478     0.00000000
      3     0.00000000     0.00000000     0.00000000     0.00000000    -0.57914868
      4     0.00000000     0.00000000     0.00000000     0.00000000    -0.00955594
      5     0.02248296     0.01421459     0.01144815     0.40936982     0.00000000
      6     0.68673408    -0.25599089     1.19192992     1.29662943     0.00000000
      7    -0.17022129    -1.82733783    -1.32384904    -2.26662478     0.00000000
      8     0.00000000     0.00000000     0.00000000     0.00000000    -0.57914868
      9     0.00000000     0.00000000     0.00000000     0.00000000    -0.00955594
     10    -0.02248296     0.01421459    -0.01144815     0.40936982     0.00000000
                 6              7              8              9             10
      1     0.00000000    -0.75481687     0.00000000     0.00000000     4.55389274
      2     0.00000000     0.59932549     0.00000000     0.00000000    -2.23014687
      3    -0.00955594     0.00000000     0.95821530     0.25055754     0.00000000
      4     0.57914868     0.00000000    -0.25055754     0.95821530     0.00000000
      5     0.00000000     0.72626779     0.00000000     0.00000000     2.02399558
      6     0.00000000    -0.75481687     0.00000000     0.00000000    -4.55389274
      7     0.00000000     0.59932549     0.00000000     0.00000000     2.23014687
      8    -0.00955594     0.00000000    -0.95821530    -0.25055754     0.00000000
      9     0.57914868     0.00000000     0.25055754    -0.95821530     0.00000000
     10     0.00000000    -0.72626779     0.00000000     0.00000000     2.02399558

           ---------------------------------------
                     MO energies
           ---------------------------------------
                 1
      1    -0.59210884
      2     0.19724819
      3     0.47956141
      4     0.93660380
      5     1.29279237
      6     1.29279237
      7     1.95605668
      8     2.04284033
      9     2.04284033
     10     3.60433494

                                        Total CPU time for RHF =      0.003 seconds


 AO to MO transformation... Please be patient

                    Total CPU time for AO to MO transformation =      0.007 seconds


 ************************************************
 |      Configuration Interaction Singles       |
 ************************************************


 -------------------------------------------------------------
   CIS          calculation: singlet        manifold
 -------------------------------------------------------------
 | State |  Excitation energy (au) |  Excitation energy (eV) |
 -------------------------------------------------------------
 |     1 |                0.516912 |               14.065892 |
 |     2 |                0.788428 |               21.454231 |
 |     3 |                1.186421 |               32.284153 |
 |     4 |                1.481125 |               40.303473 |
 |     5 |                1.481125 |               40.303473 |
 |     6 |                2.079294 |               56.580475 |
 |     7 |                2.148836 |               58.472807 |
 |     8 |                2.148836 |               58.472807 |
 |     9 |                3.655327 |               99.466527 |
 -------------------------------------------------------------

 ---------------------------------------------------------------
                 Transition dipole moment (au)                  
 ---------------------------------------------------------------
  #           X           Y           Z   dip. str.   osc. str.
 ---------------------------------------------------------------
  1   -0.000000   -0.000000   -1.337001    1.787571    0.616011
  2    0.000000    0.000000   -0.000000    0.000000    0.000000
  3    0.000000   -0.000000   -0.505162    0.255189    0.201841
  4    0.839235    0.479327    0.000000    0.934069    0.922316
  5   -0.479327    0.839235   -0.000000    0.934069    0.922316
  6    0.000000    0.000000    0.000000    0.000000    0.000000
  7    0.000000    0.000000   -0.000000    0.000000    0.000000
  8   -0.000000    0.000000   -0.000000    0.000000    0.000000
  9    0.000000   -0.000000    0.032754    0.001073    0.002614
 ---------------------------------------------------------------

 -------------------------------------------------------------
 Excitation n.   1:  14.065892 eV  f = 0.6160  <S**2> = 0.0000
 -------------------------------------------------------------
  1 ->   2 =   0.707097

 -------------------------------------------------------------
 Excitation n.   2:  21.454231 eV  f = 0.0000  <S**2> = 0.0000
 -------------------------------------------------------------
  1 ->   3 =  -0.707101

 -------------------------------------------------------------
 Excitation n.   3:  32.284153 eV  f = 0.2018  <S**2> = 0.0000
 -------------------------------------------------------------
  1 ->   4 =  -0.707082

 -------------------------------------------------------------
 Excitation n.   4:  40.303473 eV  f = 0.9223  <S**2> = 0.0000
 -------------------------------------------------------------
  1 ->   5 =  -0.619717
  1 ->   6 =   0.340515

 -------------------------------------------------------------
 Excitation n.   5:  40.303473 eV  f = 0.9223  <S**2> = 0.0000
 -------------------------------------------------------------
  1 ->   5 =   0.340515
  1 ->   6 =   0.619717

 -------------------------------------------------------------
 Excitation n.   6:  56.580475 eV  f = 0.0000  <S**2> = 0.0000
 -------------------------------------------------------------
  1 ->   7 =  -0.707101

 -------------------------------------------------------------
 Excitation n.   7:  58.472807 eV  f = 0.0000  <S**2> = 0.0000
 -------------------------------------------------------------
  1 ->   8 =   0.705281

 -------------------------------------------------------------
 Excitation n.   8:  58.472807 eV  f = 0.0000  <S**2> = 0.0000
 -------------------------------------------------------------
  1 ->   9 =   0.705281

 -------------------------------------------------------------
 Excitation n.   9:  99.466527 eV  f = 0.0026  <S**2> = 0.0000
 -------------------------------------------------------------
  1 ->  10 =   0.707079

Thomas-Reiche-Kuhn sum rule =   2.665098

 ---------------------------------------------------------------------------------------------------
  CIS(D) correction 
 ---------------------------------------------------------------------------------------------------
      #             CIS (eV)          CIS(D) (eV)      Correction (eV)
 ---------------------------------------------------------------------------------------------------
      1           14.065892           14.021641           -0.044252
      2           21.454231           21.579621            0.125390
      3           32.284153           31.926941           -0.357212
      4           40.303473           40.609145            0.305672
      5           40.303473           40.609145            0.305672
      6           56.580475           54.243340           -2.337134
      7           58.472807           57.435453           -1.037353
      8           58.472807           57.435453           -1.037353
      9           99.466527           99.939514            0.472987
 ---------------------------------------------------------------------------------------------------


 -------------------------------------------------------------
   CIS          calculation: triplet        manifold
 -------------------------------------------------------------
 | State |  Excitation energy (au) |  Excitation energy (eV) |
 -------------------------------------------------------------
 |     1 |                0.370456 |               10.080629 |
 |     2 |                0.615437 |               16.746901 |
 |     3 |                0.977716 |               26.604994 |
 |     4 |                1.235923 |               33.631179 |
 |     5 |                1.235923 |               33.631179 |
 |     6 |                1.926525 |               52.423425 |
 |     7 |                2.037283 |               55.437302 |
 |     8 |                2.037283 |               55.437302 |
 |     9 |                3.532893 |               96.134928 |
 -------------------------------------------------------------

 -------------------------------------------------------------
 Excitation n.   1:  10.080629 eV  f = 0.0000  <S**2> = 2.0000
 -------------------------------------------------------------
  1 ->   2 =  -0.686852
  1 ->   4 =   0.167756

 -------------------------------------------------------------
 Excitation n.   2:  16.746901 eV  f = 0.0000  <S**2> = 2.0000
 -------------------------------------------------------------
  1 ->   3 =   0.706273

 -------------------------------------------------------------
 Excitation n.   3:  26.604994 eV  f = 0.0000  <S**2> = 2.0000
 -------------------------------------------------------------
  1 ->   2 =  -0.168013
  1 ->   4 =  -0.686257

 -------------------------------------------------------------
 Excitation n.   4:  33.631179 eV  f = 0.0000  <S**2> = 2.0000
 -------------------------------------------------------------
  1 ->   5 =  -0.660802
  1 ->   6 =   0.251676

 -------------------------------------------------------------
 Excitation n.   5:  33.631179 eV  f = 0.0000  <S**2> = 2.0000
 -------------------------------------------------------------
  1 ->   5 =   0.251676
  1 ->   6 =   0.660802

 -------------------------------------------------------------
 Excitation n.   6:  52.423425 eV  f = 0.0000  <S**2> = 2.0000
 -------------------------------------------------------------
  1 ->   7 =   0.706273

 -------------------------------------------------------------
 Excitation n.   7:  55.437302 eV  f = 0.0000  <S**2> = 2.0000
 -------------------------------------------------------------
  1 ->   9 =   0.707057

 -------------------------------------------------------------
 Excitation n.   8:  55.437302 eV  f = 0.0000  <S**2> = 2.0000
 -------------------------------------------------------------
  1 ->   8 =   0.707057

 -------------------------------------------------------------
 Excitation n.   9:  96.134928 eV  f = 0.0000  <S**2> = 2.0000
 -------------------------------------------------------------
  1 ->  10 =   0.706459

Thomas-Reiche-Kuhn sum rule =   0.000000

 ---------------------------------------------------------------------------------------------------
  CIS(D) correction 
 ---------------------------------------------------------------------------------------------------
      #             CIS (eV)          CIS(D) (eV)      Correction (eV)
 ---------------------------------------------------------------------------------------------------
      1           10.080629           10.577452            0.496822
      2           16.746901           17.398055            0.651155
      3           26.604994           27.031503            0.426509
      4           33.631179           34.238879            0.607700
      5           33.631179           34.238879            0.607700
      6           52.423425           52.998842            0.575417
      7           55.437302           56.058399            0.621098
      8           55.437302           56.058399            0.621098
      9           96.134928           96.990173            0.855245
 ---------------------------------------------------------------------------------------------------

                                        Total CPU time for CIS =      0.011 seconds


 ***********************************************************
 |  Random phase approximation calculation with exchange   |
 ***********************************************************


 -------------------------------------------------------------
   RPAx@HF      calculation: singlet        manifold
 -------------------------------------------------------------
 | State |  Excitation energy (au) |  Excitation energy (eV) |
 -------------------------------------------------------------
 |     1 |                0.510857 |               13.901126 |
 |     2 |                0.783447 |               21.318676 |
 |     3 |                1.177208 |               32.033470 |
 |     4 |                1.476042 |               40.165160 |
 |     5 |                1.476042 |               40.165160 |
 |     6 |                2.077413 |               56.529289 |
 |     7 |                2.148112 |               58.453105 |
 |     8 |                2.148112 |               58.453105 |
 |     9 |                3.654303 |               99.438636 |
 -------------------------------------------------------------

 ---------------------------------------------------------------
                 Transition dipole moment (au)                  
 ---------------------------------------------------------------
  #           X           Y           Z   dip. str.   osc. str.
 ---------------------------------------------------------------
  1   -0.000000   -0.000000   -1.251169    1.565424    0.533139
  2    0.000000   -0.000000   -0.000000    0.000000    0.000000
  3    0.000000   -0.000000   -0.415096    0.172305    0.135226
  4   -0.927156   -0.009163   -0.000000    0.859701    0.845970
  5    0.009163   -0.927156    0.000000    0.859701    0.845970
  6    0.000000    0.000000    0.000000    0.000000    0.000000
  7   -0.000000   -0.000000   -0.000000    0.000000    0.000000
  8   -0.000000   -0.000000    0.000000    0.000000    0.000000
  9    0.000000   -0.000000    0.042752    0.001828    0.004453
 ---------------------------------------------------------------

 -------------------------------------------------------------
 Excitation n.   1:  13.901126 eV  f = 0.5331  <S**2> = 0.0000
 -------------------------------------------------------------
  1 ->   2 =   0.708726

 -------------------------------------------------------------
 Excitation n.   2:  21.318676 eV  f = 0.0000  <S**2> = 0.0000
 -------------------------------------------------------------
  1 ->   3 =  -0.708188

 -------------------------------------------------------------
 Excitation n.   3:  32.033470 eV  f = 0.1352  <S**2> = 0.0000
 -------------------------------------------------------------
  1 ->   4 =  -0.708530

 -------------------------------------------------------------
 Excitation n.   4:  40.165160 eV  f = 0.8460  <S**2> = 0.0000
 -------------------------------------------------------------
  1 ->   5 =   0.707700

 -------------------------------------------------------------
 Excitation n.   5:  40.165160 eV  f = 0.8460  <S**2> = 0.0000
 -------------------------------------------------------------
  1 ->   6 =  -0.707700

 -------------------------------------------------------------
 Excitation n.   6:  56.529289 eV  f = 0.0000  <S**2> = 0.0000
 -------------------------------------------------------------
  1 ->   7 =  -0.707280

 -------------------------------------------------------------
 Excitation n.   7:  58.453105 eV  f = 0.0000  <S**2> = 0.0000
 -------------------------------------------------------------
  1 ->   8 =  -0.707056

 -------------------------------------------------------------
 Excitation n.   8:  58.453105 eV  f = 0.0000  <S**2> = 0.0000
 -------------------------------------------------------------
  1 ->   9 =   0.707056

 -------------------------------------------------------------
 Excitation n.   9:  99.438636 eV  f = 0.0045  <S**2> = 0.0000
 -------------------------------------------------------------
  1 ->  10 =   0.707138

Thomas-Reiche-Kuhn sum rule =   2.364758


 -------------------------------------------------------------
   RPAx@HF      calculation: triplet        manifold
 -------------------------------------------------------------
 | State |  Excitation energy (au) |  Excitation energy (eV) |
 -------------------------------------------------------------
 |     1 |                0.353817 |                9.627856 |
 |     2 |                0.608610 |               16.561129 |
 |     3 |                0.969177 |               26.372645 |
 |     4 |                1.229827 |               33.465300 |
 |     5 |                1.229827 |               33.465300 |
 |     6 |                1.924632 |               52.371897 |
 |     7 |                2.036520 |               55.416521 |
 |     8 |                2.036520 |               55.416521 |
 |     9 |                3.531929 |               96.108679 |
 -------------------------------------------------------------

 -------------------------------------------------------------
 Excitation n.   1:   9.627856 eV  f = 0.0000  <S**2> = 2.0000
 -------------------------------------------------------------
  1 ->   2 =  -0.689553
  1 ->   4 =   0.186496
  1 <-   2 =  -0.079857

 -------------------------------------------------------------
 Excitation n.   2:  16.561129 eV  f = 0.0000  <S**2> = 2.0000
 -------------------------------------------------------------
  1 ->   3 =  -0.708092

 -------------------------------------------------------------
 Excitation n.   3:  26.372645 eV  f = 0.0000  <S**2> = 2.0000
 -------------------------------------------------------------
  1 ->   2 =  -0.178548
  1 ->   4 =  -0.685469

 -------------------------------------------------------------
 Excitation n.   4:  33.465300 eV  f = 0.0000  <S**2> = 2.0000
 -------------------------------------------------------------
  1 ->   5 =   0.702941
  1 ->   6 =  -0.084339

 -------------------------------------------------------------
 Excitation n.   5:  33.465300 eV  f = 0.0000  <S**2> = 2.0000
 -------------------------------------------------------------
  1 ->   5 =   0.084339
  1 ->   6 =   0.702941

 -------------------------------------------------------------
 Excitation n.   6:  52.371897 eV  f = 0.0000  <S**2> = 2.0000
 -------------------------------------------------------------
  1 ->   7 =   0.706419

 -------------------------------------------------------------
 Excitation n.   7:  55.416521 eV  f = 0.0000  <S**2> = 2.0000
 -------------------------------------------------------------
  1 ->   8 =  -0.592757
  1 ->   9 =   0.385659

 -------------------------------------------------------------
 Excitation n.   8:  55.416521 eV  f = 0.0000  <S**2> = 2.0000
 -------------------------------------------------------------
  1 ->   8 =   0.385659
  1 ->   9 =   0.592757

 -------------------------------------------------------------
 Excitation n.   9:  96.108679 eV  f = 0.0000  <S**2> = 2.0000
 -------------------------------------------------------------
  1 ->  10 =   0.706500

Thomas-Reiche-Kuhn sum rule =   0.000000


 -------------------------------------------------------------------------------
              Tr@RPAx correlation energy (singlet) =       -0.0086922157
              Tr@RPAx correlation energy (triplet) =       -0.0364366710
              Tr@RPAx correlation energy           =       -0.0451288866
              Tr@RPAx total energy                 =       -1.1738399124
 -------------------------------------------------------------------------------

                                       Total CPU time for RPAx =      0.000 seconds


 ************************************************
 |          One-shot G0W0 calculation           |
 ************************************************


 -------------------------------------------------------------
   RPA@HF       calculation: singlet        manifold
 -------------------------------------------------------------
 | State |  Excitation energy (au) |  Excitation energy (eV) |
 -------------------------------------------------------------
 |     1 |                0.872128 |               23.731817 |
 |     2 |                1.226279 |               33.368747 |
 |     3 |                1.758045 |               47.838850 |
 |     4 |                2.115943 |               57.577754 |
 |     5 |                2.115943 |               57.577754 |
 |     6 |                2.701162 |               73.502356 |
 |     7 |                2.744236 |               74.674453 |
 |     8 |                2.744236 |               74.674453 |
 |     9 |                4.323298 |              117.642931 |
 -------------------------------------------------------------

  *** Quasiparticle energies obtained by linearization *** 

 -------------------------------------------------------------------------------
   One-shot G0W0 calculation
 -------------------------------------------------------------------------------
 |   # |       e_HF (eV) |      Sig_c (eV) |               Z |       e_QP (eV) |
 -------------------------------------------------------------------------------
 |   1 |      -16.112102 |       -0.144725 |        0.960241 |      -16.251073 |
 |   2 |        5.367397 |       -0.183731 |        0.991884 |        5.185157 |
 |   3 |       13.049531 |       -0.392915 |        0.983997 |       12.662903 |
 |   4 |       25.486287 |       -1.577974 |        0.934585 |       24.011537 |
 |   5 |       35.178672 |       -1.059822 |        0.969085 |       34.151614 |
 |   6 |       35.178672 |       -1.059822 |        0.969085 |       34.151614 |
 |   7 |       53.227013 |      234.191726 |        0.000088 |       53.247733 |
 |   8 |       55.588517 |       -3.271670 |        0.653495 |       53.450496 |
 |   9 |       55.588517 |       -3.271670 |        0.653495 |       53.450496 |
 |  10 |       98.078949 |       -9.949674 |        0.122637 |       96.858752 |
 -------------------------------------------------------------------------------
          G0W0 HOMO      energy:     -16.251073 eV
          G0W0 LUMO      energy:       5.185157 eV
          G0W0 HOMO-LUMO gap   :      21.436230 eV
 -------------------------------------------------------------------------------
    RPA@G0W0 total energy      :      -1.174204 au
    RPA@G0W0 correlation energy:      -0.045493 au
    GM@G0W0  total energy      :      -1.212017 au
    GM@G0W0  correlation energy:      -0.083306 au
 -------------------------------------------------------------------------------


 -------------------------------------------------------------
   BSE@GW       calculation: singlet        manifold
 -------------------------------------------------------------
 | State |  Excitation energy (au) |  Excitation energy (eV) |
 -------------------------------------------------------------
 |     1 |                0.518800 |               14.117261 |
 |     2 |                0.806251 |               21.939220 |
 |     3 |                1.178350 |               32.064525 |
 |     4 |                1.505694 |               40.972032 |
 |     5 |                1.505694 |               40.972032 |
 |     6 |                2.123829 |               57.792337 |
 |     7 |                2.123829 |               57.792337 |
 |     8 |                2.143470 |               58.326795 |
 |     9 |                3.689657 |              100.400673 |
 -------------------------------------------------------------

 ---------------------------------------------------------------
                 Transition dipole moment (au)                  
 ---------------------------------------------------------------
  #           X           Y           Z   dip. str.   osc. str.
 ---------------------------------------------------------------
  1   -0.000000   -0.000000   -1.216526    1.479936    0.511860
  2    0.000000    0.000000   -0.000000    0.000000    0.000000
  3   -0.000000    0.000000    0.424399    0.180115    0.141492
  4    0.004347   -0.920210    0.000000    0.846806    0.850021
  5   -0.920210   -0.004347   -0.000000    0.846806    0.850021
  6    0.000000    0.000000   -0.000000    0.000000    0.000000
  7   -0.000000    0.000000    0.000000    0.000000    0.000000
  8   -0.000000   -0.000000   -0.000000    0.000000    0.000000
  9    0.000000   -0.000000    0.037225    0.001386    0.003408
 ---------------------------------------------------------------

 -------------------------------------------------------------
 Excitation n.   1:  14.117261 eV  f = 0.5119  <S**2> = 0.0000
 -------------------------------------------------------------
  1 ->   2 =   0.709802

 -------------------------------------------------------------
 Excitation n.   2:  21.939220 eV  f = 0.0000  <S**2> = 0.0000
 -------------------------------------------------------------
  1 ->   3 =  -0.708634

 -------------------------------------------------------------
 Excitation n.   3:  32.064525 eV  f = 0.1415  <S**2> = 0.0000
 -------------------------------------------------------------
  1 ->   4 =   0.709768

 -------------------------------------------------------------
 Excitation n.   4:  40.972032 eV  f = 0.8500  <S**2> = 0.0000
 -------------------------------------------------------------
  1 ->   6 =  -0.707908

 -------------------------------------------------------------
 Excitation n.   5:  40.972032 eV  f = 0.8500  <S**2> = 0.0000
 -------------------------------------------------------------
  1 ->   5 =   0.707908

 -------------------------------------------------------------
 Excitation n.   6:  57.792337 eV  f = 0.0000  <S**2> = 0.0000
 -------------------------------------------------------------
  1 ->   8 =   0.417795
  1 ->   9 =   0.570568

 -------------------------------------------------------------
 Excitation n.   7:  57.792337 eV  f = 0.0000  <S**2> = 0.0000
 -------------------------------------------------------------
  1 ->   8 =  -0.570568
  1 ->   9 =   0.417795

 -------------------------------------------------------------
 Excitation n.   8:  58.326795 eV  f = 0.0000  <S**2> = 0.0000
 -------------------------------------------------------------
  1 ->   7 =   0.707283

 -------------------------------------------------------------
 Excitation n.   9: 100.400673 eV  f = 0.0034  <S**2> = 0.0000
 -------------------------------------------------------------
  1 ->  10 =   0.707185

Thomas-Reiche-Kuhn sum rule =   2.356803


 *** dynamical TDA activated ***

 ---------------------------------------------------------------------------------------------------
  First-order dynamical correction to static Bethe-Salpeter excitation energies                     
 ---------------------------------------------------------------------------------------------------
  BSE neutral excitation must be lower than the GW gap =  21.436230 eV
 ---------------------------------------------------------------------------------------------------
      #          Static (eV)         Dynamic (eV)      Correction (eV)         Renorm. (eV)
 ---------------------------------------------------------------------------------------------------
      1           14.117261           14.048005           -0.069256            1.008011
      2           21.939220           21.781034           -0.158186            1.019127
      3           32.064525           31.747772           -0.316753            1.032346
      4           40.972032           40.586901           -0.385131            1.032016
      5           40.972032           40.586901           -0.385131            1.032016
      6           57.792337           57.433156           -0.359181            1.022246
      7           57.792337           57.433156           -0.359181            1.022246
      8           58.326795           57.934973           -0.391822            1.039623
      9          100.400673           99.800249           -0.600424            1.035040
 ---------------------------------------------------------------------------------------------------


 -------------------------------------------------------------
   BSE@GW       calculation: triplet        manifold
 -------------------------------------------------------------
 | State |  Excitation energy (au) |  Excitation energy (eV) |
 -------------------------------------------------------------
 |     1 |                0.387265 |               10.538007 |
 |     2 |                0.638915 |               17.385756 |
 |     3 |                0.974574 |               26.519503 |
 |     4 |                1.264001 |               34.395227 |
 |     5 |                1.264001 |               34.395227 |
 |     6 |                1.990372 |               54.160779 |
 |     7 |                2.012471 |               54.762116 |
 |     8 |                2.012471 |               54.762116 |
 |     9 |                3.565687 |               97.027277 |
 -------------------------------------------------------------

 -------------------------------------------------------------
 Excitation n.   1:  10.538007 eV  f = 0.0000  <S**2> = 2.0000
 -------------------------------------------------------------
  1 ->   2 =  -0.693190
  1 ->   4 =   0.150814

 -------------------------------------------------------------
 Excitation n.   2:  17.385756 eV  f = 0.0000  <S**2> = 2.0000
 -------------------------------------------------------------
  1 ->   3 =   0.707568

 -------------------------------------------------------------
 Excitation n.   3:  26.519503 eV  f = 0.0000  <S**2> = 2.0000
 -------------------------------------------------------------
  1 ->   2 =  -0.148087
  1 ->   4 =  -0.691919

 -------------------------------------------------------------
 Excitation n.   4:  34.395227 eV  f = 0.0000  <S**2> = 2.0000
 -------------------------------------------------------------
  1 ->   5 =  -0.482462
  1 ->   6 =  -0.517658

 -------------------------------------------------------------
 Excitation n.   5:  34.395227 eV  f = 0.0000  <S**2> = 2.0000
 -------------------------------------------------------------
  1 ->   5 =   0.517658
  1 ->   6 =  -0.482462

 -------------------------------------------------------------
 Excitation n.   6:  54.160779 eV  f = 0.0000  <S**2> = 2.0000
 -------------------------------------------------------------
  1 ->   7 =  -0.706759

 -------------------------------------------------------------
 Excitation n.   7:  54.762116 eV  f = 0.0000  <S**2> = 2.0000
 -------------------------------------------------------------
  1 ->   8 =   0.478495
  1 ->   9 =   0.520696

 -------------------------------------------------------------
 Excitation n.   8:  54.762116 eV  f = 0.0000  <S**2> = 2.0000
 -------------------------------------------------------------
  1 ->   8 =   0.520696
  1 ->   9 =  -0.478495

 -------------------------------------------------------------
 Excitation n.   9:  97.027277 eV  f = 0.0000  <S**2> = 2.0000
 -------------------------------------------------------------
  1 ->  10 =   0.706827

Thomas-Reiche-Kuhn sum rule =   0.000000


 *** dynamical TDA activated ***

 ---------------------------------------------------------------------------------------------------
  First-order dynamical correction to static Bethe-Salpeter excitation energies                     
 ---------------------------------------------------------------------------------------------------
  BSE neutral excitation must be lower than the GW gap =  21.436230 eV
 ---------------------------------------------------------------------------------------------------
      #          Static (eV)         Dynamic (eV)      Correction (eV)         Renorm. (eV)
 ---------------------------------------------------------------------------------------------------
      1           10.538007           10.307483           -0.230524            1.010657
      2           17.385756           17.132332           -0.253425            1.015838
      3           26.519503           26.065431           -0.454072            1.016543
      4           34.395227           33.831935           -0.563292            1.024002
      5           34.395227           33.831935           -0.563292            1.024002
      6           54.160779           53.601784           -0.558994            1.017311
      7           54.762116           54.340892           -0.421224            1.019497
      8           54.762116           54.340892           -0.421224            1.019497
      9           97.027277           96.400922           -0.626355            1.023777
 ---------------------------------------------------------------------------------------------------


 -------------------------------------------------------------------------------
          Tr@BSE@G0W0 correlation energy (singlet) =       -0.0274114553
          Tr@BSE@G0W0 correlation energy (triplet) =       -0.0118886295
          Tr@BSE@G0W0 correlation energy           =       -0.0393000848
          Tr@BSE@G0W0 total energy                 =       -1.1680111106
 -------------------------------------------------------------------------------

                                       Total CPU time for G0W0 =      0.001 seconds


 ************************************************
 |          One-shot G0T0 calculation           |
 ************************************************


 -------------------------------------------------------------
   pp-RPA (N+2) calculation: alpha-beta     manifold
 -------------------------------------------------------------
 | State |  Excitation energy (au) |  Excitation energy (eV) |
 -------------------------------------------------------------
 |     1 |                0.717505 |               19.524312 |
 |     2 |                0.949757 |               25.844197 |
 |     3 |                1.031635 |               28.072223 |
 |     4 |                1.310292 |               35.654873 |
 |     5 |                1.451819 |               39.506011 |
 |     6 |                1.537684 |               41.842520 |
 |     7 |                1.774131 |               48.276564 |
 |     8 |                1.840883 |               50.092964 |
 |     9 |                1.840883 |               50.092964 |
 |    10 |                1.862505 |               50.681332 |
 |    11 |                1.862505 |               50.681332 |
 |    12 |                1.883193 |               51.244288 |
 |    13 |                2.193754 |               59.695091 |
 |    14 |                2.193754 |               59.695091 |
 |    15 |                2.218767 |               60.375733 |
 |    16 |                2.218767 |               60.375733 |
 |    17 |                2.451972 |               66.721567 |
 |    18 |                2.499308 |               68.009626 |
 |    19 |                2.562616 |               69.732335 |
 |    20 |                2.584813 |               70.336345 |
 -------------------------------------------------------------


 -------------------------------------------------------------
   pp-RPA (N-2) calculation: alpha-beta     manifold
 -------------------------------------------------------------
 | State |  Excitation energy (au) |  Excitation energy (eV) |
 -------------------------------------------------------------
 |     1 |               -1.825346 |              -49.670204 |
 -------------------------------------------------------------


 -------------------------------------------------------------
   pp-RPA (N+2) calculation: alpha-alpha    manifold
 -------------------------------------------------------------
 | State |  Excitation energy (au) |  Excitation energy (eV) |
 -------------------------------------------------------------
 |     1 |                0.949757 |               25.844197 |
 |     2 |                1.451819 |               39.506011 |
 |     3 |                1.774131 |               48.276564 |
 |     4 |                1.840883 |               50.092964 |
 |     5 |                1.840883 |               50.092964 |
 |     6 |                2.193754 |               59.695091 |
 |     7 |                2.193754 |               59.695091 |
 |     8 |                2.499308 |               68.009626 |
 |     9 |                2.584813 |               70.336345 |
 |    10 |                2.584813 |               70.336345 |
 |    11 |                2.746586 |               74.738408 |
 |    12 |                2.746586 |               74.738408 |
 |    13 |                2.843244 |               77.368611 |
 |    14 |                2.944985 |               80.137133 |
 |    15 |                2.944985 |               80.137133 |
 |    16 |                3.171187 |               86.292402 |
 |    17 |                3.370027 |               91.703118 |
 |    18 |                3.466610 |               94.331250 |
 |    19 |                3.466610 |               94.331250 |
 |    20 |                3.811711 |              103.721932 |
 -------------------------------------------------------------


 -------------------------------------------------------------
   pp-RPA (N-2) calculation: alpha-alpha    manifold
 -------------------------------------------------------------
 | State |  Excitation energy (au) |  Excitation energy (eV) |
 -------------------------------------------------------------
 -------------------------------------------------------------

 -------------------------------------------------------------------------------
   One-shot G0T0 calculation (T-matrix self-energy)  
 -------------------------------------------------------------------------------
 |   # |       e_HF (eV) |    Sigma_T (eV) |               Z |       e_QP (eV) |
 -------------------------------------------------------------------------------
 |   1 |      -16.112102 |       -0.020728 |        0.988223 |      -16.132586 |
 |   2 |        5.367397 |       -0.243928 |        0.994586 |        5.124789 |
 |   3 |       13.049531 |       -0.242869 |        0.992728 |       12.808427 |
 |   4 |       25.486287 |       -0.924842 |        0.975755 |       24.583868 |
 |   5 |       35.178672 |       -0.847371 |        0.981269 |       34.347174 |
 |   6 |       35.178672 |       -0.847371 |        0.981269 |       34.347174 |
 |   7 |       53.227013 |       -1.766936 |        0.736626 |       51.925443 |
 |   8 |       55.588517 |       -1.248537 |        0.945253 |       54.408333 |
 |   9 |       55.588517 |       -1.248537 |        0.945253 |       54.408333 |
 |  10 |       98.078949 |       -1.034441 |        0.914018 |       97.133452 |
 -------------------------------------------------------------------------------
             G0T0 HOMO      energy (eV)            =     -16.132586 eV
             G0T0 LUMO      energy (eV)            =       5.124789 eV
             G0T0 HOMO-LUMO gap    (eV)            =      21.257375 eV
 -------------------------------------------------------------------------------
        Tr@ppRPA@G0T0 correlation energy (singlet) =       -0.0176869283 au
        Tr@ppRPA@G0T0 correlation energy (triplet) =        0.0000000000 au
        Tr@ppRPA@G0T0 correlation energy           =       -0.0176869283 au
        Tr@ppRPA@G0T0 total energy                 =       -1.1463979541 au
              GM@G0T0 correlation energy           =       -0.0292307973 au
              GM@G0T0 total energy                 =       -1.1579418231 au
 -------------------------------------------------------------------------------


 -------------------------------------------------------------
   BSE@GT       calculation: singlet        manifold
 -------------------------------------------------------------
 | State |  Excitation energy (au) |  Excitation energy (eV) |
 -------------------------------------------------------------
 |     1 |                0.513243 |               13.966048 |
 |     2 |                0.759902 |               20.677983 |
 |     3 |                1.139288 |               31.001596 |
 |     4 |                1.450263 |               39.463659 |
 |     5 |                1.450263 |               39.463659 |
 |     6 |                2.021215 |               55.000057 |
 |     7 |                2.100317 |               57.152531 |
 |     8 |                2.100317 |               57.152531 |
 |     9 |                3.614039 |               98.343019 |
 -------------------------------------------------------------

 ---------------------------------------------------------------
                 Transition dipole moment (au)                  
 ---------------------------------------------------------------
  #           X           Y           Z   dip. str.   osc. str.
 ---------------------------------------------------------------
  1   -0.000000   -0.000000   -1.310392    1.717127    0.587535
  2   -0.000000    0.000000    0.000000    0.000000    0.000000
  3    0.000000   -0.000000   -0.467048    0.218134    0.165678
  4    0.945448    0.056392    0.000000    0.897052    0.867308
  5    0.056392   -0.945448    0.000000    0.897052    0.867308
  6    0.000000    0.000000    0.000000    0.000000    0.000000
  7   -0.000000   -0.000000    0.000000    0.000000    0.000000
  8    0.000000    0.000000    0.000000    0.000000    0.000000
  9    0.000000   -0.000000    0.040221    0.001618    0.003898
 ---------------------------------------------------------------

 -------------------------------------------------------------
 Excitation n.   1:  13.966048 eV  f = 0.5875  <S**2> = 0.0000
 -------------------------------------------------------------
  1 ->   2 =   0.707266

 -------------------------------------------------------------
 Excitation n.   2:  20.677983 eV  f = 0.0000  <S**2> = 0.0000
 -------------------------------------------------------------
  1 ->   3 =   0.707332

 -------------------------------------------------------------
 Excitation n.   3:  31.001596 eV  f = 0.1657  <S**2> = 0.0000
 -------------------------------------------------------------
  1 ->   4 =  -0.707306

 -------------------------------------------------------------
 Excitation n.   4:  39.463659 eV  f = 0.8673  <S**2> = 0.0000
 -------------------------------------------------------------
  1 ->   5 =  -0.706595

 -------------------------------------------------------------
 Excitation n.   5:  39.463659 eV  f = 0.8673  <S**2> = 0.0000
 -------------------------------------------------------------
  1 ->   6 =  -0.706595

 -------------------------------------------------------------
 Excitation n.   6:  55.000057 eV  f = 0.0000  <S**2> = 0.0000
 -------------------------------------------------------------
  1 ->   7 =  -0.707145

 -------------------------------------------------------------
 Excitation n.   7:  57.152531 eV  f = 0.0000  <S**2> = 0.0000
 -------------------------------------------------------------
  1 ->   9 =  -0.706890

 -------------------------------------------------------------
 Excitation n.   8:  57.152531 eV  f = 0.0000  <S**2> = 0.0000
 -------------------------------------------------------------
  1 ->   8 =   0.706890

 -------------------------------------------------------------
 Excitation n.   9:  98.343019 eV  f = 0.0039  <S**2> = 0.0000
 -------------------------------------------------------------
  1 ->  10 =   0.707072

Thomas-Reiche-Kuhn sum rule =   2.491726


 *** dynamical TDA activated ***

 ---------------------------------------------------------------------------------------------------
  First-order dynamical correction to static Bethe-Salpeter excitation energies                     
 ---------------------------------------------------------------------------------------------------
  BSE neutral excitation must be lower than the GT gap =  21.257375 eV
 ---------------------------------------------------------------------------------------------------
      #          Static (eV)         Dynamic (eV)      Correction (eV)         Renorm. (eV)
 ---------------------------------------------------------------------------------------------------
      1           13.966048           13.906925           -0.059123            1.001949
      2           20.677983           20.747592            0.069609            0.991931
      3           31.001596           31.011393            0.009797            0.992495
      4           39.463659           39.469188            0.005529            1.000929
      5           39.463659           39.469188            0.005529            1.000929
      6           55.000057           55.251249            0.251192            0.884496
      7           57.152531           57.046000           -0.106531            0.992337
      8           57.152531           57.046000           -0.106531            0.992337
      9           98.343019           98.907738            0.564718            1.281104
 ---------------------------------------------------------------------------------------------------


 -------------------------------------------------------------
   BSE@GT       calculation: triplet        manifold
 -------------------------------------------------------------
 | State |  Excitation energy (au) |  Excitation energy (eV) |
 -------------------------------------------------------------
 |     1 |                0.371513 |               10.109389 |
 |     2 |                0.629280 |               17.123592 |
 |     3 |                0.965380 |               26.269332 |
 |     4 |                1.220837 |               33.220669 |
 |     5 |                1.220837 |               33.220669 |
 |     6 |                1.901259 |               51.735902 |
 |     7 |                2.009269 |               54.674992 |
 |     8 |                2.009269 |               54.674992 |
 |     9 |                3.514687 |               95.639510 |
 -------------------------------------------------------------

 -------------------------------------------------------------
 Excitation n.   1:  10.109389 eV  f = 0.0000  <S**2> = 2.0000
 -------------------------------------------------------------
  1 ->   2 =   0.689071
  1 ->   4 =  -0.161861

 -------------------------------------------------------------
 Excitation n.   2:  17.123592 eV  f = 0.0000  <S**2> = 2.0000
 -------------------------------------------------------------
  1 ->   3 =  -0.706743

 -------------------------------------------------------------
 Excitation n.   3:  26.269332 eV  f = 0.0000  <S**2> = 2.0000
 -------------------------------------------------------------
  1 ->   2 =  -0.161012
  1 ->   4 =  -0.688349

 -------------------------------------------------------------
 Excitation n.   4:  33.220669 eV  f = 0.0000  <S**2> = 2.0000
 -------------------------------------------------------------
  1 ->   6 =  -0.706678

 -------------------------------------------------------------
 Excitation n.   5:  33.220669 eV  f = 0.0000  <S**2> = 2.0000
 -------------------------------------------------------------
  1 ->   5 =  -0.706678

 -------------------------------------------------------------
 Excitation n.   6:  51.735902 eV  f = 0.0000  <S**2> = 2.0000
 -------------------------------------------------------------
  1 ->   7 =  -0.706442

 -------------------------------------------------------------
 Excitation n.   7:  54.674992 eV  f = 0.0000  <S**2> = 2.0000
 -------------------------------------------------------------
  1 ->   8 =  -0.706596

 -------------------------------------------------------------
 Excitation n.   8:  54.674992 eV  f = 0.0000  <S**2> = 2.0000
 -------------------------------------------------------------
  1 ->   9 =   0.706596

 -------------------------------------------------------------
 Excitation n.   9:  95.639510 eV  f = 0.0000  <S**2> = 2.0000
 -------------------------------------------------------------
  1 ->  10 =   0.706557

Thomas-Reiche-Kuhn sum rule =   0.000000


 *** dynamical TDA activated ***

 ---------------------------------------------------------------------------------------------------
  First-order dynamical correction to static Bethe-Salpeter excitation energies                     
 ---------------------------------------------------------------------------------------------------
  BSE neutral excitation must be lower than the GT gap =  21.257375 eV
 ---------------------------------------------------------------------------------------------------
      #          Static (eV)         Dynamic (eV)      Correction (eV)         Renorm. (eV)
 ---------------------------------------------------------------------------------------------------
      1           10.109389           10.022907           -0.086482            1.002753
      2           17.123592           16.994235           -0.129357            1.008463
      3           26.269332           26.212798           -0.056534            1.008307
      4           33.220669           33.226564            0.005896            1.006257
      5           33.220669           33.226564            0.005896            1.006257
      6           51.735902           51.681797           -0.054105           -0.002627
      7           54.674992           54.865024            0.190032            1.013007
      8           54.674992           54.865024            0.190032            1.013007
      9           95.639510           96.116336            0.476826            1.154755
 ---------------------------------------------------------------------------------------------------


 -------------------------------------------------------------------------------
          Tr@BSE@G0T0 correlation energy (singlet) =       -0.0032876910 au
          Tr@BSE@G0T0 correlation energy (triplet) =       -0.0042721170 au
          Tr@BSE@G0T0 correlation energy           =       -0.0075598080 au
          Tr@BSE@G0T0 total energy                 =       -1.1362708338 au
 -------------------------------------------------------------------------------

                                       Total CPU time for G0T0 =      0.017 seconds

                                      Total CPU time for QuAcK =      0.042 seconds

