78 significant shell pairs computed in 0.000040 seconds
0
Computed Electron repulsion integrals Integrals in parallel in 0.127115 seconds

 ******************************************************************************************
 *            QuAcK                       QuAcK                         QuAcK             *
 *   __        __        __       __        __        __       __        __        __     *
 * <(o )___  <(o )___  <(o )___ <(o )___  <(o )___  <(o )___ <(o )___  <(o )___  <(o )___ *
 * ( ._> /   ( ._> /   ( ._> /  ( ._> /   ( ._> /   ( ._> /  ( ._> /   ( ._> /   ( ._> /  *
 *|--------------------------------------------------------------------------------------|*
 ******************************************************************************************

      ----------------------
             Number of atoms                2
      ----------------------

      ----------------------
Number of spin-up   electron                1
Number of spin-down electron                1
    Total number of electron                2
      ----------------------

      ----------------------
Number of core      electron                0
Number of Rydberg   electron                0
      ----------------------

          ------------------
          Molecular geometry
          ------------------
                    Atom n.                 1
                        Z =      1.0000000000
           Atom coordinates:     0.0000000000    0.0000000000    0.0000000000
                    Atom n.                 2
                        Z =      1.0000000000
           Atom coordinates:     0.0000000000    0.0000000000    1.4002870590

          ------------------
 Nuclear repulsion energy =      0.7141392856
          ------------------

          Gaussian basis set
          ------------------
                    Atom n.                 1
           number of shells                 6
          ------------------
      s-type shell with K =                 5
                                    Exponents     Contraction
                                33.8700000000    0.0060680000
                                 5.0950000000    0.0453080000
                                 1.1590000000    0.2028220000
                                 0.3258000000    0.5039030000
                                 0.1027000000    0.3834210000
      s-type shell with K =                 1
                                    Exponents     Contraction
                                 0.3258000000    1.0000000000
      s-type shell with K =                 1
                                    Exponents     Contraction
                                 0.1027000000    1.0000000000
      p-type shell with K =                 1
                                    Exponents     Contraction
                                 1.4070000000    1.0000000000
      p-type shell with K =                 1
                                    Exponents     Contraction
                                 0.3880000000    1.0000000000
      d-type shell with K =                 1
                                    Exponents     Contraction
                                 1.0570000000    1.0000000000
          ------------------
                    Atom n.                 2
           number of shells                 6
          ------------------
      s-type shell with K =                 5
                                    Exponents     Contraction
                                33.8700000000    0.0060680000
                                 5.0950000000    0.0453080000
                                 1.1590000000    0.2028220000
                                 0.3258000000    0.5039030000
                                 0.1027000000    0.3834210000
      s-type shell with K =                 1
                                    Exponents     Contraction
                                 0.3258000000    1.0000000000
      s-type shell with K =                 1
                                    Exponents     Contraction
                                 0.1027000000    1.0000000000
      p-type shell with K =                 1
                                    Exponents     Contraction
                                 1.4070000000    1.0000000000
      p-type shell with K =                 1
                                    Exponents     Contraction
                                 0.3880000000    1.0000000000
      d-type shell with K =                 1
                                    Exponents     Contraction
                                 1.0570000000    1.0000000000
          ------------------
            Number of shells               12
          ------------------

          ------------------
   Number of basis functions               30
          ------------------

 Scaling integrals by    1.0000000000000000     

                          Total CPU time for reading integrals =      0.045 seconds


 ************************************************
 |    Restricted Hartree-Fock calculation       |
 ************************************************


 ----------------------------------------------------
 | RHF calculation                                  |
 ----------------------------------------------------
 |   # |        HF energy |       Conv |     HL Gap |
 ----------------------------------------------------
 |   1 |    -0.4953802838 |   0.165216 |   0.265017 |
 |   2 |    -1.1840227327 |   0.206111 |   0.781984 |
 |   3 |    -1.1408016973 |   0.029983 |   0.763585 |
 |   4 |    -1.1345754570 |   0.006584 |   0.760144 |
 |   5 |    -1.1333387530 |   0.001529 |   0.759458 |
 |   6 |    -1.1330634170 |   0.000361 |   0.759307 |
 |   7 |    -1.1329997039 |   0.000086 |   0.759273 |
 |   8 |    -1.1329847355 |   0.000020 |   0.759265 |
 |   9 |    -1.1329811930 |   0.000005 |   0.759263 |
 ----------------------------------------------------

         -----------------------------------------
           Summary              
         -----------------------------------------
           One-electron energy:     -2.5054461985 au
           Kinetic      energy:      1.1231710551 au
           Potential    energy:     -3.6286172536 au
         -----------------------------------------
           Two-electron energy:      0.6583257198 au
           Hartree      energy:      1.3166514397 au
           Exchange     energy:     -0.6583257198 au
         -----------------------------------------
           Electronic   energy:     -1.8471204787 au
           Nuclear   repulsion:      0.7141392856 au
           RHF          energy:     -1.1329811930 au
         -----------------------------------------
           HF HOMO      energy:        -16.174377 eV
           HF LUMO      energy:          4.486219 eV
           HF HOMO-LUMO gap   :         20.660595 eV
         -----------------------------------------
          Dipole moment (Debye)    
                   X         Y         Z      Tot.
            0.000000 -0.000000  0.000000  0.000000
         -----------------------------------------

           ---------------------------------------
                 MO coefficients
           ---------------------------------------
                 1              2              3              4              5
      1    -0.77794583    -0.47524601    -0.12181406     0.20672899     0.00000000
      2     0.10203056     0.62939383     1.11907684    -2.52648262     0.00000000
      3     0.16493964    -2.23578385    -0.90262794     2.34709724     0.00000000
      4     0.00000000     0.00000000     0.00000000     0.00000000    -0.00554888
      5     0.00000000     0.00000000     0.00000000     0.00000000     0.05843666
      6    -0.01214305     0.01014224     0.02103899    -0.00042850     0.00000000
      7     0.00000000     0.00000000     0.00000000     0.00000000     0.05467636
      8     0.00000000     0.00000000     0.00000000     0.00000000    -0.57581096
      9    -0.01786064     0.06208277    -0.02740801    -0.04458567     0.00000000
     10     0.00231681    -0.03851082    -0.09612489     0.13759935     0.00000000
     11     0.00000000     0.00000000     0.00000000     0.00000000     0.00000000
     12     0.00000000     0.00000000     0.00000000     0.00000000    -0.00085606
     13     0.00231681    -0.03851082    -0.09612489     0.13759935     0.00000000
     14     0.00000000     0.00000000     0.00000000     0.00000000     0.00901544
     15     0.00087757    -0.03362310    -0.09961647     0.11586960     0.00000000
     16    -0.77794583     0.47524601    -0.12181406    -0.20672899     0.00000000
     17     0.10203056    -0.62939383     1.11907684     2.52648262     0.00000000
     18     0.16493964     2.23578385    -0.90262794    -2.34709724     0.00000000
     19     0.00000000     0.00000000     0.00000000     0.00000000    -0.00554888
     20     0.00000000     0.00000000     0.00000000     0.00000000     0.05843666
     21     0.01214305     0.01014224    -0.02103899    -0.00042850     0.00000000
     22     0.00000000     0.00000000     0.00000000     0.00000000     0.05467636
     23     0.00000000     0.00000000     0.00000000     0.00000000    -0.57581096
     24     0.01786064     0.06208277     0.02740801    -0.04458567     0.00000000
     25     0.00231681     0.03851082    -0.09612489    -0.13759935     0.00000000
     26     0.00000000     0.00000000     0.00000000     0.00000000     0.00000000
     27     0.00000000     0.00000000     0.00000000     0.00000000     0.00085606
     28     0.00231681     0.03851082    -0.09612489    -0.13759935     0.00000000
     29     0.00000000     0.00000000     0.00000000     0.00000000    -0.00901544
     30     0.00087757     0.03362310    -0.09961647    -0.11586960     0.00000000
                 6              7              8              9             10
      1     0.00000000     0.19751180     0.00000000     0.00000000     0.23479552
      2     0.00000000    -0.91283375     0.00000000     0.00000000    12.90256384
      3     0.00000000     0.31423621     0.00000000     0.00000000    -0.38733947
      4    -0.05843666     0.00000000     0.06688056    -0.00634980     0.00000000
      5    -0.00554888     0.00000000     0.00634980     0.06688056     0.00000000
      6     0.00000000    -0.10303523     0.00000000     0.00000000     0.13301291
      7     0.57581096     0.00000000    -1.41029099     0.13389646     0.00000000
      8     0.05467636     0.00000000    -0.13389646    -1.41029099     0.00000000
      9     0.00000000     1.04151145     0.00000000     0.00000000     6.21450909
     10     0.00000000     0.00990065     0.00000000     0.00000000    -0.13236035
     11     0.00000000     0.00000000     0.00000000     0.00000000     0.00000000
     12    -0.00901544     0.00000000    -0.10729001     0.01018638     0.00000000
     13     0.00000000     0.00990065     0.00000000     0.00000000    -0.13236035
     14    -0.00085606     0.00000000    -0.01018638    -0.10729001     0.00000000
     15     0.00000000     0.10764457     0.00000000     0.00000000     0.30656992
     16     0.00000000     0.19751180     0.00000000     0.00000000    -0.23479552
     17     0.00000000    -0.91283375     0.00000000     0.00000000   -12.90256384
     18     0.00000000     0.31423621     0.00000000     0.00000000     0.38733947
     19    -0.05843666     0.00000000    -0.06688056     0.00634980     0.00000000
     20    -0.00554888     0.00000000    -0.00634980    -0.06688056     0.00000000
     21     0.00000000     0.10303523     0.00000000     0.00000000     0.13301291
     22     0.57581096     0.00000000     1.41029099    -0.13389646     0.00000000
     23     0.05467636     0.00000000     0.13389646     1.41029099     0.00000000
     24     0.00000000    -1.04151145     0.00000000     0.00000000     6.21450909
     25     0.00000000     0.00990065     0.00000000     0.00000000     0.13236035
     26     0.00000000     0.00000000     0.00000000     0.00000000     0.00000000
     27     0.00901544     0.00000000    -0.10729001     0.01018638     0.00000000
     28     0.00000000     0.00990065     0.00000000     0.00000000     0.13236035
     29     0.00085606     0.00000000    -0.01018638    -0.10729001     0.00000000
     30     0.00000000     0.10764457     0.00000000     0.00000000    -0.30656992
                11             12             13             14             15
      1    -4.19856907    -4.63868340    -0.00000000    -0.00000000     0.00000000
      2     4.28862888     5.74576747     0.00000000     0.00000000     0.00000000
      3     1.00994033     0.09492787     0.00000000     0.00000000     0.00000000
      4     0.00000000     0.00000000     0.00000000     0.00000000    -0.58556207
      5     0.00000000     0.00000000     0.00000000     0.00000000    -0.05559898
      6    -0.02731865     0.17872914     0.00000000     0.00000000     0.00000000
      7     0.00000000     0.00000000     0.00000000     0.00000000     0.35502192
      8     0.00000000     0.00000000     0.00000000     0.00000000     0.03370925
      9     0.35187385     0.06154984     0.00000000     0.00000000     0.00000000
     10    -0.51246387    -0.55012867    -0.00160070    -0.52611514     0.00000000
     11     0.00000000     0.00000000    -0.60750543     0.00184832     0.00000000
     12     0.00000000     0.00000000     0.00000000     0.00000000    -0.31985561
     13    -0.51246387    -0.55012867     0.00160070     0.52611513     0.00000000
     14     0.00000000     0.00000000     0.00000000     0.00000000    -0.03037021
     15    -0.53531537    -0.34557447    -0.00000000    -0.00000000     0.00000000
     16    -4.19856907     4.63868340    -0.00000000    -0.00000000     0.00000000
     17     4.28862888    -5.74576747     0.00000000     0.00000000     0.00000000
     18     1.00994033    -0.09492787     0.00000000     0.00000000     0.00000000
     19     0.00000000     0.00000000     0.00000000     0.00000000    -0.58556207
     20     0.00000000     0.00000000     0.00000000     0.00000000    -0.05559898
     21     0.02731865     0.17872914     0.00000000    -0.00000000     0.00000000
     22     0.00000000     0.00000000     0.00000000     0.00000000     0.35502192
     23     0.00000000     0.00000000     0.00000000     0.00000000     0.03370925
     24    -0.35187385     0.06154984     0.00000000     0.00000000     0.00000000
     25    -0.51246387     0.55012867    -0.00160070    -0.52611514     0.00000000
     26     0.00000000     0.00000000    -0.60750543     0.00184832     0.00000000
     27     0.00000000     0.00000000     0.00000000     0.00000000     0.31985561
     28    -0.51246387     0.55012867     0.00160070     0.52611513     0.00000000
     29     0.00000000     0.00000000     0.00000000     0.00000000     0.03037021
     30    -0.53531537     0.34557447    -0.00000000    -0.00000000     0.00000000
                16             17             18             19             20
      1     0.00000000    -0.65482158     0.00000000     0.00000000     0.00000000
      2     0.00000000    -0.19583814     0.00000000     0.00000000     0.00000000
      3     0.00000000     0.44016562     0.00000000     0.00000000    -0.00000000
      4     0.05559898     0.00000000    -0.49742643     0.04722835     0.00000000
      5    -0.58556207     0.00000000    -0.04722835    -0.49742643     0.00000000
      6     0.00000000    -0.82525113     0.00000000     0.00000000     0.00000000
      7    -0.03370925     0.00000000     1.13061375    -0.10734657     0.00000000
      8     0.35502192     0.00000000     0.10734657     1.13061375     0.00000000
      9     0.00000000     0.83337835     0.00000000     0.00000000     0.00000000
     10     0.00000000    -0.02295809     0.00000000     0.00000000    -0.00101896
     11     0.00000000     0.00000000     0.00000000     0.00000000    -0.88029336
     12     0.03037021     0.00000000     0.82972806    -0.07877886     0.00000000
     13     0.00000000    -0.02295809     0.00000000     0.00000000     0.00101896
     14    -0.31985561     0.00000000     0.07877886     0.82972806     0.00000000
     15     0.00000000     0.50749809     0.00000000     0.00000000     0.00000000
     16     0.00000000    -0.65482158     0.00000000     0.00000000    -0.00000000
     17     0.00000000    -0.19583814     0.00000000     0.00000000    -0.00000000
     18     0.00000000     0.44016562     0.00000000     0.00000000     0.00000000
     19     0.05559898     0.00000000     0.49742643    -0.04722835     0.00000000
     20    -0.58556207     0.00000000     0.04722835     0.49742643     0.00000000
     21     0.00000000     0.82525113     0.00000000     0.00000000     0.00000000
     22    -0.03370925     0.00000000    -1.13061375     0.10734657     0.00000000
     23     0.35502192     0.00000000    -0.10734657    -1.13061375     0.00000000
     24     0.00000000    -0.83337835     0.00000000     0.00000000     0.00000000
     25     0.00000000    -0.02295809     0.00000000     0.00000000     0.00101896
     26     0.00000000     0.00000000     0.00000000     0.00000000     0.88029336
     27    -0.03037021     0.00000000     0.82972806    -0.07877886     0.00000000
     28     0.00000000    -0.02295809     0.00000000     0.00000000    -0.00101896
     29     0.31985561     0.00000000     0.07877886     0.82972806     0.00000000
     30     0.00000000     0.50749809     0.00000000     0.00000000    -0.00000000
                21             22             23             24             25
      1    -0.00000000     0.00000000     0.00000000     3.50192723     0.51712192
      2    -0.00000001     0.00000000     0.00000000     2.36059204    -2.02790306
      3     0.00000000     0.00000000     0.00000000    -0.51634977     0.12800443
      4     0.00000000    -0.65340992    -0.06204126     0.00000000     0.00000000
      5     0.00000000    -0.06204126     0.65340992     0.00000000     0.00000000
      6     0.00000000     0.00000000     0.00000000     0.20760334     0.09174891
      7     0.00000000     0.24726602     0.02347790     0.00000000     0.00000000
      8     0.00000000     0.02347790    -0.24726602     0.00000000     0.00000000
      9    -0.00000000     0.00000000     0.00000000     3.25718758    -0.44885375
     10     0.76235642     0.00000000     0.00000000     0.35161740     1.08708657
     11    -0.00117660     0.00000000     0.00000000     0.00000000     0.00000000
     12     0.00000000     0.56167422     0.05333095     0.00000000     0.00000000
     13    -0.76235642     0.00000000     0.00000000     0.35161740     1.08708657
     14     0.00000000     0.05333095    -0.56167422     0.00000000     0.00000000
     15    -0.00000000     0.00000000     0.00000000     1.78206231     0.25219333
     16     0.00000000     0.00000000     0.00000000    -3.50192723     0.51712192
     17     0.00000001     0.00000000     0.00000000    -2.36059204    -2.02790306
     18    -0.00000000     0.00000000     0.00000000     0.51634977     0.12800443
     19     0.00000000    -0.65340992    -0.06204126     0.00000000     0.00000000
     20     0.00000000    -0.06204126     0.65340992     0.00000000     0.00000000
     21     0.00000000     0.00000000     0.00000000     0.20760334    -0.09174891
     22     0.00000000     0.24726602     0.02347790     0.00000000     0.00000000
     23     0.00000000     0.02347790    -0.24726602     0.00000000     0.00000000
     24    -0.00000000     0.00000000     0.00000000     3.25718758     0.44885375
     25    -0.76235642     0.00000000     0.00000000    -0.35161740     1.08708657
     26     0.00117660     0.00000000     0.00000000     0.00000000     0.00000000
     27     0.00000000    -0.56167422    -0.05333095     0.00000000     0.00000000
     28     0.76235642     0.00000000     0.00000000    -0.35161740     1.08708657
     29     0.00000000    -0.05333095     0.56167422     0.00000000     0.00000000
     30     0.00000000     0.00000000     0.00000000    -1.78206231     0.25219333
                26             27             28             29             30
      1     1.30047839     0.00000000     0.00000000     4.95280246    10.86662734
      2     5.72946256     0.00000000     0.00000000    -2.28906327    -2.22954125
      3    -1.25073673     0.00000000     0.00000000    -1.97726164    -3.56687147
      4     0.00000000    -1.06490734    -0.10111189     0.00000000     0.00000000
      5     0.00000000    -0.10111189     1.06490734     0.00000000     0.00000000
      6    -0.22064631     0.00000000     0.00000000     0.02643714     2.91288366
      7     0.00000000    -0.46632705    -0.04427729     0.00000000     0.00000000
      8     0.00000000    -0.04427729     0.46632705     0.00000000     0.00000000
      9     2.22476026     0.00000000     0.00000000    -0.60815232     2.65171454
     10    -1.04357873     0.00000000     0.00000000     0.17022666     0.33426085
     11     0.00000000     0.00000000     0.00000000     0.00000000     0.00000000
     12     0.00000000    -1.34582737    -0.12778496     0.00000000     0.00000000
     13    -1.04357874     0.00000000     0.00000000     0.17022666     0.33426085
     14     0.00000000    -0.12778496     1.34582737     0.00000000     0.00000000
     15    -0.22659674     0.00000000     0.00000000    -1.33613391     2.64686175
     16    -1.30047839     0.00000000     0.00000000     4.95280246   -10.86662734
     17    -5.72946256     0.00000000     0.00000000    -2.28906327     2.22954125
     18     1.25073673     0.00000000     0.00000000    -1.97726164     3.56687147
     19     0.00000000     1.06490734     0.10111189     0.00000000     0.00000000
     20     0.00000000     0.10111189    -1.06490734     0.00000000     0.00000000
     21    -0.22064631     0.00000000     0.00000000    -0.02643714     2.91288366
     22     0.00000000     0.46632705     0.04427729     0.00000000     0.00000000
     23     0.00000000     0.04427729    -0.46632705     0.00000000     0.00000000
     24     2.22476026     0.00000000     0.00000000     0.60815232     2.65171454
     25     1.04357873     0.00000000     0.00000000     0.17022666    -0.33426085
     26    -0.00000000     0.00000000     0.00000000     0.00000000     0.00000000
     27     0.00000000    -1.34582737    -0.12778496     0.00000000     0.00000000
     28     1.04357874     0.00000000     0.00000000     0.17022666    -0.33426085
     29     0.00000000    -0.12778496     1.34582737     0.00000000     0.00000000
     30     0.22659674     0.00000000     0.00000000    -1.33613391    -2.64686175

           ---------------------------------------
                     MO energies
           ---------------------------------------
                 1
      1    -0.59439738
      2     0.16486549
      3     0.28065919
      4     0.61672769
      5     0.69258454
      6     0.69258454
      7     1.09380169
      8     1.12000085
      9     1.12000086
     10     1.52898417
     11     1.64389527
     12     2.02308704
     13     3.17532241
     14     3.17532241
     15     3.41219461
     16     3.41219461
     17     3.64032318
     18     3.89365659
     19     3.89365659
     20     4.08428688
     21     4.08428688
     22     4.11404073
     23     4.11404073
     24     4.37724798
     25     4.51631389
     26     4.91880205
     27     5.72905016
     28     5.72905016
     29     5.99342797
     30     8.98223811

                                        Total CPU time for RHF =      0.171 seconds


 AO to MO transformation... Please be patient

                    Total CPU time for AO to MO transformation =      1.706 seconds


 ************************************************
 |      Configuration Interaction Singles       |
 ************************************************


 -------------------------------------------------------------
   CIS          calculation: singlet        manifold
 -------------------------------------------------------------
 | State |  Excitation energy (au) |  Excitation energy (eV) |
 -------------------------------------------------------------
 |     1 |                0.500721 |               13.625300 |
 |     2 |                0.629189 |               17.121094 |
 |     3 |                0.917710 |               24.972170 |
 |     4 |                0.930431 |               25.318318 |
 |     5 |                0.930431 |               25.318318 |
 |     6 |                1.307360 |               35.575065 |
 |     7 |                1.313758 |               35.749186 |
 |     8 |                1.313758 |               35.749186 |
 |     9 |                1.739728 |               47.340422 |
 |    10 |                1.843622 |               50.167511 |
 |    11 |                2.203725 |               59.966419 |
 |    12 |                3.227271 |               87.818507 |
 |    13 |                3.227271 |               87.818507 |
 |    14 |                3.456697 |               94.061530 |
 |    15 |                3.456697 |               94.061530 |
 |    16 |                3.713246 |              101.042559 |
 |    17 |                3.965908 |              107.917863 |
 |    18 |                3.965908 |              107.917863 |
 |    19 |                4.130614 |              112.399745 |
 |    20 |                4.130614 |              112.399745 |
 -------------------------------------------------------------

 ---------------------------------------------------------------
                 Transition dipole moment (au)                  
 ---------------------------------------------------------------
  #           X           Y           Z   dip. str.   osc. str.
 ---------------------------------------------------------------
  1   -0.000000    0.000000   -1.284599    1.650196    0.550858
  2   -0.000000   -0.000000    0.000000    0.000000    0.000000
  3    0.000000    0.000000    0.636343    0.404933    0.247741
  4   -1.148414   -0.109033    0.000000    1.330743    0.825443
  5   -0.109033    1.148414   -0.000000    1.330743    0.825443
  6   -0.000000   -0.000000   -0.000000    0.000000    0.000000
  7    0.000000   -0.000000   -0.000000    0.000000    0.000000
  8    0.000000    0.000000   -0.000000    0.000000    0.000000
  9   -0.000000   -0.000000    0.049018    0.002403    0.002787
 10   -0.000000    0.000000    0.000000    0.000000    0.000000
 ---------------------------------------------------------------

 -------------------------------------------------------------
 Excitation n.   1:  13.625300 eV  f = 0.5509  <S**2> = 0.0000
 -------------------------------------------------------------
  1 ->   2 =   0.706083

 -------------------------------------------------------------
 Excitation n.   2:  17.121094 eV  f = 0.0000  <S**2> = 0.0000
 -------------------------------------------------------------
  1 ->   3 =  -0.707014

 -------------------------------------------------------------
 Excitation n.   3:  24.972170 eV  f = 0.2477  <S**2> = 0.0000
 -------------------------------------------------------------
  1 ->   4 =  -0.706013

 -------------------------------------------------------------
 Excitation n.   4:  25.318318 eV  f = 0.8254  <S**2> = 0.0000
 -------------------------------------------------------------
  1 ->   6 =   0.707102

 -------------------------------------------------------------
 Excitation n.   5:  25.318318 eV  f = 0.8254  <S**2> = 0.0000
 -------------------------------------------------------------
  1 ->   5 =   0.707102

 -------------------------------------------------------------
 Excitation n.   6:  35.575065 eV  f = 0.0000  <S**2> = 0.0000
 -------------------------------------------------------------
  1 ->   7 =  -0.705751

 -------------------------------------------------------------
 Excitation n.   7:  35.749186 eV  f = 0.0000  <S**2> = 0.0000
 -------------------------------------------------------------
  1 ->   8 =   0.707035

 -------------------------------------------------------------
 Excitation n.   8:  35.749186 eV  f = 0.0000  <S**2> = 0.0000
 -------------------------------------------------------------
  1 ->   9 =   0.707035

 -------------------------------------------------------------
 Excitation n.   9:  47.340422 eV  f = 0.0028  <S**2> = 0.0000
 -------------------------------------------------------------
  1 ->  10 =  -0.707016

 -------------------------------------------------------------
 Excitation n.  10:  50.167511 eV  f = 0.0000  <S**2> = 0.0000
 -------------------------------------------------------------
  1 ->  11 =   0.705636

Thomas-Reiche-Kuhn sum rule =   2.452271

 ---------------------------------------------------------------------------------------------------
  CIS(D) correction 
 ---------------------------------------------------------------------------------------------------
      #             CIS (eV)          CIS(D) (eV)      Correction (eV)
 ---------------------------------------------------------------------------------------------------
      1           13.625300           13.604118           -0.021182
      2           17.121094           17.159875            0.038781
      3           24.972170           24.879879           -0.092291
      4           25.318318           25.360367            0.042049
      5           25.318318           25.360367            0.042049
      6           35.575065           34.852802           -0.722263
      7           35.749186           35.370311           -0.378875
      8           35.749186           35.370311           -0.378875
      9           47.340422           47.279019           -0.061403
     10           50.167511           50.472872            0.305360
 ---------------------------------------------------------------------------------------------------


 -------------------------------------------------------------
   CIS          calculation: triplet        manifold
 -------------------------------------------------------------
 | State |  Excitation energy (au) |  Excitation energy (eV) |
 -------------------------------------------------------------
 |     1 |                0.369019 |               10.041516 |
 |     2 |                0.516946 |               14.066819 |
 |     3 |                0.754873 |               20.541128 |
 |     4 |                0.754873 |               20.541128 |
 |     5 |                0.766741 |               20.864073 |
 |     6 |                1.216332 |               33.098088 |
 |     7 |                1.252655 |               34.086485 |
 |     8 |                1.252655 |               34.086485 |
 |     9 |                1.716147 |               46.698737 |
 |    10 |                1.719412 |               46.787578 |
 |    11 |                2.068348 |               56.282628 |
 |    12 |                3.129326 |               85.153287 |
 |    13 |                3.129326 |               85.153287 |
 |    14 |                3.296019 |               89.689244 |
 |    15 |                3.296019 |               89.689244 |
 |    16 |                3.583068 |               97.500246 |
 |    17 |                3.885692 |              105.735075 |
 |    18 |                3.885692 |              105.735075 |
 |    19 |                4.071171 |              110.782216 |
 |    20 |                4.071171 |              110.782216 |
 -------------------------------------------------------------

 -------------------------------------------------------------
 Excitation n.   1:  10.041516 eV  f = 0.0000  <S**2> = 2.0000
 -------------------------------------------------------------
  1 ->   2 =  -0.658338
  1 ->   4 =  -0.255604

 -------------------------------------------------------------
 Excitation n.   2:  14.066819 eV  f = 0.0000  <S**2> = 2.0000
 -------------------------------------------------------------
  1 ->   3 =  -0.701555

 -------------------------------------------------------------
 Excitation n.   3:  20.541128 eV  f = 0.0000  <S**2> = 2.0000
 -------------------------------------------------------------
  1 ->   5 =   0.706467

 -------------------------------------------------------------
 Excitation n.   4:  20.541128 eV  f = 0.0000  <S**2> = 2.0000
 -------------------------------------------------------------
  1 ->   6 =   0.706467

 -------------------------------------------------------------
 Excitation n.   5:  20.864073 eV  f = 0.0000  <S**2> = 2.0000
 -------------------------------------------------------------
  1 ->   2 =   0.257988
  1 ->   4 =  -0.654000
  1 ->  12 =  -0.075436

 -------------------------------------------------------------
 Excitation n.   6:  33.098088 eV  f = 0.0000  <S**2> = 2.0000
 -------------------------------------------------------------
  1 ->   7 =   0.703655

 -------------------------------------------------------------
 Excitation n.   7:  34.086485 eV  f = 0.0000  <S**2> = 2.0000
 -------------------------------------------------------------
  1 ->   8 =   0.706778

 -------------------------------------------------------------
 Excitation n.   8:  34.086485 eV  f = 0.0000  <S**2> = 2.0000
 -------------------------------------------------------------
  1 ->   9 =  -0.706778

 -------------------------------------------------------------
 Excitation n.   9:  46.698737 eV  f = 0.0000  <S**2> = 2.0000
 -------------------------------------------------------------
  1 ->  10 =  -0.706934

 -------------------------------------------------------------
 Excitation n.  10:  46.787578 eV  f = 0.0000  <S**2> = 2.0000
 -------------------------------------------------------------
  1 ->  11 =   0.703387

Thomas-Reiche-Kuhn sum rule =   0.000000

 ---------------------------------------------------------------------------------------------------
  CIS(D) correction 
 ---------------------------------------------------------------------------------------------------
      #             CIS (eV)          CIS(D) (eV)      Correction (eV)
 ---------------------------------------------------------------------------------------------------
      1           10.041516           10.634141            0.592625
      2           14.066819           14.714092            0.647273
      3           20.541128           21.209765            0.668637
      4           20.541128           21.209765            0.668637
      5           20.864073           21.299566            0.435493
      6           33.098088           33.616907            0.518819
      7           34.086485           34.653497            0.567012
      8           34.086485           34.653497            0.567012
      9           46.698737           47.130413            0.431676
     10           46.787578           47.350921            0.563343
 ---------------------------------------------------------------------------------------------------

                                        Total CPU time for CIS =      1.666 seconds


 ***********************************************************
 |  Random phase approximation calculation with exchange   |
 ***********************************************************


 -------------------------------------------------------------
   RPAx@HF      calculation: singlet        manifold
 -------------------------------------------------------------
 | State |  Excitation energy (au) |  Excitation energy (eV) |
 -------------------------------------------------------------
 |     1 |                0.495870 |               13.493322 |
 |     2 |                0.625830 |               17.029709 |
 |     3 |                0.909631 |               24.752309 |
 |     4 |                0.925895 |               25.194892 |
 |     5 |                0.925895 |               25.194892 |
 |     6 |                1.305840 |               35.533709 |
 |     7 |                1.313318 |               35.737213 |
 |     8 |                1.313318 |               35.737213 |
 |     9 |                1.739670 |               47.338821 |
 |    10 |                1.841245 |               50.102818 |
 |    11 |                2.200549 |               59.879981 |
 |    12 |                3.226899 |               87.808396 |
 |    13 |                3.226899 |               87.808396 |
 |    14 |                3.455175 |               94.020103 |
 |    15 |                3.455175 |               94.020103 |
 |    16 |                3.712116 |              101.011810 |
 |    17 |                3.965590 |              107.909196 |
 |    18 |                3.965590 |              107.909196 |
 |    19 |                4.130508 |              112.396835 |
 |    20 |                4.130508 |              112.396835 |
 -------------------------------------------------------------

 ---------------------------------------------------------------
                 Transition dipole moment (au)                  
 ---------------------------------------------------------------
  #           X           Y           Z   dip. str.   osc. str.
 ---------------------------------------------------------------
  1    0.000000   -0.000000    1.211280    1.467198    0.485027
  2   -0.000000   -0.000000    0.000000    0.000000    0.000000
  3    0.000000    0.000000    0.536699    0.288046    0.174677
  4   -1.096373   -0.104095    0.000000    1.212870    0.748660
  5    0.104095   -1.096373    0.000000    1.212870    0.748660
  6    0.000000    0.000000    0.000000    0.000000    0.000000
  7   -0.000000    0.000000    0.000000    0.000000    0.000000
  8   -0.000000   -0.000000    0.000000    0.000000    0.000000
  9    0.000000    0.000000   -0.047027    0.002212    0.002565
 10    0.000000   -0.000000   -0.000000    0.000000    0.000000
 ---------------------------------------------------------------

 -------------------------------------------------------------
 Excitation n.   1:  13.493322 eV  f = 0.4850  <S**2> = 0.0000
 -------------------------------------------------------------
  1 ->   2 =  -0.706831

 -------------------------------------------------------------
 Excitation n.   2:  17.029709 eV  f = 0.0000  <S**2> = 0.0000
 -------------------------------------------------------------
  1 ->   3 =  -0.707744

 -------------------------------------------------------------
 Excitation n.   3:  24.752309 eV  f = 0.1747  <S**2> = 0.0000
 -------------------------------------------------------------
  1 ->   4 =  -0.706985

 -------------------------------------------------------------
 Excitation n.   4:  25.194892 eV  f = 0.7487  <S**2> = 0.0000
 -------------------------------------------------------------
  1 ->   6 =   0.707902

 -------------------------------------------------------------
 Excitation n.   5:  25.194892 eV  f = 0.7487  <S**2> = 0.0000
 -------------------------------------------------------------
  1 ->   5 =  -0.707902

 -------------------------------------------------------------
 Excitation n.   6:  35.533709 eV  f = 0.0000  <S**2> = 0.0000
 -------------------------------------------------------------
  1 ->   7 =   0.706051

 -------------------------------------------------------------
 Excitation n.   7:  35.737213 eV  f = 0.0000  <S**2> = 0.0000
 -------------------------------------------------------------
  1 ->   8 =  -0.707086

 -------------------------------------------------------------
 Excitation n.   8:  35.737213 eV  f = 0.0000  <S**2> = 0.0000
 -------------------------------------------------------------
  1 ->   9 =  -0.707086

 -------------------------------------------------------------
 Excitation n.   9:  47.338821 eV  f = 0.0026  <S**2> = 0.0000
 -------------------------------------------------------------
  1 ->  10 =   0.707022

 -------------------------------------------------------------
 Excitation n.  10:  50.102818 eV  f = 0.0000  <S**2> = 0.0000
 -------------------------------------------------------------
  1 ->  11 =  -0.705957

Thomas-Reiche-Kuhn sum rule =   2.159590


 -------------------------------------------------------------
   RPAx@HF      calculation: triplet        manifold
 -------------------------------------------------------------
 | State |  Excitation energy (au) |  Excitation energy (eV) |
 -------------------------------------------------------------
 |     1 |                0.352554 |                9.593478 |
 |     2 |                0.511322 |               13.913774 |
 |     3 |                0.748913 |               20.378958 |
 |     4 |                0.748913 |               20.378958 |
 |     5 |                0.759817 |               20.675684 |
 |     6 |                1.214640 |               33.052043 |
 |     7 |                1.252175 |               34.073410 |
 |     8 |                1.252175 |               34.073410 |
 |     9 |                1.716087 |               46.697104 |
 |    10 |                1.717080 |               46.724114 |
 |    11 |                2.065507 |               56.205316 |
 |    12 |                3.128942 |               85.142859 |
 |    13 |                3.128942 |               85.142859 |
 |    14 |                3.294496 |               89.647798 |
 |    15 |                3.294496 |               89.647798 |
 |    16 |                3.581951 |               97.469838 |
 |    17 |                3.885363 |              105.726122 |
 |    18 |                3.885363 |              105.726122 |
 |    19 |                4.071063 |              110.779263 |
 |    20 |                4.071063 |              110.779263 |
 -------------------------------------------------------------

 -------------------------------------------------------------
 Excitation n.   1:   9.593478 eV  f = 0.0000  <S**2> = 2.0000
 -------------------------------------------------------------
  1 ->   2 =   0.656560
  1 ->   4 =   0.278494
  1 <-   4 =   0.071759

 -------------------------------------------------------------
 Excitation n.   2:  13.913774 eV  f = 0.0000  <S**2> = 2.0000
 -------------------------------------------------------------
  1 ->   3 =  -0.702633

 -------------------------------------------------------------
 Excitation n.   3:  20.378958 eV  f = 0.0000  <S**2> = 2.0000
 -------------------------------------------------------------
  1 ->   5 =  -0.707735

 -------------------------------------------------------------
 Excitation n.   4:  20.378958 eV  f = 0.0000  <S**2> = 2.0000
 -------------------------------------------------------------
  1 ->   6 =   0.707735

 -------------------------------------------------------------
 Excitation n.   5:  20.675684 eV  f = 0.0000  <S**2> = 2.0000
 -------------------------------------------------------------
  1 ->   2 =  -0.272893
  1 ->   4 =   0.649567
  1 ->  12 =   0.077853

 -------------------------------------------------------------
 Excitation n.   6:  33.052043 eV  f = 0.0000  <S**2> = 2.0000
 -------------------------------------------------------------
  1 ->   7 =  -0.703701

 -------------------------------------------------------------
 Excitation n.   7:  34.073410 eV  f = 0.0000  <S**2> = 2.0000
 -------------------------------------------------------------
  1 ->   8 =  -0.706834

 -------------------------------------------------------------
 Excitation n.   8:  34.073410 eV  f = 0.0000  <S**2> = 2.0000
 -------------------------------------------------------------
  1 ->   9 =  -0.706834

 -------------------------------------------------------------
 Excitation n.   9:  46.697104 eV  f = 0.0000  <S**2> = 2.0000
 -------------------------------------------------------------
  1 ->  10 =  -0.706939

 -------------------------------------------------------------
 Excitation n.  10:  46.724114 eV  f = 0.0000  <S**2> = 2.0000
 -------------------------------------------------------------
  1 ->  11 =   0.703529

Thomas-Reiche-Kuhn sum rule =   0.000000


 -------------------------------------------------------------------------------
              Tr@RPAx correlation energy (singlet) =       -0.0103682243
              Tr@RPAx correlation energy (triplet) =       -0.0426335753
              Tr@RPAx correlation energy           =       -0.0530017996
              Tr@RPAx total energy                 =       -1.1859829926
 -------------------------------------------------------------------------------

                                       Total CPU time for RPAx =      0.001 seconds


 ************************************************
 |          One-shot G0W0 calculation           |
 ************************************************


 -------------------------------------------------------------
   RPA@HF       calculation: singlet        manifold
 -------------------------------------------------------------
 | State |  Excitation energy (au) |  Excitation energy (eV) |
 -------------------------------------------------------------
 |     1 |                0.813012 |               22.123178 |
 |     2 |                0.956265 |               26.021305 |
 |     3 |                1.381055 |               37.580430 |
 |     4 |                1.443301 |               39.274234 |
 |     5 |                1.443301 |               39.274234 |
 |     6 |                1.771636 |               48.208673 |
 |     7 |                1.771636 |               48.208673 |
 |     8 |                1.776826 |               48.349900 |
 |     9 |                2.145928 |               58.393687 |
 |    10 |                2.361006 |               64.246243 |
 |    11 |                2.764268 |               75.219560 |
 |    12 |                3.866424 |              105.210768 |
 |    13 |                3.866424 |              105.210768 |
 |    14 |                4.169828 |              113.466792 |
 |    15 |                4.169828 |              113.466792 |
 |    16 |                4.365208 |              118.783353 |
 |    17 |                4.566136 |              124.250885 |
 |    18 |                4.566136 |              124.250885 |
 |    19 |                4.737754 |              128.920866 |
 |    20 |                4.737754 |              128.920866 |
 -------------------------------------------------------------

  *** Quasiparticle energies obtained by linearization *** 

 -------------------------------------------------------------------------------
   One-shot G0W0 calculation
 -------------------------------------------------------------------------------
 |   # |       e_HF (eV) |      Sig_c (eV) |               Z |       e_QP (eV) |
 -------------------------------------------------------------------------------
 |   1 |      -16.174377 |       -0.329615 |        0.954622 |      -16.489034 |
 |   2 |        4.486219 |       -0.252617 |        0.991515 |        4.235745 |
 |   3 |        7.637126 |       -0.259247 |        0.992126 |        7.379920 |
 |   4 |       16.782015 |       -0.953658 |        0.967693 |       15.859166 |
 |   5 |       18.846185 |       -0.799545 |        0.979269 |       18.063216 |
 |   6 |       18.846185 |       -0.799545 |        0.979269 |       18.063216 |
 |   7 |       29.763860 |       -0.914500 |        0.836256 |       28.999104 |
 |   8 |       30.476776 |       -1.126543 |        0.950196 |       29.406338 |
 |   9 |       30.476776 |       -1.126543 |        0.950196 |       29.406338 |
 |  10 |       41.605778 |       -0.696179 |        0.965479 |       40.933632 |
 |  11 |       44.732669 |       -1.559076 |        0.891224 |       43.343184 |
 |  12 |       55.051002 |       -0.989623 |        0.763123 |       54.295798 |
 |  13 |       86.404924 |       -0.896050 |        0.931032 |       85.570673 |
 |  14 |       86.404924 |       -0.896050 |        0.931032 |       85.570673 |
 |  15 |       92.850545 |       -1.740742 |        0.882753 |       91.313900 |
 |  16 |       92.850545 |       -1.740742 |        0.882753 |       91.313900 |
 |  17 |       99.058239 |       -0.116330 |        0.737728 |       98.972419 |
 |  18 |      105.951792 |       -1.478744 |        0.898673 |      104.622885 |
 |  19 |      105.951792 |       -1.478744 |        0.898673 |      104.622885 |
 |  20 |      111.139107 |       -0.862915 |        0.614280 |      110.609035 |
 |  21 |      111.139107 |       -0.862915 |        0.614280 |      110.609035 |
 |  22 |      111.948750 |       -1.695478 |        0.891786 |      110.436747 |
 |  23 |      111.948750 |       -1.695478 |        0.891786 |      110.436747 |
 |  24 |      119.110984 |      -14.048448 |        0.017390 |      118.866680 |
 |  25 |      122.895161 |       -2.372074 |        0.816868 |      120.957488 |
 |  26 |      133.847421 |       -2.454425 |        0.741609 |      132.027198 |
 |  27 |      155.895395 |       -3.529714 |        0.064287 |      155.668480 |
 |  28 |      155.895395 |       -3.529714 |        0.064287 |      155.668480 |
 |  29 |      163.089482 |       -8.556498 |        0.023261 |      162.890449 |
 |  30 |      244.419149 |       -1.344411 |        0.795172 |      243.350110 |
 -------------------------------------------------------------------------------
          G0W0 HOMO      energy:     -16.489034 eV
          G0W0 LUMO      energy:       4.235745 eV
          G0W0 HOMO-LUMO gap   :      20.724779 eV
 -------------------------------------------------------------------------------
    RPA@G0W0 total energy      :      -1.188132 au
    RPA@G0W0 correlation energy:      -0.055151 au
    GM@G0W0  total energy      :      -1.235204 au
    GM@G0W0  correlation energy:      -0.102223 au
 -------------------------------------------------------------------------------


 -------------------------------------------------------------
   BSE@GW       calculation: singlet        manifold
 -------------------------------------------------------------
 | State |  Excitation energy (au) |  Excitation energy (eV) |
 -------------------------------------------------------------
 |     1 |                0.506592 |               13.785075 |
 |     2 |                0.643151 |               17.501018 |
 |     3 |                0.918243 |               24.986653 |
 |     4 |                0.945033 |               25.715665 |
 |     5 |                0.945033 |               25.715665 |
 |     6 |                1.308821 |               35.614827 |
 |     7 |                1.308821 |               35.614827 |
 |     8 |                1.317289 |               35.845250 |
 |     9 |                1.740159 |               47.352146 |
 |    10 |                1.847223 |               50.265500 |
 |    11 |                2.239653 |               60.944062 |
 |    12 |                3.274149 |               89.094123 |
 |    13 |                3.274149 |               89.094123 |
 |    14 |                3.505261 |               95.383015 |
 |    15 |                3.505261 |               95.383015 |
 |    16 |                3.797541 |              103.336367 |
 |    17 |                3.986104 |              108.467412 |
 |    18 |                3.986104 |              108.467412 |
 |    19 |                4.173905 |              113.577738 |
 |    20 |                4.173905 |              113.577738 |
 -------------------------------------------------------------

 ---------------------------------------------------------------
                 Transition dipole moment (au)                  
 ---------------------------------------------------------------
  #           X           Y           Z   dip. str.   osc. str.
 ---------------------------------------------------------------
  1    0.000000   -0.000000    1.172915    1.375729    0.464622
  2   -0.000000   -0.000000    0.000000    0.000000    0.000000
  3    0.000000    0.000000    0.550918    0.303510    0.185797
  4    1.086620    0.103166   -0.000000    1.191386    0.750600
  5   -0.103166    1.086620   -0.000000    1.191386    0.750600
  6    0.000000   -0.000000   -0.000000    0.000000    0.000000
  7   -0.000000   -0.000000    0.000000    0.000000    0.000000
  8    0.000000    0.000000    0.000000    0.000000    0.000000
  9    0.000000    0.000000   -0.045635    0.002083    0.002416
 10   -0.000000   -0.000000    0.000000    0.000000    0.000000
 ---------------------------------------------------------------

 -------------------------------------------------------------
 Excitation n.   1:  13.785075 eV  f = 0.4646  <S**2> = 0.0000
 -------------------------------------------------------------
  1 ->   2 =  -0.708614

 -------------------------------------------------------------
 Excitation n.   2:  17.501018 eV  f = 0.0000  <S**2> = 0.0000
 -------------------------------------------------------------
  1 ->   3 =  -0.708113

 -------------------------------------------------------------
 Excitation n.   3:  24.986653 eV  f = 0.1858  <S**2> = 0.0000
 -------------------------------------------------------------
  1 ->   4 =  -0.709506

 -------------------------------------------------------------
 Excitation n.   4:  25.715665 eV  f = 0.7506  <S**2> = 0.0000
 -------------------------------------------------------------
  1 ->   6 =  -0.708231

 -------------------------------------------------------------
 Excitation n.   5:  25.715665 eV  f = 0.7506  <S**2> = 0.0000
 -------------------------------------------------------------
  1 ->   5 =   0.708231

 -------------------------------------------------------------
 Excitation n.   6:  35.614827 eV  f = 0.0000  <S**2> = 0.0000
 -------------------------------------------------------------
  1 ->   8 =   0.707144

 -------------------------------------------------------------
 Excitation n.   7:  35.614827 eV  f = 0.0000  <S**2> = 0.0000
 -------------------------------------------------------------
  1 ->   9 =  -0.707144

 -------------------------------------------------------------
 Excitation n.   8:  35.845250 eV  f = 0.0000  <S**2> = 0.0000
 -------------------------------------------------------------
  1 ->   7 =   0.705687

 -------------------------------------------------------------
 Excitation n.   9:  47.352146 eV  f = 0.0024  <S**2> = 0.0000
 -------------------------------------------------------------
  1 ->  10 =   0.707060

 -------------------------------------------------------------
 Excitation n.  10:  50.265500 eV  f = 0.0000  <S**2> = 0.0000
 -------------------------------------------------------------
  1 ->  11 =   0.705782

Thomas-Reiche-Kuhn sum rule =   2.154035


 *** dynamical TDA activated ***

 ---------------------------------------------------------------------------------------------------
  First-order dynamical correction to static Bethe-Salpeter excitation energies                     
 ---------------------------------------------------------------------------------------------------
  BSE neutral excitation must be lower than the GW gap =  20.724779 eV
 ---------------------------------------------------------------------------------------------------
      #          Static (eV)         Dynamic (eV)      Correction (eV)         Renorm. (eV)
 ---------------------------------------------------------------------------------------------------
      1           13.785075           13.721843           -0.063232            1.007133
      2           17.501018           17.428483           -0.072535            1.009728
      3           24.986653           24.781462           -0.205190            1.021197
      4           25.715665           25.473543           -0.242123            1.021112
      5           25.715665           25.473543           -0.242123            1.021112
      6           35.614827           35.439696           -0.175131            1.012149
      7           35.614827           35.439696           -0.175131            1.012149
      8           35.845250           35.651001           -0.194248            1.015290
      9           47.352146           47.243353           -0.108792            1.009957
     10           50.265500           49.987550           -0.277950            0.999767
 ---------------------------------------------------------------------------------------------------


 -------------------------------------------------------------
   BSE@GW       calculation: triplet        manifold
 -------------------------------------------------------------
 | State |  Excitation energy (au) |  Excitation energy (eV) |
 -------------------------------------------------------------
 |     1 |                0.390756 |               10.633019 |
 |     2 |                0.538658 |               14.657636 |
 |     3 |                0.773228 |               21.040614 |
 |     4 |                0.775007 |               21.089006 |
 |     5 |                0.775007 |               21.089006 |
 |     6 |                1.227927 |               33.413602 |
 |     7 |                1.248436 |               33.971661 |
 |     8 |                1.248436 |               33.971661 |
 |     9 |                1.716755 |               46.715291 |
 |    10 |                1.724085 |               46.914745 |
 |    11 |                2.103239 |               57.232038 |
 |    12 |                3.176266 |               86.430594 |
 |    13 |                3.176266 |               86.430594 |
 |    14 |                3.343521 |               90.981832 |
 |    15 |                3.343521 |               90.981832 |
 |    16 |                3.667095 |               99.786736 |
 |    17 |                3.906526 |              106.301994 |
 |    18 |                3.906526 |              106.301994 |
 |    19 |                4.104308 |              111.683910 |
 |    20 |                4.104308 |              111.683910 |
 -------------------------------------------------------------

 -------------------------------------------------------------
 Excitation n.   1:  10.633019 eV  f = 0.0000  <S**2> = 2.0000
 -------------------------------------------------------------
  1 ->   2 =  -0.669266
  1 ->   4 =  -0.233575

 -------------------------------------------------------------
 Excitation n.   2:  14.657636 eV  f = 0.0000  <S**2> = 2.0000
 -------------------------------------------------------------
  1 ->   3 =   0.704007

 -------------------------------------------------------------
 Excitation n.   3:  21.040614 eV  f = 0.0000  <S**2> = 2.0000
 -------------------------------------------------------------
  1 ->   2 =   0.232048
  1 ->   4 =  -0.665900

 -------------------------------------------------------------
 Excitation n.   4:  21.089006 eV  f = 0.0000  <S**2> = 2.0000
 -------------------------------------------------------------
  1 ->   5 =   0.707465

 -------------------------------------------------------------
 Excitation n.   5:  21.089006 eV  f = 0.0000  <S**2> = 2.0000
 -------------------------------------------------------------
  1 ->   6 =  -0.707465

 -------------------------------------------------------------
 Excitation n.   6:  33.413602 eV  f = 0.0000  <S**2> = 2.0000
 -------------------------------------------------------------
  1 ->   7 =   0.704949

 -------------------------------------------------------------
 Excitation n.   7:  33.971661 eV  f = 0.0000  <S**2> = 2.0000
 -------------------------------------------------------------
  1 ->   8 =   0.706956

 -------------------------------------------------------------
 Excitation n.   8:  33.971661 eV  f = 0.0000  <S**2> = 2.0000
 -------------------------------------------------------------
  1 ->   9 =  -0.706956

 -------------------------------------------------------------
 Excitation n.   9:  46.715291 eV  f = 0.0000  <S**2> = 2.0000
 -------------------------------------------------------------
  1 ->  10 =   0.706995

 -------------------------------------------------------------
 Excitation n.  10:  46.914745 eV  f = 0.0000  <S**2> = 2.0000
 -------------------------------------------------------------
  1 ->  11 =   0.704772

Thomas-Reiche-Kuhn sum rule =   0.000000


 *** dynamical TDA activated ***

 ---------------------------------------------------------------------------------------------------
  First-order dynamical correction to static Bethe-Salpeter excitation energies                     
 ---------------------------------------------------------------------------------------------------
  BSE neutral excitation must be lower than the GW gap =  20.724779 eV
 ---------------------------------------------------------------------------------------------------
      #          Static (eV)         Dynamic (eV)      Correction (eV)         Renorm. (eV)
 ---------------------------------------------------------------------------------------------------
      1           10.633019           10.388550           -0.244469            1.011261
      2           14.657636           14.499020           -0.158615            1.010021
      3           21.040614           20.765571           -0.275043            1.010189
      4           21.089006           20.730945           -0.358062            1.017130
      5           21.089006           20.730945           -0.358062            1.017130
      6           33.413602           33.158034           -0.255569            1.011905
      7           33.971661           33.769085           -0.202576            1.011278
      8           33.971661           33.769085           -0.202576            1.011278
      9           46.715291           46.622661           -0.092630            0.750067
     10           46.914745           46.371109           -0.543636            0.949944
 ---------------------------------------------------------------------------------------------------


 -------------------------------------------------------------------------------
          Tr@BSE@G0W0 correlation energy (singlet) =       -0.0317159928
          Tr@BSE@G0W0 correlation energy (triplet) =       -0.0141990398
          Tr@BSE@G0W0 correlation energy           =       -0.0459150326
          Tr@BSE@G0W0 total energy                 =       -1.1788962257
 -------------------------------------------------------------------------------

                                       Total CPU time for G0W0 =      0.015 seconds


 ************************************************
 |          One-shot G0T0 calculation           |
 ************************************************


 -------------------------------------------------------------
   pp-RPA (N+2) calculation: alpha-beta     manifold
 -------------------------------------------------------------
 | State |  Excitation energy (au) |  Excitation energy (eV) |
 -------------------------------------------------------------
 |     1 |                0.599946 |               16.325373 |
 |     2 |                0.659660 |               17.950255 |
 |     3 |                0.740482 |               20.149552 |
 |     4 |                0.827281 |               22.511462 |
 |     5 |                1.039656 |               28.290479 |
 |     6 |                1.113887 |               30.310419 |
 |     7 |                1.144128 |               31.133320 |
 |     8 |                1.144128 |               31.133320 |
 |     9 |                1.158476 |               31.523724 |
 |    10 |                1.158476 |               31.523724 |
 |    11 |                1.166465 |               31.741143 |
 |    12 |                1.199372 |               32.636569 |
 |    13 |                1.274149 |               34.671349 |
 |    14 |                1.274149 |               34.671349 |
 |    15 |                1.286391 |               35.004492 |
 |    16 |                1.286391 |               35.004492 |
 |    17 |                1.533941 |               41.740673 |
 |    18 |                1.561984 |               42.503740 |
 |    19 |                1.561984 |               42.503740 |
 |    20 |                1.605943 |               43.699936 |
 -------------------------------------------------------------


 -------------------------------------------------------------
   pp-RPA (N-2) calculation: alpha-beta     manifold
 -------------------------------------------------------------
 | State |  Excitation energy (au) |  Excitation energy (eV) |
 -------------------------------------------------------------
 |     1 |               -1.826207 |              -49.693637 |
 -------------------------------------------------------------


 -------------------------------------------------------------
   pp-RPA (N+2) calculation: alpha-alpha    manifold
 -------------------------------------------------------------
 | State |  Excitation energy (au) |  Excitation energy (eV) |
 -------------------------------------------------------------
 |     1 |                0.659660 |               17.950255 |
 |     2 |                1.039656 |               28.290479 |
 |     3 |                1.144128 |               31.133320 |
 |     4 |                1.144128 |               31.133320 |
 |     5 |                1.166465 |               31.741143 |
 |     6 |                1.274149 |               34.671349 |
 |     7 |                1.274149 |               34.671349 |
 |     8 |                1.533941 |               41.740673 |
 |     9 |                1.561984 |               42.503740 |
 |    10 |                1.561984 |               42.503740 |
 |    11 |                1.657038 |               45.090291 |
 |    12 |                1.670140 |               45.446825 |
 |    13 |                1.670140 |               45.446825 |
 |    14 |                1.717294 |               46.729954 |
 |    15 |                1.717294 |               46.729954 |
 |    16 |                1.809591 |               49.241466 |
 |    17 |                1.979867 |               53.874938 |
 |    18 |                2.047609 |               55.718288 |
 |    19 |                2.075901 |               56.488152 |
 |    20 |                2.076681 |               56.509356 |
 -------------------------------------------------------------


 -------------------------------------------------------------
   pp-RPA (N-2) calculation: alpha-alpha    manifold
 -------------------------------------------------------------
 | State |  Excitation energy (au) |  Excitation energy (eV) |
 -------------------------------------------------------------
 -------------------------------------------------------------

 -------------------------------------------------------------------------------
   One-shot G0T0 calculation (T-matrix self-energy)  
 -------------------------------------------------------------------------------
 |   # |       e_HF (eV) |    Sigma_T (eV) |               Z |       e_QP (eV) |
 -------------------------------------------------------------------------------
 |   1 |      -16.174377 |       -0.090814 |        0.987570 |      -16.264062 |
 |   2 |        4.486219 |       -0.264909 |        0.994144 |        4.222861 |
 |   3 |        7.637126 |       -0.171046 |        0.996193 |        7.466730 |
 |   4 |       16.782015 |       -0.633896 |        0.985890 |       16.157064 |
 |   5 |       18.846185 |       -0.674414 |        0.986717 |       18.180730 |
 |   6 |       18.846185 |       -0.674414 |        0.986717 |       18.180730 |
 |   7 |       29.763860 |       -1.020030 |        0.887263 |       28.858825 |
 |   8 |       30.476776 |       -0.645314 |        0.982731 |       29.842606 |
 |   9 |       30.476776 |       -0.645314 |        0.982731 |       29.842606 |
 |  10 |       41.605778 |       -0.426029 |        0.986311 |       41.185581 |
 |  11 |       44.732669 |       -0.696792 |        0.680100 |       44.258780 |
 |  12 |       55.051002 |       -1.066725 |        0.847430 |       54.147028 |
 |  13 |       86.404924 |       -1.231684 |        0.805653 |       85.412615 |
 |  14 |       86.404924 |       -1.231684 |        0.805653 |       85.412615 |
 |  15 |       92.850545 |       -4.527280 |        0.150544 |       92.168988 |
 |  16 |       92.850545 |       -4.527280 |        0.150544 |       92.168988 |
 |  17 |       99.058239 |       -1.928891 |        0.496272 |       98.100984 |
 |  18 |      105.951792 |        0.150526 |        0.532839 |      106.031998 |
 |  19 |      105.951792 |        0.150526 |        0.532839 |      106.031998 |
 |  20 |      111.139107 |       -1.708689 |        0.850128 |      109.686504 |
 |  21 |      111.139107 |       -1.708689 |        0.850128 |      109.686504 |
 |  22 |      111.948750 |       -1.724204 |        0.689743 |      110.759492 |
 |  23 |      111.948750 |       -1.724204 |        0.689743 |      110.759492 |
 |  24 |      119.110984 |       -1.643375 |        0.881586 |      117.662209 |
 |  25 |      122.895161 |       -1.891624 |        0.034197 |      122.830473 |
 |  26 |      133.847421 |       -1.116063 |        0.832694 |      132.918082 |
 |  27 |      155.895395 |       -2.153773 |        0.566764 |      154.674714 |
 |  28 |      155.895395 |       -2.153773 |        0.566764 |      154.674714 |
 |  29 |      163.089482 |       -4.739223 |        0.068547 |      162.764622 |
 |  30 |      244.419149 |       -1.235336 |        0.906837 |      243.298901 |
 -------------------------------------------------------------------------------
             G0T0 HOMO      energy (eV)            =     -16.264062 eV
             G0T0 LUMO      energy (eV)            =       4.222861 eV
             G0T0 HOMO-LUMO gap    (eV)            =      20.486923 eV
 -------------------------------------------------------------------------------
        Tr@ppRPA@G0T0 correlation energy (singlet) =       -0.0210623599 au
        Tr@ppRPA@G0T0 correlation energy (triplet) =        0.0000000000 au
        Tr@ppRPA@G0T0 correlation energy           =       -0.0210623599 au
        Tr@ppRPA@G0T0 total energy                 =       -1.1540435529 au
              GM@G0T0 correlation energy           =       -0.0348329753 au
              GM@G0T0 total energy                 =       -1.1678141684 au
 -------------------------------------------------------------------------------


 -------------------------------------------------------------
   BSE@GT       calculation: singlet        manifold
 -------------------------------------------------------------
 | State |  Excitation energy (au) |  Excitation energy (eV) |
 -------------------------------------------------------------
 |     1 |                0.499290 |               13.586382 |
 |     2 |                0.613028 |               16.681330 |
 |     3 |                0.889538 |               24.205570 |
 |     4 |                0.911846 |               24.812581 |
 |     5 |                0.911846 |               24.812581 |
 |     6 |                1.270379 |               34.568763 |
 |     7 |                1.290855 |               35.125964 |
 |     8 |                1.290855 |               35.125964 |
 |     9 |                1.727992 |               47.021061 |
 |    10 |                1.816894 |               49.440201 |
 |    11 |                2.161809 |               58.825827 |
 |    12 |                3.190347 |               86.813771 |
 |    13 |                3.190347 |               86.813771 |
 |    14 |                3.427515 |               93.267440 |
 |    15 |                3.427515 |               93.267440 |
 |    16 |                3.674215 |               99.980488 |
 |    17 |                3.969968 |              108.028331 |
 |    18 |                3.969968 |              108.028331 |
 |    19 |                4.079981 |              111.021928 |
 |    20 |                4.079981 |              111.021928 |
 -------------------------------------------------------------

 ---------------------------------------------------------------
                 Transition dipole moment (au)                  
 ---------------------------------------------------------------
  #           X           Y           Z   dip. str.   osc. str.
 ---------------------------------------------------------------
  1    0.000000   -0.000000    1.262357    1.593544    0.530428
  2   -0.000000   -0.000000    0.000000    0.000000    0.000000
  3   -0.000000    0.000000    0.599957    0.359948    0.213459
  4    1.125745    0.106881   -0.000000    1.278725    0.777333
  5   -0.106881    1.125745   -0.000000    1.278725    0.777333
  6   -0.000000    0.000000   -0.000000    0.000000    0.000000
  7   -0.000000    0.000000    0.000000    0.000000    0.000000
  8   -0.000000   -0.000000    0.000000    0.000000    0.000000
  9   -0.000000   -0.000000    0.048248    0.002328    0.002682
 10    0.000000    0.000000   -0.000000    0.000000    0.000000
 ---------------------------------------------------------------

 -------------------------------------------------------------
 Excitation n.   1:  13.586382 eV  f = 0.5304  <S**2> = 0.0000
 -------------------------------------------------------------
  1 ->   2 =  -0.706101

 -------------------------------------------------------------
 Excitation n.   2:  16.681330 eV  f = 0.0000  <S**2> = 0.0000
 -------------------------------------------------------------
  1 ->   3 =  -0.706974

 -------------------------------------------------------------
 Excitation n.   3:  24.205570 eV  f = 0.2135  <S**2> = 0.0000
 -------------------------------------------------------------
  1 ->   4 =  -0.705949

 -------------------------------------------------------------
 Excitation n.   4:  24.812581 eV  f = 0.7773  <S**2> = 0.0000
 -------------------------------------------------------------
  1 ->   6 =  -0.707247

 -------------------------------------------------------------
 Excitation n.   5:  24.812581 eV  f = 0.7773  <S**2> = 0.0000
 -------------------------------------------------------------
  1 ->   5 =   0.707247

 -------------------------------------------------------------
 Excitation n.   6:  34.568763 eV  f = 0.0000  <S**2> = 0.0000
 -------------------------------------------------------------
  1 ->   7 =  -0.706098

 -------------------------------------------------------------
 Excitation n.   7:  35.125964 eV  f = 0.0000  <S**2> = 0.0000
 -------------------------------------------------------------
  1 ->   8 =  -0.707029

 -------------------------------------------------------------
 Excitation n.   8:  35.125964 eV  f = 0.0000  <S**2> = 0.0000
 -------------------------------------------------------------
  1 ->   9 =  -0.707029

 -------------------------------------------------------------
 Excitation n.   9:  47.021061 eV  f = 0.0027  <S**2> = 0.0000
 -------------------------------------------------------------
  1 ->  10 =  -0.707014

 -------------------------------------------------------------
 Excitation n.  10:  49.440201 eV  f = 0.0000  <S**2> = 0.0000
 -------------------------------------------------------------
  1 ->  11 =  -0.705922

Thomas-Reiche-Kuhn sum rule =   2.301234


 *** dynamical TDA activated ***

 ---------------------------------------------------------------------------------------------------
  First-order dynamical correction to static Bethe-Salpeter excitation energies                     
 ---------------------------------------------------------------------------------------------------
  BSE neutral excitation must be lower than the GT gap =  20.486923 eV
 ---------------------------------------------------------------------------------------------------
      #          Static (eV)         Dynamic (eV)      Correction (eV)         Renorm. (eV)
 ---------------------------------------------------------------------------------------------------
      1           13.586382           13.511925           -0.074458            1.002109
      2           16.681330           16.697576            0.016246            0.994136
      3           24.205570           24.234964            0.029394            0.997286
      4           24.812581           24.793608           -0.018973            1.002016
      5           24.812581           24.793608           -0.018973            1.002016
      6           34.568763           34.572863            0.004100            0.992869
      7           35.125964           35.118858           -0.007106            0.997035
      8           35.125964           35.118858           -0.007106            0.997035
      9           47.021061           47.023879            0.002819            1.000536
     10           49.440201           49.360411           -0.079790            0.972006
 ---------------------------------------------------------------------------------------------------


 -------------------------------------------------------------
   BSE@GT       calculation: triplet        manifold
 -------------------------------------------------------------
 | State |  Excitation energy (au) |  Excitation energy (eV) |
 -------------------------------------------------------------
 |     1 |                0.375220 |               10.210256 |
 |     2 |                0.532379 |               14.486774 |
 |     3 |                0.749061 |               20.382979 |
 |     4 |                0.749061 |               20.382979 |
 |     5 |                0.761927 |               20.733095 |
 |     6 |                1.204729 |               32.782335 |
 |     7 |                1.245863 |               33.901660 |
 |     8 |                1.245863 |               33.901660 |
 |     9 |                1.710366 |               46.541435 |
 |    10 |                1.725083 |               46.941912 |
 |    11 |                2.060098 |               56.058125 |
 |    12 |                3.112252 |               84.688703 |
 |    13 |                3.112252 |               84.688703 |
 |    14 |                3.295812 |               89.683626 |
 |    15 |                3.295812 |               89.683626 |
 |    16 |                3.573879 |               97.250209 |
 |    17 |                3.909006 |              106.369480 |
 |    18 |                3.909006 |              106.369480 |
 |    19 |                4.032960 |              109.742432 |
 |    20 |                4.032960 |              109.742432 |
 -------------------------------------------------------------

 -------------------------------------------------------------
 Excitation n.   1:  10.210256 eV  f = 0.0000  <S**2> = 2.0000
 -------------------------------------------------------------
  1 ->   2 =   0.662982
  1 ->   4 =   0.245821

 -------------------------------------------------------------
 Excitation n.   2:  14.486774 eV  f = 0.0000  <S**2> = 2.0000
 -------------------------------------------------------------
  1 ->   3 =   0.703001

 -------------------------------------------------------------
 Excitation n.   3:  20.382979 eV  f = 0.0000  <S**2> = 2.0000
 -------------------------------------------------------------
  1 ->   5 =   0.706801

 -------------------------------------------------------------
 Excitation n.   4:  20.382979 eV  f = 0.0000  <S**2> = 2.0000
 -------------------------------------------------------------
  1 ->   6 =  -0.706801

 -------------------------------------------------------------
 Excitation n.   5:  20.733095 eV  f = 0.0000  <S**2> = 2.0000
 -------------------------------------------------------------
  1 ->   2 =   0.246857
  1 ->   4 =  -0.659177

 -------------------------------------------------------------
 Excitation n.   6:  32.782335 eV  f = 0.0000  <S**2> = 2.0000
 -------------------------------------------------------------
  1 ->   7 =   0.704420

 -------------------------------------------------------------
 Excitation n.   7:  33.901660 eV  f = 0.0000  <S**2> = 2.0000
 -------------------------------------------------------------
  1 ->   8 =  -0.706859

 -------------------------------------------------------------
 Excitation n.   8:  33.901660 eV  f = 0.0000  <S**2> = 2.0000
 -------------------------------------------------------------
  1 ->   9 =  -0.706859

 -------------------------------------------------------------
 Excitation n.   9:  46.541435 eV  f = 0.0000  <S**2> = 2.0000
 -------------------------------------------------------------
  1 ->  10 =  -0.706961

 -------------------------------------------------------------
 Excitation n.  10:  46.941912 eV  f = 0.0000  <S**2> = 2.0000
 -------------------------------------------------------------
  1 ->  11 =  -0.704196

Thomas-Reiche-Kuhn sum rule =   0.000000


 *** dynamical TDA activated ***

 ---------------------------------------------------------------------------------------------------
  First-order dynamical correction to static Bethe-Salpeter excitation energies                     
 ---------------------------------------------------------------------------------------------------
  BSE neutral excitation must be lower than the GT gap =  20.486923 eV
 ---------------------------------------------------------------------------------------------------
      #          Static (eV)         Dynamic (eV)      Correction (eV)         Renorm. (eV)
 ---------------------------------------------------------------------------------------------------
      1           10.210256           10.092506           -0.117750            1.003509
      2           14.486774           14.404473           -0.082301            1.007086
      3           20.382979           20.315441           -0.067538            1.004516
      4           20.382979           20.315441           -0.067538            1.004516
      5           20.733095           20.664949           -0.068146            1.004368
      6           32.782335           32.765604           -0.016731            1.010074
      7           33.901660           33.910647            0.008987            1.006749
      8           33.901660           33.910647            0.008987            1.006749
      9           46.541435           46.589846            0.048412            1.004871
     10           46.941912           47.043674            0.101762            1.021916
 ---------------------------------------------------------------------------------------------------


 -------------------------------------------------------------------------------
          Tr@BSE@G0T0 correlation energy (singlet) =       -0.0037228608 au
          Tr@BSE@G0T0 correlation energy (triplet) =       -0.0047305702 au
          Tr@BSE@G0T0 correlation energy           =       -0.0084534311 au
          Tr@BSE@G0T0 total energy                 =       -1.1414346241 au
 -------------------------------------------------------------------------------

                                       Total CPU time for G0T0 =     11.579 seconds

                                      Total CPU time for QuAcK =     15.182 seconds

