78 significant shell pairs computed in 0.000123 seconds
0
Computed Electron repulsion integrals Integrals in parallel in 0.266699 seconds

 ******************************************************************************************
 *            QuAcK                       QuAcK                         QuAcK             *
 *   __        __        __       __        __        __       __        __        __     *
 * <(o )___  <(o )___  <(o )___ <(o )___  <(o )___  <(o )___ <(o )___  <(o )___  <(o )___ *
 * ( ._> /   ( ._> /   ( ._> /  ( ._> /   ( ._> /   ( ._> /  ( ._> /   ( ._> /   ( ._> /  *
 *|--------------------------------------------------------------------------------------|*
 ******************************************************************************************

      ----------------------
             Number of atoms                3
      ----------------------

      ----------------------
Number of spin-up   electron                5
Number of spin-down electron                5
    Total number of electron               10
      ----------------------

      ----------------------
Number of core      electron                0
Number of Rydberg   electron                0
      ----------------------

          ------------------
          Molecular geometry
          ------------------
                    Atom n.                 1
                        Z =      8.0000000000
           Atom coordinates:     0.0000000000    0.0000000000    0.2216648745
                    Atom n.                 2
                        Z =      1.0000000000
           Atom coordinates:     0.0000000000    1.4309006222   -0.8866594981
                    Atom n.                 3
                        Z =      1.0000000000
           Atom coordinates:     0.0000000000   -1.4309006222   -0.8866594981

          ------------------
 Nuclear repulsion energy =      9.1895337585
          ------------------

          Gaussian basis set
          ------------------
                    Atom n.                 1
           number of shells                 6
          ------------------
      s-type shell with K =                 9
                                    Exponents     Contraction
                             11720.0000000000    0.0007100000
                              1759.0000000000    0.0054700000
                               400.8000000000    0.0278370000
                               113.7000000000    0.1048000000
                                37.0300000000    0.2830620000
                                13.2700000000    0.4487190000
                                 5.0250000000    0.2709520000
                                 1.0130000000    0.0154580000
                                 0.3023000000   -0.0025850000
      s-type shell with K =                 9
                                    Exponents     Contraction
                             11720.0000000000   -0.0001600000
                              1759.0000000000   -0.0012630000
                               400.8000000000   -0.0062670000
                               113.7000000000   -0.0257160000
                                37.0300000000   -0.0709240000
                                13.2700000000   -0.1654110000
                                 5.0250000000   -0.1169550000
                                 1.0130000000    0.5573680000
                                 0.3023000000    0.5727590000
      s-type shell with K =                 1
                                    Exponents     Contraction
                                 0.3023000000    1.0000000000
      p-type shell with K =                 4
                                    Exponents     Contraction
                                17.7000000000    0.0430180000
                                 3.8540000000    0.2289130000
                                 1.0460000000    0.5087280000
                                 0.2753000000    0.4605310000
      p-type shell with K =                 1
                                    Exponents     Contraction
                                 0.2753000000    1.0000000000
      d-type shell with K =                 1
                                    Exponents     Contraction
                                 1.1850000000    1.0000000000
          ------------------
                    Atom n.                 2
           number of shells                 3
          ------------------
      s-type shell with K =                 4
                                    Exponents     Contraction
                                13.0100000000    0.0196850000
                                 1.9620000000    0.1379770000
                                 0.4446000000    0.4781480000
                                 0.1220000000    0.5012400000
      s-type shell with K =                 1
                                    Exponents     Contraction
                                 0.1220000000    1.0000000000
      p-type shell with K =                 1
                                    Exponents     Contraction
                                 0.7270000000    1.0000000000
          ------------------
                    Atom n.                 3
           number of shells                 3
          ------------------
      s-type shell with K =                 4
                                    Exponents     Contraction
                                13.0100000000    0.0196850000
                                 1.9620000000    0.1379770000
                                 0.4446000000    0.4781480000
                                 0.1220000000    0.5012400000
      s-type shell with K =                 1
                                    Exponents     Contraction
                                 0.1220000000    1.0000000000
      p-type shell with K =                 1
                                    Exponents     Contraction
                                 0.7270000000    1.0000000000
          ------------------
            Number of shells               12
          ------------------

          ------------------
   Number of basis functions               25
          ------------------

 Scaling integrals by    1.0000000000000000     

                          Total CPU time for reading integrals =      0.035 seconds


 ************************************************
 |    Restricted Hartree-Fock calculation       |
 ************************************************


 ----------------------------------------------------
 | RHF calculation                                  |
 ----------------------------------------------------
 |   # |        HF energy |       Conv |     HL Gap |
 ----------------------------------------------------
 |   1 |   -78.1320084929 |   0.412231 |   0.748051 |
 |   2 |   -74.7554075624 |   0.158066 |   0.558523 |
 |   3 |   -76.7446176484 |   0.107254 |   0.727833 |
 |   4 |   -75.6061337035 |   0.053114 |   0.640118 |
 |   5 |   -76.2698587383 |   0.033847 |   0.695546 |
 |   6 |   -75.8855706630 |   0.017524 |   0.664847 |
 |   7 |   -76.1089915575 |   0.010980 |   0.683286 |
 |   8 |   -75.9794966165 |   0.005967 |   0.672822 |
 |   9 |   -76.0546998956 |   0.003626 |   0.678990 |
 |  10 |   -76.0110886318 |   0.002038 |   0.675449 |
 |  11 |   -76.0364039554 |   0.001209 |   0.677519 |
 |  12 |   -76.0217191059 |   0.000691 |   0.676324 |
 |  13 |   -76.0302415091 |   0.000405 |   0.677020 |
 |  14 |   -76.0252971462 |   0.000233 |   0.676617 |
 |  15 |   -76.0281663327 |   0.000136 |   0.676851 |
 |  16 |   -76.0265016271 |   0.000079 |   0.676715 |
 |  17 |   -76.0274675993 |   0.000046 |   0.676794 |
 |  18 |   -76.0269071220 |   0.000027 |   0.676748 |
 |  19 |   -76.0272323404 |   0.000015 |   0.676775 |
 |  20 |   -76.0270436388 |   0.000009 |   0.676760 |
 |  21 |   -76.0271531321 |   0.000005 |   0.676768 |
 |  22 |   -76.0270896003 |   0.000003 |   0.676763 |
 |  23 |   -76.0271264642 |   0.000002 |   0.676766 |
 |  24 |   -76.0271050744 |   0.000001 |   0.676765 |
 |  25 |   -76.0271174856 |   0.000001 |   0.676766 |
 |  26 |   -76.0271102841 |   0.000000 |   0.676765 |
 |  27 |   -76.0271144627 |   0.000000 |   0.676765 |
 |  28 |   -76.0271120381 |   0.000000 |   0.676765 |
 |  29 |   -76.0271134450 |   0.000000 |   0.676765 |
 ----------------------------------------------------

         -----------------------------------------
           Summary              
         -----------------------------------------
           One-electron energy:   -123.1368232346 au
           Kinetic      energy:     75.9447452747 au
           Potential    energy:   -199.0815685094 au
         -----------------------------------------
           Two-electron energy:     37.9201760311 au
           Hartree      energy:     46.8939610541 au
           Exchange     energy:     -8.9737850229 au
         -----------------------------------------
           Electronic   energy:    -85.2166472035 au
           Nuclear   repulsion:      9.1895337585 au
           RHF          energy:    -76.0271134450 au
         -----------------------------------------
           HF HOMO      energy:        -13.428490 eV
           HF LUMO      energy:          4.987230 eV
           HF HOMO-LUMO gap   :         18.415719 eV
         -----------------------------------------
          Dipole moment (Debye)    
                   X         Y         Z      Tot.
            0.000000 -0.000000 -2.057546  2.057546
         -----------------------------------------

           ---------------------------------------
                 MO coefficients
           ---------------------------------------
                 1              2              3              4              5
      1     1.00050236     0.00804391     0.00000000     0.00283054     0.00000000
      2     0.00415018    -0.86700737     0.00000000    -0.30164768     0.00000000
      3    -0.00084766     0.12692165     0.00000000    -0.19211945     0.00000000
      4     0.00000000     0.00000000     0.00000000     0.00000000    -0.91985167
      5     0.00000000     0.00000000    -0.71405156     0.00000000     0.00000000
      6    -0.00239124     0.11518011     0.00000000    -0.79540494     0.00000000
      7     0.00000000     0.00000000     0.00000000     0.00000000    -0.07193974
      8     0.00000000     0.00000000     0.10681464     0.00000000     0.00000000
      9     0.00149734    -0.06662992     0.00000000     0.00233745     0.00000000
     10    -0.00120261     0.00000588     0.00000000    -0.00597459     0.00000000
     11     0.00000000     0.00000000     0.00000000     0.00000000     0.00000000
     12     0.00000000     0.00000000     0.00000000     0.00000000     0.01817879
     13    -0.00106602    -0.00545619     0.00000000     0.00257120     0.00000000
     14     0.00000000     0.00000000     0.02678603     0.00000000     0.00000000
     15    -0.00111226    -0.00456769     0.00000000     0.02507658     0.00000000
     16    -0.00028225    -0.32920544    -0.55786013     0.35176296     0.00000000
     17     0.00034663     0.15396137     0.18975352    -0.13336166     0.00000000
     18     0.00000000     0.00000000     0.00000000     0.00000000    -0.03103775
     19     0.00041948     0.03685207     0.02331255    -0.03076919     0.00000000
     20    -0.00033944    -0.02005672    -0.03265070    -0.00841318     0.00000000
     21    -0.00028225    -0.32920544     0.55786013     0.35176296     0.00000000
     22     0.00034663     0.15396137    -0.18975352    -0.13336166     0.00000000
     23     0.00000000     0.00000000     0.00000000     0.00000000    -0.03103775
     24    -0.00041948    -0.03685207     0.02331255     0.03076919     0.00000000
     25    -0.00033944    -0.02005672     0.03265070    -0.00841318     0.00000000
                 6              7              8              9             10
      1     0.05656383     0.00000000     0.00000000    -0.06489539     0.03121890
      2    -0.15845527     0.00000000     0.00000000    -0.50248818     0.29072413
      3    -0.97641971     0.00000000     0.00000000     0.60555591     0.39683815
      4     0.00000000     0.00000000     0.00000000     0.00000000     0.00000000
      5     0.00000000     0.41292438    -0.39023222     0.00000000     0.00000000
      6     0.27585724     0.00000000     0.00000000     0.48014763     1.09216455
      7     0.00000000     0.00000000     0.00000000     0.00000000     0.00000000
      8     0.00000000     0.48077867    -0.28071589     0.00000000     0.00000000
      9     0.21451147     0.00000000     0.00000000    -0.23082186    -1.76690456
     10     0.04105494     0.00000000     0.00000000    -0.09239905     0.04814017
     11     0.00000000     0.00000000     0.00000000     0.00000000     0.00000000
     12     0.00000000     0.00000000     0.00000000     0.00000000     0.00000000
     13     0.02624375     0.00000000     0.00000000     0.09300555     0.04263417
     14     0.00000000    -0.02119135    -0.11170514     0.00000000     0.00000000
     15     0.02238534     0.00000000     0.00000000     0.00178303     0.06318180
     16     0.10226696    -0.04477869     1.60703146     1.34055536    -0.90923228
     17     0.78646549    -1.42101278    -1.49269629    -1.21973597     0.36833738
     18     0.00000000     0.00000000     0.00000000     0.00000000     0.00000000
     19    -0.01330008     0.02078252     0.07383364     0.29588799     0.09360185
     20     0.01260381    -0.01707568    -0.15268914    -0.05940287    -0.24476092
     21     0.10226696     0.04477869    -1.60703146     1.34055536    -0.90923228
     22     0.78646549     1.42101278     1.49269629    -1.21973597     0.36833738
     23     0.00000000     0.00000000     0.00000000     0.00000000     0.00000000
     24     0.01330008     0.02078252     0.07383364    -0.29588799    -0.09360185
     25     0.01260381     0.01707568     0.15268914    -0.05940287    -0.24476092
                11             12             13             14             15
      1     0.00000000     0.00000000     0.28539669     0.00000000     0.00000000
      2     0.00000000     0.00000000     1.24801500     0.00000000     0.00000000
      3     0.00000000     0.00000000    -1.77640519     0.00000000     0.00000000
      4    -1.41004764     0.00000000     0.00000000     0.00000000     0.02838922
      5     0.00000000    -1.07005002     0.00000000     0.00000000     0.00000000
      6     0.00000000     0.00000000     0.12617411     0.00000000     0.00000000
      7     1.67433948     0.00000000     0.00000000     0.00000000     0.62066063
      8     0.00000000     2.25647728     0.00000000     0.00000000     0.00000000
      9     0.00000000     0.00000000    -0.61077807     0.00000000     0.00000000
     10     0.00000000     0.00000000     0.15829037     0.00000000     0.00000000
     11     0.00000000     0.00000000     0.00000000    -0.13136909     0.00000000
     12     0.00352874     0.00000000     0.00000000     0.00000000     0.16084245
     13     0.00000000     0.00000000     0.18753641     0.00000000     0.00000000
     14     0.00000000    -0.04447424     0.00000000     0.00000000     0.00000000
     15     0.00000000     0.00000000     0.01551488     0.00000000     0.00000000
     16     0.00000000    -0.64478776    -0.37499852     0.00000000     0.00000000
     17     0.00000000    -0.50176478     0.46208412     0.00000000     0.00000000
     18     0.00849524     0.00000000     0.00000000    -0.68558261    -0.76695986
     19     0.00000000     0.30255507     0.30657023     0.00000000     0.00000000
     20     0.00000000    -0.18665873     0.51836340     0.00000000     0.00000000
     21     0.00000000     0.64478776    -0.37499852     0.00000000     0.00000000
     22     0.00000000     0.50176478     0.46208412     0.00000000     0.00000000
     23     0.00849524     0.00000000     0.00000000     0.68558261    -0.76695986
     24     0.00000000     0.30255507    -0.30657023     0.00000000     0.00000000
     25     0.00000000     0.18665873     0.51836340     0.00000000     0.00000000
                16             17             18             19             20
      1    -0.66930170     0.00000000     0.00000000    -0.19802142     0.00000000
      2    -2.56825225     0.00000000     0.00000000    -0.94261991     0.00000000
      3     4.67140285     0.00000000     0.00000000    -0.35478004     0.00000000
      4     0.00000000     0.00000000     0.00000000     0.00000000    -0.01701751
      5     0.00000000     0.01486164    -1.22187164     0.00000000     0.00000000
      6     0.02008929     0.00000000     0.00000000     1.01033366     0.00000000
      7     0.00000000     0.00000000     0.00000000     0.00000000     0.31932591
      8     0.00000000    -0.90780866     0.41037523     0.00000000     0.00000000
      9    -1.11162325     0.00000000     0.00000000    -0.23783102     0.00000000
     10    -0.10922343     0.00000000     0.00000000    -0.33716373     0.00000000
     11     0.00000000     0.00000000     0.00000000     0.00000000     0.00000000
     12     0.00000000     0.00000000     0.00000000     0.00000000    -1.04271175
     13    -0.27375869     0.00000000     0.00000000     0.05224056     0.00000000
     14     0.00000000    -0.02939114    -0.13838400     0.00000000     0.00000000
     15    -0.37008950     0.00000000     0.00000000    -0.04708652     0.00000000
     16    -1.40839866     0.65924234     0.50147141     0.91767785     0.00000000
     17     0.32687808    -0.23898924     0.07874597    -0.28391880     0.00000000
     18     0.00000000     0.00000000     0.00000000     0.00000000    -0.39817167
     19     0.33166304     0.47157994    -0.72433357    -0.77640908     0.00000000
     20     0.15749122     0.69325172     0.55476559     0.55197982     0.00000000
     21    -1.40839866    -0.65924234    -0.50147141     0.91767785     0.00000000
     22     0.32687808     0.23898924    -0.07874597    -0.28391880     0.00000000
     23     0.00000000     0.00000000     0.00000000     0.00000000    -0.39817167
     24    -0.33166304     0.47157994    -0.72433357     0.77640908     0.00000000
     25     0.15749122    -0.69325172    -0.55476559     0.55197982     0.00000000
                21             22             23             24             25
      1     0.00000000     0.07884717    -0.12105657     0.00000000    -0.32288821
      2     0.00000000     0.26013876    -0.16804588     0.00000000    -3.25239060
      3     0.00000000    -0.72207637     2.40804502     0.00000000     0.41646760
      4     0.00000000     0.00000000     0.00000000     0.00000000     0.00000000
      5     0.00000000     0.00000000     0.00000000     0.68213904     0.00000000
      6     0.00000000     0.02804434    -0.58100805     0.00000000    -0.26832763
      7     0.00000000     0.00000000     0.00000000     0.00000000     0.00000000
      8     0.00000000     0.00000000     0.00000000     0.82979241     0.00000000
      9     0.00000000     0.52618144    -0.64871812     0.00000000     0.10099759
     10     0.00000000     0.40634641    -1.13174689     0.00000000     1.36025787
     11    -1.06604834     0.00000000     0.00000000     0.00000000     0.00000000
     12     0.00000000     0.00000000     0.00000000     0.00000000     0.00000000
     13     0.00000000     0.70793538     0.86829779     0.00000000     1.59302538
     14     0.00000000     0.00000000     0.00000000    -1.32540326     0.00000000
     15     0.00000000    -1.07015471     0.06774751     0.00000000     1.48336973
     16     0.00000000     0.52220289    -2.08348183    -1.84714082    -0.41825364
     17     0.00000000    -0.22233360     0.84711223     0.63737973     0.39592596
     18     0.37121396     0.00000000     0.00000000     0.00000000     0.00000000
     19     0.00000000    -0.35310989     0.61300431     0.60571843     0.21292552
     20     0.00000000    -0.31442728    -0.48888001    -0.49380377    -0.18150621
     21     0.00000000     0.52220289    -2.08348183     1.84714082    -0.41825364
     22     0.00000000    -0.22233360     0.84711223    -0.63737973     0.39592596
     23    -0.37121396     0.00000000     0.00000000     0.00000000     0.00000000
     24     0.00000000     0.35310989    -0.61300431     0.60571843    -0.21292552
     25     0.00000000    -0.31442728    -0.48888001     0.49380377    -0.18150621

           ---------------------------------------
                     MO energies
           ---------------------------------------
                 1
      1   -20.55192690
      2    -1.33671662
      3    -0.69925310
      4    -0.56685107
      5    -0.49348789
      6     0.18327731
      7     0.25604192
      8     0.78864396
      9     0.85391198
     10     1.15906044
     11     1.20002885
     12     1.25310109
     13     1.42332633
     14     1.47608888
     15     1.67420966
     16     1.74579244
     17     1.93435021
     18     2.45137479
     19     2.46602580
     20     3.28507856
     21     3.33798188
     22     3.50946101
     23     3.86053699
     24     4.14687579
     25     5.96474656

                                        Total CPU time for RHF =      0.240 seconds


 AO to MO transformation... Please be patient

                    Total CPU time for AO to MO transformation =      0.675 seconds


 ************************************************
 |      Configuration Interaction Singles       |
 ************************************************


 -------------------------------------------------------------
   CIS          calculation: singlet        manifold
 -------------------------------------------------------------
 | State |  Excitation energy (au) |  Excitation energy (eV) |
 -------------------------------------------------------------
 |     1 |                0.337875 |                9.194041 |
 |     2 |                0.404128 |               10.996876 |
 |     3 |                0.434383 |               11.820159 |
 |     4 |                0.500881 |               13.629665 |
 |     5 |                0.552825 |               15.043138 |
 |     6 |                0.675083 |               18.369948 |
 |     7 |                0.847561 |               23.063310 |
 |     8 |                0.917941 |               24.978441 |
 |     9 |                0.973953 |               26.502622 |
 |    10 |                1.014575 |               27.607999 |
 |    11 |                1.108470 |               30.162992 |
 |    12 |                1.139760 |               31.014453 |
 |    13 |                1.165936 |               31.726728 |
 |    14 |                1.173428 |               31.930610 |
 |    15 |                1.209547 |               32.913441 |
 |    16 |                1.217955 |               33.142241 |
 |    17 |                1.251530 |               34.055878 |
 |    18 |                1.264031 |               34.396044 |
 |    19 |                1.334595 |               36.316175 |
 |    20 |                1.376700 |               37.461912 |
 -------------------------------------------------------------

 ---------------------------------------------------------------
                 Transition dipole moment (au)                  
 ---------------------------------------------------------------
  #           X           Y           Z   dip. str.   osc. str.
 ---------------------------------------------------------------
  1    0.349240    0.000000    0.000000    0.121968    0.027473
  2    0.000000    0.000000   -0.000000    0.000000    0.000000
  3    0.000000   -0.000000    0.612330    0.374948    0.108581
  4   -0.000000   -0.536720   -0.000000    0.288069    0.096192
  5   -0.000000    0.923472   -0.000000    0.852801    0.314300
  6    0.000000    0.000000    0.593426    0.352154    0.158489
  7    0.000000   -0.000000   -0.000000    0.000000    0.000000
  8    0.375410    0.000000   -0.000000    0.140933    0.086245
  9    0.000000    0.495633   -0.000000    0.245652    0.159503
 10   -0.000000    0.000000    0.043143    0.001861    0.001259
 ---------------------------------------------------------------

 -------------------------------------------------------------
 Excitation n.   1:   9.194041 eV  f = 0.0275  <S**2> = 0.0000
 -------------------------------------------------------------
  5 ->   6 =  -0.698741
  5 ->   9 =  -0.094752

 -------------------------------------------------------------
 Excitation n.   2:  10.996876 eV  f = 0.0000  <S**2> = 0.0000
 -------------------------------------------------------------
  5 ->   7 =  -0.688314
  5 ->   8 =   0.138143
  5 ->  12 =   0.081009

 -------------------------------------------------------------
 Excitation n.   3:  11.820159 eV  f = 0.1086  <S**2> = 0.0000
 -------------------------------------------------------------
  4 ->   6 =  -0.697687
  4 ->   9 =  -0.071887

 -------------------------------------------------------------
 Excitation n.   4:  13.629665 eV  f = 0.0962  <S**2> = 0.0000
 -------------------------------------------------------------
  4 ->   7 =   0.694937
  4 ->   8 =  -0.092498
  4 ->  12 =  -0.078608

 -------------------------------------------------------------
 Excitation n.   5:  15.043138 eV  f = 0.3143  <S**2> = 0.0000
 -------------------------------------------------------------
  3 ->   6 =  -0.700681

 -------------------------------------------------------------
 Excitation n.   6:  18.369948 eV  f = 0.1585  <S**2> = 0.0000
 -------------------------------------------------------------
  3 ->   7 =  -0.687532
  4 ->  10 =   0.073414
  5 ->  11 =  -0.101401

 -------------------------------------------------------------
 Excitation n.   7:  23.063310 eV  f = 0.0000  <S**2> = 0.0000
 -------------------------------------------------------------
  5 ->   7 =  -0.141318
  5 ->   8 =  -0.691371

 -------------------------------------------------------------
 Excitation n.   8:  24.978441 eV  f = 0.0862  <S**2> = 0.0000
 -------------------------------------------------------------
  5 ->   6 =  -0.100094
  5 ->   9 =   0.685789
  5 ->  10 =   0.127025

 -------------------------------------------------------------
 Excitation n.   9:  26.502622 eV  f = 0.1595  <S**2> = 0.0000
 -------------------------------------------------------------
  3 ->   9 =   0.140654
  4 ->   7 =   0.100837
  4 ->   8 =   0.679408

 -------------------------------------------------------------
 Excitation n.  10:  27.607999 eV  f = 0.0013  <S**2> = 0.0000
 -------------------------------------------------------------
  4 ->   6 =  -0.076971
  4 ->   9 =   0.678011
  5 ->  11 =   0.149781

Thomas-Reiche-Kuhn sum rule =   0.952042

 ---------------------------------------------------------------------------------------------------
  CIS(D) correction 
 ---------------------------------------------------------------------------------------------------
      #             CIS (eV)          CIS(D) (eV)      Correction (eV)
 ---------------------------------------------------------------------------------------------------
      1            9.194041            8.053914           -1.140127
      2           10.996876           10.187775           -0.809101
      3           11.820159           10.710469           -1.109690
      4           13.629665           12.878046           -0.751619
      5           15.043138           14.799120           -0.244018
      6           18.369948           17.854509           -0.515439
      7           23.063310           21.638589           -1.424721
      8           24.978441           23.576882           -1.401560
      9           26.502622           25.197972           -1.304650
     10           27.607999           26.339296           -1.268702
 ---------------------------------------------------------------------------------------------------


 -------------------------------------------------------------
   CIS          calculation: triplet        manifold
 -------------------------------------------------------------
 | State |  Excitation energy (au) |  Excitation energy (eV) |
 -------------------------------------------------------------
 |     1 |                0.304183 |                8.277239 |
 |     2 |                0.382494 |               10.408193 |
 |     3 |                0.382693 |               10.413613 |
 |     4 |                0.444897 |               12.106259 |
 |     5 |                0.504191 |               13.719743 |
 |     6 |                0.560096 |               15.240990 |
 |     7 |                0.832170 |               22.644501 |
 |     8 |                0.876191 |               23.842375 |
 |     9 |                0.880076 |               23.948085 |
 |    10 |                0.909719 |               24.754712 |
 |    11 |                0.994111 |               27.051133 |
 |    12 |                1.015170 |               27.624192 |
 |    13 |                1.035897 |               28.188194 |
 |    14 |                1.089357 |               29.642926 |
 |    15 |                1.135899 |               30.909389 |
 |    16 |                1.146865 |               31.207787 |
 |    17 |                1.185297 |               32.253570 |
 |    18 |                1.204584 |               32.778391 |
 |    19 |                1.223240 |               33.286064 |
 |    20 |                1.297135 |               35.296842 |
 -------------------------------------------------------------

 -------------------------------------------------------------
 Excitation n.   1:   8.277239 eV  f = 0.0000  <S**2> = 2.0000
 -------------------------------------------------------------
  5 ->   6 =  -0.692976
  5 ->   9 =  -0.123585

 -------------------------------------------------------------
 Excitation n.   2:  10.408193 eV  f = 0.0000  <S**2> = 2.0000
 -------------------------------------------------------------
  3 ->   7 =   0.095552
  4 ->   6 =   0.684102
  4 ->   9 =   0.121487

 -------------------------------------------------------------
 Excitation n.   3:  10.413613 eV  f = 0.0000  <S**2> = 2.0000
 -------------------------------------------------------------
  5 ->   7 =  -0.682138
  5 ->   8 =   0.158673
  5 ->  12 =   0.091602

 -------------------------------------------------------------
 Excitation n.   4:  12.106259 eV  f = 0.0000  <S**2> = 2.0000
 -------------------------------------------------------------
  3 ->   6 =   0.297088
  3 ->   9 =   0.082688
  4 ->   7 =   0.607641
  4 ->   8 =  -0.165872
  4 ->  12 =  -0.074961

 -------------------------------------------------------------
 Excitation n.   5:  13.719743 eV  f = 0.0000  <S**2> = 2.0000
 -------------------------------------------------------------
  3 ->   6 =   0.618889
  3 ->   9 =   0.119733
  4 ->   7 =  -0.303347

 -------------------------------------------------------------
 Excitation n.   6:  15.240990 eV  f = 0.0000  <S**2> = 2.0000
 -------------------------------------------------------------
  2 ->   6 =   0.072350
  3 ->   7 =  -0.660482
  3 ->   8 =   0.178691
  3 ->  12 =   0.093823
  4 ->   6 =   0.116347

 -------------------------------------------------------------
 Excitation n.   7:  22.644501 eV  f = 0.0000  <S**2> = 2.0000
 -------------------------------------------------------------
  5 ->   7 =   0.162942
  5 ->   8 =   0.686181

 -------------------------------------------------------------
 Excitation n.   8:  23.842375 eV  f = 0.0000  <S**2> = 2.0000
 -------------------------------------------------------------
  3 ->   9 =   0.169293
  4 ->   7 =  -0.176092
  4 ->   8 =  -0.657147

 -------------------------------------------------------------
 Excitation n.   9:  23.948085 eV  f = 0.0000  <S**2> = 2.0000
 -------------------------------------------------------------
  5 ->   6 =  -0.127567
  5 ->   9 =   0.684857
  5 ->  10 =   0.099355

 -------------------------------------------------------------
 Excitation n.  10:  24.754712 eV  f = 0.0000  <S**2> = 2.0000
 -------------------------------------------------------------
  2 ->   6 =  -0.107249
  2 ->   9 =  -0.097664
  3 ->   7 =  -0.169642
  3 ->   8 =  -0.355899
  4 ->   6 =  -0.107638
  4 ->   9 =   0.519876
  4 ->  10 =   0.137944
  5 ->  11 =  -0.128685

Thomas-Reiche-Kuhn sum rule =   0.000000

 ---------------------------------------------------------------------------------------------------
  CIS(D) correction 
 ---------------------------------------------------------------------------------------------------
      #             CIS (eV)          CIS(D) (eV)      Correction (eV)
 ---------------------------------------------------------------------------------------------------
      1            8.277239            7.402718           -0.874522
      2           10.408193            9.911691           -0.496502
      3           10.413613            9.799812           -0.613801
      4           12.106259           12.088027           -0.018232
      5           13.719743           13.604404           -0.115340
      6           15.240990           15.484782            0.243792
      7           22.644501           21.391278           -1.253223
      8           23.842375           23.172780           -0.669595
      9           23.948085           22.745462           -1.202622
     10           24.754712           24.487703           -0.267010
 ---------------------------------------------------------------------------------------------------

                                        Total CPU time for CIS =      1.317 seconds


 ***********************************************************
 |  Random phase approximation calculation with exchange   |
 ***********************************************************


 -------------------------------------------------------------
   RPAx@HF      calculation: singlet        manifold
 -------------------------------------------------------------
 | State |  Excitation energy (au) |  Excitation energy (eV) |
 -------------------------------------------------------------
 |     1 |                0.335707 |                9.135056 |
 |     2 |                0.401573 |               10.927357 |
 |     3 |                0.431866 |               11.751675 |
 |     4 |                0.497422 |               13.535539 |
 |     5 |                0.551167 |               14.998026 |
 |     6 |                0.666972 |               18.149245 |
 |     7 |                0.846429 |               23.032503 |
 |     8 |                0.914813 |               24.893321 |
 |     9 |                0.969541 |               26.382547 |
 |    10 |                1.012631 |               27.555101 |
 |    11 |                1.103819 |               30.036458 |
 |    12 |                1.137050 |               30.940711 |
 |    13 |                1.160550 |               31.580166 |
 |    14 |                1.171311 |               31.872986 |
 |    15 |                1.205438 |               32.801637 |
 |    16 |                1.213882 |               33.031406 |
 |    17 |                1.250105 |               34.017089 |
 |    18 |                1.261123 |               34.316905 |
 |    19 |                1.332682 |               36.264137 |
 |    20 |                1.372732 |               37.353938 |
 -------------------------------------------------------------

 ---------------------------------------------------------------
                 Transition dipole moment (au)                  
 ---------------------------------------------------------------
  #           X           Y           Z   dip. str.   osc. str.
 ---------------------------------------------------------------
  1   -0.355045    0.000000   -0.000000    0.126057    0.028212
  2    0.000000    0.000000    0.000000    0.000000    0.000000
  3   -0.000000   -0.000000    0.595120    0.354168    0.101969
  4    0.000000   -0.507068   -0.000000    0.257118    0.085264
  5   -0.000000   -0.901537    0.000000    0.812769    0.298648
  6   -0.000000   -0.000000   -0.553947    0.306857    0.136444
  7    0.000000    0.000000   -0.000000    0.000000    0.000000
  8    0.355031   -0.000000   -0.000000    0.126047    0.076873
  9    0.000000   -0.461653   -0.000000    0.213124    0.137755
 10   -0.000000    0.000000   -0.045315    0.002053    0.001386
 ---------------------------------------------------------------

 -------------------------------------------------------------
 Excitation n.   1:   9.135056 eV  f = 0.0282  <S**2> = 0.0000
 -------------------------------------------------------------
  5 ->   6 =   0.698759
  5 ->   9 =   0.097900

 -------------------------------------------------------------
 Excitation n.   2:  10.927357 eV  f = 0.0000  <S**2> = 0.0000
 -------------------------------------------------------------
  5 ->   7 =  -0.688180
  5 ->   8 =   0.140415
  5 ->  12 =   0.082710

 -------------------------------------------------------------
 Excitation n.   3:  11.751675 eV  f = 0.1020  <S**2> = 0.0000
 -------------------------------------------------------------
  4 ->   6 =  -0.699203
  4 ->   9 =  -0.075325

 -------------------------------------------------------------
 Excitation n.   4:  13.535539 eV  f = 0.0853  <S**2> = 0.0000
 -------------------------------------------------------------
  4 ->   7 =   0.694646
  4 ->   8 =  -0.098773
  4 ->  12 =  -0.079701

 -------------------------------------------------------------
 Excitation n.   5:  14.998026 eV  f = 0.2986  <S**2> = 0.0000
 -------------------------------------------------------------
  3 ->   6 =   0.700681

 -------------------------------------------------------------
 Excitation n.   6:  18.149245 eV  f = 0.1364  <S**2> = 0.0000
 -------------------------------------------------------------
  3 ->   7 =   0.692310
  5 ->  11 =   0.086543

 -------------------------------------------------------------
 Excitation n.   7:  23.032503 eV  f = 0.0000  <S**2> = 0.0000
 -------------------------------------------------------------
  5 ->   7 =  -0.143243
  5 ->   8 =  -0.691109

 -------------------------------------------------------------
 Excitation n.   8:  24.893321 eV  f = 0.0769  <S**2> = 0.0000
 -------------------------------------------------------------
  5 ->   6 =  -0.102531
  5 ->   9 =   0.685960
  5 ->  10 =   0.127255

 -------------------------------------------------------------
 Excitation n.   9:  26.382547 eV  f = 0.1378  <S**2> = 0.0000
 -------------------------------------------------------------
  3 ->   9 =  -0.125888
  4 ->   7 =  -0.104872
  4 ->   8 =  -0.683203

 -------------------------------------------------------------
 Excitation n.  10:  27.555101 eV  f = 0.0014  <S**2> = 0.0000
 -------------------------------------------------------------
  4 ->   6 =   0.078654
  4 ->   9 =  -0.680700
  5 ->  11 =  -0.142173

Thomas-Reiche-Kuhn sum rule =   0.866550


 -------------------------------------------------------------
   RPAx@HF      calculation: triplet        manifold
 -------------------------------------------------------------
 | State |  Excitation energy (au) |  Excitation energy (eV) |
 -------------------------------------------------------------
 |     1 |                0.299148 |                8.140230 |
 |     2 |                0.372704 |               10.141791 |
 |     3 |                0.377210 |               10.264408 |
 |     4 |                0.432339 |               11.764547 |
 |     5 |                0.498582 |               13.567116 |
 |     6 |                0.545094 |               14.832759 |
 |     7 |                0.829976 |               22.584793 |
 |     8 |                0.869608 |               23.663234 |
 |     9 |                0.876424 |               23.848723 |
 |    10 |                0.895375 |               24.364397 |
 |    11 |                0.981096 |               26.696974 |
 |    12 |                1.009865 |               27.479836 |
 |    13 |                1.029565 |               28.015880 |
 |    14 |                1.082322 |               29.451485 |
 |    15 |                1.129406 |               30.732694 |
 |    16 |                1.142396 |               31.086191 |
 |    17 |                1.179097 |               32.084851 |
 |    18 |                1.200797 |               32.675355 |
 |    19 |                1.219910 |               33.195437 |
 |    20 |                1.293803 |               35.206162 |
 -------------------------------------------------------------

 -------------------------------------------------------------
 Excitation n.   1:   8.140230 eV  f = 0.0000  <S**2> = 2.0000
 -------------------------------------------------------------
  5 ->   6 =   0.693051
  5 ->   9 =   0.128476

 -------------------------------------------------------------
 Excitation n.   2:  10.141791 eV  f = 0.0000  <S**2> = 2.0000
 -------------------------------------------------------------
  3 ->   7 =  -0.122119
  4 ->   6 =  -0.678292
  4 ->   9 =  -0.133344

 -------------------------------------------------------------
 Excitation n.   3:  10.264408 eV  f = 0.0000  <S**2> = 2.0000
 -------------------------------------------------------------
  5 ->   7 =   0.681637
  5 ->   8 =  -0.163197
  5 ->  12 =  -0.095140

 -------------------------------------------------------------
 Excitation n.   4:  11.764547 eV  f = 0.0000  <S**2> = 2.0000
 -------------------------------------------------------------
  3 ->   6 =   0.325046
  3 ->   9 =   0.098734
  4 ->   7 =   0.591616
  4 ->   8 =  -0.175629
  4 ->  12 =  -0.077246

 -------------------------------------------------------------
 Excitation n.   5:  13.567116 eV  f = 0.0000  <S**2> = 2.0000
 -------------------------------------------------------------
  3 ->   6 =  -0.603740
  3 ->   9 =  -0.122928
  4 ->   7 =   0.331465

 -------------------------------------------------------------
 Excitation n.   6:  14.832759 eV  f = 0.0000  <S**2> = 2.0000
 -------------------------------------------------------------
  2 ->   6 =  -0.077057
  3 ->   7 =   0.651441
  3 ->   8 =  -0.194043
  3 ->  12 =  -0.101304
  4 ->   6 =  -0.147257

 -------------------------------------------------------------
 Excitation n.   7:  22.584793 eV  f = 0.0000  <S**2> = 2.0000
 -------------------------------------------------------------
  5 ->   7 =   0.166932
  5 ->   8 =   0.685393

 -------------------------------------------------------------
 Excitation n.   8:  23.663234 eV  f = 0.0000  <S**2> = 2.0000
 -------------------------------------------------------------
  3 ->   9 =   0.179736
  4 ->   7 =  -0.184379
  4 ->   8 =  -0.652153

 -------------------------------------------------------------
 Excitation n.   9:  23.848723 eV  f = 0.0000  <S**2> = 2.0000
 -------------------------------------------------------------
  5 ->   6 =  -0.131405
  5 ->   9 =   0.683520
  5 ->  10 =   0.105042

 -------------------------------------------------------------
 Excitation n.  10:  24.364397 eV  f = 0.0000  <S**2> = 2.0000
 -------------------------------------------------------------
  2 ->   6 =  -0.120488
  2 ->   9 =  -0.102598
  3 ->   7 =  -0.193307
  3 ->   8 =  -0.349167
  4 ->   6 =  -0.113347
  4 ->   9 =   0.501113
  4 ->  10 =   0.152341
  5 ->  11 =  -0.159702

Thomas-Reiche-Kuhn sum rule =   0.000000


 -------------------------------------------------------------------------------
              Tr@RPAx correlation energy (singlet) =       -0.0957731305
              Tr@RPAx correlation energy (triplet) =       -0.1852219478
              Tr@RPAx correlation energy           =       -0.2809950782
              Tr@RPAx total energy                 =      -76.3081085232
 -------------------------------------------------------------------------------

                                       Total CPU time for RPAx =      0.010 seconds


 ************************************************
 |          One-shot G0W0 calculation           |
 ************************************************


 -------------------------------------------------------------
   RPA@HF       calculation: singlet        manifold
 -------------------------------------------------------------
 | State |  Excitation energy (au) |  Excitation energy (eV) |
 -------------------------------------------------------------
 |     1 |                0.695030 |               18.912736 |
 |     2 |                0.759963 |               20.679645 |
 |     3 |                0.775602 |               21.105219 |
 |     4 |                0.839135 |               22.834030 |
 |     5 |                0.914167 |               24.875756 |
 |     6 |                1.012633 |               27.555134 |
 |     7 |                1.299487 |               35.360844 |
 |     8 |                1.382687 |               37.624822 |
 |     9 |                1.423154 |               38.725980 |
 |    10 |                1.452008 |               39.511137 |
 |    11 |                1.553056 |               42.260798 |
 |    12 |                1.620068 |               44.084294 |
 |    13 |                1.624916 |               44.216220 |
 |    14 |                1.678684 |               45.679314 |
 |    15 |                1.691944 |               46.040135 |
 |    16 |                1.768276 |               48.117251 |
 |    17 |                1.773856 |               48.269072 |
 |    18 |                1.807143 |               49.174858 |
 |    19 |                1.842843 |               50.146315 |
 |    20 |                1.907542 |               51.906868 |
 -------------------------------------------------------------

  *** Quasiparticle energies obtained by linearization *** 

 -------------------------------------------------------------------------------
   One-shot G0W0 calculation
 -------------------------------------------------------------------------------
 |   # |       e_HF (eV) |      Sig_c (eV) |               Z |       e_QP (eV) |
 -------------------------------------------------------------------------------
 |   1 |     -559.246416 |       15.174270 |        0.830890 |     -546.638269 |
 |   2 |      -36.373912 |        3.554542 |        0.855975 |      -33.331314 |
 |   3 |      -19.027646 |        0.485590 |        0.953264 |      -18.564750 |
 |   4 |      -15.424803 |        1.020319 |        0.949541 |      -14.455969 |
 |   5 |      -13.428490 |        1.324013 |        0.948694 |      -12.172406 |
 |   6 |        4.987230 |       -0.350632 |        0.989094 |        4.640421 |
 |   7 |        6.967256 |       -0.324668 |        0.988190 |        6.646422 |
 |   8 |       21.460095 |       -1.155617 |        0.968841 |       20.340486 |
 |   9 |       23.236129 |       -1.530441 |        0.956575 |       21.772146 |
 |  10 |       31.539641 |       -1.320200 |        0.963146 |       30.268095 |
 |  11 |       32.654448 |       -1.426799 |        0.959933 |       31.284817 |
 |  12 |       34.098617 |       -2.546634 |        0.306215 |       33.318801 |
 |  13 |       38.730682 |       -1.135329 |        0.963750 |       37.636509 |
 |  14 |       40.166424 |       -1.166890 |        0.821539 |       39.207779 |
 |  15 |       45.557565 |       -1.162551 |        0.964227 |       44.436602 |
 |  16 |       47.505432 |       -0.984395 |        0.387891 |       47.123594 |
 |  17 |       52.636350 |       -1.767546 |        0.888761 |       51.065424 |
 |  18 |       66.705306 |       -2.361058 |        0.308888 |       65.976004 |
 |  19 |       67.103980 |       -4.728081 |        0.123683 |       66.519199 |
 |  20 |       89.391541 |       -1.923816 |        0.089721 |       89.218934 |
 |  21 |       90.831114 |       -3.625490 |        0.161749 |       90.244695 |
 |  22 |       95.497298 |      -11.645415 |        0.004710 |       95.442447 |
 |  23 |      105.050562 |      -11.257154 |        0.012886 |      104.905498 |
 |  24 |      112.842238 |       -3.501393 |        0.045394 |      112.683296 |
 |  25 |      162.309021 |       -2.341357 |        0.596756 |      160.911803 |
 -------------------------------------------------------------------------------
          G0W0 HOMO      energy:     -12.172406 eV
          G0W0 LUMO      energy:       4.640421 eV
          G0W0 HOMO-LUMO gap   :      16.812828 eV
 -------------------------------------------------------------------------------
    RPA@G0W0 total energy      :     -76.270431 au
    RPA@G0W0 correlation energy:      -0.243317 au
    GM@G0W0  total energy      :     -76.450633 au
    GM@G0W0  correlation energy:      -0.423519 au
 -------------------------------------------------------------------------------


 -------------------------------------------------------------
   BSE@GW       calculation: singlet        manifold
 -------------------------------------------------------------
 | State |  Excitation energy (au) |  Excitation energy (eV) |
 -------------------------------------------------------------
 |     1 |                0.309607 |                8.424842 |
 |     2 |                0.386275 |               10.511077 |
 |     3 |                0.407368 |               11.085055 |
 |     4 |                0.484047 |               13.171593 |
 |     5 |                0.549285 |               14.946811 |
 |     6 |                0.663214 |               18.046966 |
 |     7 |                0.797614 |               21.704177 |
 |     8 |                0.865194 |               23.543118 |
 |     9 |                0.927139 |               25.228739 |
 |    10 |                0.961005 |               26.150284 |
 |    11 |                1.091086 |               29.689975 |
 |    12 |                1.100032 |               29.933399 |
 |    13 |                1.138880 |               30.990515 |
 |    14 |                1.145606 |               31.173514 |
 |    15 |                1.176654 |               32.018389 |
 |    16 |                1.205555 |               32.804829 |
 |    17 |                1.250306 |               34.022547 |
 |    18 |                1.265800 |               34.444172 |
 |    19 |                1.351770 |               36.783522 |
 |    20 |                1.392133 |               37.881867 |
 -------------------------------------------------------------

 ---------------------------------------------------------------
                 Transition dipole moment (au)                  
 ---------------------------------------------------------------
  #           X           Y           Z   dip. str.   osc. str.
 ---------------------------------------------------------------
  1   -0.352360   -0.000000   -0.000000    0.124158    0.025627
  2    0.000000   -0.000000    0.000000    0.000000    0.000000
  3    0.000000   -0.000000   -0.582492    0.339297    0.092146
  4   -0.000000    0.466736   -0.000000    0.217842    0.070297
  5   -0.000000    0.854079   -0.000000    0.729450    0.267117
  6   -0.000000    0.000000    0.506363    0.256404    0.113367
  7    0.000000   -0.000000   -0.000000    0.000000    0.000000
  8    0.350887    0.000000    0.000000    0.123122    0.071016
  9    0.000000   -0.477230    0.000000    0.227749    0.140770
 10    0.000000   -0.000000   -0.048479    0.002350    0.001506
 ---------------------------------------------------------------

 -------------------------------------------------------------
 Excitation n.   1:   8.424842 eV  f = 0.0256  <S**2> = 0.0000
 -------------------------------------------------------------
  5 ->   6 =   0.704180

 -------------------------------------------------------------
 Excitation n.   2:  10.511077 eV  f = 0.0000  <S**2> = 0.0000
 -------------------------------------------------------------
  5 ->   7 =   0.699436
  5 ->   8 =  -0.095132

 -------------------------------------------------------------
 Excitation n.   3:  11.085055 eV  f = 0.0921  <S**2> = 0.0000
 -------------------------------------------------------------
  4 ->   6 =   0.703535

 -------------------------------------------------------------
 Excitation n.   4:  13.171593 eV  f = 0.0703  <S**2> = 0.0000
 -------------------------------------------------------------
  4 ->   7 =  -0.702012

 -------------------------------------------------------------
 Excitation n.   5:  14.946811 eV  f = 0.2671  <S**2> = 0.0000
 -------------------------------------------------------------
  3 ->   6 =  -0.704158

 -------------------------------------------------------------
 Excitation n.   6:  18.046966 eV  f = 0.1134  <S**2> = 0.0000
 -------------------------------------------------------------
  3 ->   7 =  -0.698818

 -------------------------------------------------------------
 Excitation n.   7:  21.704177 eV  f = 0.0000  <S**2> = 0.0000
 -------------------------------------------------------------
  5 ->   7 =   0.094707
  5 ->   8 =   0.700350

 -------------------------------------------------------------
 Excitation n.   8:  23.543118 eV  f = 0.0710  <S**2> = 0.0000
 -------------------------------------------------------------
  5 ->   9 =   0.702882

 -------------------------------------------------------------
 Excitation n.   9:  25.228739 eV  f = 0.1408  <S**2> = 0.0000
 -------------------------------------------------------------
  3 ->   9 =  -0.141184
  4 ->   8 =  -0.686132

 -------------------------------------------------------------
 Excitation n.  10:  26.150284 eV  f = 0.0015  <S**2> = 0.0000
 -------------------------------------------------------------
  2 ->   6 =  -0.075745
  4 ->   9 =  -0.691599

Thomas-Reiche-Kuhn sum rule =   0.781846


 *** dynamical TDA activated ***

 ---------------------------------------------------------------------------------------------------
  First-order dynamical correction to static Bethe-Salpeter excitation energies                     
 ---------------------------------------------------------------------------------------------------
  BSE neutral excitation must be lower than the GW gap =  16.812828 eV
 ---------------------------------------------------------------------------------------------------
      #          Static (eV)         Dynamic (eV)      Correction (eV)         Renorm. (eV)
 ---------------------------------------------------------------------------------------------------
      1            8.424842            8.307921           -0.116921            1.009099
      2           10.511077           10.357475           -0.153602            1.010872
      3           11.085055           10.994686           -0.090369            1.007278
      4           13.171593           13.055799           -0.115794            1.008915
      5           14.946811           14.843313           -0.103498            1.008647
      6           18.046966           17.958069           -0.088898            1.008326
      7           21.704177           21.495484           -0.208693            1.012025
      8           23.543118           23.323080           -0.220038            1.013565
      9           25.228739           25.059026           -0.169712            1.011527
     10           26.150284           25.977545           -0.172740            1.010724
 ---------------------------------------------------------------------------------------------------


 -------------------------------------------------------------
   BSE@GW       calculation: triplet        manifold
 -------------------------------------------------------------
 | State |  Excitation energy (au) |  Excitation energy (eV) |
 -------------------------------------------------------------
 |     1 |                0.281030 |                7.647219 |
 |     2 |                0.364115 |                9.908080 |
 |     3 |                0.368175 |               10.018556 |
 |     4 |                0.441427 |               12.011839 |
 |     5 |                0.504577 |               13.730246 |
 |     6 |                0.571150 |               15.541796 |
 |     7 |                0.781125 |               21.255493 |
 |     8 |                0.827186 |               22.508881 |
 |     9 |                0.837097 |               22.778567 |
 |    10 |                0.882758 |               24.021066 |
 |    11 |                0.979012 |               26.640276 |
 |    12 |                1.010516 |               27.497553 |
 |    13 |                1.011986 |               27.537530 |
 |    14 |                1.085808 |               29.546352 |
 |    15 |                1.096196 |               29.829013 |
 |    16 |                1.129592 |               30.737766 |
 |    17 |                1.151250 |               31.327114 |
 |    18 |                1.214483 |               33.047761 |
 |    19 |                1.237650 |               33.678169 |
 |    20 |                1.314598 |               35.772036 |
 -------------------------------------------------------------

 -------------------------------------------------------------
 Excitation n.   1:   7.647219 eV  f = 0.0000  <S**2> = 2.0000
 -------------------------------------------------------------
  5 ->   6 =   0.700619
  5 ->   9 =   0.089717

 -------------------------------------------------------------
 Excitation n.   2:   9.908080 eV  f = 0.0000  <S**2> = 2.0000
 -------------------------------------------------------------
  4 ->   6 =  -0.695639
  4 ->   9 =  -0.093366

 -------------------------------------------------------------
 Excitation n.   3:  10.018556 eV  f = 0.0000  <S**2> = 2.0000
 -------------------------------------------------------------
  5 ->   7 =   0.695389
  5 ->   8 =  -0.117302

 -------------------------------------------------------------
 Excitation n.   4:  12.011839 eV  f = 0.0000  <S**2> = 2.0000
 -------------------------------------------------------------
  3 ->   6 =  -0.224676
  4 ->   7 =  -0.652808
  4 ->   8 =   0.135612

 -------------------------------------------------------------
 Excitation n.   5:  13.730246 eV  f = 0.0000  <S**2> = 2.0000
 -------------------------------------------------------------
  3 ->   6 =  -0.658218
  3 ->   9 =  -0.101388
  4 ->   7 =   0.230652

 -------------------------------------------------------------
 Excitation n.   6:  15.541796 eV  f = 0.0000  <S**2> = 2.0000
 -------------------------------------------------------------
  3 ->   7 =   0.680305
  3 ->   8 =  -0.146902
  4 ->   6 =  -0.079936

 -------------------------------------------------------------
 Excitation n.   7:  21.255493 eV  f = 0.0000  <S**2> = 2.0000
 -------------------------------------------------------------
  5 ->   7 =  -0.117109
  5 ->   8 =  -0.696752

 -------------------------------------------------------------
 Excitation n.   8:  22.508881 eV  f = 0.0000  <S**2> = 2.0000
 -------------------------------------------------------------
  5 ->   6 =   0.089333
  5 ->   9 =  -0.700305

 -------------------------------------------------------------
 Excitation n.   9:  22.778567 eV  f = 0.0000  <S**2> = 2.0000
 -------------------------------------------------------------
  3 ->   9 =   0.129832
  4 ->   7 =  -0.135489
  4 ->   8 =  -0.678940

 -------------------------------------------------------------
 Excitation n.  10:  24.021066 eV  f = 0.0000  <S**2> = 2.0000
 -------------------------------------------------------------
  2 ->   6 =  -0.100979
  2 ->   9 =  -0.079782
  3 ->   7 =  -0.118942
  3 ->   8 =  -0.291512
  4 ->   6 =  -0.088957
  4 ->   9 =   0.607932

Thomas-Reiche-Kuhn sum rule =   0.000000


 *** dynamical TDA activated ***

 ---------------------------------------------------------------------------------------------------
  First-order dynamical correction to static Bethe-Salpeter excitation energies                     
 ---------------------------------------------------------------------------------------------------
  BSE neutral excitation must be lower than the GW gap =  16.812828 eV
 ---------------------------------------------------------------------------------------------------
      #          Static (eV)         Dynamic (eV)      Correction (eV)         Renorm. (eV)
 ---------------------------------------------------------------------------------------------------
      1            7.647219            7.481164           -0.166055            1.010065
      2            9.908080            9.750671           -0.157409            1.009109
      3           10.018556            9.826689           -0.191867            1.011732
      4           12.011839           11.798760           -0.213079            1.011981
      5           13.730246           13.559754           -0.170492            1.009612
      6           15.541796           15.299600           -0.242196            1.012383
      7           21.255493           21.036847           -0.218646            1.011251
      8           22.508881           22.258103           -0.250779            1.012354
      9           22.778567           22.527382           -0.251185            1.011134
     10           24.021066           23.670114           -0.350952            1.014425
 ---------------------------------------------------------------------------------------------------


 -------------------------------------------------------------------------------
          Tr@BSE@G0W0 correlation energy (singlet) =       -0.1981957642
          Tr@BSE@G0W0 correlation energy (triplet) =       -0.0442921499
          Tr@BSE@G0W0 correlation energy           =       -0.2424879141
          Tr@BSE@G0W0 total energy                 =      -76.2696013591
 -------------------------------------------------------------------------------

                                       Total CPU time for G0W0 =      0.171 seconds


 ************************************************
 |          One-shot G0T0 calculation           |
 ************************************************


 -------------------------------------------------------------
   pp-RPA (N+2) calculation: alpha-beta     manifold
 -------------------------------------------------------------
 | State |  Excitation energy (au) |  Excitation energy (eV) |
 -------------------------------------------------------------
 |     1 |                0.628697 |               17.107728 |
 |     2 |                0.649095 |               17.662764 |
 |     3 |                0.795072 |               21.635004 |
 |     4 |                0.831264 |               22.619848 |
 |     5 |                1.267719 |               34.496393 |
 |     6 |                1.270922 |               34.583544 |
 |     7 |                1.285998 |               34.993786 |
 |     8 |                1.320544 |               35.933827 |
 |     9 |                1.386432 |               37.726732 |
 |    10 |                1.429319 |               38.893761 |
 |    11 |                1.437946 |               39.128498 |
 |    12 |                1.456116 |               39.622932 |
 |    13 |                1.628335 |               44.309242 |
 |    14 |                1.669008 |               45.416010 |
 |    15 |                1.678587 |               45.676680 |
 |    16 |                1.690746 |               46.007530 |
 |    17 |                1.704226 |               46.374363 |
 |    18 |                1.712011 |               46.586192 |
 |    19 |                1.731712 |               47.122294 |
 |    20 |                1.745034 |               47.484781 |
 -------------------------------------------------------------


 -------------------------------------------------------------
   pp-RPA (N-2) calculation: alpha-beta     manifold
 -------------------------------------------------------------
 | State |  Excitation energy (au) |  Excitation energy (eV) |
 -------------------------------------------------------------
 |     1 |              -45.858584 |            -1247.875634 |
 |     2 |              -22.992392 |             -625.654844 |
 |     3 |              -22.876420 |             -622.499085 |
 |     4 |              -22.143882 |             -602.565710 |
 |     5 |              -22.117767 |             -601.855085 |
 |     6 |              -22.114272 |             -601.759997 |
 |     7 |              -22.105449 |             -601.519918 |
 |     8 |              -22.064709 |             -600.411316 |
 |     9 |              -22.053958 |             -600.118771 |
 |    10 |               -3.454822 |              -94.010499 |
 |    11 |               -2.860581 |              -77.840376 |
 |    12 |               -2.716038 |              -73.907168 |
 |    13 |               -2.671042 |              -72.682764 |
 |    14 |               -2.559252 |              -69.640807 |
 |    15 |               -2.455149 |              -66.808013 |
 |    16 |               -2.413463 |              -65.673669 |
 |    17 |               -2.035919 |              -55.400181 |
 |    18 |               -1.901548 |              -51.743746 |
 |    19 |               -1.837971 |              -50.013751 |
 |    20 |               -1.828761 |              -49.763110 |
 -------------------------------------------------------------


 -------------------------------------------------------------
   pp-RPA (N+2) calculation: alpha-alpha    manifold
 -------------------------------------------------------------
 | State |  Excitation energy (au) |  Excitation energy (eV) |
 -------------------------------------------------------------
 |     1 |                0.649095 |               17.662764 |
 |     2 |                1.270922 |               34.583544 |
 |     3 |                1.285998 |               34.993786 |
 |     4 |                1.386432 |               37.726732 |
 |     5 |                1.429319 |               38.893761 |
 |     6 |                1.628335 |               44.309242 |
 |     7 |                1.678587 |               45.676680 |
 |     8 |                1.690746 |               46.007530 |
 |     9 |                1.731712 |               47.122294 |
 |    10 |                1.745034 |               47.484781 |
 |    11 |                1.782591 |               48.506772 |
 |    12 |                1.910045 |               51.974969 |
 |    13 |                1.965672 |               53.488673 |
 |    14 |                1.975089 |               53.744912 |
 |    15 |                1.995792 |               54.308264 |
 |    16 |                2.022066 |               55.023208 |
 |    17 |                2.201873 |               59.916011 |
 |    18 |                2.233519 |               60.777160 |
 |    19 |                2.249593 |               61.214547 |
 |    20 |                2.290601 |               62.330432 |
 -------------------------------------------------------------


 -------------------------------------------------------------
   pp-RPA (N-2) calculation: alpha-alpha    manifold
 -------------------------------------------------------------
 | State |  Excitation energy (au) |  Excitation energy (eV) |
 -------------------------------------------------------------
 |     1 |              -22.876420 |             -622.499085 |
 |     2 |              -22.105449 |             -601.519918 |
 |     3 |              -22.064709 |             -600.411316 |
 |     4 |              -22.053958 |             -600.118771 |
 |     5 |               -2.559252 |              -69.640807 |
 |     6 |               -2.455149 |              -66.808013 |
 |     7 |               -2.413463 |              -65.673669 |
 |     8 |               -1.825666 |              -49.678897 |
 |     9 |               -1.779265 |              -48.416260 |
 |    10 |               -1.675889 |              -45.603263 |
 -------------------------------------------------------------

 -------------------------------------------------------------------------------
   One-shot G0T0 calculation (T-matrix self-energy)  
 -------------------------------------------------------------------------------
 |   # |       e_HF (eV) |    Sigma_T (eV) |               Z |       e_QP (eV) |
 -------------------------------------------------------------------------------
 |   1 |     -559.246416 |       18.234728 |        0.806499 |     -544.540120 |
 |   2 |      -36.373912 |        2.942267 |        0.938389 |      -33.612919 |
 |   3 |      -19.027646 |        0.906056 |        0.963610 |      -18.154561 |
 |   4 |      -15.424803 |        1.522381 |        0.954740 |      -13.971326 |
 |   5 |      -13.428490 |        1.798937 |        0.951256 |      -11.717241 |
 |   6 |        4.987230 |       -0.476501 |        0.989913 |        4.515535 |
 |   7 |        6.967256 |       -0.414138 |        0.989652 |        6.557403 |
 |   8 |       21.460095 |       -1.190431 |        0.976156 |       20.298049 |
 |   9 |       23.236129 |       -1.459340 |        0.971582 |       21.818260 |
 |  10 |       31.539641 |       -1.570047 |        0.948865 |       30.049878 |
 |  11 |       32.654448 |       -1.766814 |        0.957369 |       30.962955 |
 |  12 |       34.098617 |       -1.649380 |        0.766969 |       32.833594 |
 |  13 |       38.730682 |       -1.300597 |        0.888520 |       37.575076 |
 |  14 |       40.166424 |       -1.077024 |        0.980490 |       39.110413 |
 |  15 |       45.557565 |       -1.085568 |        0.978338 |       44.495512 |
 |  16 |       47.505432 |       -1.544554 |        0.949588 |       46.038742 |
 |  17 |       52.636350 |       -1.351319 |        0.901532 |       51.418093 |
 |  18 |       66.705306 |       -3.776951 |        0.538587 |       64.671090 |
 |  19 |       67.103980 |       -0.566143 |        0.085678 |       67.055474 |
 |  20 |       89.391541 |       -3.306652 |        0.627209 |       87.317579 |
 |  21 |       90.831114 |       -2.948565 |        0.200140 |       90.240989 |
 |  22 |       95.497298 |       -1.961190 |        0.006379 |       95.484788 |
 |  23 |      105.050562 |        2.428010 |        0.004080 |      105.060469 |
 |  24 |      112.842238 |       -2.706305 |        0.427821 |      111.684424 |
 |  25 |      162.309021 |       -4.698570 |        0.004039 |      162.290046 |
 -------------------------------------------------------------------------------
             G0T0 HOMO      energy (eV)            =     -11.717241 eV
             G0T0 LUMO      energy (eV)            =       4.515535 eV
             G0T0 HOMO-LUMO gap    (eV)            =      16.232776 eV
 -------------------------------------------------------------------------------
        Tr@ppRPA@G0T0 correlation energy (singlet) =       -0.0966851077 au
        Tr@ppRPA@G0T0 correlation energy (triplet) =       -0.0632433076 au
        Tr@ppRPA@G0T0 correlation energy           =       -0.1599284154 au
        Tr@ppRPA@G0T0 total energy                 =      -76.1870418603 au
              GM@G0T0 correlation energy           =       -0.2704328525 au
              GM@G0T0 total energy                 =      -76.2975462974 au
 -------------------------------------------------------------------------------


 -------------------------------------------------------------
   BSE@GT       calculation: singlet        manifold
 -------------------------------------------------------------
 | State |  Excitation energy (au) |  Excitation energy (eV) |
 -------------------------------------------------------------
 |     1 |                0.262401 |                7.140294 |
 |     2 |                0.335464 |                9.128435 |
 |     3 |                0.368837 |               10.036579 |
 |     4 |                0.442859 |               12.050796 |
 |     5 |                0.515413 |               14.025090 |
 |     6 |                0.625802 |               17.028931 |
 |     7 |                0.746347 |               20.309126 |
 |     8 |                0.809955 |               22.040004 |
 |     9 |                0.882354 |               24.010082 |
 |    10 |                0.912873 |               24.840550 |
 |    11 |                1.029990 |               28.027457 |
 |    12 |                1.033496 |               28.122856 |
 |    13 |                1.063183 |               28.930673 |
 |    14 |                1.088117 |               29.609175 |
 |    15 |                1.095325 |               29.805321 |
 |    16 |                1.119637 |               30.466886 |
 |    17 |                1.146875 |               31.208057 |
 |    18 |                1.152594 |               31.363685 |
 |    19 |                1.244764 |               33.871749 |
 |    20 |                1.282668 |               34.903178 |
 -------------------------------------------------------------

 ---------------------------------------------------------------
                 Transition dipole moment (au)                  
 ---------------------------------------------------------------
  #           X           Y           Z   dip. str.   osc. str.
 ---------------------------------------------------------------
  1   -0.349036   -0.000000    0.000000    0.121826    0.021311
  2   -0.000000    0.000000    0.000000    0.000000    0.000000
  3   -0.000000   -0.000000    0.608490    0.370260    0.091044
  4   -0.000000    0.481880    0.000000    0.232208    0.068557
  5   -0.000000    0.909998   -0.000000    0.828097    0.284541
  6   -0.000000    0.000000    0.562305    0.316187    0.131914
  7   -0.000000    0.000000   -0.000000    0.000000    0.000000
  8    0.363366    0.000000    0.000000    0.132035    0.071295
  9    0.000000    0.499219   -0.000000    0.249220    0.146600
 10   -0.000000    0.000000    0.012606    0.000159    0.000097
 ---------------------------------------------------------------

 -------------------------------------------------------------
 Excitation n.   1:   7.140294 eV  f = 0.0213  <S**2> = 0.0000
 -------------------------------------------------------------
  5 ->   6 =   0.698712
  5 ->   9 =   0.098055

 -------------------------------------------------------------
 Excitation n.   2:   9.128435 eV  f = 0.0000  <S**2> = 0.0000
 -------------------------------------------------------------
  5 ->   7 =  -0.688440
  5 ->   8 =   0.141246
  5 ->  12 =   0.076106

 -------------------------------------------------------------
 Excitation n.   3:  10.036579 eV  f = 0.0910  <S**2> = 0.0000
 -------------------------------------------------------------
  4 ->   6 =  -0.699167
  4 ->   9 =  -0.073692

 -------------------------------------------------------------
 Excitation n.   4:  12.050796 eV  f = 0.0686  <S**2> = 0.0000
 -------------------------------------------------------------
  4 ->   7 =  -0.694272
  4 ->   8 =   0.090988
  4 ->  12 =   0.073947

 -------------------------------------------------------------
 Excitation n.   5:  14.025090 eV  f = 0.2845  <S**2> = 0.0000
 -------------------------------------------------------------
  3 ->   6 =  -0.699290

 -------------------------------------------------------------
 Excitation n.   6:  17.028931 eV  f = 0.1319  <S**2> = 0.0000
 -------------------------------------------------------------
  3 ->   7 =  -0.690858
  5 ->  11 =  -0.091365

 -------------------------------------------------------------
 Excitation n.   7:  20.309126 eV  f = 0.0000  <S**2> = 0.0000
 -------------------------------------------------------------
  5 ->   7 =   0.143413
  5 ->   8 =   0.691090

 -------------------------------------------------------------
 Excitation n.   8:  22.040004 eV  f = 0.0713  <S**2> = 0.0000
 -------------------------------------------------------------
  5 ->   6 =  -0.101696
  5 ->   9 =   0.690384
  5 ->  10 =   0.100821

 -------------------------------------------------------------
 Excitation n.   9:  24.010082 eV  f = 0.1466  <S**2> = 0.0000
 -------------------------------------------------------------
  3 ->   9 =   0.128561
  4 ->   7 =   0.096136
  4 ->   8 =   0.682541

 -------------------------------------------------------------
 Excitation n.  10:  24.840550 eV  f = 0.0001  <S**2> = 0.0000
 -------------------------------------------------------------
  4 ->   6 =  -0.076512
  4 ->   9 =   0.682430
  5 ->  11 =   0.140760

Thomas-Reiche-Kuhn sum rule =   0.815358


 *** dynamical TDA activated ***

 ---------------------------------------------------------------------------------------------------
  First-order dynamical correction to static Bethe-Salpeter excitation energies                     
 ---------------------------------------------------------------------------------------------------
  BSE neutral excitation must be lower than the GT gap =  16.232776 eV
 ---------------------------------------------------------------------------------------------------
      #          Static (eV)         Dynamic (eV)      Correction (eV)         Renorm. (eV)
 ---------------------------------------------------------------------------------------------------
      1            7.140294            7.114130           -0.026164            1.002144
      2            9.128435            9.076905           -0.051531            1.004038
      3           10.036579           10.002227           -0.034352            1.001508
      4           12.050796           11.998740           -0.052057            1.004701
      5           14.025090           13.939463           -0.085628            1.004548
      6           17.028931           16.968561           -0.060369            0.999220
      7           20.309126           20.302902           -0.006224            1.001110
      8           22.040004           22.005776           -0.034228            1.001864
      9           24.010082           23.993911           -0.016172            1.001769
     10           24.840550           24.817233           -0.023316            1.000841
 ---------------------------------------------------------------------------------------------------


 -------------------------------------------------------------
   BSE@GT       calculation: triplet        manifold
 -------------------------------------------------------------
 | State |  Excitation energy (au) |  Excitation energy (eV) |
 -------------------------------------------------------------
 |     1 |                0.235788 |                6.416106 |
 |     2 |                0.319659 |                8.698354 |
 |     3 |                0.322458 |                8.774536 |
 |     4 |                0.392351 |               10.676425 |
 |     5 |                0.462495 |               12.585135 |
 |     6 |                0.526373 |               14.323338 |
 |     7 |                0.732514 |               19.932723 |
 |     8 |                0.777936 |               21.168713 |
 |     9 |                0.791878 |               21.548100 |
 |    10 |                0.831365 |               22.622581 |
 |    11 |                0.911066 |               24.791368 |
 |    12 |                0.936920 |               25.494887 |
 |    13 |                0.962181 |               26.182272 |
 |    14 |                0.993380 |               27.031238 |
 |    15 |                1.032899 |               28.106601 |
 |    16 |                1.055631 |               28.725181 |
 |    17 |                1.092015 |               29.715251 |
 |    18 |                1.105435 |               30.080414 |
 |    19 |                1.127763 |               30.687995 |
 |    20 |                1.212718 |               32.999746 |
 -------------------------------------------------------------

 -------------------------------------------------------------
 Excitation n.   1:   6.416106 eV  f = 0.0000  <S**2> = 2.0000
 -------------------------------------------------------------
  5 ->   6 =  -0.694494
  5 ->   9 =  -0.119099

 -------------------------------------------------------------
 Excitation n.   2:   8.698354 eV  f = 0.0000  <S**2> = 2.0000
 -------------------------------------------------------------
  5 ->   7 =  -0.683565
  5 ->   8 =   0.158659
  5 ->  12 =   0.083791

 -------------------------------------------------------------
 Excitation n.   3:   8.774536 eV  f = 0.0000  <S**2> = 2.0000
 -------------------------------------------------------------
  3 ->   7 =   0.083007
  4 ->   6 =   0.687251
  4 ->   9 =   0.118628

 -------------------------------------------------------------
 Excitation n.   4:  10.676425 eV  f = 0.0000  <S**2> = 2.0000
 -------------------------------------------------------------
  3 ->   6 =  -0.256265
  3 ->   9 =  -0.077241
  4 ->   7 =  -0.626453
  4 ->   8 =   0.171071
  4 ->  12 =   0.070764

 -------------------------------------------------------------
 Excitation n.   5:  12.585135 eV  f = 0.0000  <S**2> = 2.0000
 -------------------------------------------------------------
  3 ->   6 =  -0.636289
  3 ->   9 =  -0.125393
  4 ->   7 =   0.266184

 -------------------------------------------------------------
 Excitation n.   6:  14.323338 eV  f = 0.0000  <S**2> = 2.0000
 -------------------------------------------------------------
  2 ->   6 =   0.084058
  3 ->   7 =  -0.660787
  3 ->   8 =   0.182492
  3 ->  12 =   0.087604
  4 ->   6 =   0.104951

 -------------------------------------------------------------
 Excitation n.   7:  19.932723 eV  f = 0.0000  <S**2> = 2.0000
 -------------------------------------------------------------
  5 ->   7 =  -0.160958
  5 ->   8 =  -0.686948

 -------------------------------------------------------------
 Excitation n.   8:  21.168713 eV  f = 0.0000  <S**2> = 2.0000
 -------------------------------------------------------------
  5 ->   6 =  -0.121270
  5 ->   9 =   0.689601
  5 ->  10 =   0.076737

 -------------------------------------------------------------
 Excitation n.   9:  21.548100 eV  f = 0.0000  <S**2> = 2.0000
 -------------------------------------------------------------
  3 ->   9 =   0.148847
  4 ->   7 =  -0.174962
  4 ->   8 =  -0.662400

 -------------------------------------------------------------
 Excitation n.  10:  22.622581 eV  f = 0.0000  <S**2> = 2.0000
 -------------------------------------------------------------
  2 ->   6 =  -0.116064
  2 ->   9 =  -0.097197
  3 ->   7 =  -0.161712
  3 ->   8 =  -0.278818
  4 ->   6 =  -0.109336
  4 ->   9 =   0.569788
  4 ->  10 =   0.126537
  5 ->  11 =  -0.127022

Thomas-Reiche-Kuhn sum rule =   0.000000


 *** dynamical TDA activated ***

 ---------------------------------------------------------------------------------------------------
  First-order dynamical correction to static Bethe-Salpeter excitation energies                     
 ---------------------------------------------------------------------------------------------------
  BSE neutral excitation must be lower than the GT gap =  16.232776 eV
 ---------------------------------------------------------------------------------------------------
      #          Static (eV)         Dynamic (eV)      Correction (eV)         Renorm. (eV)
 ---------------------------------------------------------------------------------------------------
      1            6.416106            6.355139           -0.060966            1.004178
      2            8.698354            8.610720           -0.087634            1.005920
      3            8.774536            8.712443           -0.062093            1.003920
      4           10.676425           10.592892           -0.083534            1.005296
      5           12.585135           12.508054           -0.077082            1.004185
      6           14.323338           14.215660           -0.107678            1.005860
      7           19.932723           19.915999           -0.016724            1.001354
      8           21.168713           21.108127           -0.060586            1.003038
      9           21.548100           21.509594           -0.038507            1.002909
     10           22.622581           22.516794           -0.105787            1.005474
 ---------------------------------------------------------------------------------------------------


 -------------------------------------------------------------------------------
          Tr@BSE@G0T0 correlation energy (singlet) =       -0.0607091908 au
          Tr@BSE@G0T0 correlation energy (triplet) =       -0.0313774241 au
          Tr@BSE@G0T0 correlation energy           =       -0.0920866149 au
          Tr@BSE@G0T0 total energy                 =      -76.1192000599 au
 -------------------------------------------------------------------------------

                                       Total CPU time for G0T0 =      2.065 seconds

                                      Total CPU time for QuAcK =      4.514 seconds

