66 significant shell pairs computed in 0.000345 seconds
0
Computed Electron repulsion integrals Integrals in parallel in 2.810118 seconds

 ******************************************************************************************
 *            QuAcK                       QuAcK                         QuAcK             *
 *   __        __        __       __        __        __       __        __        __     *
 * <(o )___  <(o )___  <(o )___ <(o )___  <(o )___  <(o )___ <(o )___  <(o )___  <(o )___ *
 * ( ._> /   ( ._> /   ( ._> /  ( ._> /   ( ._> /   ( ._> /  ( ._> /   ( ._> /   ( ._> /  *
 *|--------------------------------------------------------------------------------------|*
 ******************************************************************************************

      ----------------------
             Number of atoms                2
      ----------------------

      ----------------------
Number of spin-up   electron                9
Number of spin-down electron                9
    Total number of electron               18
      ----------------------

      ----------------------
Number of core      electron                0
Number of Rydberg   electron                0
      ----------------------

          ------------------
          Molecular geometry
          ------------------
                    Atom n.                 1
                        Z =      1.0000000000
           Atom coordinates:     0.0000000000    0.0000000000    0.0000000000
                    Atom n.                 2
                        Z =     17.0000000000
           Atom coordinates:     0.0000000000    0.0000000000    2.4094008100

          ------------------
 Nuclear repulsion energy =      7.0556961421
          ------------------

          Gaussian basis set
          ------------------
                    Atom n.                 1
           number of shells                 3
          ------------------
      s-type shell with K =                 4
                                    Exponents     Contraction
                                13.0100000000    0.0196850000
                                 1.9620000000    0.1379770000
                                 0.4446000000    0.4781480000
                                 0.1220000000    0.5012400000
      s-type shell with K =                 1
                                    Exponents     Contraction
                                 0.1220000000    1.0000000000
      p-type shell with K =                 1
                                    Exponents     Contraction
                                 0.7270000000    1.0000000000
          ------------------
                    Atom n.                 2
           number of shells                 8
          ------------------
      s-type shell with K =                12
                                    Exponents     Contraction
                             ****************    0.0002411530
                             19170.0000000000    0.0018709500
                              4363.0000000000    0.0097082700
                              1236.0000000000    0.0393153000
                               403.6000000000    0.1259320000
                               145.7000000000    0.2993410000
                                56.8100000000    0.4218860000
                                23.2300000000    0.2372010000
                                 6.6440000000    0.0191531000
                                 2.5750000000   -0.0033479200
                                 0.5371000000    0.0009298830
                                 0.1938000000   -0.0003963790
      s-type shell with K =                12
                                    Exponents     Contraction
                             ****************   -0.0000678922
                             19170.0000000000   -0.0005218360
                              4363.0000000000   -0.0027651300
                              1236.0000000000   -0.0111537000
                               403.6000000000   -0.0385919000
                               145.7000000000   -0.0994848000
                                56.8100000000   -0.2013920000
                                23.2300000000   -0.1303130000
                                 6.6440000000    0.5094430000
                                 2.5750000000    0.6107250000
                                 0.5371000000    0.0421549000
                                 0.1938000000   -0.0092342700
      s-type shell with K =                12
                                    Exponents     Contraction
                             ****************    0.0000204986
                             19170.0000000000    0.0001582980
                              4363.0000000000    0.0008336390
                              1236.0000000000    0.0033988000
                               403.6000000000    0.0116738000
                               145.7000000000    0.0309622000
                                56.8100000000    0.0629533000
                                23.2300000000    0.0460257000
                                 6.6440000000   -0.2193120000
                                 2.5750000000   -0.4087730000
                                 0.5371000000    0.6384650000
                                 0.1938000000    0.5623620000
      s-type shell with K =                 1
                                    Exponents     Contraction
                                 0.1938000000    1.0000000000
      p-type shell with K =                 8
                                    Exponents     Contraction
                               417.6000000000    0.0052598200
                                98.3300000000    0.0398332000
                                31.0400000000    0.1646550000
                                11.1900000000    0.3873220000
                                 4.2490000000    0.4570720000
                                 1.6240000000    0.1516360000
                                 0.5322000000    0.0018161500
                                 0.1620000000    0.0018829600
      p-type shell with K =                 8
                                    Exponents     Contraction
                               417.6000000000   -0.0014357000
                                98.3300000000   -0.0107796000
                                31.0400000000   -0.0470075000
                                11.1900000000   -0.1110300000
                                 4.2490000000   -0.1532750000
                                 1.6240000000    0.0894609000
                                 0.5322000000    0.5794440000
                                 0.1620000000    0.4832720000
      p-type shell with K =                 1
                                    Exponents     Contraction
                                 0.1620000000    1.0000000000
      d-type shell with K =                 1
                                    Exponents     Contraction
                                 0.6000000000    1.0000000000
          ------------------
            Number of shells               11
          ------------------

          ------------------
   Number of basis functions               24
          ------------------

 Scaling integrals by    1.0000000000000000     

                          Total CPU time for reading integrals =      0.015 seconds


 ************************************************
 |    Restricted Hartree-Fock calculation       |
 ************************************************


 ----------------------------------------------------
 | RHF calculation                                  |
 ----------------------------------------------------
 |   # |        HF energy |       Conv |     HL Gap |
 ----------------------------------------------------
 |   1 |  -464.0344318276 |   0.230986 |   0.628383 |
 |   2 |  -458.9966789071 |   0.108151 |   0.579596 |
 |   3 |  -460.3797090723 |   0.016839 |   0.622927 |
 |   4 |  -460.0108624524 |   0.008885 |   0.616314 |
 |   5 |  -460.1110391079 |   0.002021 |   0.619834 |
 |   6 |  -460.0836387952 |   0.000993 |   0.619336 |
 |   7 |  -460.0913939631 |   0.000306 |   0.619672 |
 |   8 |  -460.0892343946 |   0.000126 |   0.619644 |
 |   9 |  -460.0898688882 |   0.000046 |   0.619679 |
 |  10 |  -460.0896914406 |   0.000017 |   0.619679 |
 |  11 |  -460.0897455831 |   0.000007 |   0.619683 |
 |  12 |  -460.0897306519 |   0.000003 |   0.619683 |
 |  13 |  -460.0897354236 |   0.000001 |   0.619684 |
 |  14 |  -460.0897341584 |   0.000000 |   0.619684 |
 |  15 |  -460.0897345910 |   0.000000 |   0.619684 |
 |  16 |  -460.0897344849 |   0.000000 |   0.619684 |
 ----------------------------------------------------

         -----------------------------------------
           Summary              
         -----------------------------------------
           One-electron energy:   -649.8870500260 au
           Kinetic      energy:    460.0222869837 au
           Potential    energy:  -1109.9093370097 au
         -----------------------------------------
           Two-electron energy:    182.7416193989 au
           Hartree      energy:    210.6394925414 au
           Exchange     energy:    -27.8978731424 au
         -----------------------------------------
           Electronic   energy:   -467.1454306271 au
           Nuclear   repulsion:      7.0556961421 au
           RHF          energy:   -460.0897344849 au
         -----------------------------------------
           HF HOMO      energy:        -12.833605 eV
           HF LUMO      energy:          4.028857 eV
           HF HOMO-LUMO gap   :         16.862462 eV
         -----------------------------------------
          Dipole moment (Debye)    
                   X         Y         Z      Tot.
           -0.000000  0.000000 -1.412313  1.412313
         -----------------------------------------

           ---------------------------------------
                 MO coefficients
           ---------------------------------------
                 1              2              3              4              5
      1    -0.00003046    -0.00034508     0.00128266     0.00000000     0.00000000
      2     0.00005737     0.00111374    -0.00115513     0.00000000     0.00000000
      3     0.00000000     0.00000000     0.00000000    -0.00000361     0.00006312
      4     0.00000000     0.00000000     0.00000000     0.00006312     0.00000361
      5    -0.00001245    -0.00042849     0.00042025     0.00000000     0.00000000
      6    -0.99999286    -0.00001585    -0.00001262     0.00000000     0.00000000
      7    -0.00011323     1.00151114    -0.00494689     0.00000000     0.00000000
      8    -0.00077616     0.00928851     0.00289051     0.00000000     0.00000000
      9    -0.00024272     0.00063520    -0.00072225     0.00000000     0.00000000
     10     0.00000000     0.00000000     0.00000000    -0.05705372     0.99830592
     11     0.00000000     0.00000000     0.00000000     0.99830592     0.05705372
     12     0.00004538    -0.00559672    -1.00003314     0.00000000     0.00000000
     13     0.00000000     0.00000000     0.00000000     0.00014389    -0.00251781
     14     0.00000000     0.00000000     0.00000000    -0.00251781    -0.00014389
     15    -0.00005537    -0.00160966     0.00002251     0.00000000     0.00000000
     16     0.00000000     0.00000000     0.00000000    -0.00003798     0.00066463
     17     0.00000000     0.00000000     0.00000000     0.00066463     0.00003798
     18     0.00005455     0.00144967     0.00102367     0.00000000     0.00000000
     19     0.00046341    -0.00482439    -0.00083193     0.00000000     0.00000000
     20     0.00000000     0.00000000     0.00000000     0.00000000     0.00000000
     21     0.00000000     0.00000000     0.00000000     0.00001312    -0.00022960
     22     0.00046341    -0.00482439    -0.00083193     0.00000000     0.00000000
     23     0.00000000     0.00000000     0.00000000    -0.00022960    -0.00001312
     24     0.00046704    -0.00419712    -0.00046057     0.00000000     0.00000000
                 6              7              8              9             10
      1     0.31400384    -0.63550923     0.00000000     0.00000000    -0.32675920
      2    -0.13962174     0.21021953     0.00000000     0.00000000    -1.38964463
      3     0.00000000     0.00000000    -0.02323777     0.00467727     0.00000000
      4     0.00000000     0.00000000    -0.00467727    -0.02323777     0.00000000
      5     0.03000659    -0.03209330     0.00000000     0.00000000    -0.00209563
      6    -0.00011785    -0.00262491     0.00000000     0.00000000    -0.01777600
      7    -0.00500877    -0.01006243     0.00000000     0.00000000    -0.10236099
      8     0.92068518     0.27903052     0.00000000     0.00000000     0.11511047
      9    -0.03066404     0.14657134     0.00000000     0.00000000     0.96634520
     10     0.00000000     0.00000000     0.00110165    -0.00022174     0.00000000
     11     0.00000000     0.00000000     0.00022174     0.00110165     0.00000000
     12     0.00724611    -0.01057574     0.00000000     0.00000000     0.00724139
     13     0.00000000     0.00000000    -0.94980786     0.19117604     0.00000000
     14     0.00000000     0.00000000    -0.19117604    -0.94980786     0.00000000
     15    -0.09423572     0.76113463     0.00000000     0.00000000    -0.42381758
     16     0.00000000     0.00000000    -0.02864542     0.00576571     0.00000000
     17     0.00000000     0.00000000    -0.00576571    -0.02864542     0.00000000
     18     0.03543572    -0.09226854     0.00000000     0.00000000    -0.64897083
     19    -0.00447100     0.02022580     0.00000000     0.00000000    -0.01182155
     20     0.00000000     0.00000000     0.00000000     0.00000000     0.00000000
     21     0.00000000     0.00000000     0.01567320    -0.00315468     0.00000000
     22    -0.00447100     0.02022580     0.00000000     0.00000000    -0.01182155
     23     0.00000000     0.00000000     0.00315468     0.01567320     0.00000000
     24     0.01635076    -0.06480757     0.00000000     0.00000000    -0.07588914
                11             12             13             14             15
      1     1.72310563     0.08208101     0.00000000     0.00000000     0.00000000
      2    -1.72218110    -0.17928788     0.00000000     0.00000000     0.00000000
      3     0.00000000     0.00000000    -0.02113504    -0.00054365     0.27332043
      4     0.00000000     0.00000000     0.00054365    -0.02113504     0.17086891
      5    -0.04873408    -0.13960375     0.00000000     0.00000000     0.00000000
      6     0.01286780     0.10450157     0.00000000     0.00000000     0.00000000
      7     0.07533798     0.66705353     0.00000000     0.00000000     0.00000000
      8     0.08436241     1.60549894     0.00000000     0.00000000     0.00000000
      9    -0.10216348    -2.29169687     0.00000000     0.00000000     0.00000000
     10     0.00000000     0.00000000    -0.19182859    -0.00493437    -0.00340375
     11     0.00000000     0.00000000     0.00493437    -0.19182859    -0.00212789
     12    -0.02827225     0.13493811     0.00000000     0.00000000     0.00000000
     13     0.00000000     0.00000000    -1.81275926    -0.04662928    -0.07645858
     14     0.00000000     0.00000000     0.04662928    -1.81275926    -0.04779882
     15     0.00137866     1.35189623     0.00000000     0.00000000     0.00000000
     16     0.00000000     0.00000000     2.07001766     0.05324669    -0.00758441
     17     0.00000000     0.00000000    -0.05324669     2.07001766    -0.00474147
     18     0.41874250    -1.59641444     0.00000000     0.00000000     0.00000000
     19    -0.14725944     0.21626879     0.00000000     0.00000000     0.00000000
     20     0.00000000     0.00000000     0.00000000     0.00000000     0.00000000
     21     0.00000000     0.00000000     0.02228580     0.00057325    -0.72676642
     22    -0.14725944     0.21626879     0.00000000     0.00000000     0.00000000
     23     0.00000000     0.00000000    -0.00057325     0.02228580    -0.45434506
     24     0.42560657     0.37034186     0.00000000     0.00000000     0.00000000
                16             17             18             19             20
      1     0.00000000    -0.43339348     0.00000000     0.00000000    -1.55354898
      2     0.00000000     1.72712686     0.00000000     0.00000000     0.77434096
      3     0.17086891     0.00000000     0.00000000     0.00000000     0.00000000
      4    -0.27332043     0.00000000     0.00000000     0.00000000     0.00000000
      5     0.00000000     0.21275939     0.00000000     0.00000000     0.25822005
      6     0.00000000     0.17652702     0.00000000     0.00000000    -0.06453122
      7     0.00000000     1.15299656     0.00000000     0.00000000    -0.41380810
      8     0.00000000     2.66508388     0.00000000     0.00000000    -0.85480232
      9     0.00000000    -4.49722038     0.00000000     0.00000000     1.51736939
     10    -0.00212789     0.00000000     0.00000000     0.00000000     0.00000000
     11     0.00340375     0.00000000     0.00000000     0.00000000     0.00000000
     12     0.00000000    -0.11906331     0.00000000     0.00000000     0.07137246
     13    -0.04779882     0.00000000     0.00000000     0.00000000     0.00000000
     14     0.07645858     0.00000000     0.00000000     0.00000000     0.00000000
     15     0.00000000    -1.09280144     0.00000000     0.00000000     0.44270929
     16    -0.00474147     0.00000000     0.00000000     0.00000000     0.00000000
     17     0.00758441     0.00000000     0.00000000     0.00000000     0.00000000
     18     0.00000000     1.83517616     0.00000000     0.00000000    -0.93534601
     19     0.00000000     0.28670146     0.86602535     0.00029536    -0.59140935
     20     0.00000000     0.00000000    -0.00034106     0.99999994     0.00000000
     21    -0.45434506     0.00000000     0.00000000     0.00000000     0.00000000
     22     0.00000000     0.28670146    -0.86602535    -0.00029536    -0.59140935
     23     0.72676642     0.00000000     0.00000000     0.00000000     0.00000000
     24     0.00000000     0.35824240     0.00000000     0.00000000     0.75637071
                21             22             23             24
      1     0.00000000     0.00000000    -1.61476018     0.49452836
      2     0.00000000     0.00000000     0.19349916    -0.68166865
      3     0.56647436     0.86555767     0.00000000     0.00000000
      4     0.86555767    -0.56647436     0.00000000     0.00000000
      5     0.00000000     0.00000000    -1.52726007     0.27657298
      6     0.00000000     0.00000000    -0.02527713    -0.00605811
      7     0.00000000     0.00000000    -0.12902445     0.59283710
      8     0.00000000     0.00000000     0.04740994     3.61813452
      9     0.00000000     0.00000000     1.14976594     0.48427251
     10     0.00346751     0.00529826     0.00000000     0.00000000
     11     0.00529826    -0.00346751     0.00000000     0.00000000
     12     0.00000000     0.00000000    -0.18153733     0.05768569
     13    -0.02148251    -0.03282470     0.00000000     0.00000000
     14    -0.03282470     0.02148251     0.00000000     0.00000000
     15     0.00000000     0.00000000    -1.34912306     0.40698339
     16    -0.12326288    -0.18834239     0.00000000     0.00000000
     17    -0.18834239     0.12326288     0.00000000     0.00000000
     18     0.00000000     0.00000000     0.13619087    -0.41206390
     19     0.00000000     0.00000000    -0.48498148    -1.80865832
     20     0.00000000     0.00000000     0.00000000     0.00000000
     21     0.33322968     0.50916603     0.00000000     0.00000000
     22     0.00000000     0.00000000    -0.48498148    -1.80865832
     23     0.50916603    -0.33322968     0.00000000     0.00000000
     24     0.00000000     0.00000000     0.95398005    -2.02386710

           ---------------------------------------
                     MO energies
           ---------------------------------------
                 1
      1  -104.84702146
      2   -10.56954178
      3    -8.03840646
      4    -8.03461835
      5    -8.03461835
      6    -1.11362238
      7    -0.62082427
      8    -0.47162628
      9    -0.47162628
     10     0.14805778
     11     0.49358871
     12     0.72231415
     13     0.75081744
     14     0.75081744
     15     0.87933480
     16     0.87933480
     17     0.89793152
     18     0.98101494
     19     0.98101494
     20     1.33701779
     21     1.70734427
     22     1.70734427
     23     2.42333337
     24     3.23182105

                                        Total CPU time for RHF =      0.116 seconds


 AO to MO transformation... Please be patient

                    Total CPU time for AO to MO transformation =      0.553 seconds


 ************************************************
 |      Configuration Interaction Singles       |
 ************************************************


 -------------------------------------------------------------
   CIS          calculation: singlet        manifold
 -------------------------------------------------------------
 | State |  Excitation energy (au) |  Excitation energy (eV) |
 -------------------------------------------------------------
 |     1 |                0.321243 |                8.741466 |
 |     2 |                0.321243 |                8.741466 |
 |     3 |                0.506201 |               13.774430 |
 |     4 |                0.637760 |               17.354333 |
 |     5 |                0.637760 |               17.354333 |
 |     6 |                0.806452 |               21.944683 |
 |     7 |                0.828228 |               22.537242 |
 |     8 |                0.828228 |               22.537242 |
 |     9 |                0.843006 |               22.939371 |
 |    10 |                0.843344 |               22.948553 |
 |    11 |                0.843344 |               22.948553 |
 |    12 |                0.908638 |               24.725303 |
 |    13 |                0.913716 |               24.863477 |
 |    14 |                0.913716 |               24.863477 |
 |    15 |                0.929568 |               25.294834 |
 |    16 |                0.975760 |               26.551777 |
 |    17 |                1.001650 |               27.256296 |
 |    18 |                1.001650 |               27.256296 |
 |    19 |                1.004379 |               27.330538 |
 |    20 |                1.004379 |               27.330538 |
 -------------------------------------------------------------

 ---------------------------------------------------------------
                 Transition dipole moment (au)                  
 ---------------------------------------------------------------
  #           X           Y           Z   dip. str.   osc. str.
 ---------------------------------------------------------------
  1   -0.027344    0.136287    0.000000    0.019322    0.004138
  2    0.136287    0.027344    0.000000    0.019322    0.004138
  3   -0.000000   -0.000000   -1.521629    2.315356    0.781357
  4    0.126691   -0.583311    0.000000    0.356302    0.151490
  5   -0.583311   -0.126691   -0.000000    0.356302    0.151490
  6   -0.000000   -0.000000    0.207185    0.042925    0.023078
  7    0.112340   -0.525606    0.000000    0.288882    0.159507
  8   -0.525606   -0.112340   -0.000000    0.288882    0.159507
  9   -0.000000   -0.000000   -0.000000    0.000000    0.000000
 10   -0.000000   -0.000000   -0.000000    0.000000    0.000000
 ---------------------------------------------------------------

 -------------------------------------------------------------
 Excitation n.   1:   8.741466 eV  f = 0.0041  <S**2> = 0.0000
 -------------------------------------------------------------
  9 ->  10 =   0.695506
  9 ->  11 =  -0.097828

 -------------------------------------------------------------
 Excitation n.   2:   8.741466 eV  f = 0.0041  <S**2> = 0.0000
 -------------------------------------------------------------
  8 ->  10 =   0.695506
  8 ->  11 =  -0.097828

 -------------------------------------------------------------
 Excitation n.   3:  13.774430 eV  f = 0.7814  <S**2> = 0.0000
 -------------------------------------------------------------
  7 ->  10 =   0.696024

 -------------------------------------------------------------
 Excitation n.   4:  17.354333 eV  f = 0.1515  <S**2> = 0.0000
 -------------------------------------------------------------
  9 ->  10 =  -0.099975
  9 ->  11 =  -0.691623

 -------------------------------------------------------------
 Excitation n.   5:  17.354333 eV  f = 0.1515  <S**2> = 0.0000
 -------------------------------------------------------------
  8 ->  10 =  -0.099975
  8 ->  11 =  -0.691623

 -------------------------------------------------------------
 Excitation n.   6:  21.944683 eV  f = 0.0231  <S**2> = 0.0000
 -------------------------------------------------------------
  7 ->  11 =   0.653286
  8 ->  15 =  -0.170293
  9 ->  16 =   0.170293

 -------------------------------------------------------------
 Excitation n.   7:  22.537242 eV  f = 0.1595  <S**2> = 0.0000
 -------------------------------------------------------------
  9 ->  12 =  -0.702983

 -------------------------------------------------------------
 Excitation n.   8:  22.537242 eV  f = 0.1595  <S**2> = 0.0000
 -------------------------------------------------------------
  8 ->  12 =  -0.702983

 -------------------------------------------------------------
 Excitation n.   9:  22.939371 eV  f = 0.0000  <S**2> = 0.0000
 -------------------------------------------------------------
  8 ->  13 =  -0.111186
  8 ->  14 =   0.487266
  9 ->  13 =  -0.487266
  9 ->  14 =  -0.111186

 -------------------------------------------------------------
 Excitation n.  10:  22.948553 eV  f = 0.0000  <S**2> = 0.0000
 -------------------------------------------------------------
  8 ->  13 =  -0.356597
  8 ->  14 =  -0.350216
  9 ->  13 =  -0.350216
  9 ->  14 =   0.356597

Thomas-Reiche-Kuhn sum rule =   1.434705

 ---------------------------------------------------------------------------------------------------
  CIS(D) correction 
 ---------------------------------------------------------------------------------------------------
      #             CIS (eV)          CIS(D) (eV)      Correction (eV)
 ---------------------------------------------------------------------------------------------------
      1            8.741466            8.398551           -0.342915
      2            8.741466            8.398551           -0.342915
      3           13.774430           13.473011           -0.301420
      4           17.354333           16.979683           -0.374650
      5           17.354333           16.979683           -0.374650
      6           21.944683           21.970741            0.026058
      7           22.537242           22.456369           -0.080873
      8           22.537242           22.456369           -0.080873
      9           22.939371           23.314134            0.374762
     10           22.948553           23.343860            0.395307
 ---------------------------------------------------------------------------------------------------


 -------------------------------------------------------------
   CIS          calculation: triplet        manifold
 -------------------------------------------------------------
 | State |  Excitation energy (au) |  Excitation energy (eV) |
 -------------------------------------------------------------
 |     1 |                0.286835 |                7.805176 |
 |     2 |                0.286835 |                7.805176 |
 |     3 |                0.376964 |               10.257703 |
 |     4 |                0.601622 |               16.370961 |
 |     5 |                0.601622 |               16.370961 |
 |     6 |                0.683257 |               18.592368 |
 |     7 |                0.726699 |               19.774474 |
 |     8 |                0.790710 |               21.516311 |
 |     9 |                0.790710 |               21.516311 |
 |    10 |                0.792802 |               21.573255 |
 |    11 |                0.799860 |               21.765292 |
 |    12 |                0.799860 |               21.765292 |
 |    13 |                0.843006 |               22.939371 |
 |    14 |                0.862992 |               23.483220 |
 |    15 |                0.862992 |               23.483220 |
 |    16 |                0.905980 |               24.652960 |
 |    17 |                0.905980 |               24.652960 |
 |    18 |                0.907715 |               24.700190 |
 |    19 |                0.908638 |               24.725303 |
 |    20 |                0.922471 |               25.101712 |
 -------------------------------------------------------------

 -------------------------------------------------------------
 Excitation n.   1:   7.805176 eV  f = 0.0000  <S**2> = 2.0000
 -------------------------------------------------------------
  8 ->  10 =  -0.685869
  8 ->  11 =   0.143638
  8 ->  17 =  -0.071329

 -------------------------------------------------------------
 Excitation n.   2:   7.805176 eV  f = 0.0000  <S**2> = 2.0000
 -------------------------------------------------------------
  9 ->  10 =  -0.685869
  9 ->  11 =   0.143638
  9 ->  17 =  -0.071329

 -------------------------------------------------------------
 Excitation n.   3:  10.257703 eV  f = 0.0000  <S**2> = 2.0000
 -------------------------------------------------------------
  7 ->  10 =  -0.672405
  7 ->  11 =   0.173094
  7 ->  17 =  -0.086986

 -------------------------------------------------------------
 Excitation n.   4:  16.370961 eV  f = 0.0000  <S**2> = 2.0000
 -------------------------------------------------------------
  8 ->  10 =   0.142448
  8 ->  11 =   0.681784
  8 ->  17 =   0.074277

 -------------------------------------------------------------
 Excitation n.   5:  16.370961 eV  f = 0.0000  <S**2> = 2.0000
 -------------------------------------------------------------
  9 ->  10 =   0.142448
  9 ->  11 =   0.681784
  9 ->  17 =   0.074277

 -------------------------------------------------------------
 Excitation n.   6:  18.592368 eV  f = 0.0000  <S**2> = 2.0000
 -------------------------------------------------------------
  6 ->  10 =   0.120818
  7 ->  10 =  -0.159776
  7 ->  11 =  -0.658073

 -------------------------------------------------------------
 Excitation n.   7:  19.774474 eV  f = 0.0000  <S**2> = 2.0000
 -------------------------------------------------------------
  6 ->  10 =   0.202202
  6 ->  17 =   0.081853
  7 ->  11 =   0.116858
  7 ->  12 =   0.157049
  8 ->  13 =   0.436018
  8 ->  14 =   0.099492
  9 ->  13 =  -0.099492
  9 ->  14 =   0.436018

 -------------------------------------------------------------
 Excitation n.   8:  21.516311 eV  f = 0.0000  <S**2> = 2.0000
 -------------------------------------------------------------
  7 ->  14 =   0.102930
  8 ->  12 =  -0.072707
  9 ->  12 =   0.684087

 -------------------------------------------------------------
 Excitation n.   9:  21.516311 eV  f = 0.0000  <S**2> = 2.0000
 -------------------------------------------------------------
  7 ->  13 =  -0.102930
  8 ->  12 =  -0.684087
  9 ->  12 =  -0.072707

 -------------------------------------------------------------
 Excitation n.  10:  21.573255 eV  f = 0.0000  <S**2> = 2.0000
 -------------------------------------------------------------
  6 ->  10 =   0.262419
  6 ->  11 =  -0.107750
  6 ->  12 =  -0.079390
  7 ->  11 =   0.102542
  7 ->  12 =  -0.078868
  8 ->  13 =  -0.104113
  8 ->  15 =  -0.398858
  8 ->  16 =  -0.150172
  9 ->  14 =  -0.104113
  9 ->  15 =  -0.150172
  9 ->  16 =   0.398858

Thomas-Reiche-Kuhn sum rule =   0.000000

 ---------------------------------------------------------------------------------------------------
  CIS(D) correction 
 ---------------------------------------------------------------------------------------------------
      #             CIS (eV)          CIS(D) (eV)      Correction (eV)
 ---------------------------------------------------------------------------------------------------
      1            7.805176            7.732495           -0.072681
      2            7.805176            7.732495           -0.072681
      3           10.257703           10.604364            0.346661
      4           16.370961           16.191048           -0.179913
      5           16.370961           16.191048           -0.179913
      6           18.592368           19.003394            0.411026
      7           19.774474           20.419629            0.645154
      8           21.516311           21.661025            0.144714
      9           21.516311           21.661025            0.144714
     10           21.573255           22.110800            0.537545
 ---------------------------------------------------------------------------------------------------

                                        Total CPU time for CIS =      1.950 seconds


 ***********************************************************
 |  Random phase approximation calculation with exchange   |
 ***********************************************************


 -------------------------------------------------------------
   RPAx@HF      calculation: singlet        manifold
 -------------------------------------------------------------
 | State |  Excitation energy (au) |  Excitation energy (eV) |
 -------------------------------------------------------------
 |     1 |                0.319066 |                8.682232 |
 |     2 |                0.319066 |                8.682232 |
 |     3 |                0.500142 |               13.609565 |
 |     4 |                0.635657 |               17.297114 |
 |     5 |                0.635657 |               17.297114 |
 |     6 |                0.802262 |               21.830660 |
 |     7 |                0.827572 |               22.519378 |
 |     8 |                0.827572 |               22.519378 |
 |     9 |                0.841512 |               22.898696 |
 |    10 |                0.842736 |               22.932020 |
 |    11 |                0.842736 |               22.932020 |
 |    12 |                0.907289 |               24.688586 |
 |    13 |                0.912374 |               24.826975 |
 |    14 |                0.912374 |               24.826975 |
 |    15 |                0.927058 |               25.226534 |
 |    16 |                0.971616 |               26.439005 |
 |    17 |                0.999861 |               27.207614 |
 |    18 |                0.999861 |               27.207614 |
 |    19 |                1.003341 |               27.302311 |
 |    20 |                1.003341 |               27.302311 |
 -------------------------------------------------------------

 ---------------------------------------------------------------
                 Transition dipole moment (au)                  
 ---------------------------------------------------------------
  #           X           Y           Z   dip. str.   osc. str.
 ---------------------------------------------------------------
  1   -0.022045    0.160646    0.000000    0.026293    0.005593
  2    0.160646    0.022045    0.000000    0.026293    0.005593
  3    0.000000   -0.000000    1.434566    2.057979    0.686188
  4   -0.059359    0.569459    0.000000    0.327807    0.138915
  5   -0.569459   -0.059359    0.000000    0.327807    0.138915
  6   -0.000000   -0.000000   -0.167600    0.028090    0.015024
  7    0.092108   -0.523607    0.000000    0.282648    0.155941
  8   -0.523607   -0.092108    0.000000    0.282648    0.155941
  9    0.000000    0.000000    0.000000    0.000000    0.000000
 10    0.000000    0.000000    0.000000    0.000000    0.000000
 ---------------------------------------------------------------

 -------------------------------------------------------------
 Excitation n.   1:   8.682232 eV  f = 0.0056  <S**2> = 0.0000
 -------------------------------------------------------------
  9 ->  10 =   0.694275
  9 ->  11 =  -0.102409

 -------------------------------------------------------------
 Excitation n.   2:   8.682232 eV  f = 0.0056  <S**2> = 0.0000
 -------------------------------------------------------------
  8 ->  10 =   0.694275
  8 ->  11 =  -0.102409

 -------------------------------------------------------------
 Excitation n.   3:  13.609565 eV  f = 0.6862  <S**2> = 0.0000
 -------------------------------------------------------------
  7 ->  10 =  -0.699710

 -------------------------------------------------------------
 Excitation n.   4:  17.297114 eV  f = 0.1389  <S**2> = 0.0000
 -------------------------------------------------------------
  9 ->  10 =   0.102614
  9 ->  11 =   0.689392

 -------------------------------------------------------------
 Excitation n.   5:  17.297114 eV  f = 0.1389  <S**2> = 0.0000
 -------------------------------------------------------------
  8 ->  10 =  -0.102614
  8 ->  11 =  -0.689392

 -------------------------------------------------------------
 Excitation n.   6:  21.830660 eV  f = 0.0150  <S**2> = 0.0000
 -------------------------------------------------------------
  7 ->  11 =  -0.662751
  8 ->  15 =   0.153971
  9 ->  16 =  -0.153971

 -------------------------------------------------------------
 Excitation n.   7:  22.519378 eV  f = 0.1559  <S**2> = 0.0000
 -------------------------------------------------------------
  9 ->  12 =  -0.702932

 -------------------------------------------------------------
 Excitation n.   8:  22.519378 eV  f = 0.1559  <S**2> = 0.0000
 -------------------------------------------------------------
  8 ->  12 =  -0.702932

 -------------------------------------------------------------
 Excitation n.   9:  22.898696 eV  f = 0.0000  <S**2> = 0.0000
 -------------------------------------------------------------
  8 ->  13 =  -0.111233
  8 ->  14 =   0.487475
  9 ->  13 =  -0.487475
  9 ->  14 =  -0.111233

 -------------------------------------------------------------
 Excitation n.  10:  22.932020 eV  f = 0.0000  <S**2> = 0.0000
 -------------------------------------------------------------
  8 ->  13 =  -0.493220
  8 ->  14 =   0.081367
  9 ->  13 =   0.081367
  9 ->  14 =   0.493220

Thomas-Reiche-Kuhn sum rule =   1.302110


 -------------------------------------------------------------
   RPAx@HF      calculation: triplet        manifold
 -------------------------------------------------------------
 | State |  Excitation energy (au) |  Excitation energy (eV) |
 -------------------------------------------------------------
 |     1 |                0.281276 |                7.653914 |
 |     2 |                0.281276 |                7.653914 |
 |     3 |                0.358884 |                9.765737 |
 |     4 |                0.597837 |               16.267963 |
 |     5 |                0.597837 |               16.267963 |
 |     6 |                0.676984 |               18.421667 |
 |     7 |                0.717031 |               19.511408 |
 |     8 |                0.782717 |               21.298807 |
 |     9 |                0.787357 |               21.425064 |
 |    10 |                0.787357 |               21.425064 |
 |    11 |                0.795151 |               21.637167 |
 |    12 |                0.795151 |               21.637167 |
 |    13 |                0.841512 |               22.898696 |
 |    14 |                0.856018 |               23.293428 |
 |    15 |                0.856018 |               23.293428 |
 |    16 |                0.902590 |               24.560724 |
 |    17 |                0.902590 |               24.560724 |
 |    18 |                0.905834 |               24.648998 |
 |    19 |                0.907289 |               24.688586 |
 |    20 |                0.911916 |               24.814499 |
 -------------------------------------------------------------

 -------------------------------------------------------------
 Excitation n.   1:   7.653914 eV  f = 0.0000  <S**2> = 2.0000
 -------------------------------------------------------------
  9 ->  10 =   0.683081
  9 ->  11 =  -0.150871
  9 ->  17 =   0.072063

 -------------------------------------------------------------
 Excitation n.   2:   7.653914 eV  f = 0.0000  <S**2> = 2.0000
 -------------------------------------------------------------
  8 ->  10 =   0.683081
  8 ->  11 =  -0.150871
  8 ->  17 =   0.072063

 -------------------------------------------------------------
 Excitation n.   3:   9.765737 eV  f = 0.0000  <S**2> = 2.0000
 -------------------------------------------------------------
  7 ->  10 =   0.672231
  7 ->  11 =  -0.194841
  7 ->  12 =  -0.071198
  7 ->  17 =   0.093602
  7 <-  10 =   0.077999

 -------------------------------------------------------------
 Excitation n.   4:  16.267963 eV  f = 0.0000  <S**2> = 2.0000
 -------------------------------------------------------------
  8 ->  10 =   0.118851
  8 ->  11 =   0.543342
  9 ->  10 =   0.089607
  9 ->  11 =   0.409649

 -------------------------------------------------------------
 Excitation n.   5:  16.267963 eV  f = 0.0000  <S**2> = 2.0000
 -------------------------------------------------------------
  8 ->  10 =   0.089607
  8 ->  11 =   0.409649
  9 ->  10 =  -0.118851
  9 ->  11 =  -0.543342

 -------------------------------------------------------------
 Excitation n.   6:  18.421667 eV  f = 0.0000  <S**2> = 2.0000
 -------------------------------------------------------------
  6 ->  10 =  -0.118673
  7 ->  10 =   0.173631
  7 ->  11 =   0.657012
  8 ->  13 =  -0.073947
  9 ->  14 =  -0.073947

 -------------------------------------------------------------
 Excitation n.   7:  19.511408 eV  f = 0.0000  <S**2> = 2.0000
 -------------------------------------------------------------
  6 ->  10 =  -0.211296
  6 ->  17 =  -0.085415
  7 ->  10 =  -0.075125
  7 ->  11 =  -0.121843
  7 ->  12 =  -0.156046
  8 ->  13 =  -0.432553
  8 ->  14 =  -0.098701
  9 ->  13 =   0.098701
  9 ->  14 =  -0.432553

 -------------------------------------------------------------
 Excitation n.   8:  21.298807 eV  f = 0.0000  <S**2> = 2.0000
 -------------------------------------------------------------
  6 ->  10 =   0.256736
  6 ->  11 =  -0.106514
  6 ->  12 =  -0.083406
  7 ->  11 =   0.083202
  7 ->  12 =  -0.089053
  8 ->  13 =  -0.115061
  8 ->  15 =  -0.400082
  8 ->  16 =  -0.150633
  9 ->  14 =  -0.115061
  9 ->  15 =  -0.150633
  9 ->  16 =   0.400082

 -------------------------------------------------------------
 Excitation n.   9:  21.425064 eV  f = 0.0000  <S**2> = 2.0000
 -------------------------------------------------------------
  7 ->  13 =   0.112793
  8 ->  12 =   0.685683

 -------------------------------------------------------------
 Excitation n.  10:  21.425064 eV  f = 0.0000  <S**2> = 2.0000
 -------------------------------------------------------------
  7 ->  14 =   0.112793
  9 ->  12 =   0.685683

Thomas-Reiche-Kuhn sum rule =   0.000000


 -------------------------------------------------------------------------------
              Tr@RPAx correlation energy (singlet) =       -0.0770526042
              Tr@RPAx correlation energy (triplet) =       -0.1429238556
              Tr@RPAx correlation energy           =       -0.2199764599
              Tr@RPAx total energy                 =     -460.3097109448
 -------------------------------------------------------------------------------

                                       Total CPU time for RPAx =      0.023 seconds


 ************************************************
 |          One-shot G0W0 calculation           |
 ************************************************


 -------------------------------------------------------------
   RPA@HF       calculation: singlet        manifold
 -------------------------------------------------------------
 | State |  Excitation energy (au) |  Excitation energy (eV) |
 -------------------------------------------------------------
 |     1 |                0.637172 |               17.338331 |
 |     2 |                0.637172 |               17.338331 |
 |     3 |                0.837492 |               22.789313 |
 |     4 |                0.994930 |               27.073431 |
 |     5 |                0.994930 |               27.073431 |
 |     6 |                1.219155 |               33.174886 |
 |     7 |                1.219155 |               33.174886 |
 |     8 |                1.222444 |               33.264388 |
 |     9 |                1.228505 |               33.429318 |
 |    10 |                1.260267 |               34.293623 |
 |    11 |                1.260267 |               34.293623 |
 |    12 |                1.277284 |               34.756655 |
 |    13 |                1.342978 |               36.544306 |
 |    14 |                1.350961 |               36.761523 |
 |    15 |                1.389617 |               37.813393 |
 |    16 |                1.389617 |               37.813393 |
 |    17 |                1.391751 |               37.871469 |
 |    18 |                1.391751 |               37.871469 |
 |    19 |                1.401669 |               38.141366 |
 |    20 |                1.401669 |               38.141366 |
 -------------------------------------------------------------

  *** Quasiparticle energies obtained by linearization *** 

 -------------------------------------------------------------------------------
   One-shot G0W0 calculation
 -------------------------------------------------------------------------------
 |   # |       e_HF (eV) |      Sig_c (eV) |               Z |       e_QP (eV) |
 -------------------------------------------------------------------------------
 |   1 |    -2853.032774 |       15.108907 |        0.832017 |    -2840.461905 |
 |   2 |     -287.611881 |        3.984369 |        0.549632 |     -285.421944 |
 |   3 |     -218.736181 |        7.983746 |        0.877765 |     -211.728326 |
 |   4 |     -218.633102 |        8.083117 |        0.875304 |     -211.557918 |
 |   5 |     -218.633102 |        8.083117 |        0.875304 |     -211.557918 |
 |   6 |      -30.303208 |        0.159278 |        0.039312 |      -30.296947 |
 |   7 |      -16.893489 |        0.359203 |        0.954160 |      -16.550752 |
 |   8 |      -12.833605 |        0.475758 |        0.957917 |      -12.377868 |
 |   9 |      -12.833605 |        0.475758 |        0.957917 |      -12.377868 |
 |  10 |        4.028857 |       -0.487487 |        0.980670 |        3.550794 |
 |  11 |       13.431233 |       -0.769840 |        0.970968 |       12.683743 |
 |  12 |       19.655169 |       -1.117518 |        0.961828 |       18.580309 |
 |  13 |       20.430783 |       -0.771581 |        0.961120 |       19.689201 |
 |  14 |       20.430783 |       -0.771581 |        0.961120 |       19.689201 |
 |  15 |       23.927919 |       -1.106888 |        0.958589 |       22.866868 |
 |  16 |       23.927919 |       -1.106888 |        0.958589 |       22.866868 |
 |  17 |       24.433961 |       -1.336288 |        0.947811 |       23.167413 |
 |  18 |       26.694776 |       -1.063497 |        0.959978 |       25.673843 |
 |  19 |       26.694776 |       -1.063497 |        0.959978 |       25.673843 |
 |  20 |       36.382107 |        5.297894 |        0.017323 |       36.473881 |
 |  21 |       46.459204 |       -8.391488 |        0.042309 |       46.104171 |
 |  22 |       46.459204 |       -8.391488 |        0.042309 |       46.104171 |
 |  23 |       65.942260 |       -4.359317 |        0.051511 |       65.717705 |
 |  24 |       87.942330 |        0.250724 |        0.426378 |       88.049233 |
 -------------------------------------------------------------------------------
          G0W0 HOMO      energy:     -12.377868 eV
          G0W0 LUMO      energy:       3.550794 eV
          G0W0 HOMO-LUMO gap   :      15.928662 eV
 -------------------------------------------------------------------------------
    RPA@G0W0 total energy      :    -460.278267 au
    RPA@G0W0 correlation energy:      -0.188533 au
    GM@G0W0  total energy      :    -460.421931 au
    GM@G0W0  correlation energy:      -0.332197 au
 -------------------------------------------------------------------------------


 -------------------------------------------------------------
   BSE@GW       calculation: singlet        manifold
 -------------------------------------------------------------
 | State |  Excitation energy (au) |  Excitation energy (eV) |
 -------------------------------------------------------------
 |     1 |                0.307753 |                8.374376 |
 |     2 |                0.307753 |                8.374376 |
 |     3 |                0.494185 |               13.447459 |
 |     4 |                0.616722 |               16.781862 |
 |     5 |                0.616722 |               16.781862 |
 |     6 |                0.801713 |               21.815714 |
 |     7 |                0.817403 |               22.242680 |
 |     8 |                0.817403 |               22.242680 |
 |     9 |                0.847388 |               23.058601 |
 |    10 |                0.851811 |               23.178967 |
 |    11 |                0.851811 |               23.178967 |
 |    12 |                0.915781 |               24.919683 |
 |    13 |                0.921680 |               25.080178 |
 |    14 |                0.925201 |               25.176010 |
 |    15 |                0.925201 |               25.176010 |
 |    16 |                0.969907 |               26.392521 |
 |    17 |                0.997519 |               27.143872 |
 |    18 |                0.997519 |               27.143872 |
 |    19 |                1.007110 |               27.404869 |
 |    20 |                1.007110 |               27.404869 |
 -------------------------------------------------------------

 ---------------------------------------------------------------
                 Transition dipole moment (au)                  
 ---------------------------------------------------------------
  #           X           Y           Z   dip. str.   osc. str.
 ---------------------------------------------------------------
  1    0.160596    0.060763   -0.000000    0.029483    0.006049
  2    0.060763   -0.160596    0.000000    0.029483    0.006049
  3    0.000000    0.000000   -1.374388    1.888941    0.622324
  4   -0.514878   -0.196841   -0.000000    0.303846    0.124926
  5   -0.196841    0.514878   -0.000000    0.303846    0.124926
  6    0.000000    0.000000    0.225409    0.050809    0.027156
  7   -0.454010   -0.293348    0.000000    0.292178    0.159218
  8    0.293348   -0.454010    0.000000    0.292178    0.159218
  9   -0.000000    0.000000   -0.000000    0.000000    0.000000
 10   -0.000000   -0.000000   -0.000000    0.000000    0.000000
 ---------------------------------------------------------------

 -------------------------------------------------------------
 Excitation n.   1:   8.374376 eV  f = 0.0060  <S**2> = 0.0000
 -------------------------------------------------------------
  8 ->  10 =   0.692051
  8 ->  11 =  -0.074262
  9 ->  10 =   0.113877

 -------------------------------------------------------------
 Excitation n.   2:   8.374376 eV  f = 0.0060  <S**2> = 0.0000
 -------------------------------------------------------------
  8 ->  10 =   0.113877
  9 ->  10 =  -0.692051
  9 ->  11 =   0.074262

 -------------------------------------------------------------
 Excitation n.   3:  13.447459 eV  f = 0.6223  <S**2> = 0.0000
 -------------------------------------------------------------
  7 ->  10 =   0.703973

 -------------------------------------------------------------
 Excitation n.   4:  16.781862 eV  f = 0.1249  <S**2> = 0.0000
 -------------------------------------------------------------
  8 ->  10 =  -0.074940
  8 ->  11 =  -0.689545
  9 ->  11 =  -0.115907

 -------------------------------------------------------------
 Excitation n.   5:  16.781862 eV  f = 0.1249  <S**2> = 0.0000
 -------------------------------------------------------------
  8 ->  11 =  -0.115907
  9 ->  10 =   0.074940
  9 ->  11 =   0.689545

 -------------------------------------------------------------
 Excitation n.   6:  21.815714 eV  f = 0.0272  <S**2> = 0.0000
 -------------------------------------------------------------
  7 ->  11 =   0.668604
  8 ->  15 =  -0.146765
  9 ->  16 =   0.146765

 -------------------------------------------------------------
 Excitation n.   7:  22.242680 eV  f = 0.1592  <S**2> = 0.0000
 -------------------------------------------------------------
  8 ->  12 =  -0.656435
  9 ->  12 =  -0.258408

 -------------------------------------------------------------
 Excitation n.   8:  22.242680 eV  f = 0.1592  <S**2> = 0.0000
 -------------------------------------------------------------
  8 ->  12 =   0.258408
  9 ->  12 =  -0.656435

 -------------------------------------------------------------
 Excitation n.   9:  23.058601 eV  f = 0.0000  <S**2> = 0.0000
 -------------------------------------------------------------
  8 ->  13 =  -0.111180
  8 ->  14 =   0.487242
  9 ->  13 =  -0.487242
  9 ->  14 =  -0.111180

 -------------------------------------------------------------
 Excitation n.  10:  23.178967 eV  f = 0.0000  <S**2> = 0.0000
 -------------------------------------------------------------
  8 ->  14 =   0.499778
  9 ->  13 =   0.499778

Thomas-Reiche-Kuhn sum rule =   1.229866


 *** dynamical TDA activated ***

 ---------------------------------------------------------------------------------------------------
  First-order dynamical correction to static Bethe-Salpeter excitation energies                     
 ---------------------------------------------------------------------------------------------------
  BSE neutral excitation must be lower than the GW gap =  15.928662 eV
 ---------------------------------------------------------------------------------------------------
      #          Static (eV)         Dynamic (eV)      Correction (eV)         Renorm. (eV)
 ---------------------------------------------------------------------------------------------------
      1            8.374376            8.279701           -0.094676            1.008449
      2            8.374376            8.279701           -0.094676            1.008449
      3           13.447459           13.350442           -0.097017            1.011022
      4           16.781862           16.661571           -0.120290            1.009764
      5           16.781862           16.661571           -0.120290            1.009764
      6           21.815714           21.636009           -0.179705            1.017788
      7           22.242680           22.022616           -0.220064            1.019903
      8           22.242680           22.022616           -0.220064            1.019903
      9           23.058601           22.829892           -0.228710            1.020854
     10           23.178967           22.941340           -0.237628            1.022226
 ---------------------------------------------------------------------------------------------------


 -------------------------------------------------------------
   BSE@GW       calculation: triplet        manifold
 -------------------------------------------------------------
 | State |  Excitation energy (au) |  Excitation energy (eV) |
 -------------------------------------------------------------
 |     1 |                0.278212 |                7.570543 |
 |     2 |                0.278212 |                7.570543 |
 |     3 |                0.383736 |               10.441995 |
 |     4 |                0.582102 |               15.839797 |
 |     5 |                0.582102 |               15.839797 |
 |     6 |                0.684620 |               18.629471 |
 |     7 |                0.755707 |               20.563834 |
 |     8 |                0.783688 |               21.325223 |
 |     9 |                0.783688 |               21.325223 |
 |    10 |                0.809069 |               22.015896 |
 |    11 |                0.809069 |               22.015896 |
 |    12 |                0.824161 |               22.426559 |
 |    13 |                0.847388 |               23.058601 |
 |    14 |                0.874175 |               23.787511 |
 |    15 |                0.874175 |               23.787511 |
 |    16 |                0.911990 |               24.816502 |
 |    17 |                0.915781 |               24.919683 |
 |    18 |                0.934621 |               25.432321 |
 |    19 |                0.934621 |               25.432321 |
 |    20 |                0.934682 |               25.434004 |
 -------------------------------------------------------------

 -------------------------------------------------------------
 Excitation n.   1:   7.570543 eV  f = 0.0000  <S**2> = 2.0000
 -------------------------------------------------------------
  8 ->  10 =  -0.679372
  8 ->  11 =   0.116185
  9 ->  10 =   0.143920

 -------------------------------------------------------------
 Excitation n.   2:   7.570543 eV  f = 0.0000  <S**2> = 2.0000
 -------------------------------------------------------------
  8 ->  10 =  -0.143920
  9 ->  10 =  -0.679372
  9 ->  11 =   0.116185

 -------------------------------------------------------------
 Excitation n.   3:  10.441995 eV  f = 0.0000  <S**2> = 2.0000
 -------------------------------------------------------------
  7 ->  10 =   0.686700
  7 ->  11 =  -0.147995

 -------------------------------------------------------------
 Excitation n.   4:  15.839797 eV  f = 0.0000  <S**2> = 2.0000
 -------------------------------------------------------------
  8 ->  10 =  -0.115030
  8 ->  11 =  -0.679428
  9 ->  11 =   0.131017

 -------------------------------------------------------------
 Excitation n.   5:  15.839797 eV  f = 0.0000  <S**2> = 2.0000
 -------------------------------------------------------------
  8 ->  11 =   0.131017
  9 ->  10 =   0.115030
  9 ->  11 =   0.679428

 -------------------------------------------------------------
 Excitation n.   6:  18.629471 eV  f = 0.0000  <S**2> = 2.0000
 -------------------------------------------------------------
  7 ->  10 =   0.144722
  7 ->  11 =   0.685112

 -------------------------------------------------------------
 Excitation n.   7:  20.563834 eV  f = 0.0000  <S**2> = 2.0000
 -------------------------------------------------------------
  6 ->  10 =  -0.138316
  7 ->  12 =  -0.138858
  8 ->  13 =  -0.465462
  8 ->  14 =  -0.106210
  9 ->  13 =   0.106210
  9 ->  14 =  -0.465462

 -------------------------------------------------------------
 Excitation n.   8:  21.325223 eV  f = 0.0000  <S**2> = 2.0000
 -------------------------------------------------------------
  7 ->  13 =   0.073448
  8 ->  12 =   0.699284

 -------------------------------------------------------------
 Excitation n.   9:  21.325223 eV  f = 0.0000  <S**2> = 2.0000
 -------------------------------------------------------------
  7 ->  14 =  -0.073448
  9 ->  12 =  -0.699284

 -------------------------------------------------------------
 Excitation n.  10:  22.015896 eV  f = 0.0000  <S**2> = 2.0000
 -------------------------------------------------------------
  8 ->  13 =   0.497896
  9 ->  14 =  -0.497896

Thomas-Reiche-Kuhn sum rule =   0.000000


 *** dynamical TDA activated ***

 ---------------------------------------------------------------------------------------------------
  First-order dynamical correction to static Bethe-Salpeter excitation energies                     
 ---------------------------------------------------------------------------------------------------
  BSE neutral excitation must be lower than the GW gap =  15.928662 eV
 ---------------------------------------------------------------------------------------------------
      #          Static (eV)         Dynamic (eV)      Correction (eV)         Renorm. (eV)
 ---------------------------------------------------------------------------------------------------
      1            7.570543            7.428156           -0.142388            1.009646
      2            7.570543            7.428156           -0.142388            1.009646
      3           10.441995           10.184370           -0.257625            1.014750
      4           15.839797           15.695356           -0.144441            1.009467
      5           15.839797           15.695356           -0.144441            1.009467
      6           18.629471           18.379484           -0.249987            1.015260
      7           20.563834           20.136539           -0.427296            1.027243
      8           21.325223           21.062484           -0.262739            1.020006
      9           21.325223           21.062484           -0.262739            1.020006
     10           22.015896           21.735621           -0.280275            1.021829
 ---------------------------------------------------------------------------------------------------


 -------------------------------------------------------------------------------
          Tr@BSE@G0W0 correlation energy (singlet) =       -0.1576625519
          Tr@BSE@G0W0 correlation energy (triplet) =       -0.0374054537
          Tr@BSE@G0W0 correlation energy           =       -0.1950680057
          Tr@BSE@G0W0 total energy                 =     -460.2848024906
 -------------------------------------------------------------------------------

                                       Total CPU time for G0W0 =      0.433 seconds


 ************************************************
 |          One-shot G0T0 calculation           |
 ************************************************


 -------------------------------------------------------------
   pp-RPA (N+2) calculation: alpha-beta     manifold
 -------------------------------------------------------------
 | State |  Excitation energy (au) |  Excitation energy (eV) |
 -------------------------------------------------------------
 |     1 |                0.623657 |               16.970583 |
 |     2 |                0.928420 |               25.263608 |
 |     3 |                0.997105 |               27.132608 |
 |     4 |                1.099945 |               29.931038 |
 |     5 |                1.141583 |               31.064045 |
 |     6 |                1.153801 |               31.396532 |
 |     7 |                1.153801 |               31.396532 |
 |     8 |                1.173118 |               31.922155 |
 |     9 |                1.173118 |               31.922155 |
 |    10 |                1.327303 |               36.117748 |
 |    11 |                1.333361 |               36.282594 |
 |    12 |                1.333361 |               36.282594 |
 |    13 |                1.353781 |               36.838256 |
 |    14 |                1.353781 |               36.838256 |
 |    15 |                1.383586 |               37.649297 |
 |    16 |                1.402720 |               38.169953 |
 |    17 |                1.415543 |               38.518898 |
 |    18 |                1.415543 |               38.518898 |
 |    19 |                1.422839 |               38.717416 |
 |    20 |                1.422839 |               38.717416 |
 -------------------------------------------------------------


 -------------------------------------------------------------
   pp-RPA (N-2) calculation: alpha-beta     manifold
 -------------------------------------------------------------
 | State |  Excitation energy (au) |  Excitation energy (eV) |
 -------------------------------------------------------------
 |     1 |             -220.028141 |            -5987.270691 |
 |     2 |             -118.536705 |            -3225.548036 |
 |     3 |             -118.067393 |            -3212.777399 |
 |     4 |             -116.198622 |            -3161.925560 |
 |     5 |             -116.198622 |            -3161.925560 |
 |     6 |             -116.194652 |            -3161.817523 |
 |     7 |             -115.886754 |            -3153.439202 |
 |     8 |             -115.886754 |            -3153.439202 |
 |     9 |             -115.884806 |            -3153.386186 |
 |    10 |             -106.762366 |            -2905.151960 |
 |    11 |             -106.734057 |            -2904.381639 |
 |    12 |             -106.106562 |            -2887.306619 |
 |    13 |             -106.096628 |            -2887.036288 |
 |    14 |             -106.024832 |            -2885.082633 |
 |    15 |             -106.024832 |            -2885.082633 |
 |    16 |             -106.011812 |            -2884.728333 |
 |    17 |             -106.011812 |            -2884.728333 |
 |    18 |              -23.312581 |             -634.367651 |
 |    19 |              -21.169947 |             -576.063613 |
 |    20 |              -21.168737 |             -576.030686 |
 -------------------------------------------------------------


 -------------------------------------------------------------
   pp-RPA (N+2) calculation: alpha-alpha    manifold
 -------------------------------------------------------------
 | State |  Excitation energy (au) |  Excitation energy (eV) |
 -------------------------------------------------------------
 |     1 |                0.928420 |               25.263608 |
 |     2 |                1.099945 |               29.931038 |
 |     3 |                1.153801 |               31.396532 |
 |     4 |                1.153801 |               31.396532 |
 |     5 |                1.327303 |               36.117748 |
 |     6 |                1.333361 |               36.282594 |
 |     7 |                1.333361 |               36.282594 |
 |     8 |                1.415543 |               38.518898 |
 |     9 |                1.415543 |               38.518898 |
 |    10 |                1.507898 |               41.032002 |
 |    11 |                1.553868 |               42.282897 |
 |    12 |                1.553868 |               42.282897 |
 |    13 |                1.731506 |               47.116668 |
 |    14 |                1.764854 |               48.024123 |
 |    15 |                1.764854 |               48.024123 |
 |    16 |                1.786122 |               48.602845 |
 |    17 |                1.786122 |               48.602845 |
 |    18 |                1.794859 |               48.840599 |
 |    19 |                1.833200 |               49.883909 |
 |    20 |                1.833200 |               49.883909 |
 -------------------------------------------------------------


 -------------------------------------------------------------
   pp-RPA (N-2) calculation: alpha-alpha    manifold
 -------------------------------------------------------------
 | State |  Excitation energy (au) |  Excitation energy (eV) |
 -------------------------------------------------------------
 |     1 |             -118.067393 |            -3212.777399 |
 |     2 |             -115.886754 |            -3153.439202 |
 |     3 |             -115.886754 |            -3153.439202 |
 |     4 |             -115.884806 |            -3153.386186 |
 |     5 |             -106.734057 |            -2904.381639 |
 |     6 |             -106.096628 |            -2887.036288 |
 |     7 |             -106.011812 |            -2884.728333 |
 |     8 |             -106.011812 |            -2884.728333 |
 |     9 |              -20.322802 |             -553.011617 |
 |    10 |              -20.320446 |             -552.947493 |
 |    11 |              -20.320446 |             -552.947493 |
 |    12 |              -18.128097 |             -493.290632 |
 |    13 |              -18.128097 |             -493.290632 |
 |    14 |              -18.126244 |             -493.240215 |
 |    15 |              -12.389690 |             -337.140645 |
 |    16 |              -11.787801 |             -320.762415 |
 |    17 |              -11.692367 |             -318.165520 |
 |    18 |              -11.692367 |             -318.165520 |
 |    19 |               -9.880004 |             -268.848595 |
 |    20 |               -9.874841 |             -268.708119 |
 -------------------------------------------------------------

 -------------------------------------------------------------------------------
   One-shot G0T0 calculation (T-matrix self-energy)  
 -------------------------------------------------------------------------------
 |   # |       e_HF (eV) |    Sigma_T (eV) |               Z |       e_QP (eV) |
 -------------------------------------------------------------------------------
 |   1 |    -2853.032774 |       14.397407 |        0.843504 |    -2840.888502 |
 |   2 |     -287.611881 |        4.544596 |        0.014915 |     -287.544100 |
 |   3 |     -218.736181 |        8.247430 |        0.881330 |     -211.467476 |
 |   4 |     -218.633102 |        8.313352 |        0.880945 |     -211.309492 |
 |   5 |     -218.633102 |        8.313352 |        0.880945 |     -211.309492 |
 |   6 |      -30.303208 |        2.362676 |        0.929036 |      -28.108196 |
 |   7 |      -16.893489 |        0.575489 |        0.967913 |      -16.336466 |
 |   8 |      -12.833605 |        0.630587 |        0.968166 |      -12.223092 |
 |   9 |      -12.833605 |        0.630587 |        0.968166 |      -12.223092 |
 |  10 |        4.028857 |       -0.629930 |        0.984278 |        3.408832 |
 |  11 |       13.431233 |       -0.772329 |        0.978583 |       12.675444 |
 |  12 |       19.655169 |       -1.191345 |        0.967897 |       18.502070 |
 |  13 |       20.430783 |       -0.774142 |        0.977115 |       19.674358 |
 |  14 |       20.430783 |       -0.774142 |        0.977115 |       19.674358 |
 |  15 |       23.927919 |       -1.225456 |        0.966745 |       22.743215 |
 |  16 |       23.927919 |       -1.225456 |        0.966745 |       22.743215 |
 |  17 |       24.433961 |       -1.292428 |        0.967163 |       23.183973 |
 |  18 |       26.694776 |       -1.187766 |        0.965571 |       25.547903 |
 |  19 |       26.694776 |       -1.187766 |        0.965571 |       25.547903 |
 |  20 |       36.382107 |       -1.997761 |        0.825117 |       34.733721 |
 |  21 |       46.459204 |       -2.268449 |        0.877007 |       44.469758 |
 |  22 |       46.459204 |       -2.268449 |        0.877007 |       44.469758 |
 |  23 |       65.942260 |      -17.547081 |        0.004578 |       65.861932 |
 |  24 |       87.942330 |       -1.055636 |        0.214382 |       87.716021 |
 -------------------------------------------------------------------------------
             G0T0 HOMO      energy (eV)            =     -12.223092 eV
             G0T0 LUMO      energy (eV)            =       3.408832 eV
             G0T0 HOMO-LUMO gap    (eV)            =      15.631924 eV
 -------------------------------------------------------------------------------
        Tr@ppRPA@G0T0 correlation energy (singlet) =       -0.0710129532 au
        Tr@ppRPA@G0T0 correlation energy (triplet) =       -0.0466746461 au
        Tr@ppRPA@G0T0 correlation energy           =       -0.1176875993 au
        Tr@ppRPA@G0T0 total energy                 =     -460.2074220842 au
              GM@G0T0 correlation energy           =       -0.1973484753 au
              GM@G0T0 total energy                 =     -460.2870829602 au
 -------------------------------------------------------------------------------


 -------------------------------------------------------------
   BSE@GT       calculation: singlet        manifold
 -------------------------------------------------------------
 | State |  Excitation energy (au) |  Excitation energy (eV) |
 -------------------------------------------------------------
 |     1 |                0.279075 |                7.594030 |
 |     2 |                0.279075 |                7.594030 |
 |     3 |                0.471480 |               12.829630 |
 |     4 |                0.591010 |               16.082193 |
 |     5 |                0.591010 |               16.082193 |
 |     6 |                0.748500 |               20.367735 |
 |     7 |                0.771017 |               20.980453 |
 |     8 |                0.771017 |               20.980453 |
 |     9 |                0.798993 |               21.741715 |
 |    10 |                0.798993 |               21.741715 |
 |    11 |                0.803227 |               21.856933 |
 |    12 |                0.848050 |               23.076627 |
 |    13 |                0.849733 |               23.122423 |
 |    14 |                0.849733 |               23.122423 |
 |    15 |                0.852570 |               23.199614 |
 |    16 |                0.893568 |               24.315214 |
 |    17 |                0.935354 |               25.452284 |
 |    18 |                0.935354 |               25.452284 |
 |    19 |                0.956178 |               26.018927 |
 |    20 |                0.956178 |               26.018927 |
 -------------------------------------------------------------

 ---------------------------------------------------------------
                 Transition dipole moment (au)                  
 ---------------------------------------------------------------
  #           X           Y           Z   dip. str.   osc. str.
 ---------------------------------------------------------------
  1    0.138719    0.035073    0.000000    0.020473    0.003809
  2    0.035073   -0.138719    0.000000    0.020473    0.003809
  3   -0.000000    0.000000    1.456469    2.121301    0.666768
  4   -0.553741    0.112018   -0.000000    0.319178    0.125758
  5   -0.112018   -0.553741    0.000000    0.319178    0.125758
  6   -0.000000    0.000000   -0.167635    0.028102    0.014023
  7   -0.064201    0.492836   -0.000000    0.247009    0.126966
  8   -0.492836   -0.064201    0.000000    0.247009    0.126966
  9    0.000000   -0.000000   -0.000000    0.000000    0.000000
 10   -0.000000   -0.000000   -0.000000    0.000000    0.000000
 ---------------------------------------------------------------

 -------------------------------------------------------------
 Excitation n.   1:   7.594030 eV  f = 0.0038  <S**2> = 0.0000
 -------------------------------------------------------------
  8 ->  10 =   0.694623
  8 ->  11 =  -0.102117

 -------------------------------------------------------------
 Excitation n.   2:   7.594030 eV  f = 0.0038  <S**2> = 0.0000
 -------------------------------------------------------------
  9 ->  10 =  -0.694623
  9 ->  11 =   0.102117

 -------------------------------------------------------------
 Excitation n.   3:  12.829630 eV  f = 0.6668  <S**2> = 0.0000
 -------------------------------------------------------------
  7 ->  10 =  -0.695928

 -------------------------------------------------------------
 Excitation n.   4:  16.082193 eV  f = 0.1258  <S**2> = 0.0000
 -------------------------------------------------------------
  8 ->  10 =  -0.095348
  8 ->  11 =  -0.637322
  9 ->  11 =   0.268122

 -------------------------------------------------------------
 Excitation n.   5:  16.082193 eV  f = 0.1258  <S**2> = 0.0000
 -------------------------------------------------------------
  8 ->  11 =  -0.268122
  9 ->  10 =  -0.095348
  9 ->  11 =  -0.637322

 -------------------------------------------------------------
 Excitation n.   6:  20.367735 eV  f = 0.0140  <S**2> = 0.0000
 -------------------------------------------------------------
  7 ->  11 =  -0.655444
  8 ->  15 =   0.164807
  9 ->  16 =  -0.164807

 -------------------------------------------------------------
 Excitation n.   7:  20.980453 eV  f = 0.1270  <S**2> = 0.0000
 -------------------------------------------------------------
  9 ->  12 =   0.700853

 -------------------------------------------------------------
 Excitation n.   8:  20.980453 eV  f = 0.1270  <S**2> = 0.0000
 -------------------------------------------------------------
  8 ->  12 =  -0.700853

 -------------------------------------------------------------
 Excitation n.   9:  21.741715 eV  f = 0.0000  <S**2> = 0.0000
 -------------------------------------------------------------
  8 ->  14 =   0.497158
  9 ->  13 =   0.497158

 -------------------------------------------------------------
 Excitation n.  10:  21.741715 eV  f = 0.0000  <S**2> = 0.0000
 -------------------------------------------------------------
  8 ->  13 =   0.497158
  9 ->  14 =  -0.497158

Thomas-Reiche-Kuhn sum rule =   1.193856


 *** dynamical TDA activated ***

 ---------------------------------------------------------------------------------------------------
  First-order dynamical correction to static Bethe-Salpeter excitation energies                     
 ---------------------------------------------------------------------------------------------------
  BSE neutral excitation must be lower than the GT gap =  15.631924 eV
 ---------------------------------------------------------------------------------------------------
      #          Static (eV)         Dynamic (eV)      Correction (eV)         Renorm. (eV)
 ---------------------------------------------------------------------------------------------------
      1            7.594030            7.572020           -0.022010            1.001452
      2            7.594030            7.572020           -0.022010            1.001452
      3           12.829630           12.762782           -0.066849            1.004042
      4           16.082193           16.065702           -0.016491            1.001838
      5           16.082193           16.065702           -0.016491            1.001838
      6           20.367735           20.396815            0.029080            0.998052
      7           20.980453           20.948542           -0.031911            1.003037
      8           20.980453           20.948542           -0.031911            1.003037
      9           21.741715           21.700234           -0.041481            1.002616
     10           21.741715           21.700234           -0.041481            1.002616
 ---------------------------------------------------------------------------------------------------


 -------------------------------------------------------------
   BSE@GT       calculation: triplet        manifold
 -------------------------------------------------------------
 | State |  Excitation energy (au) |  Excitation energy (eV) |
 -------------------------------------------------------------
 |     1 |                0.250450 |                6.815093 |
 |     2 |                0.250450 |                6.815093 |
 |     3 |                0.346309 |                9.423545 |
 |     4 |                0.555163 |               15.106761 |
 |     5 |                0.555163 |               15.106761 |
 |     6 |                0.648684 |               17.651589 |
 |     7 |                0.689384 |               18.759089 |
 |     8 |                0.738133 |               20.085611 |
 |     9 |                0.738133 |               20.085611 |
 |    10 |                0.740251 |               20.143247 |
 |    11 |                0.763016 |               20.762710 |
 |    12 |                0.763016 |               20.762710 |
 |    13 |                0.802712 |               21.842914 |
 |    14 |                0.805832 |               21.927803 |
 |    15 |                0.805832 |               21.927803 |
 |    16 |                0.825069 |               22.451262 |
 |    17 |                0.844998 |               22.993572 |
 |    18 |                0.852693 |               23.202947 |
 |    19 |                0.852693 |               23.202947 |
 |    20 |                0.870849 |               23.697018 |
 -------------------------------------------------------------

 -------------------------------------------------------------
 Excitation n.   1:   6.815093 eV  f = 0.0000  <S**2> = 2.0000
 -------------------------------------------------------------
  8 ->  10 =  -0.683897
  8 ->  11 =   0.143635

 -------------------------------------------------------------
 Excitation n.   2:   6.815093 eV  f = 0.0000  <S**2> = 2.0000
 -------------------------------------------------------------
  9 ->  10 =  -0.683897
  9 ->  11 =   0.143635

 -------------------------------------------------------------
 Excitation n.   3:   9.423545 eV  f = 0.0000  <S**2> = 2.0000
 -------------------------------------------------------------
  7 ->  10 =  -0.674893
  7 ->  11 =   0.166521
  7 ->  17 =  -0.084521

 -------------------------------------------------------------
 Excitation n.   4:  15.106761 eV  f = 0.0000  <S**2> = 2.0000
 -------------------------------------------------------------
  8 ->  11 =  -0.107846
  9 ->  10 =   0.140354
  9 ->  11 =   0.672990
  9 ->  17 =   0.076395

 -------------------------------------------------------------
 Excitation n.   5:  15.106761 eV  f = 0.0000  <S**2> = 2.0000
 -------------------------------------------------------------
  8 ->  10 =   0.140354
  8 ->  11 =   0.672990
  8 ->  17 =   0.076395
  9 ->  11 =   0.107846

 -------------------------------------------------------------
 Excitation n.   6:  17.651589 eV  f = 0.0000  <S**2> = 2.0000
 -------------------------------------------------------------
  6 ->  10 =  -0.177529
  7 ->  10 =   0.140304
  7 ->  11 =   0.641691
  8 ->  13 =  -0.081768
  8 ->  15 =   0.081386
  9 ->  14 =  -0.081768
  9 ->  16 =  -0.081386

 -------------------------------------------------------------
 Excitation n.   7:  18.759089 eV  f = 0.0000  <S**2> = 2.0000
 -------------------------------------------------------------
  6 ->  10 =  -0.271449
  6 ->  17 =  -0.091287
  7 ->  10 =  -0.084937
  7 ->  11 =  -0.179837
  7 ->  12 =  -0.158975
  8 ->  13 =  -0.399182
  8 ->  14 =  -0.091086
  9 ->  13 =   0.091086
  9 ->  14 =  -0.399182

 -------------------------------------------------------------
 Excitation n.   8:  20.085611 eV  f = 0.0000  <S**2> = 2.0000
 -------------------------------------------------------------
  7 ->  13 =  -0.092004
  8 ->  12 =  -0.692879

 -------------------------------------------------------------
 Excitation n.   9:  20.085611 eV  f = 0.0000  <S**2> = 2.0000
 -------------------------------------------------------------
  7 ->  14 =   0.092004
  9 ->  12 =   0.692879

 -------------------------------------------------------------
 Excitation n.  10:  20.143247 eV  f = 0.0000  <S**2> = 2.0000
 -------------------------------------------------------------
  6 ->  10 =   0.267472
  6 ->  11 =  -0.120219
  6 ->  12 =  -0.084469
  7 ->  11 =   0.126138
  7 ->  12 =  -0.072738
  8 ->  13 =  -0.180690
  8 ->  15 =  -0.367590
  8 ->  16 =  -0.138399
  9 ->  14 =  -0.180690
  9 ->  15 =  -0.138399
  9 ->  16 =   0.367590

Thomas-Reiche-Kuhn sum rule =   0.000000


 *** dynamical TDA activated ***

 ---------------------------------------------------------------------------------------------------
  First-order dynamical correction to static Bethe-Salpeter excitation energies                     
 ---------------------------------------------------------------------------------------------------
  BSE neutral excitation must be lower than the GT gap =  15.631924 eV
 ---------------------------------------------------------------------------------------------------
      #          Static (eV)         Dynamic (eV)      Correction (eV)         Renorm. (eV)
 ---------------------------------------------------------------------------------------------------
      1            6.815093            6.759780           -0.055313            1.003778
      2            6.815093            6.759780           -0.055313            1.003778
      3            9.423545            9.296660           -0.126885            1.004292
      4           15.106761           15.084854           -0.021907            1.001856
      5           15.106761           15.084854           -0.021907            1.001856
      6           17.651589           17.544054           -0.107536            1.006301
      7           18.759089           18.626679           -0.132409            1.007946
      8           20.085611           20.026669           -0.058942            1.004468
      9           20.085611           20.026669           -0.058942            1.004468
     10           20.143247           20.045412           -0.097835            1.007726
 ---------------------------------------------------------------------------------------------------


 -------------------------------------------------------------------------------
          Tr@BSE@G0T0 correlation energy (singlet) =       -0.0488226099 au
          Tr@BSE@G0T0 correlation energy (triplet) =       -0.0246981220 au
          Tr@BSE@G0T0 correlation energy           =       -0.0735207319 au
          Tr@BSE@G0T0 total energy                 =     -460.1632552168 au
 -------------------------------------------------------------------------------

                                       Total CPU time for G0T0 =      1.046 seconds

                                      Total CPU time for QuAcK =      4.138 seconds

