45 significant shell pairs computed in 0.000069 seconds
0
Computed Electron repulsion integrals Integrals in parallel in 0.158592 seconds

 ******************************************************************************************
 *            QuAcK                       QuAcK                         QuAcK             *
 *   __        __        __       __        __        __       __        __        __     *
 * <(o )___  <(o )___  <(o )___ <(o )___  <(o )___  <(o )___ <(o )___  <(o )___  <(o )___ *
 * ( ._> /   ( ._> /   ( ._> /  ( ._> /   ( ._> /   ( ._> /  ( ._> /   ( ._> /   ( ._> /  *
 *|--------------------------------------------------------------------------------------|*
 ******************************************************************************************

      ----------------------
             Number of atoms                2
      ----------------------

      ----------------------
Number of spin-up   electron                5
Number of spin-down electron                5
    Total number of electron               10
      ----------------------

      ----------------------
Number of core      electron                0
Number of Rydberg   electron                0
      ----------------------

          ------------------
          Molecular geometry
          ------------------
                    Atom n.                 1
                        Z =      1.0000000000
           Atom coordinates:     0.0000000000    0.0000000000    0.0000000000
                    Atom n.                 2
                        Z =      9.0000000000
           Atom coordinates:     0.0000000000    0.0000000000    1.7328788570

          ------------------
 Nuclear repulsion energy =      5.1936694615
          ------------------

          Gaussian basis set
          ------------------
                    Atom n.                 1
           number of shells                 3
          ------------------
      s-type shell with K =                 4
                                    Exponents     Contraction
                                13.0100000000    0.0196850000
                                 1.9620000000    0.1379770000
                                 0.4446000000    0.4781480000
                                 0.1220000000    0.5012400000
      s-type shell with K =                 1
                                    Exponents     Contraction
                                 0.1220000000    1.0000000000
      p-type shell with K =                 1
                                    Exponents     Contraction
                                 0.7270000000    1.0000000000
          ------------------
                    Atom n.                 2
           number of shells                 6
          ------------------
      s-type shell with K =                 9
                                    Exponents     Contraction
                             14710.0000000000    0.0007210000
                              2207.0000000000    0.0055530000
                               502.8000000000    0.0282670000
                               142.6000000000    0.1064440000
                                46.4700000000    0.2868140000
                                16.7000000000    0.4486410000
                                 6.3560000000    0.2647610000
                                 1.3160000000    0.0153330000
                                 0.3897000000   -0.0023320000
      s-type shell with K =                 9
                                    Exponents     Contraction
                             14710.0000000000   -0.0001650000
                              2207.0000000000   -0.0013080000
                               502.8000000000   -0.0064950000
                               142.6000000000   -0.0266910000
                                46.4700000000   -0.0736900000
                                16.7000000000   -0.1707760000
                                 6.3560000000   -0.1123270000
                                 1.3160000000    0.5628140000
                                 0.3897000000    0.5687780000
      s-type shell with K =                 1
                                    Exponents     Contraction
                                 0.3897000000    1.0000000000
      p-type shell with K =                 4
                                    Exponents     Contraction
                                22.6700000000    0.0448780000
                                 4.9770000000    0.2357180000
                                 1.3470000000    0.5085210000
                                 0.3471000000    0.4581200000
      p-type shell with K =                 1
                                    Exponents     Contraction
                                 0.3471000000    1.0000000000
      d-type shell with K =                 1
                                    Exponents     Contraction
                                 1.6400000000    1.0000000000
          ------------------
            Number of shells                9
          ------------------

          ------------------
   Number of basis functions               20
          ------------------

 Scaling integrals by    1.0000000000000000     

                          Total CPU time for reading integrals =      0.009 seconds


 ************************************************
 |    Restricted Hartree-Fock calculation       |
 ************************************************


 ----------------------------------------------------
 | RHF calculation                                  |
 ----------------------------------------------------
 |   # |        HF energy |       Conv |     HL Gap |
 ----------------------------------------------------
 |   1 |  -103.5486461983 |   0.555010 |   0.983283 |
 |   2 |   -98.0028037147 |   0.274794 |   0.620094 |
 |   3 |  -101.1263410299 |   0.159188 |   0.898414 |
 |   4 |   -99.3993429108 |   0.084140 |   0.755476 |
 |   5 |  -100.3639547502 |   0.047505 |   0.839772 |
 |   6 |   -99.8274913784 |   0.025219 |   0.794365 |
 |   7 |  -100.1266624024 |   0.014448 |   0.820294 |
 |   8 |   -99.9602119867 |   0.007772 |   0.806104 |
 |   9 |  -100.0529779378 |   0.004437 |   0.814109 |
 |  10 |  -100.0013477096 |   0.002428 |   0.809692 |
 |  11 |  -100.0301127102 |   0.001369 |   0.812169 |
 |  12 |  -100.0140992697 |   0.000756 |   0.810797 |
 |  13 |  -100.0230191820 |   0.000424 |   0.811564 |
 |  14 |  -100.0180527466 |   0.000235 |   0.811138 |
 |  15 |  -100.0208188714 |   0.000131 |   0.811375 |
 |  16 |  -100.0192786158 |   0.000073 |   0.811243 |
 |  17 |  -100.0201364280 |   0.000041 |   0.811317 |
 |  18 |  -100.0196587516 |   0.000023 |   0.811276 |
 |  19 |  -100.0199247738 |   0.000013 |   0.811299 |
 |  20 |  -100.0197766344 |   0.000007 |   0.811286 |
 |  21 |  -100.0198591330 |   0.000004 |   0.811293 |
 |  22 |  -100.0198131914 |   0.000002 |   0.811289 |
 |  23 |  -100.0198387759 |   0.000001 |   0.811291 |
 |  24 |  -100.0198245284 |   0.000001 |   0.811290 |
 |  25 |  -100.0198324627 |   0.000000 |   0.811291 |
 |  26 |  -100.0198280442 |   0.000000 |   0.811290 |
 |  27 |  -100.0198305048 |   0.000000 |   0.811291 |
 |  28 |  -100.0198291346 |   0.000000 |   0.811290 |
 ----------------------------------------------------

         -----------------------------------------
           Summary              
         -----------------------------------------
           One-electron energy:   -150.6890628052 au
           Kinetic      energy:     99.9839802749 au
           Potential    energy:   -250.6730430801 au
         -----------------------------------------
           Two-electron energy:     45.4755642092 au
           Hartree      energy:     55.9314200766 au
           Exchange     energy:    -10.4558558673 au
         -----------------------------------------
           Electronic   energy:   -105.2134985960 au
           Nuclear   repulsion:      5.1936694615 au
           RHF          energy:   -100.0198291346 au
         -----------------------------------------
           HF HOMO      energy:        -17.123238 eV
           HF LUMO      energy:          4.953098 eV
           HF HOMO-LUMO gap   :         22.076336 eV
         -----------------------------------------
          Dipole moment (Debye)    
                   X         Y         Z      Tot.
           -0.000000  0.000000 -1.946666  1.946666
         -----------------------------------------

           ---------------------------------------
                 MO coefficients
           ---------------------------------------
                 1              2              3              4              5
      1    -0.00010998    -0.29748743     0.66173275     0.00000000     0.00000000
      2    -0.00027961     0.14309719    -0.28862677     0.00000000     0.00000000
      3     0.00000000     0.00000000     0.00000000     0.00644830    -0.03337822
      4     0.00000000     0.00000000     0.00000000     0.03337822     0.00644830
      5     0.00033176    -0.04529109     0.05713201     0.00000000     0.00000000
      6    -1.00045529     0.00415331     0.00311644     0.00000000     0.00000000
      7    -0.00343704    -0.93474595    -0.23149539     0.00000000     0.00000000
      8     0.00103228     0.05320906    -0.17156084     0.00000000     0.00000000
      9     0.00000000     0.00000000     0.00000000     0.18207967    -0.94249565
     10     0.00000000     0.00000000     0.00000000     0.94249565     0.18207967
     11     0.00152141     0.09047998    -0.80328233     0.00000000     0.00000000
     12     0.00000000     0.00000000     0.00000000     0.00672327    -0.03480152
     13     0.00000000     0.00000000     0.00000000     0.03480152     0.00672327
     14    -0.00108849    -0.04892319     0.07021251     0.00000000     0.00000000
     15     0.00104870     0.00146450    -0.00172183     0.00000000     0.00000000
     16     0.00000000     0.00000000     0.00000000     0.00000000     0.00000000
     17     0.00000000     0.00000000     0.00000000    -0.00232428     0.01203115
     18     0.00104870     0.00146450    -0.00172183     0.00000000     0.00000000
     19     0.00000000     0.00000000     0.00000000    -0.01203115    -0.00232428
     20     0.00109909    -0.00669537     0.02536285     0.00000000     0.00000000
                 6              7              8              9             10
      1    -0.15668765    -2.17103080     1.78550321     0.00000000     0.00000000
      2    -1.19566294     1.99505113    -0.81040700     0.00000000     0.00000000
      3     0.00000000     0.00000000     0.00000000    -0.43455347    -0.01232142
      4     0.00000000     0.00000000     0.00000000     0.01232142    -0.43455347
      5    -0.01793670     0.32756699     0.50401995     0.00000000     0.00000000
      6    -0.03472839     0.02698350    -0.07044903     0.00000000     0.00000000
      7     0.15080979     0.23497693    -0.48309222     0.00000000     0.00000000
      8     0.62911631    -0.27042080    -0.15088482     0.00000000     0.00000000
      9     0.00000000     0.00000000     0.00000000     1.22854043     0.03483430
     10     0.00000000     0.00000000     0.00000000    -0.03483430     1.22854043
     11    -0.31448064    -0.53543157    -0.92054685     0.00000000     0.00000000
     12     0.00000000     0.00000000     0.00000000    -1.31637427    -0.03732476
     13     0.00000000     0.00000000     0.00000000     0.03732476    -1.31637427
     14    -0.19770170     0.05003977     1.99885500     0.00000000     0.00000000
     15    -0.02675015     0.03630317    -0.05745260     0.00000000     0.00000000
     16     0.00000000     0.00000000     0.00000000     0.00000000     0.00000000
     17     0.00000000     0.00000000     0.00000000     0.02178587     0.00061772
     18    -0.02675015     0.03630317    -0.05745260     0.00000000     0.00000000
     19     0.00000000     0.00000000     0.00000000    -0.00061772     0.02178587
     20    -0.01433052    -0.07469236    -0.03031987     0.00000000     0.00000000
                11             12             13             14             15
      1     0.00000000     0.00000000    -1.24958017     1.37191011     0.00000000
      2     0.00000000     0.00000000     0.05424180    -0.39057381     0.00000000
      3     0.94125374     0.27735032     0.00000000     0.00000000     0.00000000
      4     0.27735032    -0.94125374     0.00000000     0.00000000     0.00000000
      5     0.00000000     0.00000000    -0.29578943     1.42118965     0.00000000
      6     0.00000000     0.00000000    -0.64021328    -0.02508998     0.00000000
      7     0.00000000     0.00000000    -2.61135522    -0.25314009     0.00000000
      8     0.00000000     0.00000000     4.13485046    -0.91181348     0.00000000
      9     0.54040077     0.15923477     0.00000000     0.00000000     0.00000000
     10     0.15923477    -0.54040077     0.00000000     0.00000000     0.00000000
     11     0.00000000     0.00000000     0.14227947     1.09804133     0.00000000
     12    -1.07205955    -0.31589363     0.00000000     0.00000000     0.00000000
     13    -0.31589363     1.07205955     0.00000000     0.00000000     0.00000000
     14     0.00000000     0.00000000    -0.87214600    -0.18645358     0.00000000
     15     0.00000000     0.00000000    -0.21740751    -0.06900186    -0.00003918
     16     0.00000000     0.00000000     0.00000000     0.00000000    -1.00000000
     17    -0.07563207    -0.02228579     0.00000000     0.00000000     0.00000000
     18     0.00000000     0.00000000    -0.21740751    -0.06900186     0.00003918
     19    -0.02228579     0.07563207     0.00000000     0.00000000     0.00000000
     20     0.00000000     0.00000000    -0.31657367     0.05583174     0.00000000
                16             17             18             19             20
      1     0.00000000     0.00000000     0.00000000     2.42153141    -0.00208968
      2     0.00000000     0.00000000     0.00000000    -1.06369556     0.23047456
      3     0.00000000    -0.00306041    -0.39469863     0.00000000     0.00000000
      4     0.00000000    -0.39469863     0.00306041     0.00000000     0.00000000
      5     0.00000000     0.00000000     0.00000000     0.94057802    -0.08727375
      6     0.00000000     0.00000000     0.00000000     0.15535680    -0.49854889
      7     0.00000000     0.00000000     0.00000000     0.48741845    -3.89478912
      8     0.00000000     0.00000000     0.00000000    -1.76209819     0.85896098
      9     0.00000000    -0.00034666    -0.04470854     0.00000000     0.00000000
     10     0.00000000    -0.04470854     0.00034666     0.00000000     0.00000000
     11     0.00000000     0.00000000     0.00000000     0.30639233    -0.09076915
     12     0.00000000     0.00154848     0.19970614     0.00000000     0.00000000
     13     0.00000000     0.19970614    -0.00154848     0.00000000     0.00000000
     14     0.00000000     0.00000000     0.00000000     0.83224942     0.14127658
     15    -0.86602540     0.00000000     0.00000000     0.61072853     1.43843230
     16     0.00004524     0.00000000     0.00000000     0.00000000     0.00000000
     17     0.00000000    -0.00802819    -1.03539017     0.00000000     0.00000000
     18     0.86602540     0.00000000     0.00000000     0.61072853     1.43843230
     19     0.00000000    -1.03539017     0.00802819     0.00000000     0.00000000
     20     0.00000000     0.00000000     0.00000000    -1.13955865     1.43733659

           ---------------------------------------
                     MO energies
           ---------------------------------------
                 1
      1   -26.27916529
      2    -1.58370676
      3    -0.74756033
      4    -0.62926741
      5    -0.62926741
      6     0.18202300
      7     0.81008715
      8     1.40976029
      9     1.41168162
     10     1.41168162
     11     1.60396641
     12     1.60396641
     13     1.95789433
     14     2.49609741
     15     4.00397723
     16     4.00397723
     17     4.27999194
     18     4.27999194
     19     5.05495482
     20     7.91493304

                                        Total CPU time for RHF =      0.097 seconds


 AO to MO transformation... Please be patient

                    Total CPU time for AO to MO transformation =      0.227 seconds


 ************************************************
 |      Configuration Interaction Singles       |
 ************************************************


 -------------------------------------------------------------
   CIS          calculation: singlet        manifold
 -------------------------------------------------------------
 | State |  Excitation energy (au) |  Excitation energy (eV) |
 -------------------------------------------------------------
 |     1 |                0.438329 |               11.927542 |
 |     2 |                0.438329 |               11.927542 |
 |     3 |                0.603997 |               16.435595 |
 |     4 |                0.970909 |               26.419791 |
 |     5 |                0.970909 |               26.419791 |
 |     6 |                1.168220 |               31.788879 |
 |     7 |                1.404444 |               38.216870 |
 |     8 |                1.409067 |               38.342658 |
 |     9 |                1.420234 |               38.646538 |
 |    10 |                1.420234 |               38.646538 |
 |    11 |                1.479151 |               40.249747 |
 |    12 |                1.479151 |               40.249747 |
 |    13 |                1.569857 |               42.717996 |
 |    14 |                1.569857 |               42.717996 |
 |    15 |                1.596764 |               43.450150 |
 |    16 |                1.747312 |               47.546788 |
 |    17 |                1.747312 |               47.546788 |
 |    18 |                1.750432 |               47.631693 |
 |    19 |                1.804364 |               49.099239 |
 |    20 |                1.896323 |               51.601576 |
 -------------------------------------------------------------

 ---------------------------------------------------------------
                 Transition dipole moment (au)                  
 ---------------------------------------------------------------
  #           X           Y           Z   dip. str.   osc. str.
 ---------------------------------------------------------------
  1   -0.047606   -0.260459    0.000000    0.070105    0.020486
  2    0.260459   -0.047606    0.000000    0.070105    0.020486
  3    0.000000    0.000000    0.840352    0.706192    0.284359
  4   -0.287283    0.058227   -0.000000    0.085922    0.055615
  5    0.058227    0.287283    0.000000    0.085922    0.055615
  6    0.000000    0.000000   -0.585424    0.342722    0.266916
  7   -0.000000   -0.000000    0.000000    0.000000    0.000000
  8    0.000000    0.000000   -0.137807    0.018991    0.017840
  9    0.000000    0.000000   -0.000000    0.000000    0.000000
 10    0.000000    0.000000   -0.000000    0.000000    0.000000
 ---------------------------------------------------------------

 -------------------------------------------------------------
 Excitation n.   1:  11.927542 eV  f = 0.0205  <S**2> = 0.0000
 -------------------------------------------------------------
  4 ->   6 =   0.693048
  4 ->   7 =   0.130839

 -------------------------------------------------------------
 Excitation n.   2:  11.927542 eV  f = 0.0205  <S**2> = 0.0000
 -------------------------------------------------------------
  5 ->   6 =   0.693048
  5 ->   7 =   0.130839

 -------------------------------------------------------------
 Excitation n.   3:  16.435595 eV  f = 0.2844  <S**2> = 0.0000
 -------------------------------------------------------------
  3 ->   6 =   0.700822

 -------------------------------------------------------------
 Excitation n.   4:  26.419791 eV  f = 0.0556  <S**2> = 0.0000
 -------------------------------------------------------------
  5 ->   6 =  -0.134093
  5 ->   7 =   0.689498

 -------------------------------------------------------------
 Excitation n.   5:  26.419791 eV  f = 0.0556  <S**2> = 0.0000
 -------------------------------------------------------------
  4 ->   6 =  -0.134093
  4 ->   7 =   0.689498

 -------------------------------------------------------------
 Excitation n.   6:  31.788879 eV  f = 0.2669  <S**2> = 0.0000
 -------------------------------------------------------------
  3 ->   7 =  -0.674649
  4 ->  10 =   0.133881
  5 ->   9 =  -0.133881

 -------------------------------------------------------------
 Excitation n.   7:  38.216870 eV  f = 0.0000  <S**2> = 0.0000
 -------------------------------------------------------------
  4 ->   9 =  -0.484505
  4 ->  10 =   0.079428
  4 ->  11 =  -0.083955
  5 ->   9 =  -0.079428
  5 ->  10 =  -0.484505
  5 ->  12 =   0.083955

 -------------------------------------------------------------
 Excitation n.   8:  38.342658 eV  f = 0.0178  <S**2> = 0.0000
 -------------------------------------------------------------
  2 ->   6 =   0.685559
  2 ->   7 =   0.114199

 -------------------------------------------------------------
 Excitation n.   9:  38.646538 eV  f = 0.0000  <S**2> = 0.0000
 -------------------------------------------------------------
  4 ->   9 =   0.488029
  4 ->  11 =   0.089393
  5 ->  10 =  -0.488029
  5 ->  12 =   0.089393

 -------------------------------------------------------------
 Excitation n.  10:  38.646538 eV  f = 0.0000  <S**2> = 0.0000
 -------------------------------------------------------------
  4 ->  10 =   0.488029
  4 ->  12 =  -0.089393
  5 ->   9 =   0.488029
  5 ->  11 =   0.089393

Thomas-Reiche-Kuhn sum rule =   0.721317

 ---------------------------------------------------------------------------------------------------
  CIS(D) correction 
 ---------------------------------------------------------------------------------------------------
      #             CIS (eV)          CIS(D) (eV)      Correction (eV)
 ---------------------------------------------------------------------------------------------------
      1           11.927542           10.497127           -1.430415
      2           11.927542           10.497127           -1.430415
      3           16.435595           15.441725           -0.993870
      4           26.419791           24.600865           -1.818927
      5           26.419791           24.600865           -1.818927
      6           31.788879           30.805391           -0.983487
      7           38.216870           39.318508            1.101638
      8           38.342658           34.780069           -3.562589
      9           38.646538           39.767648            1.121109
     10           38.646538           39.767648            1.121109
 ---------------------------------------------------------------------------------------------------


 -------------------------------------------------------------
   CIS          calculation: triplet        manifold
 -------------------------------------------------------------
 | State |  Excitation energy (au) |  Excitation energy (eV) |
 -------------------------------------------------------------
 |     1 |                0.406459 |               11.060308 |
 |     2 |                0.406459 |               11.060308 |
 |     3 |                0.496998 |               13.524015 |
 |     4 |                0.943390 |               25.670946 |
 |     5 |                0.943390 |               25.670946 |
 |     6 |                0.987709 |               26.876940 |
 |     7 |                1.227109 |               33.391345 |
 |     8 |                1.344534 |               36.586624 |
 |     9 |                1.344534 |               36.586624 |
 |    10 |                1.368016 |               37.225605 |
 |    11 |                1.404444 |               38.216870 |
 |    12 |                1.426403 |               38.814413 |
 |    13 |                1.426403 |               38.814413 |
 |    14 |                1.521456 |               41.400938 |
 |    15 |                1.521456 |               41.400938 |
 |    16 |                1.526429 |               41.536246 |
 |    17 |                1.701611 |               46.303207 |
 |    18 |                1.726436 |               46.978717 |
 |    19 |                1.726436 |               46.978717 |
 |    20 |                1.750432 |               47.631693 |
 -------------------------------------------------------------

 -------------------------------------------------------------
 Excitation n.   1:  11.060308 eV  f = 0.0000  <S**2> = 2.0000
 -------------------------------------------------------------
  4 ->   6 =  -0.650541
  4 ->   7 =  -0.146379
  5 ->   6 =  -0.220927

 -------------------------------------------------------------
 Excitation n.   2:  11.060308 eV  f = 0.0000  <S**2> = 2.0000
 -------------------------------------------------------------
  4 ->   6 =   0.220927
  5 ->   6 =  -0.650541
  5 ->   7 =  -0.146379

 -------------------------------------------------------------
 Excitation n.   3:  13.524015 eV  f = 0.0000  <S**2> = 2.0000
 -------------------------------------------------------------
  3 ->   6 =  -0.674283
  3 ->   7 =  -0.196739

 -------------------------------------------------------------
 Excitation n.   4:  25.670946 eV  f = 0.0000  <S**2> = 2.0000
 -------------------------------------------------------------
  4 ->   6 =  -0.157931
  4 ->   7 =   0.683508

 -------------------------------------------------------------
 Excitation n.   5:  25.670946 eV  f = 0.0000  <S**2> = 2.0000
 -------------------------------------------------------------
  5 ->   6 =  -0.157931
  5 ->   7 =   0.683508

 -------------------------------------------------------------
 Excitation n.   6:  26.876940 eV  f = 0.0000  <S**2> = 2.0000
 -------------------------------------------------------------
  2 ->   7 =  -0.077880
  3 ->   6 =  -0.205458
  3 ->   7 =   0.661198

 -------------------------------------------------------------
 Excitation n.   7:  33.391345 eV  f = 0.0000  <S**2> = 2.0000
 -------------------------------------------------------------
  2 ->   6 =   0.339795
  2 ->  13 =  -0.075601
  3 ->   7 =   0.111249
  3 ->   8 =  -0.111893
  4 ->  10 =  -0.396590
  4 ->  12 =   0.099226
  5 ->   9 =   0.396590
  5 ->  11 =   0.099226

 -------------------------------------------------------------
 Excitation n.   8:  36.586624 eV  f = 0.0000  <S**2> = 2.0000
 -------------------------------------------------------------
  4 ->   9 =  -0.266948
  4 ->  10 =   0.408350
  4 ->  12 =  -0.105210
  5 ->   9 =   0.408350
  5 ->  10 =   0.266948
  5 ->  11 =   0.105210

 -------------------------------------------------------------
 Excitation n.   9:  36.586624 eV  f = 0.0000  <S**2> = 2.0000
 -------------------------------------------------------------
  4 ->   9 =   0.408350
  4 ->  10 =   0.266948
  4 ->  11 =   0.105210
  5 ->   9 =   0.266948
  5 ->  10 =  -0.408350
  5 ->  12 =   0.105210

 -------------------------------------------------------------
 Excitation n.  10:  37.225605 eV  f = 0.0000  <S**2> = 2.0000
 -------------------------------------------------------------
  2 ->   6 =   0.580852
  2 ->   7 =   0.163599
  4 ->  10 =   0.241466
  5 ->   9 =  -0.241466

Thomas-Reiche-Kuhn sum rule =   0.000000

 ---------------------------------------------------------------------------------------------------
  CIS(D) correction 
 ---------------------------------------------------------------------------------------------------
      #             CIS (eV)          CIS(D) (eV)      Correction (eV)
 ---------------------------------------------------------------------------------------------------
      1           11.060308            9.912448           -1.147860
      2           11.060308            9.912448           -1.147860
      3           13.524015           13.578188            0.054174
      4           25.670946           24.060136           -1.610810
      5           25.670946           24.060136           -1.610810
      6           26.876940           26.478071           -0.398869
      7           33.391345           33.943117            0.551771
      8           36.586624           37.774589            1.187965
      9           36.586624           37.774589            1.187965
     10           37.225605           35.462396           -1.763208
 ---------------------------------------------------------------------------------------------------

                                        Total CPU time for CIS =      0.483 seconds


 ***********************************************************
 |  Random phase approximation calculation with exchange   |
 ***********************************************************


 -------------------------------------------------------------
   RPAx@HF      calculation: singlet        manifold
 -------------------------------------------------------------
 | State |  Excitation energy (au) |  Excitation energy (eV) |
 -------------------------------------------------------------
 |     1 |                0.435889 |               11.861151 |
 |     2 |                0.435889 |               11.861151 |
 |     3 |                0.598502 |               16.286058 |
 |     4 |                0.968446 |               26.352757 |
 |     5 |                0.968446 |               26.352757 |
 |     6 |                1.160927 |               31.590420 |
 |     7 |                1.399203 |               38.074261 |
 |     8 |                1.405906 |               38.256661 |
 |     9 |                1.417726 |               38.578282 |
 |    10 |                1.417726 |               38.578282 |
 |    11 |                1.477011 |               40.191530 |
 |    12 |                1.477011 |               40.191530 |
 |    13 |                1.564707 |               42.577842 |
 |    14 |                1.564707 |               42.577842 |
 |    15 |                1.589165 |               43.243393 |
 |    16 |                1.746907 |               47.535772 |
 |    17 |                1.746907 |               47.535772 |
 |    18 |                1.750031 |               47.620777 |
 |    19 |                1.788058 |               48.655533 |
 |    20 |                1.893431 |               51.522877 |
 -------------------------------------------------------------

 ---------------------------------------------------------------
                 Transition dipole moment (au)                  
 ---------------------------------------------------------------
  #           X           Y           Z   dip. str.   osc. str.
 ---------------------------------------------------------------
  1   -0.265195    0.051415   -0.000000    0.072972    0.021205
  2   -0.051415   -0.265195    0.000000    0.072972    0.021205
  3   -0.000000    0.000000    0.807870    0.652655    0.260410
  4    0.054623    0.274912   -0.000000    0.078561    0.050721
  5    0.274912   -0.054623    0.000000    0.078561    0.050721
  6   -0.000000   -0.000000   -0.538563    0.290050    0.224485
  7    0.000000   -0.000000   -0.000000    0.000000    0.000000
  8   -0.000000    0.000000   -0.144554    0.020896    0.019585
  9    0.000000   -0.000000    0.000000    0.000000    0.000000
 10   -0.000000    0.000000   -0.000000    0.000000    0.000000
 ---------------------------------------------------------------

 -------------------------------------------------------------
 Excitation n.   1:  11.861151 eV  f = 0.0212  <S**2> = 0.0000
 -------------------------------------------------------------
  5 ->   6 =  -0.692850
  5 ->   7 =  -0.134063

 -------------------------------------------------------------
 Excitation n.   2:  11.861151 eV  f = 0.0212  <S**2> = 0.0000
 -------------------------------------------------------------
  4 ->   6 =   0.692850
  4 ->   7 =   0.134063

 -------------------------------------------------------------
 Excitation n.   3:  16.286058 eV  f = 0.2604  <S**2> = 0.0000
 -------------------------------------------------------------
  3 ->   6 =   0.702049

 -------------------------------------------------------------
 Excitation n.   4:  26.352757 eV  f = 0.0507  <S**2> = 0.0000
 -------------------------------------------------------------
  4 ->   6 =  -0.136753
  4 ->   7 =   0.689248

 -------------------------------------------------------------
 Excitation n.   5:  26.352757 eV  f = 0.0507  <S**2> = 0.0000
 -------------------------------------------------------------
  5 ->   6 =   0.136753
  5 ->   7 =  -0.689248

 -------------------------------------------------------------
 Excitation n.   6:  31.590420 eV  f = 0.2245  <S**2> = 0.0000
 -------------------------------------------------------------
  3 ->   7 =  -0.680364
  4 ->  10 =   0.120330
  5 ->   9 =  -0.120330

 -------------------------------------------------------------
 Excitation n.   7:  38.074261 eV  f = 0.0000  <S**2> = 0.0000
 -------------------------------------------------------------
  4 ->   9 =   0.484718
  4 ->  10 =  -0.079463
  4 ->  11 =   0.085145
  5 ->   9 =   0.079463
  5 ->  10 =   0.484718
  5 ->  12 =  -0.085145

 -------------------------------------------------------------
 Excitation n.   8:  38.256661 eV  f = 0.0196  <S**2> = 0.0000
 -------------------------------------------------------------
  2 ->   6 =   0.687376
  2 ->   7 =   0.117190

 -------------------------------------------------------------
 Excitation n.   9:  38.578282 eV  f = 0.0000  <S**2> = 0.0000
 -------------------------------------------------------------
  4 ->   9 =   0.491735
  4 ->  11 =   0.087234
  5 ->  10 =  -0.491735
  5 ->  12 =   0.087234

 -------------------------------------------------------------
 Excitation n.  10:  38.578282 eV  f = 0.0000  <S**2> = 0.0000
 -------------------------------------------------------------
  4 ->  10 =  -0.491735
  4 ->  12 =   0.087234
  5 ->   9 =  -0.491735
  5 ->  11 =  -0.087234

Thomas-Reiche-Kuhn sum rule =   0.648332


 -------------------------------------------------------------
   RPAx@HF      calculation: triplet        manifold
 -------------------------------------------------------------
 | State |  Excitation energy (au) |  Excitation energy (eV) |
 -------------------------------------------------------------
 |     1 |                0.401050 |               10.913120 |
 |     2 |                0.401050 |               10.913120 |
 |     3 |                0.479607 |               13.050767 |
 |     4 |                0.939820 |               25.573802 |
 |     5 |                0.939820 |               25.573802 |
 |     6 |                0.974101 |               26.506647 |
 |     7 |                1.208064 |               32.873095 |
 |     8 |                1.334105 |               36.302841 |
 |     9 |                1.334105 |               36.302841 |
 |    10 |                1.362716 |               37.081398 |
 |    11 |                1.399203 |               38.074261 |
 |    12 |                1.420446 |               38.652312 |
 |    13 |                1.420446 |               38.652312 |
 |    14 |                1.514046 |               41.199290 |
 |    15 |                1.514046 |               41.199290 |
 |    16 |                1.520396 |               41.372069 |
 |    17 |                1.700155 |               46.263577 |
 |    18 |                1.725141 |               46.943473 |
 |    19 |                1.725141 |               46.943473 |
 |    20 |                1.750031 |               47.620777 |
 -------------------------------------------------------------

 -------------------------------------------------------------
 Excitation n.   1:  10.913120 eV  f = 0.0000  <S**2> = 2.0000
 -------------------------------------------------------------
  5 ->   6 =  -0.686565
  5 ->   7 =  -0.159871

 -------------------------------------------------------------
 Excitation n.   2:  10.913120 eV  f = 0.0000  <S**2> = 2.0000
 -------------------------------------------------------------
  4 ->   6 =  -0.686565
  4 ->   7 =  -0.159871

 -------------------------------------------------------------
 Excitation n.   3:  13.050767 eV  f = 0.0000  <S**2> = 2.0000
 -------------------------------------------------------------
  3 ->   6 =  -0.671310
  3 ->   7 =  -0.219197

 -------------------------------------------------------------
 Excitation n.   4:  25.573802 eV  f = 0.0000  <S**2> = 2.0000
 -------------------------------------------------------------
  4 ->   6 =  -0.162350
  4 ->   7 =   0.682508

 -------------------------------------------------------------
 Excitation n.   5:  25.573802 eV  f = 0.0000  <S**2> = 2.0000
 -------------------------------------------------------------
  5 ->   6 =  -0.162350
  5 ->   7 =   0.682508

 -------------------------------------------------------------
 Excitation n.   6:  26.506647 eV  f = 0.0000  <S**2> = 2.0000
 -------------------------------------------------------------
  2 ->   7 =  -0.081374
  3 ->   6 =  -0.223276
  3 ->   7 =   0.654529

 -------------------------------------------------------------
 Excitation n.   7:  32.873095 eV  f = 0.0000  <S**2> = 2.0000
 -------------------------------------------------------------
  2 ->   6 =   0.317764
  2 ->  13 =  -0.077583
  3 ->   7 =   0.127115
  3 ->   8 =  -0.114575
  4 ->  10 =  -0.404137
  4 ->  12 =   0.102913
  5 ->   9 =   0.404137
  5 ->  11 =   0.102913

 -------------------------------------------------------------
 Excitation n.   8:  36.302841 eV  f = 0.0000  <S**2> = 2.0000
 -------------------------------------------------------------
  4 ->   9 =  -0.446102
  4 ->  10 =   0.198834
  4 ->  11 =  -0.082251
  4 ->  12 =  -0.074230
  5 ->   9 =   0.198834
  5 ->  10 =   0.446102
  5 ->  11 =   0.074230
  5 ->  12 =  -0.082251

 -------------------------------------------------------------
 Excitation n.   9:  36.302841 eV  f = 0.0000  <S**2> = 2.0000
 -------------------------------------------------------------
  4 ->   9 =  -0.198834
  4 ->  10 =  -0.446102
  4 ->  11 =  -0.074230
  4 ->  12 =   0.082251
  5 ->   9 =  -0.446102
  5 ->  10 =   0.198834
  5 ->  11 =  -0.082251
  5 ->  12 =  -0.074230

 -------------------------------------------------------------
 Excitation n.  10:  37.081398 eV  f = 0.0000  <S**2> = 2.0000
 -------------------------------------------------------------
  2 ->   6 =  -0.590990
  2 ->   7 =  -0.169540
  4 ->  10 =  -0.226947
  5 ->   9 =   0.226947

Thomas-Reiche-Kuhn sum rule =   0.000000


 -------------------------------------------------------------------------------
              Tr@RPAx correlation energy (singlet) =       -0.0960058535
              Tr@RPAx correlation energy (triplet) =       -0.1714944733
              Tr@RPAx correlation energy           =       -0.2675003268
              Tr@RPAx total energy                 =     -100.2873294614
 -------------------------------------------------------------------------------

                                       Total CPU time for RPAx =      0.005 seconds


 ************************************************
 |          One-shot G0W0 calculation           |
 ************************************************


 -------------------------------------------------------------
   RPA@HF       calculation: singlet        manifold
 -------------------------------------------------------------
 | State |  Excitation energy (au) |  Excitation energy (eV) |
 -------------------------------------------------------------
 |     1 |                0.828104 |               22.533846 |
 |     2 |                0.828104 |               22.533846 |
 |     3 |                0.977424 |               26.597061 |
 |     4 |                1.466372 |               39.902025 |
 |     5 |                1.466372 |               39.902025 |
 |     6 |                1.721586 |               46.846728 |
 |     7 |                1.802700 |               49.053975 |
 |     8 |                2.040949 |               55.537052 |
 |     9 |                2.068295 |               56.281168 |
 |    10 |                2.068295 |               56.281168 |
 |    11 |                2.102335 |               57.207452 |
 |    12 |                2.102335 |               57.207452 |
 |    13 |                2.210200 |               60.142615 |
 |    14 |                2.218618 |               60.371675 |
 |    15 |                2.218618 |               60.371675 |
 |    16 |                2.233234 |               60.769387 |
 |    17 |                2.262813 |               61.574272 |
 |    18 |                2.262813 |               61.574272 |
 |    19 |                2.295046 |               62.451386 |
 |    20 |                2.433703 |               66.224420 |
 -------------------------------------------------------------

  *** Quasiparticle energies obtained by linearization *** 

 -------------------------------------------------------------------------------
   One-shot G0W0 calculation
 -------------------------------------------------------------------------------
 |   # |       e_HF (eV) |      Sig_c (eV) |               Z |       e_QP (eV) |
 -------------------------------------------------------------------------------
 |   1 |     -715.092511 |       17.138559 |        0.839924 |     -700.697430 |
 |   2 |      -43.094856 |        3.860372 |        0.878696 |      -39.702763 |
 |   3 |      -20.342153 |        0.864776 |        0.958960 |      -19.512867 |
 |   4 |      -17.123238 |        1.644498 |        0.955352 |      -15.552163 |
 |   5 |      -17.123238 |        1.644498 |        0.955352 |      -15.552163 |
 |   6 |        4.953098 |       -0.236060 |        0.992065 |        4.718911 |
 |   7 |       22.043594 |       -1.094336 |        0.973857 |       20.977867 |
 |   8 |       38.361532 |       -1.052119 |        0.975289 |       37.335412 |
 |   9 |       38.413813 |       -1.196653 |        0.970314 |       37.252684 |
 |  10 |       38.413813 |       -1.196653 |        0.970314 |       37.252684 |
 |  11 |       43.646149 |       -0.969551 |        0.876877 |       42.795972 |
 |  12 |       43.646149 |       -0.969551 |        0.876877 |       42.795972 |
 |  13 |       53.277018 |       -1.730108 |        0.610384 |       52.220988 |
 |  14 |       67.922270 |       -2.794869 |        0.195666 |       67.375410 |
 |  15 |      108.953770 |       -2.912053 |        0.738645 |      106.802796 |
 |  16 |      108.953770 |       -2.912053 |        0.738645 |      106.802796 |
 |  17 |      116.464513 |      -15.487499 |        0.017576 |      116.192297 |
 |  18 |      116.464513 |      -15.487499 |        0.017576 |      116.192297 |
 |  19 |      137.552327 |       -2.547816 |        0.525138 |      136.214372 |
 |  20 |      215.376298 |       -2.761156 |        0.763665 |      213.267701 |
 -------------------------------------------------------------------------------
          G0W0 HOMO      energy:     -15.552163 eV
          G0W0 LUMO      energy:       4.718911 eV
          G0W0 HOMO-LUMO gap   :      20.271075 eV
 -------------------------------------------------------------------------------
    RPA@G0W0 total energy      :    -100.259885 au
    RPA@G0W0 correlation energy:      -0.240056 au
    GM@G0W0  total energy      :    -100.438525 au
    GM@G0W0  correlation energy:      -0.418696 au
 -------------------------------------------------------------------------------


 -------------------------------------------------------------
   BSE@GW       calculation: singlet        manifold
 -------------------------------------------------------------
 | State |  Excitation energy (au) |  Excitation energy (eV) |
 -------------------------------------------------------------
 |     1 |                0.401555 |               10.926878 |
 |     2 |                0.401555 |               10.926878 |
 |     3 |                0.578915 |               15.753072 |
 |     4 |                0.908480 |               24.720999 |
 |     5 |                0.908480 |               24.720999 |
 |     6 |                1.129931 |               30.746999 |
 |     7 |                1.303334 |               35.465521 |
 |     8 |                1.425851 |               38.799382 |
 |     9 |                1.444352 |               39.302807 |
 |    10 |                1.444352 |               39.302807 |
 |    11 |                1.474956 |               40.135592 |
 |    12 |                1.474956 |               40.135592 |
 |    13 |                1.601545 |               43.580259 |
 |    14 |                1.601545 |               43.580259 |
 |    15 |                1.601768 |               43.586337 |
 |    16 |                1.680978 |               45.741752 |
 |    17 |                1.680978 |               45.741752 |
 |    18 |                1.682423 |               45.781071 |
 |    19 |                1.707947 |               46.475604 |
 |    20 |                1.791891 |               48.759837 |
 -------------------------------------------------------------

 ---------------------------------------------------------------
                 Transition dipole moment (au)                  
 ---------------------------------------------------------------
  #           X           Y           Z   dip. str.   osc. str.
 ---------------------------------------------------------------
  1    0.000474    0.270543   -0.000000    0.073194    0.019594
  2    0.270543   -0.000474   -0.000000    0.073194    0.019594
  3   -0.000000    0.000000    0.763508    0.582944    0.224983
  4    0.262002   -0.050871    0.000000    0.071233    0.043142
  5    0.050871    0.262002   -0.000000    0.071233    0.043142
  6   -0.000000    0.000000   -0.564310    0.318446    0.239881
  7    0.000000    0.000000    0.148885    0.022167    0.019261
  8    0.000000    0.000000   -0.000000    0.000000    0.000000
  9   -0.000000    0.000000    0.000000    0.000000    0.000000
 10    0.000000    0.000000    0.000000    0.000000    0.000000
 ---------------------------------------------------------------

 -------------------------------------------------------------
 Excitation n.   1:  10.926878 eV  f = 0.0196  <S**2> = 0.0000
 -------------------------------------------------------------
  4 ->   6 =  -0.687869
  4 ->   7 =  -0.094026
  5 ->   6 =  -0.131639

 -------------------------------------------------------------
 Excitation n.   2:  10.926878 eV  f = 0.0196  <S**2> = 0.0000
 -------------------------------------------------------------
  4 ->   6 =  -0.131639
  5 ->   6 =   0.687869
  5 ->   7 =   0.094026

 -------------------------------------------------------------
 Excitation n.   3:  15.753072 eV  f = 0.2250  <S**2> = 0.0000
 -------------------------------------------------------------
  3 ->   6 =   0.705562

 -------------------------------------------------------------
 Excitation n.   4:  24.720999 eV  f = 0.0431  <S**2> = 0.0000
 -------------------------------------------------------------
  5 ->   6 =   0.095742
  5 ->   7 =  -0.699788

 -------------------------------------------------------------
 Excitation n.   5:  24.720999 eV  f = 0.0431  <S**2> = 0.0000
 -------------------------------------------------------------
  4 ->   6 =  -0.095742
  4 ->   7 =   0.699788

 -------------------------------------------------------------
 Excitation n.   6:  30.746999 eV  f = 0.2399  <S**2> = 0.0000
 -------------------------------------------------------------
  3 ->   7 =  -0.690422
  4 ->  10 =   0.102268
  5 ->   9 =  -0.102268

 -------------------------------------------------------------
 Excitation n.   7:  35.465521 eV  f = 0.0193  <S**2> = 0.0000
 -------------------------------------------------------------
  2 ->   6 =  -0.696164
  2 ->   7 =  -0.077628

 -------------------------------------------------------------
 Excitation n.   8:  38.799382 eV  f = 0.0000  <S**2> = 0.0000
 -------------------------------------------------------------
  4 ->   9 =   0.492433
  4 ->  10 =  -0.080728
  5 ->   9 =   0.080728
  5 ->  10 =   0.492433

 -------------------------------------------------------------
 Excitation n.   9:  39.302807 eV  f = 0.0000  <S**2> = 0.0000
 -------------------------------------------------------------
  4 ->   9 =  -0.152815
  4 ->  10 =  -0.475657
  5 ->   9 =  -0.475657
  5 ->  10 =   0.152815

 -------------------------------------------------------------
 Excitation n.  10:  39.302807 eV  f = 0.0000  <S**2> = 0.0000
 -------------------------------------------------------------
  4 ->   9 =   0.475657
  4 ->  10 =  -0.152815
  5 ->   9 =  -0.152815
  5 ->  10 =  -0.475657

Thomas-Reiche-Kuhn sum rule =   0.609598


 *** dynamical TDA activated ***

 ---------------------------------------------------------------------------------------------------
  First-order dynamical correction to static Bethe-Salpeter excitation energies                     
 ---------------------------------------------------------------------------------------------------
  BSE neutral excitation must be lower than the GW gap =  20.271075 eV
 ---------------------------------------------------------------------------------------------------
      #          Static (eV)         Dynamic (eV)      Correction (eV)         Renorm. (eV)
 ---------------------------------------------------------------------------------------------------
      1           10.926878           10.837108           -0.089770            1.005570
      2           10.926878           10.837108           -0.089770            1.005570
      3           15.753072           15.697149           -0.055923            1.004297
      4           24.720999           24.596569           -0.124429            1.005875
      5           24.720999           24.596569           -0.124429            1.005875
      6           30.746999           30.615649           -0.131351            1.009307
      7           35.465521           35.376265           -0.089256            1.005569
      8           38.799382           38.289087           -0.510295            1.029867
      9           39.302807           38.812112           -0.490696            1.030184
     10           39.302807           38.812112           -0.490696            1.030184
 ---------------------------------------------------------------------------------------------------


 -------------------------------------------------------------
   BSE@GW       calculation: triplet        manifold
 -------------------------------------------------------------
 | State |  Excitation energy (au) |  Excitation energy (eV) |
 -------------------------------------------------------------
 |     1 |                0.373850 |               10.172969 |
 |     2 |                0.373850 |               10.172969 |
 |     3 |                0.489466 |               13.319056 |
 |     4 |                0.881143 |               23.977133 |
 |     5 |                0.881143 |               23.977133 |
 |     6 |                0.955718 |               26.006407 |
 |     7 |                1.212718 |               32.999729 |
 |     8 |                1.324732 |               36.047795 |
 |     9 |                1.370727 |               37.299392 |
 |    10 |                1.370727 |               37.299392 |
 |    11 |                1.425851 |               38.799382 |
 |    12 |                1.428495 |               38.871330 |
 |    13 |                1.428495 |               38.871330 |
 |    14 |                1.540647 |               41.923135 |
 |    15 |                1.540647 |               41.923135 |
 |    16 |                1.544313 |               42.022894 |
 |    17 |                1.631913 |               44.406627 |
 |    18 |                1.656238 |               45.068533 |
 |    19 |                1.656238 |               45.068533 |
 |    20 |                1.682423 |               45.781071 |
 -------------------------------------------------------------

 -------------------------------------------------------------
 Excitation n.   1:  10.172969 eV  f = 0.0000  <S**2> = 2.0000
 -------------------------------------------------------------
  4 ->   6 =  -0.696111
  4 ->   7 =  -0.119907

 -------------------------------------------------------------
 Excitation n.   2:  10.172969 eV  f = 0.0000  <S**2> = 2.0000
 -------------------------------------------------------------
  5 ->   6 =   0.696111
  5 ->   7 =   0.119907

 -------------------------------------------------------------
 Excitation n.   3:  13.319056 eV  f = 0.0000  <S**2> = 2.0000
 -------------------------------------------------------------
  3 ->   6 =   0.685485
  3 ->   7 =   0.168018

 -------------------------------------------------------------
 Excitation n.   4:  23.977133 eV  f = 0.0000  <S**2> = 2.0000
 -------------------------------------------------------------
  4 ->   6 =  -0.119846
  4 ->   7 =   0.695555

 -------------------------------------------------------------
 Excitation n.   5:  23.977133 eV  f = 0.0000  <S**2> = 2.0000
 -------------------------------------------------------------
  5 ->   6 =   0.119846
  5 ->   7 =  -0.695555

 -------------------------------------------------------------
 Excitation n.   6:  26.006407 eV  f = 0.0000  <S**2> = 2.0000
 -------------------------------------------------------------
  3 ->   6 =   0.171217
  3 ->   7 =  -0.678354

 -------------------------------------------------------------
 Excitation n.   7:  32.999729 eV  f = 0.0000  <S**2> = 2.0000
 -------------------------------------------------------------
  2 ->   6 =  -0.598175
  2 ->   7 =  -0.114917
  3 ->   7 =  -0.090148
  3 ->   8 =   0.079275
  4 ->  10 =   0.227142
  5 ->   9 =  -0.227142

 -------------------------------------------------------------
 Excitation n.   8:  36.047795 eV  f = 0.0000  <S**2> = 2.0000
 -------------------------------------------------------------
  2 ->   6 =   0.336607
  2 ->   7 =   0.077902
  3 ->   8 =   0.081944
  4 ->  10 =   0.419994
  5 ->   9 =  -0.419994

 -------------------------------------------------------------
 Excitation n.   9:  37.299392 eV  f = 0.0000  <S**2> = 2.0000
 -------------------------------------------------------------
  4 ->   9 =   0.487749
  4 ->  10 =  -0.094145
  5 ->   9 =  -0.094145
  5 ->  10 =  -0.487749

 -------------------------------------------------------------
 Excitation n.  10:  37.299392 eV  f = 0.0000  <S**2> = 2.0000
 -------------------------------------------------------------
  4 ->   9 =  -0.094145
  4 ->  10 =  -0.487749
  5 ->   9 =  -0.487749
  5 ->  10 =   0.094145

Thomas-Reiche-Kuhn sum rule =   0.000000


 *** dynamical TDA activated ***

 ---------------------------------------------------------------------------------------------------
  First-order dynamical correction to static Bethe-Salpeter excitation energies                     
 ---------------------------------------------------------------------------------------------------
  BSE neutral excitation must be lower than the GW gap =  20.271075 eV
 ---------------------------------------------------------------------------------------------------
      #          Static (eV)         Dynamic (eV)      Correction (eV)         Renorm. (eV)
 ---------------------------------------------------------------------------------------------------
      1           10.172969           10.044228           -0.128741            1.006393
      2           10.172969           10.044228           -0.128741            1.006393
      3           13.319056           13.153493           -0.165563            1.007458
      4           23.977133           23.833822           -0.143311            1.005562
      5           23.977133           23.833822           -0.143311            1.005562
      6           26.006407           25.780836           -0.225571            1.007642
      7           32.999729           32.631516           -0.368213            1.015522
      8           36.047795           35.500455           -0.547341            1.022887
      9           37.299392           36.702024           -0.597368            1.030554
     10           37.299392           36.702024           -0.597368            1.030554
 ---------------------------------------------------------------------------------------------------


 -------------------------------------------------------------------------------
          Tr@BSE@G0W0 correlation energy (singlet) =       -0.1959400771
          Tr@BSE@G0W0 correlation energy (triplet) =       -0.0422759277
          Tr@BSE@G0W0 correlation energy           =       -0.2382160048
          Tr@BSE@G0W0 total energy                 =     -100.2580451394
 -------------------------------------------------------------------------------

                                       Total CPU time for G0W0 =      0.072 seconds


 ************************************************
 |          One-shot G0T0 calculation           |
 ************************************************


 -------------------------------------------------------------
   pp-RPA (N+2) calculation: alpha-beta     manifold
 -------------------------------------------------------------
 | State |  Excitation energy (au) |  Excitation energy (eV) |
 -------------------------------------------------------------
 |     1 |                0.715461 |               19.468689 |
 |     2 |                1.354314 |               36.852759 |
 |     3 |                1.418903 |               38.610316 |
 |     4 |                1.872442 |               50.951756 |
 |     5 |                1.907323 |               51.900891 |
 |     6 |                1.928381 |               52.473927 |
 |     7 |                1.928381 |               52.473927 |
 |     8 |                1.962655 |               53.406552 |
 |     9 |                1.962655 |               53.406552 |
 |    10 |                2.151886 |               58.555789 |
 |    11 |                2.151886 |               58.555789 |
 |    12 |                2.182018 |               59.375746 |
 |    13 |                2.182018 |               59.375746 |
 |    14 |                2.340010 |               63.674915 |
 |    15 |                2.458716 |               66.905077 |
 |    16 |                2.501536 |               68.070260 |
 |    17 |                2.608457 |               70.979722 |
 |    18 |                2.654729 |               72.238860 |
 |    19 |                2.691525 |               73.240115 |
 |    20 |                2.691525 |               73.240115 |
 -------------------------------------------------------------


 -------------------------------------------------------------
   pp-RPA (N-2) calculation: alpha-beta     manifold
 -------------------------------------------------------------
 | State |  Excitation energy (au) |  Excitation energy (eV) |
 -------------------------------------------------------------
 |     1 |              -57.931248 |            -1576.389539 |
 |     2 |              -29.178998 |             -794.000978 |
 |     3 |              -29.028941 |             -789.917721 |
 |     4 |              -28.167294 |             -766.471122 |
 |     5 |              -28.167294 |             -766.471122 |
 |     6 |              -28.140187 |             -765.733491 |
 |     7 |              -28.090301 |             -764.376023 |
 |     8 |              -28.090301 |             -764.376023 |
 |     9 |              -28.080465 |             -764.108377 |
 |    10 |               -4.083183 |             -111.109067 |
 |    11 |               -3.290984 |              -89.552230 |
 |    12 |               -3.219514 |              -87.607445 |
 |    13 |               -3.219514 |              -87.607445 |
 |    14 |               -2.958936 |              -80.516746 |
 |    15 |               -2.894227 |              -78.755933 |
 |    16 |               -2.894227 |              -78.755933 |
 |    17 |               -2.272777 |              -61.845404 |
 |    18 |               -2.161051 |              -58.805197 |
 |    19 |               -2.161051 |              -58.805197 |
 |    20 |               -2.139531 |              -58.219605 |
 -------------------------------------------------------------


 -------------------------------------------------------------
   pp-RPA (N+2) calculation: alpha-alpha    manifold
 -------------------------------------------------------------
 | State |  Excitation energy (au) |  Excitation energy (eV) |
 -------------------------------------------------------------
 |     1 |                1.354314 |               36.852759 |
 |     2 |                1.872442 |               50.951756 |
 |     3 |                1.928381 |               52.473927 |
 |     4 |                1.928381 |               52.473927 |
 |     5 |                2.151886 |               58.555789 |
 |     6 |                2.151886 |               58.555789 |
 |     7 |                2.458716 |               66.905077 |
 |     8 |                2.608457 |               70.979722 |
 |     9 |                2.691525 |               73.240115 |
 |    10 |                2.691525 |               73.240115 |
 |    11 |                2.960704 |               80.564846 |
 |    12 |                2.960704 |               80.564846 |
 |    13 |                3.062521 |               83.335436 |
 |    14 |                3.215105 |               87.487476 |
 |    15 |                3.282589 |               89.323799 |
 |    16 |                3.282589 |               89.323799 |
 |    17 |                3.355341 |               91.303483 |
 |    18 |                3.433332 |               93.425713 |
 |    19 |                3.433332 |               93.425713 |
 |    20 |                3.438835 |               93.575473 |
 -------------------------------------------------------------


 -------------------------------------------------------------
   pp-RPA (N-2) calculation: alpha-alpha    manifold
 -------------------------------------------------------------
 | State |  Excitation energy (au) |  Excitation energy (eV) |
 -------------------------------------------------------------
 |     1 |              -29.028941 |             -789.917721 |
 |     2 |              -28.090301 |             -764.376023 |
 |     3 |              -28.090301 |             -764.376023 |
 |     4 |              -28.080465 |             -764.108377 |
 |     5 |               -2.958936 |              -80.516746 |
 |     6 |               -2.894227 |              -78.755933 |
 |     7 |               -2.894227 |              -78.755933 |
 |     8 |               -2.078802 |              -56.567072 |
 |     9 |               -2.078802 |              -56.567072 |
 |    10 |               -2.013945 |              -54.802237 |
 -------------------------------------------------------------

 -------------------------------------------------------------------------------
   One-shot G0T0 calculation (T-matrix self-energy)  
 -------------------------------------------------------------------------------
 |   # |       e_HF (eV) |    Sigma_T (eV) |               Z |       e_QP (eV) |
 -------------------------------------------------------------------------------
 |   1 |     -715.092511 |       20.128634 |        0.821220 |     -698.562479 |
 |   2 |      -43.094856 |        3.377140 |        0.947304 |      -39.895676 |
 |   3 |      -20.342153 |        1.329155 |        0.964748 |      -19.059852 |
 |   4 |      -17.123238 |        2.126555 |        0.956095 |      -15.090048 |
 |   5 |      -17.123238 |        2.126555 |        0.956095 |      -15.090048 |
 |   6 |        4.953098 |       -0.330771 |        0.993374 |        4.624518 |
 |   7 |       22.043594 |       -1.072776 |        0.981586 |       20.990572 |
 |   8 |       38.361532 |       -1.319811 |        0.951379 |       37.105891 |
 |   9 |       38.413813 |       -1.439796 |        0.968477 |       37.019403 |
 |  10 |       38.413813 |       -1.439796 |        0.968477 |       37.019403 |
 |  11 |       43.646149 |       -0.833773 |        0.985425 |       42.824528 |
 |  12 |       43.646149 |       -0.833773 |        0.985425 |       42.824528 |
 |  13 |       53.277018 |       -1.867549 |        0.936592 |       51.527887 |
 |  14 |       67.922270 |       -3.469967 |        0.630448 |       65.734637 |
 |  15 |      108.953770 |       -3.165009 |        0.902650 |      106.096874 |
 |  16 |      108.953770 |       -3.165009 |        0.902650 |      106.096874 |
 |  17 |      116.464513 |       -1.312898 |        0.168930 |      116.242725 |
 |  18 |      116.464513 |       -1.312898 |        0.168930 |      116.242725 |
 |  19 |      137.552327 |       -3.198466 |        0.329122 |      136.499641 |
 |  20 |      215.376298 |       -5.143991 |        0.558903 |      212.501306 |
 -------------------------------------------------------------------------------
             G0T0 HOMO      energy (eV)            =     -15.090048 eV
             G0T0 LUMO      energy (eV)            =       4.624518 eV
             G0T0 HOMO-LUMO gap    (eV)            =      19.714567 eV
 -------------------------------------------------------------------------------
        Tr@ppRPA@G0T0 correlation energy (singlet) =       -0.0967189316 au
        Tr@ppRPA@G0T0 correlation energy (triplet) =       -0.0679350645 au
        Tr@ppRPA@G0T0 correlation energy           =       -0.1646539961 au
        Tr@ppRPA@G0T0 total energy                 =     -100.1844831307 au
              GM@G0T0 correlation energy           =       -0.2819172586 au
              GM@G0T0 total energy                 =     -100.3017463932 au
 -------------------------------------------------------------------------------


 -------------------------------------------------------------
   BSE@GT       calculation: singlet        manifold
 -------------------------------------------------------------
 | State |  Excitation energy (au) |  Excitation energy (eV) |
 -------------------------------------------------------------
 |     1 |                0.358607 |                9.758203 |
 |     2 |                0.358607 |                9.758203 |
 |     3 |                0.550657 |               14.984132 |
 |     4 |                0.865165 |               23.542331 |
 |     5 |                0.865165 |               23.542331 |
 |     6 |                1.083031 |               29.470786 |
 |     7 |                1.278705 |               34.795349 |
 |     8 |                1.304970 |               35.510033 |
 |     9 |                1.313696 |               35.747479 |
 |    10 |                1.313696 |               35.747479 |
 |    11 |                1.369071 |               37.254325 |
 |    12 |                1.369071 |               37.254325 |
 |    13 |                1.489087 |               40.520120 |
 |    14 |                1.489087 |               40.520120 |
 |    15 |                1.498762 |               40.783392 |
 |    16 |                1.644007 |               44.735707 |
 |    17 |                1.644007 |               44.735707 |
 |    18 |                1.648194 |               44.849648 |
 |    19 |                1.682525 |               45.783831 |
 |    20 |                1.747793 |               47.559878 |
 -------------------------------------------------------------

 ---------------------------------------------------------------
                 Transition dipole moment (au)                  
 ---------------------------------------------------------------
  #           X           Y           Z   dip. str.   osc. str.
 ---------------------------------------------------------------
  1    0.050544    0.263210    0.000000    0.071834    0.017174
  2    0.263210   -0.050544    0.000000    0.071834    0.017174
  3    0.000000   -0.000000    0.818830    0.670483    0.246137
  4   -0.055320   -0.276592   -0.000000    0.079564    0.045890
  5   -0.276592    0.055320   -0.000000    0.079564    0.045890
  6   -0.000000   -0.000000    0.560852    0.314554    0.227115
  7    0.000000    0.000000   -0.139819    0.019549    0.016665
  8    0.000000    0.000000    0.000000    0.000000    0.000000
  9   -0.000000    0.000000    0.000000    0.000000    0.000000
 10   -0.000000    0.000000   -0.000000    0.000000    0.000000
 ---------------------------------------------------------------

 -------------------------------------------------------------
 Excitation n.   1:   9.758203 eV  f = 0.0172  <S**2> = 0.0000
 -------------------------------------------------------------
  4 ->   6 =  -0.693454
  4 ->   7 =  -0.130789

 -------------------------------------------------------------
 Excitation n.   2:   9.758203 eV  f = 0.0172  <S**2> = 0.0000
 -------------------------------------------------------------
  5 ->   6 =   0.693454
  5 ->   7 =   0.130789

 -------------------------------------------------------------
 Excitation n.   3:  14.984132 eV  f = 0.2461  <S**2> = 0.0000
 -------------------------------------------------------------
  3 ->   6 =   0.702131

 -------------------------------------------------------------
 Excitation n.   4:  23.542331 eV  f = 0.0459  <S**2> = 0.0000
 -------------------------------------------------------------
  4 ->   6 =   0.133171
  4 ->   7 =  -0.690674

 -------------------------------------------------------------
 Excitation n.   5:  23.542331 eV  f = 0.0459  <S**2> = 0.0000
 -------------------------------------------------------------
  5 ->   6 =  -0.133171
  5 ->   7 =   0.690674

 -------------------------------------------------------------
 Excitation n.   6:  29.470786 eV  f = 0.2271  <S**2> = 0.0000
 -------------------------------------------------------------
  3 ->   7 =   0.676742
  4 ->  10 =  -0.128696
  5 ->   9 =   0.128696

 -------------------------------------------------------------
 Excitation n.   7:  34.795349 eV  f = 0.0167  <S**2> = 0.0000
 -------------------------------------------------------------
  2 ->   6 =   0.686569
  2 ->   7 =   0.121970

 -------------------------------------------------------------
 Excitation n.   8:  35.510033 eV  f = 0.0000  <S**2> = 0.0000
 -------------------------------------------------------------
  4 ->   9 =  -0.486711
  4 ->  10 =   0.079790
  4 ->  11 =  -0.073593
  5 ->   9 =  -0.079790
  5 ->  10 =  -0.486711
  5 ->  12 =   0.073593

 -------------------------------------------------------------
 Excitation n.   9:  35.747479 eV  f = 0.0000  <S**2> = 0.0000
 -------------------------------------------------------------
  4 ->   9 =  -0.301577
  4 ->  10 =   0.390949
  4 ->  12 =  -0.074663
  5 ->   9 =   0.390949
  5 ->  10 =   0.301577
  5 ->  11 =   0.074663

 -------------------------------------------------------------
 Excitation n.  10:  35.747479 eV  f = 0.0000  <S**2> = 0.0000
 -------------------------------------------------------------
  4 ->   9 =  -0.390949
  4 ->  10 =  -0.301577
  4 ->  11 =  -0.074663
  5 ->   9 =  -0.301577
  5 ->  10 =   0.390949
  5 ->  12 =  -0.074663

Thomas-Reiche-Kuhn sum rule =   0.616045


 *** dynamical TDA activated ***

 ---------------------------------------------------------------------------------------------------
  First-order dynamical correction to static Bethe-Salpeter excitation energies                     
 ---------------------------------------------------------------------------------------------------
  BSE neutral excitation must be lower than the GT gap =  19.714567 eV
 ---------------------------------------------------------------------------------------------------
      #          Static (eV)         Dynamic (eV)      Correction (eV)         Renorm. (eV)
 ---------------------------------------------------------------------------------------------------
      1            9.758203            9.726293           -0.031911            1.002903
      2            9.758203            9.726293           -0.031911            1.002903
      3           14.984132           14.922890           -0.061242            1.001407
      4           23.542331           23.499276           -0.043055            1.001750
      5           23.542331           23.499276           -0.043055            1.001750
      6           29.470786           29.435810           -0.034976            1.001045
      7           34.795349           34.763581           -0.031768            0.999653
      8           35.510033           35.307698           -0.202335            1.005696
      9           35.747479           35.587213           -0.160266            1.004368
     10           35.747479           35.587213           -0.160266            1.004368
 ---------------------------------------------------------------------------------------------------


 -------------------------------------------------------------
   BSE@GT       calculation: triplet        manifold
 -------------------------------------------------------------
 | State |  Excitation energy (au) |  Excitation energy (eV) |
 -------------------------------------------------------------
 |     1 |                0.333508 |                9.075224 |
 |     2 |                0.333508 |                9.075224 |
 |     3 |                0.449672 |               12.236212 |
 |     4 |                0.841784 |               22.906122 |
 |     5 |                0.841784 |               22.906122 |
 |     6 |                0.916397 |               24.936420 |
 |     7 |                1.137168 |               30.943929 |
 |     8 |                1.251552 |               34.056459 |
 |     9 |                1.251552 |               34.056459 |
 |    10 |                1.259572 |               34.274709 |
 |    11 |                1.304413 |               35.494878 |
 |    12 |                1.326029 |               36.083085 |
 |    13 |                1.326029 |               36.083085 |
 |    14 |                1.442991 |               39.265775 |
 |    15 |                1.442991 |               39.265775 |
 |    16 |                1.452179 |               39.515799 |
 |    17 |                1.598105 |               43.486646 |
 |    18 |                1.624595 |               44.207487 |
 |    19 |                1.624595 |               44.207487 |
 |    20 |                1.646441 |               44.801945 |
 -------------------------------------------------------------

 -------------------------------------------------------------
 Excitation n.   1:   9.075224 eV  f = 0.0000  <S**2> = 2.0000
 -------------------------------------------------------------
  5 ->   6 =  -0.689090
  5 ->   7 =  -0.148088

 -------------------------------------------------------------
 Excitation n.   2:   9.075224 eV  f = 0.0000  <S**2> = 2.0000
 -------------------------------------------------------------
  4 ->   6 =   0.689090
  4 ->   7 =   0.148088

 -------------------------------------------------------------
 Excitation n.   3:  12.236212 eV  f = 0.0000  <S**2> = 2.0000
 -------------------------------------------------------------
  3 ->   6 =   0.675293
  3 ->   7 =   0.194834

 -------------------------------------------------------------
 Excitation n.   4:  22.906122 eV  f = 0.0000  <S**2> = 2.0000
 -------------------------------------------------------------
  4 ->   6 =   0.150190
  4 ->   7 =  -0.686480

 -------------------------------------------------------------
 Excitation n.   5:  22.906122 eV  f = 0.0000  <S**2> = 2.0000
 -------------------------------------------------------------
  5 ->   6 =  -0.150190
  5 ->   7 =   0.686480

 -------------------------------------------------------------
 Excitation n.   6:  24.936420 eV  f = 0.0000  <S**2> = 2.0000
 -------------------------------------------------------------
  2 ->   6 =  -0.074054
  2 ->   7 =  -0.088947
  3 ->   6 =  -0.203657
  3 ->   7 =   0.660321

 -------------------------------------------------------------
 Excitation n.   7:  30.943929 eV  f = 0.0000  <S**2> = 2.0000
 -------------------------------------------------------------
  2 ->   6 =   0.394752
  2 ->   7 =   0.078146
  2 ->  13 =  -0.075881
  3 ->   7 =   0.120433
  3 ->   8 =  -0.099276
  4 ->  10 =  -0.375165
  4 ->  12 =   0.085951
  5 ->   9 =   0.375165
  5 ->  11 =   0.085951

 -------------------------------------------------------------
 Excitation n.   8:  34.056459 eV  f = 0.0000  <S**2> = 2.0000
 -------------------------------------------------------------
  4 ->   9 =  -0.112305
  4 ->  10 =  -0.477250
  4 ->  12 =   0.084561
  5 ->   9 =  -0.477250
  5 ->  10 =   0.112305
  5 ->  11 =  -0.084561

 -------------------------------------------------------------
 Excitation n.   9:  34.056459 eV  f = 0.0000  <S**2> = 2.0000
 -------------------------------------------------------------
  4 ->   9 =   0.477250
  4 ->  10 =  -0.112305
  4 ->  11 =   0.084561
  5 ->   9 =  -0.112305
  5 ->  10 =  -0.477250
  5 ->  12 =   0.084561

 -------------------------------------------------------------
 Excitation n.  10:  34.274709 eV  f = 0.0000  <S**2> = 2.0000
 -------------------------------------------------------------
  2 ->   6 =  -0.545661
  2 ->   7 =  -0.149872
  4 ->  10 =  -0.281504
  5 ->   9 =   0.281504

Thomas-Reiche-Kuhn sum rule =   0.000000


 *** dynamical TDA activated ***

 ---------------------------------------------------------------------------------------------------
  First-order dynamical correction to static Bethe-Salpeter excitation energies                     
 ---------------------------------------------------------------------------------------------------
  BSE neutral excitation must be lower than the GT gap =  19.714567 eV
 ---------------------------------------------------------------------------------------------------
      #          Static (eV)         Dynamic (eV)      Correction (eV)         Renorm. (eV)
 ---------------------------------------------------------------------------------------------------
      1            9.075224            9.010619           -0.064605            1.004732
      2            9.075224            9.010619           -0.064605            1.004732
      3           12.236212           12.155468           -0.080744            1.004293
      4           22.906122           22.835853           -0.070269            1.002490
      5           22.906122           22.835853           -0.070269            1.002490
      6           24.936420           24.846836           -0.089584            1.003602
      7           30.943929           30.705544           -0.238384            1.007610
      8           34.056459           33.791539           -0.264920            1.006836
      9           34.056459           33.791539           -0.264920            1.006836
     10           34.274709           34.178016           -0.096693            1.006537
 ---------------------------------------------------------------------------------------------------


 -------------------------------------------------------------------------------
          Tr@BSE@G0T0 correlation energy (singlet) =       -0.0636318379 au
          Tr@BSE@G0T0 correlation energy (triplet) =       -0.0312049650 au
          Tr@BSE@G0T0 correlation energy           =       -0.0948368030 au
          Tr@BSE@G0T0 total energy                 =     -100.1146659375 au
 -------------------------------------------------------------------------------

                                       Total CPU time for G0T0 =      0.463 seconds

                                      Total CPU time for QuAcK =      1.357 seconds

