78 significant shell pairs computed in 0.000164 seconds
0
Computed Electron repulsion integrals Integrals in parallel in 0.850117 seconds

 ******************************************************************************************
 *            QuAcK                       QuAcK                         QuAcK             *
 *   __        __        __       __        __        __       __        __        __     *
 * <(o )___  <(o )___  <(o )___ <(o )___  <(o )___  <(o )___ <(o )___  <(o )___  <(o )___ *
 * ( ._> /   ( ._> /   ( ._> /  ( ._> /   ( ._> /   ( ._> /  ( ._> /   ( ._> /   ( ._> /  *
 *|--------------------------------------------------------------------------------------|*
 ******************************************************************************************

      ----------------------
             Number of atoms                2
      ----------------------

      ----------------------
Number of spin-up   electron                6
Number of spin-down electron                6
    Total number of electron               12
      ----------------------

      ----------------------
Number of core      electron                0
Number of Rydberg   electron                0
      ----------------------

          ------------------
          Molecular geometry
          ------------------
                    Atom n.                 1
                        Z =      3.0000000000
           Atom coordinates:     0.0000000000    0.0000000000    0.0000000000
                    Atom n.                 2
                        Z =      9.0000000000
           Atom coordinates:     0.0000000000    0.0000000000    2.9555316602

          ------------------
 Nuclear repulsion energy =      9.1354122047
          ------------------

          Gaussian basis set
          ------------------
                    Atom n.                 1
           number of shells                 6
          ------------------
      s-type shell with K =                 9
                                    Exponents     Contraction
                              1469.0000000000    0.0007660000
                               220.5000000000    0.0058920000
                                50.2600000000    0.0296710000
                                14.2400000000    0.1091800000
                                 4.5810000000    0.2827890000
                                 1.5800000000    0.4531230000
                                 0.5640000000    0.2747740000
                                 0.0734500000    0.0097510000
                                 0.0280500000   -0.0031800000
      s-type shell with K =                 9
                                    Exponents     Contraction
                              1469.0000000000   -0.0001200000
                               220.5000000000   -0.0009230000
                                50.2600000000   -0.0046890000
                                14.2400000000   -0.0176820000
                                 4.5810000000   -0.0489020000
                                 1.5800000000   -0.0960090000
                                 0.5640000000   -0.1363800000
                                 0.0734500000    0.5751020000
                                 0.0280500000    0.5176610000
      s-type shell with K =                 1
                                    Exponents     Contraction
                                 0.0280500000    1.0000000000
      p-type shell with K =                 4
                                    Exponents     Contraction
                                 1.5340000000    0.0227840000
                                 0.2749000000    0.1391070000
                                 0.0736200000    0.5003750000
                                 0.0240300000    0.5084740000
      p-type shell with K =                 1
                                    Exponents     Contraction
                                 0.0240300000    1.0000000000
      d-type shell with K =                 1
                                    Exponents     Contraction
                                 0.1144000000    1.0000000000
          ------------------
                    Atom n.                 2
           number of shells                 6
          ------------------
      s-type shell with K =                 9
                                    Exponents     Contraction
                             14710.0000000000    0.0007210000
                              2207.0000000000    0.0055530000
                               502.8000000000    0.0282670000
                               142.6000000000    0.1064440000
                                46.4700000000    0.2868140000
                                16.7000000000    0.4486410000
                                 6.3560000000    0.2647610000
                                 1.3160000000    0.0153330000
                                 0.3897000000   -0.0023320000
      s-type shell with K =                 9
                                    Exponents     Contraction
                             14710.0000000000   -0.0001650000
                              2207.0000000000   -0.0013080000
                               502.8000000000   -0.0064950000
                               142.6000000000   -0.0266910000
                                46.4700000000   -0.0736900000
                                16.7000000000   -0.1707760000
                                 6.3560000000   -0.1123270000
                                 1.3160000000    0.5628140000
                                 0.3897000000    0.5687780000
      s-type shell with K =                 1
                                    Exponents     Contraction
                                 0.3897000000    1.0000000000
      p-type shell with K =                 4
                                    Exponents     Contraction
                                22.6700000000    0.0448780000
                                 4.9770000000    0.2357180000
                                 1.3470000000    0.5085210000
                                 0.3471000000    0.4581200000
      p-type shell with K =                 1
                                    Exponents     Contraction
                                 0.3471000000    1.0000000000
      d-type shell with K =                 1
                                    Exponents     Contraction
                                 1.6400000000    1.0000000000
          ------------------
            Number of shells               12
          ------------------

          ------------------
   Number of basis functions               30
          ------------------

 Scaling integrals by    1.0000000000000000     

                          Total CPU time for reading integrals =      0.044 seconds


 ************************************************
 |    Restricted Hartree-Fock calculation       |
 ************************************************


 ----------------------------------------------------
 | RHF calculation                                  |
 ----------------------------------------------------
 |   # |        HF energy |       Conv |     HL Gap |
 ----------------------------------------------------
 |   1 |  -110.1749793702 |   0.483003 |   0.666823 |
 |   2 |  -104.4837476555 |   0.242224 |   0.259252 |
 |   3 |  -108.6363142046 |   0.187641 |   0.607324 |
 |   4 |  -105.7721871190 |   0.125547 |   0.369731 |
 |   5 |  -107.7760128283 |   0.088537 |   0.533077 |
 |   6 |  -106.3718130281 |   0.061590 |   0.416487 |
 |   7 |  -107.3489640124 |   0.042795 |   0.496455 |
 |   8 |  -106.6661901913 |   0.029896 |   0.439972 |
 |   9 |  -107.1412025733 |   0.020756 |   0.478972 |
 |  10 |  -106.8098564038 |   0.014496 |   0.451621 |
 |  11 |  -107.0404758284 |   0.010085 |   0.470588 |
 |  12 |  -106.8797312364 |   0.007031 |   0.457333 |
 |  13 |  -106.9916489858 |   0.004895 |   0.466545 |
 |  14 |  -106.9136687660 |   0.003411 |   0.460119 |
 |  15 |  -106.9679730609 |   0.002375 |   0.464590 |
 |  16 |  -106.9301421980 |   0.001655 |   0.461473 |
 |  17 |  -106.9564898706 |   0.001152 |   0.463643 |
 |  18 |  -106.9381363704 |   0.000803 |   0.462131 |
 |  19 |  -106.9509195388 |   0.000559 |   0.463184 |
 |  20 |  -106.9420152774 |   0.000389 |   0.462451 |
 |  21 |  -106.9482172423 |   0.000271 |   0.462961 |
 |  22 |  -106.9438972770 |   0.000189 |   0.462606 |
 |  23 |  -106.9469062445 |   0.000132 |   0.462853 |
 |  24 |  -106.9448103746 |   0.000092 |   0.462681 |
 |  25 |  -106.9462702118 |   0.000064 |   0.462801 |
 |  26 |  -106.9452533797 |   0.000044 |   0.462717 |
 |  27 |  -106.9459616366 |   0.000031 |   0.462776 |
 |  28 |  -106.9454683099 |   0.000022 |   0.462735 |
 |  29 |  -106.9458119286 |   0.000015 |   0.462763 |
 |  30 |  -106.9455725859 |   0.000010 |   0.462744 |
 |  31 |  -106.9457392963 |   0.000007 |   0.462757 |
 |  32 |  -106.9456231767 |   0.000005 |   0.462748 |
 |  33 |  -106.9457040580 |   0.000004 |   0.462754 |
 |  34 |  -106.9456477213 |   0.000002 |   0.462750 |
 |  35 |  -106.9456869618 |   0.000002 |   0.462753 |
 |  36 |  -106.9456596294 |   0.000001 |   0.462751 |
 |  37 |  -106.9456786674 |   0.000001 |   0.462752 |
 |  38 |  -106.9456654068 |   0.000001 |   0.462751 |
 |  39 |  -106.9456746432 |   0.000000 |   0.462752 |
 |  40 |  -106.9456682097 |   0.000000 |   0.462751 |
 |  41 |  -106.9456726909 |   0.000000 |   0.462752 |
 |  42 |  -106.9456695696 |   0.000000 |   0.462752 |
 |  43 |  -106.9456717437 |   0.000000 |   0.462752 |
 ----------------------------------------------------

         -----------------------------------------
           Summary              
         -----------------------------------------
           One-electron energy:   -169.4510457667 au
           Kinetic      energy:    106.8956400620 au
           Potential    energy:   -276.3466858287 au
         -----------------------------------------
           Two-electron energy:     53.3699618183 au
           Hartree      energy:     65.3744286930 au
           Exchange     energy:    -12.0044668747 au
         -----------------------------------------
           Electronic   energy:   -116.0810839484 au
           Nuclear   repulsion:      9.1354122047 au
           RHF          energy:   -106.9456717437 au
         -----------------------------------------
           HF HOMO      energy:        -12.663652 eV
           HF LUMO      energy:         -0.071536 eV
           HF HOMO-LUMO gap   :         12.592116 eV
         -----------------------------------------
          Dipole moment (Debye)    
                   X         Y         Z      Tot.
           -0.000000 -0.000000 -6.483933  6.483933
         -----------------------------------------

           ---------------------------------------
                 MO coefficients
           ---------------------------------------
                 1              2              3              4              5
      1    -0.00038149    -1.00041573    -0.06260766    -0.07936853     0.00000000
      2    -0.00181822    -0.01866560     0.06001722     0.21582519     0.00000000
      3     0.00107158     0.00873762    -0.02960458    -0.16780632     0.00000000
      4     0.00000000     0.00000000     0.00000000     0.00000000    -0.19380470
      5     0.00000000     0.00000000     0.00000000     0.00000000     0.10103619
      6    -0.00134397     0.01122812     0.06627163     0.12825281     0.00000000
      7     0.00000000     0.00000000     0.00000000     0.00000000     0.10630137
      8     0.00000000     0.00000000     0.00000000     0.00000000    -0.05541808
      9     0.00088706    -0.00866913    -0.03806252    -0.12566144     0.00000000
     10     0.00034453     0.00413338    -0.00676217     0.00484759     0.00000000
     11     0.00000000     0.00000000     0.00000000     0.00000000     0.00000000
     12     0.00000000     0.00000000     0.00000000     0.00000000    -0.06058083
     13     0.00034453     0.00413338    -0.00676217     0.00484759     0.00000000
     14     0.00000000     0.00000000     0.00000000     0.00000000     0.03158260
     15    -0.00027686     0.00579636     0.01100713    -0.03663517     0.00000000
     16    -1.00052834     0.00067461    -0.00972072    -0.00605656     0.00000000
     17    -0.00347555    -0.02197527     0.94262391    -0.08853859     0.00000000
     18     0.00204696    -0.00007627     0.03201843     0.01659801     0.00000000
     19     0.00000000     0.00000000     0.00000000     0.00000000    -0.80339735
     20     0.00000000     0.00000000     0.00000000     0.00000000     0.41883507
     21     0.00053113     0.01484508    -0.03462609    -0.91464723     0.00000000
     22     0.00000000     0.00000000     0.00000000     0.00000000    -0.04198362
     23     0.00000000     0.00000000     0.00000000     0.00000000     0.02188732
     24    -0.00058491    -0.00482426    -0.01141328    -0.07702345     0.00000000
     25     0.00096389     0.00024767    -0.00374427    -0.00518297     0.00000000
     26     0.00000000     0.00000000     0.00000000     0.00000000     0.00000000
     27     0.00000000     0.00000000     0.00000000     0.00000000     0.00725498
     28     0.00096389     0.00024767    -0.00374427    -0.00518297     0.00000000
     29     0.00000000     0.00000000     0.00000000     0.00000000    -0.00378224
     30     0.00092863    -0.00123848     0.00182866     0.00893719     0.00000000
                 6              7              8              9             10
      1     0.00000000     0.14814976     0.00000000     0.00000000     0.09302746
      2     0.00000000     0.11452794     0.00000000     0.00000000     0.04160135
      3     0.00000000    -0.94050797     0.00000000     0.00000000    -0.43466960
      4     0.10103619     0.00000000     0.01489518    -0.03277423     0.00000000
      5     0.19380470     0.00000000    -0.03277423    -0.01489518     0.00000000
      6     0.00000000     0.32439438     0.00000000     0.00000000     0.72433878
      7    -0.05541808     0.00000000    -0.42376141     0.93241278     0.00000000
      8    -0.10630137     0.00000000     0.93241278     0.42376141     0.00000000
      9     0.00000000     0.24991076     0.00000000     0.00000000    -1.44590754
     10     0.00000000     0.01080423     0.00000000     0.00000000    -0.12024768
     11     0.00000000     0.00000000     0.00000000     0.00000000     0.00000000
     12     0.03158260     0.00000000     0.04705678    -0.10354021     0.00000000
     13     0.00000000     0.01080423     0.00000000     0.00000000    -0.12024768
     14     0.06058083     0.00000000    -0.10354021    -0.04705678     0.00000000
     15     0.00000000    -0.04062224     0.00000000     0.00000000     0.12670730
     16     0.00000000    -0.00077498     0.00000000     0.00000000     0.00944792
     17     0.00000000     0.02356451     0.00000000     0.00000000     0.11379282
     18     0.00000000     0.01880474     0.00000000     0.00000000    -0.06259331
     19     0.41883507     0.00000000     0.04184854    -0.09208038     0.00000000
     20     0.80339735     0.00000000    -0.09208038    -0.04184854     0.00000000
     21     0.00000000    -0.02925220     0.00000000     0.00000000     0.01547209
     22     0.02188732     0.00000000     0.00201217    -0.00442743     0.00000000
     23     0.04198362     0.00000000    -0.00442743    -0.00201217     0.00000000
     24     0.00000000    -0.00999754     0.00000000     0.00000000     0.08040793
     25     0.00000000    -0.00163958     0.00000000     0.00000000     0.00307267
     26     0.00000000     0.00000000     0.00000000     0.00000000     0.00000000
     27    -0.00378224     0.00000000    -0.00005039     0.00011087     0.00000000
     28     0.00000000    -0.00163958     0.00000000     0.00000000     0.00307267
     29    -0.00725498     0.00000000     0.00011087     0.00005039     0.00000000
     30     0.00000000    -0.00057432     0.00000000     0.00000000     0.00283518
                11             12             13             14             15
      1     0.43511372     0.00000000     0.00000000    -0.26366978     0.00000000
      2     2.43001806     0.00000000     0.00000000    -1.33655533     0.00000000
      3    -2.88596765     0.00000000     0.00000000     1.51712672     0.00000000
      4     0.00000000    -0.01629836     2.04609381     0.00000000     0.00000000
      5     0.00000000    -2.04609381    -0.01629836     0.00000000     0.00000000
      6    -1.09889547     0.00000000     0.00000000    -1.22471722     0.00000000
      7     0.00000000     0.01455775    -1.82757697     0.00000000     0.00000000
      8     0.00000000     1.82757697     0.01455775     0.00000000     0.00000000
      9     0.85379091     0.00000000     0.00000000     1.11170105     0.00000000
     10     0.09368631     0.00000000     0.00000000    -0.51052877    -0.86583770
     11     0.00000000     0.00000000     0.00000000     0.00000000     0.00031409
     12     0.00000000     0.00234445    -0.29432206     0.00000000     0.00000000
     13     0.09368631     0.00000000     0.00000000    -0.51052877     0.86583770
     14     0.00000000     0.29432206     0.00234445     0.00000000     0.00000000
     15     0.35179486     0.00000000     0.00000000     0.48880957     0.00000000
     16     0.00032335     0.00000000     0.00000000     0.00608335     0.00000000
     17     0.03691793     0.00000000     0.00000000     0.11437924     0.00000000
     18    -0.01015285     0.00000000     0.00000000    -0.02992287     0.00000000
     19     0.00000000     0.00106261    -0.13339994     0.00000000     0.00000000
     20     0.00000000     0.13339994     0.00106261     0.00000000     0.00000000
     21     0.03183689     0.00000000     0.00000000    -0.20227510     0.00000000
     22     0.00000000     0.00012903    -0.01619832     0.00000000     0.00000000
     23     0.00000000     0.01619832     0.00012903     0.00000000     0.00000000
     24    -0.02190263     0.00000000     0.00000000    -0.10594047     0.00000000
     25    -0.00170953     0.00000000     0.00000000    -0.00011559    -0.00517995
     26     0.00000000     0.00000000     0.00000000     0.00000000     0.00000188
     27     0.00000000     0.00003203    -0.00402121     0.00000000     0.00000000
     28    -0.00170953     0.00000000     0.00000000    -0.00011559     0.00517995
     29     0.00000000     0.00402121     0.00003203     0.00000000     0.00000000
     30    -0.00263485     0.00000000     0.00000000     0.00568505     0.00000000
                16             17             18             19             20
      1     0.00000000     0.00000000     0.00000000    -0.24661991     0.85181595
      2     0.00000000     0.00000000     0.00000000    -1.04746533     6.79915206
      3     0.00000000     0.00000000     0.00000000     1.03129224    -2.96258145
      4     0.00000000    -0.01381659     0.81264081     0.00000000     0.00000000
      5     0.00000000    -0.81264081    -0.01381659     0.00000000     0.00000000
      6     0.00000000     0.00000000     0.00000000    -2.15507479     0.62783995
      7     0.00000000     0.00959418    -0.56429445     0.00000000     0.00000000
      8     0.00000000     0.56429445     0.00959418     0.00000000     0.00000000
      9     0.00000000     0.00000000     0.00000000     1.48307012    -0.49877025
     10     0.00027201     0.00000000     0.00000000     0.28679395    -1.83003887
     11     0.99978325     0.00000000     0.00000000     0.00000000     0.00000000
     12     0.00000000    -0.01825144     1.07348236     0.00000000     0.00000000
     13    -0.00027201     0.00000000     0.00000000     0.28679395    -1.83003887
     14     0.00000000    -1.07348236    -0.01825144     0.00000000     0.00000000
     15     0.00000000     0.00000000     0.00000000    -1.35588569    -1.64128657
     16     0.00000000     0.00000000     0.00000000    -0.06723036     0.01390993
     17     0.00000000     0.00000000     0.00000000     0.14655172    -0.06494779
     18     0.00000000     0.00000000     0.00000000     1.22243086    -0.25951746
     19     0.00000000     0.00481757    -0.28335150     0.00000000     0.00000000
     20     0.00000000     0.28335150     0.00481757     0.00000000     0.00000000
     21     0.00000000     0.00000000     0.00000000    -0.00957072     0.11112446
     22     0.00000000     0.00502008    -0.29526242     0.00000000     0.00000000
     23     0.00000000     0.29526242     0.00502008     0.00000000     0.00000000
     24     0.00000000     0.00000000     0.00000000    -0.17025169     0.32533269
     25     0.00000163     0.00000000     0.00000000    -0.04678825     0.00750994
     26     0.00598130     0.00000000     0.00000000     0.00000000     0.00000000
     27     0.00000000     0.00005279    -0.00310514     0.00000000     0.00000000
     28    -0.00000163     0.00000000     0.00000000    -0.04678825     0.00750994
     29     0.00000000     0.00310514     0.00005279     0.00000000     0.00000000
     30     0.00000000     0.00000000     0.00000000    -0.03716801     0.01196837
                21             22             23             24             25
      1     0.39753885     0.00000000     0.00000000    -0.49278650     0.00000000
      2     1.59318814     0.00000000     0.00000000    -2.35052319     0.00000000
      3    -0.96000548     0.00000000     0.00000000     1.38877869     0.00000000
      4     0.00000000     0.07928151     0.56533386     0.00000000    -0.03534416
      5     0.00000000     0.56533386    -0.07928151     0.00000000     0.11712389
      6     0.25402717     0.00000000     0.00000000    -1.74503175     0.00000000
      7     0.00000000    -0.05006610    -0.35700709     0.00000000     0.02787903
      8     0.00000000    -0.35700709     0.05006610     0.00000000    -0.09238583
      9    -0.30123198     0.00000000     0.00000000     1.15394288     0.00000000
     10    -0.19991046     0.00000000     0.00000000     0.46568817     0.00000000
     11     0.00000000     0.00000000     0.00000000     0.00000000     0.00000000
     12     0.00000000     0.05427112     0.38699189     0.00000000    -0.01688059
     13    -0.19991046     0.00000000     0.00000000     0.46568817     0.00000000
     14     0.00000000     0.38699189    -0.05427112     0.00000000     0.05593910
     15    -0.44212979     0.00000000     0.00000000    -0.37142471     0.00000000
     16    -0.04041519     0.00000000     0.00000000    -0.74325978     0.00000000
     17    -0.19130290     0.00000000     0.00000000    -3.02017981     0.00000000
     18     0.23465240     0.00000000     0.00000000     4.73202063     0.00000000
     19     0.00000000     0.19345162     1.37944835     0.00000000    -0.01353372
     20     0.00000000     1.37944835    -0.19345162     0.00000000     0.04484820
     21    -1.38548929     0.00000000     0.00000000     0.16936765     0.00000000
     22     0.00000000    -0.26661018    -1.90112119     0.00000000     0.02452577
     23     0.00000000    -1.90112119     0.26661018     0.00000000    -0.08127379
     24     1.82702509     0.00000000     0.00000000    -0.45393162     0.00000000
     25    -0.02470404     0.00000000     0.00000000    -0.25815966     0.00000000
     26     0.00000000     0.00000000     0.00000000     0.00000000     0.00000000
     27     0.00000000    -0.00221119    -0.01576735     0.00000000    -0.28929706
     28    -0.02470404     0.00000000     0.00000000    -0.25815966     0.00000000
     29     0.00000000    -0.01576735     0.00221119     0.00000000     0.95867588
     30    -0.00956786     0.00000000     0.00000000    -0.26833073     0.00000000
                26             27             28             29             30
      1     0.00000000    -0.09470824     0.00000000     0.00000000     0.23866831
      2     0.00000000    -0.57165081     0.00000000     0.00000000     1.05581342
      3     0.00000000     0.23819694     0.00000000     0.00000000    -0.62128365
      4     0.11712389     0.00000000     0.00000000     0.00000000     0.00000000
      5     0.03534416     0.00000000     0.00000000     0.00000000     0.00000000
      6     0.00000000    -0.09436462     0.00000000     0.00000000     0.82977308
      7    -0.09238583     0.00000000     0.00000000     0.00000000     0.00000000
      8    -0.02787903     0.00000000     0.00000000     0.00000000     0.00000000
      9     0.00000000     0.08162461     0.00000000     0.00000000    -0.53863460
     10     0.00000000     0.15158941    -0.03398075    -0.00002326    -0.20577992
     11     0.00000000     0.00000000    -0.00002686     0.03923759     0.00000000
     12     0.05593910     0.00000000     0.00000000     0.00000000     0.00000000
     13     0.00000000     0.15158941     0.03398075     0.00002326    -0.20577992
     14     0.01688059     0.00000000     0.00000000     0.00000000     0.00000000
     15     0.00000000     0.15795881     0.00000000     0.00000000     0.19468079
     16     0.00000000    -0.01842038     0.00000000     0.00000000    -0.40862733
     17     0.00000000    -0.08501599     0.00000000     0.00000000    -3.63195535
     18     0.00000000     0.10433451     0.00000000     0.00000000     0.05828271
     19     0.04484820     0.00000000     0.00000000     0.00000000     0.00000000
     20     0.01353372     0.00000000     0.00000000     0.00000000     0.00000000
     21     0.00000000     0.04223667     0.00000000     0.00000000    -0.04588572
     22    -0.08127379     0.00000000     0.00000000     0.00000000     0.00000000
     23    -0.02452577     0.00000000     0.00000000     0.00000000     0.00000000
     24     0.00000000    -0.08413264     0.00000000     0.00000000     0.17825996
     25     0.00000000    -0.49744731     0.86648860     0.00059318     1.51307212
     26     0.00000000     0.00000000     0.00068494    -1.00053485     0.00000000
     27     0.95867588     0.00000000     0.00000000     0.00000000     0.00000000
     28     0.00000000    -0.49744731    -0.86648860    -0.00059318     1.51307212
     29     0.28929706     0.00000000     0.00000000     0.00000000     0.00000000
     30     0.00000000     1.00729235     0.00000000     0.00000000     1.49304737

           ---------------------------------------
                     MO energies
           ---------------------------------------
                 1
      1   -26.11467226
      2    -2.44612473
      3    -1.37391029
      4    -0.49009252
      5    -0.46538064
      6    -0.46538064
      7    -0.00262891
      8     0.04917969
      9     0.04917969
     10     0.08644746
     11     0.14991865
     12     0.19051595
     13     0.19051595
     14     0.28427001
     15     0.33874750
     16     0.33874750
     17     0.41048322
     18     0.41048322
     19     0.50996801
     20     0.68382469
     21     1.69710664
     22     1.79222991
     23     1.79222991
     24     2.44478350
     25     4.15468021
     26     4.15468021
     27     4.15758796
     28     4.16012236
     29     4.16012236
     30     8.39029496

                                        Total CPU time for RHF =      0.695 seconds


 AO to MO transformation... Please be patient

                    Total CPU time for AO to MO transformation =      1.642 seconds


 ************************************************
 |      Configuration Interaction Singles       |
 ************************************************


 -------------------------------------------------------------
   CIS          calculation: singlet        manifold
 -------------------------------------------------------------
 | State |  Excitation energy (au) |  Excitation energy (eV) |
 -------------------------------------------------------------
 |     1 |                0.290068 |                7.893147 |
 |     2 |                0.290068 |                7.893147 |
 |     3 |                0.313041 |                8.518289 |
 |     4 |                0.342342 |                9.315598 |
 |     5 |                0.342988 |                9.333170 |
 |     6 |                0.342988 |                9.333170 |
 |     7 |                0.366121 |                9.962663 |
 |     8 |                0.366121 |                9.962663 |
 |     9 |                0.370825 |               10.090653 |
 |    10 |                0.370825 |               10.090653 |
 |    11 |                0.371712 |               10.114799 |
 |    12 |                0.394333 |               10.730344 |
 |    13 |                0.449644 |               12.235423 |
 |    14 |                0.449644 |               12.235423 |
 |    15 |                0.450186 |               12.250190 |
 |    16 |                0.456621 |               12.425286 |
 |    17 |                0.456621 |               12.425286 |
 |    18 |                0.465158 |               12.657595 |
 |    19 |                0.473151 |               12.875082 |
 |    20 |                0.473151 |               12.875082 |
 -------------------------------------------------------------

 ---------------------------------------------------------------
                 Transition dipole moment (au)                  
 ---------------------------------------------------------------
  #           X           Y           Z   dip. str.   osc. str.
 ---------------------------------------------------------------
  1    0.209231    0.381584    0.000000    0.189384    0.036623
  2   -0.381584    0.209231   -0.000000    0.189384    0.036623
  3    0.000000   -0.000000   -0.160505    0.025762    0.005376
  4    0.000000   -0.000000   -0.000000    0.000000    0.000000
  5   -0.000000    0.000000    0.000000    0.000000    0.000000
  6   -0.000000    0.000000   -0.000000    0.000000    0.000000
  7    0.078045   -0.040685    0.000000    0.007746    0.001891
  8   -0.040685   -0.078045   -0.000000    0.007746    0.001891
  9   -0.391347    0.159205    0.000000    0.178499    0.044128
 10   -0.159205   -0.391347   -0.000000    0.178499    0.044128
 ---------------------------------------------------------------

 -------------------------------------------------------------
 Excitation n.   1:   7.893147 eV  f = 0.0366  <S**2> = 0.0000
 -------------------------------------------------------------
  6 ->   7 =  -0.642642
  6 ->  10 =  -0.253570
  6 ->  11 =   0.094329
  6 ->  14 =  -0.102723

 -------------------------------------------------------------
 Excitation n.   2:   7.893147 eV  f = 0.0366  <S**2> = 0.0000
 -------------------------------------------------------------
  5 ->   7 =  -0.642642
  5 ->  10 =  -0.253570
  5 ->  11 =   0.094329
  5 ->  14 =  -0.102723

 -------------------------------------------------------------
 Excitation n.   3:   8.518289 eV  f = 0.0054  <S**2> = 0.0000
 -------------------------------------------------------------
  4 ->   7 =  -0.638164
  4 ->  10 =  -0.261775
  4 ->  11 =   0.098877
  4 ->  14 =  -0.093896

 -------------------------------------------------------------
 Excitation n.   4:   9.315598 eV  f = 0.0000  <S**2> = 0.0000
 -------------------------------------------------------------
  5 ->   8 =   0.274271
  5 ->   9 =   0.350737
  5 ->  12 =  -0.177362
  5 ->  13 =   0.090675
  5 ->  17 =  -0.096580
  6 ->   8 =  -0.350737
  6 ->   9 =   0.274271
  6 ->  12 =   0.090675
  6 ->  13 =   0.177362
  6 ->  18 =   0.096580

 -------------------------------------------------------------
 Excitation n.   5:   9.333170 eV  f = 0.0000  <S**2> = 0.0000
 -------------------------------------------------------------
  5 ->   8 =  -0.447936
  5 ->  12 =   0.174616
  5 ->  13 =   0.087196
  5 ->  17 =   0.092210
  6 ->   9 =   0.447936
  6 ->  12 =  -0.087196
  6 ->  13 =   0.174616
  6 ->  18 =   0.092210

 -------------------------------------------------------------
 Excitation n.   6:   9.333170 eV  f = 0.0000  <S**2> = 0.0000
 -------------------------------------------------------------
  5 ->   9 =  -0.447936
  5 ->  12 =   0.087196
  5 ->  13 =  -0.174616
  5 ->  18 =  -0.092210
  6 ->   8 =  -0.447936
  6 ->  12 =   0.174616
  6 ->  13 =   0.087196
  6 ->  17 =   0.092210

 -------------------------------------------------------------
 Excitation n.   7:   9.962663 eV  f = 0.0019  <S**2> = 0.0000
 -------------------------------------------------------------
  4 ->   8 =  -0.492395
  4 ->   9 =   0.385058
  4 ->  12 =   0.130853
  4 ->  13 =   0.255962
  4 ->  18 =   0.132887

 -------------------------------------------------------------
 Excitation n.   8:   9.962663 eV  f = 0.0019  <S**2> = 0.0000
 -------------------------------------------------------------
  4 ->   8 =  -0.385058
  4 ->   9 =  -0.492395
  4 ->  12 =   0.255962
  4 ->  13 =  -0.130853
  4 ->  17 =   0.132887

 -------------------------------------------------------------
 Excitation n.   9:  10.090653 eV  f = 0.0441  <S**2> = 0.0000
 -------------------------------------------------------------
  5 ->   7 =   0.227826
  5 ->  10 =  -0.611175
  5 ->  11 =  -0.220818
  5 ->  19 =  -0.117653

 -------------------------------------------------------------
 Excitation n.  10:  10.090653 eV  f = 0.0441  <S**2> = 0.0000
 -------------------------------------------------------------
  6 ->   7 =  -0.227826
  6 ->  10 =   0.611175
  6 ->  11 =   0.220818
  6 ->  19 =   0.117653

Thomas-Reiche-Kuhn sum rule =   0.170659

 ---------------------------------------------------------------------------------------------------
  CIS(D) correction 
 ---------------------------------------------------------------------------------------------------
      #             CIS (eV)          CIS(D) (eV)      Correction (eV)
 ---------------------------------------------------------------------------------------------------
      1            7.893147            4.636624           -3.256523
      2            7.893147            4.636624           -3.256523
      3            8.518289            4.834361           -3.683928
      4            9.315598            6.673382           -2.642216
      5            9.333170            6.594145           -2.739026
      6            9.333170            6.594145           -2.739026
      7            9.962663            6.844383           -3.118280
      8            9.962663            6.844383           -3.118280
      9           10.090653            7.149140           -2.941513
     10           10.090653            7.149140           -2.941513
 ---------------------------------------------------------------------------------------------------


 -------------------------------------------------------------
   CIS          calculation: triplet        manifold
 -------------------------------------------------------------
 | State |  Excitation energy (au) |  Excitation energy (eV) |
 -------------------------------------------------------------
 |     1 |                0.283984 |                7.727601 |
 |     2 |                0.283984 |                7.727601 |
 |     3 |                0.305725 |                8.319199 |
 |     4 |                0.325045 |                8.844937 |
 |     5 |                0.333876 |                9.085234 |
 |     6 |                0.333876 |                9.085234 |
 |     7 |                0.342342 |                9.315598 |
 |     8 |                0.360358 |                9.805827 |
 |     9 |                0.360358 |                9.805827 |
 |    10 |                0.363046 |                9.878993 |
 |    11 |                0.363046 |                9.878993 |
 |    12 |                0.386861 |               10.527034 |
 |    13 |                0.439740 |               11.965947 |
 |    14 |                0.445475 |               12.122005 |
 |    15 |                0.445475 |               12.122005 |
 |    16 |                0.450186 |               12.250190 |
 |    17 |                0.455954 |               12.407137 |
 |    18 |                0.455954 |               12.407137 |
 |    19 |                0.468118 |               12.738141 |
 |    20 |                0.468118 |               12.738141 |
 -------------------------------------------------------------

 -------------------------------------------------------------
 Excitation n.   1:   7.727601 eV  f = 0.0000  <S**2> = 2.0000
 -------------------------------------------------------------
  6 ->   7 =  -0.619516
  6 ->  10 =  -0.289547
  6 ->  11 =   0.078557
  6 ->  14 =  -0.128948
  6 ->  19 =  -0.074658

 -------------------------------------------------------------
 Excitation n.   2:   7.727601 eV  f = 0.0000  <S**2> = 2.0000
 -------------------------------------------------------------
  5 ->   7 =   0.619516
  5 ->  10 =   0.289547
  5 ->  11 =  -0.078557
  5 ->  14 =   0.128948
  5 ->  19 =   0.074658

 -------------------------------------------------------------
 Excitation n.   3:   8.319199 eV  f = 0.0000  <S**2> = 2.0000
 -------------------------------------------------------------
  4 ->   7 =  -0.588458
  4 ->  10 =  -0.264340
  4 ->  11 =   0.088461
  4 ->  14 =  -0.129340
  5 ->   8 =   0.098952
  5 ->   9 =  -0.077379
  5 ->  13 =  -0.075038
  6 ->   8 =   0.077379
  6 ->   9 =   0.098952
  6 ->  12 =  -0.075038

 -------------------------------------------------------------
 Excitation n.   4:   8.844937 eV  f = 0.0000  <S**2> = 2.0000
 -------------------------------------------------------------
  4 ->   7 =   0.208952
  4 ->  10 =   0.091737
  5 ->   8 =   0.313535
  5 ->   9 =  -0.245180
  5 ->  12 =  -0.095242
  5 ->  13 =  -0.186295
  5 ->  18 =  -0.125887
  6 ->   8 =   0.245180
  6 ->   9 =   0.313535
  6 ->  12 =  -0.186295
  6 ->  13 =   0.095242
  6 ->  17 =  -0.125887

 -------------------------------------------------------------
 Excitation n.   5:   9.085234 eV  f = 0.0000  <S**2> = 2.0000
 -------------------------------------------------------------
  5 ->   8 =   0.206826
  5 ->   9 =  -0.380857
  5 ->  13 =  -0.212086
  5 ->  18 =  -0.127111
  6 ->   8 =  -0.380857
  6 ->   9 =  -0.206826
  6 ->  12 =   0.212086
  6 ->  17 =   0.127111

 -------------------------------------------------------------
 Excitation n.   6:   9.085234 eV  f = 0.0000  <S**2> = 2.0000
 -------------------------------------------------------------
  5 ->   8 =  -0.380857
  5 ->   9 =  -0.206826
  5 ->  12 =   0.212086
  5 ->  17 =   0.127111
  6 ->   8 =  -0.206826
  6 ->   9 =   0.380857
  6 ->  13 =   0.212086
  6 ->  18 =   0.127111

 -------------------------------------------------------------
 Excitation n.   7:   9.315598 eV  f = 0.0000  <S**2> = 2.0000
 -------------------------------------------------------------
  5 ->   8 =  -0.274271
  5 ->   9 =  -0.350737
  5 ->  12 =   0.177362
  5 ->  13 =  -0.090675
  5 ->  17 =   0.096580
  6 ->   8 =   0.350737
  6 ->   9 =  -0.274271
  6 ->  12 =  -0.090675
  6 ->  13 =  -0.177362
  6 ->  18 =  -0.096580

 -------------------------------------------------------------
 Excitation n.   8:   9.805827 eV  f = 0.0000  <S**2> = 2.0000
 -------------------------------------------------------------
  4 ->   8 =  -0.481663
  4 ->   9 =   0.360981
  4 ->  12 =   0.144693
  4 ->  13 =   0.269251
  4 ->  17 =   0.079177
  4 ->  18 =   0.150583
  5 ->   7 =  -0.079397

 -------------------------------------------------------------
 Excitation n.   9:   9.805827 eV  f = 0.0000  <S**2> = 2.0000
 -------------------------------------------------------------
  4 ->   8 =  -0.360981
  4 ->   9 =  -0.481663
  4 ->  12 =   0.269251
  4 ->  13 =  -0.144693
  4 ->  17 =   0.150583
  4 ->  18 =  -0.079177
  6 ->   7 =  -0.079397

 -------------------------------------------------------------
 Excitation n.  10:   9.878993 eV  f = 0.0000  <S**2> = 2.0000
 -------------------------------------------------------------
  4 ->   9 =  -0.076918
  6 ->   7 =   0.270128
  6 ->  10 =  -0.577358
  6 ->  11 =  -0.230254
  6 ->  14 =  -0.077259
  6 ->  19 =  -0.149043

Thomas-Reiche-Kuhn sum rule =   0.000000

 ---------------------------------------------------------------------------------------------------
  CIS(D) correction 
 ---------------------------------------------------------------------------------------------------
      #             CIS (eV)          CIS(D) (eV)      Correction (eV)
 ---------------------------------------------------------------------------------------------------
      1            7.727601            4.715625           -3.011976
      2            7.727601            4.715625           -3.011976
      3            8.319199            5.045923           -3.273276
      4            8.844937            6.469497           -2.375439
      5            9.085234            6.670075           -2.415159
      6            9.085234            6.670075           -2.415159
      7            9.315598            6.655471           -2.660127
      8            9.805827            6.887977           -2.917850
      9            9.805827            6.887977           -2.917850
     10            9.878993            7.064271           -2.814722
 ---------------------------------------------------------------------------------------------------

                                        Total CPU time for CIS =      3.506 seconds


 ***********************************************************
 |  Random phase approximation calculation with exchange   |
 ***********************************************************


 -------------------------------------------------------------
   RPAx@HF      calculation: singlet        manifold
 -------------------------------------------------------------
 | State |  Excitation energy (au) |  Excitation energy (eV) |
 -------------------------------------------------------------
 |     1 |                0.289919 |                7.889098 |
 |     2 |                0.289919 |                7.889098 |
 |     3 |                0.312821 |                8.512286 |
 |     4 |                0.340689 |                9.270623 |
 |     5 |                0.342077 |                9.308385 |
 |     6 |                0.342077 |                9.308385 |
 |     7 |                0.365088 |                9.934537 |
 |     8 |                0.365088 |                9.934537 |
 |     9 |                0.368246 |               10.020491 |
 |    10 |                0.370624 |               10.085189 |
 |    11 |                0.370624 |               10.085189 |
 |    12 |                0.394075 |               10.723323 |
 |    13 |                0.449320 |               12.226623 |
 |    14 |                0.449320 |               12.226623 |
 |    15 |                0.449617 |               12.234702 |
 |    16 |                0.456595 |               12.424591 |
 |    17 |                0.456595 |               12.424591 |
 |    18 |                0.463155 |               12.603086 |
 |    19 |                0.472751 |               12.864217 |
 |    20 |                0.472751 |               12.864217 |
 -------------------------------------------------------------

 ---------------------------------------------------------------
                 Transition dipole moment (au)                  
 ---------------------------------------------------------------
  #           X           Y           Z   dip. str.   osc. str.
 ---------------------------------------------------------------
  1    0.388228   -0.185968   -0.000000    0.185305    0.035816
  2    0.185968    0.388228    0.000000    0.185305    0.035816
  3   -0.000000    0.000000    0.160913    0.025893    0.005400
  4   -0.000000   -0.000000   -0.000000    0.000000    0.000000
  5   -0.000000    0.000000    0.000000    0.000000    0.000000
  6   -0.000000    0.000000   -0.000000    0.000000    0.000000
  7    0.040312    0.084380   -0.000000    0.008745    0.002128
  8   -0.084380    0.040312    0.000000    0.008745    0.002128
  9   -0.000000    0.000000   -0.378882    0.143552    0.035242
 10    0.366392   -0.193735   -0.000000    0.171777    0.042443
 ---------------------------------------------------------------

 -------------------------------------------------------------
 Excitation n.   1:   7.889098 eV  f = 0.0358  <S**2> = 0.0000
 -------------------------------------------------------------
  5 ->   7 =   0.642118
  5 ->  10 =   0.253764
  5 ->  11 =  -0.094180
  5 ->  14 =   0.103940

 -------------------------------------------------------------
 Excitation n.   2:   7.889098 eV  f = 0.0358  <S**2> = 0.0000
 -------------------------------------------------------------
  6 ->   7 =  -0.642118
  6 ->  10 =  -0.253764
  6 ->  11 =   0.094180
  6 ->  14 =  -0.103940

 -------------------------------------------------------------
 Excitation n.   3:   8.512286 eV  f = 0.0054  <S**2> = 0.0000
 -------------------------------------------------------------
  4 ->   7 =   0.638299
  4 ->  10 =   0.261852
  4 ->  11 =  -0.099095
  4 ->  14 =   0.095802

 -------------------------------------------------------------
 Excitation n.   4:   9.270623 eV  f = 0.0000  <S**2> = 0.0000
 -------------------------------------------------------------
  5 ->   8 =  -0.272938
  5 ->   9 =  -0.349032
  5 ->  12 =   0.180280
  5 ->  13 =  -0.092167
  5 ->  17 =   0.100413
  6 ->   8 =   0.349032
  6 ->   9 =  -0.272938
  6 ->  12 =  -0.092167
  6 ->  13 =  -0.180280
  6 ->  18 =  -0.100413

 -------------------------------------------------------------
 Excitation n.   5:   9.308385 eV  f = 0.0000  <S**2> = 0.0000
 -------------------------------------------------------------
  5 ->   8 =  -0.173164
  5 ->   9 =  -0.412037
  5 ->  12 =   0.145754
  5 ->  13 =  -0.132661
  5 ->  17 =   0.078930
  6 ->   8 =  -0.412037
  6 ->   9 =   0.173164
  6 ->  12 =   0.132661
  6 ->  13 =   0.145754
  6 ->  18 =   0.078930

 -------------------------------------------------------------
 Excitation n.   6:   9.308385 eV  f = 0.0000  <S**2> = 0.0000
 -------------------------------------------------------------
  5 ->   8 =   0.412037
  5 ->   9 =  -0.173164
  5 ->  12 =  -0.132661
  5 ->  13 =  -0.145754
  5 ->  18 =  -0.078930
  6 ->   8 =  -0.173164
  6 ->   9 =  -0.412037
  6 ->  12 =   0.145754
  6 ->  13 =  -0.132661
  6 ->  17 =   0.078930

 -------------------------------------------------------------
 Excitation n.   7:   9.934537 eV  f = 0.0021  <S**2> = 0.0000
 -------------------------------------------------------------
  4 ->   8 =   0.401071
  4 ->   9 =   0.477576
  4 ->  12 =  -0.263198
  4 ->  13 =   0.123174
  4 ->  17 =  -0.138690

 -------------------------------------------------------------
 Excitation n.   8:   9.934537 eV  f = 0.0021  <S**2> = 0.0000
 -------------------------------------------------------------
  4 ->   8 =   0.477576
  4 ->   9 =  -0.401071
  4 ->  12 =  -0.123174
  4 ->  13 =  -0.263198
  4 ->  18 =  -0.138690

 -------------------------------------------------------------
 Excitation n.   9:  10.020491 eV  f = 0.0352  <S**2> = 0.0000
 -------------------------------------------------------------
  4 ->  10 =  -0.070886
  5 ->   8 =   0.378826
  5 ->   9 =  -0.296236
  5 ->  13 =  -0.101993
  6 ->   8 =   0.296236
  6 ->   9 =   0.378826
  6 ->  12 =  -0.101993

 -------------------------------------------------------------
 Excitation n.  10:  10.085189 eV  f = 0.0424  <S**2> = 0.0000
 -------------------------------------------------------------
  5 ->   7 =  -0.229272
  5 ->  10 =   0.614194
  5 ->  11 =   0.222378
  5 ->  19 =   0.119019

Thomas-Reiche-Kuhn sum rule =   0.158973


 -------------------------------------------------------------
   RPAx@HF      calculation: triplet        manifold
 -------------------------------------------------------------
 | State |  Excitation energy (au) |  Excitation energy (eV) |
 -------------------------------------------------------------
 |     1 |                0.283166 |                7.705330 |
 |     2 |                0.283166 |                7.705330 |
 |     3 |                0.303165 |                8.249540 |
 |     4 |                0.319513 |                8.694387 |
 |     5 |                0.330269 |                8.987066 |
 |     6 |                0.330269 |                8.987066 |
 |     7 |                0.340689 |                9.270623 |
 |     8 |                0.358145 |                9.745619 |
 |     9 |                0.358145 |                9.745619 |
 |    10 |                0.362166 |                9.855034 |
 |    11 |                0.362166 |                9.855034 |
 |    12 |                0.386090 |               10.506040 |
 |    13 |                0.437645 |               11.908935 |
 |    14 |                0.444369 |               12.091908 |
 |    15 |                0.444369 |               12.091908 |
 |    16 |                0.449617 |               12.234702 |
 |    17 |                0.455841 |               12.404060 |
 |    18 |                0.455841 |               12.404060 |
 |    19 |                0.467205 |               12.713284 |
 |    20 |                0.467205 |               12.713284 |
 -------------------------------------------------------------

 -------------------------------------------------------------
 Excitation n.   1:   7.705330 eV  f = 0.0000  <S**2> = 2.0000
 -------------------------------------------------------------
  5 ->   7 =   0.616972
  5 ->  10 =   0.292504
  5 ->  11 =  -0.077087
  5 ->  14 =   0.133956
  5 ->  19 =   0.078669

 -------------------------------------------------------------
 Excitation n.   2:   7.705330 eV  f = 0.0000  <S**2> = 2.0000
 -------------------------------------------------------------
  6 ->   7 =  -0.616972
  6 ->  10 =  -0.292504
  6 ->  11 =   0.077087
  6 ->  14 =  -0.133956
  6 ->  19 =  -0.078669

 -------------------------------------------------------------
 Excitation n.   3:   8.249540 eV  f = 0.0000  <S**2> = 2.0000
 -------------------------------------------------------------
  4 ->   7 =  -0.540403
  4 ->  10 =  -0.244787
  4 ->  11 =   0.082494
  4 ->  14 =  -0.133763
  5 ->   8 =   0.147580
  5 ->   9 =  -0.115405
  5 ->  13 =  -0.110446
  5 ->  18 =  -0.078330
  6 ->   8 =   0.115405
  6 ->   9 =   0.147580
  6 ->  12 =  -0.110446
  6 ->  17 =  -0.078330

 -------------------------------------------------------------
 Excitation n.   4:   8.694387 eV  f = 0.0000  <S**2> = 2.0000
 -------------------------------------------------------------
  4 ->   7 =   0.308888
  4 ->  10 =   0.138840
  5 ->   8 =   0.285142
  5 ->   9 =  -0.222977
  5 ->  12 =  -0.090363
  5 ->  13 =  -0.176753
  5 ->  18 =  -0.127316
  6 ->   8 =   0.222977
  6 ->   9 =   0.285142
  6 ->  12 =  -0.176753
  6 ->  13 =   0.090363
  6 ->  17 =  -0.127316

 -------------------------------------------------------------
 Excitation n.   5:   8.987066 eV  f = 0.0000  <S**2> = 2.0000
 -------------------------------------------------------------
  5 ->   9 =  -0.427642
  5 ->  12 =   0.078458
  5 ->  13 =  -0.203733
  5 ->  18 =  -0.126522
  6 ->   8 =  -0.427642
  6 ->  12 =   0.203733
  6 ->  13 =   0.078458
  6 ->  17 =   0.126522

 -------------------------------------------------------------
 Excitation n.   6:   8.987066 eV  f = 0.0000  <S**2> = 2.0000
 -------------------------------------------------------------
  5 ->   8 =  -0.427642
  5 ->  12 =   0.203733
  5 ->  13 =   0.078458
  5 ->  17 =   0.126522
  6 ->   9 =   0.427642
  6 ->  12 =  -0.078458
  6 ->  13 =   0.203733
  6 ->  18 =   0.126522

 -------------------------------------------------------------
 Excitation n.   7:   9.270623 eV  f = 0.0000  <S**2> = 2.0000
 -------------------------------------------------------------
  5 ->   8 =   0.272938
  5 ->   9 =   0.349032
  5 ->  12 =  -0.180280
  5 ->  13 =   0.092167
  5 ->  17 =  -0.100413
  6 ->   8 =  -0.349032
  6 ->   9 =   0.272938
  6 ->  12 =   0.092167
  6 ->  13 =   0.180280
  6 ->  18 =   0.100413

 -------------------------------------------------------------
 Excitation n.   8:   9.745619 eV  f = 0.0000  <S**2> = 2.0000
 -------------------------------------------------------------
  4 ->   8 =  -0.470209
  4 ->   9 =   0.373351
  4 ->  12 =   0.140032
  4 ->  13 =   0.278995
  4 ->  17 =   0.078592
  4 ->  18 =   0.160178
  5 ->   7 =  -0.074001

 -------------------------------------------------------------
 Excitation n.   9:   9.745619 eV  f = 0.0000  <S**2> = 2.0000
 -------------------------------------------------------------
  4 ->   8 =   0.373351
  4 ->   9 =   0.470209
  4 ->  12 =  -0.278995
  4 ->  13 =   0.140032
  4 ->  17 =  -0.160178
  4 ->  18 =   0.078592
  6 ->   7 =   0.074001

 -------------------------------------------------------------
 Excitation n.  10:   9.855034 eV  f = 0.0000  <S**2> = 2.0000
 -------------------------------------------------------------
  5 ->   7 =  -0.277255
  5 ->  10 =   0.576350
  5 ->  11 =   0.232577
  5 ->  14 =   0.079049
  5 ->  19 =   0.153183

Thomas-Reiche-Kuhn sum rule =   0.000000


 -------------------------------------------------------------------------------
              Tr@RPAx correlation energy (singlet) =       -0.0991169384
              Tr@RPAx correlation energy (triplet) =       -0.1778434234
              Tr@RPAx correlation energy           =       -0.2769603618
              Tr@RPAx total energy                 =     -107.2226321055
 -------------------------------------------------------------------------------

                                       Total CPU time for RPAx =      0.024 seconds


 ************************************************
 |          One-shot G0W0 calculation           |
 ************************************************


 -------------------------------------------------------------
   RPA@HF       calculation: singlet        manifold
 -------------------------------------------------------------
 | State |  Excitation energy (au) |  Excitation energy (eV) |
 -------------------------------------------------------------
 |     1 |                0.463576 |               12.614542 |
 |     2 |                0.463576 |               12.614542 |
 |     3 |                0.488197 |               13.284515 |
 |     4 |                0.514560 |               14.001900 |
 |     5 |                0.516080 |               14.043249 |
 |     6 |                0.516080 |               14.043249 |
 |     7 |                0.523547 |               14.246452 |
 |     8 |                0.539998 |               14.694104 |
 |     9 |                0.539998 |               14.694104 |
 |    10 |                0.554726 |               15.094865 |
 |    11 |                0.554726 |               15.094865 |
 |    12 |                0.579270 |               15.762738 |
 |    13 |                0.615806 |               16.756933 |
 |    14 |                0.615806 |               16.756933 |
 |    15 |                0.641116 |               17.445642 |
 |    16 |                0.655897 |               17.847855 |
 |    17 |                0.659253 |               17.939175 |
 |    18 |                0.659253 |               17.939175 |
 |    19 |                0.673878 |               18.337153 |
 |    20 |                0.683844 |               18.608346 |
 -------------------------------------------------------------

  *** Quasiparticle energies obtained by linearization *** 

 -------------------------------------------------------------------------------
   One-shot G0W0 calculation
 -------------------------------------------------------------------------------
 |   # |       e_HF (eV) |      Sig_c (eV) |               Z |       e_QP (eV) |
 -------------------------------------------------------------------------------
 |   1 |     -710.616428 |       18.855763 |        0.781811 |     -695.874782 |
 |   2 |      -66.562444 |        1.384584 |        0.970521 |      -65.218675 |
 |   3 |      -37.386003 |       10.620889 |        0.010002 |      -37.279773 |
 |   4 |      -13.336097 |        2.218370 |        0.920282 |      -11.294570 |
 |   5 |      -12.663652 |        2.044274 |        0.919513 |      -10.783917 |
 |   6 |      -12.663652 |        2.044274 |        0.919513 |      -10.783917 |
 |   7 |       -0.071536 |       -0.039453 |        0.998290 |       -0.110922 |
 |   8 |        1.338248 |       -0.016373 |        0.998500 |        1.321899 |
 |   9 |        1.338248 |       -0.016373 |        0.998500 |        1.321899 |
 |  10 |        2.352355 |       -0.040925 |        0.998158 |        2.311506 |
 |  11 |        4.079494 |       -0.043364 |        0.998137 |        4.036211 |
 |  12 |        5.184203 |       -0.077184 |        0.995381 |        5.107375 |
 |  13 |        5.184203 |       -0.077184 |        0.995381 |        5.107375 |
 |  14 |        7.735381 |       -0.085891 |        0.993613 |        7.650038 |
 |  15 |        9.217789 |       -0.087601 |        0.995059 |        9.130621 |
 |  16 |        9.217789 |       -0.087601 |        0.995059 |        9.130621 |
 |  17 |       11.169817 |       -0.090101 |        0.990595 |       11.080564 |
 |  18 |       11.169817 |       -0.090101 |        0.990595 |       11.080564 |
 |  19 |       13.876936 |       -0.209599 |        0.868008 |       13.695003 |
 |  20 |       18.607818 |       -0.083793 |        0.951006 |       18.528130 |
 |  21 |       46.180624 |       -2.396977 |        0.273893 |       45.524109 |
 |  22 |       48.769060 |       -1.888014 |        0.889527 |       47.089621 |
 |  23 |       48.769060 |       -1.888014 |        0.889527 |       47.089621 |
 |  24 |       66.525947 |       -1.967680 |        0.727117 |       65.095214 |
 |  25 |      113.054607 |       -3.631449 |        0.895509 |      109.802612 |
 |  26 |      113.054607 |       -3.631449 |        0.895509 |      109.802612 |
 |  27 |      113.133731 |       -3.589748 |        0.880806 |      109.971861 |
 |  28 |      113.202695 |       -3.773400 |        0.789893 |      110.222113 |
 |  29 |      113.202695 |       -3.773400 |        0.789893 |      110.222113 |
 |  30 |      228.311555 |       -4.197087 |        0.765126 |      225.100256 |
 -------------------------------------------------------------------------------
          G0W0 HOMO      energy:     -10.783917 eV
          G0W0 LUMO      energy:      -0.110922 eV
          G0W0 HOMO-LUMO gap   :      10.672995 eV
 -------------------------------------------------------------------------------
    RPA@G0W0 total energy      :    -107.184220 au
    RPA@G0W0 correlation energy:      -0.238548 au
    GM@G0W0  total energy      :    -107.355651 au
    GM@G0W0  correlation energy:      -0.409979 au
 -------------------------------------------------------------------------------


 -------------------------------------------------------------
   BSE@GW       calculation: singlet        manifold
 -------------------------------------------------------------
 | State |  Excitation energy (au) |  Excitation energy (eV) |
 -------------------------------------------------------------
 |     1 |                0.216402 |                5.888603 |
 |     2 |                0.216402 |                5.888603 |
 |     3 |                0.233306 |                6.348590 |
 |     4 |                0.278931 |                7.590087 |
 |     5 |                0.279175 |                7.596735 |
 |     6 |                0.279175 |                7.596735 |
 |     7 |                0.296702 |                8.073667 |
 |     8 |                0.296702 |                8.073667 |
 |     9 |                0.298339 |                8.118224 |
 |    10 |                0.306955 |                8.352677 |
 |    11 |                0.306955 |                8.352677 |
 |    12 |                0.324597 |                8.832735 |
 |    13 |                0.379332 |               10.322146 |
 |    14 |                0.379332 |               10.322146 |
 |    15 |                0.380196 |               10.345658 |
 |    16 |                0.382602 |               10.411143 |
 |    17 |                0.382602 |               10.411143 |
 |    18 |                0.390087 |               10.614815 |
 |    19 |                0.396721 |               10.795328 |
 |    20 |                0.396721 |               10.795328 |
 -------------------------------------------------------------

 ---------------------------------------------------------------
                 Transition dipole moment (au)                  
 ---------------------------------------------------------------
  #           X           Y           Z   dip. str.   osc. str.
 ---------------------------------------------------------------
  1    0.342822   -0.190365   -0.000000    0.153766    0.022184
  2   -0.190365   -0.342822   -0.000000    0.153766    0.022184
  3    0.000000    0.000000    0.143913    0.020711    0.003221
  4   -0.000000   -0.000000    0.000000    0.000000    0.000000
  5    0.000000    0.000000   -0.000000    0.000000    0.000000
  6   -0.000000   -0.000000    0.000000    0.000000    0.000000
  7    0.089693   -0.029959   -0.000000    0.008942    0.001769
  8   -0.029959   -0.089693    0.000000    0.008942    0.001769
  9    0.000000   -0.000000    0.362947    0.131731    0.026200
 10   -0.130439    0.386105    0.000000    0.166091    0.033988
 ---------------------------------------------------------------

 -------------------------------------------------------------
 Excitation n.   1:   5.888603 eV  f = 0.0222  <S**2> = 0.0000
 -------------------------------------------------------------
  5 ->   7 =   0.651496
  5 ->  10 =   0.230623
  5 ->  11 =  -0.112985
  5 ->  14 =   0.088493

 -------------------------------------------------------------
 Excitation n.   2:   5.888603 eV  f = 0.0222  <S**2> = 0.0000
 -------------------------------------------------------------
  6 ->   7 =   0.651496
  6 ->  10 =   0.230623
  6 ->  11 =  -0.112985
  6 ->  14 =   0.088493

 -------------------------------------------------------------
 Excitation n.   3:   6.348590 eV  f = 0.0032  <S**2> = 0.0000
 -------------------------------------------------------------
  4 ->   7 =   0.648936
  4 ->  10 =   0.237347
  4 ->  11 =  -0.119342
  4 ->  14 =   0.080306

 -------------------------------------------------------------
 Excitation n.   4:   7.590087 eV  f = 0.0000  <S**2> = 0.0000
 -------------------------------------------------------------
  5 ->   8 =   0.280353
  5 ->   9 =   0.358514
  5 ->  12 =  -0.170727
  5 ->  13 =   0.087283
  6 ->   8 =  -0.358514
  6 ->   9 =   0.280353
  6 ->  12 =   0.087283
  6 ->  13 =   0.170727

 -------------------------------------------------------------
 Excitation n.   5:   7.596735 eV  f = 0.0000  <S**2> = 0.0000
 -------------------------------------------------------------
  5 ->   8 =   0.195311
  5 ->   9 =   0.413584
  5 ->  12 =  -0.144226
  5 ->  13 =   0.120268
  6 ->   8 =   0.413584
  6 ->   9 =  -0.195311
  6 ->  12 =  -0.120268
  6 ->  13 =  -0.144226

 -------------------------------------------------------------
 Excitation n.   6:   7.596735 eV  f = 0.0000  <S**2> = 0.0000
 -------------------------------------------------------------
  5 ->   8 =  -0.413584
  5 ->   9 =   0.195311
  5 ->  12 =   0.120268
  5 ->  13 =   0.144226
  6 ->   8 =   0.195311
  6 ->   9 =   0.413584
  6 ->  12 =  -0.144226
  6 ->  13 =   0.120268

 -------------------------------------------------------------
 Excitation n.   7:   8.073667 eV  f = 0.0018  <S**2> = 0.0000
 -------------------------------------------------------------
  4 ->   8 =  -0.436126
  4 ->   9 =   0.469148
  4 ->  12 =   0.086340
  4 ->  13 =   0.265512
  4 ->  18 =   0.101585

 -------------------------------------------------------------
 Excitation n.   8:   8.073667 eV  f = 0.0018  <S**2> = 0.0000
 -------------------------------------------------------------
  4 ->   8 =  -0.469148
  4 ->   9 =  -0.436126
  4 ->  12 =   0.265512
  4 ->  13 =  -0.086340
  4 ->  17 =   0.101585

 -------------------------------------------------------------
 Excitation n.   9:   8.118224 eV  f = 0.0262  <S**2> = 0.0000
 -------------------------------------------------------------
  5 ->   8 =  -0.380583
  5 ->   9 =   0.297610
  5 ->  13 =   0.106239
  6 ->   8 =  -0.297610
  6 ->   9 =  -0.380583
  6 ->  12 =   0.106239

 -------------------------------------------------------------
 Excitation n.  10:   8.352677 eV  f = 0.0340  <S**2> = 0.0000
 -------------------------------------------------------------
  5 ->   7 =   0.146273
  5 ->  10 =  -0.457284
  5 ->  11 =  -0.149367
  6 ->   7 =   0.140265
  6 ->  10 =  -0.438504
  6 ->  11 =  -0.143233

Thomas-Reiche-Kuhn sum rule =   0.111315


 *** dynamical TDA activated ***

 ---------------------------------------------------------------------------------------------------
  First-order dynamical correction to static Bethe-Salpeter excitation energies                     
 ---------------------------------------------------------------------------------------------------
  BSE neutral excitation must be lower than the GW gap =  10.672995 eV
 ---------------------------------------------------------------------------------------------------
      #          Static (eV)         Dynamic (eV)      Correction (eV)         Renorm. (eV)
 ---------------------------------------------------------------------------------------------------
      1            5.888603            5.908231            0.019628            0.996429
      2            5.888603            5.908231            0.019628            0.996429
      3            6.348590            6.367139            0.018549            0.996568
      4            7.590087            7.569780           -0.020307            1.000916
      5            7.596735            7.581644           -0.015092            1.000561
      6            7.596735            7.581644           -0.015092            1.000561
      7            8.073667            8.055671           -0.017996            1.000751
      8            8.073667            8.055671           -0.017996            1.000751
      9            8.118224            8.123664            0.005440            0.999079
     10            8.352677            8.317217           -0.035460            1.003690
 ---------------------------------------------------------------------------------------------------


 -------------------------------------------------------------
   BSE@GW       calculation: triplet        manifold
 -------------------------------------------------------------
 | State |  Excitation energy (au) |  Excitation energy (eV) |
 -------------------------------------------------------------
 |     1 |                0.211870 |                5.765274 |
 |     2 |                0.211870 |                5.765274 |
 |     3 |                0.228456 |                6.216602 |
 |     4 |                0.264090 |                7.186263 |
 |     5 |                0.271835 |                7.397020 |
 |     6 |                0.271835 |                7.397020 |
 |     7 |                0.278931 |                7.590087 |
 |     8 |                0.292181 |                7.950648 |
 |     9 |                0.292181 |                7.950648 |
 |    10 |                0.300304 |                8.171699 |
 |    11 |                0.300304 |                8.171699 |
 |    12 |                0.318640 |                8.670627 |
 |    13 |                0.370632 |               10.085416 |
 |    14 |                0.375734 |               10.224230 |
 |    15 |                0.375734 |               10.224230 |
 |    16 |                0.380196 |               10.345658 |
 |    17 |                0.382007 |               10.394948 |
 |    18 |                0.382007 |               10.394948 |
 |    19 |                0.392538 |               10.681498 |
 |    20 |                0.392538 |               10.681498 |
 -------------------------------------------------------------

 -------------------------------------------------------------
 Excitation n.   1:   5.765274 eV  f = 0.0000  <S**2> = 2.0000
 -------------------------------------------------------------
  6 ->   7 =   0.637138
  6 ->  10 =   0.257617
  6 ->  11 =  -0.102385
  6 ->  14 =   0.109324

 -------------------------------------------------------------
 Excitation n.   2:   5.765274 eV  f = 0.0000  <S**2> = 2.0000
 -------------------------------------------------------------
  5 ->   7 =  -0.637138
  5 ->  10 =  -0.257617
  5 ->  11 =   0.102385
  5 ->  14 =  -0.109324

 -------------------------------------------------------------
 Excitation n.   3:   6.216602 eV  f = 0.0000  <S**2> = 2.0000
 -------------------------------------------------------------
  4 ->   7 =   0.630570
  4 ->  10 =   0.247040
  4 ->  11 =  -0.114094
  4 ->  14 =   0.108998

 -------------------------------------------------------------
 Excitation n.   4:   7.186263 eV  f = 0.0000  <S**2> = 2.0000
 -------------------------------------------------------------
  4 ->   7 =  -0.111708
  5 ->   8 =  -0.338323
  5 ->   9 =   0.264563
  5 ->  12 =   0.097486
  5 ->  13 =   0.190684
  5 ->  18 =   0.100754
  6 ->   8 =  -0.264563
  6 ->   9 =  -0.338323
  6 ->  12 =   0.190684
  6 ->  13 =  -0.097486
  6 ->  17 =   0.100754

 -------------------------------------------------------------
 Excitation n.   5:   7.397020 eV  f = 0.0000  <S**2> = 2.0000
 -------------------------------------------------------------
  5 ->   9 =  -0.440411
  5 ->  12 =   0.114485
  5 ->  13 =  -0.170394
  5 ->  18 =  -0.078201
  6 ->   8 =  -0.440411
  6 ->  12 =   0.170394
  6 ->  13 =   0.114485
  6 ->  17 =   0.078201

 -------------------------------------------------------------
 Excitation n.   6:   7.397020 eV  f = 0.0000  <S**2> = 2.0000
 -------------------------------------------------------------
  5 ->   8 =   0.440411
  5 ->  12 =  -0.170394
  5 ->  13 =  -0.114485
  5 ->  17 =  -0.078201
  6 ->   9 =  -0.440411
  6 ->  12 =   0.114485
  6 ->  13 =  -0.170394
  6 ->  18 =  -0.078201

 -------------------------------------------------------------
 Excitation n.   7:   7.590087 eV  f = 0.0000  <S**2> = 2.0000
 -------------------------------------------------------------
  5 ->   8 =  -0.280353
  5 ->   9 =  -0.358514
  5 ->  12 =   0.170727
  5 ->  13 =  -0.087283
  6 ->   8 =   0.358514
  6 ->   9 =  -0.280353
  6 ->  12 =  -0.087283
  6 ->  13 =  -0.170727

 -------------------------------------------------------------
 Excitation n.   8:   7.950648 eV  f = 0.0000  <S**2> = 2.0000
 -------------------------------------------------------------
  4 ->   8 =   0.477310
  4 ->   9 =   0.400399
  4 ->  12 =  -0.287779
  4 ->  13 =   0.077622
  4 ->  17 =  -0.121570

 -------------------------------------------------------------
 Excitation n.   9:   7.950648 eV  f = 0.0000  <S**2> = 2.0000
 -------------------------------------------------------------
  4 ->   8 =   0.400399
  4 ->   9 =  -0.477310
  4 ->  12 =  -0.077622
  4 ->  13 =  -0.287779
  4 ->  18 =  -0.121570

 -------------------------------------------------------------
 Excitation n.  10:   8.171699 eV  f = 0.0000  <S**2> = 2.0000
 -------------------------------------------------------------
  6 ->   7 =  -0.233076
  6 ->  10 =   0.608095
  6 ->  11 =   0.216425
  6 ->  14 =   0.092516
  6 ->  19 =   0.121804

Thomas-Reiche-Kuhn sum rule =   0.000000


 *** dynamical TDA activated ***

 ---------------------------------------------------------------------------------------------------
  First-order dynamical correction to static Bethe-Salpeter excitation energies                     
 ---------------------------------------------------------------------------------------------------
  BSE neutral excitation must be lower than the GW gap =  10.672995 eV
 ---------------------------------------------------------------------------------------------------
      #          Static (eV)         Dynamic (eV)      Correction (eV)         Renorm. (eV)
 ---------------------------------------------------------------------------------------------------
      1            5.765274            5.776855            0.011580            0.996948
      2            5.765274            5.776855            0.011580            0.996948
      3            6.216602            6.226578            0.009976            0.997056
      4            7.186263            7.142395           -0.043868            1.001598
      5            7.397020            7.366917           -0.030102            1.001197
      6            7.397020            7.366917           -0.030102            1.001197
      7            7.590087            7.569780           -0.020307            1.000916
      8            7.950648            7.923790           -0.026858            1.001110
      9            7.950648            7.923790           -0.026858            1.001110
     10            8.171699            8.124776           -0.046923            1.003774
 ---------------------------------------------------------------------------------------------------


 -------------------------------------------------------------------------------
          Tr@BSE@G0W0 correlation energy (singlet) =       -0.1966920492
          Tr@BSE@G0W0 correlation energy (triplet) =       -0.0384786928
          Tr@BSE@G0W0 correlation energy           =       -0.2351707420
          Tr@BSE@G0W0 total energy                 =     -107.1808424857
 -------------------------------------------------------------------------------

                                       Total CPU time for G0W0 =      0.523 seconds


 ************************************************
 |          One-shot G0T0 calculation           |
 ************************************************


 -------------------------------------------------------------
   pp-RPA (N+2) calculation: alpha-beta     manifold
 -------------------------------------------------------------
 | State |  Excitation energy (au) |  Excitation energy (eV) |
 -------------------------------------------------------------
 |     1 |                0.161619 |                4.397879 |
 |     2 |                0.163173 |                4.440158 |
 |     3 |                0.163173 |                4.440158 |
 |     4 |                0.198451 |                5.400137 |
 |     5 |                0.199838 |                5.437872 |
 |     6 |                0.199838 |                5.437872 |
 |     7 |                0.211679 |                5.760072 |
 |     8 |                0.211961 |                5.767744 |
 |     9 |                0.226792 |                6.171338 |
 |    10 |                0.226792 |                6.171338 |
 |    11 |                0.245518 |                6.680876 |
 |    12 |                0.245518 |                6.680876 |
 |    13 |                0.251463 |                6.842668 |
 |    14 |                0.267762 |                7.286167 |
 |    15 |                0.267762 |                7.286167 |
 |    16 |                0.300063 |                8.165121 |
 |    17 |                0.311290 |                8.470627 |
 |    18 |                0.325596 |                8.859909 |
 |    19 |                0.325596 |                8.859909 |
 |    20 |                0.336017 |                9.143480 |
 -------------------------------------------------------------


 -------------------------------------------------------------
   pp-RPA (N-2) calculation: alpha-beta     manifold
 -------------------------------------------------------------
 | State |  Excitation energy (au) |  Excitation energy (eV) |
 -------------------------------------------------------------
 |     1 |              -57.602440 |            -1567.442234 |
 |     2 |              -28.911544 |             -786.723193 |
 |     3 |              -28.903825 |             -786.513132 |
 |     4 |              -28.807423 |             -783.889916 |
 |     5 |              -28.662445 |             -779.944861 |
 |     6 |              -27.815511 |             -756.898617 |
 |     7 |              -27.763505 |             -755.483459 |
 |     8 |              -27.763505 |             -755.483459 |
 |     9 |              -27.744375 |             -754.962906 |
 |    10 |              -27.694374 |             -753.602297 |
 |    11 |              -27.694374 |             -753.602297 |
 |    12 |               -6.540572 |             -177.978038 |
 |    13 |               -4.179313 |             -113.724910 |
 |    14 |               -4.169829 |             -113.466833 |
 |    15 |               -3.662905 |              -99.672727 |
 |    16 |               -3.297295 |              -89.723976 |
 |    17 |               -3.285172 |              -89.394084 |
 |    18 |               -3.242232 |              -88.225621 |
 |    19 |               -3.242232 |              -88.225621 |
 |    20 |               -3.239967 |              -88.163986 |
 -------------------------------------------------------------


 -------------------------------------------------------------
   pp-RPA (N+2) calculation: alpha-alpha    manifold
 -------------------------------------------------------------
 | State |  Excitation energy (au) |  Excitation energy (eV) |
 -------------------------------------------------------------
 |     1 |                0.163173 |                4.440158 |
 |     2 |                0.163173 |                4.440158 |
 |     3 |                0.198451 |                5.400137 |
 |     4 |                0.211961 |                5.767744 |
 |     5 |                0.245518 |                6.680876 |
 |     6 |                0.245518 |                6.680876 |
 |     7 |                0.300063 |                8.165121 |
 |     8 |                0.325596 |                8.859909 |
 |     9 |                0.325596 |                8.859909 |
 |    10 |                0.352269 |                9.585735 |
 |    11 |                0.356101 |                9.690001 |
 |    12 |                0.356101 |                9.690001 |
 |    13 |                0.374427 |               10.188669 |
 |    14 |                0.374427 |               10.188669 |
 |    15 |                0.380600 |               10.356655 |
 |    16 |                0.389413 |               10.596467 |
 |    17 |                0.413772 |               11.259311 |
 |    18 |                0.413772 |               11.259311 |
 |    19 |                0.443472 |               12.067489 |
 |    20 |                0.473636 |               12.888296 |
 -------------------------------------------------------------


 -------------------------------------------------------------
   pp-RPA (N-2) calculation: alpha-alpha    manifold
 -------------------------------------------------------------
 | State |  Excitation energy (au) |  Excitation energy (eV) |
 -------------------------------------------------------------
 |     1 |              -28.903825 |             -786.513132 |
 |     2 |              -28.662445 |             -779.944861 |
 |     3 |              -27.744375 |             -754.962906 |
 |     4 |              -27.694374 |             -753.602297 |
 |     5 |              -27.694374 |             -753.602297 |
 |     6 |               -4.169829 |             -113.466833 |
 |     7 |               -3.285172 |              -89.394084 |
 |     8 |               -3.239967 |              -88.163986 |
 |     9 |               -3.239967 |              -88.163986 |
 |    10 |               -2.527813 |              -68.785288 |
 |    11 |               -2.492811 |              -67.832855 |
 |    12 |               -2.492811 |              -67.832855 |
 |    13 |               -1.661818 |              -45.220377 |
 |    14 |               -1.661818 |              -45.220377 |
 |    15 |               -1.624693 |              -44.210138 |
 -------------------------------------------------------------

 -------------------------------------------------------------------------------
   One-shot G0T0 calculation (T-matrix self-energy)  
 -------------------------------------------------------------------------------
 |   # |       e_HF (eV) |    Sigma_T (eV) |               Z |       e_QP (eV) |
 -------------------------------------------------------------------------------
 |   1 |     -710.616428 |       22.335797 |        0.788068 |     -693.014296 |
 |   2 |      -66.562444 |        0.627918 |        0.986698 |      -65.942879 |
 |   3 |      -37.386003 |        4.146241 |        0.928123 |      -33.537780 |
 |   4 |      -13.336097 |        2.577977 |        0.938671 |      -10.916223 |
 |   5 |      -12.663652 |        2.265047 |        0.943051 |      -10.527596 |
 |   6 |      -12.663652 |        2.265047 |        0.943051 |      -10.527596 |
 |   7 |       -0.071536 |       -0.032881 |        0.999003 |       -0.104385 |
 |   8 |        1.338248 |       -0.013326 |        0.999036 |        1.324934 |
 |   9 |        1.338248 |       -0.013326 |        0.999036 |        1.324934 |
 |  10 |        2.352355 |       -0.045621 |        0.998557 |        2.306800 |
 |  11 |        4.079494 |       -0.037974 |        0.998824 |        4.041565 |
 |  12 |        5.184203 |       -0.059755 |        0.997550 |        5.124595 |
 |  13 |        5.184203 |       -0.059755 |        0.997550 |        5.124595 |
 |  14 |        7.735381 |       -0.083035 |        0.996023 |        7.652676 |
 |  15 |        9.217789 |       -0.054895 |        0.998205 |        9.162992 |
 |  16 |        9.217789 |       -0.054895 |        0.998205 |        9.162992 |
 |  17 |       11.169817 |       -0.102897 |        0.993727 |       11.067566 |
 |  18 |       11.169817 |       -0.102897 |        0.993727 |       11.067566 |
 |  19 |       13.876936 |       -0.294558 |        0.990668 |       13.585127 |
 |  20 |       18.607818 |       -0.098503 |        0.974927 |       18.511784 |
 |  21 |       46.180624 |       -2.378920 |        0.735332 |       44.431327 |
 |  22 |       48.769060 |       -2.416791 |        0.731043 |       47.002282 |
 |  23 |       48.769060 |       -2.416791 |        0.731043 |       47.002282 |
 |  24 |       66.525947 |       -2.895601 |        0.375700 |       65.438070 |
 |  25 |      113.054607 |       -4.569943 |        0.882168 |      109.023149 |
 |  26 |      113.054607 |       -4.569943 |        0.882168 |      109.023149 |
 |  27 |      113.133731 |       -4.555287 |        0.884365 |      109.105195 |
 |  28 |      113.202695 |       -4.655906 |        0.892719 |      109.046277 |
 |  29 |      113.202695 |       -4.655906 |        0.892719 |      109.046277 |
 |  30 |      228.311555 |       -6.423465 |        0.857061 |      222.806252 |
 -------------------------------------------------------------------------------
             G0T0 HOMO      energy (eV)            =     -10.527596 eV
             G0T0 LUMO      energy (eV)            =      -0.104385 eV
             G0T0 HOMO-LUMO gap    (eV)            =      10.423212 eV
 -------------------------------------------------------------------------------
        Tr@ppRPA@G0T0 correlation energy (singlet) =       -0.0983592128 au
        Tr@ppRPA@G0T0 correlation energy (triplet) =       -0.0727685974 au
        Tr@ppRPA@G0T0 correlation energy           =       -0.1711278102 au
        Tr@ppRPA@G0T0 total energy                 =     -107.1167995539 au
              GM@G0T0 correlation energy           =       -0.2886682658 au
              GM@G0T0 total energy                 =     -107.2343400095 au
 -------------------------------------------------------------------------------


 -------------------------------------------------------------
   BSE@GT       calculation: singlet        manifold
 -------------------------------------------------------------
 | State |  Excitation energy (au) |  Excitation energy (eV) |
 -------------------------------------------------------------
 |     1 |                0.211321 |                5.750341 |
 |     2 |                0.211321 |                5.750341 |
 |     3 |                0.223486 |                6.081376 |
 |     4 |                0.266869 |                7.261862 |
 |     5 |                0.266869 |                7.261862 |
 |     6 |                0.268069 |                7.294517 |
 |     7 |                0.280718 |                7.638722 |
 |     8 |                0.280718 |                7.638722 |
 |     9 |                0.287845 |                7.832670 |
 |    10 |                0.291960 |                7.944645 |
 |    11 |                0.291960 |                7.944645 |
 |    12 |                0.304326 |                8.281127 |
 |    13 |                0.370247 |               10.074923 |
 |    14 |                0.370247 |               10.074923 |
 |    15 |                0.371479 |               10.108464 |
 |    16 |                0.376795 |               10.253127 |
 |    17 |                0.376795 |               10.253127 |
 |    18 |                0.382269 |               10.402065 |
 |    19 |                0.383910 |               10.446723 |
 |    20 |                0.383910 |               10.446723 |
 -------------------------------------------------------------

 ---------------------------------------------------------------
                 Transition dipole moment (au)                  
 ---------------------------------------------------------------
  #           X           Y           Z   dip. str.   osc. str.
 ---------------------------------------------------------------
  1   -0.280371   -0.323163    0.000000    0.183042    0.025787
  2    0.323163   -0.280371    0.000000    0.183042    0.025787
  3    0.000000    0.000000   -0.169263    0.028650    0.004269
  4    0.000000    0.000000    0.000000    0.000000    0.000000
  5    0.000000    0.000000   -0.000000    0.000000    0.000000
  6    0.000000    0.000000    0.000000    0.000000    0.000000
  7   -0.072854    0.046334    0.000000    0.007455    0.001395
  8   -0.046334   -0.072854    0.000000    0.007455    0.001395
  9   -0.000000   -0.000000   -0.403786    0.163043    0.031287
 10    0.374723   -0.177994   -0.000000    0.172099    0.033497
 ---------------------------------------------------------------

 -------------------------------------------------------------
 Excitation n.   1:   5.750341 eV  f = 0.0258  <S**2> = 0.0000
 -------------------------------------------------------------
  5 ->   7 =  -0.149476
  6 ->   7 =   0.626950
  6 ->  10 =   0.244152
  6 ->  11 =  -0.093235
  6 ->  14 =   0.095712

 -------------------------------------------------------------
 Excitation n.   2:   5.750341 eV  f = 0.0258  <S**2> = 0.0000
 -------------------------------------------------------------
  5 ->   7 =   0.626950
  5 ->  10 =   0.244152
  5 ->  11 =  -0.093235
  5 ->  14 =   0.095712
  6 ->   7 =   0.149476

 -------------------------------------------------------------
 Excitation n.   3:   6.081376 eV  f = 0.0043  <S**2> = 0.0000
 -------------------------------------------------------------
  4 ->   7 =  -0.639667
  4 ->  10 =  -0.261199
  4 ->  11 =   0.099606
  4 ->  14 =  -0.092043

 -------------------------------------------------------------
 Excitation n.   4:   7.261862 eV  f = 0.0000  <S**2> = 0.0000
 -------------------------------------------------------------
  5 ->   9 =  -0.446244
  5 ->  12 =   0.105218
  5 ->  13 =  -0.160727
  5 ->  18 =  -0.080945
  6 ->   8 =  -0.446244
  6 ->  12 =   0.160727
  6 ->  13 =   0.105218
  6 ->  17 =   0.080945

 -------------------------------------------------------------
 Excitation n.   5:   7.261862 eV  f = 0.0000  <S**2> = 0.0000
 -------------------------------------------------------------
  5 ->   8 =   0.446244
  5 ->  12 =  -0.160727
  5 ->  13 =  -0.105218
  5 ->  17 =  -0.080945
  6 ->   9 =  -0.446244
  6 ->  12 =   0.105218
  6 ->  13 =  -0.160727
  6 ->  18 =  -0.080945

 -------------------------------------------------------------
 Excitation n.   6:   7.294517 eV  f = 0.0000  <S**2> = 0.0000
 -------------------------------------------------------------
  5 ->   8 =   0.277784
  5 ->   9 =   0.355229
  5 ->  12 =  -0.171238
  5 ->  13 =   0.087544
  5 ->  17 =  -0.086981
  6 ->   8 =  -0.355229
  6 ->   9 =   0.277784
  6 ->  12 =   0.087544
  6 ->  13 =   0.171238
  6 ->  18 =   0.086981

 -------------------------------------------------------------
 Excitation n.   7:   7.638722 eV  f = 0.0014  <S**2> = 0.0000
 -------------------------------------------------------------
  4 ->   8 =   0.529550
  4 ->   9 =  -0.345250
  4 ->  12 =  -0.148469
  4 ->  13 =  -0.237602
  4 ->  17 =  -0.071295
  4 ->  18 =  -0.116424

 -------------------------------------------------------------
 Excitation n.   8:   7.638722 eV  f = 0.0014  <S**2> = 0.0000
 -------------------------------------------------------------
  4 ->   8 =  -0.345250
  4 ->   9 =  -0.529550
  4 ->  12 =   0.237602
  4 ->  13 =  -0.148469
  4 ->  17 =   0.116424
  4 ->  18 =  -0.071295

 -------------------------------------------------------------
 Excitation n.   9:   7.832670 eV  f = 0.0313  <S**2> = 0.0000
 -------------------------------------------------------------
  5 ->   8 =   0.378464
  5 ->   9 =  -0.295953
  5 ->  13 =  -0.106655
  6 ->   8 =   0.295953
  6 ->   9 =   0.378464
  6 ->  12 =  -0.106655

 -------------------------------------------------------------
 Excitation n.  10:   7.944645 eV  f = 0.0335  <S**2> = 0.0000
 -------------------------------------------------------------
  5 ->   7 =  -0.225654
  5 ->  10 =   0.616412
  5 ->  11 =   0.219149
  5 ->  19 =   0.116897

Thomas-Reiche-Kuhn sum rule =   0.123418


 *** dynamical TDA activated ***

 ---------------------------------------------------------------------------------------------------
  First-order dynamical correction to static Bethe-Salpeter excitation energies                     
 ---------------------------------------------------------------------------------------------------
  BSE neutral excitation must be lower than the GT gap =  10.423212 eV
 ---------------------------------------------------------------------------------------------------
      #          Static (eV)         Dynamic (eV)      Correction (eV)         Renorm. (eV)
 ---------------------------------------------------------------------------------------------------
      1            5.750341            5.742134           -0.008207            1.000430
      2            5.750341            5.742134           -0.008207            1.000430
      3            6.081376            6.074170           -0.007205            1.000229
      4            7.261862            7.251551           -0.010311            1.001974
      5            7.261862            7.251551           -0.010311            1.001974
      6            7.294517            7.279386           -0.015132            1.002463
      7            7.638722            7.625569           -0.013154            1.002295
      8            7.638722            7.625569           -0.013154            1.002295
      9            7.832670            7.801201           -0.031469            0.995942
     10            7.944645            7.934587           -0.010057            1.000653
 ---------------------------------------------------------------------------------------------------


 -------------------------------------------------------------
   BSE@GT       calculation: triplet        manifold
 -------------------------------------------------------------
 | State |  Excitation energy (au) |  Excitation energy (eV) |
 -------------------------------------------------------------
 |     1 |                0.205837 |                5.601103 |
 |     2 |                0.205837 |                5.601103 |
 |     3 |                0.218538 |                5.946719 |
 |     4 |                0.255021 |                6.939481 |
 |     5 |                0.262005 |                7.129515 |
 |     6 |                0.262005 |                7.129515 |
 |     7 |                0.267604 |                7.281884 |
 |     8 |                0.277052 |                7.538959 |
 |     9 |                0.277052 |                7.538959 |
 |    10 |                0.284477 |                7.741001 |
 |    11 |                0.284477 |                7.741001 |
 |    12 |                0.297877 |                8.105639 |
 |    13 |                0.362419 |                9.861910 |
 |    14 |                0.367523 |               10.000800 |
 |    15 |                0.367523 |               10.000800 |
 |    16 |                0.371264 |               10.102618 |
 |    17 |                0.376006 |               10.231646 |
 |    18 |                0.376006 |               10.231646 |
 |    19 |                0.379998 |               10.340267 |
 |    20 |                0.379998 |               10.340267 |
 -------------------------------------------------------------

 -------------------------------------------------------------
 Excitation n.   1:   5.601103 eV  f = 0.0000  <S**2> = 2.0000
 -------------------------------------------------------------
  5 ->   7 =   0.622981
  5 ->  10 =   0.287223
  5 ->  11 =  -0.079897
  5 ->  14 =   0.122117
  5 ->  19 =   0.071373

 -------------------------------------------------------------
 Excitation n.   2:   5.601103 eV  f = 0.0000  <S**2> = 2.0000
 -------------------------------------------------------------
  6 ->   7 =  -0.622981
  6 ->  10 =  -0.287223
  6 ->  11 =   0.079897
  6 ->  14 =  -0.122117
  6 ->  19 =  -0.071373

 -------------------------------------------------------------
 Excitation n.   3:   5.946719 eV  f = 0.0000  <S**2> = 2.0000
 -------------------------------------------------------------
  4 ->   7 =  -0.619571
  4 ->  10 =  -0.276608
  4 ->  11 =   0.091142
  4 ->  14 =  -0.120532

 -------------------------------------------------------------
 Excitation n.   4:   6.939481 eV  f = 0.0000  <S**2> = 2.0000
 -------------------------------------------------------------
  4 ->   7 =   0.098092
  5 ->   8 =   0.336450
  5 ->   9 =  -0.263098
  5 ->  12 =  -0.095865
  5 ->  13 =  -0.187513
  5 ->  18 =  -0.115915
  6 ->   8 =   0.263098
  6 ->   9 =   0.336450
  6 ->  12 =  -0.187513
  6 ->  13 =   0.095865
  6 ->  17 =  -0.115915

 -------------------------------------------------------------
 Excitation n.   5:   7.129515 eV  f = 0.0000  <S**2> = 2.0000
 -------------------------------------------------------------
  5 ->   9 =  -0.437184
  5 ->  12 =   0.112567
  5 ->  13 =  -0.169031
  5 ->  18 =  -0.093101
  6 ->   8 =  -0.437184
  6 ->  12 =   0.169031
  6 ->  13 =   0.112567
  6 ->  17 =   0.093101

 -------------------------------------------------------------
 Excitation n.   6:   7.129515 eV  f = 0.0000  <S**2> = 2.0000
 -------------------------------------------------------------
  5 ->   8 =  -0.437184
  5 ->  12 =   0.169031
  5 ->  13 =   0.112567
  5 ->  17 =   0.093101
  6 ->   9 =   0.437184
  6 ->  12 =  -0.112567
  6 ->  13 =   0.169031
  6 ->  18 =   0.093101

 -------------------------------------------------------------
 Excitation n.   7:   7.281884 eV  f = 0.0000  <S**2> = 2.0000
 -------------------------------------------------------------
  5 ->   8 =  -0.277387
  5 ->   9 =  -0.354722
  5 ->  12 =   0.172062
  5 ->  13 =  -0.087965
  5 ->  17 =   0.088022
  6 ->   8 =   0.354722
  6 ->   9 =  -0.277387
  6 ->  12 =  -0.087965
  6 ->  13 =  -0.172062
  6 ->  18 =  -0.088022

 -------------------------------------------------------------
 Excitation n.   8:   7.538959 eV  f = 0.0000  <S**2> = 2.0000
 -------------------------------------------------------------
  4 ->   8 =   0.505291
  4 ->   9 =  -0.354675
  4 ->  12 =  -0.148501
  4 ->  13 =  -0.256828
  4 ->  17 =  -0.075431
  4 ->  18 =  -0.133219

 -------------------------------------------------------------
 Excitation n.   9:   7.538959 eV  f = 0.0000  <S**2> = 2.0000
 -------------------------------------------------------------
  4 ->   8 =   0.354675
  4 ->   9 =   0.505291
  4 ->  12 =  -0.256828
  4 ->  13 =   0.148501
  4 ->  17 =  -0.133219
  4 ->  18 =   0.075431

 -------------------------------------------------------------
 Excitation n.  10:   7.741001 eV  f = 0.0000  <S**2> = 2.0000
 -------------------------------------------------------------
  6 ->   7 =   0.270429
  6 ->  10 =  -0.583626
  6 ->  11 =  -0.228361
  6 ->  14 =  -0.080229
  6 ->  19 =  -0.148346

Thomas-Reiche-Kuhn sum rule =   0.000000


 *** dynamical TDA activated ***

 ---------------------------------------------------------------------------------------------------
  First-order dynamical correction to static Bethe-Salpeter excitation energies                     
 ---------------------------------------------------------------------------------------------------
  BSE neutral excitation must be lower than the GT gap =  10.423212 eV
 ---------------------------------------------------------------------------------------------------
      #          Static (eV)         Dynamic (eV)      Correction (eV)         Renorm. (eV)
 ---------------------------------------------------------------------------------------------------
      1            5.601103            5.588050           -0.013054            1.000665
      2            5.601103            5.588050           -0.013054            1.000665
      3            5.946719            5.931894           -0.014824            1.000821
      4            6.939481            6.893166           -0.046314            1.004398
      5            7.129515            7.099328           -0.030186            1.003414
      6            7.129515            7.099328           -0.030186            1.003414
      7            7.281884            7.267674           -0.014209            1.002538
      8            7.538959            7.515883           -0.023075            1.003062
      9            7.538959            7.515883           -0.023075            1.003062
     10            7.741001            7.730295           -0.010706            1.000741
 ---------------------------------------------------------------------------------------------------


 -------------------------------------------------------------------------------
          Tr@BSE@G0T0 correlation energy (singlet) =       -0.0569164863 au
          Tr@BSE@G0T0 correlation energy (triplet) =       -0.0281117972 au
          Tr@BSE@G0T0 correlation energy           =       -0.0850282836 au
          Tr@BSE@G0T0 total energy                 =     -107.0307000273 au
 -------------------------------------------------------------------------------

                                       Total CPU time for G0T0 =      6.357 seconds

                                      Total CPU time for QuAcK =     12.791 seconds

