210 significant shell pairs computed in 0.000773 seconds
0
Computed Electron repulsion integrals Integrals in parallel in 7.402269 seconds

 ******************************************************************************************
 *            QuAcK                       QuAcK                         QuAcK             *
 *   __        __        __       __        __        __       __        __        __     *
 * <(o )___  <(o )___  <(o )___ <(o )___  <(o )___  <(o )___ <(o )___  <(o )___  <(o )___ *
 * ( ._> /   ( ._> /   ( ._> /  ( ._> /   ( ._> /   ( ._> /  ( ._> /   ( ._> /   ( ._> /  *
 *|--------------------------------------------------------------------------------------|*
 ******************************************************************************************

      ----------------------
             Number of atoms                2
      ----------------------

      ----------------------
Number of spin-up   electron                6
Number of spin-down electron                6
    Total number of electron               12
      ----------------------

      ----------------------
Number of core      electron                0
Number of Rydberg   electron                0
      ----------------------

          ------------------
          Molecular geometry
          ------------------
                    Atom n.                 1
                        Z =      3.0000000000
           Atom coordinates:     0.0000000000    0.0000000000    0.0000000000
                    Atom n.                 2
                        Z =      9.0000000000
           Atom coordinates:     0.0000000000    0.0000000000    2.9555316602

          ------------------
 Nuclear repulsion energy =      9.1354122047
          ------------------

          Gaussian basis set
          ------------------
                    Atom n.                 1
           number of shells                10
          ------------------
      s-type shell with K =                11
                                    Exponents     Contraction
                              5988.0000000000    0.0001330000
                               898.9000000000    0.0010250000
                               205.9000000000    0.0052720000
                                59.2400000000    0.0209290000
                                19.8700000000    0.0663400000
                                 7.4060000000    0.1657750000
                                 2.9300000000    0.3150380000
                                 1.1890000000    0.3935230000
                                 0.4798000000    0.1908700000
                                 0.0750900000    0.0054140000
                                 0.0283200000   -0.0013280000
      s-type shell with K =                11
                                    Exponents     Contraction
                              5988.0000000000   -0.0000210000
                               898.9000000000   -0.0001610000
                               205.9000000000   -0.0008200000
                                59.2400000000   -0.0033260000
                                19.8700000000   -0.0105190000
                                 7.4060000000   -0.0280970000
                                 2.9300000000   -0.0559360000
                                 1.1890000000   -0.0992370000
                                 0.4798000000   -0.1121890000
                                 0.0750900000    0.5678890000
                                 0.0283200000    0.5303820000
      s-type shell with K =                 1
                                    Exponents     Contraction
                                 0.0750900000    1.0000000000
      s-type shell with K =                 1
                                    Exponents     Contraction
                                 0.0283200000    1.0000000000
      p-type shell with K =                 5
                                    Exponents     Contraction
                                 3.2660000000    0.0086300000
                                 0.6511000000    0.0475380000
                                 0.1696000000    0.2097720000
                                 0.0557800000    0.5285220000
                                 0.0205000000    0.3827440000
      p-type shell with K =                 1
                                    Exponents     Contraction
                                 0.0557800000    1.0000000000
      p-type shell with K =                 1
                                    Exponents     Contraction
                                 0.0205000000    1.0000000000
      d-type shell with K =                 1
                                    Exponents     Contraction
                                 0.1900000000    1.0000000000
      d-type shell with K =                 1
                                    Exponents     Contraction
                                 0.0725000000    1.0000000000
      f-type shell with K =                 1
                                    Exponents     Contraction
                                 0.1270000000    1.0000000000
          ------------------
                    Atom n.                 2
           number of shells                10
          ------------------
      s-type shell with K =                10
                                    Exponents     Contraction
                             19500.0000000000    0.0005070000
                              2923.0000000000    0.0039230000
                               664.5000000000    0.0202000000
                               187.5000000000    0.0790100000
                                60.6200000000    0.2304390000
                                21.4200000000    0.4328720000
                                 7.9500000000    0.3499640000
                                 2.2570000000    0.0432330000
                                 0.8815000000   -0.0078920000
                                 0.3041000000    0.0023840000
      s-type shell with K =                10
                                    Exponents     Contraction
                             19500.0000000000   -0.0001170000
                              2923.0000000000   -0.0009120000
                               664.5000000000   -0.0047170000
                               187.5000000000   -0.0190860000
                                60.6200000000   -0.0596550000
                                21.4200000000   -0.1400100000
                                 7.9500000000   -0.1767820000
                                 2.2570000000    0.1716250000
                                 0.8815000000    0.6050430000
                                 0.3041000000    0.3695120000
      s-type shell with K =                 1
                                    Exponents     Contraction
                                 2.2570000000    1.0000000000
      s-type shell with K =                 1
                                    Exponents     Contraction
                                 0.3041000000    1.0000000000
      p-type shell with K =                 5
                                    Exponents     Contraction
                                43.8800000000    0.0166650000
                                 9.9260000000    0.1044720000
                                 2.9300000000    0.3172600000
                                 0.9132000000    0.4873430000
                                 0.2672000000    0.3346040000
      p-type shell with K =                 1
                                    Exponents     Contraction
                                 0.9132000000    1.0000000000
      p-type shell with K =                 1
                                    Exponents     Contraction
                                 0.2672000000    1.0000000000
      d-type shell with K =                 1
                                    Exponents     Contraction
                                 3.1070000000    1.0000000000
      d-type shell with K =                 1
                                    Exponents     Contraction
                                 0.8550000000    1.0000000000
      f-type shell with K =                 1
                                    Exponents     Contraction
                                 1.9170000000    1.0000000000
          ------------------
            Number of shells               20
          ------------------

          ------------------
   Number of basis functions               70
          ------------------

 Scaling integrals by    1.0000000000000000     

                          Total CPU time for reading integrals =      1.115 seconds


 ************************************************
 |    Restricted Hartree-Fock calculation       |
 ************************************************


 ----------------------------------------------------
 | RHF calculation                                  |
 ----------------------------------------------------
 |   # |        HF energy |       Conv |     HL Gap |
 ----------------------------------------------------
 |   1 |   -88.2348340543 |   2.651654 |   0.059620 |
 |   2 |  -130.3355323092 |   1.347395 |   1.049428 |
 |   3 |   -79.2996359947 |   1.402115 |   0.031096 |
 |   4 |  -135.9360413392 |   1.775958 |   1.952110 |
 |   5 |   -78.7501660418 |   1.462678 |   0.031152 |
 |   6 |  -136.2156845051 |   1.814168 |   1.964198 |
 |   7 |   -78.7019039864 |   1.469261 |   0.031159 |
 |   8 |  -136.2403795620 |   1.817911 |   1.964767 |
 |   9 |   -78.6967567464 |   1.469996 |   0.031159 |
 |  10 |  -136.2430059290 |   1.818341 |   1.964847 |
 |  11 |   -78.6961821559 |   1.470076 |   0.031159 |
 |  12 |  -136.2433020361 |   1.818392 |   1.964862 |
 |  13 |   -78.6961168529 |   1.470085 |   0.031159 |
 |  14 |  -136.2433362683 |   1.818399 |   1.964864 |
 |  15 |   -78.6961093608 |   1.470086 |   0.031159 |
 |  16 |  -136.2433402822 |   1.818399 |   1.964865 |
 |  17 |   -78.6961084952 |   1.470086 |   0.031159 |
 |  18 |  -136.2433407580 |   1.818399 |   1.964865 |
 |  19 |   -78.6961083946 |   1.470086 |   0.031159 |
 |  20 |  -136.2433408150 |   1.818399 |   1.964865 |
 |  21 |   -78.6961083828 |   1.470086 |   0.031159 |
 |  22 |  -136.2433408219 |   1.818399 |   1.964865 |
 |  23 |   -78.6961083814 |   1.470086 |   0.031159 |
 |  24 |  -136.2433408227 |   1.818399 |   1.964865 |
 |  25 |   -78.6961083812 |   1.470086 |   0.031159 |
 |  26 |  -136.2433408228 |   1.818399 |   1.964865 |
 |  27 |   -78.6961083812 |   1.470086 |   0.031159 |
 |  28 |  -136.2433408229 |   1.818399 |   1.964865 |
 |  29 |   -78.6961083812 |   1.470086 |   0.031159 |
 |  30 |  -136.2433408229 |   1.818399 |   1.964865 |
 |  31 |   -78.6961083812 |   1.470086 |   0.031159 |
 |  32 |  -136.2433408229 |   1.818399 |   1.964865 |
 |  33 |   -78.6961083812 |   1.470086 |   0.031159 |
 |  34 |  -136.2433408229 |   1.818399 |   1.964865 |
 |  35 |   -78.6961083812 |   1.470086 |   0.031159 |
 |  36 |  -136.2433408229 |   1.818399 |   1.964865 |
 |  37 |   -78.6961083812 |   1.470086 |   0.031159 |
 |  38 |  -136.2433408229 |   1.818399 |   1.964865 |
 |  39 |   -78.6961083812 |   1.470086 |   0.031159 |
 |  40 |  -136.2433408229 |   1.818399 |   1.964865 |
 |  41 |   -78.6961083812 |   1.470086 |   0.031159 |
 |  42 |  -136.2433408229 |   1.818399 |   1.964865 |
 |  43 |   -78.6961083812 |   1.470086 |   0.031159 |
 |  44 |  -136.2433408229 |   1.818399 |   1.964865 |
 |  45 |   -78.6961083812 |   1.470086 |   0.031159 |
 |  46 |  -136.2433408229 |   1.818399 |   1.964865 |
 |  47 |   -78.6961083812 |   1.470086 |   0.031159 |
 |  48 |  -136.2433408229 |   1.818399 |   1.964865 |
 |  49 |   -78.6961083812 |   1.470086 |   0.031159 |
 |  50 |  -136.2433408229 |   1.818399 |   1.964865 |
 |  51 |   -78.6961083812 |   1.470086 |   0.031159 |
 |  52 |  -136.2433408229 |   1.818399 |   1.964865 |
 |  53 |   -78.6961083812 |   1.470086 |   0.031159 |
 |  54 |  -136.2433408229 |   1.818399 |   1.964865 |
 |  55 |   -78.6961083812 |   1.470086 |   0.031159 |
 |  56 |  -136.2433408229 |   1.818399 |   1.964865 |
 |  57 |   -78.6961083812 |   1.470086 |   0.031159 |
 |  58 |  -136.2433408229 |   1.818399 |   1.964865 |
 |  59 |   -78.6961083812 |   1.470086 |   0.031159 |
 |  60 |  -136.2433408229 |   1.818399 |   1.964865 |
 |  61 |   -78.6961083812 |   1.470086 |   0.031159 |
 |  62 |  -136.2433408229 |   1.818399 |   1.964865 |
 |  63 |   -78.6961083812 |   1.470086 |   0.031159 |
 |  64 |  -136.2433408229 |   1.818399 |   1.964865 |
 |  65 |   -78.6961083812 |   1.470086 |   0.031159 |
 |  66 |  -136.2433408229 |   1.818399 |   1.964865 |
 |  67 |   -78.6961083812 |   1.470086 |   0.031159 |
 |  68 |  -136.2433408229 |   1.818399 |   1.964865 |
 |  69 |   -78.6961083812 |   1.470086 |   0.031159 |
 |  70 |  -136.2433408229 |   1.818399 |   1.964865 |
 |  71 |   -78.6961083812 |   1.470086 |   0.031159 |
 |  72 |  -136.2433408229 |   1.818399 |   1.964865 |
 |  73 |   -78.6961083812 |   1.470086 |   0.031159 |
 |  74 |  -136.2433408229 |   1.818399 |   1.964865 |
 |  75 |   -78.6961083812 |   1.470086 |   0.031159 |
 |  76 |  -136.2433408229 |   1.818399 |   1.964865 |
 |  77 |   -78.6961083812 |   1.470086 |   0.031159 |
 |  78 |  -136.2433408229 |   1.818399 |   1.964865 |
 |  79 |   -78.6961083812 |   1.470086 |   0.031159 |
 |  80 |  -136.2433408229 |   1.818399 |   1.964865 |
 |  81 |   -78.6961083812 |   1.470086 |   0.031159 |
 |  82 |  -136.2433408229 |   1.818399 |   1.964865 |
 |  83 |   -78.6961083812 |   1.470086 |   0.031159 |
 |  84 |  -136.2433408229 |   1.818399 |   1.964865 |
 |  85 |   -78.6961083812 |   1.470086 |   0.031159 |
 |  86 |  -136.2433408229 |   1.818399 |   1.964865 |
 |  87 |   -78.6961083812 |   1.470086 |   0.031159 |
 |  88 |  -136.2433408229 |   1.818399 |   1.964865 |
 |  89 |   -78.6961083812 |   1.470086 |   0.031159 |
 |  90 |  -136.2433408229 |   1.818399 |   1.964865 |
 |  91 |   -78.6961083812 |   1.470086 |   0.031159 |
 |  92 |  -136.2433408229 |   1.818399 |   1.964865 |
 |  93 |   -78.6961083812 |   1.470086 |   0.031159 |
 |  94 |  -136.2433408229 |   1.818399 |   1.964865 |
 |  95 |   -78.6961083812 |   1.470086 |   0.031159 |
 |  96 |  -136.2433408229 |   1.818399 |   1.964865 |
 |  97 |   -78.6961083812 |   1.470086 |   0.031159 |
 |  98 |  -136.2433408229 |   1.818399 |   1.964865 |
 |  99 |   -78.6961083812 |   1.470086 |   0.031159 |
 | 100 |  -136.2433408229 |   1.818399 |   1.964865 |
 | 101 |   -78.6961083812 |   1.470086 |   0.031159 |
 | 102 |  -136.2433408229 |   1.818399 |   1.964865 |
 | 103 |   -78.6961083812 |   1.470086 |   0.031159 |
 | 104 |  -136.2433408229 |   1.818399 |   1.964865 |
 | 105 |   -78.6961083812 |   1.470086 |   0.031159 |
 | 106 |  -136.2433408229 |   1.818399 |   1.964865 |
 | 107 |   -78.6961083812 |   1.470086 |   0.031159 |
 | 108 |  -136.2433408229 |   1.818399 |   1.964865 |
 | 109 |   -78.6961083812 |   1.470086 |   0.031159 |
 | 110 |  -136.2433408229 |   1.818399 |   1.964865 |
 | 111 |   -78.6961083812 |   1.470086 |   0.031159 |
 | 112 |  -136.2433408229 |   1.818399 |   1.964865 |
 | 113 |   -78.6961083812 |   1.470086 |   0.031159 |
 | 114 |  -136.2433408229 |   1.818399 |   1.964865 |
 | 115 |   -78.6961083812 |   1.470086 |   0.031159 |
 | 116 |  -136.2433408229 |   1.818399 |   1.964865 |
 | 117 |   -78.6961083812 |   1.470086 |   0.031159 |
 | 118 |  -136.2433408229 |   1.818399 |   1.964865 |
 | 119 |   -78.6961083812 |   1.470086 |   0.031159 |
 | 120 |  -136.2433408229 |   1.818399 |   1.964865 |
 | 121 |   -78.6961083812 |   1.470086 |   0.031159 |
 | 122 |  -136.2433408229 |   1.818399 |   1.964865 |
 | 123 |   -78.6961083812 |   1.470086 |   0.031159 |
 | 124 |  -136.2433408229 |   1.818399 |   1.964865 |
 | 125 |   -78.6961083812 |   1.470086 |   0.031159 |
 | 126 |  -136.2433408229 |   1.818399 |   1.964865 |
 | 127 |   -78.6961083812 |   1.470086 |   0.031159 |
 | 128 |  -136.2433408229 |   1.818399 |   1.964865 |
 | 129 |   -78.6961083812 |   1.470086 |   0.031159 |
 | 130 |  -136.2433408229 |   1.818399 |   1.964865 |
 | 131 |   -78.6961083812 |   1.470086 |   0.031159 |
 | 132 |  -136.2433408229 |   1.818399 |   1.964865 |
 | 133 |   -78.6961083812 |   1.470086 |   0.031159 |
 | 134 |  -136.2433408229 |   1.818399 |   1.964865 |
 | 135 |   -78.6961083812 |   1.470086 |   0.031159 |
 | 136 |  -136.2433408229 |   1.818399 |   1.964865 |
 | 137 |   -78.6961083812 |   1.470086 |   0.031159 |
 | 138 |  -136.2433408229 |   1.818399 |   1.964865 |
 | 139 |   -78.6961083812 |   1.470086 |   0.031159 |
 | 140 |  -136.2433408229 |   1.818399 |   1.964865 |
 | 141 |   -78.6961083812 |   1.470086 |   0.031159 |
 | 142 |  -136.2433408229 |   1.818399 |   1.964865 |
 | 143 |   -78.6961083812 |   1.470086 |   0.031159 |
 | 144 |  -136.2433408229 |   1.818399 |   1.964865 |
 | 145 |   -78.6961083812 |   1.470086 |   0.031159 |
 | 146 |  -136.2433408229 |   1.818399 |   1.964865 |
 | 147 |   -78.6961083812 |   1.470086 |   0.031159 |
 | 148 |  -136.2433408229 |   1.818399 |   1.964865 |
 | 149 |   -78.6961083812 |   1.470086 |   0.031159 |
 | 150 |  -136.2433408229 |   1.818399 |   1.964865 |
 | 151 |   -78.6961083812 |   1.470086 |   0.031159 |
 | 152 |  -136.2433408229 |   1.818399 |   1.964865 |
 | 153 |   -78.6961083812 |   1.470086 |   0.031159 |
 | 154 |  -136.2433408229 |   1.818399 |   1.964865 |
 | 155 |   -78.6961083812 |   1.470086 |   0.031159 |
 | 156 |  -136.2433408229 |   1.818399 |   1.964865 |
 | 157 |   -78.6961083812 |   1.470086 |   0.031159 |
 | 158 |  -136.2433408229 |   1.818399 |   1.964865 |
 | 159 |   -78.6961083812 |   1.470086 |   0.031159 |
 | 160 |  -136.2433408229 |   1.818399 |   1.964865 |
 | 161 |   -78.6961083812 |   1.470086 |   0.031159 |
 | 162 |  -136.2433408229 |   1.818399 |   1.964865 |
 | 163 |   -78.6961083812 |   1.470086 |   0.031159 |
 | 164 |  -136.2433408229 |   1.818399 |   1.964865 |
 | 165 |   -78.6961083812 |   1.470086 |   0.031159 |
 | 166 |  -136.2433408229 |   1.818399 |   1.964865 |
 | 167 |   -78.6961083812 |   1.470086 |   0.031159 |
 | 168 |  -136.2433408229 |   1.818399 |   1.964865 |
 | 169 |   -78.6961083812 |   1.470086 |   0.031159 |
 | 170 |  -136.2433408229 |   1.818399 |   1.964865 |
 | 171 |   -78.6961083812 |   1.470086 |   0.031159 |
 | 172 |  -136.2433408229 |   1.818399 |   1.964865 |
 | 173 |   -78.6961083812 |   1.470086 |   0.031159 |
 | 174 |  -136.2433408229 |   1.818399 |   1.964865 |
 | 175 |   -78.6961083812 |   1.470086 |   0.031159 |
 | 176 |  -136.2433408229 |   1.818399 |   1.964865 |
 | 177 |   -78.6961083812 |   1.470086 |   0.031159 |
 | 178 |  -136.2433408229 |   1.818399 |   1.964865 |
 | 179 |   -78.6961083812 |   1.470086 |   0.031159 |
 | 180 |  -136.2433408229 |   1.818399 |   1.964865 |
 | 181 |   -78.6961083812 |   1.470086 |   0.031159 |
 | 182 |  -136.2433408229 |   1.818399 |   1.964865 |
 | 183 |   -78.6961083812 |   1.470086 |   0.031159 |
 | 184 |  -136.2433408229 |   1.818399 |   1.964865 |
 | 185 |   -78.6961083812 |   1.470086 |   0.031159 |
 | 186 |  -136.2433408229 |   1.818399 |   1.964865 |
 | 187 |   -78.6961083812 |   1.470086 |   0.031159 |
 | 188 |  -136.2433408229 |   1.818399 |   1.964865 |
 | 189 |   -78.6961083812 |   1.470086 |   0.031159 |
 | 190 |  -136.2433408229 |   1.818399 |   1.964865 |
 | 191 |   -78.6961083812 |   1.470086 |   0.031159 |
 | 192 |  -136.2433408229 |   1.818399 |   1.964865 |
 | 193 |   -78.6961083812 |   1.470086 |   0.031159 |
 | 194 |  -136.2433408229 |   1.818399 |   1.964865 |
 | 195 |   -78.6961083812 |   1.470086 |   0.031159 |
 | 196 |  -136.2433408229 |   1.818399 |   1.964865 |
 | 197 |   -78.6961083812 |   1.470086 |   0.031159 |
 | 198 |  -136.2433408229 |   1.818399 |   1.964865 |
 | 199 |   -78.6961083812 |   1.470086 |   0.031159 |
 | 200 |  -136.2433408229 |   1.818399 |   1.964865 |
 | 201 |   -78.6961083812 |   1.470086 |   0.031159 |
 | 202 |  -136.2433408229 |   1.818399 |   1.964865 |
 | 203 |   -78.6961083812 |   1.470086 |   0.031159 |
 | 204 |  -136.2433408229 |   1.818399 |   1.964865 |
 | 205 |   -78.6961083812 |   1.470086 |   0.031159 |
 | 206 |  -136.2433408229 |   1.818399 |   1.964865 |
 | 207 |   -78.6961083812 |   1.470086 |   0.031159 |
 | 208 |  -136.2433408229 |   1.818399 |   1.964865 |
 | 209 |   -78.6961083812 |   1.470086 |   0.031159 |
 | 210 |  -136.2433408229 |   1.818399 |   1.964865 |
 | 211 |   -78.6961083812 |   1.470086 |   0.031159 |
 | 212 |  -136.2433408229 |   1.818399 |   1.964865 |
 | 213 |   -78.6961083812 |   1.470086 |   0.031159 |
 | 214 |  -136.2433408229 |   1.818399 |   1.964865 |
 | 215 |   -78.6961083812 |   1.470086 |   0.031159 |
 | 216 |  -136.2433408229 |   1.818399 |   1.964865 |
 | 217 |   -78.6961083812 |   1.470086 |   0.031159 |
 | 218 |  -136.2433408229 |   1.818399 |   1.964865 |
 | 219 |   -78.6961083812 |   1.470086 |   0.031159 |
 | 220 |  -136.2433408229 |   1.818399 |   1.964865 |
 | 221 |   -78.6961083812 |   1.470086 |   0.031159 |
 | 222 |  -136.2433408229 |   1.818399 |   1.964865 |
 | 223 |   -78.6961083812 |   1.470086 |   0.031159 |
 | 224 |  -136.2433408229 |   1.818399 |   1.964865 |
 | 225 |   -78.6961083812 |   1.470086 |   0.031159 |
 | 226 |  -136.2433408229 |   1.818399 |   1.964865 |
 | 227 |   -78.6961083812 |   1.470086 |   0.031159 |
 | 228 |  -136.2433408229 |   1.818399 |   1.964865 |
 | 229 |   -78.6961083812 |   1.470086 |   0.031159 |
 | 230 |  -136.2433408229 |   1.818399 |   1.964865 |
 | 231 |   -78.6961083812 |   1.470086 |   0.031159 |
 | 232 |  -136.2433408229 |   1.818399 |   1.964865 |
 | 233 |   -78.6961083812 |   1.470086 |   0.031159 |
 | 234 |  -136.2433408229 |   1.818399 |   1.964865 |
 | 235 |   -78.6961083812 |   1.470086 |   0.031159 |
 | 236 |  -136.2433408229 |   1.818399 |   1.964865 |
 | 237 |   -78.6961083812 |   1.470086 |   0.031159 |
 | 238 |  -136.2433408229 |   1.818399 |   1.964865 |
 | 239 |   -78.6961083812 |   1.470086 |   0.031159 |
 | 240 |  -136.2433408229 |   1.818399 |   1.964865 |
 | 241 |   -78.6961083812 |   1.470086 |   0.031159 |
 | 242 |  -136.2433408229 |   1.818399 |   1.964865 |
 | 243 |   -78.6961083812 |   1.470086 |   0.031159 |
 | 244 |  -136.2433408229 |   1.818399 |   1.964865 |
 | 245 |   -78.6961083812 |   1.470086 |   0.031159 |
 | 246 |  -136.2433408229 |   1.818399 |   1.964865 |
 | 247 |   -78.6961083812 |   1.470086 |   0.031159 |
 | 248 |  -136.2433408229 |   1.818399 |   1.964865 |
 | 249 |   -78.6961083812 |   1.470086 |   0.031159 |
 | 250 |  -136.2433408229 |   1.818399 |   1.964865 |
 | 251 |   -78.6961083812 |   1.470086 |   0.031159 |
 | 252 |  -136.2433408229 |   1.818399 |   1.964865 |
 | 253 |   -78.6961083812 |   1.470086 |   0.031159 |
 | 254 |  -136.2433408229 |   1.818399 |   1.964865 |
 | 255 |   -78.6961083812 |   1.470086 |   0.031159 |
 | 256 |  -136.2433408229 |   1.818399 |   1.964865 |
 | 257 |   -78.6961083812 |   1.470086 |   0.031159 |
 | 258 |  -136.2433408229 |   1.818399 |   1.964865 |
 | 259 |   -78.6961083812 |   1.470086 |   0.031159 |
 | 260 |  -136.2433408229 |   1.818399 |   1.964865 |
 | 261 |   -78.6961083812 |   1.470086 |   0.031159 |
 | 262 |  -136.2433408229 |   1.818399 |   1.964865 |
 | 263 |   -78.6961083812 |   1.470086 |   0.031159 |
 | 264 |  -136.2433408229 |   1.818399 |   1.964865 |
 | 265 |   -78.6961083812 |   1.470086 |   0.031159 |
 | 266 |  -136.2433408229 |   1.818399 |   1.964865 |
 | 267 |   -78.6961083812 |   1.470086 |   0.031159 |
 | 268 |  -136.2433408229 |   1.818399 |   1.964865 |
 | 269 |   -78.6961083812 |   1.470086 |   0.031159 |
 | 270 |  -136.2433408229 |   1.818399 |   1.964865 |
 | 271 |   -78.6961083812 |   1.470086 |   0.031159 |
 | 272 |  -136.2433408229 |   1.818399 |   1.964865 |
 | 273 |   -78.6961083812 |   1.470086 |   0.031159 |
 | 274 |  -136.2433408229 |   1.818399 |   1.964865 |
 | 275 |   -78.6961083812 |   1.470086 |   0.031159 |
 | 276 |  -136.2433408229 |   1.818399 |   1.964865 |
 | 277 |   -78.6961083812 |   1.470086 |   0.031159 |
 | 278 |  -136.2433408229 |   1.818399 |   1.964865 |
 | 279 |   -78.6961083812 |   1.470086 |   0.031159 |
 | 280 |  -136.2433408229 |   1.818399 |   1.964865 |
 | 281 |   -78.6961083812 |   1.470086 |   0.031159 |
 | 282 |  -136.2433408229 |   1.818399 |   1.964865 |
 | 283 |   -78.6961083812 |   1.470086 |   0.031159 |
 | 284 |  -136.2433408229 |   1.818399 |   1.964865 |
 | 285 |   -78.6961083812 |   1.470086 |   0.031159 |
 | 286 |  -136.2433408229 |   1.818399 |   1.964865 |
 | 287 |   -78.6961083812 |   1.470086 |   0.031159 |
 | 288 |  -136.2433408229 |   1.818399 |   1.964865 |
 | 289 |   -78.6961083812 |   1.470086 |   0.031159 |
 | 290 |  -136.2433408229 |   1.818399 |   1.964865 |
 | 291 |   -78.6961083812 |   1.470086 |   0.031159 |
 | 292 |  -136.2433408229 |   1.818399 |   1.964865 |
 | 293 |   -78.6961083812 |   1.470086 |   0.031159 |
 | 294 |  -136.2433408229 |   1.818399 |   1.964865 |
 | 295 |   -78.6961083812 |   1.470086 |   0.031159 |
 | 296 |  -136.2433408229 |   1.818399 |   1.964865 |
 | 297 |   -78.6961083812 |   1.470086 |   0.031159 |
 | 298 |  -136.2433408229 |   1.818399 |   1.964865 |
 | 299 |   -78.6961083812 |   1.470086 |   0.031159 |
 | 300 |  -136.2433408229 |   1.818399 |   1.964865 |
 | 301 |   -78.6961083812 |   1.470086 |   0.031159 |
 | 302 |  -136.2433408229 |   1.818399 |   1.964865 |
 | 303 |   -78.6961083812 |   1.470086 |   0.031159 |
 | 304 |  -136.2433408229 |   1.818399 |   1.964865 |
 | 305 |   -78.6961083812 |   1.470086 |   0.031159 |
 | 306 |  -136.2433408229 |   1.818399 |   1.964865 |
 | 307 |   -78.6961083812 |   1.470086 |   0.031159 |
 | 308 |  -136.2433408229 |   1.818399 |   1.964865 |
 | 309 |   -78.6961083812 |   1.470086 |   0.031159 |
 | 310 |  -136.2433408229 |   1.818399 |   1.964865 |
 | 311 |   -78.6961083812 |   1.470086 |   0.031159 |
 | 312 |  -136.2433408229 |   1.818399 |   1.964865 |
 | 313 |   -78.6961083812 |   1.470086 |   0.031159 |
 | 314 |  -136.2433408229 |   1.818399 |   1.964865 |
 | 315 |   -78.6961083812 |   1.470086 |   0.031159 |
 | 316 |  -136.2433408229 |   1.818399 |   1.964865 |
 | 317 |   -78.6961083812 |   1.470086 |   0.031159 |
 | 318 |  -136.2433408229 |   1.818399 |   1.964865 |
 | 319 |   -78.6961083812 |   1.470086 |   0.031159 |
 | 320 |  -136.2433408229 |   1.818399 |   1.964865 |
 | 321 |   -78.6961083812 |   1.470086 |   0.031159 |
 | 322 |  -136.2433408229 |   1.818399 |   1.964865 |
 | 323 |   -78.6961083812 |   1.470086 |   0.031159 |
 | 324 |  -136.2433408229 |   1.818399 |   1.964865 |
 | 325 |   -78.6961083812 |   1.470086 |   0.031159 |
 | 326 |  -136.2433408229 |   1.818399 |   1.964865 |
 | 327 |   -78.6961083812 |   1.470086 |   0.031159 |
 | 328 |  -136.2433408229 |   1.818399 |   1.964865 |
 | 329 |   -78.6961083812 |   1.470086 |   0.031159 |
 | 330 |  -136.2433408229 |   1.818399 |   1.964865 |
 | 331 |   -78.6961083812 |   1.470086 |   0.031159 |
 | 332 |  -136.2433408229 |   1.818399 |   1.964865 |
 | 333 |   -78.6961083812 |   1.470086 |   0.031159 |
 | 334 |  -136.2433408229 |   1.818399 |   1.964865 |
 | 335 |   -78.6961083812 |   1.470086 |   0.031159 |
 | 336 |  -136.2433408229 |   1.818399 |   1.964865 |
 | 337 |   -78.6961083812 |   1.470086 |   0.031159 |
 | 338 |  -136.2433408229 |   1.818399 |   1.964865 |
 | 339 |   -78.6961083812 |   1.470086 |   0.031159 |
 | 340 |  -136.2433408229 |   1.818399 |   1.964865 |
 | 341 |   -78.6961083812 |   1.470086 |   0.031159 |
 | 342 |  -136.2433408229 |   1.818399 |   1.964865 |
 | 343 |   -78.6961083812 |   1.470086 |   0.031159 |
 | 344 |  -136.2433408229 |   1.818399 |   1.964865 |
 | 345 |   -78.6961083812 |   1.470086 |   0.031159 |
 | 346 |  -136.2433408229 |   1.818399 |   1.964865 |
 | 347 |   -78.6961083812 |   1.470086 |   0.031159 |
 | 348 |  -136.2433408229 |   1.818399 |   1.964865 |
 | 349 |   -78.6961083812 |   1.470086 |   0.031159 |
 | 350 |  -136.2433408229 |   1.818399 |   1.964865 |
 | 351 |   -78.6961083812 |   1.470086 |   0.031159 |
 | 352 |  -136.2433408229 |   1.818399 |   1.964865 |
 | 353 |   -78.6961083812 |   1.470086 |   0.031159 |
 | 354 |  -136.2433408229 |   1.818399 |   1.964865 |
 | 355 |   -78.6961083812 |   1.470086 |   0.031159 |
 | 356 |  -136.2433408229 |   1.818399 |   1.964865 |
 | 357 |   -78.6961083812 |   1.470086 |   0.031159 |
 | 358 |  -136.2433408229 |   1.818399 |   1.964865 |
 | 359 |   -78.6961083812 |   1.470086 |   0.031159 |
 | 360 |  -136.2433408229 |   1.818399 |   1.964865 |
 | 361 |   -78.6961083812 |   1.470086 |   0.031159 |
 | 362 |  -136.2433408229 |   1.818399 |   1.964865 |
 | 363 |   -78.6961083812 |   1.470086 |   0.031159 |
 | 364 |  -136.2433408229 |   1.818399 |   1.964865 |
 | 365 |   -78.6961083812 |   1.470086 |   0.031159 |
 | 366 |  -136.2433408229 |   1.818399 |   1.964865 |
 | 367 |   -78.6961083812 |   1.470086 |   0.031159 |
 | 368 |  -136.2433408229 |   1.818399 |   1.964865 |
 | 369 |   -78.6961083812 |   1.470086 |   0.031159 |
 | 370 |  -136.2433408229 |   1.818399 |   1.964865 |
 | 371 |   -78.6961083812 |   1.470086 |   0.031159 |
 | 372 |  -136.2433408229 |   1.818399 |   1.964865 |
 | 373 |   -78.6961083812 |   1.470086 |   0.031159 |
 | 374 |  -136.2433408229 |   1.818399 |   1.964865 |
 | 375 |   -78.6961083812 |   1.470086 |   0.031159 |
 | 376 |  -136.2433408229 |   1.818399 |   1.964865 |
 | 377 |   -78.6961083812 |   1.470086 |   0.031159 |
 | 378 |  -136.2433408229 |   1.818399 |   1.964865 |
 | 379 |   -78.6961083812 |   1.470086 |   0.031159 |
 | 380 |  -136.2433408229 |   1.818399 |   1.964865 |
 | 381 |   -78.6961083812 |   1.470086 |   0.031159 |
 | 382 |  -136.2433408229 |   1.818399 |   1.964865 |
 | 383 |   -78.6961083812 |   1.470086 |   0.031159 |
 | 384 |  -136.2433408229 |   1.818399 |   1.964865 |
 | 385 |   -78.6961083812 |   1.470086 |   0.031159 |
 | 386 |  -136.2433408229 |   1.818399 |   1.964865 |
 | 387 |   -78.6961083812 |   1.470086 |   0.031159 |
 | 388 |  -136.2433408229 |   1.818399 |   1.964865 |
 | 389 |   -78.6961083812 |   1.470086 |   0.031159 |
 | 390 |  -136.2433408229 |   1.818399 |   1.964865 |
 | 391 |   -78.6961083812 |   1.470086 |   0.031159 |
 | 392 |  -136.2433408229 |   1.818399 |   1.964865 |
 | 393 |   -78.6961083812 |   1.470086 |   0.031159 |
 | 394 |  -136.2433408229 |   1.818399 |   1.964865 |
 | 395 |   -78.6961083812 |   1.470086 |   0.031159 |
 | 396 |  -136.2433408229 |   1.818399 |   1.964865 |
 | 397 |   -78.6961083812 |   1.470086 |   0.031159 |
 | 398 |  -136.2433408229 |   1.818399 |   1.964865 |
 | 399 |   -78.6961083812 |   1.470086 |   0.031159 |
 | 400 |  -136.2433408229 |   1.818399 |   1.964865 |
 | 401 |   -78.6961083812 |   1.470086 |   0.031159 |
 | 402 |  -136.2433408229 |   1.818399 |   1.964865 |
 | 403 |   -78.6961083812 |   1.470086 |   0.031159 |
 | 404 |  -136.2433408229 |   1.818399 |   1.964865 |
 | 405 |   -78.6961083812 |   1.470086 |   0.031159 |
 | 406 |  -136.2433408229 |   1.818399 |   1.964865 |
 | 407 |   -78.6961083812 |   1.470086 |   0.031159 |
 | 408 |  -136.2433408229 |   1.818399 |   1.964865 |
 | 409 |   -78.6961083812 |   1.470086 |   0.031159 |
 | 410 |  -136.2433408229 |   1.818399 |   1.964865 |
 | 411 |   -78.6961083812 |   1.470086 |   0.031159 |
 | 412 |  -136.2433408229 |   1.818399 |   1.964865 |
 | 413 |   -78.6961083812 |   1.470086 |   0.031159 |
 | 414 |  -136.2433408229 |   1.818399 |   1.964865 |
 | 415 |   -78.6961083812 |   1.470086 |   0.031159 |
 | 416 |  -136.2433408229 |   1.818399 |   1.964865 |
 | 417 |   -78.6961083812 |   1.470086 |   0.031159 |
 | 418 |  -136.2433408229 |   1.818399 |   1.964865 |
 | 419 |   -78.6961083812 |   1.470086 |   0.031159 |
 | 420 |  -136.2433408229 |   1.818399 |   1.964865 |
 | 421 |   -78.6961083812 |   1.470086 |   0.031159 |
 | 422 |  -136.2433408229 |   1.818399 |   1.964865 |
 | 423 |   -78.6961083812 |   1.470086 |   0.031159 |
 | 424 |  -136.2433408229 |   1.818399 |   1.964865 |
 | 425 |   -78.6961083812 |   1.470086 |   0.031159 |
 | 426 |  -136.2433408229 |   1.818399 |   1.964865 |
 | 427 |   -78.6961083812 |   1.470086 |   0.031159 |
 | 428 |  -136.2433408229 |   1.818399 |   1.964865 |
 | 429 |   -78.6961083812 |   1.470086 |   0.031159 |
 | 430 |  -136.2433408229 |   1.818399 |   1.964865 |
 | 431 |   -78.6961083812 |   1.470086 |   0.031159 |
 | 432 |  -136.2433408229 |   1.818399 |   1.964865 |
 | 433 |   -78.6961083812 |   1.470086 |   0.031159 |
 | 434 |  -136.2433408229 |   1.818399 |   1.964865 |
 | 435 |   -78.6961083812 |   1.470086 |   0.031159 |
 | 436 |  -136.2433408229 |   1.818399 |   1.964865 |
 | 437 |   -78.6961083812 |   1.470086 |   0.031159 |
 | 438 |  -136.2433408229 |   1.818399 |   1.964865 |
 | 439 |   -78.6961083812 |   1.470086 |   0.031159 |
 | 440 |  -136.2433408229 |   1.818399 |   1.964865 |
 | 441 |   -78.6961083812 |   1.470086 |   0.031159 |
 | 442 |  -136.2433408229 |   1.818399 |   1.964865 |
 | 443 |   -78.6961083812 |   1.470086 |   0.031159 |
 | 444 |  -136.2433408229 |   1.818399 |   1.964865 |
 | 445 |   -78.6961083812 |   1.470086 |   0.031159 |
 | 446 |  -136.2433408229 |   1.818399 |   1.964865 |
 | 447 |   -78.6961083812 |   1.470086 |   0.031159 |
 | 448 |  -136.2433408229 |   1.818399 |   1.964865 |
 | 449 |   -78.6961083812 |   1.470086 |   0.031159 |
 | 450 |  -136.2433408229 |   1.818399 |   1.964865 |
 | 451 |   -78.6961083812 |   1.470086 |   0.031159 |
 | 452 |  -136.2433408229 |   1.818399 |   1.964865 |
 | 453 |   -78.6961083812 |   1.470086 |   0.031159 |
 | 454 |  -136.2433408229 |   1.818399 |   1.964865 |
 | 455 |   -78.6961083812 |   1.470086 |   0.031159 |
 | 456 |  -136.2433408229 |   1.818399 |   1.964865 |
 | 457 |   -78.6961083812 |   1.470086 |   0.031159 |
 | 458 |  -136.2433408229 |   1.818399 |   1.964865 |
 | 459 |   -78.6961083812 |   1.470086 |   0.031159 |
 | 460 |  -136.2433408229 |   1.818399 |   1.964865 |
 | 461 |   -78.6961083812 |   1.470086 |   0.031159 |
 | 462 |  -136.2433408229 |   1.818399 |   1.964865 |
 | 463 |   -78.6961083812 |   1.470086 |   0.031159 |
 | 464 |  -136.2433408229 |   1.818399 |   1.964865 |
 | 465 |   -78.6961083812 |   1.470086 |   0.031159 |
 | 466 |  -136.2433408229 |   1.818399 |   1.964865 |
 | 467 |   -78.6961083812 |   1.470086 |   0.031159 |
 | 468 |  -136.2433408229 |   1.818399 |   1.964865 |
 | 469 |   -78.6961083812 |   1.470086 |   0.031159 |
 | 470 |  -136.2433408229 |   1.818399 |   1.964865 |
 | 471 |   -78.6961083812 |   1.470086 |   0.031159 |
 | 472 |  -136.2433408229 |   1.818399 |   1.964865 |
 | 473 |   -78.6961083812 |   1.470086 |   0.031159 |
 | 474 |  -136.2433408229 |   1.818399 |   1.964865 |
 | 475 |   -78.6961083812 |   1.470086 |   0.031159 |
 | 476 |  -136.2433408229 |   1.818399 |   1.964865 |
 | 477 |   -78.6961083812 |   1.470086 |   0.031159 |
 | 478 |  -136.2433408229 |   1.818399 |   1.964865 |
 | 479 |   -78.6961083812 |   1.470086 |   0.031159 |
 | 480 |  -136.2433408229 |   1.818399 |   1.964865 |
 | 481 |   -78.6961083812 |   1.470086 |   0.031159 |
 | 482 |  -136.2433408229 |   1.818399 |   1.964865 |
 | 483 |   -78.6961083812 |   1.470086 |   0.031159 |
 | 484 |  -136.2433408229 |   1.818399 |   1.964865 |
 | 485 |   -78.6961083812 |   1.470086 |   0.031159 |
 | 486 |  -136.2433408229 |   1.818399 |   1.964865 |
 | 487 |   -78.6961083812 |   1.470086 |   0.031159 |
 | 488 |  -136.2433408229 |   1.818399 |   1.964865 |
 | 489 |   -78.6961083812 |   1.470086 |   0.031159 |
 | 490 |  -136.2433408229 |   1.818399 |   1.964865 |
 | 491 |   -78.6961083812 |   1.470086 |   0.031159 |
 | 492 |  -136.2433408229 |   1.818399 |   1.964865 |
 | 493 |   -78.6961083812 |   1.470086 |   0.031159 |
 | 494 |  -136.2433408229 |   1.818399 |   1.964865 |
 | 495 |   -78.6961083812 |   1.470086 |   0.031159 |
 | 496 |  -136.2433408229 |   1.818399 |   1.964865 |
 | 497 |   -78.6961083812 |   1.470086 |   0.031159 |
 | 498 |  -136.2433408229 |   1.818399 |   1.964865 |
 | 499 |   -78.6961083812 |   1.470086 |   0.031159 |
 | 500 |  -136.2433408229 |   1.818399 |   1.964865 |
 | 501 |   -78.6961083812 |   1.470086 |   0.031159 |
 | 502 |  -136.2433408229 |   1.818399 |   1.964865 |
 | 503 |   -78.6961083812 |   1.470086 |   0.031159 |
 | 504 |  -136.2433408229 |   1.818399 |   1.964865 |
 | 505 |   -78.6961083812 |   1.470086 |   0.031159 |
 | 506 |  -136.2433408229 |   1.818399 |   1.964865 |
 | 507 |   -78.6961083812 |   1.470086 |   0.031159 |
 | 508 |  -136.2433408229 |   1.818399 |   1.964865 |
 | 509 |   -78.6961083812 |   1.470086 |   0.031159 |
 | 510 |  -136.2433408229 |   1.818399 |   1.964865 |
 | 511 |   -78.6961083812 |   1.470086 |   0.031159 |
 | 512 |  -136.2433408229 |   1.818399 |   1.964865 |
 | 513 |   -78.6961083812 |   1.470086 |   0.031159 |
 | 514 |  -136.2433408229 |   1.818399 |   1.964865 |
 | 515 |   -78.6961083812 |   1.470086 |   0.031159 |
 | 516 |  -136.2433408229 |   1.818399 |   1.964865 |
 | 517 |   -78.6961083812 |   1.470086 |   0.031159 |
 | 518 |  -136.2433408229 |   1.818399 |   1.964865 |
 | 519 |   -78.6961083812 |   1.470086 |   0.031159 |
 | 520 |  -136.2433408229 |   1.818399 |   1.964865 |
 | 521 |   -78.6961083812 |   1.470086 |   0.031159 |
 | 522 |  -136.2433408229 |   1.818399 |   1.964865 |
 | 523 |   -78.6961083812 |   1.470086 |   0.031159 |
 | 524 |  -136.2433408229 |   1.818399 |   1.964865 |
 | 525 |   -78.6961083812 |   1.470086 |   0.031159 |
 | 526 |  -136.2433408229 |   1.818399 |   1.964865 |
 | 527 |   -78.6961083812 |   1.470086 |   0.031159 |
 | 528 |  -136.2433408229 |   1.818399 |   1.964865 |
 | 529 |   -78.6961083812 |   1.470086 |   0.031159 |
 | 530 |  -136.2433408229 |   1.818399 |   1.964865 |
 | 531 |   -78.6961083812 |   1.470086 |   0.031159 |
 | 532 |  -136.2433408229 |   1.818399 |   1.964865 |
 | 533 |   -78.6961083812 |   1.470086 |   0.031159 |
 | 534 |  -136.2433408229 |   1.818399 |   1.964865 |
 | 535 |   -78.6961083812 |   1.470086 |   0.031159 |
 | 536 |  -136.2433408229 |   1.818399 |   1.964865 |
 | 537 |   -78.6961083812 |   1.470086 |   0.031159 |
 | 538 |  -136.2433408229 |   1.818399 |   1.964865 |
 | 539 |   -78.6961083812 |   1.470086 |   0.031159 |
 | 540 |  -136.2433408229 |   1.818399 |   1.964865 |
 | 541 |   -78.6961083812 |   1.470086 |   0.031159 |
 | 542 |  -136.2433408229 |   1.818399 |   1.964865 |
 | 543 |   -78.6961083812 |   1.470086 |   0.031159 |
 | 544 |  -136.2433408229 |   1.818399 |   1.964865 |
 | 545 |   -78.6961083812 |   1.470086 |   0.031159 |
 | 546 |  -136.2433408229 |   1.818399 |   1.964865 |
 | 547 |   -78.6961083812 |   1.470086 |   0.031159 |
 | 548 |  -136.2433408229 |   1.818399 |   1.964865 |
 | 549 |   -78.6961083812 |   1.470086 |   0.031159 |
 | 550 |  -136.2433408229 |   1.818399 |   1.964865 |
 | 551 |   -78.6961083812 |   1.470086 |   0.031159 |
 | 552 |  -136.2433408229 |   1.818399 |   1.964865 |
 | 553 |   -78.6961083812 |   1.470086 |   0.031159 |
 | 554 |  -136.2433408229 |   1.818399 |   1.964865 |
 | 555 |   -78.6961083812 |   1.470086 |   0.031159 |
 | 556 |  -136.2433408229 |   1.818399 |   1.964865 |
 | 557 |   -78.6961083812 |   1.470086 |   0.031159 |
 | 558 |  -136.2433408229 |   1.818399 |   1.964865 |
 | 559 |   -78.6961083812 |   1.470086 |   0.031159 |
 | 560 |  -136.2433408229 |   1.818399 |   1.964865 |
 | 561 |   -78.6961083812 |   1.470086 |   0.031159 |
 | 562 |  -136.2433408229 |   1.818399 |   1.964865 |
 | 563 |   -78.6961083812 |   1.470086 |   0.031159 |
 | 564 |  -136.2433408229 |   1.818399 |   1.964865 |
 | 565 |   -78.6961083812 |   1.470086 |   0.031159 |
 | 566 |  -136.2433408229 |   1.818399 |   1.964865 |
 | 567 |   -78.6961083812 |   1.470086 |   0.031159 |
 | 568 |  -136.2433408229 |   1.818399 |   1.964865 |
 | 569 |   -78.6961083812 |   1.470086 |   0.031159 |
 | 570 |  -136.2433408229 |   1.818399 |   1.964865 |
 | 571 |   -78.6961083812 |   1.470086 |   0.031159 |
 | 572 |  -136.2433408229 |   1.818399 |   1.964865 |
 | 573 |   -78.6961083812 |   1.470086 |   0.031159 |
 | 574 |  -136.2433408229 |   1.818399 |   1.964865 |
 | 575 |   -78.6961083812 |   1.470086 |   0.031159 |
 | 576 |  -136.2433408229 |   1.818399 |   1.964865 |
 | 577 |   -78.6961083812 |   1.470086 |   0.031159 |
 | 578 |  -136.2433408229 |   1.818399 |   1.964865 |
 | 579 |   -78.6961083812 |   1.470086 |   0.031159 |
 | 580 |  -136.2433408229 |   1.818399 |   1.964865 |
 | 581 |   -78.6961083812 |   1.470086 |   0.031159 |
 | 582 |  -136.2433408229 |   1.818399 |   1.964865 |
 | 583 |   -78.6961083812 |   1.470086 |   0.031159 |
 | 584 |  -136.2433408229 |   1.818399 |   1.964865 |
 | 585 |   -78.6961083812 |   1.470086 |   0.031159 |
 | 586 |  -136.2433408229 |   1.818399 |   1.964865 |
 | 587 |   -78.6961083812 |   1.470086 |   0.031159 |
 | 588 |  -136.2433408229 |   1.818399 |   1.964865 |
 | 589 |   -78.6961083812 |   1.470086 |   0.031159 |
 | 590 |  -136.2433408229 |   1.818399 |   1.964865 |
 | 591 |   -78.6961083812 |   1.470086 |   0.031159 |
 | 592 |  -136.2433408229 |   1.818399 |   1.964865 |
 | 593 |   -78.6961083812 |   1.470086 |   0.031159 |
 | 594 |  -136.2433408229 |   1.818399 |   1.964865 |
 | 595 |   -78.6961083812 |   1.470086 |   0.031159 |
 | 596 |  -136.2433408229 |   1.818399 |   1.964865 |
 | 597 |   -78.6961083812 |   1.470086 |   0.031159 |
 | 598 |  -136.2433408229 |   1.818399 |   1.964865 |
 | 599 |   -78.6961083812 |   1.470086 |   0.031159 |
 | 600 |  -136.2433408229 |   1.818399 |   1.964865 |
 | 601 |   -78.6961083812 |   1.470086 |   0.031159 |
 | 602 |  -136.2433408229 |   1.818399 |   1.964865 |
 | 603 |   -78.6961083812 |   1.470086 |   0.031159 |
 | 604 |  -136.2433408229 |   1.818399 |   1.964865 |
 | 605 |   -78.6961083812 |   1.470086 |   0.031159 |
 | 606 |  -136.2433408229 |   1.818399 |   1.964865 |
 | 607 |   -78.6961083812 |   1.470086 |   0.031159 |
 | 608 |  -136.2433408229 |   1.818399 |   1.964865 |
 | 609 |   -78.6961083812 |   1.470086 |   0.031159 |
 | 610 |  -136.2433408229 |   1.818399 |   1.964865 |
 | 611 |   -78.6961083812 |   1.470086 |   0.031159 |
 | 612 |  -136.2433408229 |   1.818399 |   1.964865 |
 | 613 |   -78.6961083812 |   1.470086 |   0.031159 |
 | 614 |  -136.2433408229 |   1.818399 |   1.964865 |
 | 615 |   -78.6961083812 |   1.470086 |   0.031159 |
 | 616 |  -136.2433408229 |   1.818399 |   1.964865 |
 | 617 |   -78.6961083812 |   1.470086 |   0.031159 |
 | 618 |  -136.2433408229 |   1.818399 |   1.964865 |
 | 619 |   -78.6961083812 |   1.470086 |   0.031159 |
 | 620 |  -136.2433408229 |   1.818399 |   1.964865 |
 | 621 |   -78.6961083812 |   1.470086 |   0.031159 |
 | 622 |  -136.2433408229 |   1.818399 |   1.964865 |
 | 623 |   -78.6961083812 |   1.470086 |   0.031159 |
 | 624 |  -136.2433408229 |   1.818399 |   1.964865 |
 | 625 |   -78.6961083812 |   1.470086 |   0.031159 |
 | 626 |  -136.2433408229 |   1.818399 |   1.964865 |
 | 627 |   -78.6961083812 |   1.470086 |   0.031159 |
 | 628 |  -136.2433408229 |   1.818399 |   1.964865 |
 | 629 |   -78.6961083812 |   1.470086 |   0.031159 |
 | 630 |  -136.2433408229 |   1.818399 |   1.964865 |
 | 631 |   -78.6961083812 |   1.470086 |   0.031159 |
 | 632 |  -136.2433408229 |   1.818399 |   1.964865 |
 | 633 |   -78.6961083812 |   1.470086 |   0.031159 |
 | 634 |  -136.2433408229 |   1.818399 |   1.964865 |
 | 635 |   -78.6961083812 |   1.470086 |   0.031159 |
 | 636 |  -136.2433408229 |   1.818399 |   1.964865 |
 | 637 |   -78.6961083812 |   1.470086 |   0.031159 |
 | 638 |  -136.2433408229 |   1.818399 |   1.964865 |
 | 639 |   -78.6961083812 |   1.470086 |   0.031159 |
 | 640 |  -136.2433408229 |   1.818399 |   1.964865 |
 | 641 |   -78.6961083812 |   1.470086 |   0.031159 |
 | 642 |  -136.2433408229 |   1.818399 |   1.964865 |
 | 643 |   -78.6961083812 |   1.470086 |   0.031159 |
 | 644 |  -136.2433408229 |   1.818399 |   1.964865 |
 | 645 |   -78.6961083812 |   1.470086 |   0.031159 |
 | 646 |  -136.2433408229 |   1.818399 |   1.964865 |
 | 647 |   -78.6961083812 |   1.470086 |   0.031159 |
 | 648 |  -136.2433408229 |   1.818399 |   1.964865 |
 | 649 |   -78.6961083812 |   1.470086 |   0.031159 |
 | 650 |  -136.2433408229 |   1.818399 |   1.964865 |
 | 651 |   -78.6961083812 |   1.470086 |   0.031159 |
 | 652 |  -136.2433408229 |   1.818399 |   1.964865 |
 | 653 |   -78.6961083812 |   1.470086 |   0.031159 |
 | 654 |  -136.2433408229 |   1.818399 |   1.964865 |
 | 655 |   -78.6961083812 |   1.470086 |   0.031159 |
 | 656 |  -136.2433408229 |   1.818399 |   1.964865 |
 | 657 |   -78.6961083812 |   1.470086 |   0.031159 |
 | 658 |  -136.2433408229 |   1.818399 |   1.964865 |
 | 659 |   -78.6961083812 |   1.470086 |   0.031159 |
 | 660 |  -136.2433408229 |   1.818399 |   1.964865 |
 | 661 |   -78.6961083812 |   1.470086 |   0.031159 |
 | 662 |  -136.2433408229 |   1.818399 |   1.964865 |
 | 663 |   -78.6961083812 |   1.470086 |   0.031159 |
 | 664 |  -136.2433408229 |   1.818399 |   1.964865 |
 | 665 |   -78.6961083812 |   1.470086 |   0.031159 |
 | 666 |  -136.2433408229 |   1.818399 |   1.964865 |
 | 667 |   -78.6961083812 |   1.470086 |   0.031159 |
 | 668 |  -136.2433408229 |   1.818399 |   1.964865 |
 | 669 |   -78.6961083812 |   1.470086 |   0.031159 |
 | 670 |  -136.2433408229 |   1.818399 |   1.964865 |
 | 671 |   -78.6961083812 |   1.470086 |   0.031159 |
 | 672 |  -136.2433408229 |   1.818399 |   1.964865 |
 | 673 |   -78.6961083812 |   1.470086 |   0.031159 |
 | 674 |  -136.2433408229 |   1.818399 |   1.964865 |
 | 675 |   -78.6961083812 |   1.470086 |   0.031159 |
 | 676 |  -136.2433408229 |   1.818399 |   1.964865 |
 | 677 |   -78.6961083812 |   1.470086 |   0.031159 |
 | 678 |  -136.2433408229 |   1.818399 |   1.964865 |
 | 679 |   -78.6961083812 |   1.470086 |   0.031159 |
 | 680 |  -136.2433408229 |   1.818399 |   1.964865 |
 | 681 |   -78.6961083812 |   1.470086 |   0.031159 |
 | 682 |  -136.2433408229 |   1.818399 |   1.964865 |
 | 683 |   -78.6961083812 |   1.470086 |   0.031159 |
 | 684 |  -136.2433408229 |   1.818399 |   1.964865 |
 | 685 |   -78.6961083812 |   1.470086 |   0.031159 |
 | 686 |  -136.2433408229 |   1.818399 |   1.964865 |
 | 687 |   -78.6961083812 |   1.470086 |   0.031159 |
 | 688 |  -136.2433408229 |   1.818399 |   1.964865 |
 | 689 |   -78.6961083812 |   1.470086 |   0.031159 |
 | 690 |  -136.2433408229 |   1.818399 |   1.964865 |
 | 691 |   -78.6961083812 |   1.470086 |   0.031159 |
 | 692 |  -136.2433408229 |   1.818399 |   1.964865 |
 | 693 |   -78.6961083812 |   1.470086 |   0.031159 |
 | 694 |  -136.2433408229 |   1.818399 |   1.964865 |
 | 695 |   -78.6961083812 |   1.470086 |   0.031159 |
 | 696 |  -136.2433408229 |   1.818399 |   1.964865 |
 | 697 |   -78.6961083812 |   1.470086 |   0.031159 |
 | 698 |  -136.2433408229 |   1.818399 |   1.964865 |
 | 699 |   -78.6961083812 |   1.470086 |   0.031159 |
 | 700 |  -136.2433408229 |   1.818399 |   1.964865 |
 | 701 |   -78.6961083812 |   1.470086 |   0.031159 |
 | 702 |  -136.2433408229 |   1.818399 |   1.964865 |
 | 703 |   -78.6961083812 |   1.470086 |   0.031159 |
 | 704 |  -136.2433408229 |   1.818399 |   1.964865 |
 | 705 |   -78.6961083812 |   1.470086 |   0.031159 |
 | 706 |  -136.2433408229 |   1.818399 |   1.964865 |
 | 707 |   -78.6961083812 |   1.470086 |   0.031159 |
 | 708 |  -136.2433408229 |   1.818399 |   1.964865 |
 | 709 |   -78.6961083812 |   1.470086 |   0.031159 |
 | 710 |  -136.2433408229 |   1.818399 |   1.964865 |
 | 711 |   -78.6961083812 |   1.470086 |   0.031159 |
 | 712 |  -136.2433408229 |   1.818399 |   1.964865 |
 | 713 |   -78.6961083812 |   1.470086 |   0.031159 |
 | 714 |  -136.2433408229 |   1.818399 |   1.964865 |
 | 715 |   -78.6961083812 |   1.470086 |   0.031159 |
 | 716 |  -136.2433408229 |   1.818399 |   1.964865 |
 | 717 |   -78.6961083812 |   1.470086 |   0.031159 |
 | 718 |  -136.2433408229 |   1.818399 |   1.964865 |
 | 719 |   -78.6961083812 |   1.470086 |   0.031159 |
 | 720 |  -136.2433408229 |   1.818399 |   1.964865 |
 | 721 |   -78.6961083812 |   1.470086 |   0.031159 |
 | 722 |  -136.2433408229 |   1.818399 |   1.964865 |
 | 723 |   -78.6961083812 |   1.470086 |   0.031159 |
 | 724 |  -136.2433408229 |   1.818399 |   1.964865 |
 | 725 |   -78.6961083812 |   1.470086 |   0.031159 |
 | 726 |  -136.2433408229 |   1.818399 |   1.964865 |
 | 727 |   -78.6961083812 |   1.470086 |   0.031159 |
 | 728 |  -136.2433408229 |   1.818399 |   1.964865 |
 | 729 |   -78.6961083812 |   1.470086 |   0.031159 |
 | 730 |  -136.2433408229 |   1.818399 |   1.964865 |
 | 731 |   -78.6961083812 |   1.470086 |   0.031159 |
 | 732 |  -136.2433408229 |   1.818399 |   1.964865 |
 | 733 |   -78.6961083812 |   1.470086 |   0.031159 |
 | 734 |  -136.2433408229 |   1.818399 |   1.964865 |
 | 735 |   -78.6961083812 |   1.470086 |   0.031159 |
 | 736 |  -136.2433408229 |   1.818399 |   1.964865 |
 | 737 |   -78.6961083812 |   1.470086 |   0.031159 |
 | 738 |  -136.2433408229 |   1.818399 |   1.964865 |
 | 739 |   -78.6961083812 |   1.470086 |   0.031159 |
 | 740 |  -136.2433408229 |   1.818399 |   1.964865 |
 | 741 |   -78.6961083812 |   1.470086 |   0.031159 |
 | 742 |  -136.2433408229 |   1.818399 |   1.964865 |
 | 743 |   -78.6961083812 |   1.470086 |   0.031159 |
 | 744 |  -136.2433408229 |   1.818399 |   1.964865 |
 | 745 |   -78.6961083812 |   1.470086 |   0.031159 |
 | 746 |  -136.2433408229 |   1.818399 |   1.964865 |
 | 747 |   -78.6961083812 |   1.470086 |   0.031159 |
 | 748 |  -136.2433408229 |   1.818399 |   1.964865 |
 | 749 |   -78.6961083812 |   1.470086 |   0.031159 |
 | 750 |  -136.2433408229 |   1.818399 |   1.964865 |
 | 751 |   -78.6961083812 |   1.470086 |   0.031159 |
 | 752 |  -136.2433408229 |   1.818399 |   1.964865 |
 | 753 |   -78.6961083812 |   1.470086 |   0.031159 |
 | 754 |  -136.2433408229 |   1.818399 |   1.964865 |
 | 755 |   -78.6961083812 |   1.470086 |   0.031159 |
 | 756 |  -136.2433408229 |   1.818399 |   1.964865 |
 | 757 |   -78.6961083812 |   1.470086 |   0.031159 |
 | 758 |  -136.2433408229 |   1.818399 |   1.964865 |
 | 759 |   -78.6961083812 |   1.470086 |   0.031159 |
 | 760 |  -136.2433408229 |   1.818399 |   1.964865 |
 | 761 |   -78.6961083812 |   1.470086 |   0.031159 |
 | 762 |  -136.2433408229 |   1.818399 |   1.964865 |
 | 763 |   -78.6961083812 |   1.470086 |   0.031159 |
 | 764 |  -136.2433408229 |   1.818399 |   1.964865 |
 | 765 |   -78.6961083812 |   1.470086 |   0.031159 |
 | 766 |  -136.2433408229 |   1.818399 |   1.964865 |
 | 767 |   -78.6961083812 |   1.470086 |   0.031159 |
 | 768 |  -136.2433408229 |   1.818399 |   1.964865 |
 | 769 |   -78.6961083812 |   1.470086 |   0.031159 |
 | 770 |  -136.2433408229 |   1.818399 |   1.964865 |
 | 771 |   -78.6961083812 |   1.470086 |   0.031159 |
 | 772 |  -136.2433408229 |   1.818399 |   1.964865 |
 | 773 |   -78.6961083812 |   1.470086 |   0.031159 |
 | 774 |  -136.2433408229 |   1.818399 |   1.964865 |
 | 775 |   -78.6961083812 |   1.470086 |   0.031159 |
 | 776 |  -136.2433408229 |   1.818399 |   1.964865 |
 | 777 |   -78.6961083812 |   1.470086 |   0.031159 |
 | 778 |  -136.2433408229 |   1.818399 |   1.964865 |
 | 779 |   -78.6961083812 |   1.470086 |   0.031159 |
 | 780 |  -136.2433408229 |   1.818399 |   1.964865 |
 | 781 |   -78.6961083812 |   1.470086 |   0.031159 |
 | 782 |  -136.2433408229 |   1.818399 |   1.964865 |
 | 783 |   -78.6961083812 |   1.470086 |   0.031159 |
 | 784 |  -136.2433408229 |   1.818399 |   1.964865 |
 | 785 |   -78.6961083812 |   1.470086 |   0.031159 |
 | 786 |  -136.2433408229 |   1.818399 |   1.964865 |
 | 787 |   -78.6961083812 |   1.470086 |   0.031159 |
 | 788 |  -136.2433408229 |   1.818399 |   1.964865 |
 | 789 |   -78.6961083812 |   1.470086 |   0.031159 |
 | 790 |  -136.2433408229 |   1.818399 |   1.964865 |
 | 791 |   -78.6961083812 |   1.470086 |   0.031159 |
 | 792 |  -136.2433408229 |   1.818399 |   1.964865 |
 | 793 |   -78.6961083812 |   1.470086 |   0.031159 |
 | 794 |  -136.2433408229 |   1.818399 |   1.964865 |
 | 795 |   -78.6961083812 |   1.470086 |   0.031159 |
 | 796 |  -136.2433408229 |   1.818399 |   1.964865 |
 | 797 |   -78.6961083812 |   1.470086 |   0.031159 |
 | 798 |  -136.2433408229 |   1.818399 |   1.964865 |
 | 799 |   -78.6961083812 |   1.470086 |   0.031159 |
 | 800 |  -136.2433408229 |   1.818399 |   1.964865 |
 | 801 |   -78.6961083812 |   1.470086 |   0.031159 |
 | 802 |  -136.2433408229 |   1.818399 |   1.964865 |
 | 803 |   -78.6961083812 |   1.470086 |   0.031159 |
 | 804 |  -136.2433408229 |   1.818399 |   1.964865 |
 | 805 |   -78.6961083812 |   1.470086 |   0.031159 |
 | 806 |  -136.2433408229 |   1.818399 |   1.964865 |
 | 807 |   -78.6961083812 |   1.470086 |   0.031159 |
 | 808 |  -136.2433408229 |   1.818399 |   1.964865 |
 | 809 |   -78.6961083812 |   1.470086 |   0.031159 |
 | 810 |  -136.2433408229 |   1.818399 |   1.964865 |
 | 811 |   -78.6961083812 |   1.470086 |   0.031159 |
 | 812 |  -136.2433408229 |   1.818399 |   1.964865 |
 | 813 |   -78.6961083812 |   1.470086 |   0.031159 |
 | 814 |  -136.2433408229 |   1.818399 |   1.964865 |
 | 815 |   -78.6961083812 |   1.470086 |   0.031159 |
 | 816 |  -136.2433408229 |   1.818399 |   1.964865 |
 | 817 |   -78.6961083812 |   1.470086 |   0.031159 |
 | 818 |  -136.2433408229 |   1.818399 |   1.964865 |
 | 819 |   -78.6961083812 |   1.470086 |   0.031159 |
 | 820 |  -136.2433408229 |   1.818399 |   1.964865 |
 | 821 |   -78.6961083812 |   1.470086 |   0.031159 |
 | 822 |  -136.2433408229 |   1.818399 |   1.964865 |
 | 823 |   -78.6961083812 |   1.470086 |   0.031159 |
 | 824 |  -136.2433408229 |   1.818399 |   1.964865 |
 | 825 |   -78.6961083812 |   1.470086 |   0.031159 |
 | 826 |  -136.2433408229 |   1.818399 |   1.964865 |
 | 827 |   -78.6961083812 |   1.470086 |   0.031159 |
 | 828 |  -136.2433408229 |   1.818399 |   1.964865 |
 | 829 |   -78.6961083812 |   1.470086 |   0.031159 |
 | 830 |  -136.2433408229 |   1.818399 |   1.964865 |
 | 831 |   -78.6961083812 |   1.470086 |   0.031159 |
 | 832 |  -136.2433408229 |   1.818399 |   1.964865 |
 | 833 |   -78.6961083812 |   1.470086 |   0.031159 |
 | 834 |  -136.2433408229 |   1.818399 |   1.964865 |
 | 835 |   -78.6961083812 |   1.470086 |   0.031159 |
 | 836 |  -136.2433408229 |   1.818399 |   1.964865 |
 | 837 |   -78.6961083812 |   1.470086 |   0.031159 |
 | 838 |  -136.2433408229 |   1.818399 |   1.964865 |
 | 839 |   -78.6961083812 |   1.470086 |   0.031159 |
 | 840 |  -136.2433408229 |   1.818399 |   1.964865 |
 | 841 |   -78.6961083812 |   1.470086 |   0.031159 |
 | 842 |  -136.2433408229 |   1.818399 |   1.964865 |
 | 843 |   -78.6961083812 |   1.470086 |   0.031159 |
 | 844 |  -136.2433408229 |   1.818399 |   1.964865 |
 | 845 |   -78.6961083812 |   1.470086 |   0.031159 |
 | 846 |  -136.2433408229 |   1.818399 |   1.964865 |
 | 847 |   -78.6961083812 |   1.470086 |   0.031159 |
 | 848 |  -136.2433408229 |   1.818399 |   1.964865 |
 | 849 |   -78.6961083812 |   1.470086 |   0.031159 |
 | 850 |  -136.2433408229 |   1.818399 |   1.964865 |
 | 851 |   -78.6961083812 |   1.470086 |   0.031159 |
 | 852 |  -136.2433408229 |   1.818399 |   1.964865 |
 | 853 |   -78.6961083812 |   1.470086 |   0.031159 |
 | 854 |  -136.2433408229 |   1.818399 |   1.964865 |
 | 855 |   -78.6961083812 |   1.470086 |   0.031159 |
 | 856 |  -136.2433408229 |   1.818399 |   1.964865 |
 | 857 |   -78.6961083812 |   1.470086 |   0.031159 |
 | 858 |  -136.2433408229 |   1.818399 |   1.964865 |
 | 859 |   -78.6961083812 |   1.470086 |   0.031159 |
 | 860 |  -136.2433408229 |   1.818399 |   1.964865 |
 | 861 |   -78.6961083812 |   1.470086 |   0.031159 |
 | 862 |  -136.2433408229 |   1.818399 |   1.964865 |
 | 863 |   -78.6961083812 |   1.470086 |   0.031159 |
 | 864 |  -136.2433408229 |   1.818399 |   1.964865 |
 | 865 |   -78.6961083812 |   1.470086 |   0.031159 |
 | 866 |  -136.2433408229 |   1.818399 |   1.964865 |
 | 867 |   -78.6961083812 |   1.470086 |   0.031159 |
 | 868 |  -136.2433408229 |   1.818399 |   1.964865 |
 | 869 |   -78.6961083812 |   1.470086 |   0.031159 |
 | 870 |  -136.2433408229 |   1.818399 |   1.964865 |
 | 871 |   -78.6961083812 |   1.470086 |   0.031159 |
 | 872 |  -136.2433408229 |   1.818399 |   1.964865 |
 | 873 |   -78.6961083812 |   1.470086 |   0.031159 |
 | 874 |  -136.2433408229 |   1.818399 |   1.964865 |
 | 875 |   -78.6961083812 |   1.470086 |   0.031159 |
 | 876 |  -136.2433408229 |   1.818399 |   1.964865 |
 | 877 |   -78.6961083812 |   1.470086 |   0.031159 |
 | 878 |  -136.2433408229 |   1.818399 |   1.964865 |
 | 879 |   -78.6961083812 |   1.470086 |   0.031159 |
 | 880 |  -136.2433408229 |   1.818399 |   1.964865 |
 | 881 |   -78.6961083812 |   1.470086 |   0.031159 |
 | 882 |  -136.2433408229 |   1.818399 |   1.964865 |
 | 883 |   -78.6961083812 |   1.470086 |   0.031159 |
 | 884 |  -136.2433408229 |   1.818399 |   1.964865 |
 | 885 |   -78.6961083812 |   1.470086 |   0.031159 |
 | 886 |  -136.2433408229 |   1.818399 |   1.964865 |
 | 887 |   -78.6961083812 |   1.470086 |   0.031159 |
 | 888 |  -136.2433408229 |   1.818399 |   1.964865 |
 | 889 |   -78.6961083812 |   1.470086 |   0.031159 |
 | 890 |  -136.2433408229 |   1.818399 |   1.964865 |
 | 891 |   -78.6961083812 |   1.470086 |   0.031159 |
 | 892 |  -136.2433408229 |   1.818399 |   1.964865 |
 | 893 |   -78.6961083812 |   1.470086 |   0.031159 |
 | 894 |  -136.2433408229 |   1.818399 |   1.964865 |
 | 895 |   -78.6961083812 |   1.470086 |   0.031159 |
 | 896 |  -136.2433408229 |   1.818399 |   1.964865 |
 | 897 |   -78.6961083812 |   1.470086 |   0.031159 |
 | 898 |  -136.2433408229 |   1.818399 |   1.964865 |
 | 899 |   -78.6961083812 |   1.470086 |   0.031159 |
 | 900 |  -136.2433408229 |   1.818399 |   1.964865 |
 | 901 |   -78.6961083812 |   1.470086 |   0.031159 |
 | 902 |  -136.2433408229 |   1.818399 |   1.964865 |
 | 903 |   -78.6961083812 |   1.470086 |   0.031159 |
 | 904 |  -136.2433408229 |   1.818399 |   1.964865 |
 | 905 |   -78.6961083812 |   1.470086 |   0.031159 |
 | 906 |  -136.2433408229 |   1.818399 |   1.964865 |
 | 907 |   -78.6961083812 |   1.470086 |   0.031159 |
 | 908 |  -136.2433408229 |   1.818399 |   1.964865 |
 | 909 |   -78.6961083812 |   1.470086 |   0.031159 |
 | 910 |  -136.2433408229 |   1.818399 |   1.964865 |
 | 911 |   -78.6961083812 |   1.470086 |   0.031159 |
 | 912 |  -136.2433408229 |   1.818399 |   1.964865 |
 | 913 |   -78.6961083812 |   1.470086 |   0.031159 |
 | 914 |  -136.2433408229 |   1.818399 |   1.964865 |
 | 915 |   -78.6961083812 |   1.470086 |   0.031159 |
 | 916 |  -136.2433408229 |   1.818399 |   1.964865 |
 | 917 |   -78.6961083812 |   1.470086 |   0.031159 |
 | 918 |  -136.2433408229 |   1.818399 |   1.964865 |
 | 919 |   -78.6961083812 |   1.470086 |   0.031159 |
 | 920 |  -136.2433408229 |   1.818399 |   1.964865 |
 | 921 |   -78.6961083812 |   1.470086 |   0.031159 |
 | 922 |  -136.2433408229 |   1.818399 |   1.964865 |
 | 923 |   -78.6961083812 |   1.470086 |   0.031159 |
 | 924 |  -136.2433408229 |   1.818399 |   1.964865 |
 | 925 |   -78.6961083812 |   1.470086 |   0.031159 |
 | 926 |  -136.2433408229 |   1.818399 |   1.964865 |
 | 927 |   -78.6961083812 |   1.470086 |   0.031159 |
 | 928 |  -136.2433408229 |   1.818399 |   1.964865 |
 | 929 |   -78.6961083812 |   1.470086 |   0.031159 |
 | 930 |  -136.2433408229 |   1.818399 |   1.964865 |
 | 931 |   -78.6961083812 |   1.470086 |   0.031159 |
 | 932 |  -136.2433408229 |   1.818399 |   1.964865 |
 | 933 |   -78.6961083812 |   1.470086 |   0.031159 |
 | 934 |  -136.2433408229 |   1.818399 |   1.964865 |
 | 935 |   -78.6961083812 |   1.470086 |   0.031159 |
 | 936 |  -136.2433408229 |   1.818399 |   1.964865 |
 | 937 |   -78.6961083812 |   1.470086 |   0.031159 |
 | 938 |  -136.2433408229 |   1.818399 |   1.964865 |
 | 939 |   -78.6961083812 |   1.470086 |   0.031159 |
 | 940 |  -136.2433408229 |   1.818399 |   1.964865 |
 | 941 |   -78.6961083812 |   1.470086 |   0.031159 |
 | 942 |  -136.2433408229 |   1.818399 |   1.964865 |
 | 943 |   -78.6961083812 |   1.470086 |   0.031159 |
 | 944 |  -136.2433408229 |   1.818399 |   1.964865 |
 | 945 |   -78.6961083812 |   1.470086 |   0.031159 |
 | 946 |  -136.2433408229 |   1.818399 |   1.964865 |
 | 947 |   -78.6961083812 |   1.470086 |   0.031159 |
 | 948 |  -136.2433408229 |   1.818399 |   1.964865 |
 | 949 |   -78.6961083812 |   1.470086 |   0.031159 |
 | 950 |  -136.2433408229 |   1.818399 |   1.964865 |
 | 951 |   -78.6961083812 |   1.470086 |   0.031159 |
 | 952 |  -136.2433408229 |   1.818399 |   1.964865 |
 | 953 |   -78.6961083812 |   1.470086 |   0.031159 |
 | 954 |  -136.2433408229 |   1.818399 |   1.964865 |
 | 955 |   -78.6961083812 |   1.470086 |   0.031159 |
 | 956 |  -136.2433408229 |   1.818399 |   1.964865 |
 | 957 |   -78.6961083812 |   1.470086 |   0.031159 |
 | 958 |  -136.2433408229 |   1.818399 |   1.964865 |
 | 959 |   -78.6961083812 |   1.470086 |   0.031159 |
 | 960 |  -136.2433408229 |   1.818399 |   1.964865 |
 | 961 |   -78.6961083812 |   1.470086 |   0.031159 |
 | 962 |  -136.2433408229 |   1.818399 |   1.964865 |
 | 963 |   -78.6961083812 |   1.470086 |   0.031159 |
 | 964 |  -136.2433408229 |   1.818399 |   1.964865 |
 | 965 |   -78.6961083812 |   1.470086 |   0.031159 |
 | 966 |  -136.2433408229 |   1.818399 |   1.964865 |
 | 967 |   -78.6961083812 |   1.470086 |   0.031159 |
 | 968 |  -136.2433408229 |   1.818399 |   1.964865 |
 | 969 |   -78.6961083812 |   1.470086 |   0.031159 |
 | 970 |  -136.2433408229 |   1.818399 |   1.964865 |
 | 971 |   -78.6961083812 |   1.470086 |   0.031159 |
 | 972 |  -136.2433408229 |   1.818399 |   1.964865 |
 | 973 |   -78.6961083812 |   1.470086 |   0.031159 |
 | 974 |  -136.2433408229 |   1.818399 |   1.964865 |
 | 975 |   -78.6961083812 |   1.470086 |   0.031159 |
 | 976 |  -136.2433408229 |   1.818399 |   1.964865 |
 | 977 |   -78.6961083812 |   1.470086 |   0.031159 |
 | 978 |  -136.2433408229 |   1.818399 |   1.964865 |
 | 979 |   -78.6961083812 |   1.470086 |   0.031159 |
 | 980 |  -136.2433408229 |   1.818399 |   1.964865 |
 | 981 |   -78.6961083812 |   1.470086 |   0.031159 |
 | 982 |  -136.2433408229 |   1.818399 |   1.964865 |
 | 983 |   -78.6961083812 |   1.470086 |   0.031159 |
 | 984 |  -136.2433408229 |   1.818399 |   1.964865 |
 | 985 |   -78.6961083812 |   1.470086 |   0.031159 |
 | 986 |  -136.2433408229 |   1.818399 |   1.964865 |
 | 987 |   -78.6961083812 |   1.470086 |   0.031159 |
 | 988 |  -136.2433408229 |   1.818399 |   1.964865 |
 | 989 |   -78.6961083812 |   1.470086 |   0.031159 |
 | 990 |  -136.2433408229 |   1.818399 |   1.964865 |
 | 991 |   -78.6961083812 |   1.470086 |   0.031159 |
 | 992 |  -136.2433408229 |   1.818399 |   1.964865 |
 | 993 |   -78.6961083812 |   1.470086 |   0.031159 |
 | 994 |  -136.2433408229 |   1.818399 |   1.964865 |
 | 995 |   -78.6961083812 |   1.470086 |   0.031159 |
 | 996 |  -136.2433408229 |   1.818399 |   1.964865 |
 | 997 |   -78.6961083812 |   1.470086 |   0.031159 |
 | 998 |  -136.2433408229 |   1.818399 |   1.964865 |
 | 999 |   -78.6961083812 |   1.470086 |   0.031159 |
 | *** |  -136.2433408229 |   1.818399 |   1.964865 |
 | *** |   -78.6961083812 |   1.470086 |   0.031159 |
 | *** |  -136.2433408229 |   1.818399 |   1.964865 |
 | *** |   -78.6961083812 |   1.470086 |   0.031159 |
 | *** |  -136.2433408229 |   1.818399 |   1.964865 |
 | *** |   -78.6961083812 |   1.470086 |   0.031159 |
 | *** |  -136.2433408229 |   1.818399 |   1.964865 |
 | *** |   -78.6961083812 |   1.470086 |   0.031159 |
 | *** |  -136.2433408229 |   1.818399 |   1.964865 |
 | *** |   -78.6961083812 |   1.470086 |   0.031159 |
 | *** |  -136.2433408229 |   1.818399 |   1.964865 |
 | *** |   -78.6961083812 |   1.470086 |   0.031159 |
 | *** |  -136.2433408229 |   1.818399 |   1.964865 |
 | *** |   -78.6961083812 |   1.470086 |   0.031159 |
 | *** |  -136.2433408229 |   1.818399 |   1.964865 |
 | *** |   -78.6961083812 |   1.470086 |   0.031159 |
 | *** |  -136.2433408229 |   1.818399 |   1.964865 |
 | *** |   -78.6961083812 |   1.470086 |   0.031159 |
 | *** |  -136.2433408229 |   1.818399 |   1.964865 |
 | *** |   -78.6961083812 |   1.470086 |   0.031159 |
 | *** |  -136.2433408229 |   1.818399 |   1.964865 |
 | *** |   -78.6961083812 |   1.470086 |   0.031159 |
 | *** |  -136.2433408229 |   1.818399 |   1.964865 |
 | *** |   -78.6961083812 |   1.470086 |   0.031159 |
 | *** |  -136.2433408229 |   1.818399 |   1.964865 |
 ----------------------------------------------------

 !!!!!!!!!!!!!!!!!!!!!!!!!!!!!!!!!!!!!!!!!!!!!!!!!!!!
                  Convergence failed                 
 !!!!!!!!!!!!!!!!!!!!!!!!!!!!!!!!!!!!!!!!!!!!!!!!!!!!

