45 significant shell pairs computed in 0.000064 seconds
0
Computed Electron repulsion integrals Integrals in parallel in 0.143536 seconds

 ******************************************************************************************
 *            QuAcK                       QuAcK                         QuAcK             *
 *   __        __        __       __        __        __       __        __        __     *
 * <(o )___  <(o )___  <(o )___ <(o )___  <(o )___  <(o )___ <(o )___  <(o )___  <(o )___ *
 * ( ._> /   ( ._> /   ( ._> /  ( ._> /   ( ._> /   ( ._> /  ( ._> /   ( ._> /   ( ._> /  *
 *|--------------------------------------------------------------------------------------|*
 ******************************************************************************************

      ----------------------
             Number of atoms                2
      ----------------------

      ----------------------
Number of spin-up   electron                2
Number of spin-down electron                2
    Total number of electron                4
      ----------------------

      ----------------------
Number of core      electron                0
Number of Rydberg   electron                0
      ----------------------

          ------------------
          Molecular geometry
          ------------------
                    Atom n.                 1
                        Z =      3.0000000000
           Atom coordinates:     0.0000000000    0.0000000000    0.0000000000
                    Atom n.                 2
                        Z =      1.0000000000
           Atom coordinates:     0.0000000000    0.0000000000    3.0141131701

          ------------------
 Nuclear repulsion energy =      0.9953176376
          ------------------

          Gaussian basis set
          ------------------
                    Atom n.                 1
           number of shells                 6
          ------------------
      s-type shell with K =                 9
                                    Exponents     Contraction
                              1469.0000000000    0.0007660000
                               220.5000000000    0.0058920000
                                50.2600000000    0.0296710000
                                14.2400000000    0.1091800000
                                 4.5810000000    0.2827890000
                                 1.5800000000    0.4531230000
                                 0.5640000000    0.2747740000
                                 0.0734500000    0.0097510000
                                 0.0280500000   -0.0031800000
      s-type shell with K =                 9
                                    Exponents     Contraction
                              1469.0000000000   -0.0001200000
                               220.5000000000   -0.0009230000
                                50.2600000000   -0.0046890000
                                14.2400000000   -0.0176820000
                                 4.5810000000   -0.0489020000
                                 1.5800000000   -0.0960090000
                                 0.5640000000   -0.1363800000
                                 0.0734500000    0.5751020000
                                 0.0280500000    0.5176610000
      s-type shell with K =                 1
                                    Exponents     Contraction
                                 0.0280500000    1.0000000000
      p-type shell with K =                 4
                                    Exponents     Contraction
                                 1.5340000000    0.0227840000
                                 0.2749000000    0.1391070000
                                 0.0736200000    0.5003750000
                                 0.0240300000    0.5084740000
      p-type shell with K =                 1
                                    Exponents     Contraction
                                 0.0240300000    1.0000000000
      d-type shell with K =                 1
                                    Exponents     Contraction
                                 0.1144000000    1.0000000000
          ------------------
                    Atom n.                 2
           number of shells                 3
          ------------------
      s-type shell with K =                 4
                                    Exponents     Contraction
                                13.0100000000    0.0196850000
                                 1.9620000000    0.1379770000
                                 0.4446000000    0.4781480000
                                 0.1220000000    0.5012400000
      s-type shell with K =                 1
                                    Exponents     Contraction
                                 0.1220000000    1.0000000000
      p-type shell with K =                 1
                                    Exponents     Contraction
                                 0.7270000000    1.0000000000
          ------------------
            Number of shells                9
          ------------------

          ------------------
   Number of basis functions               20
          ------------------

 Scaling integrals by    1.0000000000000000     

                          Total CPU time for reading integrals =      0.009 seconds


 ************************************************
 |    Restricted Hartree-Fock calculation       |
 ************************************************


 ----------------------------------------------------
 | RHF calculation                                  |
 ----------------------------------------------------
 |   # |        HF energy |       Conv |     HL Gap |
 ----------------------------------------------------
 |   1 |    -8.0202437499 |   0.150218 |   0.295999 |
 |   2 |    -7.9879541460 |   0.021456 |   0.297685 |
 |   3 |    -7.9843560000 |   0.005375 |   0.300764 |
 |   4 |    -7.9838896714 |   0.001978 |   0.301848 |
 |   5 |    -7.9838005992 |   0.000779 |   0.302123 |
 |   6 |    -7.9837771891 |   0.000330 |   0.302174 |
 |   7 |    -7.9837694750 |   0.000149 |   0.302173 |
 |   8 |    -7.9837664631 |   0.000071 |   0.302166 |
 |   9 |    -7.9837651480 |   0.000035 |   0.302159 |
 |  10 |    -7.9837645369 |   0.000018 |   0.302155 |
 |  11 |    -7.9837642434 |   0.000009 |   0.302153 |
 |  12 |    -7.9837640999 |   0.000005 |   0.302152 |
 |  13 |    -7.9837640288 |   0.000002 |   0.302151 |
 |  14 |    -7.9837639933 |   0.000001 |   0.302151 |
 |  15 |    -7.9837639754 |   0.000001 |   0.302151 |
 |  16 |    -7.9837639663 |   0.000000 |   0.302150 |
 |  17 |    -7.9837639617 |   0.000000 |   0.302150 |
 |  18 |    -7.9837639593 |   0.000000 |   0.302150 |
 ----------------------------------------------------

         -----------------------------------------
           Summary              
         -----------------------------------------
           One-electron energy:    -12.4562227748 au
           Kinetic      energy:      7.9748019235 au
           Potential    energy:    -20.4310246983 au
         -----------------------------------------
           Two-electron energy:      3.4771411779 au
           Hartree      energy:      5.6204368385 au
           Exchange     energy:     -2.1432956606 au
         -----------------------------------------
           Electronic   energy:     -8.9790815969 au
           Nuclear   repulsion:      0.9953176376 au
           RHF          energy:     -7.9837639593 au
         -----------------------------------------
           HF HOMO      energy:         -8.176922 eV
           HF LUMO      energy:          0.045009 eV
           HF HOMO-LUMO gap   :          8.221931 eV
         -----------------------------------------
          Dipole moment (Debye)    
                   X         Y         Z      Tot.
           -0.000000 -0.000000 -5.941895  5.941895
         -----------------------------------------

           ---------------------------------------
                 MO coefficients
           ---------------------------------------
                 1              2              3              4              5
      1    -0.99763217    -0.02400223    -0.12329399     0.00000000     0.00000000
      2     0.00380231     0.58019976    -0.10098114     0.00000000     0.00000000
      3    -0.00190816    -0.18574443     0.87342706     0.00000000     0.00000000
      4     0.00000000     0.00000000     0.00000000     0.05613559     0.12464675
      5     0.00000000     0.00000000     0.00000000    -0.12464675     0.05613559
      6     0.02474513     0.47386694    -0.32631247     0.00000000     0.00000000
      7     0.00000000     0.00000000     0.00000000     0.35924553     0.79768980
      8     0.00000000     0.00000000     0.00000000    -0.79768980     0.35924553
      9    -0.01527789    -0.23193386    -0.32555992     0.00000000     0.00000000
     10     0.00032819    -0.03682060    -0.01872656     0.00000000     0.00000000
     11     0.00000000     0.00000000     0.00000000     0.00000000     0.00000000
     12     0.00000000     0.00000000     0.00000000    -0.02470937    -0.05486613
     13     0.00032819    -0.03682060    -0.01872656     0.00000000     0.00000000
     14     0.00000000     0.00000000     0.00000000     0.05486613    -0.02470937
     15     0.00842083     0.05602423     0.04662916     0.00000000     0.00000000
     16    -0.00593802     0.67307885    -0.11524938     0.00000000     0.00000000
     17    -0.01153289    -0.10388762    -0.05035975     0.00000000     0.00000000
     18     0.00000000     0.00000000     0.00000000     0.00315169     0.00699821
     19     0.00000000     0.00000000     0.00000000    -0.00699821     0.00315169
     20     0.00145078    -0.01298648     0.00088869     0.00000000     0.00000000
                 6              7              8              9             10
      1    -0.01347443     0.39999081     0.00000000     0.00000000     0.21106274
      2     0.06266673     2.40272799     0.00000000     0.00000000     1.22810325
      3     0.67699573    -2.92859676     0.00000000     0.00000000    -1.08862503
      4     0.00000000     0.00000000     0.20989620    -2.10334131     0.00000000
      5     0.00000000     0.00000000    -2.10334131    -0.20989620     0.00000000
      6    -0.56634035    -1.26447268     0.00000000     0.00000000     1.05801483
      7     0.00000000     0.00000000    -0.19279121     1.93193457     0.00000000
      8     0.00000000     0.00000000     1.93193457     0.19279121     0.00000000
      9     1.39920900     0.94239701     0.00000000     0.00000000    -0.80751431
     10    -0.02655035     0.15039804     0.00000000     0.00000000     0.44618582
     11     0.00000000     0.00000000     0.00000000     0.00000000     0.00000000
     12     0.00000000     0.00000000    -0.01307001     0.13097280     0.00000000
     13    -0.02655035     0.15039804     0.00000000     0.00000000     0.44618582
     14     0.00000000     0.00000000     0.13097280     0.01307001     0.00000000
     15     0.03979361     0.16864876     0.00000000     0.00000000    -0.66052833
     16    -0.16131024    -0.03709217     0.00000000     0.00000000    -0.16679334
     17    -0.50137124     0.32219869     0.00000000     0.00000000    -0.17337396
     18     0.00000000     0.00000000     0.00101849    -0.01020616     0.00000000
     19     0.00000000     0.00000000    -0.01020616    -0.00101849     0.00000000
     20     0.00629772    -0.01284476     0.00000000     0.00000000    -0.01092406
                11             12             13             14             15
      1     0.00000000     0.00000000     0.00000000     0.00000000     1.07106321
      2     0.00000000     0.00000000     0.00000000     0.00000000     5.28150842
      3     0.00000000     0.00000000     0.00000000     0.00000000    -2.59882530
      4     0.28256202    -0.03493549     0.00000000     0.00000000     0.00000000
      5     0.03493549     0.28256202     0.00000000     0.00000000     0.00000000
      6     0.00000000     0.00000000     0.00000000     0.00000000     4.10720213
      7    -0.20090757     0.02483987     0.00000000     0.00000000     0.00000000
      8    -0.02483987    -0.20090757     0.00000000     0.00000000     0.00000000
      9     0.00000000     0.00000000     0.00000000     0.00000000    -2.07809794
     10     0.00000000     0.00000000     0.00178221     0.86602357    -1.03530956
     11     0.00000000     0.00000000    -0.99999788     0.00205791     0.00000000
     12     0.98355219    -0.12160474     0.00000000     0.00000000     0.00000000
     13     0.00000000     0.00000000    -0.00178221    -0.86602357    -1.03530956
     14     0.12160474     0.98355219     0.00000000     0.00000000     0.00000000
     15     0.00000000     0.00000000     0.00000000     0.00000000     1.33750165
     16     0.00000000     0.00000000     0.00000000     0.00000000     0.06818722
     17     0.00000000     0.00000000     0.00000000     0.00000000    -3.86792088
     18    -0.00383456     0.00047410     0.00000000     0.00000000     0.00000000
     19    -0.00047410    -0.00383456     0.00000000     0.00000000     0.00000000
     20     0.00000000     0.00000000     0.00000000     0.00000000     0.00815577
                16             17             18             19             20
      1    -0.36627237    -0.02669841     0.00000000     0.00000000     0.75687498
      2    -4.40343816     0.76256448     0.00000000     0.00000000     3.89071663
      3     1.51549090    -0.56135001     0.00000000     0.00000000    -1.93374862
      4     0.00000000     0.00000000     0.32803468     0.04009218     0.00000000
      5     0.00000000     0.00000000     0.04009218    -0.32803468     0.00000000
      6     1.16070028     0.18587981     0.00000000     0.00000000     2.40308761
      7     0.00000000     0.00000000    -0.22144178    -0.02706447     0.00000000
      8     0.00000000     0.00000000    -0.02706447     0.22144178     0.00000000
      9    -0.62907573    -0.39109019     0.00000000     0.00000000    -1.33473337
     10     1.41302022    -0.40280149     0.00000000     0.00000000    -0.70251528
     11     0.00000000     0.00000000     0.00000000     0.00000000     0.00000000
     12     0.00000000     0.00000000     0.28692919     0.03506829     0.00000000
     13     1.41302022    -0.40280149     0.00000000     0.00000000    -0.70251528
     14     0.00000000     0.00000000     0.03506829    -0.28692919     0.00000000
     15     2.11958617     0.01146067     0.00000000     0.00000000     0.31127900
     16    -0.30727888    -2.41077261     0.00000000     0.00000000     0.14994071
     17    -0.67703369     2.60907129     0.00000000     0.00000000    -2.12031040
     18     0.00000000     0.00000000    -1.04643882    -0.12789505     0.00000000
     19     0.00000000     0.00000000    -0.12789505     1.04643882     0.00000000
     20     0.01378907     0.03992770     0.00000000     0.00000000     1.17716504

           ---------------------------------------
                     MO energies
           ---------------------------------------
                 1
      1    -2.45047388
      2    -0.30049633
      3     0.00165406
      4     0.04259778
      5     0.04259778
      6     0.10053168
      7     0.14840313
      8     0.17854773
      9     0.17854773
     10     0.27393971
     11     0.33788763
     12     0.33788763
     13     0.34033129
     14     0.34033129
     15     0.58243459
     16     0.64753156
     17     0.91486717
     18     1.77802231
     19     1.77802231
     20     2.00678310

                                        Total CPU time for RHF =      0.063 seconds


 AO to MO transformation... Please be patient

                    Total CPU time for AO to MO transformation =      0.229 seconds


 ************************************************
 |      Configuration Interaction Singles       |
 ************************************************


 -------------------------------------------------------------
   CIS          calculation: singlet        manifold
 -------------------------------------------------------------
 | State |  Excitation energy (au) |  Excitation energy (eV) |
 -------------------------------------------------------------
 |     1 |                0.148937 |                4.052793 |
 |     2 |                0.187184 |                5.093546 |
 |     3 |                0.187184 |                5.093546 |
 |     4 |                0.255095 |                6.941500 |
 |     5 |                0.288894 |                7.861205 |
 |     6 |                0.288894 |                7.861205 |
 |     7 |                0.289750 |                7.884512 |
 |     8 |                0.378149 |               10.289964 |
 |     9 |                0.424807 |               11.559585 |
 |    10 |                0.424807 |               11.559585 |
 |    11 |                0.428586 |               11.662413 |
 |    12 |                0.428586 |               11.662413 |
 |    13 |                0.643163 |               17.501352 |
 |    14 |                0.717091 |               19.513047 |
 |    15 |                0.937987 |               25.523919 |
 |    16 |                1.693813 |               46.090986 |
 |    17 |                1.693813 |               46.090986 |
 |    18 |                1.914316 |               52.091204 |
 |    19 |                2.158614 |               58.738875 |
 |    20 |                2.231206 |               60.714217 |
 -------------------------------------------------------------

 ---------------------------------------------------------------
                 Transition dipole moment (au)                  
 ---------------------------------------------------------------
  #           X           Y           Z   dip. str.   osc. str.
 ---------------------------------------------------------------
  1   -0.000000    0.000000   -0.833452    0.694642    0.068972
  2   -1.375207    0.157201    0.000000    1.915905    0.239085
  3    0.157201    1.375207    0.000000    1.915905    0.239085
  4   -0.000000    0.000000    0.332255    0.110393    0.018774
  5   -0.007828    0.235077    0.000000    0.055322    0.010655
  6   -0.235077   -0.007828   -0.000000    0.055322    0.010655
  7    0.000000    0.000000   -0.132381    0.017525    0.003385
  8   -0.000000    0.000000   -1.164855    1.356886    0.342070
  9    0.000000    0.000000    0.000000    0.000000    0.000000
 10   -0.000000   -0.000000   -0.000000    0.000000    0.000000
 ---------------------------------------------------------------

 -------------------------------------------------------------
 Excitation n.   1:   4.052793 eV  f = 0.0690  <S**2> = 0.0000
 -------------------------------------------------------------
  2 ->   3 =   0.680858
  2 ->   6 =   0.079981
  2 ->   7 =   0.170708

 -------------------------------------------------------------
 Excitation n.   2:   5.093546 eV  f = 0.2391  <S**2> = 0.0000
 -------------------------------------------------------------
  2 ->   4 =  -0.342083
  2 ->   5 =  -0.574625
  2 ->   9 =   0.220426

 -------------------------------------------------------------
 Excitation n.   3:   5.093546 eV  f = 0.2391  <S**2> = 0.0000
 -------------------------------------------------------------
  2 ->   4 =  -0.574625
  2 ->   5 =   0.342083
  2 ->   8 =  -0.220426

 -------------------------------------------------------------
 Excitation n.   4:   6.941500 eV  f = 0.0188  <S**2> = 0.0000
 -------------------------------------------------------------
  2 ->   6 =   0.697445
  2 ->   7 =  -0.096198

 -------------------------------------------------------------
 Excitation n.   5:   7.861205 eV  f = 0.0107  <S**2> = 0.0000
 -------------------------------------------------------------
  2 ->   4 =   0.210949
  2 ->   5 =  -0.086678
  2 ->   8 =  -0.666490

 -------------------------------------------------------------
 Excitation n.   6:   7.861205 eV  f = 0.0107  <S**2> = 0.0000
 -------------------------------------------------------------
  2 ->   4 =   0.086678
  2 ->   5 =   0.210949
  2 ->   9 =   0.666490

 -------------------------------------------------------------
 Excitation n.   7:   7.884512 eV  f = 0.0034  <S**2> = 0.0000
 -------------------------------------------------------------
  2 ->   3 =  -0.180555
  2 ->   6 =   0.078178
  2 ->   7 =   0.677356

 -------------------------------------------------------------
 Excitation n.   8:  10.289964 eV  f = 0.3421  <S**2> = 0.0000
 -------------------------------------------------------------
  2 ->  10 =   0.703830

 -------------------------------------------------------------
 Excitation n.   9:  11.559585 eV  f = 0.0000  <S**2> = 0.0000
 -------------------------------------------------------------
  2 ->  13 =  -0.707106

 -------------------------------------------------------------
 Excitation n.  10:  11.559585 eV  f = 0.0000  <S**2> = 0.0000
 -------------------------------------------------------------
  2 ->  14 =   0.707106

Thomas-Reiche-Kuhn sum rule =   0.932681

 ---------------------------------------------------------------------------------------------------
  CIS(D) correction 
 ---------------------------------------------------------------------------------------------------
      #             CIS (eV)          CIS(D) (eV)      Correction (eV)
 ---------------------------------------------------------------------------------------------------
      1            4.052793            3.732834           -0.319959
      2            5.093546            4.753770           -0.339776
      3            5.093546            4.753770           -0.339776
      4            6.941500            6.749593           -0.191907
      5            7.861205            7.622559           -0.238646
      6            7.861205            7.622559           -0.238646
      7            7.884512            7.656336           -0.228176
      8           10.289964           10.040347           -0.249617
      9           11.559585           11.210895           -0.348690
     10           11.559585           11.210895           -0.348690
 ---------------------------------------------------------------------------------------------------


 -------------------------------------------------------------
   CIS          calculation: triplet        manifold
 -------------------------------------------------------------
 | State |  Excitation energy (au) |  Excitation energy (eV) |
 -------------------------------------------------------------
 |     1 |                0.113254 |                3.081811 |
 |     2 |                0.154605 |                4.207020 |
 |     3 |                0.154605 |                4.207020 |
 |     4 |                0.210468 |                5.727122 |
 |     5 |                0.272149 |                7.405551 |
 |     6 |                0.272149 |                7.405551 |
 |     7 |                0.286813 |                7.804581 |
 |     8 |                0.308970 |                8.407493 |
 |     9 |                0.378929 |               10.311175 |
 |    10 |                0.378929 |               10.311175 |
 |    11 |                0.410871 |               11.180375 |
 |    12 |                0.410871 |               11.180375 |
 |    13 |                0.568755 |               15.476618 |
 |    14 |                0.687563 |               18.709539 |
 |    15 |                0.762904 |               20.759671 |
 |    16 |                1.527341 |               41.561073 |
 |    17 |                1.527341 |               41.561073 |
 |    18 |                1.781654 |               48.481263 |
 |    19 |                2.118296 |               57.641763 |
 |    20 |                2.217492 |               60.341024 |
 -------------------------------------------------------------

 -------------------------------------------------------------
 Excitation n.   1:   3.081811 eV  f = 0.0000  <S**2> = 2.0000
 -------------------------------------------------------------
  2 ->   3 =  -0.617063
  2 ->   6 =  -0.276660
  2 ->   7 =  -0.119685
  2 ->  10 =  -0.154670

 -------------------------------------------------------------
 Excitation n.   2:   4.207020 eV  f = 0.0000  <S**2> = 2.0000
 -------------------------------------------------------------
  2 ->   4 =   0.347777
  2 ->   5 =   0.494577
  2 ->   8 =   0.092916
  2 ->   9 =  -0.312314
  2 ->  11 =   0.159391

 -------------------------------------------------------------
 Excitation n.   3:   4.207020 eV  f = 0.0000  <S**2> = 2.0000
 -------------------------------------------------------------
  2 ->   4 =  -0.494577
  2 ->   5 =   0.347777
  2 ->   8 =  -0.312314
  2 ->   9 =  -0.092916
  2 ->  12 =   0.159391

 -------------------------------------------------------------
 Excitation n.   4:   5.727122 eV  f = 0.0000  <S**2> = 2.0000
 -------------------------------------------------------------
  2 ->   3 =  -0.263817
  2 ->   6 =   0.612318
  2 ->   7 =  -0.200311
  2 ->  10 =   0.082650
  2 ->  17 =   0.079876

 -------------------------------------------------------------
 Excitation n.   5:   7.405551 eV  f = 0.0000  <S**2> = 2.0000
 -------------------------------------------------------------
  2 ->   4 =  -0.299047
  2 ->   5 =  -0.200616
  2 ->   8 =   0.359209
  2 ->   9 =  -0.466472
  2 ->  11 =   0.119242
  2 ->  12 =  -0.096380

 -------------------------------------------------------------
 Excitation n.   6:   7.405551 eV  f = 0.0000  <S**2> = 2.0000
 -------------------------------------------------------------
  2 ->   4 =  -0.200616
  2 ->   5 =   0.299047
  2 ->   8 =   0.466472
  2 ->   9 =   0.359209
  2 ->  11 =  -0.096380
  2 ->  12 =  -0.119242

 -------------------------------------------------------------
 Excitation n.   7:   7.804581 eV  f = 0.0000  <S**2> = 2.0000
 -------------------------------------------------------------
  2 ->   3 =  -0.202517
  2 ->   6 =   0.119627
  2 ->   7 =   0.660548
  2 ->  10 =   0.075949

 -------------------------------------------------------------
 Excitation n.   8:   8.407493 eV  f = 0.0000  <S**2> = 2.0000
 -------------------------------------------------------------
  2 ->   3 =   0.091571
  2 ->   6 =   0.151972
  2 ->   7 =   0.076906
  2 ->  10 =  -0.652765
  2 ->  15 =  -0.177794

 -------------------------------------------------------------
 Excitation n.   9:  10.311175 eV  f = 0.0000  <S**2> = 2.0000
 -------------------------------------------------------------
  2 ->   8 =   0.217118
  2 ->  12 =   0.668395

 -------------------------------------------------------------
 Excitation n.  10:  10.311175 eV  f = 0.0000  <S**2> = 2.0000
 -------------------------------------------------------------
  2 ->   9 =   0.217118
  2 ->  11 =   0.668395

Thomas-Reiche-Kuhn sum rule =   0.000000

 ---------------------------------------------------------------------------------------------------
  CIS(D) correction 
 ---------------------------------------------------------------------------------------------------
      #             CIS (eV)          CIS(D) (eV)      Correction (eV)
 ---------------------------------------------------------------------------------------------------
      1            3.081811            3.230994            0.149183
      2            4.207020            4.322207            0.115186
      3            4.207020            4.322207            0.115186
      4            5.727122            5.822428            0.095306
      5            7.405551            7.369278           -0.036273
      6            7.405551            7.369278           -0.036273
      7            7.804581            7.669705           -0.134876
      8            8.407493            8.565201            0.157708
      9           10.311175           10.376146            0.064971
     10           10.311175           10.376146            0.064971
 ---------------------------------------------------------------------------------------------------

                                        Total CPU time for CIS =      0.281 seconds


 ***********************************************************
 |  Random phase approximation calculation with exchange   |
 ***********************************************************


 -------------------------------------------------------------
   RPAx@HF      calculation: singlet        manifold
 -------------------------------------------------------------
 | State |  Excitation energy (au) |  Excitation energy (eV) |
 -------------------------------------------------------------
 |     1 |                0.147578 |                4.015790 |
 |     2 |                0.186153 |                5.065484 |
 |     3 |                0.186153 |                5.065484 |
 |     4 |                0.252828 |                6.879811 |
 |     5 |                0.288388 |                7.847442 |
 |     6 |                0.288388 |                7.847442 |
 |     7 |                0.289712 |                7.883466 |
 |     8 |                0.374793 |               10.198627 |
 |     9 |                0.424750 |               11.558026 |
 |    10 |                0.424750 |               11.558026 |
 |    11 |                0.426629 |               11.609156 |
 |    12 |                0.426629 |               11.609156 |
 |    13 |                0.640984 |               17.442075 |
 |    14 |                0.716601 |               19.499714 |
 |    15 |                0.930128 |               25.310081 |
 |    16 |                1.691107 |               46.017377 |
 |    17 |                1.691107 |               46.017377 |
 |    18 |                1.912445 |               52.040277 |
 |    19 |                2.158310 |               58.730607 |
 |    20 |                2.231163 |               60.713034 |
 -------------------------------------------------------------

 ---------------------------------------------------------------
                 Transition dipole moment (au)                  
 ---------------------------------------------------------------
  #           X           Y           Z   dip. str.   osc. str.
 ---------------------------------------------------------------
  1   -0.000000    0.000000   -0.787153    0.619610    0.060960
  2   -0.604129    1.166965   -0.000000    1.726779    0.214297
  3    1.166965    0.604129    0.000000    1.726779    0.214297
  4   -0.000000    0.000000    0.344285    0.118532    0.019979
  5    0.001596   -0.186611    0.000000    0.034826    0.006696
  6   -0.186611   -0.001596    0.000000    0.034826    0.006696
  7   -0.000000   -0.000000   -0.126019    0.015881    0.003067
  8   -0.000000    0.000000    1.086640    1.180785    0.295033
  9    0.000000   -0.000000   -0.000000    0.000000    0.000000
 10    0.000000    0.000000   -0.000000    0.000000    0.000000
 ---------------------------------------------------------------

 -------------------------------------------------------------
 Excitation n.   1:   4.015790 eV  f = 0.0610  <S**2> = 0.0000
 -------------------------------------------------------------
  2 ->   3 =   0.680862
  2 ->   6 =   0.091449
  2 ->   7 =   0.168705

 -------------------------------------------------------------
 Excitation n.   2:   5.065484 eV  f = 0.2143  <S**2> = 0.0000
 -------------------------------------------------------------
  2 ->   4 =  -0.666472
  2 ->   8 =  -0.214223
  2 ->   9 =   0.085126

 -------------------------------------------------------------
 Excitation n.   3:   5.065484 eV  f = 0.2143  <S**2> = 0.0000
 -------------------------------------------------------------
  2 ->   5 =   0.666472
  2 ->   8 =  -0.085126
  2 ->   9 =  -0.214223

 -------------------------------------------------------------
 Excitation n.   4:   6.879811 eV  f = 0.0200  <S**2> = 0.0000
 -------------------------------------------------------------
  2 ->   6 =   0.697278
  2 ->   7 =  -0.103007

 -------------------------------------------------------------
 Excitation n.   5:   7.847442 eV  f = 0.0067  <S**2> = 0.0000
 -------------------------------------------------------------
  2 ->   4 =  -0.212949
  2 ->   5 =   0.093721
  2 ->   8 =   0.663569

 -------------------------------------------------------------
 Excitation n.   6:   7.847442 eV  f = 0.0067  <S**2> = 0.0000
 -------------------------------------------------------------
  2 ->   4 =   0.093721
  2 ->   5 =   0.212949
  2 ->   9 =   0.663569

 -------------------------------------------------------------
 Excitation n.   7:   7.883466 eV  f = 0.0031  <S**2> = 0.0000
 -------------------------------------------------------------
  2 ->   3 =  -0.180482
  2 ->   6 =   0.082313
  2 ->   7 =   0.676908

 -------------------------------------------------------------
 Excitation n.   8:  10.198627 eV  f = 0.2950  <S**2> = 0.0000
 -------------------------------------------------------------
  2 ->  10 =  -0.705060

 -------------------------------------------------------------
 Excitation n.   9:  11.558026 eV  f = 0.0000  <S**2> = 0.0000
 -------------------------------------------------------------
  2 ->  13 =  -0.707130

 -------------------------------------------------------------
 Excitation n.  10:  11.558026 eV  f = 0.0000  <S**2> = 0.0000
 -------------------------------------------------------------
  2 ->  14 =   0.707130

Thomas-Reiche-Kuhn sum rule =   0.821025


 -------------------------------------------------------------
   RPAx@HF      calculation: triplet        manifold
 -------------------------------------------------------------
 | State |  Excitation energy (au) |  Excitation energy (eV) |
 -------------------------------------------------------------
 |     1 |                0.102483 |                2.788712 |
 |     2 |                0.151716 |                4.128401 |
 |     3 |                0.151716 |                4.128401 |
 |     4 |                0.205922 |                5.603433 |
 |     5 |                0.271350 |                7.383814 |
 |     6 |                0.271350 |                7.383814 |
 |     7 |                0.286698 |                7.801436 |
 |     8 |                0.304026 |                8.272982 |
 |     9 |                0.377111 |               10.261715 |
 |    10 |                0.377111 |               10.261715 |
 |    11 |                0.410812 |               11.178763 |
 |    12 |                0.410812 |               11.178763 |
 |    13 |                0.566095 |               15.404220 |
 |    14 |                0.685222 |               18.645840 |
 |    15 |                0.756864 |               20.595329 |
 |    16 |                1.524455 |               41.482545 |
 |    17 |                1.524455 |               41.482545 |
 |    18 |                1.779793 |               48.430648 |
 |    19 |                2.117924 |               57.631652 |
 |    20 |                2.217465 |               60.340294 |
 -------------------------------------------------------------

 -------------------------------------------------------------
 Excitation n.   1:   2.788712 eV  f = 0.0000  <S**2> = 2.0000
 -------------------------------------------------------------
  2 ->   3 =   0.602498
  2 ->   6 =   0.320226
  2 ->   7 =   0.106813
  2 ->  10 =   0.188533
  2 ->  17 =   0.091451
  2 <-   3 =   0.073746
  2 <-   6 =   0.083808
  2 <-  10 =   0.071864

 -------------------------------------------------------------
 Excitation n.   2:   4.128401 eV  f = 0.0000  <S**2> = 2.0000
 -------------------------------------------------------------
  2 ->   4 =  -0.084138
  2 ->   5 =   0.594847
  2 ->   8 =  -0.149020
  2 ->   9 =  -0.297626
  2 ->  11 =   0.161435
  2 ->  12 =   0.076129

 -------------------------------------------------------------
 Excitation n.   3:   4.128401 eV  f = 0.0000  <S**2> = 2.0000
 -------------------------------------------------------------
  2 ->   4 =  -0.594847
  2 ->   5 =  -0.084138
  2 ->   8 =  -0.297626
  2 ->   9 =   0.149020
  2 ->  11 =  -0.076129
  2 ->  12 =   0.161435

 -------------------------------------------------------------
 Excitation n.   4:   5.603433 eV  f = 0.0000  <S**2> = 2.0000
 -------------------------------------------------------------
  2 ->   3 =  -0.303792
  2 ->   6 =   0.591931
  2 ->   7 =  -0.207852
  2 ->  10 =   0.094208
  2 ->  17 =   0.089259

 -------------------------------------------------------------
 Excitation n.   5:   7.383814 eV  f = 0.0000  <S**2> = 2.0000
 -------------------------------------------------------------
  2 ->   4 =  -0.308623
  2 ->   5 =   0.200341
  2 ->   8 =   0.564402
  2 ->   9 =   0.145371
  2 ->  12 =  -0.153461

 -------------------------------------------------------------
 Excitation n.   6:   7.383814 eV  f = 0.0000  <S**2> = 2.0000
 -------------------------------------------------------------
  2 ->   4 =  -0.200341
  2 ->   5 =  -0.308623
  2 ->   8 =   0.145371
  2 ->   9 =  -0.564402
  2 ->  11 =   0.153461

 -------------------------------------------------------------
 Excitation n.   7:   7.801436 eV  f = 0.0000  <S**2> = 2.0000
 -------------------------------------------------------------
  2 ->   3 =  -0.206824
  2 ->   6 =   0.111075
  2 ->   7 =   0.657893
  2 ->  10 =   0.097194

 -------------------------------------------------------------
 Excitation n.   8:   8.272982 eV  f = 0.0000  <S**2> = 2.0000
 -------------------------------------------------------------
  2 ->   3 =  -0.092321
  2 ->   6 =  -0.180009
  2 ->   7 =  -0.096390
  2 ->  10 =   0.643573
  2 ->  15 =   0.184458

 -------------------------------------------------------------
 Excitation n.   9:  10.261715 eV  f = 0.0000  <S**2> = 2.0000
 -------------------------------------------------------------
  2 ->   8 =  -0.220693
  2 ->  11 =  -0.158795
  2 ->  12 =  -0.647061

 -------------------------------------------------------------
 Excitation n.  10:  10.261715 eV  f = 0.0000  <S**2> = 2.0000
 -------------------------------------------------------------
  2 ->   9 =   0.220693
  2 ->  11 =   0.647061
  2 ->  12 =  -0.158795

Thomas-Reiche-Kuhn sum rule =   0.000000


 -------------------------------------------------------------------------------
              Tr@RPAx correlation energy (singlet) =       -0.0083437056
              Tr@RPAx correlation energy (triplet) =       -0.0385986824
              Tr@RPAx correlation energy           =       -0.0469423879
              Tr@RPAx total energy                 =       -8.0307063472
 -------------------------------------------------------------------------------

                                       Total CPU time for RPAx =      0.001 seconds


 ************************************************
 |          One-shot G0W0 calculation           |
 ************************************************


 -------------------------------------------------------------
   RPA@HF       calculation: singlet        manifold
 -------------------------------------------------------------
 | State |  Excitation energy (au) |  Excitation energy (eV) |
 -------------------------------------------------------------
 |     1 |                0.311001 |                8.462774 |
 |     2 |                0.351294 |                9.559203 |
 |     3 |                0.351294 |                9.559203 |
 |     4 |                0.431390 |               11.738717 |
 |     5 |                0.454106 |               12.356849 |
 |     6 |                0.496162 |               13.501243 |
 |     7 |                0.496162 |               13.501243 |
 |     8 |                0.622077 |               16.927569 |
 |     9 |                0.654615 |               17.812992 |
 |    10 |                0.654615 |               17.812992 |
 |    11 |                0.698635 |               19.010833 |
 |    12 |                0.698635 |               19.010833 |
 |    13 |                0.938285 |               25.532023 |
 |    14 |                0.988081 |               26.887043 |
 |    15 |                1.409183 |               38.345824 |
 |    16 |                2.243359 |               61.044897 |
 |    17 |                2.243359 |               61.044897 |
 |    18 |                2.444100 |               66.507361 |
 |    19 |                2.458887 |               66.909730 |
 |    20 |                2.493571 |               67.853528 |
 -------------------------------------------------------------

  *** Quasiparticle energies obtained by linearization *** 

 -------------------------------------------------------------------------------
   One-shot G0W0 calculation
 -------------------------------------------------------------------------------
 |   # |       e_HF (eV) |      Sig_c (eV) |               Z |       e_QP (eV) |
 -------------------------------------------------------------------------------
 |   1 |      -66.680791 |        1.892134 |        0.948630 |      -64.885856 |
 |   2 |       -8.176922 |        0.227541 |        0.918979 |       -7.967816 |
 |   3 |        0.045009 |       -0.094784 |        0.993017 |       -0.049112 |
 |   4 |        1.159145 |       -0.078780 |        0.994705 |        1.080782 |
 |   5 |        1.159145 |       -0.078780 |        0.994705 |        1.080782 |
 |   6 |        2.735606 |       -0.097907 |        0.991489 |        2.638533 |
 |   7 |        4.038255 |       -0.130109 |        0.990774 |        3.909347 |
 |   8 |        4.858531 |       -0.267781 |        0.981892 |        4.595599 |
 |   9 |        4.858531 |       -0.267781 |        0.981892 |        4.595599 |
 |  10 |        7.454279 |       -0.339612 |        0.958642 |        7.128713 |
 |  11 |        9.194391 |       -0.281626 |        0.814910 |        8.964891 |
 |  12 |        9.194391 |       -0.281626 |        0.814910 |        8.964891 |
 |  13 |        9.260886 |       -0.357282 |        0.931325 |        8.928140 |
 |  14 |        9.260886 |       -0.357282 |        0.931325 |        8.928140 |
 |  15 |       15.848852 |       -1.775759 |        0.046422 |       15.766419 |
 |  16 |       17.620231 |       -0.342356 |        0.814238 |       17.341472 |
 |  17 |       24.894804 |       -1.651184 |        0.558481 |       23.972649 |
 |  18 |       48.382451 |       -1.008138 |        0.379684 |       47.999678 |
 |  19 |       48.382451 |       -1.008138 |        0.379684 |       47.999678 |
 |  20 |       54.607350 |        4.766080 |        0.058032 |       54.883935 |
 -------------------------------------------------------------------------------
          G0W0 HOMO      energy:      -7.967816 eV
          G0W0 LUMO      energy:      -0.049112 eV
          G0W0 HOMO-LUMO gap   :       7.918703 eV
 -------------------------------------------------------------------------------
    RPA@G0W0 total energy      :      -8.024311 au
    RPA@G0W0 correlation energy:      -0.040547 au
    GM@G0W0  total energy      :      -8.057212 au
    GM@G0W0  correlation energy:      -0.073448 au
 -------------------------------------------------------------------------------


 -------------------------------------------------------------
   BSE@GW       calculation: singlet        manifold
 -------------------------------------------------------------
 | State |  Excitation energy (au) |  Excitation energy (eV) |
 -------------------------------------------------------------
 |     1 |                0.136963 |                3.726956 |
 |     2 |                0.176707 |                4.808450 |
 |     3 |                0.176707 |                4.808450 |
 |     4 |                0.249774 |                6.796703 |
 |     5 |                0.275811 |                7.505202 |
 |     6 |                0.275811 |                7.505202 |
 |     7 |                0.277338 |                7.546758 |
 |     8 |                0.367357 |                9.996293 |
 |     9 |                0.407482 |               11.088151 |
 |    10 |                0.407482 |               11.088151 |
 |    11 |                0.423950 |               11.536269 |
 |    12 |                0.423950 |               11.536269 |
 |    13 |                0.660318 |               17.968155 |
 |    14 |                0.709422 |               19.304357 |
 |    15 |                0.982561 |               26.736846 |
 |    16 |                1.785838 |               48.595114 |
 |    17 |                1.785838 |               48.595114 |
 |    18 |                2.025751 |               55.123481 |
 |    19 |                2.108979 |               57.388236 |
 |    20 |                2.180106 |               59.323709 |
 -------------------------------------------------------------

 ---------------------------------------------------------------
                 Transition dipole moment (au)                  
 ---------------------------------------------------------------
  #           X           Y           Z   dip. str.   osc. str.
 ---------------------------------------------------------------
  1    0.000000   -0.000000    0.761811    0.580355    0.052992
  2    0.154300   -1.255416   -0.000000    1.599877    0.188473
  3    1.255416    0.154300   -0.000000    1.599877    0.188473
  4    0.000000   -0.000000    0.337726    0.114059    0.018993
  5   -0.013701    0.143938    0.000000    0.020906    0.003844
  6    0.143938    0.013701   -0.000000    0.020906    0.003844
  7    0.000000   -0.000000    0.144761    0.020956    0.003875
  8    0.000000   -0.000000    1.032995    1.067079    0.261333
  9   -0.000000    0.000000    0.000000    0.000000    0.000000
 10    0.000000   -0.000000    0.000000    0.000000    0.000000
 ---------------------------------------------------------------

 -------------------------------------------------------------
 Excitation n.   1:   3.726956 eV  f = 0.0530  <S**2> = 0.0000
 -------------------------------------------------------------
  2 ->   3 =  -0.683446
  2 ->   6 =  -0.075269
  2 ->   7 =  -0.169484

 -------------------------------------------------------------
 Excitation n.   2:   4.808450 eV  f = 0.1885  <S**2> = 0.0000
 -------------------------------------------------------------
  2 ->   4 =   0.640524
  2 ->   5 =  -0.198739
  2 ->   8 =   0.225294

 -------------------------------------------------------------
 Excitation n.   3:   4.808450 eV  f = 0.1885  <S**2> = 0.0000
 -------------------------------------------------------------
  2 ->   4 =   0.198739
  2 ->   5 =   0.640524
  2 ->   9 =  -0.225294

 -------------------------------------------------------------
 Excitation n.   4:   6.796703 eV  f = 0.0190  <S**2> = 0.0000
 -------------------------------------------------------------
  2 ->   6 =   0.701582
  2 ->   7 =  -0.079550

 -------------------------------------------------------------
 Excitation n.   5:   7.505202 eV  f = 0.0038  <S**2> = 0.0000
 -------------------------------------------------------------
  2 ->   4 =   0.212892
  2 ->   5 =  -0.072505
  2 ->   8 =  -0.670469

 -------------------------------------------------------------
 Excitation n.   6:   7.505202 eV  f = 0.0038  <S**2> = 0.0000
 -------------------------------------------------------------
  2 ->   4 =  -0.072505
  2 ->   5 =  -0.212892
  2 ->   9 =  -0.670469

 -------------------------------------------------------------
 Excitation n.   7:   7.546758 eV  f = 0.0039  <S**2> = 0.0000
 -------------------------------------------------------------
  2 ->   3 =   0.177160
  2 ->   7 =  -0.680017

 -------------------------------------------------------------
 Excitation n.   8:   9.996293 eV  f = 0.2613  <S**2> = 0.0000
 -------------------------------------------------------------
  2 ->  10 =  -0.707679

 -------------------------------------------------------------
 Excitation n.   9:  11.088151 eV  f = 0.0000  <S**2> = 0.0000
 -------------------------------------------------------------
  2 ->  13 =  -0.707112

 -------------------------------------------------------------
 Excitation n.  10:  11.088151 eV  f = 0.0000  <S**2> = 0.0000
 -------------------------------------------------------------
  2 ->  14 =  -0.707112

Thomas-Reiche-Kuhn sum rule =   0.721826


 *** dynamical TDA activated ***

 ---------------------------------------------------------------------------------------------------
  First-order dynamical correction to static Bethe-Salpeter excitation energies                     
 ---------------------------------------------------------------------------------------------------
  BSE neutral excitation must be lower than the GW gap =   7.918703 eV
 ---------------------------------------------------------------------------------------------------
      #          Static (eV)         Dynamic (eV)      Correction (eV)         Renorm. (eV)
 ---------------------------------------------------------------------------------------------------
      1            3.726956            3.722460           -0.004496            1.001023
      2            4.808450            4.788439           -0.020011            1.002040
      3            4.808450            4.788439           -0.020011            1.002040
      4            6.796703            6.746769           -0.049934            1.010637
      5            7.505202            7.472263           -0.032939            1.003911
      6            7.505202            7.472263           -0.032939            1.003911
      7            7.546758            7.545682           -0.001076            0.999650
      8            9.996293            9.905649           -0.090644            1.013227
      9           11.088151           11.063188           -0.024963            1.002783
     10           11.088151           11.063188           -0.024963            1.002783
 ---------------------------------------------------------------------------------------------------


 -------------------------------------------------------------
   BSE@GW       calculation: triplet        manifold
 -------------------------------------------------------------
 | State |  Excitation energy (au) |  Excitation energy (eV) |
 -------------------------------------------------------------
 |     1 |                0.109895 |                2.990390 |
 |     2 |                0.147996 |                4.027174 |
 |     3 |                0.147996 |                4.027174 |
 |     4 |                0.210540 |                5.729090 |
 |     5 |                0.261152 |                7.106312 |
 |     6 |                0.261152 |                7.106312 |
 |     7 |                0.274320 |                7.464615 |
 |     8 |                0.308535 |                8.395663 |
 |     9 |                0.373669 |               10.168042 |
 |    10 |                0.373669 |               10.168042 |
 |    11 |                0.393554 |               10.709158 |
 |    12 |                0.393554 |               10.709158 |
 |    13 |                0.587787 |               15.994495 |
 |    14 |                0.686336 |               18.676151 |
 |    15 |                0.798537 |               21.729299 |
 |    16 |                1.618936 |               44.053495 |
 |    17 |                1.618936 |               44.053495 |
 |    18 |                1.890602 |               51.445894 |
 |    19 |                2.071289 |               56.362645 |
 |    20 |                2.166885 |               58.963947 |
 -------------------------------------------------------------

 -------------------------------------------------------------
 Excitation n.   1:   2.990390 eV  f = 0.0000  <S**2> = 2.0000
 -------------------------------------------------------------
  2 ->   3 =   0.644660
  2 ->   6 =   0.229159
  2 ->   7 =   0.135257
  2 ->  10 =   0.125584

 -------------------------------------------------------------
 Excitation n.   2:   4.027174 eV  f = 0.0000  <S**2> = 2.0000
 -------------------------------------------------------------
  2 ->   4 =  -0.174557
  2 ->   5 =  -0.590642
  2 ->   9 =   0.320107
  2 ->  11 =  -0.140566

 -------------------------------------------------------------
 Excitation n.   3:   4.027174 eV  f = 0.0000  <S**2> = 2.0000
 -------------------------------------------------------------
  2 ->   4 =  -0.590642
  2 ->   5 =   0.174557
  2 ->   8 =  -0.320107
  2 ->  12 =   0.140566

 -------------------------------------------------------------
 Excitation n.   4:   5.729090 eV  f = 0.0000  <S**2> = 2.0000
 -------------------------------------------------------------
  2 ->   3 =  -0.204260
  2 ->   6 =   0.643181
  2 ->   7 =  -0.187219
  2 ->  10 =   0.081072

 -------------------------------------------------------------
 Excitation n.   5:   7.106312 eV  f = 0.0000  <S**2> = 2.0000
 -------------------------------------------------------------
  2 ->   4 =   0.244831
  2 ->   5 =  -0.238982
  2 ->   8 =  -0.546901
  2 ->   9 =  -0.263928
  2 ->  12 =   0.107073

 -------------------------------------------------------------
 Excitation n.   6:   7.106312 eV  f = 0.0000  <S**2> = 2.0000
 -------------------------------------------------------------
  2 ->   4 =  -0.238982
  2 ->   5 =  -0.244831
  2 ->   8 =   0.263928
  2 ->   9 =  -0.546901
  2 ->  11 =   0.107073

 -------------------------------------------------------------
 Excitation n.   7:   7.464615 eV  f = 0.0000  <S**2> = 2.0000
 -------------------------------------------------------------
  2 ->   3 =  -0.196449
  2 ->   6 =   0.123594
  2 ->   7 =   0.663079

 -------------------------------------------------------------
 Excitation n.   8:   8.395663 eV  f = 0.0000  <S**2> = 2.0000
 -------------------------------------------------------------
  2 ->   3 =  -0.075177
  2 ->   6 =  -0.125314
  2 ->  10 =   0.675797
  2 ->  15 =   0.130042

 -------------------------------------------------------------
 Excitation n.   9:  10.168042 eV  f = 0.0000  <S**2> = 2.0000
 -------------------------------------------------------------
  2 ->   8 =   0.171459
  2 ->  12 =   0.681819

 -------------------------------------------------------------
 Excitation n.  10:  10.168042 eV  f = 0.0000  <S**2> = 2.0000
 -------------------------------------------------------------
  2 ->   9 =  -0.171459
  2 ->  11 =  -0.681819

Thomas-Reiche-Kuhn sum rule =   0.000000


 *** dynamical TDA activated ***

 ---------------------------------------------------------------------------------------------------
  First-order dynamical correction to static Bethe-Salpeter excitation energies                     
 ---------------------------------------------------------------------------------------------------
  BSE neutral excitation must be lower than the GW gap =   7.918703 eV
 ---------------------------------------------------------------------------------------------------
      #          Static (eV)         Dynamic (eV)      Correction (eV)         Renorm. (eV)
 ---------------------------------------------------------------------------------------------------
      1            2.990390            2.912080           -0.078310            1.005683
      2            4.027174            3.957119           -0.070054            1.004683
      3            4.027174            3.957119           -0.070054            1.004683
      4            5.729090            5.617059           -0.112031            1.010112
      5            7.106312            7.059829           -0.046483            1.003570
      6            7.106312            7.059829           -0.046483            1.003570
      7            7.464615            7.462635           -0.001980            0.999343
      8            8.395663            8.201799           -0.193864            1.012118
      9           10.168042           10.042993           -0.125049            1.008044
     10           10.168042           10.042993           -0.125049            1.008044
 ---------------------------------------------------------------------------------------------------


 -------------------------------------------------------------------------------
          Tr@BSE@G0W0 correlation energy (singlet) =       -0.0263621250
          Tr@BSE@G0W0 correlation energy (triplet) =       -0.0107165041
          Tr@BSE@G0W0 correlation energy           =       -0.0370786291
          Tr@BSE@G0W0 total energy                 =       -8.0208425884
 -------------------------------------------------------------------------------

                                       Total CPU time for G0W0 =      0.010 seconds


 ************************************************
 |          One-shot G0T0 calculation           |
 ************************************************


 -------------------------------------------------------------
   pp-RPA (N+2) calculation: alpha-beta     manifold
 -------------------------------------------------------------
 | State |  Excitation energy (au) |  Excitation energy (eV) |
 -------------------------------------------------------------
 |     1 |                0.163013 |                4.435815 |
 |     2 |                0.163013 |                4.435815 |
 |     3 |                0.170990 |                4.652873 |
 |     4 |                0.195475 |                5.319158 |
 |     5 |                0.195475 |                5.319158 |
 |     6 |                0.202020 |                5.497231 |
 |     7 |                0.213693 |                5.814876 |
 |     8 |                0.213705 |                5.815201 |
 |     9 |                0.216692 |                5.896500 |
 |    10 |                0.216692 |                5.896500 |
 |    11 |                0.249875 |                6.799449 |
 |    12 |                0.252175 |                6.862035 |
 |    13 |                0.252175 |                6.862035 |
 |    14 |                0.277632 |                7.554742 |
 |    15 |                0.277632 |                7.554742 |
 |    16 |                0.301683 |                8.209221 |
 |    17 |                0.320650 |                8.725319 |
 |    18 |                0.320650 |                8.725319 |
 |    19 |                0.324298 |                8.824586 |
 |    20 |                0.324298 |                8.824586 |
 -------------------------------------------------------------


 -------------------------------------------------------------
   pp-RPA (N-2) calculation: alpha-beta     manifold
 -------------------------------------------------------------
 | State |  Excitation energy (au) |  Excitation energy (eV) |
 -------------------------------------------------------------
 |     1 |               -6.551625 |             -178.278787 |
 |     2 |               -3.097258 |              -84.280686 |
 |     3 |               -3.084400 |              -83.930788 |
 |     4 |               -1.065597 |              -28.996367 |
 -------------------------------------------------------------


 -------------------------------------------------------------
   pp-RPA (N+2) calculation: alpha-alpha    manifold
 -------------------------------------------------------------
 | State |  Excitation energy (au) |  Excitation energy (eV) |
 -------------------------------------------------------------
 |     1 |                0.163013 |                4.435815 |
 |     2 |                0.163013 |                4.435815 |
 |     3 |                0.202020 |                5.497231 |
 |     4 |                0.213705 |                5.815201 |
 |     5 |                0.252175 |                6.862035 |
 |     6 |                0.252175 |                6.862035 |
 |     7 |                0.301683 |                8.209221 |
 |     8 |                0.320650 |                8.725319 |
 |     9 |                0.320650 |                8.725319 |
 |    10 |                0.340581 |                9.267672 |
 |    11 |                0.340581 |                9.267672 |
 |    12 |                0.355540 |                9.674746 |
 |    13 |                0.355937 |                9.685528 |
 |    14 |                0.355937 |                9.685528 |
 |    15 |                0.364072 |                9.906902 |
 |    16 |                0.376774 |               10.252553 |
 |    17 |                0.415192 |               11.297949 |
 |    18 |                0.415192 |               11.297949 |
 |    19 |                0.436652 |               11.881914 |
 |    20 |                0.462932 |               12.597026 |
 -------------------------------------------------------------


 -------------------------------------------------------------
   pp-RPA (N-2) calculation: alpha-alpha    manifold
 -------------------------------------------------------------
 | State |  Excitation energy (au) |  Excitation energy (eV) |
 -------------------------------------------------------------
 |     1 |               -3.084400 |              -83.930788 |
 -------------------------------------------------------------

 -------------------------------------------------------------------------------
   One-shot G0T0 calculation (T-matrix self-energy)  
 -------------------------------------------------------------------------------
 |   # |       e_HF (eV) |    Sigma_T (eV) |               Z |       e_QP (eV) |
 -------------------------------------------------------------------------------
 |   1 |      -66.680791 |        0.986840 |        0.976430 |      -65.717211 |
 |   2 |       -8.176922 |        0.122032 |        0.980162 |       -8.057310 |
 |   3 |        0.045009 |       -0.076567 |        0.996547 |       -0.031293 |
 |   4 |        1.159145 |       -0.072427 |        0.996743 |        1.086953 |
 |   5 |        1.159145 |       -0.072427 |        0.996743 |        1.086953 |
 |   6 |        2.735606 |       -0.069342 |        0.996372 |        2.666516 |
 |   7 |        4.038255 |       -0.100335 |        0.995044 |        3.938417 |
 |   8 |        4.858531 |       -0.186154 |        0.991904 |        4.673885 |
 |   9 |        4.858531 |       -0.186154 |        0.991904 |        4.673885 |
 |  10 |        7.454279 |       -0.222307 |        0.989218 |        7.234369 |
 |  11 |        9.194391 |       -0.190230 |        0.988945 |        9.006264 |
 |  12 |        9.194391 |       -0.190230 |        0.988945 |        9.006264 |
 |  13 |        9.260886 |       -0.157708 |        0.990622 |        9.104657 |
 |  14 |        9.260886 |       -0.157708 |        0.990622 |        9.104657 |
 |  15 |       15.848852 |       -0.330017 |        0.967167 |       15.529671 |
 |  16 |       17.620231 |       -0.261230 |        0.720043 |       17.432134 |
 |  17 |       24.894804 |       -0.688658 |        0.015272 |       24.884286 |
 |  18 |       48.382451 |       -1.960319 |        0.749584 |       46.913027 |
 |  19 |       48.382451 |       -1.960319 |        0.749584 |       46.913027 |
 |  20 |       54.607350 |       -1.909393 |        0.829751 |       53.023028 |
 -------------------------------------------------------------------------------
             G0T0 HOMO      energy (eV)            =      -8.057310 eV
             G0T0 LUMO      energy (eV)            =      -0.031293 eV
             G0T0 HOMO-LUMO gap    (eV)            =       8.026017 eV
 -------------------------------------------------------------------------------
        Tr@ppRPA@G0T0 correlation energy (singlet) =       -0.0153638870 au
        Tr@ppRPA@G0T0 correlation energy (triplet) =       -0.0000973909 au
        Tr@ppRPA@G0T0 correlation energy           =       -0.0154612779 au
        Tr@ppRPA@G0T0 total energy                 =       -7.9992252372 au
              GM@G0T0 correlation energy           =       -0.0252497409 au
              GM@G0T0 total energy                 =       -8.0090137002 au
 -------------------------------------------------------------------------------


 -------------------------------------------------------------
   BSE@GT       calculation: singlet        manifold
 -------------------------------------------------------------
 | State |  Excitation energy (au) |  Excitation energy (eV) |
 -------------------------------------------------------------
 |     1 |                0.140982 |                3.836325 |
 |     2 |                0.182550 |                4.967438 |
 |     3 |                0.182550 |                4.967438 |
 |     4 |                0.241840 |                6.580813 |
 |     5 |                0.278288 |                7.572596 |
 |     6 |                0.278288 |                7.572596 |
 |     7 |                0.282774 |                7.694659 |
 |     8 |                0.362474 |                9.863407 |
 |     9 |                0.413561 |               11.253557 |
 |    10 |                0.413561 |               11.253557 |
 |    11 |                0.419181 |               11.406499 |
 |    12 |                0.419181 |               11.406499 |
 |    13 |                0.627364 |               17.071438 |
 |    14 |                0.705085 |               19.186328 |
 |    15 |                0.906525 |               24.667812 |
 |    16 |                1.629948 |               44.353138 |
 |    17 |                1.629948 |               44.353138 |
 |    18 |                1.846381 |               50.242591 |
 |    19 |                2.117862 |               57.629960 |
 |    20 |                2.191425 |               59.631709 |
 -------------------------------------------------------------

 ---------------------------------------------------------------
                 Transition dipole moment (au)                  
 ---------------------------------------------------------------
  #           X           Y           Z   dip. str.   osc. str.
 ---------------------------------------------------------------
  1   -0.000000   -0.000000    0.818683    0.670241    0.062995
  2   -1.358412    0.055977   -0.000000    1.848418    0.224952
  3    0.055977    1.358412    0.000000    1.848418    0.224952
  4    0.000000    0.000000   -0.322034    0.103706    0.016720
  5   -0.039005    0.212573   -0.000000    0.046709    0.008666
  6    0.212573    0.039005    0.000000    0.046709    0.008666
  7    0.000000   -0.000000   -0.121054    0.014654    0.002763
  8   -0.000000   -0.000000    1.136723    1.292139    0.312244
  9   -0.000000    0.000000    0.000000    0.000000    0.000000
 10    0.000000   -0.000000    0.000000    0.000000    0.000000
 ---------------------------------------------------------------

 -------------------------------------------------------------
 Excitation n.   1:   3.836325 eV  f = 0.0630  <S**2> = 0.0000
 -------------------------------------------------------------
  2 ->   3 =  -0.679350
  2 ->   6 =  -0.110104
  2 ->   7 =  -0.159196

 -------------------------------------------------------------
 Excitation n.   2:   4.967438 eV  f = 0.2250  <S**2> = 0.0000
 -------------------------------------------------------------
  2 ->   4 =  -0.299138
  2 ->   5 =  -0.597248
  2 ->   9 =   0.226367

 -------------------------------------------------------------
 Excitation n.   3:   4.967438 eV  f = 0.2250  <S**2> = 0.0000
 -------------------------------------------------------------
  2 ->   4 =  -0.597248
  2 ->   5 =   0.299138
  2 ->   8 =  -0.226367

 -------------------------------------------------------------
 Excitation n.   4:   6.580813 eV  f = 0.0167  <S**2> = 0.0000
 -------------------------------------------------------------
  2 ->   3 =   0.084856
  2 ->   6 =  -0.691883
  2 ->   7 =   0.117559

 -------------------------------------------------------------
 Excitation n.   5:   7.572596 eV  f = 0.0087  <S**2> = 0.0000
 -------------------------------------------------------------
  2 ->   4 =   0.224084
  2 ->   8 =  -0.664791

 -------------------------------------------------------------
 Excitation n.   6:   7.572596 eV  f = 0.0087  <S**2> = 0.0000
 -------------------------------------------------------------
  2 ->   5 =  -0.224084
  2 ->   9 =  -0.664791

 -------------------------------------------------------------
 Excitation n.   7:   7.694659 eV  f = 0.0028  <S**2> = 0.0000
 -------------------------------------------------------------
  2 ->   3 =  -0.175106
  2 ->   6 =   0.092991
  2 ->   7 =   0.676912

 -------------------------------------------------------------
 Excitation n.   8:   9.863407 eV  f = 0.3122  <S**2> = 0.0000
 -------------------------------------------------------------
  2 ->  10 =  -0.704490

 -------------------------------------------------------------
 Excitation n.   9:  11.253557 eV  f = 0.0000  <S**2> = 0.0000
 -------------------------------------------------------------
  2 ->  13 =  -0.707084

 -------------------------------------------------------------
 Excitation n.  10:  11.253557 eV  f = 0.0000  <S**2> = 0.0000
 -------------------------------------------------------------
  2 ->  14 =   0.707084

Thomas-Reiche-Kuhn sum rule =   0.861958


 *** dynamical TDA activated ***

 ---------------------------------------------------------------------------------------------------
  First-order dynamical correction to static Bethe-Salpeter excitation energies                     
 ---------------------------------------------------------------------------------------------------
  BSE neutral excitation must be lower than the GT gap =   8.026017 eV
 ---------------------------------------------------------------------------------------------------
      #          Static (eV)         Dynamic (eV)      Correction (eV)         Renorm. (eV)
 ---------------------------------------------------------------------------------------------------
      1            3.836325            3.814892           -0.021433            0.998339
      2            4.967438            4.930622           -0.036816            1.001638
      3            4.967438            4.930622           -0.036816            1.001638
      4            6.580813            6.591853            0.011040            0.994959
      5            7.572596            7.571465           -0.001132            1.000074
      6            7.572596            7.571465           -0.001132            1.000074
      7            7.694659            7.681932           -0.012726            1.000684
      8            9.863407            9.877183            0.013776            0.998241
      9           11.253557           11.262164            0.008606            0.998778
     10           11.253557           11.262164            0.008606            0.998778
 ---------------------------------------------------------------------------------------------------


 -------------------------------------------------------------
   BSE@GT       calculation: triplet        manifold
 -------------------------------------------------------------
 | State |  Excitation energy (au) |  Excitation energy (eV) |
 -------------------------------------------------------------
 |     1 |                0.117536 |                3.198304 |
 |     2 |                0.151589 |                4.124947 |
 |     3 |                0.151589 |                4.124947 |
 |     4 |                0.211799 |                5.763356 |
 |     5 |                0.264646 |                7.201393 |
 |     6 |                0.264646 |                7.201393 |
 |     7 |                0.280847 |                7.642249 |
 |     8 |                0.304336 |                8.281399 |
 |     9 |                0.370623 |               10.085167 |
 |    10 |                0.370623 |               10.085167 |
 |    11 |                0.404712 |               11.012766 |
 |    12 |                0.404712 |               11.012766 |
 |    13 |                0.559152 |               15.215305 |
 |    14 |                0.683553 |               18.600422 |
 |    15 |                0.780129 |               21.228381 |
 |    16 |                1.488482 |               40.503648 |
 |    17 |                1.488482 |               40.503648 |
 |    18 |                1.736964 |               47.265205 |
 |    19 |                2.083574 |               56.696940 |
 |    20 |                2.177388 |               59.249753 |
 -------------------------------------------------------------

 -------------------------------------------------------------
 Excitation n.   1:   3.198304 eV  f = 0.0000  <S**2> = 2.0000
 -------------------------------------------------------------
  2 ->   3 =   0.640247
  2 ->   6 =   0.230344
  2 ->   7 =   0.132340
  2 ->  10 =   0.133710

 -------------------------------------------------------------
 Excitation n.   2:   4.124947 eV  f = 0.0000  <S**2> = 2.0000
 -------------------------------------------------------------
  2 ->   4 =  -0.544688
  2 ->   5 =  -0.270201
  2 ->   8 =  -0.227112
  2 ->   9 =   0.226561
  2 ->  11 =  -0.114234
  2 ->  12 =   0.120038

 -------------------------------------------------------------
 Excitation n.   3:   4.124947 eV  f = 0.0000  <S**2> = 2.0000
 -------------------------------------------------------------
  2 ->   4 =   0.270201
  2 ->   5 =  -0.544688
  2 ->   8 =   0.226561
  2 ->   9 =   0.227112
  2 ->  11 =  -0.120038
  2 ->  12 =  -0.114234

 -------------------------------------------------------------
 Excitation n.   4:   5.763356 eV  f = 0.0000  <S**2> = 2.0000
 -------------------------------------------------------------
  2 ->   3 =   0.209993
  2 ->   6 =  -0.642100
  2 ->   7 =   0.182202

 -------------------------------------------------------------
 Excitation n.   5:   7.201393 eV  f = 0.0000  <S**2> = 2.0000
 -------------------------------------------------------------
  2 ->   4 =   0.334167
  2 ->   5 =  -0.116911
  2 ->   8 =  -0.593274
  2 ->  12 =   0.149985

 -------------------------------------------------------------
 Excitation n.   6:   7.201393 eV  f = 0.0000  <S**2> = 2.0000
 -------------------------------------------------------------
  2 ->   4 =  -0.116911
  2 ->   5 =  -0.334167
  2 ->   9 =  -0.593274
  2 ->  11 =   0.149985

 -------------------------------------------------------------
 Excitation n.   7:   7.642249 eV  f = 0.0000  <S**2> = 2.0000
 -------------------------------------------------------------
  2 ->   3 =   0.195791
  2 ->   6 =  -0.117609
  2 ->   7 =  -0.663554
  2 ->  10 =  -0.071475

 -------------------------------------------------------------
 Excitation n.   8:   8.281399 eV  f = 0.0000  <S**2> = 2.0000
 -------------------------------------------------------------
  2 ->   3 =   0.088006
  2 ->   6 =   0.116319
  2 ->   7 =   0.077391
  2 ->  10 =  -0.662327
  2 ->  15 =  -0.175541

 -------------------------------------------------------------
 Excitation n.   9:  10.085167 eV  f = 0.0000  <S**2> = 2.0000
 -------------------------------------------------------------
  2 ->   8 =   0.084180
  2 ->   9 =  -0.195008
  2 ->  11 =  -0.608676
  2 ->  12 =   0.279934

 -------------------------------------------------------------
 Excitation n.  10:  10.085167 eV  f = 0.0000  <S**2> = 2.0000
 -------------------------------------------------------------
  2 ->   8 =  -0.195008
  2 ->   9 =  -0.084180
  2 ->  11 =  -0.279934
  2 ->  12 =  -0.608676

Thomas-Reiche-Kuhn sum rule =   0.000000


 *** dynamical TDA activated ***

 ---------------------------------------------------------------------------------------------------
  First-order dynamical correction to static Bethe-Salpeter excitation energies                     
 ---------------------------------------------------------------------------------------------------
  BSE neutral excitation must be lower than the GT gap =   8.026017 eV
 ---------------------------------------------------------------------------------------------------
      #          Static (eV)         Dynamic (eV)      Correction (eV)         Renorm. (eV)
 ---------------------------------------------------------------------------------------------------
      1            3.198304            3.121894           -0.076410            1.006780
      2            4.124947            4.070043           -0.054904            1.002703
      3            4.124947            4.070043           -0.054904            1.002703
      4            5.763356            5.710334           -0.053022            1.005282
      5            7.201393            7.178522           -0.022871            1.001695
      6            7.201393            7.178522           -0.022871            1.001695
      7            7.642249            7.623904           -0.018345            1.001459
      8            8.281399            8.224145           -0.057254            1.004608
      9           10.085167           10.065717           -0.019451            1.002346
     10           10.085167           10.065717           -0.019451            1.002346
 ---------------------------------------------------------------------------------------------------


 -------------------------------------------------------------------------------
          Tr@BSE@G0T0 correlation energy (singlet) =       -0.0025026278 au
          Tr@BSE@G0T0 correlation energy (triplet) =       -0.0032122947 au
          Tr@BSE@G0T0 correlation energy           =       -0.0057149225 au
          Tr@BSE@G0T0 total energy                 =       -7.9894788817 au
 -------------------------------------------------------------------------------

                                       Total CPU time for G0T0 =      0.772 seconds

                                      Total CPU time for QuAcK =      1.366 seconds

