78 significant shell pairs computed in 0.000171 seconds
0
Computed Electron repulsion integrals Integrals in parallel in 0.831916 seconds

 ******************************************************************************************
 *            QuAcK                       QuAcK                         QuAcK             *
 *   __        __        __       __        __        __       __        __        __     *
 * <(o )___  <(o )___  <(o )___ <(o )___  <(o )___  <(o )___ <(o )___  <(o )___  <(o )___ *
 * ( ._> /   ( ._> /   ( ._> /  ( ._> /   ( ._> /   ( ._> /  ( ._> /   ( ._> /   ( ._> /  *
 *|--------------------------------------------------------------------------------------|*
 ******************************************************************************************

      ----------------------
             Number of atoms                2
      ----------------------

      ----------------------
Number of spin-up   electron                7
Number of spin-down electron                7
    Total number of electron               14
      ----------------------

      ----------------------
Number of core      electron                0
Number of Rydberg   electron                0
      ----------------------

          ------------------
          Molecular geometry
          ------------------
                    Atom n.                 1
                        Z =      7.0000000000
           Atom coordinates:     0.0000000000    0.0000000000    0.0000000000
                    Atom n.                 2
                        Z =      7.0000000000
           Atom coordinates:     0.0000000000    0.0000000000    2.0749192858

          ------------------
 Nuclear repulsion energy =     23.6153764319
          ------------------

          Gaussian basis set
          ------------------
                    Atom n.                 1
           number of shells                 6
          ------------------
      s-type shell with K =                 9
                                    Exponents     Contraction
                              9046.0000000000    0.0007000000
                              1357.0000000000    0.0053890000
                               309.3000000000    0.0274060000
                                87.7300000000    0.1032070000
                                28.5600000000    0.2787230000
                                10.2100000000    0.4485400000
                                 3.8380000000    0.2782380000
                                 0.7466000000    0.0154400000
                                 0.2248000000   -0.0028640000
      s-type shell with K =                 9
                                    Exponents     Contraction
                              9046.0000000000   -0.0001530000
                              1357.0000000000   -0.0012080000
                               309.3000000000   -0.0059920000
                                87.7300000000   -0.0245440000
                                28.5600000000   -0.0674590000
                                10.2100000000   -0.1580780000
                                 3.8380000000   -0.1218310000
                                 0.7466000000    0.5490030000
                                 0.2248000000    0.5788150000
      s-type shell with K =                 1
                                    Exponents     Contraction
                                 0.2248000000    1.0000000000
      p-type shell with K =                 4
                                    Exponents     Contraction
                                13.5500000000    0.0399190000
                                 2.9170000000    0.2171690000
                                 0.7973000000    0.5103190000
                                 0.2185000000    0.4622140000
      p-type shell with K =                 1
                                    Exponents     Contraction
                                 0.2185000000    1.0000000000
      d-type shell with K =                 1
                                    Exponents     Contraction
                                 0.8170000000    1.0000000000
          ------------------
                    Atom n.                 2
           number of shells                 6
          ------------------
      s-type shell with K =                 9
                                    Exponents     Contraction
                              9046.0000000000    0.0007000000
                              1357.0000000000    0.0053890000
                               309.3000000000    0.0274060000
                                87.7300000000    0.1032070000
                                28.5600000000    0.2787230000
                                10.2100000000    0.4485400000
                                 3.8380000000    0.2782380000
                                 0.7466000000    0.0154400000
                                 0.2248000000   -0.0028640000
      s-type shell with K =                 9
                                    Exponents     Contraction
                              9046.0000000000   -0.0001530000
                              1357.0000000000   -0.0012080000
                               309.3000000000   -0.0059920000
                                87.7300000000   -0.0245440000
                                28.5600000000   -0.0674590000
                                10.2100000000   -0.1580780000
                                 3.8380000000   -0.1218310000
                                 0.7466000000    0.5490030000
                                 0.2248000000    0.5788150000
      s-type shell with K =                 1
                                    Exponents     Contraction
                                 0.2248000000    1.0000000000
      p-type shell with K =                 4
                                    Exponents     Contraction
                                13.5500000000    0.0399190000
                                 2.9170000000    0.2171690000
                                 0.7973000000    0.5103190000
                                 0.2185000000    0.4622140000
      p-type shell with K =                 1
                                    Exponents     Contraction
                                 0.2185000000    1.0000000000
      d-type shell with K =                 1
                                    Exponents     Contraction
                                 0.8170000000    1.0000000000
          ------------------
            Number of shells               12
          ------------------

          ------------------
   Number of basis functions               30
          ------------------

 Scaling integrals by    1.0000000000000000     

                          Total CPU time for reading integrals =      0.042 seconds


 ************************************************
 |    Restricted Hartree-Fock calculation       |
 ************************************************


 ----------------------------------------------------
 | RHF calculation                                  |
 ----------------------------------------------------
 |   # |        HF energy |       Conv |     HL Gap |
 ----------------------------------------------------
 |   1 |  -113.2003697594 |   0.353017 |   0.753231 |
 |   2 |  -107.9464327971 |   0.126626 |   0.773030 |
 |   3 |  -109.1876331561 |   0.025698 |   0.788191 |
 |   4 |  -108.8996760730 |   0.008435 |   0.783208 |
 |   5 |  -108.9675632998 |   0.001682 |   0.783694 |
 |   6 |  -108.9516892700 |   0.000573 |   0.783369 |
 |   7 |  -108.9554041661 |   0.000116 |   0.783381 |
 |   8 |  -108.9545299541 |   0.000041 |   0.783359 |
 |   9 |  -108.9547327151 |   0.000009 |   0.783359 |
 |  10 |  -108.9546844165 |   0.000003 |   0.783357 |
 |  11 |  -108.9546954262 |   0.000001 |   0.783357 |
 |  12 |  -108.9546927394 |   0.000000 |   0.783357 |
 |  13 |  -108.9546933311 |   0.000000 |   0.783357 |
 ----------------------------------------------------

         -----------------------------------------
           Summary              
         -----------------------------------------
           One-electron energy:   -194.2167549950 au
           Kinetic      energy:    108.6548603436 au
           Potential    energy:   -302.8716153386 au
         -----------------------------------------
           Two-electron energy:     61.6466852320 au
           Hartree      energy:     74.7509170676 au
           Exchange     energy:    -13.1042318356 au
         -----------------------------------------
           Electronic   energy:   -132.5700697630 au
           Nuclear   repulsion:     23.6153764319 au
           RHF          energy:   -108.9546933311 au
         -----------------------------------------
           HF HOMO      energy:        -16.554274 eV
           HF LUMO      energy:          4.761948 eV
           HF HOMO-LUMO gap   :         21.316222 eV
         -----------------------------------------
          Dipole moment (Debye)    
                   X         Y         Z      Tot.
           -0.000000  0.000000  0.000000  0.000000
         -----------------------------------------

           ---------------------------------------
                 MO coefficients
           ---------------------------------------
                 1              2              3              4              5
      1     0.70707495    -0.70784585    -0.00865675     0.00246731     0.01191094
      2     0.00294101    -0.00357368     0.66140123     0.65251127    -0.19765517
      3     0.00018403     0.00185084    -0.19422358     0.05810888    -0.22719687
      4     0.00000000     0.00000000     0.00000000     0.00000000     0.00000000
      5     0.00000000     0.00000000     0.00000000     0.00000000     0.00000000
      6     0.00215681    -0.00312265     0.32087705    -0.32012896     0.66934325
      7     0.00000000     0.00000000     0.00000000     0.00000000     0.00000000
      8     0.00000000     0.00000000     0.00000000     0.00000000     0.00000000
      9    -0.00143678     0.00195696    -0.11267591     0.03809960    -0.09740832
     10    -0.00140843     0.00122969    -0.01041332     0.00401229    -0.00537318
     11     0.00000000     0.00000000     0.00000000     0.00000000     0.00000000
     12     0.00000000     0.00000000     0.00000000     0.00000000     0.00000000
     13    -0.00140843     0.00122969    -0.01041332     0.00401229    -0.00537318
     14     0.00000000     0.00000000     0.00000000     0.00000000     0.00000000
     15    -0.00072922    -0.00043425     0.03198398    -0.01696138     0.03127004
     16     0.70707495     0.70784585    -0.00865675    -0.00246731     0.01191094
     17     0.00294101     0.00357368     0.66140123    -0.65251127    -0.19765517
     18     0.00018403    -0.00185084    -0.19422358    -0.05810888    -0.22719687
     19     0.00000000     0.00000000     0.00000000     0.00000000     0.00000000
     20     0.00000000     0.00000000     0.00000000     0.00000000     0.00000000
     21    -0.00215681    -0.00312265    -0.32087705    -0.32012896    -0.66934325
     22     0.00000000     0.00000000     0.00000000     0.00000000     0.00000000
     23     0.00000000     0.00000000     0.00000000     0.00000000     0.00000000
     24     0.00143678     0.00195696     0.11267591     0.03809960     0.09740832
     25    -0.00140843    -0.00122969    -0.01041332    -0.00401229    -0.00537318
     26     0.00000000     0.00000000     0.00000000     0.00000000     0.00000000
     27     0.00000000     0.00000000     0.00000000     0.00000000     0.00000000
     28    -0.00140843    -0.00122969    -0.01041332    -0.00401229    -0.00537318
     29     0.00000000     0.00000000     0.00000000     0.00000000     0.00000000
     30    -0.00072922     0.00043425     0.03198398     0.01696138     0.03127004
                 6              7              8              9             10
      1     0.00000000     0.00000000     0.00000000     0.00000000     0.01910655
      2     0.00000000     0.00000000     0.00000000     0.00000000    -0.35475236
      3     0.00000000     0.00000000     0.00000000     0.00000000    -3.59273701
      4     0.60541374     0.17214996    -0.62884300     0.05606644     0.00000000
      5    -0.17214996     0.60541374    -0.05606644    -0.62884300     0.00000000
      6     0.00000000     0.00000000     0.00000000     0.00000000    -0.09227749
      7    -0.03273333    -0.00930775    -0.38367423     0.03420766     0.00000000
      8     0.00930775    -0.03273333    -0.03420766    -0.38367423     0.00000000
      9     0.00000000     0.00000000     0.00000000     0.00000000    -2.54367577
     10     0.00000000     0.00000000     0.00000000     0.00000000     0.00735501
     11     0.00000000     0.00000000     0.00000000     0.00000000     0.00000000
     12     0.04566164     0.01298393     0.01301368    -0.00116027     0.00000000
     13     0.00000000     0.00000000     0.00000000     0.00000000     0.00735501
     14    -0.01298393     0.04566164     0.00116027     0.01301368     0.00000000
     15     0.00000000     0.00000000     0.00000000     0.00000000    -0.08112251
     16     0.00000000     0.00000000     0.00000000     0.00000000    -0.01910655
     17     0.00000000     0.00000000     0.00000000     0.00000000     0.35475236
     18     0.00000000     0.00000000     0.00000000     0.00000000     3.59273701
     19     0.60541374     0.17214996     0.62884300    -0.05606644     0.00000000
     20    -0.17214996     0.60541374     0.05606644     0.62884300     0.00000000
     21     0.00000000     0.00000000     0.00000000     0.00000000    -0.09227749
     22    -0.03273333    -0.00930775     0.38367423    -0.03420766     0.00000000
     23     0.00930775    -0.03273333     0.03420766     0.38367423     0.00000000
     24     0.00000000     0.00000000     0.00000000     0.00000000    -2.54367577
     25     0.00000000     0.00000000     0.00000000     0.00000000    -0.00735501
     26     0.00000000     0.00000000     0.00000000     0.00000000     0.00000000
     27    -0.04566164    -0.01298393     0.01301368    -0.00116027     0.00000000
     28     0.00000000     0.00000000     0.00000000     0.00000000    -0.00735501
     29     0.01298393    -0.04566164     0.00116027     0.01301368     0.00000000
     30     0.00000000     0.00000000     0.00000000     0.00000000     0.08112251
                11             12             13             14             15
      1     0.28402707     0.00000000     0.00000000    -0.31624156     0.00000000
      2     1.09041732     0.00000000     0.00000000    -1.38508111     0.00000000
      3    -1.09547598     0.00000000     0.00000000     1.86571745     0.00000000
      4     0.00000000     0.94776619    -0.00313128     0.00000000    -1.07766475
      5     0.00000000     0.00313128     0.94776619     0.00000000    -0.08561658
      6     0.48903092     0.00000000     0.00000000     0.61670324     0.00000000
      7     0.00000000    -1.05800867     0.00349551     0.00000000     1.65166109
      8     0.00000000    -0.00349551    -1.05800867     0.00000000     0.13121851
      9    -1.06477874     0.00000000     0.00000000    -0.76106175     0.00000000
     10     0.07473472     0.00000000     0.00000000    -0.16708432     0.00000000
     11     0.00000000     0.00000000     0.00000000     0.00000000     0.00000000
     12     0.00000000     0.10348977    -0.00034192     0.00000000     0.06840369
     13     0.07473472     0.00000000     0.00000000    -0.16708432     0.00000000
     14     0.00000000     0.00034192     0.10348977     0.00000000     0.00543443
     15     0.18179131     0.00000000     0.00000000    -0.17425029     0.00000000
     16     0.28402707     0.00000000     0.00000000    -0.31624156     0.00000000
     17     1.09041732     0.00000000     0.00000000    -1.38508111     0.00000000
     18    -1.09547598     0.00000000     0.00000000     1.86571745     0.00000000
     19     0.00000000     0.94776619    -0.00313128     0.00000000     1.07766475
     20     0.00000000     0.00313128     0.94776619     0.00000000     0.08561658
     21    -0.48903092     0.00000000     0.00000000    -0.61670324     0.00000000
     22     0.00000000    -1.05800867     0.00349551     0.00000000    -1.65166109
     23     0.00000000    -0.00349551    -1.05800867     0.00000000    -0.13121851
     24     1.06477874     0.00000000     0.00000000     0.76106175     0.00000000
     25     0.07473472     0.00000000     0.00000000    -0.16708432     0.00000000
     26     0.00000000     0.00000000     0.00000000     0.00000000     0.00000000
     27     0.00000000    -0.10348977     0.00034192     0.00000000     0.06840369
     28     0.07473472     0.00000000     0.00000000    -0.16708432     0.00000000
     29     0.00000000    -0.00034192    -0.10348977     0.00000000     0.00543443
     30     0.18179131     0.00000000     0.00000000    -0.17425029     0.00000000
                16             17             18             19             20
      1     0.00000000     0.23547671     0.66179450     0.00000000     0.00000000
      2     0.00000000     0.65313020     2.70604251     0.00000000     0.00000000
      3     0.00000000    -2.16682714    -8.19472011     0.00000000     0.00000000
      4     0.08561658     0.00000000     0.00000000     0.00000000     0.00000000
      5    -1.07766475     0.00000000     0.00000000     0.00000000     0.00000000
      6     0.00000000    -0.99643433     0.42320883     0.00000000     0.00000000
      7    -0.13121851     0.00000000     0.00000000     0.00000000     0.00000000
      8     1.65166109     0.00000000     0.00000000     0.00000000     0.00000000
      9     0.00000000     0.19590745    -3.13421139     0.00000000     0.00000000
     10     0.00000000     0.02073782     0.27552154     0.00000950    -0.56559089
     11     0.00000000     0.00000000     0.00000000    -0.65308811    -0.00001097
     12    -0.00543443     0.00000000     0.00000000     0.00000000     0.00000000
     13     0.00000000     0.02073782     0.27552154    -0.00000950     0.56559089
     14     0.06840369     0.00000000     0.00000000     0.00000000     0.00000000
     15     0.00000000     0.37398102    -0.02591049     0.00000000     0.00000000
     16     0.00000000    -0.23547671    -0.66179450     0.00000000     0.00000000
     17     0.00000000    -0.65313020    -2.70604251     0.00000000     0.00000000
     18     0.00000000     2.16682714     8.19472011     0.00000000     0.00000000
     19    -0.08561658     0.00000000     0.00000000     0.00000000     0.00000000
     20     1.07766475     0.00000000     0.00000000     0.00000000     0.00000000
     21     0.00000000    -0.99643433     0.42320883     0.00000000     0.00000000
     22     0.13121851     0.00000000     0.00000000     0.00000000     0.00000000
     23    -1.65166109     0.00000000     0.00000000     0.00000000     0.00000000
     24     0.00000000     0.19590745    -3.13421139     0.00000000     0.00000000
     25     0.00000000    -0.02073782    -0.27552154     0.00000950    -0.56559089
     26     0.00000000     0.00000000     0.00000000    -0.65308811    -0.00001097
     27    -0.00543443     0.00000000     0.00000000     0.00000000     0.00000000
     28     0.00000000    -0.02073782    -0.27552154    -0.00000950     0.56559089
     29     0.06840369     0.00000000     0.00000000     0.00000000     0.00000000
     30     0.00000000    -0.37398102     0.02591049     0.00000000     0.00000000
                21             22             23             24             25
      1     0.00000000     0.00000000     0.00000000     0.00000000    -0.29377649
      2     0.00000000     0.00000000     0.00000000     0.00000000    -0.72459129
      3     0.00000000     0.00000000     0.00000000     0.00000000     0.96274265
      4    -0.41712958    -0.09121994     0.00000000     0.00000000     0.00000000
      5    -0.09121994     0.41712958     0.00000000     0.00000000     0.00000000
      6     0.00000000     0.00000000     0.00000000     0.00000000    -0.51290942
      7     0.26030960     0.05692578     0.00000000     0.00000000     0.00000000
      8     0.05692578    -0.26030960     0.00000000     0.00000000     0.00000000
      9     0.00000000     0.00000000     0.00000000     0.00000000     0.79445466
     10     0.00000000     0.00000000    -0.00140489    -0.67308435    -0.66295743
     11     0.00000000     0.00000000    -0.77721086     0.00162222     0.00000000
     12     0.58161272     0.12718992     0.00000000     0.00000000     0.00000000
     13     0.00000000     0.00000000     0.00140489     0.67308435    -0.66295743
     14     0.12718992    -0.58161272     0.00000000     0.00000000     0.00000000
     15     0.00000000     0.00000000     0.00000000     0.00000000     0.56501303
     16     0.00000000     0.00000000     0.00000000     0.00000000    -0.29377649
     17     0.00000000     0.00000000     0.00000000     0.00000000    -0.72459129
     18     0.00000000     0.00000000     0.00000000     0.00000000     0.96274265
     19    -0.41712958    -0.09121994     0.00000000     0.00000000     0.00000000
     20    -0.09121994     0.41712958     0.00000000     0.00000000     0.00000000
     21     0.00000000     0.00000000     0.00000000     0.00000000     0.51290942
     22     0.26030960     0.05692578     0.00000000     0.00000000     0.00000000
     23     0.05692578    -0.26030960     0.00000000     0.00000000     0.00000000
     24     0.00000000     0.00000000     0.00000000     0.00000000    -0.79445466
     25     0.00000000     0.00000000     0.00140489     0.67308435    -0.66295743
     26     0.00000000     0.00000000     0.77721086    -0.00162222     0.00000000
     27    -0.58161272    -0.12718992     0.00000000     0.00000000     0.00000000
     28     0.00000000     0.00000000    -0.00140489    -0.67308435    -0.66295743
     29    -0.12718992     0.58161272     0.00000000     0.00000000     0.00000000
     30     0.00000000     0.00000000     0.00000000     0.00000000     0.56501303
                26             27             28             29             30
      1     0.00000000     0.00000000    -0.18770716     0.33569283    -0.12671359
      2     0.00000000     0.00000000    -0.82425890     2.56660432     1.05761606
      3     0.00000000     0.00000000    -2.39288484    -0.65061266     3.41354804
      4     0.09866763     0.34474469     0.00000000     0.00000000     0.00000000
      5     0.34474469    -0.09866763     0.00000000     0.00000000     0.00000000
      6     0.00000000     0.00000000    -1.65631173     0.19858699    -0.59081571
      7     0.08194571     0.28631829     0.00000000     0.00000000     0.00000000
      8     0.28631829    -0.08194571     0.00000000     0.00000000     0.00000000
      9     0.00000000     0.00000000    -0.76690019    -0.14034190     1.52362760
     10     0.00000000     0.00000000     0.48560797    -0.82214793    -1.11826141
     11     0.00000000     0.00000000     0.00000000     0.00000000     0.00000000
     12     0.30359616     1.06076496     0.00000000     0.00000000     0.00000000
     13     0.00000000     0.00000000     0.48560797    -0.82214793    -1.11826141
     14     1.06076496    -0.30359616     0.00000000     0.00000000     0.00000000
     15     0.00000000     0.00000000    -1.33537216    -1.09283618    -1.21121937
     16     0.00000000     0.00000000     0.18770716     0.33569283     0.12671359
     17     0.00000000     0.00000000     0.82425890     2.56660432    -1.05761606
     18     0.00000000     0.00000000     2.39288484    -0.65061266    -3.41354804
     19    -0.09866763    -0.34474469     0.00000000     0.00000000     0.00000000
     20    -0.34474469     0.09866763     0.00000000     0.00000000     0.00000000
     21     0.00000000     0.00000000    -1.65631173    -0.19858699    -0.59081571
     22    -0.08194571    -0.28631829     0.00000000     0.00000000     0.00000000
     23    -0.28631829     0.08194571     0.00000000     0.00000000     0.00000000
     24     0.00000000     0.00000000    -0.76690019     0.14034190     1.52362760
     25     0.00000000     0.00000000    -0.48560797    -0.82214793     1.11826141
     26     0.00000000     0.00000000     0.00000000     0.00000000     0.00000000
     27     0.30359616     1.06076496     0.00000000     0.00000000     0.00000000
     28     0.00000000     0.00000000    -0.48560797    -0.82214793     1.11826141
     29     1.06076496    -0.30359616     0.00000000     0.00000000     0.00000000
     30     0.00000000     0.00000000     1.33537216    -1.09283618     1.21121937

           ---------------------------------------
                     MO energies
           ---------------------------------------
                 1
      1   -15.68777960
      2   -15.68435669
      3    -1.47130481
      4    -0.77472795
      5    -0.62680654
      6    -0.60835834
      7    -0.60835834
      8     0.17499837
      9     0.17499837
     10     0.59291245
     11     0.80412538
     12     0.87189807
     13     0.87189807
     14     0.88142380
     15     1.05051490
     16     1.05051490
     17     1.10569208
     18     1.58001607
     19     1.75724188
     20     1.75724188
     21     1.88123929
     22     1.88123929
     23     2.29840047
     24     2.29840047
     25     2.79514065
     26     2.99561204
     27     2.99561204
     28     3.27204064
     29     3.86447130
     30     4.20180122

                                        Total CPU time for RHF =      0.234 seconds


 AO to MO transformation... Please be patient

                    Total CPU time for AO to MO transformation =      1.641 seconds


 ************************************************
 |      Configuration Interaction Singles       |
 ************************************************


 -------------------------------------------------------------
   CIS          calculation: singlet        manifold
 -------------------------------------------------------------
 | State |  Excitation energy (au) |  Excitation energy (eV) |
 -------------------------------------------------------------
 |     1 |                0.314412 |                8.555599 |
 |     2 |                0.335904 |                9.140416 |
 |     3 |                0.335904 |                9.140416 |
 |     4 |                0.368052 |               10.015219 |
 |     5 |                0.368052 |               10.015219 |
 |     6 |                0.591212 |               16.087709 |
 |     7 |                0.591212 |               16.087709 |
 |     8 |                0.629613 |               17.132638 |
 |     9 |                0.867887 |               23.616404 |
 |    10 |                0.867887 |               23.616404 |
 |    11 |                0.877196 |               23.869713 |
 |    12 |                1.006008 |               27.374880 |
 |    13 |                1.024467 |               27.877168 |
 |    14 |                1.024467 |               27.877168 |
 |    15 |                1.053978 |               28.680194 |
 |    16 |                1.055465 |               28.720653 |
 |    17 |                1.055465 |               28.720653 |
 |    18 |                1.072543 |               29.185378 |
 |    19 |                1.073494 |               29.211260 |
 |    20 |                1.073494 |               29.211260 |
 -------------------------------------------------------------

 ---------------------------------------------------------------
                 Transition dipole moment (au)                  
 ---------------------------------------------------------------
  #           X           Y           Z   dip. str.   osc. str.
 ---------------------------------------------------------------
  1    0.000000    0.000000   -0.000000    0.000000    0.000000
  2   -0.000000   -0.000000   -0.000000    0.000000    0.000000
  3    0.000000    0.000000   -0.000000    0.000000    0.000000
  4    0.000000    0.000000    0.000000    0.000000    0.000000
  5    0.000000   -0.000000    0.000000    0.000000    0.000000
  6   -0.807269    0.238767    0.000000    0.708693    0.279325
  7   -0.238767   -0.807269    0.000000    0.708693    0.279325
  8    0.000000    0.000000    1.704729    2.906100    1.219812
  9    0.000000    0.000000   -0.000000    0.000000    0.000000
 10   -0.000000    0.000000   -0.000000    0.000000    0.000000
 ---------------------------------------------------------------

 -------------------------------------------------------------
 Excitation n.   1:   8.555599 eV  f = 0.0000  <S**2> = 0.0000
 -------------------------------------------------------------
  6 ->   8 =  -0.177496
  6 ->   9 =  -0.463166
  7 ->   8 =   0.463166
  7 ->   9 =  -0.177496

 -------------------------------------------------------------
 Excitation n.   2:   9.140416 eV  f = 0.0000  <S**2> = 0.0000
 -------------------------------------------------------------
  6 ->   8 =   0.496689
  7 ->   9 =  -0.496689

 -------------------------------------------------------------
 Excitation n.   3:   9.140416 eV  f = 0.0000  <S**2> = 0.0000
 -------------------------------------------------------------
  6 ->   9 =  -0.496689
  7 ->   8 =  -0.496689

 -------------------------------------------------------------
 Excitation n.   4:  10.015219 eV  f = 0.0000  <S**2> = 0.0000
 -------------------------------------------------------------
  5 ->   8 =  -0.688267
  5 ->   9 =  -0.109494
  5 ->  15 =  -0.087233

 -------------------------------------------------------------
 Excitation n.   5:  10.015219 eV  f = 0.0000  <S**2> = 0.0000
 -------------------------------------------------------------
  5 ->   8 =  -0.109494
  5 ->   9 =   0.688267
  5 ->  16 =   0.087233

 -------------------------------------------------------------
 Excitation n.   6:  16.087709 eV  f = 0.2793  <S**2> = 0.0000
 -------------------------------------------------------------
  4 ->   8 =   0.647988
  4 ->   9 =  -0.256185

 -------------------------------------------------------------
 Excitation n.   7:  16.087709 eV  f = 0.2793  <S**2> = 0.0000
 -------------------------------------------------------------
  4 ->   8 =   0.256185
  4 ->   9 =   0.647988

 -------------------------------------------------------------
 Excitation n.   8:  17.132638 eV  f = 1.2198  <S**2> = 0.0000
 -------------------------------------------------------------
  4 ->  14 =  -0.093746
  5 ->  10 =  -0.098307
  5 ->  17 =  -0.175113
  6 ->   8 =   0.437717
  6 ->   9 =  -0.167744
  7 ->   8 =   0.167744
  7 ->   9 =   0.437717

 -------------------------------------------------------------
 Excitation n.   9:  23.616404 eV  f = 0.0000  <S**2> = 0.0000
 -------------------------------------------------------------
  7 ->  10 =  -0.697546
  7 ->  17 =  -0.092743

 -------------------------------------------------------------
 Excitation n.  10:  23.616404 eV  f = 0.0000  <S**2> = 0.0000
 -------------------------------------------------------------
  6 ->  10 =   0.697546
  6 ->  17 =   0.092743

Thomas-Reiche-Kuhn sum rule =   1.778462

 ---------------------------------------------------------------------------------------------------
  CIS(D) correction 
 ---------------------------------------------------------------------------------------------------
      #             CIS (eV)          CIS(D) (eV)      Correction (eV)
 ---------------------------------------------------------------------------------------------------
      1            8.555599           10.587520            2.031921
      2            9.140416           11.147219            2.006804
      3            9.140416           11.147219            2.006804
      4           10.015219            9.878915           -0.136303
      5           10.015219            9.878915           -0.136303
      6           16.087709           14.583514           -1.504196
      7           16.087709           14.583514           -1.504196
      8           17.132638           17.044448           -0.088190
      9           23.616404           24.258343            0.641939
     10           23.616404           24.258343            0.641939
 ---------------------------------------------------------------------------------------------------


 -------------------------------------------------------------
   CIS          calculation: triplet        manifold
 -------------------------------------------------------------
 | State |  Excitation energy (au) |  Excitation energy (eV) |
 -------------------------------------------------------------
 |     1 |                0.230470 |                6.271403 |
 |     2 |                0.271294 |                7.382275 |
 |     3 |                0.271294 |                7.382275 |
 |     4 |                0.294092 |                8.002644 |
 |     5 |                0.294092 |                8.002644 |
 |     6 |                0.314412 |                8.555599 |
 |     7 |                0.441454 |               12.012584 |
 |     8 |                0.441454 |               12.012584 |
 |     9 |                0.803663 |               21.868777 |
 |    10 |                0.816068 |               22.206342 |
 |    11 |                0.816068 |               22.206342 |
 |    12 |                0.892957 |               24.298596 |
 |    13 |                0.966896 |               26.310570 |
 |    14 |                0.966896 |               26.310570 |
 |    15 |                0.978968 |               26.639077 |
 |    16 |                1.022483 |               27.823192 |
 |    17 |                1.022483 |               27.823192 |
 |    18 |                1.029874 |               28.024290 |
 |    19 |                1.032336 |               28.091297 |
 |    20 |                1.032336 |               28.091297 |
 -------------------------------------------------------------

 -------------------------------------------------------------
 Excitation n.   1:   6.271403 eV  f = 0.0000  <S**2> = 2.0000
 -------------------------------------------------------------
  6 ->   8 =   0.460429
  6 ->   9 =  -0.176448
  6 ->  15 =   0.070868
  7 ->   8 =   0.176448
  7 ->   9 =   0.460429
  7 ->  16 =   0.070868

 -------------------------------------------------------------
 Excitation n.   2:   7.382275 eV  f = 0.0000  <S**2> = 2.0000
 -------------------------------------------------------------
  6 ->   9 =  -0.492562
  7 ->   8 =  -0.492562

 -------------------------------------------------------------
 Excitation n.   3:   7.382275 eV  f = 0.0000  <S**2> = 2.0000
 -------------------------------------------------------------
  6 ->   8 =   0.492562
  7 ->   9 =  -0.492562

 -------------------------------------------------------------
 Excitation n.   4:   8.002644 eV  f = 0.0000  <S**2> = 2.0000
 -------------------------------------------------------------
  5 ->   8 =  -0.671798
  5 ->   9 =   0.188914
  5 ->  15 =  -0.092037

 -------------------------------------------------------------
 Excitation n.   5:   8.002644 eV  f = 0.0000  <S**2> = 2.0000
 -------------------------------------------------------------
  5 ->   8 =   0.188914
  5 ->   9 =   0.671798
  5 ->  16 =   0.092037

 -------------------------------------------------------------
 Excitation n.   6:   8.555599 eV  f = 0.0000  <S**2> = 2.0000
 -------------------------------------------------------------
  6 ->   8 =   0.177496
  6 ->   9 =   0.463166
  7 ->   8 =  -0.463166
  7 ->   9 =   0.177496

 -------------------------------------------------------------
 Excitation n.   7:  12.012584 eV  f = 0.0000  <S**2> = 2.0000
 -------------------------------------------------------------
  4 ->   8 =  -0.182396
  4 ->   9 =  -0.671977
  4 ->  16 =  -0.090080

 -------------------------------------------------------------
 Excitation n.   8:  12.012584 eV  f = 0.0000  <S**2> = 2.0000
 -------------------------------------------------------------
  4 ->   8 =   0.671977
  4 ->   9 =  -0.182396
  4 ->  15 =   0.090080

 -------------------------------------------------------------
 Excitation n.   9:  21.868777 eV  f = 0.0000  <S**2> = 2.0000
 -------------------------------------------------------------
  4 ->  11 =   0.103672
  4 ->  14 =   0.149405
  5 ->  10 =  -0.677132

 -------------------------------------------------------------
 Excitation n.  10:  22.206342 eV  f = 0.0000  <S**2> = 2.0000
 -------------------------------------------------------------
  3 ->   8 =  -0.120360
  6 ->  10 =  -0.671516
  6 ->  17 =  -0.142971
  6 ->  18 =   0.085926

Thomas-Reiche-Kuhn sum rule =   0.000000

 ---------------------------------------------------------------------------------------------------
  CIS(D) correction 
 ---------------------------------------------------------------------------------------------------
      #             CIS (eV)          CIS(D) (eV)      Correction (eV)
 ---------------------------------------------------------------------------------------------------
      1            6.271403            8.268601            1.997198
      2            7.382275            9.483144            2.100869
      3            7.382275            9.483144            2.100869
      4            8.002644            8.410954            0.408310
      5            8.002644            8.410954            0.408310
      6            8.555599           10.502997            1.947398
      7           12.012584           11.817593           -0.194991
      8           12.012584           11.817593           -0.194991
      9           21.868777           21.159953           -0.708824
     10           22.206342           23.216613            1.010272
 ---------------------------------------------------------------------------------------------------

                                        Total CPU time for CIS =      3.991 seconds


 ***********************************************************
 |  Random phase approximation calculation with exchange   |
 ***********************************************************


 -------------------------------------------------------------
   RPAx@HF      calculation: singlet        manifold
 -------------------------------------------------------------
 | State |  Excitation energy (au) |  Excitation energy (eV) |
 -------------------------------------------------------------
 |     1 |                0.293323 |                7.981713 |
 |     2 |                0.325550 |                8.858668 |
 |     3 |                0.325550 |                8.858668 |
 |     4 |                0.358829 |                9.764248 |
 |     5 |                0.358829 |                9.764248 |
 |     6 |                0.569824 |               15.505711 |
 |     7 |                0.579134 |               15.759050 |
 |     8 |                0.579134 |               15.759050 |
 |     9 |                0.865120 |               23.541120 |
 |    10 |                0.865120 |               23.541120 |
 |    11 |                0.873404 |               23.766522 |
 |    12 |                1.004164 |               27.324707 |
 |    13 |                1.021276 |               27.790342 |
 |    14 |                1.021276 |               27.790342 |
 |    15 |                1.052684 |               28.644990 |
 |    16 |                1.054716 |               28.700274 |
 |    17 |                1.054716 |               28.700274 |
 |    18 |                1.071072 |               29.145357 |
 |    19 |                1.071572 |               29.158970 |
 |    20 |                1.071572 |               29.158970 |
 -------------------------------------------------------------

 ---------------------------------------------------------------
                 Transition dipole moment (au)                  
 ---------------------------------------------------------------
  #           X           Y           Z   dip. str.   osc. str.
 ---------------------------------------------------------------
  1   -0.000000   -0.000000   -0.000000    0.000000    0.000000
  2    0.000000    0.000000    0.000000    0.000000    0.000000
  3    0.000000   -0.000000   -0.000000    0.000000    0.000000
  4   -0.000000    0.000000   -0.000000    0.000000    0.000000
  5   -0.000000   -0.000000    0.000000    0.000000    0.000000
  6   -0.000000   -0.000000    1.467662    2.154031    0.818280
  7    0.703933   -0.212819   -0.000000    0.540814    0.208803
  8    0.212819    0.703933    0.000000    0.540814    0.208803
  9    0.000000   -0.000000   -0.000000    0.000000    0.000000
 10   -0.000000   -0.000000    0.000000    0.000000    0.000000
 ---------------------------------------------------------------

 -------------------------------------------------------------
 Excitation n.   1:   7.981713 eV  f = 0.0000  <S**2> = 0.0000
 -------------------------------------------------------------
  6 ->   8 =  -0.180305
  6 ->   9 =  -0.470494
  7 ->   8 =   0.470494
  7 ->   9 =  -0.180305
  6 <-   9 =   0.083107
  7 <-   8 =  -0.083107

 -------------------------------------------------------------
 Excitation n.   2:   8.858668 eV  f = 0.0000  <S**2> = 0.0000
 -------------------------------------------------------------
  6 ->   9 =  -0.499027
  7 ->   8 =  -0.499027

 -------------------------------------------------------------
 Excitation n.   3:   8.858668 eV  f = 0.0000  <S**2> = 0.0000
 -------------------------------------------------------------
  6 ->   8 =   0.499027
  7 ->   9 =  -0.499027

 -------------------------------------------------------------
 Excitation n.   4:   9.764248 eV  f = 0.0000  <S**2> = 0.0000
 -------------------------------------------------------------
  5 ->   8 =   0.671267
  5 ->   9 =  -0.195682
  5 ->  15 =   0.087526

 -------------------------------------------------------------
 Excitation n.   5:   9.764248 eV  f = 0.0000  <S**2> = 0.0000
 -------------------------------------------------------------
  5 ->   8 =   0.195682
  5 ->   9 =   0.671267
  5 ->  16 =   0.087526

 -------------------------------------------------------------
 Excitation n.   6:  15.505711 eV  f = 0.8183  <S**2> = 0.0000
 -------------------------------------------------------------
  5 ->  17 =  -0.128638
  6 ->   8 =   0.461800
  6 ->   9 =  -0.176973
  7 ->   8 =   0.176973
  7 ->   9 =   0.461800
  6 <-   8 =  -0.076099
  7 <-   9 =  -0.076099

 -------------------------------------------------------------
 Excitation n.   7:  15.759050 eV  f = 0.2088  <S**2> = 0.0000
 -------------------------------------------------------------
  4 ->   8 =  -0.649637
  4 ->   9 =   0.261370

 -------------------------------------------------------------
 Excitation n.   8:  15.759050 eV  f = 0.2088  <S**2> = 0.0000
 -------------------------------------------------------------
  4 ->   8 =  -0.261370
  4 ->   9 =  -0.649637

 -------------------------------------------------------------
 Excitation n.   9:  23.541120 eV  f = 0.0000  <S**2> = 0.0000
 -------------------------------------------------------------
  6 ->  10 =  -0.697313
  6 ->  17 =  -0.099931

 -------------------------------------------------------------
 Excitation n.  10:  23.541120 eV  f = 0.0000  <S**2> = 0.0000
 -------------------------------------------------------------
  7 ->  10 =   0.697313
  7 ->  17 =   0.099931

Thomas-Reiche-Kuhn sum rule =   1.235885


 -------------------------------------------------------------
   RPAx@HF      calculation: triplet        manifold
 -------------------------------------------------------------
 | State |  Excitation energy (au) |  Excitation energy (eV) |
 -------------------------------------------------------------
 |     1 |                0.130448 |                3.549683 |
 |     2 |                0.219159 |                5.963611 |
 |     3 |                0.219159 |                5.963611 |
 |     4 |                0.280980 |                7.645855 |
 |     5 |                0.280980 |                7.645855 |
 |     6 |                0.293323 |                7.981713 |
 |     7 |                0.427554 |               11.634349 |
 |     8 |                0.427554 |               11.634349 |
 |     9 |                0.799373 |               21.752047 |
 |    10 |                0.807961 |               21.985747 |
 |    11 |                0.807961 |               21.985747 |
 |    12 |                0.886580 |               24.125071 |
 |    13 |                0.964132 |               26.235358 |
 |    14 |                0.964132 |               26.235358 |
 |    15 |                0.975054 |               26.532576 |
 |    16 |                1.019747 |               27.748720 |
 |    17 |                1.019747 |               27.748720 |
 |    18 |                1.026039 |               27.919954 |
 |    19 |                1.029549 |               28.015461 |
 |    20 |                1.029549 |               28.015461 |
 -------------------------------------------------------------

 -------------------------------------------------------------
 Excitation n.   1:   3.549683 eV  f = 0.0000  <S**2> = 2.0000
 -------------------------------------------------------------
  6 ->   8 =   0.534005
  6 ->   9 =  -0.204644
  6 ->  15 =   0.103252
  7 ->   8 =   0.204644
  7 ->   9 =   0.534005
  7 ->  16 =   0.103252
  6 <-   8 =   0.271318
  6 <-   9 =  -0.103976
  6 <-  15 =   0.071969
  7 <-   8 =   0.103976
  7 <-   9 =   0.271318
  7 <-  16 =   0.071969

 -------------------------------------------------------------
 Excitation n.   2:   5.963611 eV  f = 0.0000  <S**2> = 2.0000
 -------------------------------------------------------------
  6 ->   8 =   0.263972
  6 ->   9 =  -0.447037
  6 ->  16 =  -0.070873
  7 ->   8 =  -0.447037
  7 ->   9 =  -0.263972
  7 ->  15 =  -0.070873
  6 <-   8 =   0.079983
  6 <-   9 =  -0.135451
  7 <-   8 =  -0.135451
  7 <-   9 =  -0.079983

 -------------------------------------------------------------
 Excitation n.   3:   5.963611 eV  f = 0.0000  <S**2> = 2.0000
 -------------------------------------------------------------
  6 ->   8 =  -0.447037
  6 ->   9 =  -0.263972
  6 ->  15 =  -0.070873
  7 ->   8 =  -0.263972
  7 ->   9 =   0.447037
  7 ->  16 =   0.070873
  6 <-   8 =  -0.135451
  6 <-   9 =  -0.079983
  7 <-   8 =  -0.079983
  7 <-   9 =   0.135451

 -------------------------------------------------------------
 Excitation n.   4:   7.645855 eV  f = 0.0000  <S**2> = 2.0000
 -------------------------------------------------------------
  5 ->   8 =  -0.656502
  5 ->   9 =   0.246697
  5 ->  15 =  -0.093287

 -------------------------------------------------------------
 Excitation n.   5:   7.645855 eV  f = 0.0000  <S**2> = 2.0000
 -------------------------------------------------------------
  5 ->   8 =  -0.246697
  5 ->   9 =  -0.656502
  5 ->  16 =  -0.093287

 -------------------------------------------------------------
 Excitation n.   6:   7.981713 eV  f = 0.0000  <S**2> = 2.0000
 -------------------------------------------------------------
  6 ->   8 =  -0.180305
  6 ->   9 =  -0.470494
  7 ->   8 =   0.470494
  7 ->   9 =  -0.180305
  6 <-   9 =   0.083107
  7 <-   8 =  -0.083107

 -------------------------------------------------------------
 Excitation n.   7:  11.634349 eV  f = 0.0000  <S**2> = 2.0000
 -------------------------------------------------------------
  4 ->   8 =  -0.674825
  4 ->   9 =   0.185127
  4 ->  15 =  -0.094090

 -------------------------------------------------------------
 Excitation n.   8:  11.634349 eV  f = 0.0000  <S**2> = 2.0000
 -------------------------------------------------------------
  4 ->   8 =   0.185127
  4 ->   9 =   0.674825
  4 ->  16 =   0.094090

 -------------------------------------------------------------
 Excitation n.   9:  21.752047 eV  f = 0.0000  <S**2> = 2.0000
 -------------------------------------------------------------
  4 ->  11 =  -0.105120
  4 ->  14 =  -0.152867
  5 ->  10 =   0.676390

 -------------------------------------------------------------
 Excitation n.  10:  21.985747 eV  f = 0.0000  <S**2> = 2.0000
 -------------------------------------------------------------
  3 ->   8 =  -0.131760
  6 ->  10 =  -0.667294
  6 ->  17 =  -0.152550
  6 ->  18 =   0.091228

Thomas-Reiche-Kuhn sum rule =   0.000000


 -------------------------------------------------------------------------------
              Tr@RPAx correlation energy (singlet) =       -0.1517213051
              Tr@RPAx correlation energy (triplet) =       -0.3751869769
              Tr@RPAx correlation energy           =       -0.5269082819
              Tr@RPAx total energy                 =     -109.4816016130
 -------------------------------------------------------------------------------

                                       Total CPU time for RPAx =      0.035 seconds


 ************************************************
 |          One-shot G0W0 calculation           |
 ************************************************


 -------------------------------------------------------------
   RPA@HF       calculation: singlet        manifold
 -------------------------------------------------------------
 | State |  Excitation energy (au) |  Excitation energy (eV) |
 -------------------------------------------------------------
 |     1 |                0.783357 |               21.316222 |
 |     2 |                0.831945 |               22.638377 |
 |     3 |                0.831945 |               22.638377 |
 |     4 |                0.858667 |               23.365508 |
 |     5 |                0.858667 |               23.365508 |
 |     6 |                1.051398 |               28.609989 |
 |     7 |                1.051398 |               28.609989 |
 |     8 |                1.056164 |               28.739695 |
 |     9 |                1.222095 |               33.254895 |
 |    10 |                1.222095 |               33.254895 |
 |    11 |                1.261769 |               34.334487 |
 |    12 |                1.395416 |               37.971205 |
 |    13 |                1.455324 |               39.601380 |
 |    14 |                1.455324 |               39.601380 |
 |    15 |                1.477342 |               40.200530 |
 |    16 |                1.480256 |               40.279829 |
 |    17 |                1.500310 |               40.825504 |
 |    18 |                1.500310 |               40.825504 |
 |    19 |                1.512459 |               41.156101 |
 |    20 |                1.512459 |               41.156101 |
 -------------------------------------------------------------

  *** Quasiparticle energies obtained by linearization *** 

 -------------------------------------------------------------------------------
   One-shot G0W0 calculation
 -------------------------------------------------------------------------------
 |   # |       e_HF (eV) |      Sig_c (eV) |               Z |       e_QP (eV) |
 -------------------------------------------------------------------------------
 |   1 |     -426.886227 |       12.082116 |        0.841738 |     -416.716251 |
 |   2 |     -426.793084 |       12.059007 |        0.842382 |     -416.634796 |
 |   3 |      -40.036243 |        4.631554 |        0.751292 |      -36.556592 |
 |   4 |      -21.081421 |        1.735305 |        0.921293 |      -19.482697 |
 |   5 |      -17.056275 |        1.233441 |        0.939978 |      -15.896867 |
 |   6 |      -16.554274 |       -0.195912 |        0.953565 |      -16.741088 |
 |   7 |      -16.554274 |       -0.195912 |        0.953565 |      -16.741088 |
 |   8 |        4.761948 |       -0.753784 |        0.960723 |        4.037770 |
 |   9 |        4.761948 |       -0.753784 |        0.960723 |        4.037770 |
 |  10 |       16.133970 |       -0.777449 |        0.978865 |       15.372953 |
 |  11 |       21.881366 |       -0.691870 |        0.981113 |       21.202563 |
 |  12 |       23.725555 |       -1.665403 |        0.958509 |       22.129251 |
 |  13 |       23.725555 |       -1.665403 |        0.958509 |       22.129251 |
 |  14 |       23.984763 |       -1.512262 |        0.955217 |       22.540224 |
 |  15 |       28.585967 |       -2.519671 |        0.928116 |       26.247418 |
 |  16 |       28.585967 |       -2.519671 |        0.928116 |       26.247418 |
 |  17 |       30.087414 |       -2.465037 |        0.890191 |       27.893062 |
 |  18 |       42.994427 |       -2.748044 |        0.815773 |       40.752647 |
 |  19 |       47.816987 |       -2.165959 |        0.833900 |       46.010794 |
 |  20 |       47.816987 |       -2.165959 |        0.833900 |       46.010794 |
 |  21 |       51.191128 |       -3.114921 |        0.038117 |       51.072397 |
 |  22 |       51.191128 |       -3.114921 |        0.038117 |       51.072397 |
 |  23 |       62.542662 |       -3.700154 |        0.808144 |       59.552404 |
 |  24 |       62.542662 |       -3.700154 |        0.808144 |       59.552404 |
 |  25 |       76.059651 |       -3.964983 |        0.130826 |       75.540928 |
 |  26 |       81.514755 |        4.896049 |        0.155908 |       82.278091 |
 |  27 |       81.514755 |        4.896049 |        0.155908 |       82.278091 |
 |  28 |       89.036761 |       -4.296128 |        0.282026 |       87.825140 |
 |  29 |      105.157620 |        2.350559 |        0.124610 |      105.450523 |
 |  30 |      114.336835 |       -1.700558 |        0.687787 |      113.167214 |
 -------------------------------------------------------------------------------
          G0W0 HOMO      energy:     -16.741088 eV
          G0W0 LUMO      energy:       4.037770 eV
          G0W0 HOMO-LUMO gap   :      20.778858 eV
 -------------------------------------------------------------------------------
    RPA@G0W0 total energy      :    -109.295398 au
    RPA@G0W0 correlation energy:      -0.340705 au
    GM@G0W0  total energy      :    -109.533594 au
    GM@G0W0  correlation energy:      -0.578901 au
 -------------------------------------------------------------------------------


 -------------------------------------------------------------
   BSE@GW       calculation: singlet        manifold
 -------------------------------------------------------------
 | State |  Excitation energy (au) |  Excitation energy (eV) |
 -------------------------------------------------------------
 |     1 |                0.358811 |                9.763739 |
 |     2 |                0.365543 |                9.946920 |
 |     3 |                0.365543 |                9.946920 |
 |     4 |                0.383179 |               10.426822 |
 |     5 |                0.383179 |               10.426822 |
 |     6 |                0.551969 |               15.019845 |
 |     7 |                0.551969 |               15.019845 |
 |     8 |                0.578286 |               15.735963 |
 |     9 |                0.841841 |               22.907671 |
 |    10 |                0.870297 |               23.681975 |
 |    11 |                0.870297 |               23.681975 |
 |    12 |                0.975799 |               26.552832 |
 |    13 |                1.026944 |               27.944569 |
 |    14 |                1.032083 |               28.084407 |
 |    15 |                1.032083 |               28.084407 |
 |    16 |                1.047978 |               28.516939 |
 |    17 |                1.047978 |               28.516939 |
 |    18 |                1.052760 |               28.647047 |
 |    19 |                1.056563 |               28.750531 |
 |    20 |                1.056563 |               28.750531 |
 -------------------------------------------------------------

 ---------------------------------------------------------------
                 Transition dipole moment (au)                  
 ---------------------------------------------------------------
  #           X           Y           Z   dip. str.   osc. str.
 ---------------------------------------------------------------
  1   -0.000000    0.000000   -0.000000    0.000000    0.000000
  2   -0.000000   -0.000000   -0.000000    0.000000    0.000000
  3   -0.000000    0.000000    0.000000    0.000000    0.000000
  4   -0.000000    0.000000   -0.000000    0.000000    0.000000
  5   -0.000000   -0.000000    0.000000    0.000000    0.000000
  6   -0.331609   -0.701129   -0.000000    0.601546    0.221356
  7    0.701129   -0.331609   -0.000000    0.601546    0.221356
  8   -0.000000    0.000000   -1.422573    2.023713    0.780190
  9    0.000000   -0.000000    1.338741    1.792226    1.005847
 10    0.000000   -0.000000    0.000000    0.000000    0.000000
 ---------------------------------------------------------------

 -------------------------------------------------------------
 Excitation n.   1:   9.763739 eV  f = 0.0000  <S**2> = 0.0000
 -------------------------------------------------------------
  6 ->   8 =  -0.178426
  6 ->   9 =  -0.465590
  7 ->   8 =   0.465590
  7 ->   9 =  -0.178426

 -------------------------------------------------------------
 Excitation n.   2:   9.946920 eV  f = 0.0000  <S**2> = 0.0000
 -------------------------------------------------------------
  5 ->   8 =   0.253307
  5 ->   9 =   0.657218

 -------------------------------------------------------------
 Excitation n.   3:   9.946920 eV  f = 0.0000  <S**2> = 0.0000
 -------------------------------------------------------------
  5 ->   8 =   0.657218
  5 ->   9 =  -0.253307

 -------------------------------------------------------------
 Excitation n.   4:  10.426822 eV  f = 0.0000  <S**2> = 0.0000
 -------------------------------------------------------------
  6 ->   8 =  -0.334591
  6 ->   9 =  -0.370017
  7 ->   8 =  -0.370017
  7 ->   9 =   0.334591

 -------------------------------------------------------------
 Excitation n.   5:  10.426822 eV  f = 0.0000  <S**2> = 0.0000
 -------------------------------------------------------------
  6 ->   8 =  -0.370017
  6 ->   9 =   0.334591
  7 ->   8 =   0.334591
  7 ->   9 =   0.370017

 -------------------------------------------------------------
 Excitation n.   6:  15.019845 eV  f = 0.2214  <S**2> = 0.0000
 -------------------------------------------------------------
  4 ->   8 =   0.357424
  4 ->   9 =   0.609034

 -------------------------------------------------------------
 Excitation n.   7:  15.019845 eV  f = 0.2214  <S**2> = 0.0000
 -------------------------------------------------------------
  4 ->   8 =  -0.609034
  4 ->   9 =   0.357424

 -------------------------------------------------------------
 Excitation n.   8:  15.735963 eV  f = 0.7802  <S**2> = 0.0000
 -------------------------------------------------------------
  5 ->  17 =   0.108380
  6 ->   8 =  -0.469002
  6 ->   9 =   0.179733
  7 ->   8 =  -0.179733
  7 ->   9 =  -0.469002
  6 <-   8 =   0.103041
  7 <-   9 =   0.103041

 -------------------------------------------------------------
 Excitation n.   9:  22.907671 eV  f = 1.0058  <S**2> = 0.0000
 -------------------------------------------------------------
  5 ->  10 =   0.701410

 -------------------------------------------------------------
 Excitation n.  10:  23.681975 eV  f = 0.0000  <S**2> = 0.0000
 -------------------------------------------------------------
  6 ->  10 =  -0.702210

Thomas-Reiche-Kuhn sum rule =   2.228750


 *** dynamical TDA activated ***

 ---------------------------------------------------------------------------------------------------
  First-order dynamical correction to static Bethe-Salpeter excitation energies                     
 ---------------------------------------------------------------------------------------------------
  BSE neutral excitation must be lower than the GW gap =  20.778858 eV
 ---------------------------------------------------------------------------------------------------
      #          Static (eV)         Dynamic (eV)      Correction (eV)         Renorm. (eV)
 ---------------------------------------------------------------------------------------------------
      1            9.763739            9.431448           -0.332291            1.022310
      2            9.946920            9.625773           -0.321147            1.023626
      3            9.946920            9.625773           -0.321147            1.023626
      4           10.426822           10.114510           -0.312312            1.023090
      5           10.426822           10.114510           -0.312312            1.023090
      6           15.019845           14.813379           -0.206466            1.020602
      7           15.019845           14.813379           -0.206466            1.020602
      8           15.735963           15.565289           -0.170674            1.026314
      9           22.907671           22.755801           -0.151870            1.011805
     10           23.681975           23.576485           -0.105491            1.008350
 ---------------------------------------------------------------------------------------------------


 -------------------------------------------------------------
   BSE@GW       calculation: triplet        manifold
 -------------------------------------------------------------
 | State |  Excitation energy (au) |  Excitation energy (eV) |
 -------------------------------------------------------------
 |     1 |                0.273933 |                7.454090 |
 |     2 |                0.298126 |                8.112418 |
 |     3 |                0.298126 |                8.112418 |
 |     4 |                0.316881 |                8.622764 |
 |     5 |                0.316881 |                8.622764 |
 |     6 |                0.358811 |                9.763739 |
 |     7 |                0.425225 |               11.570953 |
 |     8 |                0.425225 |               11.570953 |
 |     9 |                0.781521 |               21.266256 |
 |    10 |                0.830731 |               22.605341 |
 |    11 |                0.830731 |               22.605341 |
 |    12 |                0.889753 |               24.211415 |
 |    13 |                0.974769 |               26.524823 |
 |    14 |                0.987730 |               26.877514 |
 |    15 |                0.987730 |               26.877514 |
 |    16 |                1.002925 |               27.290986 |
 |    17 |                1.007492 |               27.415251 |
 |    18 |                1.007492 |               27.415251 |
 |    19 |                1.022682 |               27.828607 |
 |    20 |                1.022682 |               27.828607 |
 -------------------------------------------------------------

 -------------------------------------------------------------
 Excitation n.   1:   7.454090 eV  f = 0.0000  <S**2> = 2.0000
 -------------------------------------------------------------
  6 ->   8 =   0.468204
  6 ->   9 =  -0.179427
  7 ->   8 =   0.179427
  7 ->   9 =   0.468204

 -------------------------------------------------------------
 Excitation n.   2:   8.112418 eV  f = 0.0000  <S**2> = 2.0000
 -------------------------------------------------------------
  5 ->   8 =  -0.658259
  5 ->   9 =   0.252426

 -------------------------------------------------------------
 Excitation n.   3:   8.112418 eV  f = 0.0000  <S**2> = 2.0000
 -------------------------------------------------------------
  5 ->   8 =   0.252426
  5 ->   9 =   0.658259

 -------------------------------------------------------------
 Excitation n.   4:   8.622764 eV  f = 0.0000  <S**2> = 2.0000
 -------------------------------------------------------------
  6 ->   8 =  -0.487771
  6 ->   9 =   0.106892
  7 ->   8 =   0.106892
  7 ->   9 =   0.487771

 -------------------------------------------------------------
 Excitation n.   5:   8.622764 eV  f = 0.0000  <S**2> = 2.0000
 -------------------------------------------------------------
  6 ->   8 =  -0.106892
  6 ->   9 =  -0.487771
  7 ->   8 =  -0.487771
  7 ->   9 =   0.106892

 -------------------------------------------------------------
 Excitation n.   6:   9.763739 eV  f = 0.0000  <S**2> = 2.0000
 -------------------------------------------------------------
  6 ->   8 =  -0.178426
  6 ->   9 =  -0.465590
  7 ->   8 =   0.465590
  7 ->   9 =  -0.178426

 -------------------------------------------------------------
 Excitation n.   7:  11.570953 eV  f = 0.0000  <S**2> = 2.0000
 -------------------------------------------------------------
  4 ->   8 =   0.261366
  4 ->   9 =   0.654805

 -------------------------------------------------------------
 Excitation n.   8:  11.570953 eV  f = 0.0000  <S**2> = 2.0000
 -------------------------------------------------------------
  4 ->   8 =   0.654805
  4 ->   9 =  -0.261366

 -------------------------------------------------------------
 Excitation n.   9:  21.266256 eV  f = 0.0000  <S**2> = 2.0000
 -------------------------------------------------------------
  4 ->  11 =  -0.074367
  4 ->  14 =  -0.091956
  5 ->  10 =   0.694127

 -------------------------------------------------------------
 Excitation n.  10:  22.605341 eV  f = 0.0000  <S**2> = 2.0000
 -------------------------------------------------------------
  3 ->   8 =  -0.101039
  6 ->  10 =  -0.687285
  6 ->  17 =  -0.101993

Thomas-Reiche-Kuhn sum rule =   0.000000


 *** dynamical TDA activated ***

 ---------------------------------------------------------------------------------------------------
  First-order dynamical correction to static Bethe-Salpeter excitation energies                     
 ---------------------------------------------------------------------------------------------------
  BSE neutral excitation must be lower than the GW gap =  20.778858 eV
 ---------------------------------------------------------------------------------------------------
      #          Static (eV)         Dynamic (eV)      Correction (eV)         Renorm. (eV)
 ---------------------------------------------------------------------------------------------------
      1            7.454090            6.976873           -0.477217            1.023989
      2            8.112418            7.697267           -0.415151            1.023326
      3            8.112418            7.697267           -0.415151            1.023326
      4            8.622764            8.211440           -0.411324            1.023160
      5            8.622764            8.211440           -0.411324            1.023160
      6            9.763739            9.431448           -0.332291            1.022310
      7           11.570953           11.173560           -0.397393            1.021901
      8           11.570953           11.173560           -0.397393            1.021901
      9           21.266256           20.986837           -0.279419            1.015282
     10           22.605341           22.386422           -0.218919            1.012601
 ---------------------------------------------------------------------------------------------------


 -------------------------------------------------------------------------------
          Tr@BSE@G0W0 correlation energy (singlet) =       -0.3031699634
          Tr@BSE@G0W0 correlation energy (triplet) =       -0.0611685584
          Tr@BSE@G0W0 correlation energy           =       -0.3643385218
          Tr@BSE@G0W0 total energy                 =     -109.3190318529
 -------------------------------------------------------------------------------

                                       Total CPU time for G0W0 =      0.710 seconds


 ************************************************
 |          One-shot G0T0 calculation           |
 ************************************************


 -------------------------------------------------------------
   pp-RPA (N+2) calculation: alpha-beta     manifold
 -------------------------------------------------------------
 | State |  Excitation energy (au) |  Excitation energy (eV) |
 -------------------------------------------------------------
 |     1 |                0.749212 |               20.387088 |
 |     2 |                0.779271 |               21.205046 |
 |     3 |                0.779271 |               21.205046 |
 |     4 |                0.801714 |               21.815746 |
 |     5 |                1.084922 |               29.522231 |
 |     6 |                1.084922 |               29.522231 |
 |     7 |                1.111402 |               30.242795 |
 |     8 |                1.111402 |               30.242795 |
 |     9 |                1.355344 |               36.880784 |
 |    10 |                1.355344 |               36.880784 |
 |    11 |                1.365593 |               37.159670 |
 |    12 |                1.365593 |               37.159670 |
 |    13 |                1.406696 |               38.278139 |
 |    14 |                1.415325 |               38.512950 |
 |    15 |                1.415325 |               38.512950 |
 |    16 |                1.419341 |               38.622248 |
 |    17 |                1.419341 |               38.622248 |
 |    18 |                1.431641 |               38.956937 |
 |    19 |                1.446385 |               39.358136 |
 |    20 |                1.446385 |               39.358136 |
 -------------------------------------------------------------


 -------------------------------------------------------------
   pp-RPA (N-2) calculation: alpha-beta     manifold
 -------------------------------------------------------------
 | State |  Excitation energy (au) |  Excitation energy (eV) |
 -------------------------------------------------------------
 |     1 |              -35.510676 |             -966.294711 |
 |     2 |              -35.510554 |             -966.291401 |
 |     3 |              -31.854310 |             -866.799918 |
 |     4 |              -31.854309 |             -866.799908 |
 |     5 |              -18.062361 |             -491.501878 |
 |     6 |              -18.058412 |             -491.394429 |
 |     7 |              -17.987417 |             -489.462560 |
 |     8 |              -17.984581 |             -489.385384 |
 |     9 |              -17.349707 |             -472.109580 |
 |    10 |              -17.349474 |             -472.103227 |
 |    11 |              -17.283988 |             -470.321267 |
 |    12 |              -17.283329 |             -470.303327 |
 |    13 |              -16.993500 |             -462.416686 |
 |    14 |              -16.993500 |             -462.416686 |
 |    15 |              -16.989426 |             -462.305838 |
 |    16 |              -16.989426 |             -462.305838 |
 |    17 |              -16.968549 |             -461.737733 |
 |    18 |              -16.968549 |             -461.737733 |
 |    19 |              -16.965713 |             -461.660577 |
 |    20 |              -16.965713 |             -461.660577 |
 -------------------------------------------------------------


 -------------------------------------------------------------
   pp-RPA (N+2) calculation: alpha-alpha    manifold
 -------------------------------------------------------------
 | State |  Excitation energy (au) |  Excitation energy (eV) |
 -------------------------------------------------------------
 |     1 |                0.749212 |               20.387088 |
 |     2 |                1.084922 |               29.522231 |
 |     3 |                1.084922 |               29.522231 |
 |     4 |                1.355344 |               36.880784 |
 |     5 |                1.355344 |               36.880784 |
 |     6 |                1.415325 |               38.512950 |
 |     7 |                1.415325 |               38.512950 |
 |     8 |                1.419341 |               38.622248 |
 |     9 |                1.419341 |               38.622248 |
 |    10 |                1.431641 |               38.956937 |
 |    11 |                1.448493 |               39.415501 |
 |    12 |                1.573946 |               42.829252 |
 |    13 |                1.573946 |               42.829252 |
 |    14 |                1.584324 |               43.111650 |
 |    15 |                1.650173 |               44.903485 |
 |    16 |                1.675405 |               45.590086 |
 |    17 |                1.694937 |               46.121590 |
 |    18 |                1.694937 |               46.121590 |
 |    19 |                1.733435 |               47.169163 |
 |    20 |                1.757724 |               47.830112 |
 -------------------------------------------------------------


 -------------------------------------------------------------
   pp-RPA (N-2) calculation: alpha-alpha    manifold
 -------------------------------------------------------------
 | State |  Excitation energy (au) |  Excitation energy (eV) |
 -------------------------------------------------------------
 |     1 |              -31.854309 |             -866.799908 |
 |     2 |              -17.987417 |             -489.462560 |
 |     3 |              -17.984581 |             -489.385384 |
 |     4 |              -17.283988 |             -470.321267 |
 |     5 |              -17.283329 |             -470.303327 |
 |     6 |              -16.968549 |             -461.737733 |
 |     7 |              -16.968549 |             -461.737733 |
 |     8 |              -16.965713 |             -461.660577 |
 |     9 |              -16.965713 |             -461.660577 |
 |    10 |              -16.777225 |             -456.531542 |
 |    11 |              -16.776808 |             -456.520210 |
 |    12 |               -2.720148 |              -74.019010 |
 |    13 |               -2.615086 |              -71.160102 |
 |    14 |               -2.615086 |              -71.160102 |
 |    15 |               -2.598003 |              -70.695256 |
 |    16 |               -1.831160 |              -49.828388 |
 |    17 |               -1.831160 |              -49.828388 |
 |    18 |               -1.722956 |              -46.884018 |
 |    19 |               -1.714756 |              -46.660882 |
 |    20 |               -1.705197 |              -46.400772 |
 -------------------------------------------------------------

 -------------------------------------------------------------------------------
   One-shot G0T0 calculation (T-matrix self-energy)  
 -------------------------------------------------------------------------------
 |   # |       e_HF (eV) |    Sigma_T (eV) |               Z |       e_QP (eV) |
 -------------------------------------------------------------------------------
 |   1 |     -426.886227 |       14.664129 |        0.803645 |     -415.101465 |
 |   2 |     -426.793084 |       14.665477 |        0.804053 |     -415.001258 |
 |   3 |      -40.036243 |        3.230533 |        0.899804 |      -37.129396 |
 |   4 |      -21.081421 |        2.383351 |        0.924276 |      -18.878547 |
 |   5 |      -17.056275 |        1.818925 |        0.941509 |      -15.343741 |
 |   6 |      -16.554274 |       -0.011349 |        0.965219 |      -16.565228 |
 |   7 |      -16.554274 |       -0.011349 |        0.965219 |      -16.565228 |
 |   8 |        4.761948 |       -1.106150 |        0.966246 |        3.693136 |
 |   9 |        4.761948 |       -1.106150 |        0.966246 |        3.693136 |
 |  10 |       16.133970 |       -0.946680 |        0.979867 |       15.206349 |
 |  11 |       21.881366 |       -0.962411 |        0.977528 |       20.940582 |
 |  12 |       23.725555 |       -1.835394 |        0.960579 |       21.962514 |
 |  13 |       23.725555 |       -1.835394 |        0.960579 |       21.962514 |
 |  14 |       23.984763 |       -1.852417 |        0.949594 |       22.225720 |
 |  15 |       28.585967 |       -2.588911 |        0.934930 |       26.165515 |
 |  16 |       28.585967 |       -2.588911 |        0.934930 |       26.165515 |
 |  17 |       30.087414 |       -2.727140 |        0.930466 |       27.549904 |
 |  18 |       42.994427 |       -1.956848 |        0.181243 |       42.639762 |
 |  19 |       47.816987 |       -1.725279 |        0.772566 |       46.484095 |
 |  20 |       47.816987 |       -1.725279 |        0.772566 |       46.484095 |
 |  21 |       51.191128 |       -2.279366 |        0.848547 |       49.256979 |
 |  22 |       51.191128 |       -2.279366 |        0.848547 |       49.256979 |
 |  23 |       62.542662 |       -3.314093 |        0.846315 |       59.737896 |
 |  24 |       62.542662 |       -3.314093 |        0.846315 |       59.737896 |
 |  25 |       76.059651 |       -3.747094 |        0.037701 |       75.918383 |
 |  26 |       81.514755 |       12.132195 |        0.002760 |       81.548243 |
 |  27 |       81.514755 |       12.132195 |        0.002760 |       81.548243 |
 |  28 |       89.036761 |       -3.155857 |        0.071859 |       88.809984 |
 |  29 |      105.157620 |       -2.505614 |        0.069169 |      104.984309 |
 |  30 |      114.336835 |       -2.808107 |        0.352350 |      113.347398 |
 -------------------------------------------------------------------------------
             G0T0 HOMO      energy (eV)            =     -16.565228 eV
             G0T0 LUMO      energy (eV)            =       3.693136 eV
             G0T0 HOMO-LUMO gap    (eV)            =      20.258364 eV
 -------------------------------------------------------------------------------
        Tr@ppRPA@G0T0 correlation energy (singlet) =       -0.1352315601 au
        Tr@ppRPA@G0T0 correlation energy (triplet) =       -0.0962180705 au
        Tr@ppRPA@G0T0 correlation energy           =       -0.2314496306 au
        Tr@ppRPA@G0T0 total energy                 =     -109.1861429618 au
              GM@G0T0 correlation energy           =       -0.3819304685 au
              GM@G0T0 total energy                 =     -109.3366237997 au
 -------------------------------------------------------------------------------


 -------------------------------------------------------------
   BSE@GT       calculation: singlet        manifold
 -------------------------------------------------------------
 | State |  Excitation energy (au) |  Excitation energy (eV) |
 -------------------------------------------------------------
 |     1 |                0.273113 |                7.431789 |
 |     2 |                0.273113 |                7.431789 |
 |     3 |                0.287514 |                7.823657 |
 |     4 |                0.300130 |                8.166957 |
 |     5 |                0.300130 |                8.166957 |
 |     6 |                0.469742 |               12.782339 |
 |     7 |                0.469742 |               12.782339 |
 |     8 |                0.567553 |               15.443890 |
 |     9 |                0.803320 |               21.859439 |
 |    10 |                0.834970 |               22.720699 |
 |    11 |                0.834970 |               22.720699 |
 |    12 |                0.907090 |               24.683165 |
 |    13 |                0.950260 |               25.857879 |
 |    14 |                0.950260 |               25.857879 |
 |    15 |                0.972585 |               26.465377 |
 |    16 |                0.999273 |               27.191611 |
 |    17 |                0.999273 |               27.191611 |
 |    18 |                1.001609 |               27.255162 |
 |    19 |                1.001609 |               27.255162 |
 |    20 |                1.004349 |               27.329726 |
 -------------------------------------------------------------

 ---------------------------------------------------------------
                 Transition dipole moment (au)                  
 ---------------------------------------------------------------
  #           X           Y           Z   dip. str.   osc. str.
 ---------------------------------------------------------------
  1    0.000000   -0.000000    0.000000    0.000000    0.000000
  2   -0.000000   -0.000000   -0.000000    0.000000    0.000000
  3    0.000000    0.000000   -0.000000    0.000000    0.000000
  4   -0.000000   -0.000000   -0.000000    0.000000    0.000000
  5    0.000000    0.000000    0.000000    0.000000    0.000000
  6   -0.291242   -0.732145   -0.000000    0.620859    0.194429
  7   -0.732145    0.291242    0.000000    0.620859    0.194429
  8   -0.000000    0.000000   -1.430407    2.046063    0.774166
  9   -0.000000   -0.000000    1.701660    2.895647    1.550753
 10    0.000000    0.000000   -0.000000    0.000000    0.000000
 ---------------------------------------------------------------

 -------------------------------------------------------------
 Excitation n.   1:   7.431789 eV  f = 0.0000  <S**2> = 0.0000
 -------------------------------------------------------------
  5 ->   8 =  -0.642688
  5 ->   9 =   0.271512
  5 ->  15 =  -0.083790

 -------------------------------------------------------------
 Excitation n.   2:   7.431789 eV  f = 0.0000  <S**2> = 0.0000
 -------------------------------------------------------------
  5 ->   8 =   0.271512
  5 ->   9 =   0.642688
  5 ->  16 =   0.083790

 -------------------------------------------------------------
 Excitation n.   3:   7.823657 eV  f = 0.0000  <S**2> = 0.0000
 -------------------------------------------------------------
  6 ->   8 =   0.177822
  6 ->   9 =   0.464014
  7 ->   8 =  -0.464014
  7 ->   9 =   0.177822

 -------------------------------------------------------------
 Excitation n.   4:   8.166957 eV  f = 0.0000  <S**2> = 0.0000
 -------------------------------------------------------------
  6 ->   8 =  -0.123913
  6 ->   9 =   0.481440
  7 ->   8 =   0.481440
  7 ->   9 =   0.123913

 -------------------------------------------------------------
 Excitation n.   5:   8.166957 eV  f = 0.0000  <S**2> = 0.0000
 -------------------------------------------------------------
  6 ->   8 =  -0.481440
  6 ->   9 =  -0.123913
  7 ->   8 =  -0.123913
  7 ->   9 =   0.481440

 -------------------------------------------------------------
 Excitation n.   6:  12.782339 eV  f = 0.1944  <S**2> = 0.0000
 -------------------------------------------------------------
  4 ->   8 =   0.314485
  4 ->   9 =   0.622921

 -------------------------------------------------------------
 Excitation n.   7:  12.782339 eV  f = 0.1944  <S**2> = 0.0000
 -------------------------------------------------------------
  4 ->   8 =   0.622921
  4 ->   9 =  -0.314485

 -------------------------------------------------------------
 Excitation n.   8:  15.443890 eV  f = 0.7742  <S**2> = 0.0000
 -------------------------------------------------------------
  5 ->  10 =   0.172633
  5 ->  17 =   0.181220
  6 ->   8 =  -0.429712
  6 ->   9 =   0.164676
  7 ->   8 =  -0.164676
  7 ->   9 =  -0.429712

 -------------------------------------------------------------
 Excitation n.   9:  21.859439 eV  f = 1.5508  <S**2> = 0.0000
 -------------------------------------------------------------
  4 ->  14 =  -0.151797
  5 ->  10 =   0.669273
  6 ->   8 =   0.104382
  7 ->   9 =   0.104382

 -------------------------------------------------------------
 Excitation n.  10:  22.720699 eV  f = 0.0000  <S**2> = 0.0000
 -------------------------------------------------------------
  7 ->  10 =  -0.694739
  7 ->  17 =  -0.115175

Thomas-Reiche-Kuhn sum rule =   2.713777


 *** dynamical TDA activated ***

 ---------------------------------------------------------------------------------------------------
  First-order dynamical correction to static Bethe-Salpeter excitation energies                     
 ---------------------------------------------------------------------------------------------------
  BSE neutral excitation must be lower than the GT gap =  20.258364 eV
 ---------------------------------------------------------------------------------------------------
      #          Static (eV)         Dynamic (eV)      Correction (eV)         Renorm. (eV)
 ---------------------------------------------------------------------------------------------------
      1            7.431789            7.358216           -0.073573            1.003185
      2            7.431789            7.358216           -0.073573            1.003185
      3            7.823657            7.722080           -0.101577            1.003480
      4            8.166957            8.096404           -0.070554            1.001096
      5            8.166957            8.096404           -0.070554            1.001096
      6           12.782339           12.766503           -0.015836            1.000984
      7           12.782339           12.766503           -0.015836            1.000984
      8           15.443890           15.445365            0.001475            0.997102
      9           21.859439           21.785896           -0.073544            1.010777
     10           22.720699           22.708393           -0.012306            1.000967
 ---------------------------------------------------------------------------------------------------


 -------------------------------------------------------------
   BSE@GT       calculation: triplet        manifold
 -------------------------------------------------------------
 | State |  Excitation energy (au) |  Excitation energy (eV) |
 -------------------------------------------------------------
 |     1 |                0.208638 |                5.677319 |
 |     2 |                0.211262 |                5.748734 |
 |     3 |                0.211262 |                5.748734 |
 |     4 |                0.246561 |                6.709255 |
 |     5 |                0.246561 |                6.709255 |
 |     6 |                0.279899 |                7.616440 |
 |     7 |                0.348569 |                9.485043 |
 |     8 |                0.348569 |                9.485043 |
 |     9 |                0.711308 |               19.355676 |
 |    10 |                0.787482 |               21.428486 |
 |    11 |                0.787482 |               21.428486 |
 |    12 |                0.794987 |               21.632701 |
 |    13 |                0.906793 |               24.675093 |
 |    14 |                0.912174 |               24.821517 |
 |    15 |                0.912174 |               24.821517 |
 |    16 |                0.940080 |               25.580888 |
 |    17 |                0.943205 |               25.665926 |
 |    18 |                0.943205 |               25.665926 |
 |    19 |                0.945303 |               25.723004 |
 |    20 |                0.945303 |               25.723004 |
 -------------------------------------------------------------

 -------------------------------------------------------------
 Excitation n.   1:   5.677319 eV  f = 0.0000  <S**2> = 2.0000
 -------------------------------------------------------------
  6 ->   8 =  -0.464285
  6 ->   9 =   0.177926
  7 ->   8 =  -0.177926
  7 ->   9 =  -0.464285

 -------------------------------------------------------------
 Excitation n.   2:   5.748734 eV  f = 0.0000  <S**2> = 2.0000
 -------------------------------------------------------------
  5 ->   8 =  -0.658341
  5 ->   9 =   0.234781
  5 ->  15 =  -0.087347

 -------------------------------------------------------------
 Excitation n.   3:   5.748734 eV  f = 0.0000  <S**2> = 2.0000
 -------------------------------------------------------------
  5 ->   8 =  -0.234781
  5 ->   9 =  -0.658341
  5 ->  16 =  -0.087347

 -------------------------------------------------------------
 Excitation n.   4:   6.709255 eV  f = 0.0000  <S**2> = 2.0000
 -------------------------------------------------------------
  6 ->   8 =  -0.077767
  6 ->   9 =   0.490980
  7 ->   8 =   0.490980
  7 ->   9 =   0.077767

 -------------------------------------------------------------
 Excitation n.   5:   6.709255 eV  f = 0.0000  <S**2> = 2.0000
 -------------------------------------------------------------
  6 ->   8 =  -0.490980
  6 ->   9 =  -0.077767
  7 ->   8 =  -0.077767
  7 ->   9 =   0.490980

 -------------------------------------------------------------
 Excitation n.   6:   7.616440 eV  f = 0.0000  <S**2> = 2.0000
 -------------------------------------------------------------
  6 ->   8 =  -0.177860
  6 ->   9 =  -0.464115
  7 ->   8 =   0.464115
  7 ->   9 =  -0.177860

 -------------------------------------------------------------
 Excitation n.   7:   9.485043 eV  f = 0.0000  <S**2> = 2.0000
 -------------------------------------------------------------
  4 ->   8 =  -0.188704
  4 ->   9 =  -0.672910
  4 ->  16 =  -0.084311

 -------------------------------------------------------------
 Excitation n.   8:   9.485043 eV  f = 0.0000  <S**2> = 2.0000
 -------------------------------------------------------------
  4 ->   8 =   0.672910
  4 ->   9 =  -0.188704
  4 ->  15 =   0.084311

 -------------------------------------------------------------
 Excitation n.   9:  19.355676 eV  f = 0.0000  <S**2> = 2.0000
 -------------------------------------------------------------
  4 ->  11 =  -0.113701
  4 ->  14 =  -0.156936
  5 ->  10 =   0.674373

 -------------------------------------------------------------
 Excitation n.  10:  21.428486 eV  f = 0.0000  <S**2> = 2.0000
 -------------------------------------------------------------
  3 ->   8 =   0.181936
  3 ->   9 =  -0.070721
  6 ->  10 =   0.649277
  6 ->  17 =   0.168116
  6 ->  18 =  -0.079588

Thomas-Reiche-Kuhn sum rule =   0.000000


 *** dynamical TDA activated ***

 ---------------------------------------------------------------------------------------------------
  First-order dynamical correction to static Bethe-Salpeter excitation energies                     
 ---------------------------------------------------------------------------------------------------
  BSE neutral excitation must be lower than the GT gap =  20.258364 eV
 ---------------------------------------------------------------------------------------------------
      #          Static (eV)         Dynamic (eV)      Correction (eV)         Renorm. (eV)
 ---------------------------------------------------------------------------------------------------
      1            5.677319            5.487784           -0.189534            1.005557
      2            5.748734            5.621748           -0.126986            1.007474
      3            5.748734            5.621748           -0.126986            1.007474
      4            6.709255            6.559957           -0.149299            1.004650
      5            6.709255            6.559957           -0.149299            1.004650
      6            7.616440            7.522441           -0.093999            1.001441
      7            9.485043            9.350222           -0.134822            1.011249
      8            9.485043            9.350222           -0.134822            1.011249
      9           19.355676           19.316890           -0.038786            1.002373
     10           21.428486           21.348260           -0.080225            1.005136
 ---------------------------------------------------------------------------------------------------


 -------------------------------------------------------------------------------
          Tr@BSE@G0T0 correlation energy (singlet) =       -0.0842875658 au
          Tr@BSE@G0T0 correlation energy (triplet) =       -0.0466958707 au
          Tr@BSE@G0T0 correlation energy           =       -0.1309834365 au
          Tr@BSE@G0T0 total energy                 =     -109.0856767676 au
 -------------------------------------------------------------------------------

                                       Total CPU time for G0T0 =      5.088 seconds

                                      Total CPU time for QuAcK =     11.740 seconds

