120 significant shell pairs computed in 0.000149 seconds
0
Computed Electron repulsion integrals Integrals in parallel in 0.466937 seconds

 ******************************************************************************************
 *            QuAcK                       QuAcK                         QuAcK             *
 *   __        __        __       __        __        __       __        __        __     *
 * <(o )___  <(o )___  <(o )___ <(o )___  <(o )___  <(o )___ <(o )___  <(o )___  <(o )___ *
 * ( ._> /   ( ._> /   ( ._> /  ( ._> /   ( ._> /   ( ._> /  ( ._> /   ( ._> /   ( ._> /  *
 *|--------------------------------------------------------------------------------------|*
 ******************************************************************************************

      ----------------------
             Number of atoms                4
      ----------------------

      ----------------------
Number of spin-up   electron                5
Number of spin-down electron                5
    Total number of electron               10
      ----------------------

      ----------------------
Number of core      electron                0
Number of Rydberg   electron                0
      ----------------------

          ------------------
          Molecular geometry
          ------------------
                    Atom n.                 1
                        Z =      7.0000000000
           Atom coordinates:     0.0000000000    0.0000000000    0.0000000000
                    Atom n.                 2
                        Z =      1.0000000000
           Atom coordinates:     0.0000000000   -1.7719961878   -0.7211194895
                    Atom n.                 3
                        Z =      1.0000000000
           Atom coordinates:     1.5346465865    0.8860925802   -0.7211194895
                    Atom n.                 4
                        Z =      1.0000000000
           Atom coordinates:    -1.5346465865    0.8860925802   -0.7211194895

          ------------------
 Nuclear repulsion energy =     11.9539937234
          ------------------

          Gaussian basis set
          ------------------
                    Atom n.                 1
           number of shells                 6
          ------------------
      s-type shell with K =                 9
                                    Exponents     Contraction
                              9046.0000000000    0.0007000000
                              1357.0000000000    0.0053890000
                               309.3000000000    0.0274060000
                                87.7300000000    0.1032070000
                                28.5600000000    0.2787230000
                                10.2100000000    0.4485400000
                                 3.8380000000    0.2782380000
                                 0.7466000000    0.0154400000
                                 0.2248000000   -0.0028640000
      s-type shell with K =                 9
                                    Exponents     Contraction
                              9046.0000000000   -0.0001530000
                              1357.0000000000   -0.0012080000
                               309.3000000000   -0.0059920000
                                87.7300000000   -0.0245440000
                                28.5600000000   -0.0674590000
                                10.2100000000   -0.1580780000
                                 3.8380000000   -0.1218310000
                                 0.7466000000    0.5490030000
                                 0.2248000000    0.5788150000
      s-type shell with K =                 1
                                    Exponents     Contraction
                                 0.2248000000    1.0000000000
      p-type shell with K =                 4
                                    Exponents     Contraction
                                13.5500000000    0.0399190000
                                 2.9170000000    0.2171690000
                                 0.7973000000    0.5103190000
                                 0.2185000000    0.4622140000
      p-type shell with K =                 1
                                    Exponents     Contraction
                                 0.2185000000    1.0000000000
      d-type shell with K =                 1
                                    Exponents     Contraction
                                 0.8170000000    1.0000000000
          ------------------
                    Atom n.                 2
           number of shells                 3
          ------------------
      s-type shell with K =                 4
                                    Exponents     Contraction
                                13.0100000000    0.0196850000
                                 1.9620000000    0.1379770000
                                 0.4446000000    0.4781480000
                                 0.1220000000    0.5012400000
      s-type shell with K =                 1
                                    Exponents     Contraction
                                 0.1220000000    1.0000000000
      p-type shell with K =                 1
                                    Exponents     Contraction
                                 0.7270000000    1.0000000000
          ------------------
                    Atom n.                 3
           number of shells                 3
          ------------------
      s-type shell with K =                 4
                                    Exponents     Contraction
                                13.0100000000    0.0196850000
                                 1.9620000000    0.1379770000
                                 0.4446000000    0.4781480000
                                 0.1220000000    0.5012400000
      s-type shell with K =                 1
                                    Exponents     Contraction
                                 0.1220000000    1.0000000000
      p-type shell with K =                 1
                                    Exponents     Contraction
                                 0.7270000000    1.0000000000
          ------------------
                    Atom n.                 4
           number of shells                 3
          ------------------
      s-type shell with K =                 4
                                    Exponents     Contraction
                                13.0100000000    0.0196850000
                                 1.9620000000    0.1379770000
                                 0.4446000000    0.4781480000
                                 0.1220000000    0.5012400000
      s-type shell with K =                 1
                                    Exponents     Contraction
                                 0.1220000000    1.0000000000
      p-type shell with K =                 1
                                    Exponents     Contraction
                                 0.7270000000    1.0000000000
          ------------------
            Number of shells               15
          ------------------

          ------------------
   Number of basis functions               30
          ------------------

 Scaling integrals by    1.0000000000000000     

                          Total CPU time for reading integrals =      0.131 seconds


 ************************************************
 |    Restricted Hartree-Fock calculation       |
 ************************************************


 ----------------------------------------------------
 | RHF calculation                                  |
 ----------------------------------------------------
 |   # |        HF energy |       Conv |     HL Gap |
 ----------------------------------------------------
 |   1 |   -57.4515111335 |   0.302747 |   0.623270 |
 |   2 |   -55.4969771799 |   0.111300 |   0.541742 |
 |   3 |   -56.5481376912 |   0.055081 |   0.627761 |
 |   4 |   -56.0082547500 |   0.023301 |   0.588094 |
 |   5 |   -56.2929502087 |   0.014309 |   0.611605 |
 |   6 |   -56.1443281224 |   0.006370 |   0.600117 |
 |   7 |   -56.2225282389 |   0.003771 |   0.606480 |
 |   8 |   -56.1816225906 |   0.001755 |   0.603269 |
 |   9 |   -56.2031101698 |   0.001009 |   0.605002 |
 |  10 |   -56.1918580190 |   0.000494 |   0.604112 |
 |  11 |   -56.1977635554 |   0.000273 |   0.604586 |
 |  12 |   -56.1946691650 |   0.000138 |   0.604340 |
 |  13 |   -56.1962924622 |   0.000074 |   0.604470 |
 |  14 |   -56.1954416021 |   0.000038 |   0.604403 |
 |  15 |   -56.1958878494 |   0.000020 |   0.604438 |
 |  16 |   -56.1956539055 |   0.000011 |   0.604420 |
 |  17 |   -56.1957765856 |   0.000006 |   0.604430 |
 |  18 |   -56.1957122651 |   0.000003 |   0.604424 |
 |  19 |   -56.1957459925 |   0.000002 |   0.604427 |
 |  20 |   -56.1957283086 |   0.000001 |   0.604426 |
 |  21 |   -56.1957375811 |   0.000000 |   0.604426 |
 |  22 |   -56.1957327192 |   0.000000 |   0.604426 |
 |  23 |   -56.1957352685 |   0.000000 |   0.604426 |
 |  24 |   -56.1957339318 |   0.000000 |   0.604426 |
 ----------------------------------------------------

         -----------------------------------------
           Summary              
         -----------------------------------------
           One-electron energy:    -99.6568294162 au
           Kinetic      energy:     56.0887122860 au
           Potential    energy:   -155.7455417021 au
         -----------------------------------------
           Two-electron energy:     31.5071017609 au
           Hartree      energy:     39.1956363241 au
           Exchange     energy:     -7.6885345633 au
         -----------------------------------------
           Electronic   energy:    -68.1497276553 au
           Nuclear   repulsion:     11.9539937234 au
           RHF          energy:    -56.1957339318 au
         -----------------------------------------
           HF HOMO      energy:        -11.408426 eV
           HF LUMO      energy:          5.038846 eV
           HF HOMO-LUMO gap   :         16.447272 eV
         -----------------------------------------
          Dipole moment (Debye)    
                   X         Y         Z      Tot.
           -0.000000  0.000053 -1.696562  1.696562
         -----------------------------------------

           ---------------------------------------
                 MO coefficients
           ---------------------------------------
                 1              2              3              4              5
      1     1.00069795    -0.01489796    -0.00000027     0.00000000    -0.00107189
      2     0.00568775     0.80560426    -0.00000563     0.00000000     0.28043595
      3    -0.00193585    -0.18712738    -0.00001061     0.00000000     0.14671210
      4     0.00000000     0.00000000    -0.00000000     0.66281796     0.00000000
      5    -0.00000006    -0.00000907    -0.66282452    -0.00000000    -0.00000883
      6    -0.00263730    -0.10578616    -0.00001671     0.00000000     0.80274943
      7     0.00000000     0.00000000     0.00000000    -0.09352540     0.00000000
      8    -0.00000001     0.00000436     0.09354336     0.00000000    -0.00000136
      9     0.00178925     0.05746794     0.00000377     0.00000000     0.09199324
     10    -0.00117465     0.00050679    -0.01372120     0.00000000     0.00378962
     11     0.00000000     0.00000000     0.00000000     0.01584373     0.00000000
     12     0.00000000     0.00000000     0.00000000    -0.02542193     0.00000000
     13    -0.00117451     0.00050845     0.01372028     0.00000000     0.00378901
     14     0.00000004     0.00000070     0.02542327     0.00000000     0.00000000
     15    -0.00127089     0.00202651     0.00000049     0.00000000    -0.02476435
     16    -0.00016942     0.33447395     0.63524362     0.00000000    -0.15845959
     17     0.00033728    -0.14793572    -0.18297828     0.00000000     0.04414971
     18     0.00000000     0.00000000     0.00000000     0.01977746     0.00000000
     19    -0.00043886     0.03525335     0.02623893     0.00000000    -0.01156213
     20    -0.00017287     0.00748775     0.01535947     0.00000000     0.01900378
     21    -0.00016918     0.33444059    -0.31762933     0.55013049    -0.15846259
     22     0.00033714    -0.14791905     0.09148761    -0.15844735     0.04414457
     23     0.00037999    -0.03052838     0.01992634    -0.01473520     0.01001339
     24     0.00021939    -0.01762712    -0.00827151    -0.01992665     0.00578099
     25    -0.00017284     0.00748669    -0.00768000     0.01330082     0.01900305
     26    -0.00016918     0.33444059    -0.31762933    -0.55013049    -0.15846259
     27     0.00033714    -0.14791905     0.09148761     0.15844735     0.04414457
     28    -0.00037999     0.03052838    -0.01992634    -0.01473520    -0.01001339
     29     0.00021939    -0.01762712    -0.00827151     0.01992665     0.00578099
     30    -0.00017284     0.00748669    -0.00768000    -0.01330082     0.01900305
                 6              7              8              9             10
      1    -0.08271093     0.00000000    -0.00000323     0.00000000     0.00001619
      2     0.15005002     0.00000000     0.00000618     0.00000000     0.00006870
      3     1.47498797     0.00000000     0.00010557     0.00000000    -0.00014414
      4     0.00000000     0.43044533     0.00000000    -0.15178480     0.00000000
      5     0.00003106     0.00000000    -0.43043185     0.00000000     0.15176819
      6    -0.19876266     0.00000000    -0.00000809     0.00000000    -0.00003171
      7     0.00000000     0.70092614     0.00000000    -0.60757468     0.00000000
      8     0.00003276     0.00000000    -0.70094550     0.00000000     0.60770486
      9    -0.23501166     0.00000000    -0.00001455     0.00000000     0.00005747
     10    -0.03517587     0.00000000    -0.01518893     0.00000000    -0.10504084
     11     0.00000000     0.01753365     0.00000000     0.12129281     0.00000000
     12     0.00000000    -0.02949624     0.00000000    -0.08270492     0.00000000
     13    -0.03517415     0.00000000     0.01518540     0.00000000     0.10503822
     14    -0.00000081     0.00000000     0.02949924     0.00000000     0.08271138
     15    -0.04065727     0.00000000    -0.00000274     0.00000000     0.00000814
     16    -0.06817040     0.00000000    -0.04311894     0.00000000     1.72219877
     17    -0.71551443     0.00000000    -1.77333342    -0.00000000    -1.40228036
     18     0.00000000    -0.00626083     0.00000000    -0.11425058     0.00000000
     19    -0.01183491     0.00000000    -0.03630744     0.00000000    -0.09781463
     20    -0.00390080     0.00000000    -0.01389755     0.00000000    -0.06863131
     21    -0.06818093    -0.03736301     0.02156112     1.49149601    -0.86115629
     22    -0.71554893    -1.53565997     0.88660681    -1.21458250     0.70122778
     23     0.01024993     0.02566095    -0.01843140     0.04479854    -0.09183864
     24     0.00591836     0.01843146    -0.00437893     0.09182717     0.06123816
     25    -0.00390044    -0.01203286     0.00694794    -0.05942599     0.03431645
     26    -0.06818093     0.03736301     0.02156113    -1.49149601    -0.86115629
     27    -0.71554893     1.53565997     0.88660682     1.21458250     0.70122778
     28    -0.01024993     0.02566095     0.01843140     0.04479854     0.09183864
     29     0.00591836    -0.01843146    -0.00437893    -0.09182717     0.06123816
     30    -0.00390044     0.01203286     0.00694794     0.05942599     0.03431645
                11             12             13             14             15
      1     0.10723299    -0.11168089     0.00000000    -0.00001368    -0.00032872
      2     0.78689050    -0.63209882     0.00000000    -0.00010278    -0.00128536
      3    -1.05415078     0.29102199     0.00000000     0.00017514     0.00240820
      4     0.00000000     0.00000000     1.22931367    -0.00000001     0.00000000
      5     0.00008694    -0.00007084     0.00000001     1.22927917     0.05769260
      6    -0.55407336    -1.24682094     0.00000000    -0.00005537     0.00007949
      7     0.00000000     0.00000000    -2.36649585     0.00000001     0.00000000
      8    -0.00018136     0.00013749    -0.00000001    -2.36650502     0.29116198
      9     0.54838801     1.74261909     0.00000000     0.00006470    -0.00022422
     10    -0.08212268    -0.07948057    -0.00000000    -0.09955653     0.11422893
     11     0.00000000     0.00000000    -0.11495550     0.00000000     0.00000000
     12     0.00000000     0.00000000     0.09303548    -0.00000000     0.00000000
     13    -0.08214455    -0.07949963     0.00000000     0.09956078    -0.11451563
     14    -0.00000140    -0.00000939     0.00000000     0.09305294     0.21706588
     15     0.12373686    -0.11873286     0.00000000    -0.00002069    -0.00005465
     16    -0.93425100     0.67236277    -0.00000000    -0.26381643     0.29118472
     17     0.91167869    -0.37586272    -0.00000000    -1.10376155    -0.11646205
     18     0.00000000     0.00000000     0.03971071    -0.00000000     0.00000000
     19     0.26349205     0.04491385    -0.00000000    -0.33532294     0.17728851
     20    -0.01144668     0.02377639    -0.00000000    -0.14711672    -0.46400400
     21    -0.93415846     0.67234758     0.22853501     0.13203186    -0.14605139
     22     0.91172523    -0.37600123     0.95576719     0.55175680     0.05810761
     23    -0.22818397    -0.03886070    -0.24154168    -0.16236551     0.27729896
     24    -0.13175824    -0.02244180    -0.16238910    -0.05405233    -0.30291107
     25    -0.01143897     0.02377501     0.12739420     0.07355763     0.23183723
     26    -0.93415846     0.67234758    -0.22853501     0.13203186    -0.14605139
     27     0.91172523    -0.37600123    -0.95576718     0.55175681     0.05810761
     28     0.22818397     0.03886070    -0.24154168     0.16236551    -0.27729896
     29    -0.13175824    -0.02244180     0.16238910    -0.05405233    -0.30291107
     30    -0.01143897     0.02377501    -0.12739420     0.07355763     0.23183723
                16             17             18             19             20
      1     0.00000000     0.68735275     0.00000000     0.58247201    -0.00002299
      2     0.00000000     2.68379939     0.00000000     2.10917362    -0.00008880
      3     0.00000000    -4.98114806     0.00000000    -3.76531975     0.00012399
      4    -0.05771399     0.00000000     0.00001512     0.00000000     0.00000000
      5     0.00000000     0.00005967     0.00000000     0.00006015    -0.00916733
      6     0.00000000    -0.12215022     0.00000000    -0.08677312    -0.00002075
      7    -0.29110446     0.00000000    -0.00003510     0.00000000     0.00000000
      8     0.00000000     0.00008766     0.00000000    -0.00000579     1.01106687
      9     0.00000000     0.38687216     0.00000000     1.07539428    -0.00000969
     10     0.00000000     0.31936427     0.00000000     0.07526110     0.03768537
     11    -0.13205138     0.00000000    -0.00000348     0.00000000     0.00000000
     12    -0.21708440     0.00000000     0.00000136     0.00000000     0.00000000
     13     0.00000000     0.31924565     0.00000000     0.07528150    -0.03769599
     14     0.00000000     0.00010206     0.00000000     0.00000229     0.13873421
     15     0.00000000     0.09465369     0.00000000     0.49971178    -0.00002091
     16     0.00000000     0.60337673     0.00000000     1.01046145     0.74031319
     17     0.00000000     0.18282036     0.00000000    -0.29209165    -0.18457385
     18     0.46299424     0.00000000     0.62407012     0.00000000     0.00000000
     19     0.00000000     0.01843921     0.00000000     0.01214981    -0.33080078
     20     0.00000000     0.25371951     0.00000000    -0.49576786     0.61636149
     21     0.25240076     0.60321037     0.00002179     1.01041215    -0.37020750
     22    -0.10078544     0.18282409    -0.00000974    -0.29213576     0.09230909
     23    -0.01722708    -0.01576953    -0.31201581    -0.01048056     0.14328316
     24    -0.27724835    -0.00932512     0.54045791    -0.00609281    -0.57893837
     25    -0.40177312     0.25404246     0.00001503    -0.49578655    -0.30816524
     26    -0.25240076     0.60321037    -0.00002179     1.01041215    -0.37020750
     27     0.10078544     0.18282409     0.00000974    -0.29213576     0.09230909
     28    -0.01722708     0.01576953    -0.31201581     0.01048056    -0.14328316
     29     0.27724835    -0.00932512    -0.54045791    -0.00609281    -0.57893837
     30     0.40177312     0.25404246    -0.00001503    -0.49578655    -0.30816524
                21             22             23             24             25
      1     0.00000000     0.00000000     0.00005205    -0.12479166     0.00006027
      2     0.00000000     0.00000000     0.00014010    -0.65920219     0.00032486
      3     0.00000000     0.00000000    -0.00041232    -0.78955698     0.00027069
      4    -0.00913903     1.08961792     0.00000000     0.00000000     0.00000000
      5     0.00000000     0.00000000    -1.08966875     0.00008300    -0.00880071
      6     0.00000000     0.00000000     0.00004992     0.63084356    -0.00021764
      7     1.01097370    -0.55323086     0.00000000     0.00000000     0.00000000
      8    -0.00000000     0.00000000     0.55329640    -0.00012233    -0.50703010
      9     0.00000000     0.00000000     0.00011279     0.44262524    -0.00000249
     10     0.00000000     0.00000000     0.25778539     0.26791976     0.71542726
     11     0.04352259    -0.29759312     0.00000000     0.00000000    -0.00000000
     12     0.13874661     0.28235092     0.00000000     0.00000000    -0.00000000
     13     0.00000000     0.00000000    -0.25774646     0.26795024    -0.71525668
     14     0.00000000     0.00000000    -0.28236820     0.00009872     0.85873392
     15     0.00000000     0.00000000    -0.00002454    -0.77635660    -0.00012580
     16     0.00000000     0.00000000    -0.02334712     0.84153953    -0.28527706
     17     0.00000000     0.00000000    -0.33134482    -0.24914524     0.00350306
     18    -0.66166505    -0.07540646     0.00000000     0.00000000    -0.00000000
     19     0.00000000     0.00000000    -0.75820455     0.66264577    -0.13629763
     20     0.00000000     0.00000000    -0.39586314    -0.29095559     0.33725235
     21    -0.64108610    -0.02034862     0.01190768     0.84156864     0.14214019
     22     0.15985771    -0.28694776     0.16561334    -0.24918338    -0.00159352
     23    -0.41351963     0.54987432    -0.36104970    -0.57378634    -0.35008073
     24     0.14329554     0.36098040    -0.13307538    -0.33126776     0.47057597
     25    -0.53375580    -0.34278007     0.19787063    -0.29099062    -0.16874929
     26     0.64108610     0.02034862     0.01190768     0.84156864     0.14214019
     27    -0.15985771     0.28694776     0.16561334    -0.24918338    -0.00159352
     28    -0.41351963     0.54987432     0.36104970     0.57378634     0.35008073
     29    -0.14329554    -0.36098040    -0.13307538    -0.33126776     0.47057597
     30     0.53375580     0.34278007     0.19787063    -0.29099062    -0.16874929
                26             27             28             29             30
      1     0.00000000     0.21409267     0.00000000    -0.00009803     0.01639905
      2     0.00000000     1.30714421     0.00000000    -0.00045857    -2.04117572
      3     0.00000000     1.47483879     0.00000000    -0.00012605    -0.73096974
      4    -0.00891845     0.00000000     1.29880783    -0.00000000     0.00000000
      5     0.00000000     0.00007073     0.00000000     1.29897855    -0.00007833
      6     0.00000000    -0.80134423     0.00000000     0.00018666    -0.51444945
      7    -0.50706251     0.00000000     0.66068316    -0.00000000     0.00000000
      8    -0.00000000     0.00025910     0.00000000     0.66070718     0.00001408
      9     0.00000000    -0.00440642     0.00000000     0.00000609     0.19961344
     10     0.00000000     0.45835173     0.00000000     0.97383080     1.79933718
     11     0.82593596     0.00000000     1.12462322    -0.00000000     0.00000000
     12     0.85879243     0.00000000    -0.96335482     0.00000000     0.00000000
     13    -0.00000000     0.45847637    -0.00000000    -0.97388681     1.79944810
     14     0.00000000    -0.00031031    -0.00000000    -0.96345941     0.00002181
     15     0.00000000    -0.93345389     0.00000000     0.00009525     1.41231915
     16    -0.00000000    -1.59733837     0.00000000     2.61416302    -0.86890429
     17     0.00000000     0.54530619    -0.00000000    -0.81233392     0.66928978
     18     0.67276387     0.00000000    -0.02604453     0.00000000     0.00000000
     19    -0.00000000    -0.70609762     0.00000000     1.07200336    -0.42037801
     20     0.00000000    -0.48824717     0.00000000     0.42676658    -0.20747714
     21     0.24685151    -1.59772755    -2.26343774    -1.30658077    -0.86864862
     22    -0.00294690     0.54537632     0.70331500     0.40597489     0.66913500
     23     0.06605382     0.61171586     0.79736265     0.47532908     0.36400016
     24    -0.35024373     0.35305172     0.47544920     0.24836705     0.21016283
     25    -0.29210530    -0.48816346    -0.36953447    -0.21328174    -0.20743216
     26    -0.24685151    -1.59772755     2.26343774    -1.30658077    -0.86864862
     27     0.00294690     0.54537632    -0.70331500     0.40597489     0.66913500
     28     0.06605382    -0.61171586     0.79736265    -0.47532908    -0.36400016
     29     0.35024373     0.35305172    -0.47544920     0.24836705     0.21016283
     30     0.29210530    -0.48816346     0.36953447    -0.21328174    -0.20743216

           ---------------------------------------
                     MO energies
           ---------------------------------------
                 1
      1   -15.53667857
      2    -1.13209386
      3    -0.61665579
      4    -0.61663280
      5    -0.41925193
      6     0.18517418
      7     0.27045277
      8     0.27045532
      9     0.73162350
     10     0.73165285
     11     0.88254539
     12     0.98832809
     13     1.07319814
     14     1.07320059
     15     1.31835818
     16     1.31837589
     17     1.32372007
     18     1.76380809
     19     1.88198789
     20     1.95904605
     21     1.95904772
     22     2.30980502
     23     2.30986999
     24     2.55026232
     25     2.83173093
     26     2.83173658
     27     2.96915604
     28     3.31241534
     29     3.31243457
     30     4.47065182

                                        Total CPU time for RHF =      0.410 seconds


 AO to MO transformation... Please be patient

                    Total CPU time for AO to MO transformation =      1.643 seconds


 ************************************************
 |      Configuration Interaction Singles       |
 ************************************************


 -------------------------------------------------------------
   CIS          calculation: singlet        manifold
 -------------------------------------------------------------
 | State |  Excitation energy (au) |  Excitation energy (eV) |
 -------------------------------------------------------------
 |     1 |                0.311464 |                8.475371 |
 |     2 |                0.383542 |               10.436720 |
 |     3 |                0.383552 |               10.436982 |
 |     4 |                0.503320 |               13.696028 |
 |     5 |                0.503342 |               13.696628 |
 |     6 |                0.586207 |               15.951493 |
 |     7 |                0.589923 |               16.052624 |
 |     8 |                0.589924 |               16.052653 |
 |     9 |                0.649966 |               17.686470 |
 |    10 |                0.773414 |               21.045662 |
 |    11 |                0.773435 |               21.046243 |
 |    12 |                0.928261 |               25.259272 |
 |    13 |                0.967336 |               26.322543 |
 |    14 |                0.979050 |               26.641305 |
 |    15 |                1.021199 |               27.788248 |
 |    16 |                1.029529 |               28.014910 |
 |    17 |                1.029530 |               28.014925 |
 |    18 |                1.048526 |               28.531843 |
 |    19 |                1.048531 |               28.531977 |
 |    20 |                1.078876 |               29.357700 |
 -------------------------------------------------------------

 ---------------------------------------------------------------
                 Transition dipole moment (au)                  
 ---------------------------------------------------------------
  #           X           Y           Z   dip. str.   osc. str.
 ---------------------------------------------------------------
  1    0.000000    0.000049   -0.516822    0.267105    0.055462
  2    0.383658    0.000000    0.000000    0.147193    0.037637
  3    0.000000   -0.383643   -0.000054    0.147182    0.037635
  4    0.978163   -0.000000   -0.000000    0.956802    0.321052
  5    0.000000    0.978100   -0.000028    0.956679    0.321024
  6   -0.000709   -0.000000   -0.000000    0.000001    0.000000
  7    0.000000   -0.585568    0.000132    0.342890    0.134852
  8    0.585555    0.000000   -0.000000    0.342875    0.134847
  9   -0.000000    0.000054    0.624318    0.389773    0.168893
 10    0.338270   -0.000000    0.000000    0.114427    0.059000
 ---------------------------------------------------------------

 -------------------------------------------------------------
 Excitation n.   1:   8.475371 eV  f = 0.0555  <S**2> = 0.0000
 -------------------------------------------------------------
  5 ->   6 =   0.701579

 -------------------------------------------------------------
 Excitation n.   2:  10.436720 eV  f = 0.0376  <S**2> = 0.0000
 -------------------------------------------------------------
  5 ->   7 =   0.694231
  5 ->   9 =  -0.083405
  5 ->  13 =   0.097426

 -------------------------------------------------------------
 Excitation n.   3:  10.436982 eV  f = 0.0376  <S**2> = 0.0000
 -------------------------------------------------------------
  5 ->   8 =   0.694233
  5 ->  10 =  -0.083390
  5 ->  14 =  -0.097426

 -------------------------------------------------------------
 Excitation n.   4:  13.696028 eV  f = 0.3211  <S**2> = 0.0000
 -------------------------------------------------------------
  3 ->   7 =   0.074608
  4 ->   6 =  -0.694361
  4 ->   8 =   0.074642

 -------------------------------------------------------------
 Excitation n.   5:  13.696628 eV  f = 0.3210  <S**2> = 0.0000
 -------------------------------------------------------------
  3 ->   6 =   0.694361
  3 ->   8 =   0.074629
  4 ->   7 =  -0.074623

 -------------------------------------------------------------
 Excitation n.   6:  15.951493 eV  f = 0.0000  <S**2> = 0.0000
 -------------------------------------------------------------
  3 ->   7 =   0.489967
  3 ->   9 =  -0.072757
  4 ->   8 =  -0.491286
  4 ->  10 =   0.072846

 -------------------------------------------------------------
 Excitation n.   7:  16.052624 eV  f = 0.1349  <S**2> = 0.0000
 -------------------------------------------------------------
  3 ->   6 =   0.106040
  3 ->   8 =  -0.488235
  4 ->   7 =   0.488429

 -------------------------------------------------------------
 Excitation n.   8:  16.052653 eV  f = 0.1348  <S**2> = 0.0000
 -------------------------------------------------------------
  3 ->   7 =   0.488995
  4 ->   6 =   0.106040
  4 ->   8 =   0.487669

 -------------------------------------------------------------
 Excitation n.   9:  17.686470 eV  f = 0.1689  <S**2> = 0.0000
 -------------------------------------------------------------
  3 ->   8 =   0.478332
  4 ->   7 =   0.478135
  5 ->  11 =   0.081056
  5 ->  12 =   0.176727

 -------------------------------------------------------------
 Excitation n.  10:  21.045662 eV  f = 0.0590  <S**2> = 0.0000
 -------------------------------------------------------------
  5 ->   7 =  -0.086594
  5 ->   9 =  -0.693703

Thomas-Reiche-Kuhn sum rule =   1.270401

 ---------------------------------------------------------------------------------------------------
  CIS(D) correction 
 ---------------------------------------------------------------------------------------------------
      #             CIS (eV)          CIS(D) (eV)      Correction (eV)
 ---------------------------------------------------------------------------------------------------
      1            8.475371            7.593574           -0.881797
      2           10.436720            9.905940           -0.530779
      3           10.436982            9.906138           -0.530844
      4           13.696028           13.385663           -0.310365
      5           13.696628           13.386146           -0.310482
      6           15.951493           15.615985           -0.335508
      7           16.052624           15.728694           -0.323930
      8           16.052653           15.728714           -0.323939
      9           17.686470           17.085984           -0.600487
     10           21.045662           20.225882           -0.819779
 ---------------------------------------------------------------------------------------------------


 -------------------------------------------------------------
   CIS          calculation: triplet        manifold
 -------------------------------------------------------------
 | State |  Excitation energy (au) |  Excitation energy (eV) |
 -------------------------------------------------------------
 |     1 |                0.280032 |                7.620048 |
 |     2 |                0.351053 |                9.552626 |
 |     3 |                0.351066 |                9.552987 |
 |     4 |                0.445319 |               12.117747 |
 |     5 |                0.445344 |               12.118439 |
 |     6 |                0.485863 |               13.221018 |
 |     7 |                0.554169 |               15.079694 |
 |     8 |                0.554170 |               15.079745 |
 |     9 |                0.581958 |               15.835876 |
 |    10 |                0.731987 |               19.918370 |
 |    11 |                0.732004 |               19.918831 |
 |    12 |                0.804451 |               21.890232 |
 |    13 |                0.841465 |               22.897432 |
 |    14 |                0.878857 |               23.914906 |
 |    15 |                0.878865 |               23.915137 |
 |    16 |                0.909642 |               24.752630 |
 |    17 |                0.935662 |               25.460653 |
 |    18 |                0.974356 |               26.513590 |
 |    19 |                1.013930 |               27.590446 |
 |    20 |                1.013948 |               27.590919 |
 -------------------------------------------------------------

 -------------------------------------------------------------
 Excitation n.   1:   7.620048 eV  f = 0.0000  <S**2> = 2.0000
 -------------------------------------------------------------
  5 ->   6 =   0.696330
  5 ->  11 =   0.093457

 -------------------------------------------------------------
 Excitation n.   2:   9.552626 eV  f = 0.0000  <S**2> = 2.0000
 -------------------------------------------------------------
  5 ->   7 =  -0.680708
  5 ->   9 =   0.131684
  5 ->  13 =  -0.110619

 -------------------------------------------------------------
 Excitation n.   3:   9.552987 eV  f = 0.0000  <S**2> = 2.0000
 -------------------------------------------------------------
  5 ->   8 =  -0.680712
  5 ->  10 =   0.131668
  5 ->  14 =   0.110621

 -------------------------------------------------------------
 Excitation n.   4:  12.117747 eV  f = 0.0000  <S**2> = 2.0000
 -------------------------------------------------------------
  3 ->   7 =  -0.168319
  4 ->   6 =   0.641274
  4 ->   8 =  -0.168328
  4 ->  11 =   0.114103
  5 ->   7 =   0.073011

 -------------------------------------------------------------
 Excitation n.   5:  12.118439 eV  f = 0.0000  <S**2> = 2.0000
 -------------------------------------------------------------
  3 ->   6 =  -0.641268
  3 ->   8 =  -0.168198
  3 ->  11 =  -0.114102
  4 ->   7 =   0.168477
  5 ->   8 =  -0.073000

 -------------------------------------------------------------
 Excitation n.   6:  13.221018 eV  f = 0.0000  <S**2> = 2.0000
 -------------------------------------------------------------
  2 ->   6 =  -0.114193
  3 ->   8 =  -0.467831
  3 ->  10 =   0.102115
  3 ->  14 =   0.097974
  4 ->   7 =  -0.467897
  4 ->   9 =   0.102136
  4 ->  13 =  -0.097974

 -------------------------------------------------------------
 Excitation n.   7:  15.079694 eV  f = 0.0000  <S**2> = 2.0000
 -------------------------------------------------------------
  3 ->   6 =   0.255086
  3 ->   8 =  -0.452075
  3 ->  10 =   0.087037
  4 ->   7 =   0.451901
  4 ->   9 =  -0.087010

 -------------------------------------------------------------
 Excitation n.   8:  15.079745 eV  f = 0.0000  <S**2> = 2.0000
 -------------------------------------------------------------
  3 ->   7 =   0.451952
  3 ->   9 =  -0.087024
  4 ->   6 =   0.255069
  4 ->   8 =   0.452034
  4 ->  10 =  -0.087022

 -------------------------------------------------------------
 Excitation n.   9:  15.835876 eV  f = 0.0000  <S**2> = 2.0000
 -------------------------------------------------------------
  3 ->   7 =  -0.488402
  3 ->   9 =   0.087322
  4 ->   8 =   0.488330
  4 ->  10 =  -0.087289

 -------------------------------------------------------------
 Excitation n.  10:  19.918370 eV  f = 0.0000  <S**2> = 2.0000
 -------------------------------------------------------------
  5 ->   7 =   0.132662
  5 ->   9 =   0.685036

Thomas-Reiche-Kuhn sum rule =   0.000000

 ---------------------------------------------------------------------------------------------------
  CIS(D) correction 
 ---------------------------------------------------------------------------------------------------
      #             CIS (eV)          CIS(D) (eV)      Correction (eV)
 ---------------------------------------------------------------------------------------------------
      1            7.620048            7.034406           -0.585643
      2            9.552626            9.309428           -0.243198
      3            9.552987            9.309694           -0.243293
      4           12.117747           12.289486            0.171739
      5           12.118439           12.290083            0.171644
      6           13.221018           13.631047            0.410028
      7           15.079694           14.894532           -0.185162
      8           15.079745           14.894571           -0.185174
      9           15.835876           15.646799           -0.189077
     10           19.918370           19.414844           -0.503527
 ---------------------------------------------------------------------------------------------------

                                        Total CPU time for CIS =      2.867 seconds


 ***********************************************************
 |  Random phase approximation calculation with exchange   |
 ***********************************************************


 -------------------------------------------------------------
   RPAx@HF      calculation: singlet        manifold
 -------------------------------------------------------------
 | State |  Excitation energy (au) |  Excitation energy (eV) |
 -------------------------------------------------------------
 |     1 |                0.309973 |                8.434801 |
 |     2 |                0.380834 |               10.363021 |
 |     3 |                0.380844 |               10.363292 |
 |     4 |                0.502094 |               13.662685 |
 |     5 |                0.502117 |               13.663287 |
 |     6 |                0.584396 |               15.902234 |
 |     7 |                0.588460 |               16.012799 |
 |     8 |                0.588461 |               16.012831 |
 |     9 |                0.638387 |               17.371406 |
 |    10 |                0.771372 |               20.990110 |
 |    11 |                0.771394 |               20.990687 |
 |    12 |                0.925259 |               25.177586 |
 |    13 |                0.966708 |               26.305466 |
 |    14 |                0.975950 |               26.556965 |
 |    15 |                1.017503 |               27.687676 |
 |    16 |                1.022899 |               27.834488 |
 |    17 |                1.022899 |               27.834495 |
 |    18 |                1.047058 |               28.491911 |
 |    19 |                1.047063 |               28.492043 |
 |    20 |                1.063046 |               28.926958 |
 -------------------------------------------------------------

 ---------------------------------------------------------------
                 Transition dipole moment (au)                  
 ---------------------------------------------------------------
  #           X           Y           Z   dip. str.   osc. str.
 ---------------------------------------------------------------
  1    0.000000   -0.000046    0.510104    0.260206    0.053771
  2    0.358927   -0.000000   -0.000000    0.128828    0.032708
  3   -0.000000   -0.358914   -0.000054    0.128819    0.032707
  4   -0.952444    0.000000    0.000000    0.907150    0.303650
  5   -0.000000   -0.952385    0.000028    0.907036    0.303625
  6    0.000601    0.000000    0.000000    0.000000    0.000000
  7    0.000000   -0.563500    0.000149    0.317532    0.124570
  8    0.563488    0.000000   -0.000000    0.317518    0.124565
  9   -0.000000   -0.000088   -0.580692    0.337203    0.143511
 10    0.315497   -0.000000    0.000000    0.099539    0.051188
 ---------------------------------------------------------------

 -------------------------------------------------------------
 Excitation n.   1:   8.434801 eV  f = 0.0538  <S**2> = 0.0000
 -------------------------------------------------------------
  5 ->   6 =  -0.702123

 -------------------------------------------------------------
 Excitation n.   2:  10.363021 eV  f = 0.0327  <S**2> = 0.0000
 -------------------------------------------------------------
  5 ->   7 =   0.694336
  5 ->   9 =  -0.086934
  5 ->  13 =   0.099449

 -------------------------------------------------------------
 Excitation n.   3:  10.363292 eV  f = 0.0327  <S**2> = 0.0000
 -------------------------------------------------------------
  5 ->   8 =   0.694338
  5 ->  10 =  -0.086919
  5 ->  14 =  -0.099449

 -------------------------------------------------------------
 Excitation n.   4:  13.662685 eV  f = 0.3037  <S**2> = 0.0000
 -------------------------------------------------------------
  3 ->   7 =  -0.075648
  4 ->   6 =   0.694275
  4 ->   8 =  -0.075682

 -------------------------------------------------------------
 Excitation n.   5:  13.663287 eV  f = 0.3036  <S**2> = 0.0000
 -------------------------------------------------------------
  3 ->   6 =  -0.694275
  3 ->   8 =  -0.075665
  4 ->   7 =   0.075666

 -------------------------------------------------------------
 Excitation n.   6:  15.902234 eV  f = 0.0000  <S**2> = 0.0000
 -------------------------------------------------------------
  3 ->   7 =  -0.490140
  3 ->   9 =   0.072947
  4 ->   8 =   0.491320
  4 ->  10 =  -0.073032

 -------------------------------------------------------------
 Excitation n.   7:  16.012799 eV  f = 0.1246  <S**2> = 0.0000
 -------------------------------------------------------------
  3 ->   6 =   0.107355
  3 ->   8 =  -0.488195
  4 ->   7 =   0.488439

 -------------------------------------------------------------
 Excitation n.   8:  16.012831 eV  f = 0.1246  <S**2> = 0.0000
 -------------------------------------------------------------
  3 ->   7 =   0.488911
  4 ->   6 =   0.107355
  4 ->   8 =   0.487723

 -------------------------------------------------------------
 Excitation n.   9:  17.371406 eV  f = 0.1435  <S**2> = 0.0000
 -------------------------------------------------------------
  3 ->   8 =  -0.485605
  4 ->   7 =  -0.485361
  5 ->  12 =  -0.150942

 -------------------------------------------------------------
 Excitation n.  10:  20.990110 eV  f = 0.0512  <S**2> = 0.0000
 -------------------------------------------------------------
  5 ->   7 =  -0.088995
  5 ->   9 =  -0.694982

Thomas-Reiche-Kuhn sum rule =   1.170294


 -------------------------------------------------------------
   RPAx@HF      calculation: triplet        manifold
 -------------------------------------------------------------
 | State |  Excitation energy (au) |  Excitation energy (eV) |
 -------------------------------------------------------------
 |     1 |                0.275018 |                7.483618 |
 |     2 |                0.344748 |                9.381064 |
 |     3 |                0.344762 |                9.381450 |
 |     4 |                0.437030 |               11.892190 |
 |     5 |                0.437056 |               11.892908 |
 |     6 |                0.466485 |               12.693705 |
 |     7 |                0.548692 |               14.930683 |
 |     8 |                0.548694 |               14.930735 |
 |     9 |                0.579626 |               15.772431 |
 |    10 |                0.728584 |               19.825772 |
 |    11 |                0.728600 |               19.826226 |
 |    12 |                0.790947 |               21.522751 |
 |    13 |                0.830675 |               22.603819 |
 |    14 |                0.873166 |               23.760046 |
 |    15 |                0.873175 |               23.760294 |
 |    16 |                0.906326 |               24.662380 |
 |    17 |                0.931584 |               25.349692 |
 |    18 |                0.971353 |               26.431864 |
 |    19 |                1.008583 |               27.444928 |
 |    20 |                1.008601 |               27.445419 |
 -------------------------------------------------------------

 -------------------------------------------------------------
 Excitation n.   1:   7.483618 eV  f = 0.0000  <S**2> = 2.0000
 -------------------------------------------------------------
  5 ->   6 =   0.695214
  5 ->  11 =   0.100019

 -------------------------------------------------------------
 Excitation n.   2:   9.381064 eV  f = 0.0000  <S**2> = 2.0000
 -------------------------------------------------------------
  4 ->   6 =  -0.072721
  5 ->   7 =   0.678281
  5 ->   9 =  -0.137556
  5 ->  13 =   0.114769

 -------------------------------------------------------------
 Excitation n.   3:   9.381450 eV  f = 0.0000  <S**2> = 2.0000
 -------------------------------------------------------------
  3 ->   6 =   0.072701
  5 ->   8 =  -0.678286
  5 ->  10 =   0.137540
  5 ->  14 =   0.114771

 -------------------------------------------------------------
 Excitation n.   4:  11.892190 eV  f = 0.0000  <S**2> = 2.0000
 -------------------------------------------------------------
  2 ->   7 =  -0.072959
  3 ->   7 =   0.178543
  4 ->   6 =  -0.632554
  4 ->   8 =   0.178550
  4 ->  11 =  -0.122014
  5 ->   7 =  -0.090116

 -------------------------------------------------------------
 Excitation n.   5:  11.892908 eV  f = 0.0000  <S**2> = 2.0000
 -------------------------------------------------------------
  2 ->   8 =  -0.072963
  3 ->   6 =  -0.632548
  3 ->   8 =  -0.178341
  3 ->  11 =  -0.122012
  4 ->   7 =   0.178782
  5 ->   8 =  -0.090098

 -------------------------------------------------------------
 Excitation n.   6:  12.693705 eV  f = 0.0000  <S**2> = 2.0000
 -------------------------------------------------------------
  2 ->   6 =   0.122131
  3 ->   8 =   0.463445
  3 ->  10 =  -0.116799
  3 ->  14 =  -0.108458
  4 ->   7 =   0.463412
  4 ->   9 =  -0.116798
  4 ->  13 =   0.108437
  5 ->   6 =   0.071507

 -------------------------------------------------------------
 Excitation n.   7:  14.930683 eV  f = 0.0000  <S**2> = 2.0000
 -------------------------------------------------------------
  3 ->   6 =  -0.272251
  3 ->   8 =   0.446767
  3 ->  10 =  -0.090221
  4 ->   7 =  -0.446623
  4 ->   9 =   0.090195

 -------------------------------------------------------------
 Excitation n.   8:  14.930735 eV  f = 0.0000  <S**2> = 2.0000
 -------------------------------------------------------------
  3 ->   7 =   0.446668
  3 ->   9 =  -0.090210
  4 ->   6 =   0.272234
  4 ->   8 =   0.446732
  4 ->  10 =  -0.090205

 -------------------------------------------------------------
 Excitation n.   9:  15.772431 eV  f = 0.0000  <S**2> = 2.0000
 -------------------------------------------------------------
  3 ->   7 =  -0.488214
  3 ->   9 =   0.089401
  4 ->   8 =   0.488160
  4 ->  10 =  -0.089370

 -------------------------------------------------------------
 Excitation n.  10:  19.825772 eV  f = 0.0000  <S**2> = 2.0000
 -------------------------------------------------------------
  5 ->   7 =  -0.136880
  5 ->   9 =  -0.682983

Thomas-Reiche-Kuhn sum rule =   0.000000


 -------------------------------------------------------------------------------
              Tr@RPAx correlation energy (singlet) =       -0.0880444989
              Tr@RPAx correlation energy (triplet) =       -0.1826327998
              Tr@RPAx correlation energy           =       -0.2706772987
              Tr@RPAx total energy                 =      -56.4664112306
 -------------------------------------------------------------------------------

                                       Total CPU time for RPAx =      0.019 seconds


 ************************************************
 |          One-shot G0W0 calculation           |
 ************************************************


 -------------------------------------------------------------
   RPA@HF       calculation: singlet        manifold
 -------------------------------------------------------------
 | State |  Excitation energy (au) |  Excitation energy (eV) |
 -------------------------------------------------------------
 |     1 |                0.621991 |               16.925241 |
 |     2 |                0.704241 |               19.163386 |
 |     3 |                0.704242 |               19.163412 |
 |     4 |                0.824630 |               22.439333 |
 |     5 |                0.824651 |               22.439907 |
 |     6 |                0.888429 |               24.175383 |
 |     7 |                0.913174 |               24.848718 |
 |     8 |                0.913174 |               24.848719 |
 |     9 |                0.969431 |               26.379567 |
 |    10 |                1.184390 |               32.228905 |
 |    11 |                1.184422 |               32.229753 |
 |    12 |                1.320360 |               35.928813 |
 |    13 |                1.368766 |               37.246019 |
 |    14 |                1.368950 |               37.251014 |
 |    15 |                1.410872 |               38.391791 |
 |    16 |                1.410872 |               38.391794 |
 |    17 |                1.453780 |               39.559368 |
 |    18 |                1.453784 |               39.559488 |
 |    19 |                1.461505 |               39.769575 |
 |    20 |                1.513678 |               41.189281 |
 -------------------------------------------------------------

  *** Quasiparticle energies obtained by linearization *** 

 -------------------------------------------------------------------------------
   One-shot G0W0 calculation
 -------------------------------------------------------------------------------
 |   # |       e_HF (eV) |      Sig_c (eV) |               Z |       e_QP (eV) |
 -------------------------------------------------------------------------------
 |   1 |     -422.774558 |       12.771070 |        0.833048 |     -412.135640 |
 |   2 |      -30.805843 |        2.929623 |        0.879586 |      -28.228988 |
 |   3 |      -16.780059 |        0.448559 |        0.948414 |      -16.354639 |
 |   4 |      -16.779433 |        0.448460 |        0.948415 |      -16.354107 |
 |   5 |      -11.408426 |        0.849294 |        0.946121 |      -10.604891 |
 |   6 |        5.038846 |       -0.426473 |        0.986624 |        4.618078 |
 |   7 |        7.359395 |       -0.414069 |        0.985233 |        6.951440 |
 |   8 |        7.359464 |       -0.414046 |        0.985234 |        6.951532 |
 |   9 |       19.908489 |       -1.126408 |        0.967717 |       18.818446 |
 |  10 |       19.909288 |       -1.126406 |        0.967717 |       18.819246 |
 |  11 |       24.015283 |       -1.865276 |        0.936890 |       22.267725 |
 |  12 |       26.893777 |       -1.373353 |        0.912757 |       25.640240 |
 |  13 |       29.203209 |       -2.115686 |        0.904927 |       27.288668 |
 |  14 |       29.203275 |       -2.115674 |        0.904931 |       27.288737 |
 |  15 |       35.874353 |       -1.305356 |        0.961690 |       34.619006 |
 |  16 |       35.874835 |       -1.305377 |        0.961688 |       34.619470 |
 |  17 |       36.020258 |       -1.251673 |        0.933181 |       34.852221 |
 |  18 |       47.995663 |       -2.010109 |        0.698067 |       46.592472 |
 |  19 |       51.211499 |       -1.687440 |        0.362885 |       50.599152 |
 |  20 |       53.308358 |       -2.194963 |        0.699440 |       51.773114 |
 |  21 |       53.308404 |       -2.194983 |        0.699534 |       51.772938 |
 |  22 |       62.852996 |       -9.073602 |        0.011932 |       62.744728 |
 |  23 |       62.854764 |       -9.221319 |        0.011406 |       62.749585 |
 |  24 |       69.396172 |       -2.253226 |        0.357815 |       68.589933 |
 |  25 |       77.055323 |       -3.678456 |        0.010395 |       77.017085 |
 |  26 |       77.055477 |       -3.696453 |        0.010028 |       77.018408 |
 |  27 |       80.794851 |        0.683043 |        0.031131 |       80.816115 |
 |  28 |       90.135413 |        1.418620 |        0.077127 |       90.244827 |
 |  29 |       90.135936 |        1.416352 |        0.076848 |       90.244779 |
 |  30 |      121.652632 |        8.118772 |        0.002166 |      121.670221 |
 -------------------------------------------------------------------------------
          G0W0 HOMO      energy:     -10.604891 eV
          G0W0 LUMO      energy:       4.618078 eV
          G0W0 HOMO-LUMO gap   :      15.222969 eV
 -------------------------------------------------------------------------------
    RPA@G0W0 total energy      :     -56.432795 au
    RPA@G0W0 correlation energy:      -0.237062 au
    GM@G0W0  total energy      :     -56.609513 au
    GM@G0W0  correlation energy:      -0.413779 au
 -------------------------------------------------------------------------------


 -------------------------------------------------------------
   BSE@GW       calculation: singlet        manifold
 -------------------------------------------------------------
 | State |  Excitation energy (au) |  Excitation energy (eV) |
 -------------------------------------------------------------
 |     1 |                0.289518 |                7.878186 |
 |     2 |                0.373282 |               10.157514 |
 |     3 |                0.373290 |               10.157728 |
 |     4 |                0.497557 |               13.539211 |
 |     5 |                0.497575 |               13.539717 |
 |     6 |                0.580605 |               15.799080 |
 |     7 |                0.585740 |               15.938804 |
 |     8 |                0.585741 |               15.938814 |
 |     9 |                0.633314 |               17.233363 |
 |    10 |                0.740272 |               20.143819 |
 |    11 |                0.740297 |               20.144502 |
 |    12 |                0.875320 |               23.818657 |
 |    13 |                0.943792 |               25.681901 |
 |    14 |                0.946791 |               25.763491 |
 |    15 |                0.979420 |               26.651387 |
 |    16 |                0.995812 |               27.097420 |
 |    17 |                0.995812 |               27.097429 |
 |    18 |                1.027765 |               27.966909 |
 |    19 |                1.027768 |               27.966999 |
 |    20 |                1.036099 |               28.193691 |
 -------------------------------------------------------------

 ---------------------------------------------------------------
                 Transition dipole moment (au)                  
 ---------------------------------------------------------------
  #           X           Y           Z   dip. str.   osc. str.
 ---------------------------------------------------------------
  1   -0.000000   -0.000041    0.502692    0.252700    0.048774
  2    0.346329    0.000000    0.000000    0.119944    0.029848
  3    0.000000   -0.346312   -0.000042    0.119932    0.029846
  4   -0.856691    0.000000    0.000000    0.733920    0.243444
  5   -0.000000   -0.856628    0.000018    0.733811    0.243418
  6   -0.000509   -0.000000    0.000000    0.000000    0.000000
  7   -0.000000   -0.595818    0.000134    0.355000    0.138625
  8   -0.595800    0.000000   -0.000000    0.354978    0.138617
  9    0.000000    0.000082    0.537706    0.289128    0.122073
 10   -0.333208    0.000000   -0.000000    0.111027    0.054794
 ---------------------------------------------------------------

 -------------------------------------------------------------
 Excitation n.   1:   7.878186 eV  f = 0.0488  <S**2> = 0.0000
 -------------------------------------------------------------
  5 ->   6 =  -0.705323

 -------------------------------------------------------------
 Excitation n.   2:  10.157514 eV  f = 0.0298  <S**2> = 0.0000
 -------------------------------------------------------------
  5 ->   7 =   0.702606

 -------------------------------------------------------------
 Excitation n.   3:  10.157728 eV  f = 0.0298  <S**2> = 0.0000
 -------------------------------------------------------------
  5 ->   8 =   0.702607

 -------------------------------------------------------------
 Excitation n.   4:  13.539211 eV  f = 0.2434  <S**2> = 0.0000
 -------------------------------------------------------------
  4 ->   6 =   0.704045

 -------------------------------------------------------------
 Excitation n.   5:  13.539717 eV  f = 0.2434  <S**2> = 0.0000
 -------------------------------------------------------------
  3 ->   6 =  -0.704045

 -------------------------------------------------------------
 Excitation n.   6:  15.799080 eV  f = 0.0000  <S**2> = 0.0000
 -------------------------------------------------------------
  3 ->   7 =   0.495053
  4 ->   8 =  -0.496008

 -------------------------------------------------------------
 Excitation n.   7:  15.938804 eV  f = 0.1386  <S**2> = 0.0000
 -------------------------------------------------------------
  3 ->   8 =  -0.496105
  4 ->   7 =   0.496338

 -------------------------------------------------------------
 Excitation n.   8:  15.938814 eV  f = 0.1386  <S**2> = 0.0000
 -------------------------------------------------------------
  3 ->   7 =  -0.496697
  4 ->   8 =  -0.495744

 -------------------------------------------------------------
 Excitation n.   9:  17.233363 eV  f = 0.1221  <S**2> = 0.0000
 -------------------------------------------------------------
  3 ->   8 =   0.491331
  4 ->   7 =   0.491096
  5 ->  12 =   0.118540

 -------------------------------------------------------------
 Excitation n.  10:  20.143819 eV  f = 0.0548  <S**2> = 0.0000
 -------------------------------------------------------------
  5 ->   9 =   0.698520

Thomas-Reiche-Kuhn sum rule =   1.049439


 *** dynamical TDA activated ***

 ---------------------------------------------------------------------------------------------------
  First-order dynamical correction to static Bethe-Salpeter excitation energies                     
 ---------------------------------------------------------------------------------------------------
  BSE neutral excitation must be lower than the GW gap =  15.222969 eV
 ---------------------------------------------------------------------------------------------------
      #          Static (eV)         Dynamic (eV)      Correction (eV)         Renorm. (eV)
 ---------------------------------------------------------------------------------------------------
      1            7.878186            7.774081           -0.104105            1.009596
      2           10.157514           10.009125           -0.148389            1.012693
      3           10.157728           10.009349           -0.148379            1.012692
      4           13.539211           13.430091           -0.109120            1.010263
      5           13.539717           13.430597           -0.109120            1.010263
      6           15.799080           15.679805           -0.119275            1.009150
      7           15.938804           15.818780           -0.120023            1.010725
      8           15.938814           15.818793           -0.120022            1.010725
      9           17.233363           17.133853           -0.099510            1.012148
     10           20.143819           19.922623           -0.221195            1.016757
 ---------------------------------------------------------------------------------------------------


 -------------------------------------------------------------
   BSE@GW       calculation: triplet        manifold
 -------------------------------------------------------------
 | State |  Excitation energy (au) |  Excitation energy (eV) |
 -------------------------------------------------------------
 |     1 |                0.262503 |                7.143067 |
 |     2 |                0.346891 |                9.439380 |
 |     3 |                0.346902 |                9.439683 |
 |     4 |                0.451287 |               12.280138 |
 |     5 |                0.451309 |               12.280735 |
 |     6 |                0.504023 |               13.715156 |
 |     7 |                0.551965 |               15.019728 |
 |     8 |                0.551966 |               15.019764 |
 |     9 |                0.577017 |               15.701440 |
 |    10 |                0.700756 |               19.068555 |
 |    11 |                0.700778 |               19.069139 |
 |    12 |                0.807992 |               21.986569 |
 |    13 |                0.845820 |               23.015928 |
 |    14 |                0.872286 |               23.736099 |
 |    15 |                0.872292 |               23.736279 |
 |    16 |                0.877549 |               23.879322 |
 |    17 |                0.907678 |               24.699170 |
 |    18 |                0.913497 |               24.857532 |
 |    19 |                0.970894 |               26.419373 |
 |    20 |                0.970908 |               26.419749 |
 -------------------------------------------------------------

 -------------------------------------------------------------
 Excitation n.   1:   7.143067 eV  f = 0.0000  <S**2> = 2.0000
 -------------------------------------------------------------
  5 ->   6 =  -0.702025

 -------------------------------------------------------------
 Excitation n.   2:   9.439380 eV  f = 0.0000  <S**2> = 2.0000
 -------------------------------------------------------------
  5 ->   7 =  -0.694145
  5 ->   9 =   0.099451

 -------------------------------------------------------------
 Excitation n.   3:   9.439683 eV  f = 0.0000  <S**2> = 2.0000
 -------------------------------------------------------------
  5 ->   8 =   0.694148
  5 ->  10 =  -0.099436

 -------------------------------------------------------------
 Excitation n.   4:  12.280138 eV  f = 0.0000  <S**2> = 2.0000
 -------------------------------------------------------------
  3 ->   7 =  -0.129700
  4 ->   6 =   0.670561
  4 ->   8 =  -0.129707
  4 ->  11 =   0.086643

 -------------------------------------------------------------
 Excitation n.   5:  12.280735 eV  f = 0.0000  <S**2> = 2.0000
 -------------------------------------------------------------
  3 ->   6 =  -0.670560
  3 ->   8 =  -0.129628
  3 ->  11 =  -0.086642
  4 ->   7 =   0.129790

 -------------------------------------------------------------
 Excitation n.   6:  13.715156 eV  f = 0.0000  <S**2> = 2.0000
 -------------------------------------------------------------
  2 ->   6 =   0.098356
  3 ->   8 =   0.481441
  3 ->  10 =  -0.082281
  3 ->  14 =  -0.071049
  4 ->   7 =   0.481647
  4 ->   9 =  -0.082321
  4 ->  13 =   0.071065

 -------------------------------------------------------------
 Excitation n.   7:  15.019728 eV  f = 0.0000  <S**2> = 2.0000
 -------------------------------------------------------------
  3 ->   6 =  -0.192995
  3 ->   8 =   0.473107
  4 ->   7 =  -0.472850

 -------------------------------------------------------------
 Excitation n.   8:  15.019764 eV  f = 0.0000  <S**2> = 2.0000
 -------------------------------------------------------------
  3 ->   7 =   0.472928
  4 ->   6 =   0.192989
  4 ->   8 =   0.473032

 -------------------------------------------------------------
 Excitation n.   9:  15.701440 eV  f = 0.0000  <S**2> = 2.0000
 -------------------------------------------------------------
  3 ->   7 =   0.493951
  4 ->   8 =  -0.493854

 -------------------------------------------------------------
 Excitation n.  10:  19.068555 eV  f = 0.0000  <S**2> = 2.0000
 -------------------------------------------------------------
  5 ->   7 =  -0.098041
  5 ->   9 =  -0.695607

Thomas-Reiche-Kuhn sum rule =   0.000000


 *** dynamical TDA activated ***

 ---------------------------------------------------------------------------------------------------
  First-order dynamical correction to static Bethe-Salpeter excitation energies                     
 ---------------------------------------------------------------------------------------------------
  BSE neutral excitation must be lower than the GW gap =  15.222969 eV
 ---------------------------------------------------------------------------------------------------
      #          Static (eV)         Dynamic (eV)      Correction (eV)         Renorm. (eV)
 ---------------------------------------------------------------------------------------------------
      1            7.143067            6.995376           -0.147691            1.010535
      2            9.439380            9.231686           -0.207694            1.014212
      3            9.439683            9.232006           -0.207677            1.014211
      4           12.280138           12.059921           -0.220218            1.013630
      5           12.280735           12.060521           -0.220214            1.013630
      6           13.715156           13.369128           -0.346028            1.018890
      7           15.019728           14.851581           -0.168147            1.010844
      8           15.019764           14.851620           -0.168144            1.010844
      9           15.701440           15.572589           -0.128851            1.009448
     10           19.068555           18.811260           -0.257296            1.015714
 ---------------------------------------------------------------------------------------------------


 -------------------------------------------------------------------------------
          Tr@BSE@G0W0 correlation energy (singlet) =       -0.1880817391
          Tr@BSE@G0W0 correlation energy (triplet) =       -0.0459997972
          Tr@BSE@G0W0 correlation energy           =       -0.2340815364
          Tr@BSE@G0W0 total energy                 =      -56.4298154682
 -------------------------------------------------------------------------------

                                       Total CPU time for G0W0 =      0.355 seconds


 ************************************************
 |          One-shot G0T0 calculation           |
 ************************************************


 -------------------------------------------------------------
   pp-RPA (N+2) calculation: alpha-beta     manifold
 -------------------------------------------------------------
 | State |  Excitation energy (au) |  Excitation energy (eV) |
 -------------------------------------------------------------
 |     1 |                0.603533 |               16.422977 |
 |     2 |                0.653295 |               17.777068 |
 |     3 |                0.653296 |               17.777094 |
 |     4 |                0.707946 |               19.264199 |
 |     5 |                0.707947 |               19.264230 |
 |     6 |                0.741991 |               20.190609 |
 |     7 |                0.853450 |               23.223547 |
 |     8 |                0.853456 |               23.223710 |
 |     9 |                0.875215 |               23.815805 |
 |    10 |                1.186305 |               32.281004 |
 |    11 |                1.186335 |               32.281829 |
 |    12 |                1.199731 |               32.646333 |
 |    13 |                1.199761 |               32.647148 |
 |    14 |                1.256677 |               34.195928 |
 |    15 |                1.257532 |               34.219192 |
 |    16 |                1.263604 |               34.384408 |
 |    17 |                1.263607 |               34.384510 |
 |    18 |                1.265018 |               34.422891 |
 |    19 |                1.282405 |               34.896019 |
 |    20 |                1.283974 |               34.938699 |
 -------------------------------------------------------------


 -------------------------------------------------------------
   pp-RPA (N-2) calculation: alpha-beta     manifold
 -------------------------------------------------------------
 | State |  Excitation energy (au) |  Excitation energy (eV) |
 -------------------------------------------------------------
 |     1 |              -35.208581 |             -958.074301 |
 |     2 |              -17.581776 |             -478.424505 |
 |     3 |              -17.495818 |             -476.085460 |
 |     4 |              -16.911934 |             -460.197165 |
 |     5 |              -16.911899 |             -460.196208 |
 |     6 |              -16.883537 |             -459.424455 |
 |     7 |              -16.883503 |             -459.423518 |
 |     8 |              -16.830509 |             -457.981473 |
 |     9 |              -16.785768 |             -456.764017 |
 |    10 |               -2.928293 |              -79.682899 |
 |    11 |               -2.461051 |              -66.968595 |
 |    12 |               -2.461009 |              -66.967478 |
 |    13 |               -2.227624 |              -60.616749 |
 |    14 |               -2.196596 |              -59.772434 |
 |    15 |               -2.196571 |              -59.771735 |
 |    16 |               -2.033445 |              -55.332860 |
 |    17 |               -1.819006 |              -49.497661 |
 |    18 |               -1.762518 |              -47.960568 |
 |    19 |               -1.762512 |              -47.960391 |
 |    20 |               -1.693963 |              -46.095078 |
 -------------------------------------------------------------


 -------------------------------------------------------------
   pp-RPA (N+2) calculation: alpha-alpha    manifold
 -------------------------------------------------------------
 | State |  Excitation energy (au) |  Excitation energy (eV) |
 -------------------------------------------------------------
 |     1 |                0.653295 |               17.777068 |
 |     2 |                0.653296 |               17.777094 |
 |     3 |                0.741991 |               20.190609 |
 |     4 |                1.186305 |               32.281004 |
 |     5 |                1.186335 |               32.281829 |
 |     6 |                1.257532 |               34.219192 |
 |     7 |                1.263604 |               34.384408 |
 |     8 |                1.263607 |               34.384510 |
 |     9 |                1.265018 |               34.422891 |
 |    10 |                1.356590 |               36.914695 |
 |    11 |                1.436332 |               39.084594 |
 |    12 |                1.436333 |               39.084618 |
 |    13 |                1.437271 |               39.110124 |
 |    14 |                1.517623 |               41.296616 |
 |    15 |                1.517623 |               41.296636 |
 |    16 |                1.538099 |               41.853801 |
 |    17 |                1.538101 |               41.853861 |
 |    18 |                1.602498 |               43.606183 |
 |    19 |                1.602506 |               43.606412 |
 |    20 |                1.611529 |               43.851931 |
 -------------------------------------------------------------


 -------------------------------------------------------------
   pp-RPA (N-2) calculation: alpha-alpha    manifold
 -------------------------------------------------------------
 | State |  Excitation energy (au) |  Excitation energy (eV) |
 -------------------------------------------------------------
 |     1 |              -17.495818 |             -476.085460 |
 |     2 |              -16.883537 |             -459.424455 |
 |     3 |              -16.883503 |             -459.423518 |
 |     4 |              -16.785768 |             -456.764017 |
 |     5 |               -2.196596 |              -59.772434 |
 |     6 |               -2.196571 |              -59.771735 |
 |     7 |               -2.033445 |              -55.332860 |
 |     8 |               -1.693963 |              -46.095078 |
 |     9 |               -1.526886 |              -41.548690 |
 |    10 |               -1.526858 |              -41.547924 |
 -------------------------------------------------------------

 -------------------------------------------------------------------------------
   One-shot G0T0 calculation (T-matrix self-energy)  
 -------------------------------------------------------------------------------
 |   # |       e_HF (eV) |    Sigma_T (eV) |               Z |       e_QP (eV) |
 -------------------------------------------------------------------------------
 |   1 |     -422.774558 |       15.122317 |        0.810145 |     -410.523292 |
 |   2 |      -30.805843 |        2.348564 |        0.937424 |      -28.604242 |
 |   3 |      -16.780059 |        0.851497 |        0.960682 |      -15.962041 |
 |   4 |      -16.779433 |        0.851397 |        0.960684 |      -15.961510 |
 |   5 |      -11.408426 |        1.276126 |        0.953067 |      -10.192192 |
 |   6 |        5.038846 |       -0.557166 |        0.987306 |        4.488753 |
 |   7 |        7.359395 |       -0.509200 |        0.986939 |        6.856845 |
 |   8 |        7.359464 |       -0.509164 |        0.986940 |        6.856950 |
 |   9 |       19.908489 |       -1.135945 |        0.975110 |       18.800818 |
 |  10 |       19.909288 |       -1.135971 |        0.975110 |       18.801592 |
 |  11 |       24.015283 |       -1.781331 |        0.958208 |       22.308397 |
 |  12 |       26.893777 |       -1.578709 |        0.946665 |       25.399268 |
 |  13 |       29.203209 |        3.785375 |        0.002949 |       29.214372 |
 |  14 |       29.203275 |        3.753648 |        0.002980 |       29.214462 |
 |  15 |       35.874353 |       -1.396304 |        0.948053 |       34.550582 |
 |  16 |       35.874835 |       -1.396320 |        0.947976 |       34.551157 |
 |  17 |       36.020258 |       -8.631977 |        0.003296 |       35.991811 |
 |  18 |       47.995663 |       -1.664204 |        0.851594 |       46.578437 |
 |  19 |       51.211499 |       -1.839197 |        0.139639 |       50.954675 |
 |  20 |       53.308358 |       -1.586117 |        0.434510 |       52.619174 |
 |  21 |       53.308404 |       -1.586264 |        0.434205 |       52.619640 |
 |  22 |       62.852996 |       -1.783080 |        0.081715 |       62.707291 |
 |  23 |       62.854764 |       -1.797789 |        0.081650 |       62.707975 |
 |  24 |       69.396172 |       -1.285145 |        0.183357 |       69.160532 |
 |  25 |       77.055323 |       -3.745140 |        0.032319 |       76.934284 |
 |  26 |       77.055477 |       -3.768641 |        0.030831 |       76.939286 |
 |  27 |       80.794851 |       -1.637815 |        0.255798 |       80.375901 |
 |  28 |       90.135413 |       -0.241956 |        0.011616 |       90.132602 |
 |  29 |       90.135936 |       -0.285169 |        0.012461 |       90.132382 |
 |  30 |      121.652632 |       -3.074189 |        0.461651 |      120.233430 |
 -------------------------------------------------------------------------------
             G0T0 HOMO      energy (eV)            =     -10.192192 eV
             G0T0 LUMO      energy (eV)            =       4.488753 eV
             G0T0 HOMO-LUMO gap    (eV)            =      14.680944 eV
 -------------------------------------------------------------------------------
        Tr@ppRPA@G0T0 correlation energy (singlet) =       -0.0918185055 au
        Tr@ppRPA@G0T0 correlation energy (triplet) =       -0.0524197445 au
        Tr@ppRPA@G0T0 correlation energy           =       -0.1442382501 au
        Tr@ppRPA@G0T0 total energy                 =      -56.3399721819 au
              GM@G0T0 correlation energy           =       -0.2432678873 au
              GM@G0T0 total energy                 =      -56.4390018191 au
 -------------------------------------------------------------------------------


 -------------------------------------------------------------
   BSE@GT       calculation: singlet        manifold
 -------------------------------------------------------------
 | State |  Excitation energy (au) |  Excitation energy (eV) |
 -------------------------------------------------------------
 |     1 |                0.250211 |                6.808601 |
 |     2 |                0.328966 |                8.951617 |
 |     3 |                0.328976 |                8.951902 |
 |     4 |                0.462509 |               12.585501 |
 |     5 |                0.462526 |               12.585984 |
 |     6 |                0.548047 |               14.913107 |
 |     7 |                0.549536 |               14.953631 |
 |     8 |                0.549537 |               14.953659 |
 |     9 |                0.592540 |               16.123824 |
 |    10 |                0.691571 |               18.818595 |
 |    11 |                0.691591 |               18.819151 |
 |    12 |                0.824290 |               22.430083 |
 |    13 |                0.897158 |               24.412901 |
 |    14 |                0.900297 |               24.498335 |
 |    15 |                0.921759 |               25.082332 |
 |    16 |                0.957876 |               26.065131 |
 |    17 |                0.957876 |               26.065133 |
 |    18 |                0.976607 |               26.574821 |
 |    19 |                1.001669 |               27.256810 |
 |    20 |                1.001677 |               27.257025 |
 -------------------------------------------------------------

 ---------------------------------------------------------------
                 Transition dipole moment (au)                  
 ---------------------------------------------------------------
  #           X           Y           Z   dip. str.   osc. str.
 ---------------------------------------------------------------
  1   -0.000000   -0.000044    0.508806    0.258883    0.043184
  2   -0.352566   -0.000000   -0.000000    0.124303    0.027261
  3   -0.000000    0.352553    0.000049    0.124294    0.027260
  4    0.917519   -0.000000   -0.000000    0.841841    0.259572
  5   -0.000000   -0.917447    0.000023    0.841709    0.259542
  6    0.001291    0.000000    0.000000    0.000002    0.000001
  7    0.000000    0.605054   -0.000160    0.366091    0.134120
  8    0.605035   -0.000000    0.000000    0.366067    0.134112
  9   -0.000000    0.000093    0.592599    0.351173    0.138723
 10   -0.357742    0.000000   -0.000000    0.127979    0.059004
 ---------------------------------------------------------------

 -------------------------------------------------------------
 Excitation n.   1:   6.808601 eV  f = 0.0432  <S**2> = 0.0000
 -------------------------------------------------------------
  5 ->   6 =  -0.701876

 -------------------------------------------------------------
 Excitation n.   2:   8.951617 eV  f = 0.0273  <S**2> = 0.0000
 -------------------------------------------------------------
  5 ->   7 =  -0.695027
  5 ->   9 =   0.086795
  5 ->  13 =  -0.086986

 -------------------------------------------------------------
 Excitation n.   3:   8.951902 eV  f = 0.0273  <S**2> = 0.0000
 -------------------------------------------------------------
  5 ->   8 =  -0.695030
  5 ->  10 =   0.086779
  5 ->  14 =   0.086987

 -------------------------------------------------------------
 Excitation n.   4:  12.585501 eV  f = 0.2596  <S**2> = 0.0000
 -------------------------------------------------------------
  4 ->   6 =  -0.698366

 -------------------------------------------------------------
 Excitation n.   5:  12.585984 eV  f = 0.2595  <S**2> = 0.0000
 -------------------------------------------------------------
  3 ->   6 =  -0.698367

 -------------------------------------------------------------
 Excitation n.   6:  14.913107 eV  f = 0.0000  <S**2> = 0.0000
 -------------------------------------------------------------
  3 ->   7 =  -0.490472
  3 ->   9 =   0.072876
  4 ->   8 =   0.492684
  4 ->  10 =  -0.073014

 -------------------------------------------------------------
 Excitation n.   7:  14.953631 eV  f = 0.1341  <S**2> = 0.0000
 -------------------------------------------------------------
  3 ->   6 =  -0.071058
  3 ->   8 =   0.491405
  4 ->   7 =  -0.491654

 -------------------------------------------------------------
 Excitation n.   8:  14.953659 eV  f = 0.1341  <S**2> = 0.0000
 -------------------------------------------------------------
  3 ->   7 =   0.492634
  4 ->   6 =   0.071066
  4 ->   8 =   0.490422

 -------------------------------------------------------------
 Excitation n.   9:  16.123824 eV  f = 0.1387  <S**2> = 0.0000
 -------------------------------------------------------------
  3 ->   8 =   0.482674
  4 ->   7 =   0.482421
  5 ->  11 =   0.072879
  5 ->  12 =   0.160494

 -------------------------------------------------------------
 Excitation n.  10:  18.818595 eV  f = 0.0590  <S**2> = 0.0000
 -------------------------------------------------------------
  5 ->   7 =   0.087885
  5 ->   9 =   0.693457

Thomas-Reiche-Kuhn sum rule =   1.082778


 *** dynamical TDA activated ***

 ---------------------------------------------------------------------------------------------------
  First-order dynamical correction to static Bethe-Salpeter excitation energies                     
 ---------------------------------------------------------------------------------------------------
  BSE neutral excitation must be lower than the GT gap =  14.680944 eV
 ---------------------------------------------------------------------------------------------------
      #          Static (eV)         Dynamic (eV)      Correction (eV)         Renorm. (eV)
 ---------------------------------------------------------------------------------------------------
      1            6.808601            6.788772           -0.019828            1.001353
      2            8.951617            8.907852           -0.043765            1.003728
      3            8.951902            8.908141           -0.043761            1.003727
      4           12.585501           12.519640           -0.065861            1.003653
      5           12.585984           12.520128           -0.065856            1.003653
      6           14.913107           14.867217           -0.045890            1.004301
      7           14.953631           14.908625           -0.045005            1.004088
      8           14.953659           14.908654           -0.045005            1.004088
      9           16.123824           16.070143           -0.053681            0.995778
     10           18.818595           18.817442           -0.001153            1.001457
 ---------------------------------------------------------------------------------------------------


 -------------------------------------------------------------
   BSE@GT       calculation: triplet        manifold
 -------------------------------------------------------------
 | State |  Excitation energy (au) |  Excitation energy (eV) |
 -------------------------------------------------------------
 |     1 |                0.224069 |                6.097224 |
 |     2 |                0.302225 |                8.223970 |
 |     3 |                0.302239 |                8.224337 |
 |     4 |                0.403819 |               10.988482 |
 |     5 |                0.403842 |               10.989088 |
 |     6 |                0.452490 |               12.312888 |
 |     7 |                0.517145 |               14.072244 |
 |     8 |                0.517147 |               14.072290 |
 |     9 |                0.543706 |               14.795003 |
 |    10 |                0.653399 |               17.779888 |
 |    11 |                0.653415 |               17.780328 |
 |    12 |                0.730146 |               19.868282 |
 |    13 |                0.783839 |               21.329335 |
 |    14 |                0.817996 |               22.258816 |
 |    15 |                0.818003 |               22.259007 |
 |    16 |                0.823670 |               22.413209 |
 |    17 |                0.873990 |               23.782492 |
 |    18 |                0.883637 |               24.044997 |
 |    19 |                0.934099 |               25.418141 |
 |    20 |                0.934116 |               25.418601 |
 -------------------------------------------------------------

 -------------------------------------------------------------
 Excitation n.   1:   6.097224 eV  f = 0.0000  <S**2> = 2.0000
 -------------------------------------------------------------
  5 ->   6 =   0.697580
  5 ->  11 =   0.091370

 -------------------------------------------------------------
 Excitation n.   2:   8.223970 eV  f = 0.0000  <S**2> = 2.0000
 -------------------------------------------------------------
  5 ->   7 =   0.683041
  5 ->   9 =  -0.133641
  5 ->  13 =   0.095722

 -------------------------------------------------------------
 Excitation n.   3:   8.224337 eV  f = 0.0000  <S**2> = 2.0000
 -------------------------------------------------------------
  5 ->   8 =   0.683045
  5 ->  10 =  -0.133624
  5 ->  14 =  -0.095724

 -------------------------------------------------------------
 Excitation n.   4:  10.988482 eV  f = 0.0000  <S**2> = 2.0000
 -------------------------------------------------------------
  2 ->   7 =   0.073379
  3 ->   7 =  -0.164941
  4 ->   6 =   0.642643
  4 ->   8 =  -0.164944
  4 ->  11 =   0.116219
  5 ->   7 =   0.075437

 -------------------------------------------------------------
 Excitation n.   5:  10.989088 eV  f = 0.0000  <S**2> = 2.0000
 -------------------------------------------------------------
  2 ->   8 =  -0.073383
  3 ->   6 =  -0.642640
  3 ->   8 =  -0.164845
  3 ->  11 =  -0.116219
  4 ->   7 =   0.165060
  5 ->   8 =  -0.075428

 -------------------------------------------------------------
 Excitation n.   6:  12.312888 eV  f = 0.0000  <S**2> = 2.0000
 -------------------------------------------------------------
  2 ->   6 =  -0.124540
  3 ->   8 =  -0.468892
  3 ->  10 =   0.104808
  3 ->  14 =   0.087506
  4 ->   7 =  -0.468979
  4 ->   9 =   0.104833
  4 ->  13 =  -0.087509

 -------------------------------------------------------------
 Excitation n.   7:  14.072244 eV  f = 0.0000  <S**2> = 2.0000
 -------------------------------------------------------------
  3 ->   6 =  -0.252206
  3 ->   8 =   0.453668
  3 ->  10 =  -0.089672
  4 ->   7 =  -0.453498
  4 ->   9 =   0.089645

 -------------------------------------------------------------
 Excitation n.   8:  14.072290 eV  f = 0.0000  <S**2> = 2.0000
 -------------------------------------------------------------
  3 ->   7 =   0.453575
  3 ->   9 =  -0.089664
  4 ->   6 =   0.252195
  4 ->   8 =   0.453598
  4 ->  10 =  -0.089652

 -------------------------------------------------------------
 Excitation n.   9:  14.795003 eV  f = 0.0000  <S**2> = 2.0000
 -------------------------------------------------------------
  3 ->   7 =   0.489522
  3 ->   9 =  -0.086675
  4 ->   8 =  -0.489507
  4 ->  10 =   0.086652

 -------------------------------------------------------------
 Excitation n.  10:  17.779888 eV  f = 0.0000  <S**2> = 2.0000
 -------------------------------------------------------------
  5 ->   7 =  -0.132639
  5 ->   9 =  -0.687971

Thomas-Reiche-Kuhn sum rule =   0.000000


 *** dynamical TDA activated ***

 ---------------------------------------------------------------------------------------------------
  First-order dynamical correction to static Bethe-Salpeter excitation energies                     
 ---------------------------------------------------------------------------------------------------
  BSE neutral excitation must be lower than the GT gap =  14.680944 eV
 ---------------------------------------------------------------------------------------------------
      #          Static (eV)         Dynamic (eV)      Correction (eV)         Renorm. (eV)
 ---------------------------------------------------------------------------------------------------
      1            6.097224            6.048290           -0.048934            1.003483
      2            8.223970            8.144869           -0.079101            1.005567
      3            8.224337            8.145243           -0.079094            1.005566
      4           10.988482           10.921533           -0.066949            1.003311
      5           10.989088           10.922142           -0.066946            1.003311
      6           12.312888           12.194228           -0.118659            1.005908
      7           14.072244           14.008559           -0.063685            1.004672
      8           14.072290           14.008607           -0.063683            1.004672
      9           14.795003           14.735535           -0.059468            1.004714
     10           17.779888           17.765997           -0.013891            1.002102
 ---------------------------------------------------------------------------------------------------


 -------------------------------------------------------------------------------
          Tr@BSE@G0T0 correlation energy (singlet) =       -0.0546162008 au
          Tr@BSE@G0T0 correlation energy (triplet) =       -0.0296179339 au
          Tr@BSE@G0T0 correlation energy           =       -0.0842341348 au
          Tr@BSE@G0T0 total energy                 =      -56.2799680666 au
 -------------------------------------------------------------------------------

                                       Total CPU time for G0T0 =      6.137 seconds

                                      Total CPU time for QuAcK =     11.563 seconds

